[1;37m[INFO]  Initializing DPDK. This will take a few seconds...[0m
EAL: Probing VFIO support...
EAL: PCI device 0000:18:00.0 on NUMA socket 0
EAL:   probe driver: 8086:10fb net_ixgbe
EAL: PCI device 0000:18:00.1 on NUMA socket 0
EAL:   probe driver: 8086:10fb net_ixgbe
EAL: PCI device 0000:62:00.0 on NUMA socket 0
EAL:   probe driver: 8086:37d2 net_i40e
EAL: PCI device 0000:62:00.1 on NUMA socket 0
EAL:   probe driver: 8086:37d2 net_i40e
[1;37m[INFO]  Found 3 usable devices:[0m
   Device 0: 00:1B:21:BE:39:14 ([0;32mIntel Corporation 82599ES 10-Gigabit SFI/SFP+ Network Connection[0m)
   Device 1: 00:1B:21:BE:39:16 ([0;32mIntel Corporation 82599ES 10-Gigabit SFI/SFP+ Network Connection[0m)
   Device 2: AC:1F:6B:B9:35:91 ([0;32mIntel Corporation Ethernet Connection X722 for 10GBASE-T[0m)
PMD: ixgbe_dev_link_status_print():  Port 0: Link Down
PMD: ixgbe_dev_link_status_print():  Port 1: Link Down
[1;37m[INFO]  Waiting for devices to come up...[0m
[1;37m[INFO]  Device 0 (00:1B:21:BE:39:14) is up: 10000 MBit/s[0m
[1;37m[INFO]  Device 1 (00:1B:21:BE:39:16) is up: 10000 MBit/s[0m
[1;37m[INFO]  [0;32m2 devices are up.[0m[0m
[1;37m[INFO]  Trying to enable rx timestamping of all packets, this isn't supported by most nics[0m
[0;34m[Device: id=0] TX[0m: 0.4889 Mpps, 4021.10 Mbit/s (4099.33 Mbit/s with framing)
[1;36m[Device: id=1] RX[0m: 0.4976 Mpps, 4092.33 Mbit/s (4171.95 Mbit/s with framing)
[0;34m[Device: id=0] TX[0m: 0.4996 Mpps, 4109.02 Mbit/s (4188.96 Mbit/s with framing)
[1;36m[Device: id=1] RX[0m: 0.4919 Mpps, 4045.26 Mbit/s (4123.96 Mbit/s with framing)
[0;34m[Device: id=0] TX[0m: 0.5000 Mpps, 4111.96 Mbit/s (4191.96 Mbit/s with framing)
[1;36m[Device: id=1] RX[0m: 0.5000 Mpps, 4112.07 Mbit/s (4192.07 Mbit/s with framing)
[0;34m[Device: id=0] TX[0m: 0.5001 Mpps, 4112.46 Mbit/s (4192.46 Mbit/s with framing)
[1;36m[Device: id=1] RX[0m: 0.5000 Mpps, 4112.07 Mbit/s (4192.07 Mbit/s with framing)
[0;34m[Device: id=0] TX[0m: 0.5000 Mpps, 4111.56 Mbit/s (4191.55 Mbit/s with framing)
[1;36m[Device: id=1] RX[0m: 0.5000 Mpps, 4111.85 Mbit/s (4191.85 Mbit/s with framing)
[0;34m[Device: id=0] TX[0m: 0.5000 Mpps, 4112.43 Mbit/s (4192.44 Mbit/s with framing)
[1;36m[Device: id=1] RX[0m: 0.5000 Mpps, 4112.16 Mbit/s (4192.17 Mbit/s with framing)
[1;36m[Device: id=1] RX[0m: 0.5000 Mpps, 4111.74 Mbit/s (4191.74 Mbit/s with framing)
[0;34m[Device: id=0] TX[0m: 0.5000 Mpps, 4112.12 Mbit/s (4192.12 Mbit/s with framing)
[1;36m[Device: id=1] RX[0m: 0.5000 Mpps, 4112.08 Mbit/s (4192.09 Mbit/s with framing)
[0;34m[Device: id=0] TX[0m: 0.5000 Mpps, 4111.49 Mbit/s (4191.49 Mbit/s with framing)
[1;36m[Device: id=1] RX[0m: 0.5000 Mpps, 4112.14 Mbit/s (4192.15 Mbit/s with framing)
[0;34m[Device: id=0] TX[0m: 0.5000 Mpps, 4112.00 Mbit/s (4192.00 Mbit/s with framing)
[1;36m[Device: id=1] RX[0m: 0.5000 Mpps, 4111.94 Mbit/s (4191.94 Mbit/s with framing)
[0;34m[Device: id=0] TX[0m: 0.5001 Mpps, 4112.44 Mbit/s (4192.45 Mbit/s with framing)
[1;36m[Device: id=1] RX[0m: 0.5000 Mpps, 4112.16 Mbit/s (4192.17 Mbit/s with framing)
[0;34m[Device: id=0] TX[0m: 0.5000 Mpps, 4111.92 Mbit/s (4191.92 Mbit/s with framing)
[1;36m[Device: id=1] RX[0m: 0.5000 Mpps, 4111.66 Mbit/s (4191.65 Mbit/s with framing)
[0;34m[Device: id=0] TX[0m: 0.5000 Mpps, 4111.82 Mbit/s (4191.82 Mbit/s with framing)
[1;36m[Device: id=1] RX[0m: 0.5000 Mpps, 4112.24 Mbit/s (4192.25 Mbit/s with framing)
[0;34m[Device: id=0] TX[0m: 0.5000 Mpps, 4111.84 Mbit/s (4191.83 Mbit/s with framing)
[1;36m[Device: id=1] RX[0m: 0.5000 Mpps, 4111.95 Mbit/s (4191.95 Mbit/s with framing)
[0;34m[Device: id=0] TX[0m: 0.5000 Mpps, 4112.02 Mbit/s (4192.02 Mbit/s with framing)
[1;36m[Device: id=1] RX[0m: 0.5000 Mpps, 4112.14 Mbit/s (4192.15 Mbit/s with framing)
[0;34m[Device: id=0] TX[0m: 0.5000 Mpps, 4112.01 Mbit/s (4192.01 Mbit/s with framing)
[1;36m[Device: id=1] RX[0m: 0.5000 Mpps, 4111.99 Mbit/s (4191.99 Mbit/s with framing)
[0;34m[Device: id=0] TX[0m: 0.5000 Mpps, 4112.18 Mbit/s (4192.19 Mbit/s with framing)
[1;36m[Device: id=1] RX[0m: 0.5000 Mpps, 4112.08 Mbit/s (4192.08 Mbit/s with framing)
[0;34m[Device: id=0] TX[0m: 0.5000 Mpps, 4111.84 Mbit/s (4191.84 Mbit/s with framing)
[1;36m[Device: id=1] RX[0m: 0.5000 Mpps, 4111.80 Mbit/s (4191.80 Mbit/s with framing)
[0;34m[Device: id=0] TX[0m: 0.5000 Mpps, 4112.01 Mbit/s (4192.01 Mbit/s with framing)
[1;36m[Device: id=1] RX[0m: 0.5000 Mpps, 4111.98 Mbit/s (4191.98 Mbit/s with framing)
[0;34m[Device: id=0] TX[0m: 0.5000 Mpps, 4112.01 Mbit/s (4192.01 Mbit/s with framing)
[1;36m[Device: id=1] RX[0m: 0.5000 Mpps, 4111.97 Mbit/s (4191.97 Mbit/s with framing)
[0;34m[Device: id=0] TX[0m: 0.5000 Mpps, 4112.19 Mbit/s (4192.19 Mbit/s with framing)
[1;36m[Device: id=1] RX[0m: 0.5000 Mpps, 4112.14 Mbit/s (4192.14 Mbit/s with framing)
[0;34m[Device: id=0] TX[0m: 0.5000 Mpps, 4111.84 Mbit/s (4191.83 Mbit/s with framing)
[1;36m[Device: id=1] RX[0m: 0.5000 Mpps, 4112.00 Mbit/s (4192.00 Mbit/s with framing)
[0;34m[Device: id=0] TX[0m: 0.5000 Mpps, 4112.01 Mbit/s (4192.01 Mbit/s with framing)
[1;36m[Device: id=1] RX[0m: 0.5000 Mpps, 4112.04 Mbit/s (4192.04 Mbit/s with framing)
[0;34m[Device: id=0] TX[0m: 0.5000 Mpps, 4112.06 Mbit/s (4192.06 Mbit/s with framing)
[1;36m[Device: id=1] RX[0m: 0.5000 Mpps, 4112.07 Mbit/s (4192.08 Mbit/s with framing)
[0;34m[Device: id=0] TX[0m: 0.5000 Mpps, 4111.96 Mbit/s (4191.96 Mbit/s with framing)
[1;36m[Device: id=1] RX[0m: 0.5000 Mpps, 4112.10 Mbit/s (4192.10 Mbit/s with framing)
[0;34m[Device: id=0] TX[0m: 0.5000 Mpps, 4112.01 Mbit/s (4192.01 Mbit/s with framing)
[1;36m[Device: id=1] RX[0m: 0.5000 Mpps, 4111.92 Mbit/s (4191.92 Mbit/s with framing)
[0;34m[Device: id=0] TX[0m: 0.5000 Mpps, 4112.21 Mbit/s (4192.21 Mbit/s with framing)
[1;36m[Device: id=1] RX[0m: 0.5000 Mpps, 4112.05 Mbit/s (4192.06 Mbit/s with framing)
[0;34m[Device: id=0] TX[0m: 0.5000 Mpps, 4111.82 Mbit/s (4191.82 Mbit/s with framing)
[1;36m[Device: id=1] RX[0m: 0.5000 Mpps, 4112.10 Mbit/s (4192.10 Mbit/s with framing)
[0;34m[Device: id=0] TX[0m: 0.5000 Mpps, 4112.01 Mbit/s (4192.01 Mbit/s with framing)
[1;36m[Device: id=1] RX[0m: 0.5000 Mpps, 4111.76 Mbit/s (4191.75 Mbit/s with framing)
[0;34m[Device: id=0] TX[0m: 0.5000 Mpps, 4112.01 Mbit/s (4192.01 Mbit/s with framing)
15
[1;36m[Device: id=1] RX[0m: 0.4936 Mpps, 4059.71 Mbit/s (4138.69 Mbit/s with framing)
[0;34m[Device: id=0] TX[0m: 0.4243 Mpps, 3489.19 Mbit/s (3557.08 Mbit/s with framing)
[1;36m[Device: id=1] RX[0m: 0.0000 Mpps, 0.00 Mbit/s (0.00 Mbit/s with framing)
[0;34m[Device: id=0] TX[0m: 0.0000 Mpps, 0.00 Mbit/s (0.00 Mbit/s with framing)
15000000
[1;36m[Device: id=1] RX[0m: 0.4829 (StdDev 0.0912) Mpps, 3970.97 (StdDev 750) Mbit/s (4048.23 Mbit/s with framing), total 14983423 packets with 15402949400 bytes (incl. CRC)
[0;34m[Device: id=0] TX[0m: 0.4808 (StdDev 0.0919) Mpps, 3954.08 (StdDev 755) Mbit/s (4031.01 Mbit/s with framing), total 15000000 packets with 15420000000 bytes (incl. CRC)
