[1;37m[INFO]  Initializing DPDK. This will take a few seconds...[0m
EAL: Probing VFIO support...
EAL: PCI device 0000:18:00.0 on NUMA socket 0
EAL:   probe driver: 8086:10fb net_ixgbe
EAL: PCI device 0000:18:00.1 on NUMA socket 0
EAL:   probe driver: 8086:10fb net_ixgbe
EAL: PCI device 0000:62:00.0 on NUMA socket 0
EAL:   probe driver: 8086:37d2 net_i40e
EAL: PCI device 0000:62:00.1 on NUMA socket 0
EAL:   probe driver: 8086:37d2 net_i40e
[1;37m[INFO]  Found 3 usable devices:[0m
   Device 0: 00:1B:21:BE:39:14 ([0;32mIntel Corporation 82599ES 10-Gigabit SFI/SFP+ Network Connection[0m)
   Device 1: 00:1B:21:BE:39:16 ([0;32mIntel Corporation 82599ES 10-Gigabit SFI/SFP+ Network Connection[0m)
   Device 2: AC:1F:6B:B9:35:91 ([0;32mIntel Corporation Ethernet Connection X722 for 10GBASE-T[0m)
PMD: ixgbe_dev_link_status_print():  Port 0: Link Down
PMD: ixgbe_dev_link_status_print():  Port 1: Link Down
[1;37m[INFO]  Waiting for devices to come up...[0m
[1;37m[INFO]  Device 0 (00:1B:21:BE:39:14) is up: 10000 MBit/s[0m
[1;37m[INFO]  Device 1 (00:1B:21:BE:39:16) is up: 10000 MBit/s[0m
[1;37m[INFO]  [0;32m2 devices are up.[0m[0m
[1;37m[INFO]  Trying to enable rx timestamping of all packets, this isn't supported by most nics[0m
[0;34m[Device: id=0] TX[0m: 0.1957 Mpps, 2354.39 Mbit/s (2385.70 Mbit/s with framing)
[1;36m[Device: id=1] RX[0m: 0.1990 Mpps, 2394.33 Mbit/s (2426.17 Mbit/s with framing)
[0;34m[Device: id=0] TX[0m: 0.2000 Mpps, 2406.18 Mbit/s (2438.17 Mbit/s with framing)
[1;36m[Device: id=1] RX[0m: 0.1971 Mpps, 2370.97 Mbit/s (2402.50 Mbit/s with framing)
[0;34m[Device: id=0] TX[0m: 0.2000 Mpps, 2406.39 Mbit/s (2438.39 Mbit/s with framing)
[1;36m[Device: id=1] RX[0m: 0.2000 Mpps, 2406.31 Mbit/s (2438.31 Mbit/s with framing)
[0;34m[Device: id=0] TX[0m: 0.2000 Mpps, 2406.41 Mbit/s (2438.41 Mbit/s with framing)
[1;36m[Device: id=1] RX[0m: 0.2000 Mpps, 2406.42 Mbit/s (2438.42 Mbit/s with framing)
[1;36m[Device: id=1] RX[0m: 0.2000 Mpps, 2406.37 Mbit/s (2438.37 Mbit/s with framing)
[0;34m[Device: id=0] TX[0m: 0.2000 Mpps, 2406.70 Mbit/s (2438.71 Mbit/s with framing)
[1;36m[Device: id=1] RX[0m: 0.2000 Mpps, 2406.44 Mbit/s (2438.44 Mbit/s with framing)
[0;34m[Device: id=0] TX[0m: 0.2000 Mpps, 2406.10 Mbit/s (2438.10 Mbit/s with framing)
[1;36m[Device: id=1] RX[0m: 0.2000 Mpps, 2406.41 Mbit/s (2438.41 Mbit/s with framing)
[0;34m[Device: id=0] TX[0m: 0.2000 Mpps, 2406.42 Mbit/s (2438.42 Mbit/s with framing)
[1;36m[Device: id=1] RX[0m: 0.2000 Mpps, 2406.38 Mbit/s (2438.38 Mbit/s with framing)
[0;34m[Device: id=0] TX[0m: 0.2000 Mpps, 2406.40 Mbit/s (2438.40 Mbit/s with framing)
[1;36m[Device: id=1] RX[0m: 0.2000 Mpps, 2406.46 Mbit/s (2438.47 Mbit/s with framing)
[0;34m[Device: id=0] TX[0m: 0.2000 Mpps, 2406.64 Mbit/s (2438.65 Mbit/s with framing)
[1;36m[Device: id=1] RX[0m: 0.2000 Mpps, 2406.42 Mbit/s (2438.42 Mbit/s with framing)
[0;34m[Device: id=0] TX[0m: 0.2000 Mpps, 2406.17 Mbit/s (2438.17 Mbit/s with framing)
[1;36m[Device: id=1] RX[0m: 0.2000 Mpps, 2406.38 Mbit/s (2438.38 Mbit/s with framing)
[0;34m[Device: id=0] TX[0m: 0.2000 Mpps, 2406.60 Mbit/s (2438.61 Mbit/s with framing)
[1;36m[Device: id=1] RX[0m: 0.2000 Mpps, 2406.34 Mbit/s (2438.34 Mbit/s with framing)
[0;34m[Device: id=0] TX[0m: 0.2000 Mpps, 2406.19 Mbit/s (2438.19 Mbit/s with framing)
[1;36m[Device: id=1] RX[0m: 0.2000 Mpps, 2406.45 Mbit/s (2438.45 Mbit/s with framing)
[0;34m[Device: id=0] TX[0m: 0.2000 Mpps, 2406.42 Mbit/s (2438.42 Mbit/s with framing)
[1;36m[Device: id=1] RX[0m: 0.2000 Mpps, 2406.42 Mbit/s (2438.42 Mbit/s with framing)
[0;34m[Device: id=0] TX[0m: 0.2000 Mpps, 2406.41 Mbit/s (2438.41 Mbit/s with framing)
[1;36m[Device: id=1] RX[0m: 0.2000 Mpps, 2406.38 Mbit/s (2438.38 Mbit/s with framing)
[0;34m[Device: id=0] TX[0m: 0.2000 Mpps, 2406.40 Mbit/s (2438.40 Mbit/s with framing)
[1;36m[Device: id=1] RX[0m: 0.2000 Mpps, 2406.42 Mbit/s (2438.42 Mbit/s with framing)
[0;34m[Device: id=0] TX[0m: 0.2000 Mpps, 2406.41 Mbit/s (2438.41 Mbit/s with framing)
[1;36m[Device: id=1] RX[0m: 0.2000 Mpps, 2406.41 Mbit/s (2438.41 Mbit/s with framing)
[0;34m[Device: id=0] TX[0m: 0.2000 Mpps, 2406.50 Mbit/s (2438.50 Mbit/s with framing)
[1;36m[Device: id=1] RX[0m: 0.2000 Mpps, 2406.38 Mbit/s (2438.38 Mbit/s with framing)
[0;34m[Device: id=0] TX[0m: 0.2000 Mpps, 2406.32 Mbit/s (2438.32 Mbit/s with framing)
[1;36m[Device: id=1] RX[0m: 0.2000 Mpps, 2406.45 Mbit/s (2438.45 Mbit/s with framing)
[0;34m[Device: id=0] TX[0m: 0.2000 Mpps, 2406.40 Mbit/s (2438.40 Mbit/s with framing)
[1;36m[Device: id=1] RX[0m: 0.2000 Mpps, 2406.39 Mbit/s (2438.39 Mbit/s with framing)
[0;34m[Device: id=0] TX[0m: 0.2000 Mpps, 2406.41 Mbit/s (2438.41 Mbit/s with framing)
[1;36m[Device: id=1] RX[0m: 0.2000 Mpps, 2406.39 Mbit/s (2438.39 Mbit/s with framing)
[0;34m[Device: id=0] TX[0m: 0.2000 Mpps, 2406.41 Mbit/s (2438.41 Mbit/s with framing)
[1;36m[Device: id=1] RX[0m: 0.2000 Mpps, 2406.45 Mbit/s (2438.45 Mbit/s with framing)
[0;34m[Device: id=0] TX[0m: 0.2000 Mpps, 2406.40 Mbit/s (2438.40 Mbit/s with framing)
[1;36m[Device: id=1] RX[0m: 0.2000 Mpps, 2406.35 Mbit/s (2438.35 Mbit/s with framing)
[0;34m[Device: id=0] TX[0m: 0.2000 Mpps, 2406.41 Mbit/s (2438.41 Mbit/s with framing)
[1;36m[Device: id=1] RX[0m: 0.2000 Mpps, 2406.42 Mbit/s (2438.42 Mbit/s with framing)
[0;34m[Device: id=0] TX[0m: 0.2000 Mpps, 2406.41 Mbit/s (2438.41 Mbit/s with framing)
[1;36m[Device: id=1] RX[0m: 0.2000 Mpps, 2406.40 Mbit/s (2438.40 Mbit/s with framing)
[0;34m[Device: id=0] TX[0m: 0.2000 Mpps, 2406.41 Mbit/s (2438.41 Mbit/s with framing)
[1;36m[Device: id=1] RX[0m: 0.2000 Mpps, 2406.45 Mbit/s (2438.45 Mbit/s with framing)
[0;34m[Device: id=0] TX[0m: 0.2000 Mpps, 2406.41 Mbit/s (2438.41 Mbit/s with framing)
[1;36m[Device: id=1] RX[0m: 0.2000 Mpps, 2406.41 Mbit/s (2438.41 Mbit/s with framing)
[0;34m[Device: id=0] TX[0m: 0.2000 Mpps, 2406.41 Mbit/s (2438.41 Mbit/s with framing)
[1;36m[Device: id=1] RX[0m: 0.2000 Mpps, 2406.46 Mbit/s (2438.46 Mbit/s with framing)
[0;34m[Device: id=0] TX[0m: 0.2000 Mpps, 2406.49 Mbit/s (2438.49 Mbit/s with framing)
[1;36m[Device: id=1] RX[0m: 0.2000 Mpps, 2406.35 Mbit/s (2438.35 Mbit/s with framing)
[0;34m[Device: id=0] TX[0m: 0.2000 Mpps, 2406.32 Mbit/s (2438.32 Mbit/s with framing)
6
[1;36m[Device: id=1] RX[0m: 0.1984 Mpps, 2386.73 Mbit/s (2418.46 Mbit/s with framing)
[0;34m[Device: id=0] TX[0m: 0.1688 Mpps, 2030.40 Mbit/s (2057.40 Mbit/s with framing)
[1;36m[Device: id=1] RX[0m: 0.0000 Mpps, 0.00 Mbit/s (0.00 Mbit/s with framing)
[0;34m[Device: id=0] TX[0m: 0.0000 Mpps, 0.00 Mbit/s (0.00 Mbit/s with framing)
6000000
[1;36m[Device: id=1] RX[0m: 0.1932 (StdDev 0.0365) Mpps, 2324.35 (StdDev 439) Mbit/s (2355.26 Mbit/s with framing), total 5994535 packets with 9015766436 bytes (incl. CRC)
[0;34m[Device: id=0] TX[0m: 0.1923 (StdDev 0.0368) Mpps, 2313.65 (StdDev 442) Mbit/s (2344.42 Mbit/s with framing), total 6000000 packets with 9024000000 bytes (incl. CRC)
