[1;37m[INFO]  Initializing DPDK. This will take a few seconds...[0m
EAL: Probing VFIO support...
EAL: PCI device 0000:18:00.0 on NUMA socket 0
EAL:   probe driver: 8086:10fb net_ixgbe
EAL: PCI device 0000:18:00.1 on NUMA socket 0
EAL:   probe driver: 8086:10fb net_ixgbe
EAL: PCI device 0000:62:00.0 on NUMA socket 0
EAL:   probe driver: 8086:37d2 net_i40e
EAL: PCI device 0000:62:00.1 on NUMA socket 0
EAL:   probe driver: 8086:37d2 net_i40e
[1;37m[INFO]  Found 3 usable devices:[0m
   Device 0: 00:1B:21:BE:39:14 ([0;32mIntel Corporation 82599ES 10-Gigabit SFI/SFP+ Network Connection[0m)
   Device 1: 00:1B:21:BE:39:16 ([0;32mIntel Corporation 82599ES 10-Gigabit SFI/SFP+ Network Connection[0m)
   Device 2: AC:1F:6B:B9:35:91 ([0;32mIntel Corporation Ethernet Connection X722 for 10GBASE-T[0m)
PMD: ixgbe_dev_link_status_print():  Port 0: Link Down
PMD: ixgbe_dev_link_status_print(): Port 1: Link Up - speed 0 Mbps - half-duplex
[1;37m[INFO]  Waiting for devices to come up...[0m
[1;37m[INFO]  Device 1 (00:1B:21:BE:39:16) is up: 10000 MBit/s[0m
[1;37m[INFO]  Device 0 (00:1B:21:BE:39:14) is up: 10000 MBit/s[0m
[1;37m[INFO]  [0;32m2 devices are up.[0m[0m
[1;37m[INFO]  Trying to enable rx timestamping of all packets, this isn't supported by most nics[0m
[0;34m[Device: id=0] TX[0m: 0.3930 Mpps, 817.51 Mbit/s (880.40 Mbit/s with framing)
[1;36m[Device: id=1] RX[0m: 0.3882 Mpps, 807.38 Mbit/s (869.49 Mbit/s with framing)
[0;34m[Device: id=0] TX[0m: 0.4000 Mpps, 832.10 Mbit/s (896.11 Mbit/s with framing)
[1;36m[Device: id=1] RX[0m: 0.3940 Mpps, 819.44 Mbit/s (882.47 Mbit/s with framing)
[0;34m[Device: id=0] TX[0m: 0.4001 Mpps, 832.15 Mbit/s (896.16 Mbit/s with framing)
[1;36m[Device: id=1] RX[0m: 0.4001 Mpps, 832.14 Mbit/s (896.15 Mbit/s with framing)
[0;34m[Device: id=0] TX[0m: 0.4001 Mpps, 832.22 Mbit/s (896.24 Mbit/s with framing)
[1;36m[Device: id=1] RX[0m: 0.4000 Mpps, 832.08 Mbit/s (896.09 Mbit/s with framing)
[1;36m[Device: id=1] RX[0m: 0.4001 Mpps, 832.20 Mbit/s (896.22 Mbit/s with framing)
[0;34m[Device: id=0] TX[0m: 0.4000 Mpps, 832.09 Mbit/s (896.09 Mbit/s with framing)
[1;36m[Device: id=1] RX[0m: 0.4001 Mpps, 832.14 Mbit/s (896.15 Mbit/s with framing)
[0;34m[Device: id=0] TX[0m: 0.4001 Mpps, 832.22 Mbit/s (896.24 Mbit/s with framing)
[1;36m[Device: id=1] RX[0m: 0.4001 Mpps, 832.17 Mbit/s (896.18 Mbit/s with framing)
[0;34m[Device: id=0] TX[0m: 0.4001 Mpps, 832.16 Mbit/s (896.17 Mbit/s with framing)
[1;36m[Device: id=1] RX[0m: 0.4001 Mpps, 832.13 Mbit/s (896.14 Mbit/s with framing)
[0;34m[Device: id=0] TX[0m: 0.4000 Mpps, 832.09 Mbit/s (896.10 Mbit/s with framing)
[1;36m[Device: id=1] RX[0m: 0.4001 Mpps, 832.16 Mbit/s (896.17 Mbit/s with framing)
[0;34m[Device: id=0] TX[0m: 0.4001 Mpps, 832.15 Mbit/s (896.17 Mbit/s with framing)
[1;36m[Device: id=1] RX[0m: 0.4001 Mpps, 832.20 Mbit/s (896.22 Mbit/s with framing)
[0;34m[Device: id=0] TX[0m: 0.4001 Mpps, 832.23 Mbit/s (896.24 Mbit/s with framing)
[1;36m[Device: id=1] RX[0m: 0.4001 Mpps, 832.13 Mbit/s (896.14 Mbit/s with framing)
[0;34m[Device: id=0] TX[0m: 0.4001 Mpps, 832.16 Mbit/s (896.17 Mbit/s with framing)
[1;36m[Device: id=1] RX[0m: 0.4001 Mpps, 832.20 Mbit/s (896.21 Mbit/s with framing)
[0;34m[Device: id=0] TX[0m: 0.4001 Mpps, 832.11 Mbit/s (896.12 Mbit/s with framing)
[1;36m[Device: id=1] RX[0m: 0.4001 Mpps, 832.13 Mbit/s (896.14 Mbit/s with framing)
[0;34m[Device: id=0] TX[0m: 0.4001 Mpps, 832.12 Mbit/s (896.13 Mbit/s with framing)
[1;36m[Device: id=1] RX[0m: 0.4001 Mpps, 832.18 Mbit/s (896.20 Mbit/s with framing)
[0;34m[Device: id=0] TX[0m: 0.4001 Mpps, 832.15 Mbit/s (896.17 Mbit/s with framing)
[1;36m[Device: id=1] RX[0m: 0.4001 Mpps, 832.12 Mbit/s (896.13 Mbit/s with framing)
[0;34m[Device: id=0] TX[0m: 0.4001 Mpps, 832.16 Mbit/s (896.17 Mbit/s with framing)
[1;36m[Device: id=1] RX[0m: 0.4001 Mpps, 832.14 Mbit/s (896.15 Mbit/s with framing)
[0;34m[Device: id=0] TX[0m: 0.4001 Mpps, 832.15 Mbit/s (896.17 Mbit/s with framing)
[1;36m[Device: id=1] RX[0m: 0.4001 Mpps, 832.17 Mbit/s (896.19 Mbit/s with framing)
[0;34m[Device: id=0] TX[0m: 0.4001 Mpps, 832.18 Mbit/s (896.20 Mbit/s with framing)
[1;36m[Device: id=1] RX[0m: 0.4001 Mpps, 832.14 Mbit/s (896.15 Mbit/s with framing)
[0;34m[Device: id=0] TX[0m: 0.4001 Mpps, 832.13 Mbit/s (896.14 Mbit/s with framing)
[1;36m[Device: id=1] RX[0m: 0.4001 Mpps, 832.20 Mbit/s (896.21 Mbit/s with framing)
[0;34m[Device: id=0] TX[0m: 0.4001 Mpps, 832.15 Mbit/s (896.16 Mbit/s with framing)
[1;36m[Device: id=1] RX[0m: 0.4000 Mpps, 832.10 Mbit/s (896.10 Mbit/s with framing)
[0;34m[Device: id=0] TX[0m: 0.4001 Mpps, 832.16 Mbit/s (896.17 Mbit/s with framing)
[1;36m[Device: id=1] RX[0m: 0.4001 Mpps, 832.23 Mbit/s (896.25 Mbit/s with framing)
[0;34m[Device: id=0] TX[0m: 0.4001 Mpps, 832.16 Mbit/s (896.17 Mbit/s with framing)
[1;36m[Device: id=1] RX[0m: 0.4000 Mpps, 832.10 Mbit/s (896.11 Mbit/s with framing)
[0;34m[Device: id=0] TX[0m: 0.4001 Mpps, 832.15 Mbit/s (896.17 Mbit/s with framing)
[1;36m[Device: id=1] RX[0m: 0.4001 Mpps, 832.15 Mbit/s (896.16 Mbit/s with framing)
[0;34m[Device: id=0] TX[0m: 0.4001 Mpps, 832.18 Mbit/s (896.20 Mbit/s with framing)
[1;36m[Device: id=1] RX[0m: 0.4001 Mpps, 832.17 Mbit/s (896.19 Mbit/s with framing)
[0;34m[Device: id=0] TX[0m: 0.4001 Mpps, 832.13 Mbit/s (896.14 Mbit/s with framing)
[1;36m[Device: id=1] RX[0m: 0.4001 Mpps, 832.19 Mbit/s (896.21 Mbit/s with framing)
[0;34m[Device: id=0] TX[0m: 0.4001 Mpps, 832.16 Mbit/s (896.17 Mbit/s with framing)
[1;36m[Device: id=1] RX[0m: 0.4001 Mpps, 832.12 Mbit/s (896.13 Mbit/s with framing)
[0;34m[Device: id=0] TX[0m: 0.4001 Mpps, 832.17 Mbit/s (896.18 Mbit/s with framing)
[1;36m[Device: id=1] RX[0m: 0.4001 Mpps, 832.14 Mbit/s (896.15 Mbit/s with framing)
[0;34m[Device: id=0] TX[0m: 0.4001 Mpps, 832.14 Mbit/s (896.15 Mbit/s with framing)
[1;36m[Device: id=1] RX[0m: 0.4001 Mpps, 832.15 Mbit/s (896.16 Mbit/s with framing)
[0;34m[Device: id=0] TX[0m: 0.4001 Mpps, 832.16 Mbit/s (896.17 Mbit/s with framing)
[1;36m[Device: id=1] RX[0m: 0.4001 Mpps, 832.13 Mbit/s (896.14 Mbit/s with framing)
[0;34m[Device: id=0] TX[0m: 0.4001 Mpps, 832.18 Mbit/s (896.20 Mbit/s with framing)
12
[1;36m[Device: id=1] RX[0m: 0.3927 Mpps, 816.85 Mbit/s (879.68 Mbit/s with framing)
[0;34m[Device: id=0] TX[0m: 0.3320 Mpps, 690.51 Mbit/s (743.63 Mbit/s with framing)
[1;36m[Device: id=1] RX[0m: 0.0000 Mpps, 0.00 Mbit/s (0.00 Mbit/s with framing)
[0;34m[Device: id=0] TX[0m: 0.0000 Mpps, 0.00 Mbit/s (0.00 Mbit/s with framing)
12000000
[1;36m[Device: id=1] RX[0m: 0.3863 (StdDev 0.0730) Mpps, 803.48 (StdDev 152) Mbit/s (865.29 Mbit/s with framing), total 11977081 packets with 3114040768 bytes (incl. CRC)
[0;34m[Device: id=0] TX[0m: 0.3845 (StdDev 0.0737) Mpps, 799.69 (StdDev 153) Mbit/s (861.21 Mbit/s with framing), total 12000000 packets with 3120000000 bytes (incl. CRC)
