[1;37m[INFO]  Initializing DPDK. This will take a few seconds...[0m
EAL: Probing VFIO support...
EAL: PCI device 0000:18:00.0 on NUMA socket 0
EAL:   probe driver: 8086:10fb net_ixgbe
EAL: PCI device 0000:18:00.1 on NUMA socket 0
EAL:   probe driver: 8086:10fb net_ixgbe
EAL: PCI device 0000:62:00.0 on NUMA socket 0
EAL:   probe driver: 8086:37d2 net_i40e
EAL: PCI device 0000:62:00.1 on NUMA socket 0
EAL:   probe driver: 8086:37d2 net_i40e
[1;37m[INFO]  Found 3 usable devices:[0m
   Device 0: 00:1B:21:BE:39:14 ([0;32mIntel Corporation 82599ES 10-Gigabit SFI/SFP+ Network Connection[0m)
   Device 1: 00:1B:21:BE:39:16 ([0;32mIntel Corporation 82599ES 10-Gigabit SFI/SFP+ Network Connection[0m)
   Device 2: AC:1F:6B:B9:35:91 ([0;32mIntel Corporation Ethernet Connection X722 for 10GBASE-T[0m)
PMD: ixgbe_dev_link_status_print():  Port 0: Link Down
PMD: ixgbe_dev_link_status_print():  Port 1: Link Down
[1;37m[INFO]  Waiting for devices to come up...[0m
[1;37m[INFO]  Device 1 (00:1B:21:BE:39:16) is up: 10000 MBit/s[0m
[1;37m[INFO]  Device 0 (00:1B:21:BE:39:14) is up: 10000 MBit/s[0m
[1;37m[INFO]  [0;32m2 devices are up.[0m[0m
[1;37m[INFO]  Trying to enable rx timestamping of all packets, this isn't supported by most nics[0m
[0;34m[Device: id=0] TX[0m: 0.0980 Mpps, 203.87 Mbit/s (219.55 Mbit/s with framing)
[1;36m[Device: id=1] RX[0m: 0.0997 Mpps, 207.37 Mbit/s (223.32 Mbit/s with framing)
[0;34m[Device: id=0] TX[0m: 0.1000 Mpps, 207.99 Mbit/s (223.99 Mbit/s with framing)
[1;36m[Device: id=1] RX[0m: 0.0988 Mpps, 205.56 Mbit/s (221.38 Mbit/s with framing)
[0;34m[Device: id=0] TX[0m: 0.1000 Mpps, 207.99 Mbit/s (223.99 Mbit/s with framing)
[1;36m[Device: id=1] RX[0m: 0.1000 Mpps, 208.00 Mbit/s (224.00 Mbit/s with framing)
[1;36m[Device: id=1] RX[0m: 0.1000 Mpps, 208.00 Mbit/s (224.00 Mbit/s with framing)
[0;34m[Device: id=0] TX[0m: 0.1000 Mpps, 208.01 Mbit/s (224.01 Mbit/s with framing)
[1;36m[Device: id=1] RX[0m: 0.1000 Mpps, 208.00 Mbit/s (224.00 Mbit/s with framing)
[0;34m[Device: id=0] TX[0m: 0.1000 Mpps, 207.99 Mbit/s (223.99 Mbit/s with framing)
[1;36m[Device: id=1] RX[0m: 0.1000 Mpps, 208.00 Mbit/s (224.00 Mbit/s with framing)
[0;34m[Device: id=0] TX[0m: 0.1000 Mpps, 208.01 Mbit/s (224.01 Mbit/s with framing)
[1;36m[Device: id=1] RX[0m: 0.1000 Mpps, 208.00 Mbit/s (224.00 Mbit/s with framing)
[0;34m[Device: id=0] TX[0m: 0.1000 Mpps, 208.00 Mbit/s (224.00 Mbit/s with framing)
[1;36m[Device: id=1] RX[0m: 0.1000 Mpps, 208.00 Mbit/s (224.00 Mbit/s with framing)
[0;34m[Device: id=0] TX[0m: 0.1000 Mpps, 207.99 Mbit/s (223.99 Mbit/s with framing)
[1;36m[Device: id=1] RX[0m: 0.1000 Mpps, 208.00 Mbit/s (224.00 Mbit/s with framing)
[0;34m[Device: id=0] TX[0m: 0.1000 Mpps, 208.01 Mbit/s (224.01 Mbit/s with framing)
[1;36m[Device: id=1] RX[0m: 0.1000 Mpps, 208.00 Mbit/s (224.00 Mbit/s with framing)
[0;34m[Device: id=0] TX[0m: 0.1000 Mpps, 207.99 Mbit/s (223.99 Mbit/s with framing)
[1;36m[Device: id=1] RX[0m: 0.1000 Mpps, 208.00 Mbit/s (224.00 Mbit/s with framing)
[0;34m[Device: id=0] TX[0m: 0.1000 Mpps, 208.02 Mbit/s (224.02 Mbit/s with framing)
[1;36m[Device: id=1] RX[0m: 0.1000 Mpps, 208.00 Mbit/s (224.00 Mbit/s with framing)
[0;34m[Device: id=0] TX[0m: 0.1000 Mpps, 207.99 Mbit/s (223.99 Mbit/s with framing)
[1;36m[Device: id=1] RX[0m: 0.1000 Mpps, 208.00 Mbit/s (224.00 Mbit/s with framing)
[0;34m[Device: id=0] TX[0m: 0.1000 Mpps, 207.99 Mbit/s (223.99 Mbit/s with framing)
[1;36m[Device: id=1] RX[0m: 0.1000 Mpps, 208.00 Mbit/s (224.00 Mbit/s with framing)
[0;34m[Device: id=0] TX[0m: 0.1000 Mpps, 208.00 Mbit/s (224.00 Mbit/s with framing)
[1;36m[Device: id=1] RX[0m: 0.1000 Mpps, 208.00 Mbit/s (224.00 Mbit/s with framing)
[0;34m[Device: id=0] TX[0m: 0.1000 Mpps, 208.01 Mbit/s (224.01 Mbit/s with framing)
[1;36m[Device: id=1] RX[0m: 0.1000 Mpps, 208.00 Mbit/s (224.00 Mbit/s with framing)
[0;34m[Device: id=0] TX[0m: 0.1000 Mpps, 207.99 Mbit/s (223.99 Mbit/s with framing)
[1;36m[Device: id=1] RX[0m: 0.1000 Mpps, 208.00 Mbit/s (224.00 Mbit/s with framing)
[0;34m[Device: id=0] TX[0m: 0.1000 Mpps, 208.00 Mbit/s (224.00 Mbit/s with framing)
[1;36m[Device: id=1] RX[0m: 0.1000 Mpps, 208.00 Mbit/s (224.00 Mbit/s with framing)
[0;34m[Device: id=0] TX[0m: 0.1000 Mpps, 208.00 Mbit/s (224.00 Mbit/s with framing)
[1;36m[Device: id=1] RX[0m: 0.1000 Mpps, 208.00 Mbit/s (224.00 Mbit/s with framing)
[0;34m[Device: id=0] TX[0m: 0.1000 Mpps, 208.00 Mbit/s (224.00 Mbit/s with framing)
[1;36m[Device: id=1] RX[0m: 0.1000 Mpps, 208.00 Mbit/s (224.00 Mbit/s with framing)
[0;34m[Device: id=0] TX[0m: 0.1000 Mpps, 208.00 Mbit/s (224.00 Mbit/s with framing)
[1;36m[Device: id=1] RX[0m: 0.1000 Mpps, 208.00 Mbit/s (224.00 Mbit/s with framing)
[0;34m[Device: id=0] TX[0m: 0.1000 Mpps, 208.01 Mbit/s (224.01 Mbit/s with framing)
[1;36m[Device: id=1] RX[0m: 0.1000 Mpps, 208.00 Mbit/s (224.00 Mbit/s with framing)
[0;34m[Device: id=0] TX[0m: 0.1000 Mpps, 207.99 Mbit/s (223.99 Mbit/s with framing)
[1;36m[Device: id=1] RX[0m: 0.1000 Mpps, 208.00 Mbit/s (224.00 Mbit/s with framing)
[0;34m[Device: id=0] TX[0m: 0.1000 Mpps, 208.00 Mbit/s (224.00 Mbit/s with framing)
[1;36m[Device: id=1] RX[0m: 0.1000 Mpps, 208.00 Mbit/s (224.00 Mbit/s with framing)
[0;34m[Device: id=0] TX[0m: 0.1000 Mpps, 208.00 Mbit/s (224.00 Mbit/s with framing)
[1;36m[Device: id=1] RX[0m: 0.1000 Mpps, 208.00 Mbit/s (224.00 Mbit/s with framing)
[0;34m[Device: id=0] TX[0m: 0.1000 Mpps, 208.00 Mbit/s (224.00 Mbit/s with framing)
[1;36m[Device: id=1] RX[0m: 0.1000 Mpps, 208.00 Mbit/s (224.00 Mbit/s with framing)
[0;34m[Device: id=0] TX[0m: 0.1000 Mpps, 208.00 Mbit/s (224.00 Mbit/s with framing)
[1;36m[Device: id=1] RX[0m: 0.1000 Mpps, 208.00 Mbit/s (224.00 Mbit/s with framing)
[0;34m[Device: id=0] TX[0m: 0.1000 Mpps, 208.00 Mbit/s (224.00 Mbit/s with framing)
[1;36m[Device: id=1] RX[0m: 0.1000 Mpps, 208.00 Mbit/s (224.00 Mbit/s with framing)
[0;34m[Device: id=0] TX[0m: 0.1000 Mpps, 208.00 Mbit/s (224.01 Mbit/s with framing)
[1;36m[Device: id=1] RX[0m: 0.1000 Mpps, 208.00 Mbit/s (224.00 Mbit/s with framing)
[0;34m[Device: id=0] TX[0m: 0.1000 Mpps, 207.99 Mbit/s (223.99 Mbit/s with framing)
3
[1;36m[Device: id=1] RX[0m: 0.0998 Mpps, 207.59 Mbit/s (223.56 Mbit/s with framing)
[0;34m[Device: id=0] TX[0m: 0.0841 Mpps, 174.86 Mbit/s (188.31 Mbit/s with framing)
[1;36m[Device: id=1] RX[0m: 0.0000 Mpps, 0.00 Mbit/s (0.00 Mbit/s with framing)
[0;34m[Device: id=0] TX[0m: 0.0000 Mpps, 0.00 Mbit/s (0.00 Mbit/s with framing)
3000000
[1;36m[Device: id=1] RX[0m: 0.0966 (StdDev 0.0183) Mpps, 200.97 (StdDev 38) Mbit/s (216.43 Mbit/s with framing), total 2998392 packets with 779580156 bytes (incl. CRC)
[0;34m[Device: id=0] TX[0m: 0.0961 (StdDev 0.0184) Mpps, 199.96 (StdDev 38) Mbit/s (215.34 Mbit/s with framing), total 3000000 packets with 780000000 bytes (incl. CRC)
