[1;37m[INFO]  Initializing DPDK. This will take a few seconds...[0m
EAL: Probing VFIO support...
EAL: PCI device 0000:18:00.0 on NUMA socket 0
EAL:   probe driver: 8086:10fb net_ixgbe
EAL: PCI device 0000:18:00.1 on NUMA socket 0
EAL:   probe driver: 8086:10fb net_ixgbe
EAL: PCI device 0000:62:00.0 on NUMA socket 0
EAL:   probe driver: 8086:37d2 net_i40e
EAL: PCI device 0000:62:00.1 on NUMA socket 0
EAL:   probe driver: 8086:37d2 net_i40e
[1;37m[INFO]  Found 3 usable devices:[0m
   Device 0: 00:1B:21:BE:39:14 ([0;32mIntel Corporation 82599ES 10-Gigabit SFI/SFP+ Network Connection[0m)
   Device 1: 00:1B:21:BE:39:16 ([0;32mIntel Corporation 82599ES 10-Gigabit SFI/SFP+ Network Connection[0m)
   Device 2: AC:1F:6B:B9:35:91 ([0;32mIntel Corporation Ethernet Connection X722 for 10GBASE-T[0m)
PMD: ixgbe_dev_link_status_print():  Port 0: Link Down
PMD: ixgbe_dev_link_status_print():  Port 1: Link Down
[1;37m[INFO]  Waiting for devices to come up...[0m
[1;37m[INFO]  Device 0 (00:1B:21:BE:39:14) is up: 10000 MBit/s[0m
[1;37m[INFO]  Device 1 (00:1B:21:BE:39:16) is up: 10000 MBit/s[0m
[1;37m[INFO]  [0;32m2 devices are up.[0m[0m
[1;37m[INFO]  Trying to enable rx timestamping of all packets, this isn't supported by most nics[0m
[0;34m[Device: id=0] TX[0m: 0.8701 Mpps, 1809.78 Mbit/s (1948.99 Mbit/s with framing)
[1;36m[Device: id=1] RX[0m: 0.4365 Mpps, 907.90 Mbit/s (977.74 Mbit/s with framing)
[0;34m[Device: id=0] TX[0m: 0.9003 Mpps, 1872.58 Mbit/s (2016.62 Mbit/s with framing)
[1;36m[Device: id=1] RX[0m: 0.8877 Mpps, 1846.41 Mbit/s (1988.45 Mbit/s with framing)
[0;34m[Device: id=0] TX[0m: 0.9009 Mpps, 1873.77 Mbit/s (2017.91 Mbit/s with framing)
[1;36m[Device: id=1] RX[0m: 0.9009 Mpps, 1873.90 Mbit/s (2018.05 Mbit/s with framing)
[0;34m[Device: id=0] TX[0m: 0.9010 Mpps, 1874.00 Mbit/s (2018.15 Mbit/s with framing)
[1;36m[Device: id=1] RX[0m: 0.9005 Mpps, 1873.14 Mbit/s (2017.22 Mbit/s with framing)
[0;34m[Device: id=0] TX[0m: 0.9009 Mpps, 1873.76 Mbit/s (2017.90 Mbit/s with framing)
[1;36m[Device: id=1] RX[0m: 0.9009 Mpps, 1873.85 Mbit/s (2018.00 Mbit/s with framing)
[1;36m[Device: id=1] RX[0m: 0.9006 Mpps, 1873.33 Mbit/s (2017.43 Mbit/s with framing)
[0;34m[Device: id=0] TX[0m: 0.9010 Mpps, 1874.00 Mbit/s (2018.15 Mbit/s with framing)
[1;36m[Device: id=1] RX[0m: 0.9009 Mpps, 1873.88 Mbit/s (2018.03 Mbit/s with framing)
[0;34m[Device: id=0] TX[0m: 0.9009 Mpps, 1873.89 Mbit/s (2018.03 Mbit/s with framing)
[1;36m[Device: id=1] RX[0m: 0.9009 Mpps, 1873.94 Mbit/s (2018.09 Mbit/s with framing)
[0;34m[Device: id=0] TX[0m: 0.9009 Mpps, 1873.76 Mbit/s (2017.90 Mbit/s with framing)
[1;36m[Device: id=1] RX[0m: 0.9009 Mpps, 1873.85 Mbit/s (2018.00 Mbit/s with framing)
[0;34m[Device: id=0] TX[0m: 0.9010 Mpps, 1873.99 Mbit/s (2018.15 Mbit/s with framing)
[1;36m[Device: id=1] RX[0m: 0.9007 Mpps, 1873.44 Mbit/s (2017.55 Mbit/s with framing)
[0;34m[Device: id=0] TX[0m: 0.9009 Mpps, 1873.77 Mbit/s (2017.91 Mbit/s with framing)
[1;36m[Device: id=1] RX[0m: 0.9009 Mpps, 1873.83 Mbit/s (2017.97 Mbit/s with framing)
[0;34m[Device: id=0] TX[0m: 0.9010 Mpps, 1874.09 Mbit/s (2018.25 Mbit/s with framing)
[1;36m[Device: id=1] RX[0m: 0.9005 Mpps, 1873.11 Mbit/s (2017.19 Mbit/s with framing)
[0;34m[Device: id=0] TX[0m: 0.9009 Mpps, 1873.74 Mbit/s (2017.87 Mbit/s with framing)
[1;36m[Device: id=1] RX[0m: 0.9009 Mpps, 1873.92 Mbit/s (2018.07 Mbit/s with framing)
[0;34m[Device: id=0] TX[0m: 0.9009 Mpps, 1873.81 Mbit/s (2017.95 Mbit/s with framing)
[1;36m[Device: id=1] RX[0m: 0.9009 Mpps, 1873.88 Mbit/s (2018.02 Mbit/s with framing)
[0;34m[Device: id=0] TX[0m: 0.9009 Mpps, 1873.96 Mbit/s (2018.11 Mbit/s with framing)
[1;36m[Device: id=1] RX[0m: 0.9009 Mpps, 1873.86 Mbit/s (2018.01 Mbit/s with framing)
[0;34m[Device: id=0] TX[0m: 0.9009 Mpps, 1873.85 Mbit/s (2017.99 Mbit/s with framing)
[1;36m[Device: id=1] RX[0m: 0.9009 Mpps, 1873.87 Mbit/s (2018.01 Mbit/s with framing)
[0;34m[Device: id=0] TX[0m: 0.9009 Mpps, 1873.84 Mbit/s (2017.98 Mbit/s with framing)
[1;36m[Device: id=1] RX[0m: 0.9009 Mpps, 1873.89 Mbit/s (2018.03 Mbit/s with framing)
[0;34m[Device: id=0] TX[0m: 0.9009 Mpps, 1873.88 Mbit/s (2018.03 Mbit/s with framing)
[1;36m[Device: id=1] RX[0m: 0.9009 Mpps, 1873.93 Mbit/s (2018.08 Mbit/s with framing)
[0;34m[Device: id=0] TX[0m: 0.9009 Mpps, 1873.88 Mbit/s (2018.03 Mbit/s with framing)
[1;36m[Device: id=1] RX[0m: 0.9009 Mpps, 1873.88 Mbit/s (2018.02 Mbit/s with framing)
[0;34m[Device: id=0] TX[0m: 0.9009 Mpps, 1873.88 Mbit/s (2018.03 Mbit/s with framing)
[1;36m[Device: id=1] RX[0m: 0.9009 Mpps, 1873.88 Mbit/s (2018.02 Mbit/s with framing)
[0;34m[Device: id=0] TX[0m: 0.9009 Mpps, 1873.88 Mbit/s (2018.03 Mbit/s with framing)
[1;36m[Device: id=1] RX[0m: 0.9009 Mpps, 1873.82 Mbit/s (2017.96 Mbit/s with framing)
[0;34m[Device: id=0] TX[0m: 0.9009 Mpps, 1873.88 Mbit/s (2018.03 Mbit/s with framing)
[1;36m[Device: id=1] RX[0m: 0.9009 Mpps, 1873.92 Mbit/s (2018.07 Mbit/s with framing)
[0;34m[Device: id=0] TX[0m: 0.9009 Mpps, 1873.90 Mbit/s (2018.05 Mbit/s with framing)
[1;36m[Device: id=1] RX[0m: 0.9009 Mpps, 1873.84 Mbit/s (2017.99 Mbit/s with framing)
[0;34m[Device: id=0] TX[0m: 0.9009 Mpps, 1873.93 Mbit/s (2018.08 Mbit/s with framing)
[1;36m[Device: id=1] RX[0m: 0.9009 Mpps, 1873.87 Mbit/s (2018.02 Mbit/s with framing)
[0;34m[Device: id=0] TX[0m: 0.9009 Mpps, 1873.81 Mbit/s (2017.95 Mbit/s with framing)
[1;36m[Device: id=1] RX[0m: 0.9009 Mpps, 1873.88 Mbit/s (2018.02 Mbit/s with framing)
[0;34m[Device: id=0] TX[0m: 0.9009 Mpps, 1873.88 Mbit/s (2018.03 Mbit/s with framing)
[1;36m[Device: id=1] RX[0m: 0.9009 Mpps, 1873.96 Mbit/s (2018.11 Mbit/s with framing)
[0;34m[Device: id=0] TX[0m: 0.9009 Mpps, 1873.88 Mbit/s (2018.03 Mbit/s with framing)
[1;36m[Device: id=1] RX[0m: 0.9009 Mpps, 1873.84 Mbit/s (2017.99 Mbit/s with framing)
[0;34m[Device: id=0] TX[0m: 0.9009 Mpps, 1873.90 Mbit/s (2018.04 Mbit/s with framing)
[1;36m[Device: id=1] RX[0m: 0.9009 Mpps, 1873.88 Mbit/s (2018.03 Mbit/s with framing)
[0;34m[Device: id=0] TX[0m: 0.9009 Mpps, 1873.87 Mbit/s (2018.01 Mbit/s with framing)
[1;36m[Device: id=1] RX[0m: 0.9009 Mpps, 1873.89 Mbit/s (2018.03 Mbit/s with framing)
[0;34m[Device: id=0] TX[0m: 0.9009 Mpps, 1873.88 Mbit/s (2018.02 Mbit/s with framing)
27
[1;36m[Device: id=1] RX[0m: 0.8704 Mpps, 1810.41 Mbit/s (1949.68 Mbit/s with framing)
[0;34m[Device: id=0] TX[0m: 0.7403 Mpps, 1539.85 Mbit/s (1658.30 Mbit/s with framing)
[1;36m[Device: id=1] RX[0m: 0.0000 Mpps, 0.00 Mbit/s (0.00 Mbit/s with framing)
[0;34m[Device: id=0] TX[0m: 0.0000 Mpps, 0.00 Mbit/s (0.00 Mbit/s with framing)
27000000
[1;36m[Device: id=1] RX[0m: 0.8694 (StdDev 0.1643) Mpps, 1808.30 (StdDev 342) Mbit/s (1947.40 Mbit/s with framing), total 26518063 packets with 6894694976 bytes (incl. CRC)
[0;34m[Device: id=0] TX[0m: 0.8655 (StdDev 0.1661) Mpps, 1800.24 (StdDev 345) Mbit/s (1938.72 Mbit/s with framing), total 27000000 packets with 7020000000 bytes (incl. CRC)
