[1;37m[INFO]  Initializing DPDK. This will take a few seconds...[0m
EAL: Probing VFIO support...
EAL: PCI device 0000:18:00.0 on NUMA socket 0
EAL:   probe driver: 8086:10fb net_ixgbe
EAL: PCI device 0000:18:00.1 on NUMA socket 0
EAL:   probe driver: 8086:10fb net_ixgbe
EAL: PCI device 0000:62:00.0 on NUMA socket 0
EAL:   probe driver: 8086:37d2 net_i40e
EAL: PCI device 0000:62:00.1 on NUMA socket 0
EAL:   probe driver: 8086:37d2 net_i40e
[1;37m[INFO]  Found 3 usable devices:[0m
   Device 0: 00:1B:21:BE:39:14 ([0;32mIntel Corporation 82599ES 10-Gigabit SFI/SFP+ Network Connection[0m)
   Device 1: 00:1B:21:BE:39:16 ([0;32mIntel Corporation 82599ES 10-Gigabit SFI/SFP+ Network Connection[0m)
   Device 2: AC:1F:6B:B9:35:91 ([0;32mIntel Corporation Ethernet Connection X722 for 10GBASE-T[0m)
PMD: ixgbe_dev_link_status_print():  Port 0: Link Down
PMD: ixgbe_dev_link_status_print():  Port 1: Link Down
[1;37m[INFO]  Waiting for devices to come up...[0m
[1;37m[INFO]  Device 1 (00:1B:21:BE:39:16) is up: 10000 MBit/s[0m
[1;37m[INFO]  Device 0 (00:1B:21:BE:39:14) is up: 10000 MBit/s[0m
[1;37m[INFO]  [0;32m2 devices are up.[0m[0m
[1;37m[INFO]  Trying to enable rx timestamping of all packets, this isn't supported by most nics[0m
[0;34m[Device: id=0] TX[0m: 0.8985 Mpps, 9229.46 Mbit/s (9373.22 Mbit/s with framing)
[1;36m[Device: id=1] RX[0m: 0.9186 Mpps, 9436.24 Mbit/s (9583.23 Mbit/s with framing)
[0;34m[Device: id=0] TX[0m: 0.9584 Mpps, 9844.77 Mbit/s (9998.11 Mbit/s with framing)
[1;36m[Device: id=1] RX[0m: 0.9424 Mpps, 9679.97 Mbit/s (9830.75 Mbit/s with framing)
[0;34m[Device: id=0] TX[0m: 0.9585 Mpps, 9845.79 Mbit/s (9999.16 Mbit/s with framing)
[1;36m[Device: id=1] RX[0m: 0.9585 Mpps, 9845.81 Mbit/s (9999.17 Mbit/s with framing)
[0;34m[Device: id=0] TX[0m: 0.9586 Mpps, 9846.89 Mbit/s (10000.27 Mbit/s with framing)
[1;36m[Device: id=1] RX[0m: 0.9585 Mpps, 9845.82 Mbit/s (9999.18 Mbit/s with framing)
[0;34m[Device: id=0] TX[0m: 0.9584 Mpps, 9844.75 Mbit/s (9998.10 Mbit/s with framing)
[1;36m[Device: id=1] RX[0m: 0.9585 Mpps, 9845.81 Mbit/s (9999.17 Mbit/s with framing)
[1;36m[Device: id=1] RX[0m: 0.9585 Mpps, 9845.81 Mbit/s (9999.17 Mbit/s with framing)
[0;34m[Device: id=0] TX[0m: 0.9586 Mpps, 9846.79 Mbit/s (10000.17 Mbit/s with framing)
[1;36m[Device: id=1] RX[0m: 0.9585 Mpps, 9845.81 Mbit/s (9999.17 Mbit/s with framing)
[0;34m[Device: id=0] TX[0m: 0.9585 Mpps, 9845.85 Mbit/s (9999.22 Mbit/s with framing)
[1;36m[Device: id=1] RX[0m: 0.9585 Mpps, 9845.81 Mbit/s (9999.17 Mbit/s with framing)
[0;34m[Device: id=0] TX[0m: 0.9584 Mpps, 9844.84 Mbit/s (9998.18 Mbit/s with framing)
[1;36m[Device: id=1] RX[0m: 0.9585 Mpps, 9845.81 Mbit/s (9999.17 Mbit/s with framing)
[0;34m[Device: id=0] TX[0m: 0.9585 Mpps, 9845.83 Mbit/s (9999.19 Mbit/s with framing)
[1;36m[Device: id=1] RX[0m: 0.9585 Mpps, 9845.82 Mbit/s (9999.18 Mbit/s with framing)
[0;34m[Device: id=0] TX[0m: 0.9586 Mpps, 9846.80 Mbit/s (10000.18 Mbit/s with framing)
[1;36m[Device: id=1] RX[0m: 0.9585 Mpps, 9845.81 Mbit/s (9999.17 Mbit/s with framing)
[0;34m[Device: id=0] TX[0m: 0.9585 Mpps, 9845.76 Mbit/s (9999.11 Mbit/s with framing)
[1;36m[Device: id=1] RX[0m: 0.9585 Mpps, 9845.81 Mbit/s (9999.17 Mbit/s with framing)
[0;34m[Device: id=0] TX[0m: 0.9585 Mpps, 9845.27 Mbit/s (9998.62 Mbit/s with framing)
[1;36m[Device: id=1] RX[0m: 0.9581 Mpps, 9841.57 Mbit/s (9994.87 Mbit/s with framing)
[0;34m[Device: id=0] TX[0m: 0.9585 Mpps, 9845.40 Mbit/s (9998.76 Mbit/s with framing)
[1;36m[Device: id=1] RX[0m: 0.9585 Mpps, 9845.82 Mbit/s (9999.18 Mbit/s with framing)
[0;34m[Device: id=0] TX[0m: 0.9585 Mpps, 9845.83 Mbit/s (9999.19 Mbit/s with framing)
[1;36m[Device: id=1] RX[0m: 0.9585 Mpps, 9845.81 Mbit/s (9999.17 Mbit/s with framing)
[0;34m[Device: id=0] TX[0m: 0.9585 Mpps, 9845.83 Mbit/s (9999.19 Mbit/s with framing)
[1;36m[Device: id=1] RX[0m: 0.9585 Mpps, 9845.81 Mbit/s (9999.18 Mbit/s with framing)
[0;34m[Device: id=0] TX[0m: 0.9585 Mpps, 9846.21 Mbit/s (9999.58 Mbit/s with framing)
[1;36m[Device: id=1] RX[0m: 0.9585 Mpps, 9845.81 Mbit/s (9999.17 Mbit/s with framing)
[0;34m[Device: id=0] TX[0m: 0.9585 Mpps, 9845.44 Mbit/s (9998.79 Mbit/s with framing)
[1;36m[Device: id=1] RX[0m: 0.9585 Mpps, 9845.81 Mbit/s (9999.18 Mbit/s with framing)
[0;34m[Device: id=0] TX[0m: 0.9585 Mpps, 9845.82 Mbit/s (9999.18 Mbit/s with framing)
[1;36m[Device: id=1] RX[0m: 0.9585 Mpps, 9845.81 Mbit/s (9999.17 Mbit/s with framing)
[0;34m[Device: id=0] TX[0m: 0.9586 Mpps, 9846.37 Mbit/s (9999.74 Mbit/s with framing)
[1;36m[Device: id=1] RX[0m: 0.9585 Mpps, 9845.82 Mbit/s (9999.18 Mbit/s with framing)
[0;34m[Device: id=0] TX[0m: 0.9585 Mpps, 9845.29 Mbit/s (9998.64 Mbit/s with framing)
[1;36m[Device: id=1] RX[0m: 0.9585 Mpps, 9845.81 Mbit/s (9999.17 Mbit/s with framing)
[0;34m[Device: id=0] TX[0m: 0.9585 Mpps, 9845.90 Mbit/s (9999.26 Mbit/s with framing)
[1;36m[Device: id=1] RX[0m: 0.9585 Mpps, 9845.81 Mbit/s (9999.18 Mbit/s with framing)
[0;34m[Device: id=0] TX[0m: 0.9585 Mpps, 9845.75 Mbit/s (9999.11 Mbit/s with framing)
[1;36m[Device: id=1] RX[0m: 0.9585 Mpps, 9845.81 Mbit/s (9999.17 Mbit/s with framing)
[0;34m[Device: id=0] TX[0m: 0.9585 Mpps, 9846.25 Mbit/s (9999.62 Mbit/s with framing)
[1;36m[Device: id=1] RX[0m: 0.9585 Mpps, 9845.81 Mbit/s (9999.17 Mbit/s with framing)
[0;34m[Device: id=0] TX[0m: 0.9585 Mpps, 9845.40 Mbit/s (9998.76 Mbit/s with framing)
[1;36m[Device: id=1] RX[0m: 0.9585 Mpps, 9845.81 Mbit/s (9999.18 Mbit/s with framing)
[0;34m[Device: id=0] TX[0m: 0.9585 Mpps, 9845.82 Mbit/s (9999.18 Mbit/s with framing)
[1;36m[Device: id=1] RX[0m: 0.9585 Mpps, 9845.81 Mbit/s (9999.17 Mbit/s with framing)
[0;34m[Device: id=0] TX[0m: 0.9585 Mpps, 9845.83 Mbit/s (9999.19 Mbit/s with framing)
[1;36m[Device: id=1] RX[0m: 0.9585 Mpps, 9845.80 Mbit/s (9999.17 Mbit/s with framing)
[0;34m[Device: id=0] TX[0m: 0.9585 Mpps, 9845.83 Mbit/s (9999.19 Mbit/s with framing)
[1;36m[Device: id=1] RX[0m: 0.9585 Mpps, 9845.82 Mbit/s (9999.18 Mbit/s with framing)
[0;34m[Device: id=0] TX[0m: 0.9585 Mpps, 9846.21 Mbit/s (9999.58 Mbit/s with framing)
[1;36m[Device: id=1] RX[0m: 0.9585 Mpps, 9845.81 Mbit/s (9999.17 Mbit/s with framing)
[0;34m[Device: id=0] TX[0m: 0.9585 Mpps, 9845.63 Mbit/s (9998.98 Mbit/s with framing)
[1;36m[Device: id=1] RX[0m: 0.9585 Mpps, 9845.81 Mbit/s (9999.17 Mbit/s with framing)
[0;34m[Device: id=0] TX[0m: 0.9585 Mpps, 9845.64 Mbit/s (9999.01 Mbit/s with framing)
[1;36m[Device: id=1] RX[0m: 0.9585 Mpps, 9845.81 Mbit/s (9999.18 Mbit/s with framing)
[0;34m[Device: id=0] TX[0m: 0.9585 Mpps, 9845.83 Mbit/s (9999.19 Mbit/s with framing)
30
[1;36m[Device: id=1] RX[0m: 0.3218 Mpps, 3305.53 Mbit/s (3357.02 Mbit/s with framing)
[0;34m[Device: id=0] TX[0m: 0.1705 Mpps, 1751.20 Mbit/s (1778.48 Mbit/s with framing)
30000000
[1;36m[Device: id=1] RX[0m: 0.9374 (StdDev 0.1143) Mpps, 9629.35 (StdDev 1174) Mbit/s (9779.34 Mbit/s with framing), total 29979239 packets with 38493330872 bytes (incl. CRC)
[0;34m[Device: id=0] TX[0m: 0.9331 (StdDev 0.1415) Mpps, 9584.67 (StdDev 1454) Mbit/s (9733.97 Mbit/s with framing), total 30000000 packets with 38520000000 bytes (incl. CRC)
