[1;37m[INFO]  Initializing DPDK. This will take a few seconds...[0m
EAL: Probing VFIO support...
EAL: PCI device 0000:18:00.0 on NUMA socket 0
EAL:   probe driver: 8086:10fb net_ixgbe
EAL: PCI device 0000:18:00.1 on NUMA socket 0
EAL:   probe driver: 8086:10fb net_ixgbe
EAL: PCI device 0000:62:00.0 on NUMA socket 0
EAL:   probe driver: 8086:37d2 net_i40e
EAL: PCI device 0000:62:00.1 on NUMA socket 0
EAL:   probe driver: 8086:37d2 net_i40e
[1;37m[INFO]  Found 3 usable devices:[0m
   Device 0: 00:1B:21:BE:39:14 ([0;32mIntel Corporation 82599ES 10-Gigabit SFI/SFP+ Network Connection[0m)
   Device 1: 00:1B:21:BE:39:16 ([0;32mIntel Corporation 82599ES 10-Gigabit SFI/SFP+ Network Connection[0m)
   Device 2: AC:1F:6B:B9:35:91 ([0;32mIntel Corporation Ethernet Connection X722 for 10GBASE-T[0m)
PMD: ixgbe_dev_link_status_print():  Port 0: Link Down
PMD: ixgbe_dev_link_status_print(): Port 1: Link Up - speed 0 Mbps - half-duplex
[1;37m[INFO]  Waiting for devices to come up...[0m
[1;37m[INFO]  Device 1 (00:1B:21:BE:39:16) is up: 10000 MBit/s[0m
[1;37m[INFO]  Device 0 (00:1B:21:BE:39:14) is up: 10000 MBit/s[0m
[1;37m[INFO]  [0;32m2 devices are up.[0m[0m
[1;37m[INFO]  Trying to enable rx timestamping of all packets, this isn't supported by most nics[0m
[0;34m[Device: id=0] TX[0m: 1.0765 Mpps, 8853.54 Mbit/s (9025.79 Mbit/s with framing)
[1;36m[Device: id=1] RX[0m: 0.2059 Mpps, 1693.03 Mbit/s (1725.97 Mbit/s with framing)
[0;34m[Device: id=0] TX[0m: 1.1005 Mpps, 9050.63 Mbit/s (9226.71 Mbit/s with framing)
[1;36m[Device: id=1] RX[0m: 1.0820 Mpps, 8898.03 Mbit/s (9071.15 Mbit/s with framing)
[0;34m[Device: id=0] TX[0m: 1.1006 Mpps, 9051.52 Mbit/s (9227.62 Mbit/s with framing)
[1;36m[Device: id=1] RX[0m: 1.1006 Mpps, 9051.60 Mbit/s (9227.70 Mbit/s with framing)
[0;34m[Device: id=0] TX[0m: 1.1006 Mpps, 9051.60 Mbit/s (9227.70 Mbit/s with framing)
[1;36m[Device: id=1] RX[0m: 1.1006 Mpps, 9051.56 Mbit/s (9227.66 Mbit/s with framing)
[1;36m[Device: id=1] RX[0m: 1.1006 Mpps, 9051.55 Mbit/s (9227.65 Mbit/s with framing)
[0;34m[Device: id=0] TX[0m: 1.1007 Mpps, 9052.55 Mbit/s (9228.67 Mbit/s with framing)
[1;36m[Device: id=1] RX[0m: 1.1006 Mpps, 9051.58 Mbit/s (9227.68 Mbit/s with framing)
[0;34m[Device: id=0] TX[0m: 1.1005 Mpps, 9050.64 Mbit/s (9226.73 Mbit/s with framing)
[1;36m[Device: id=1] RX[0m: 1.1006 Mpps, 9051.73 Mbit/s (9227.83 Mbit/s with framing)
[0;34m[Device: id=0] TX[0m: 1.1006 Mpps, 9051.60 Mbit/s (9227.70 Mbit/s with framing)
[1;36m[Device: id=1] RX[0m: 1.1006 Mpps, 9051.62 Mbit/s (9227.72 Mbit/s with framing)
[0;34m[Device: id=0] TX[0m: 1.1007 Mpps, 9052.56 Mbit/s (9228.68 Mbit/s with framing)
[1;36m[Device: id=1] RX[0m: 1.1006 Mpps, 9051.57 Mbit/s (9227.67 Mbit/s with framing)
[0;34m[Device: id=0] TX[0m: 1.1005 Mpps, 9050.63 Mbit/s (9226.72 Mbit/s with framing)
[1;36m[Device: id=1] RX[0m: 1.1006 Mpps, 9051.60 Mbit/s (9227.71 Mbit/s with framing)
[0;34m[Device: id=0] TX[0m: 1.1006 Mpps, 9051.60 Mbit/s (9227.71 Mbit/s with framing)
[1;36m[Device: id=1] RX[0m: 1.1006 Mpps, 9051.54 Mbit/s (9227.64 Mbit/s with framing)
[0;34m[Device: id=0] TX[0m: 1.1008 Mpps, 9053.50 Mbit/s (9229.63 Mbit/s with framing)
[1;36m[Device: id=1] RX[0m: 1.1006 Mpps, 9051.64 Mbit/s (9227.75 Mbit/s with framing)
[0;34m[Device: id=0] TX[0m: 1.1004 Mpps, 9049.64 Mbit/s (9225.71 Mbit/s with framing)
[1;36m[Device: id=1] RX[0m: 1.1006 Mpps, 9051.59 Mbit/s (9227.69 Mbit/s with framing)
[0;34m[Device: id=0] TX[0m: 1.1006 Mpps, 9051.59 Mbit/s (9227.70 Mbit/s with framing)
[1;36m[Device: id=1] RX[0m: 1.1002 Mpps, 9047.64 Mbit/s (9223.67 Mbit/s with framing)
[0;34m[Device: id=0] TX[0m: 1.1007 Mpps, 9051.85 Mbit/s (9227.95 Mbit/s with framing)
[1;36m[Device: id=1] RX[0m: 1.1006 Mpps, 9051.60 Mbit/s (9227.70 Mbit/s with framing)
[0;34m[Device: id=0] TX[0m: 1.1006 Mpps, 9051.35 Mbit/s (9227.45 Mbit/s with framing)
[1;36m[Device: id=1] RX[0m: 1.1006 Mpps, 9051.56 Mbit/s (9227.66 Mbit/s with framing)
[0;34m[Device: id=0] TX[0m: 1.1006 Mpps, 9051.60 Mbit/s (9227.70 Mbit/s with framing)
[1;36m[Device: id=1] RX[0m: 1.1002 Mpps, 9047.71 Mbit/s (9223.74 Mbit/s with framing)
[0;34m[Device: id=0] TX[0m: 1.1007 Mpps, 9052.01 Mbit/s (9228.11 Mbit/s with framing)
[1;36m[Device: id=1] RX[0m: 1.1006 Mpps, 9051.69 Mbit/s (9227.80 Mbit/s with framing)
[0;34m[Device: id=0] TX[0m: 1.1006 Mpps, 9051.18 Mbit/s (9227.28 Mbit/s with framing)
[1;36m[Device: id=1] RX[0m: 1.1006 Mpps, 9051.53 Mbit/s (9227.63 Mbit/s with framing)
[0;34m[Device: id=0] TX[0m: 1.1006 Mpps, 9051.60 Mbit/s (9227.71 Mbit/s with framing)
[1;36m[Device: id=1] RX[0m: 1.1006 Mpps, 9051.60 Mbit/s (9227.70 Mbit/s with framing)
[0;34m[Device: id=0] TX[0m: 1.1006 Mpps, 9051.60 Mbit/s (9227.70 Mbit/s with framing)
[1;36m[Device: id=1] RX[0m: 1.1002 Mpps, 9048.35 Mbit/s (9224.39 Mbit/s with framing)
[0;34m[Device: id=0] TX[0m: 1.1007 Mpps, 9052.00 Mbit/s (9228.11 Mbit/s with framing)
[1;36m[Device: id=1] RX[0m: 1.1006 Mpps, 9051.59 Mbit/s (9227.69 Mbit/s with framing)
[0;34m[Device: id=0] TX[0m: 1.1006 Mpps, 9051.20 Mbit/s (9227.29 Mbit/s with framing)
[1;36m[Device: id=1] RX[0m: 1.1006 Mpps, 9051.49 Mbit/s (9227.59 Mbit/s with framing)
[0;34m[Device: id=0] TX[0m: 1.1006 Mpps, 9051.59 Mbit/s (9227.69 Mbit/s with framing)
[1;36m[Device: id=1] RX[0m: 1.1006 Mpps, 9051.72 Mbit/s (9227.83 Mbit/s with framing)
[0;34m[Device: id=0] TX[0m: 1.1006 Mpps, 9051.61 Mbit/s (9227.71 Mbit/s with framing)
[1;36m[Device: id=1] RX[0m: 1.1006 Mpps, 9051.65 Mbit/s (9227.75 Mbit/s with framing)
[0;34m[Device: id=0] TX[0m: 1.1006 Mpps, 9051.58 Mbit/s (9227.69 Mbit/s with framing)
[1;36m[Device: id=1] RX[0m: 1.1003 Mpps, 9048.61 Mbit/s (9224.65 Mbit/s with framing)
[0;34m[Device: id=0] TX[0m: 1.1007 Mpps, 9051.97 Mbit/s (9228.08 Mbit/s with framing)
[1;36m[Device: id=1] RX[0m: 1.1006 Mpps, 9051.48 Mbit/s (9227.58 Mbit/s with framing)
[0;34m[Device: id=0] TX[0m: 1.1006 Mpps, 9051.23 Mbit/s (9227.32 Mbit/s with framing)
[1;36m[Device: id=1] RX[0m: 1.1006 Mpps, 9051.63 Mbit/s (9227.73 Mbit/s with framing)
[0;34m[Device: id=0] TX[0m: 1.1006 Mpps, 9051.61 Mbit/s (9227.71 Mbit/s with framing)
[1;36m[Device: id=1] RX[0m: 1.1006 Mpps, 9051.63 Mbit/s (9227.73 Mbit/s with framing)
[0;34m[Device: id=0] TX[0m: 1.1006 Mpps, 9051.59 Mbit/s (9227.69 Mbit/s with framing)
33
[1;36m[Device: id=1] RX[0m: 1.0714 Mpps, 8811.38 Mbit/s (8982.81 Mbit/s with framing)
[0;34m[Device: id=0] TX[0m: 0.9050 Mpps, 7442.50 Mbit/s (7587.29 Mbit/s with framing)
[1;36m[Device: id=1] RX[0m: 0.0000 Mpps, 0.00 Mbit/s (0.00 Mbit/s with framing)
[0;34m[Device: id=0] TX[0m: 0.0000 Mpps, 0.00 Mbit/s (0.00 Mbit/s with framing)
33000000
[1;36m[Device: id=1] RX[0m: 1.0623 (StdDev 0.2007) Mpps, 8736.28 (StdDev 1651) Mbit/s (8906.25 Mbit/s with framing), total 32074689 packets with 32972770848 bytes (incl. CRC)
[0;34m[Device: id=0] TX[0m: 1.0574 (StdDev 0.2029) Mpps, 8696.20 (StdDev 1668) Mbit/s (8865.39 Mbit/s with framing), total 33000000 packets with 33924000000 bytes (incl. CRC)
