[1;37m[INFO]  Initializing DPDK. This will take a few seconds...[0m
EAL: Probing VFIO support...
EAL: PCI device 0000:18:00.0 on NUMA socket 0
EAL:   probe driver: 8086:10fb net_ixgbe
EAL: PCI device 0000:18:00.1 on NUMA socket 0
EAL:   probe driver: 8086:10fb net_ixgbe
EAL: PCI device 0000:62:00.0 on NUMA socket 0
EAL:   probe driver: 8086:37d2 net_i40e
EAL: PCI device 0000:62:00.1 on NUMA socket 0
EAL:   probe driver: 8086:37d2 net_i40e
[1;37m[INFO]  Found 3 usable devices:[0m
   Device 0: 00:1B:21:BE:39:14 ([0;32mIntel Corporation 82599ES 10-Gigabit SFI/SFP+ Network Connection[0m)
   Device 1: 00:1B:21:BE:39:16 ([0;32mIntel Corporation 82599ES 10-Gigabit SFI/SFP+ Network Connection[0m)
   Device 2: AC:1F:6B:B9:35:91 ([0;32mIntel Corporation Ethernet Connection X722 for 10GBASE-T[0m)
PMD: ixgbe_dev_link_status_print():  Port 0: Link Down
PMD: ixgbe_dev_link_status_print():  Port 1: Link Down
[1;37m[INFO]  Waiting for devices to come up...[0m
[1;37m[INFO]  Device 0 (00:1B:21:BE:39:14) is up: 10000 MBit/s[0m
[1;37m[INFO]  Device 1 (00:1B:21:BE:39:16) is up: 10000 MBit/s[0m
[1;37m[INFO]  [0;32m2 devices are up.[0m[0m
[1;37m[INFO]  Trying to enable rx timestamping of all packets, this isn't supported by most nics[0m
[0;34m[Device: id=0] TX[0m: 0.3915 Mpps, 3219.96 Mbit/s (3282.61 Mbit/s with framing)
[1;36m[Device: id=1] RX[0m: 0.1206 Mpps, 991.70 Mbit/s (1010.99 Mbit/s with framing)
[0;34m[Device: id=0] TX[0m: 0.4000 Mpps, 3289.24 Mbit/s (3353.23 Mbit/s with framing)
[1;36m[Device: id=1] RX[0m: 0.3937 Mpps, 3237.38 Mbit/s (3300.37 Mbit/s with framing)
[0;34m[Device: id=0] TX[0m: 0.4000 Mpps, 3289.60 Mbit/s (3353.60 Mbit/s with framing)
[1;36m[Device: id=1] RX[0m: 0.4000 Mpps, 3289.45 Mbit/s (3353.45 Mbit/s with framing)
[0;34m[Device: id=0] TX[0m: 0.4000 Mpps, 3289.61 Mbit/s (3353.61 Mbit/s with framing)
[1;36m[Device: id=1] RX[0m: 0.4000 Mpps, 3289.66 Mbit/s (3353.66 Mbit/s with framing)
[1;36m[Device: id=1] RX[0m: 0.4000 Mpps, 3289.59 Mbit/s (3353.59 Mbit/s with framing)
[0;34m[Device: id=0] TX[0m: 0.4000 Mpps, 3289.95 Mbit/s (3353.96 Mbit/s with framing)
[1;36m[Device: id=1] RX[0m: 0.4000 Mpps, 3289.57 Mbit/s (3353.57 Mbit/s with framing)
[0;34m[Device: id=0] TX[0m: 0.4000 Mpps, 3289.63 Mbit/s (3353.63 Mbit/s with framing)
[1;36m[Device: id=1] RX[0m: 0.4000 Mpps, 3289.71 Mbit/s (3353.72 Mbit/s with framing)
[0;34m[Device: id=0] TX[0m: 0.4000 Mpps, 3289.26 Mbit/s (3353.25 Mbit/s with framing)
[1;36m[Device: id=1] RX[0m: 0.4000 Mpps, 3289.48 Mbit/s (3353.48 Mbit/s with framing)
[0;34m[Device: id=0] TX[0m: 0.4000 Mpps, 3289.94 Mbit/s (3353.95 Mbit/s with framing)
[1;36m[Device: id=1] RX[0m: 0.4000 Mpps, 3289.76 Mbit/s (3353.77 Mbit/s with framing)
[0;34m[Device: id=0] TX[0m: 0.4000 Mpps, 3289.28 Mbit/s (3353.27 Mbit/s with framing)
[1;36m[Device: id=1] RX[0m: 0.4000 Mpps, 3289.68 Mbit/s (3353.68 Mbit/s with framing)
[0;34m[Device: id=0] TX[0m: 0.4000 Mpps, 3289.96 Mbit/s (3353.97 Mbit/s with framing)
[1;36m[Device: id=1] RX[0m: 0.4000 Mpps, 3289.58 Mbit/s (3353.58 Mbit/s with framing)
[0;34m[Device: id=0] TX[0m: 0.4000 Mpps, 3289.51 Mbit/s (3353.51 Mbit/s with framing)
[1;36m[Device: id=1] RX[0m: 0.4000 Mpps, 3289.57 Mbit/s (3353.57 Mbit/s with framing)
[0;34m[Device: id=0] TX[0m: 0.4000 Mpps, 3289.47 Mbit/s (3353.47 Mbit/s with framing)
[1;36m[Device: id=1] RX[0m: 0.4000 Mpps, 3289.44 Mbit/s (3353.44 Mbit/s with framing)
[0;34m[Device: id=0] TX[0m: 0.4000 Mpps, 3289.48 Mbit/s (3353.48 Mbit/s with framing)
[1;36m[Device: id=1] RX[0m: 0.4000 Mpps, 3289.70 Mbit/s (3353.71 Mbit/s with framing)
[0;34m[Device: id=0] TX[0m: 0.4000 Mpps, 3289.67 Mbit/s (3353.67 Mbit/s with framing)
[1;36m[Device: id=1] RX[0m: 0.4000 Mpps, 3289.59 Mbit/s (3353.59 Mbit/s with framing)
[0;34m[Device: id=0] TX[0m: 0.4000 Mpps, 3289.53 Mbit/s (3353.53 Mbit/s with framing)
[1;36m[Device: id=1] RX[0m: 0.4000 Mpps, 3289.60 Mbit/s (3353.60 Mbit/s with framing)
[0;34m[Device: id=0] TX[0m: 0.4000 Mpps, 3289.75 Mbit/s (3353.76 Mbit/s with framing)
[1;36m[Device: id=1] RX[0m: 0.4000 Mpps, 3289.84 Mbit/s (3353.84 Mbit/s with framing)
[0;34m[Device: id=0] TX[0m: 0.4000 Mpps, 3289.49 Mbit/s (3353.48 Mbit/s with framing)
[1;36m[Device: id=1] RX[0m: 0.4000 Mpps, 3289.51 Mbit/s (3353.51 Mbit/s with framing)
[0;34m[Device: id=0] TX[0m: 0.4000 Mpps, 3289.59 Mbit/s (3353.59 Mbit/s with framing)
[1;36m[Device: id=1] RX[0m: 0.4000 Mpps, 3289.48 Mbit/s (3353.48 Mbit/s with framing)
[0;34m[Device: id=0] TX[0m: 0.4000 Mpps, 3289.61 Mbit/s (3353.61 Mbit/s with framing)
[1;36m[Device: id=1] RX[0m: 0.4000 Mpps, 3289.59 Mbit/s (3353.59 Mbit/s with framing)
[0;34m[Device: id=0] TX[0m: 0.4000 Mpps, 3289.61 Mbit/s (3353.61 Mbit/s with framing)
[1;36m[Device: id=1] RX[0m: 0.4000 Mpps, 3289.59 Mbit/s (3353.59 Mbit/s with framing)
[0;34m[Device: id=0] TX[0m: 0.4000 Mpps, 3289.60 Mbit/s (3353.60 Mbit/s with framing)
[1;36m[Device: id=1] RX[0m: 0.4000 Mpps, 3289.61 Mbit/s (3353.61 Mbit/s with framing)
[0;34m[Device: id=0] TX[0m: 0.4000 Mpps, 3289.78 Mbit/s (3353.78 Mbit/s with framing)
[1;36m[Device: id=1] RX[0m: 0.4000 Mpps, 3289.63 Mbit/s (3353.63 Mbit/s with framing)
[0;34m[Device: id=0] TX[0m: 0.4000 Mpps, 3289.44 Mbit/s (3353.44 Mbit/s with framing)
[1;36m[Device: id=1] RX[0m: 0.4000 Mpps, 3289.51 Mbit/s (3353.51 Mbit/s with framing)
[0;34m[Device: id=0] TX[0m: 0.4000 Mpps, 3289.61 Mbit/s (3353.61 Mbit/s with framing)
[1;36m[Device: id=1] RX[0m: 0.4000 Mpps, 3289.62 Mbit/s (3353.62 Mbit/s with framing)
[0;34m[Device: id=0] TX[0m: 0.4000 Mpps, 3289.61 Mbit/s (3353.61 Mbit/s with framing)
[1;36m[Device: id=1] RX[0m: 0.4000 Mpps, 3289.89 Mbit/s (3353.89 Mbit/s with framing)
[0;34m[Device: id=0] TX[0m: 0.4000 Mpps, 3289.60 Mbit/s (3353.60 Mbit/s with framing)
[1;36m[Device: id=1] RX[0m: 0.4000 Mpps, 3289.65 Mbit/s (3353.66 Mbit/s with framing)
[0;34m[Device: id=0] TX[0m: 0.4000 Mpps, 3289.61 Mbit/s (3353.61 Mbit/s with framing)
[1;36m[Device: id=1] RX[0m: 0.4000 Mpps, 3289.53 Mbit/s (3353.53 Mbit/s with framing)
[0;34m[Device: id=0] TX[0m: 0.4000 Mpps, 3289.74 Mbit/s (3353.74 Mbit/s with framing)
[1;36m[Device: id=1] RX[0m: 0.4000 Mpps, 3289.48 Mbit/s (3353.48 Mbit/s with framing)
[0;34m[Device: id=0] TX[0m: 0.4000 Mpps, 3289.48 Mbit/s (3353.48 Mbit/s with framing)
12
[1;36m[Device: id=1] RX[0m: 0.3979 Mpps, 3271.92 Mbit/s (3335.58 Mbit/s with framing)
[0;34m[Device: id=0] TX[0m: 0.3370 Mpps, 2771.57 Mbit/s (2825.49 Mbit/s with framing)
[1;36m[Device: id=1] RX[0m: 0.0000 Mpps, 0.00 Mbit/s (0.00 Mbit/s with framing)
[0;34m[Device: id=0] TX[0m: 0.0000 Mpps, 0.00 Mbit/s (0.00 Mbit/s with framing)
12000000
[1;36m[Device: id=1] RX[0m: 0.3864 (StdDev 0.0730) Mpps, 3177.62 (StdDev 600) Mbit/s (3239.44 Mbit/s with framing), total 11712436 packets with 12040374764 bytes (incl. CRC)
[0;34m[Device: id=0] TX[0m: 0.3846 (StdDev 0.0735) Mpps, 3162.67 (StdDev 605) Mbit/s (3224.20 Mbit/s with framing), total 12000000 packets with 12336000000 bytes (incl. CRC)
