[1;37m[INFO]  Initializing DPDK. This will take a few seconds...[0m
EAL: Probing VFIO support...
EAL: PCI device 0000:18:00.0 on NUMA socket 0
EAL:   probe driver: 8086:10fb net_ixgbe
EAL: PCI device 0000:18:00.1 on NUMA socket 0
EAL:   probe driver: 8086:10fb net_ixgbe
EAL: PCI device 0000:62:00.0 on NUMA socket 0
EAL:   probe driver: 8086:37d2 net_i40e
EAL: PCI device 0000:62:00.1 on NUMA socket 0
EAL:   probe driver: 8086:37d2 net_i40e
[1;37m[INFO]  Found 3 usable devices:[0m
   Device 0: 00:1B:21:BE:39:14 ([0;32mIntel Corporation 82599ES 10-Gigabit SFI/SFP+ Network Connection[0m)
   Device 1: 00:1B:21:BE:39:16 ([0;32mIntel Corporation 82599ES 10-Gigabit SFI/SFP+ Network Connection[0m)
   Device 2: AC:1F:6B:B9:35:91 ([0;32mIntel Corporation Ethernet Connection X722 for 10GBASE-T[0m)
PMD: ixgbe_dev_link_status_print():  Port 0: Link Down
PMD: ixgbe_dev_link_status_print():  Port 1: Link Down
[1;37m[INFO]  Waiting for devices to come up...[0m
[1;37m[INFO]  Device 1 (00:1B:21:BE:39:16) is up: 10000 MBit/s[0m
[1;37m[INFO]  Device 0 (00:1B:21:BE:39:14) is up: 10000 MBit/s[0m
[1;37m[INFO]  [0;32m2 devices are up.[0m[0m
[1;37m[INFO]  Trying to enable rx timestamping of all packets, this isn't supported by most nics[0m
[0;34m[Device: id=0] TX[0m: 1.1210 Mpps, 9219.57 Mbit/s (9398.94 Mbit/s with framing)
[1;36m[Device: id=1] RX[0m: 1.1448 Mpps, 9415.18 Mbit/s (9598.35 Mbit/s with framing)
[0;34m[Device: id=0] TX[0m: 1.1925 Mpps, 9807.32 Mbit/s (9998.13 Mbit/s with framing)
[1;36m[Device: id=1] RX[0m: 1.1725 Mpps, 9642.34 Mbit/s (9829.93 Mbit/s with framing)
[0;34m[Device: id=0] TX[0m: 1.1926 Mpps, 9808.26 Mbit/s (9999.08 Mbit/s with framing)
[1;36m[Device: id=1] RX[0m: 1.1927 Mpps, 9808.36 Mbit/s (9999.18 Mbit/s with framing)
[0;34m[Device: id=0] TX[0m: 1.1927 Mpps, 9808.37 Mbit/s (9999.19 Mbit/s with framing)
[1;36m[Device: id=1] RX[0m: 1.1927 Mpps, 9808.36 Mbit/s (9999.18 Mbit/s with framing)
[1;36m[Device: id=1] RX[0m: 1.1921 Mpps, 9803.50 Mbit/s (9994.23 Mbit/s with framing)
[0;34m[Device: id=0] TX[0m: 1.1928 Mpps, 9809.42 Mbit/s (10000.26 Mbit/s with framing)
[1;36m[Device: id=1] RX[0m: 1.1927 Mpps, 9808.36 Mbit/s (9999.18 Mbit/s with framing)
[0;34m[Device: id=0] TX[0m: 1.1925 Mpps, 9807.32 Mbit/s (9998.13 Mbit/s with framing)
[1;36m[Device: id=1] RX[0m: 1.1922 Mpps, 9805.01 Mbit/s (9995.77 Mbit/s with framing)
[0;34m[Device: id=0] TX[0m: 1.1928 Mpps, 9809.41 Mbit/s (10000.26 Mbit/s with framing)
[1;36m[Device: id=1] RX[0m: 1.1923 Mpps, 9805.70 Mbit/s (9996.48 Mbit/s with framing)
[0;34m[Device: id=0] TX[0m: 1.1927 Mpps, 9808.37 Mbit/s (9999.20 Mbit/s with framing)
[1;36m[Device: id=1] RX[0m: 1.1927 Mpps, 9808.36 Mbit/s (9999.18 Mbit/s with framing)
[0;34m[Device: id=0] TX[0m: 1.1925 Mpps, 9807.47 Mbit/s (9998.28 Mbit/s with framing)
[1;36m[Device: id=1] RX[0m: 1.1922 Mpps, 9804.95 Mbit/s (9995.71 Mbit/s with framing)
[0;34m[Device: id=0] TX[0m: 1.1928 Mpps, 9809.24 Mbit/s (10000.08 Mbit/s with framing)
[1;36m[Device: id=1] RX[0m: 1.1927 Mpps, 9808.37 Mbit/s (9999.19 Mbit/s with framing)
[0;34m[Device: id=0] TX[0m: 1.1926 Mpps, 9807.87 Mbit/s (9998.68 Mbit/s with framing)
[1;36m[Device: id=1] RX[0m: 1.1927 Mpps, 9808.36 Mbit/s (9999.18 Mbit/s with framing)
[0;34m[Device: id=0] TX[0m: 1.1927 Mpps, 9808.28 Mbit/s (9999.10 Mbit/s with framing)
[1;36m[Device: id=1] RX[0m: 1.1927 Mpps, 9808.36 Mbit/s (9999.18 Mbit/s with framing)
[0;34m[Device: id=0] TX[0m: 1.1926 Mpps, 9807.93 Mbit/s (9998.75 Mbit/s with framing)
[1;36m[Device: id=1] RX[0m: 1.1927 Mpps, 9808.36 Mbit/s (9999.19 Mbit/s with framing)
[0;34m[Device: id=0] TX[0m: 1.1927 Mpps, 9808.37 Mbit/s (9999.20 Mbit/s with framing)
[1;36m[Device: id=1] RX[0m: 1.1927 Mpps, 9808.36 Mbit/s (9999.18 Mbit/s with framing)
[0;34m[Device: id=0] TX[0m: 1.1927 Mpps, 9808.72 Mbit/s (9999.55 Mbit/s with framing)
[1;36m[Device: id=1] RX[0m: 1.1927 Mpps, 9808.36 Mbit/s (9999.18 Mbit/s with framing)
[0;34m[Device: id=0] TX[0m: 1.1927 Mpps, 9808.03 Mbit/s (9998.86 Mbit/s with framing)
[1;36m[Device: id=1] RX[0m: 1.1927 Mpps, 9808.36 Mbit/s (9999.18 Mbit/s with framing)
[0;34m[Device: id=0] TX[0m: 1.1927 Mpps, 9808.80 Mbit/s (9999.63 Mbit/s with framing)
[1;36m[Device: id=1] RX[0m: 1.1927 Mpps, 9808.36 Mbit/s (9999.19 Mbit/s with framing)
[0;34m[Device: id=0] TX[0m: 1.1926 Mpps, 9807.96 Mbit/s (9998.78 Mbit/s with framing)
[1;36m[Device: id=1] RX[0m: 1.1927 Mpps, 9808.36 Mbit/s (9999.19 Mbit/s with framing)
[0;34m[Device: id=0] TX[0m: 1.1927 Mpps, 9808.37 Mbit/s (9999.19 Mbit/s with framing)
[1;36m[Device: id=1] RX[0m: 1.1927 Mpps, 9808.36 Mbit/s (9999.19 Mbit/s with framing)
[0;34m[Device: id=0] TX[0m: 1.1927 Mpps, 9808.38 Mbit/s (9999.21 Mbit/s with framing)
[1;36m[Device: id=1] RX[0m: 1.1927 Mpps, 9808.36 Mbit/s (9999.18 Mbit/s with framing)
[0;34m[Device: id=0] TX[0m: 1.1927 Mpps, 9808.37 Mbit/s (9999.20 Mbit/s with framing)
[1;36m[Device: id=1] RX[0m: 1.1927 Mpps, 9808.36 Mbit/s (9999.18 Mbit/s with framing)
[0;34m[Device: id=0] TX[0m: 1.1927 Mpps, 9808.38 Mbit/s (9999.20 Mbit/s with framing)
[1;36m[Device: id=1] RX[0m: 1.1927 Mpps, 9808.36 Mbit/s (9999.19 Mbit/s with framing)
[0;34m[Device: id=0] TX[0m: 1.1927 Mpps, 9808.84 Mbit/s (9999.67 Mbit/s with framing)
[1;36m[Device: id=1] RX[0m: 1.1927 Mpps, 9808.37 Mbit/s (9999.19 Mbit/s with framing)
[0;34m[Device: id=0] TX[0m: 1.1926 Mpps, 9808.23 Mbit/s (9999.05 Mbit/s with framing)
[1;36m[Device: id=1] RX[0m: 1.1926 Mpps, 9808.35 Mbit/s (9999.17 Mbit/s with framing)
[0;34m[Device: id=0] TX[0m: 1.1927 Mpps, 9808.06 Mbit/s (9998.89 Mbit/s with framing)
[1;36m[Device: id=1] RX[0m: 1.1927 Mpps, 9808.37 Mbit/s (9999.19 Mbit/s with framing)
[0;34m[Device: id=0] TX[0m: 1.1927 Mpps, 9808.38 Mbit/s (9999.20 Mbit/s with framing)
[1;36m[Device: id=1] RX[0m: 1.1927 Mpps, 9808.36 Mbit/s (9999.19 Mbit/s with framing)
[0;34m[Device: id=0] TX[0m: 1.1927 Mpps, 9808.38 Mbit/s (9999.20 Mbit/s with framing)
[1;36m[Device: id=1] RX[0m: 1.1921 Mpps, 9803.88 Mbit/s (9994.62 Mbit/s with framing)
[0;34m[Device: id=0] TX[0m: 1.1927 Mpps, 9808.80 Mbit/s (9999.63 Mbit/s with framing)
[1;36m[Device: id=1] RX[0m: 1.1927 Mpps, 9808.36 Mbit/s (9999.19 Mbit/s with framing)
[0;34m[Device: id=0] TX[0m: 1.1926 Mpps, 9807.95 Mbit/s (9998.77 Mbit/s with framing)
[1;36m[Device: id=1] RX[0m: 1.1927 Mpps, 9808.36 Mbit/s (9999.19 Mbit/s with framing)
[0;34m[Device: id=0] TX[0m: 1.1927 Mpps, 9808.38 Mbit/s (9999.20 Mbit/s with framing)
[1;36m[Device: id=1] RX[0m: 1.1926 Mpps, 9808.35 Mbit/s (9999.18 Mbit/s with framing)
[0;34m[Device: id=0] TX[0m: 1.1927 Mpps, 9808.37 Mbit/s (9999.20 Mbit/s with framing)
[1;36m[Device: id=1] RX[0m: 1.1927 Mpps, 9808.37 Mbit/s (9999.19 Mbit/s with framing)
[0;34m[Device: id=0] TX[0m: 1.1927 Mpps, 9808.38 Mbit/s (9999.20 Mbit/s with framing)
[1;36m[Device: id=1] RX[0m: 1.1927 Mpps, 9808.36 Mbit/s (9999.18 Mbit/s with framing)
[0;34m[Device: id=0] TX[0m: 1.1927 Mpps, 9808.46 Mbit/s (9999.28 Mbit/s with framing)
[1;36m[Device: id=1] RX[0m: 1.1927 Mpps, 9808.36 Mbit/s (9999.19 Mbit/s with framing)
[0;34m[Device: id=0] TX[0m: 1.1927 Mpps, 9808.29 Mbit/s (9999.12 Mbit/s with framing)
[1;36m[Device: id=1] RX[0m: 1.1921 Mpps, 9804.11 Mbit/s (9994.86 Mbit/s with framing)
[0;34m[Device: id=0] TX[0m: 1.1927 Mpps, 9808.83 Mbit/s (9999.66 Mbit/s with framing)
[1;36m[Device: id=1] RX[0m: 1.1927 Mpps, 9808.36 Mbit/s (9999.18 Mbit/s with framing)
[0;34m[Device: id=0] TX[0m: 1.1926 Mpps, 9807.93 Mbit/s (9998.74 Mbit/s with framing)
[1;36m[Device: id=1] RX[0m: 1.1927 Mpps, 9808.36 Mbit/s (9999.19 Mbit/s with framing)
[0;34m[Device: id=0] TX[0m: 1.1927 Mpps, 9808.38 Mbit/s (9999.20 Mbit/s with framing)
[1;36m[Device: id=1] RX[0m: 1.1927 Mpps, 9808.37 Mbit/s (9999.19 Mbit/s with framing)
[0;34m[Device: id=0] TX[0m: 1.1927 Mpps, 9808.38 Mbit/s (9999.20 Mbit/s with framing)
[1;36m[Device: id=1] RX[0m: 1.1927 Mpps, 9808.36 Mbit/s (9999.18 Mbit/s with framing)
[0;34m[Device: id=0] TX[0m: 1.1927 Mpps, 9808.38 Mbit/s (9999.20 Mbit/s with framing)
[1;36m[Device: id=1] RX[0m: 1.1927 Mpps, 9808.36 Mbit/s (9999.18 Mbit/s with framing)
[0;34m[Device: id=0] TX[0m: 1.1927 Mpps, 9808.37 Mbit/s (9999.20 Mbit/s with framing)
48
[1;36m[Device: id=1] RX[0m: 0.3316 Mpps, 2727.02 Mbit/s (2780.07 Mbit/s with framing)
[0;34m[Device: id=0] TX[0m: 0.0746 Mpps, 613.19 Mbit/s (625.12 Mbit/s with framing)
48000000
[1;36m[Device: id=1] RX[0m: 1.1705 (StdDev 0.1361) Mpps, 9626.60 (StdDev 1119) Mbit/s (9813.89 Mbit/s with framing), total 47966879 packets with 49309942168 bytes (incl. CRC)
[0;34m[Device: id=0] TX[0m: 1.1647 (StdDev 0.1768) Mpps, 9578.47 (StdDev 1454) Mbit/s (9764.82 Mbit/s with framing), total 48000000 packets with 49344000000 bytes (incl. CRC)
