[1;37m[INFO]  Initializing DPDK. This will take a few seconds...[0m
EAL: Probing VFIO support...
EAL: PCI device 0000:18:00.0 on NUMA socket 0
EAL:   probe driver: 8086:10fb net_ixgbe
EAL: PCI device 0000:18:00.1 on NUMA socket 0
EAL:   probe driver: 8086:10fb net_ixgbe
EAL: PCI device 0000:62:00.0 on NUMA socket 0
EAL:   probe driver: 8086:37d2 net_i40e
EAL: PCI device 0000:62:00.1 on NUMA socket 0
EAL:   probe driver: 8086:37d2 net_i40e
[1;37m[INFO]  Found 3 usable devices:[0m
   Device 0: 00:1B:21:BE:39:14 ([0;32mIntel Corporation 82599ES 10-Gigabit SFI/SFP+ Network Connection[0m)
   Device 1: 00:1B:21:BE:39:16 ([0;32mIntel Corporation 82599ES 10-Gigabit SFI/SFP+ Network Connection[0m)
   Device 2: AC:1F:6B:B9:35:91 ([0;32mIntel Corporation Ethernet Connection X722 for 10GBASE-T[0m)
PMD: ixgbe_dev_link_status_print():  Port 0: Link Down
PMD: ixgbe_dev_link_status_print():  Port 1: Link Down
[1;37m[INFO]  Waiting for devices to come up...[0m
[1;37m[INFO]  Device 0 (00:1B:21:BE:39:14) is up: 10000 MBit/s[0m
[1;37m[INFO]  Device 1 (00:1B:21:BE:39:16) is up: 10000 MBit/s[0m
[1;37m[INFO]  [0;32m2 devices are up.[0m[0m
[1;37m[INFO]  Trying to enable rx timestamping of all packets, this isn't supported by most nics[0m
[0;34m[Device: id=0] TX[0m: 1.4710 Mpps, 1553.37 Mbit/s (1788.73 Mbit/s with framing)
[1;36m[Device: id=1] RX[0m: 0.6322 Mpps, 667.56 Mbit/s (768.70 Mbit/s with framing)
[0;34m[Device: id=0] TX[0m: 1.5000 Mpps, 1584.01 Mbit/s (1824.00 Mbit/s with framing)
[1;36m[Device: id=1] RX[0m: 1.4759 Mpps, 1558.52 Mbit/s (1794.66 Mbit/s with framing)
[0;34m[Device: id=0] TX[0m: 1.5010 Mpps, 1585.06 Mbit/s (1825.22 Mbit/s with framing)
[1;36m[Device: id=1] RX[0m: 1.5011 Mpps, 1585.13 Mbit/s (1825.31 Mbit/s with framing)
[0;34m[Device: id=0] TX[0m: 1.5012 Mpps, 1585.24 Mbit/s (1825.42 Mbit/s with framing)
[1;36m[Device: id=1] RX[0m: 1.5011 Mpps, 1585.14 Mbit/s (1825.31 Mbit/s with framing)
[1;36m[Device: id=1] RX[0m: 1.5011 Mpps, 1585.12 Mbit/s (1825.29 Mbit/s with framing)
[0;34m[Device: id=0] TX[0m: 1.5010 Mpps, 1585.04 Mbit/s (1825.20 Mbit/s with framing)
[1;36m[Device: id=1] RX[0m: 1.5011 Mpps, 1585.15 Mbit/s (1825.32 Mbit/s with framing)
[0;34m[Device: id=0] TX[0m: 1.5012 Mpps, 1585.24 Mbit/s (1825.43 Mbit/s with framing)
[1;36m[Device: id=1] RX[0m: 1.5011 Mpps, 1585.13 Mbit/s (1825.31 Mbit/s with framing)
[0;34m[Device: id=0] TX[0m: 1.5011 Mpps, 1585.13 Mbit/s (1825.30 Mbit/s with framing)
[1;36m[Device: id=1] RX[0m: 1.5011 Mpps, 1585.14 Mbit/s (1825.31 Mbit/s with framing)
[0;34m[Device: id=0] TX[0m: 1.5010 Mpps, 1585.04 Mbit/s (1825.20 Mbit/s with framing)
[1;36m[Device: id=1] RX[0m: 1.5011 Mpps, 1585.13 Mbit/s (1825.30 Mbit/s with framing)
[0;34m[Device: id=0] TX[0m: 1.5011 Mpps, 1585.14 Mbit/s (1825.31 Mbit/s with framing)
[1;36m[Device: id=1] RX[0m: 1.5011 Mpps, 1585.14 Mbit/s (1825.31 Mbit/s with framing)
[0;34m[Device: id=0] TX[0m: 1.5012 Mpps, 1585.24 Mbit/s (1825.42 Mbit/s with framing)
[1;36m[Device: id=1] RX[0m: 1.5011 Mpps, 1585.13 Mbit/s (1825.30 Mbit/s with framing)
[0;34m[Device: id=0] TX[0m: 1.5011 Mpps, 1585.20 Mbit/s (1825.38 Mbit/s with framing)
[1;36m[Device: id=1] RX[0m: 1.5011 Mpps, 1585.15 Mbit/s (1825.32 Mbit/s with framing)
[0;34m[Device: id=0] TX[0m: 1.5010 Mpps, 1585.03 Mbit/s (1825.19 Mbit/s with framing)
[1;36m[Device: id=1] RX[0m: 1.5011 Mpps, 1585.12 Mbit/s (1825.29 Mbit/s with framing)
[0;34m[Device: id=0] TX[0m: 1.5010 Mpps, 1585.07 Mbit/s (1825.24 Mbit/s with framing)
[1;36m[Device: id=1] RX[0m: 1.5011 Mpps, 1585.16 Mbit/s (1825.33 Mbit/s with framing)
[0;34m[Device: id=0] TX[0m: 1.5011 Mpps, 1585.14 Mbit/s (1825.31 Mbit/s with framing)
[1;36m[Device: id=1] RX[0m: 1.5004 Mpps, 1584.39 Mbit/s (1824.45 Mbit/s with framing)
[0;34m[Device: id=0] TX[0m: 1.5011 Mpps, 1585.19 Mbit/s (1825.37 Mbit/s with framing)
[1;36m[Device: id=1] RX[0m: 1.5011 Mpps, 1585.14 Mbit/s (1825.31 Mbit/s with framing)
[0;34m[Device: id=0] TX[0m: 1.5010 Mpps, 1585.08 Mbit/s (1825.25 Mbit/s with framing)
[1;36m[Device: id=1] RX[0m: 1.5011 Mpps, 1585.14 Mbit/s (1825.31 Mbit/s with framing)
[0;34m[Device: id=0] TX[0m: 1.5011 Mpps, 1585.14 Mbit/s (1825.31 Mbit/s with framing)
[1;36m[Device: id=1] RX[0m: 1.5011 Mpps, 1585.13 Mbit/s (1825.31 Mbit/s with framing)
[0;34m[Device: id=0] TX[0m: 1.5011 Mpps, 1585.14 Mbit/s (1825.31 Mbit/s with framing)
[1;36m[Device: id=1] RX[0m: 1.5011 Mpps, 1585.14 Mbit/s (1825.31 Mbit/s with framing)
[0;34m[Device: id=0] TX[0m: 1.5011 Mpps, 1585.20 Mbit/s (1825.38 Mbit/s with framing)
[1;36m[Device: id=1] RX[0m: 1.5011 Mpps, 1585.14 Mbit/s (1825.31 Mbit/s with framing)
[0;34m[Device: id=0] TX[0m: 1.5010 Mpps, 1585.07 Mbit/s (1825.24 Mbit/s with framing)
[1;36m[Device: id=1] RX[0m: 1.5011 Mpps, 1585.15 Mbit/s (1825.32 Mbit/s with framing)
[0;34m[Device: id=0] TX[0m: 1.5011 Mpps, 1585.14 Mbit/s (1825.32 Mbit/s with framing)
[1;36m[Device: id=1] RX[0m: 1.5011 Mpps, 1585.13 Mbit/s (1825.31 Mbit/s with framing)
[0;34m[Device: id=0] TX[0m: 1.5011 Mpps, 1585.13 Mbit/s (1825.30 Mbit/s with framing)
[1;36m[Device: id=1] RX[0m: 1.5011 Mpps, 1585.13 Mbit/s (1825.31 Mbit/s with framing)
[0;34m[Device: id=0] TX[0m: 1.5011 Mpps, 1585.14 Mbit/s (1825.31 Mbit/s with framing)
[1;36m[Device: id=1] RX[0m: 1.5011 Mpps, 1585.14 Mbit/s (1825.31 Mbit/s with framing)
[0;34m[Device: id=0] TX[0m: 1.5011 Mpps, 1585.14 Mbit/s (1825.31 Mbit/s with framing)
[1;36m[Device: id=1] RX[0m: 1.5011 Mpps, 1585.13 Mbit/s (1825.30 Mbit/s with framing)
[0;34m[Device: id=0] TX[0m: 1.5011 Mpps, 1585.20 Mbit/s (1825.38 Mbit/s with framing)
[1;36m[Device: id=1] RX[0m: 1.5011 Mpps, 1585.14 Mbit/s (1825.32 Mbit/s with framing)
[0;34m[Device: id=0] TX[0m: 1.5010 Mpps, 1585.07 Mbit/s (1825.24 Mbit/s with framing)
[1;36m[Device: id=1] RX[0m: 1.5011 Mpps, 1585.13 Mbit/s (1825.30 Mbit/s with framing)
[0;34m[Device: id=0] TX[0m: 1.5011 Mpps, 1585.14 Mbit/s (1825.31 Mbit/s with framing)
[1;36m[Device: id=1] RX[0m: 1.5011 Mpps, 1585.13 Mbit/s (1825.31 Mbit/s with framing)
[0;34m[Device: id=0] TX[0m: 1.5011 Mpps, 1585.14 Mbit/s (1825.31 Mbit/s with framing)
[1;36m[Device: id=1] RX[0m: 1.5003 Mpps, 1584.29 Mbit/s (1824.34 Mbit/s with framing)
[0;34m[Device: id=0] TX[0m: 1.5011 Mpps, 1585.19 Mbit/s (1825.37 Mbit/s with framing)
45
[1;36m[Device: id=1] RX[0m: 1.4624 Mpps, 1544.29 Mbit/s (1778.28 Mbit/s with framing)
[0;34m[Device: id=0] TX[0m: 1.2303 Mpps, 1299.20 Mbit/s (1496.05 Mbit/s with framing)
[1;36m[Device: id=1] RX[0m: 0.0000 Mpps, 0.00 Mbit/s (0.00 Mbit/s with framing)
[0;34m[Device: id=0] TX[0m: 0.0000 Mpps, 0.00 Mbit/s (0.00 Mbit/s with framing)
45000000
[1;36m[Device: id=1] RX[0m: 1.4489 (StdDev 0.2738) Mpps, 1530.00 (StdDev 289) Mbit/s (1761.82 Mbit/s with framing), total 44098057 packets with 5820943040 bytes (incl. CRC)
[0;34m[Device: id=0] TX[0m: 1.4420 (StdDev 0.2768) Mpps, 1522.73 (StdDev 292) Mbit/s (1753.45 Mbit/s with framing), total 45000000 packets with 5940000000 bytes (incl. CRC)
