[1;37m[INFO]  Initializing DPDK. This will take a few seconds...[0m
EAL: Probing VFIO support...
EAL: PCI device 0000:18:00.0 on NUMA socket 0
EAL:   probe driver: 8086:10fb net_ixgbe
EAL: PCI device 0000:18:00.1 on NUMA socket 0
EAL:   probe driver: 8086:10fb net_ixgbe
EAL: PCI device 0000:62:00.0 on NUMA socket 0
EAL:   probe driver: 8086:37d2 net_i40e
EAL: PCI device 0000:62:00.1 on NUMA socket 0
EAL:   probe driver: 8086:37d2 net_i40e
[1;37m[INFO]  Found 3 usable devices:[0m
   Device 0: 00:1B:21:BE:39:14 ([0;32mIntel Corporation 82599ES 10-Gigabit SFI/SFP+ Network Connection[0m)
   Device 1: 00:1B:21:BE:39:16 ([0;32mIntel Corporation 82599ES 10-Gigabit SFI/SFP+ Network Connection[0m)
   Device 2: AC:1F:6B:B9:35:91 ([0;32mIntel Corporation Ethernet Connection X722 for 10GBASE-T[0m)
PMD: ixgbe_dev_link_status_print():  Port 0: Link Down
PMD: ixgbe_dev_link_status_print():  Port 1: Link Down
[1;37m[INFO]  Waiting for devices to come up...[0m
[1;37m[INFO]  Device 0 (00:1B:21:BE:39:14) is up: 10000 MBit/s[0m
[1;37m[INFO]  Device 1 (00:1B:21:BE:39:16) is up: 10000 MBit/s[0m
[1;37m[INFO]  [0;32m2 devices are up.[0m[0m
[1;37m[INFO]  Trying to enable rx timestamping of all packets, this isn't supported by most nics[0m
[0;34m[Device: id=0] TX[0m: 1.1089 Mpps, 9119.55 Mbit/s (9296.97 Mbit/s with framing)
[1;36m[Device: id=1] RX[0m: 0.1784 Mpps, 1466.78 Mbit/s (1495.31 Mbit/s with framing)
[0;34m[Device: id=0] TX[0m: 1.1920 Mpps, 9802.92 Mbit/s (9993.64 Mbit/s with framing)
[1;36m[Device: id=1] RX[0m: 1.1724 Mpps, 9641.96 Mbit/s (9829.54 Mbit/s with framing)
[0;34m[Device: id=0] TX[0m: 1.1927 Mpps, 9808.27 Mbit/s (9999.09 Mbit/s with framing)
[1;36m[Device: id=1] RX[0m: 1.1927 Mpps, 9808.36 Mbit/s (9999.19 Mbit/s with framing)
[0;34m[Device: id=0] TX[0m: 1.1928 Mpps, 9809.37 Mbit/s (10000.21 Mbit/s with framing)
[1;36m[Device: id=1] RX[0m: 1.1923 Mpps, 9805.25 Mbit/s (9996.02 Mbit/s with framing)
[0;34m[Device: id=0] TX[0m: 1.1925 Mpps, 9807.40 Mbit/s (9998.20 Mbit/s with framing)
[1;36m[Device: id=1] RX[0m: 1.1926 Mpps, 9808.35 Mbit/s (9999.18 Mbit/s with framing)
[1;36m[Device: id=1] RX[0m: 1.1927 Mpps, 9808.36 Mbit/s (9999.19 Mbit/s with framing)
[0;34m[Device: id=0] TX[0m: 1.1928 Mpps, 9809.38 Mbit/s (10000.22 Mbit/s with framing)
[1;36m[Device: id=1] RX[0m: 1.1927 Mpps, 9808.36 Mbit/s (9999.18 Mbit/s with framing)
[0;34m[Device: id=0] TX[0m: 1.1927 Mpps, 9808.37 Mbit/s (9999.19 Mbit/s with framing)
[1;36m[Device: id=1] RX[0m: 1.1927 Mpps, 9808.36 Mbit/s (9999.18 Mbit/s with framing)
[0;34m[Device: id=0] TX[0m: 1.1925 Mpps, 9807.46 Mbit/s (9998.26 Mbit/s with framing)
[1;36m[Device: id=1] RX[0m: 1.1927 Mpps, 9808.36 Mbit/s (9999.19 Mbit/s with framing)
[0;34m[Device: id=0] TX[0m: 1.1927 Mpps, 9808.27 Mbit/s (9999.10 Mbit/s with framing)
[1;36m[Device: id=1] RX[0m: 1.1926 Mpps, 9808.35 Mbit/s (9999.18 Mbit/s with framing)
[0;34m[Device: id=0] TX[0m: 1.1928 Mpps, 9809.58 Mbit/s (10000.42 Mbit/s with framing)
[1;36m[Device: id=1] RX[0m: 1.1927 Mpps, 9808.36 Mbit/s (9999.18 Mbit/s with framing)
[0;34m[Device: id=0] TX[0m: 1.1926 Mpps, 9807.91 Mbit/s (9998.72 Mbit/s with framing)
[1;36m[Device: id=1] RX[0m: 1.1927 Mpps, 9808.36 Mbit/s (9999.18 Mbit/s with framing)
[0;34m[Device: id=0] TX[0m: 1.1926 Mpps, 9807.57 Mbit/s (9998.38 Mbit/s with framing)
[1;36m[Device: id=1] RX[0m: 1.1927 Mpps, 9808.36 Mbit/s (9999.19 Mbit/s with framing)
[0;34m[Device: id=0] TX[0m: 1.1927 Mpps, 9808.94 Mbit/s (9999.77 Mbit/s with framing)
[1;36m[Device: id=1] RX[0m: 1.1927 Mpps, 9808.36 Mbit/s (9999.18 Mbit/s with framing)
[0;34m[Device: id=0] TX[0m: 1.1926 Mpps, 9807.80 Mbit/s (9998.62 Mbit/s with framing)
[1;36m[Device: id=1] RX[0m: 1.1927 Mpps, 9808.36 Mbit/s (9999.18 Mbit/s with framing)
[0;34m[Device: id=0] TX[0m: 1.1927 Mpps, 9808.38 Mbit/s (9999.20 Mbit/s with framing)
[1;36m[Device: id=1] RX[0m: 1.1926 Mpps, 9808.35 Mbit/s (9999.18 Mbit/s with framing)
[0;34m[Device: id=0] TX[0m: 1.1927 Mpps, 9808.76 Mbit/s (9999.59 Mbit/s with framing)
[1;36m[Device: id=1] RX[0m: 1.1926 Mpps, 9808.28 Mbit/s (9999.10 Mbit/s with framing)
[0;34m[Device: id=0] TX[0m: 1.1926 Mpps, 9807.98 Mbit/s (9998.80 Mbit/s with framing)
[1;36m[Device: id=1] RX[0m: 1.1927 Mpps, 9808.44 Mbit/s (9999.27 Mbit/s with framing)
[0;34m[Device: id=0] TX[0m: 1.1927 Mpps, 9808.37 Mbit/s (9999.19 Mbit/s with framing)
[1;36m[Device: id=1] RX[0m: 1.1927 Mpps, 9808.36 Mbit/s (9999.19 Mbit/s with framing)
[0;34m[Device: id=0] TX[0m: 1.1927 Mpps, 9808.76 Mbit/s (9999.59 Mbit/s with framing)
[1;36m[Device: id=1] RX[0m: 1.1926 Mpps, 9808.35 Mbit/s (9999.18 Mbit/s with framing)
[0;34m[Device: id=0] TX[0m: 1.1926 Mpps, 9807.99 Mbit/s (9998.81 Mbit/s with framing)
[1;36m[Device: id=1] RX[0m: 1.1927 Mpps, 9808.36 Mbit/s (9999.19 Mbit/s with framing)
[0;34m[Device: id=0] TX[0m: 1.1927 Mpps, 9808.38 Mbit/s (9999.20 Mbit/s with framing)
[1;36m[Device: id=1] RX[0m: 1.1926 Mpps, 9808.35 Mbit/s (9999.18 Mbit/s with framing)
[0;34m[Device: id=0] TX[0m: 1.1927 Mpps, 9808.75 Mbit/s (9999.58 Mbit/s with framing)
[1;36m[Device: id=1] RX[0m: 1.1927 Mpps, 9808.37 Mbit/s (9999.19 Mbit/s with framing)
[0;34m[Device: id=0] TX[0m: 1.1926 Mpps, 9808.00 Mbit/s (9998.82 Mbit/s with framing)
[1;36m[Device: id=1] RX[0m: 1.1927 Mpps, 9808.35 Mbit/s (9999.18 Mbit/s with framing)
[0;34m[Device: id=0] TX[0m: 1.1927 Mpps, 9808.47 Mbit/s (9999.30 Mbit/s with framing)
[1;36m[Device: id=1] RX[0m: 1.1927 Mpps, 9808.36 Mbit/s (9999.19 Mbit/s with framing)
[0;34m[Device: id=0] TX[0m: 1.1927 Mpps, 9808.27 Mbit/s (9999.10 Mbit/s with framing)
[1;36m[Device: id=1] RX[0m: 1.1926 Mpps, 9808.34 Mbit/s (9999.16 Mbit/s with framing)
[0;34m[Device: id=0] TX[0m: 1.1927 Mpps, 9808.38 Mbit/s (9999.20 Mbit/s with framing)
[1;36m[Device: id=1] RX[0m: 1.1922 Mpps, 9804.65 Mbit/s (9995.40 Mbit/s with framing)
[0;34m[Device: id=0] TX[0m: 1.1927 Mpps, 9808.81 Mbit/s (9999.64 Mbit/s with framing)
[1;36m[Device: id=1] RX[0m: 1.1927 Mpps, 9808.35 Mbit/s (9999.18 Mbit/s with framing)
[0;34m[Device: id=0] TX[0m: 1.1926 Mpps, 9807.94 Mbit/s (9998.75 Mbit/s with framing)
[1;36m[Device: id=1] RX[0m: 1.1927 Mpps, 9808.35 Mbit/s (9999.18 Mbit/s with framing)
[0;34m[Device: id=0] TX[0m: 1.1927 Mpps, 9808.37 Mbit/s (9999.20 Mbit/s with framing)
[1;36m[Device: id=1] RX[0m: 1.1927 Mpps, 9808.36 Mbit/s (9999.19 Mbit/s with framing)
[0;34m[Device: id=0] TX[0m: 1.1927 Mpps, 9808.45 Mbit/s (9999.28 Mbit/s with framing)
[1;36m[Device: id=1] RX[0m: 1.1927 Mpps, 9808.36 Mbit/s (9999.19 Mbit/s with framing)
[0;34m[Device: id=0] TX[0m: 1.1927 Mpps, 9808.30 Mbit/s (9999.13 Mbit/s with framing)
[1;36m[Device: id=1] RX[0m: 1.1927 Mpps, 9808.36 Mbit/s (9999.18 Mbit/s with framing)
[0;34m[Device: id=0] TX[0m: 1.1927 Mpps, 9808.38 Mbit/s (9999.20 Mbit/s with framing)
[1;36m[Device: id=1] RX[0m: 1.1927 Mpps, 9808.36 Mbit/s (9999.18 Mbit/s with framing)
[0;34m[Device: id=0] TX[0m: 1.1927 Mpps, 9808.37 Mbit/s (9999.20 Mbit/s with framing)
[1;36m[Device: id=1] RX[0m: 1.1927 Mpps, 9808.36 Mbit/s (9999.18 Mbit/s with framing)
[0;34m[Device: id=0] TX[0m: 1.1927 Mpps, 9808.38 Mbit/s (9999.20 Mbit/s with framing)
[1;36m[Device: id=1] RX[0m: 1.1927 Mpps, 9808.36 Mbit/s (9999.18 Mbit/s with framing)
[0;34m[Device: id=0] TX[0m: 1.1927 Mpps, 9808.37 Mbit/s (9999.19 Mbit/s with framing)
[1;36m[Device: id=1] RX[0m: 1.1927 Mpps, 9808.36 Mbit/s (9999.18 Mbit/s with framing)
[0;34m[Device: id=0] TX[0m: 1.1927 Mpps, 9808.38 Mbit/s (9999.20 Mbit/s with framing)
[1;36m[Device: id=1] RX[0m: 1.1927 Mpps, 9808.36 Mbit/s (9999.18 Mbit/s with framing)
[0;34m[Device: id=0] TX[0m: 1.1927 Mpps, 9808.72 Mbit/s (9999.55 Mbit/s with framing)
[1;36m[Device: id=1] RX[0m: 1.1927 Mpps, 9808.36 Mbit/s (9999.18 Mbit/s with framing)
[0;34m[Device: id=0] TX[0m: 1.1926 Mpps, 9808.03 Mbit/s (9998.85 Mbit/s with framing)
[1;36m[Device: id=1] RX[0m: 1.1927 Mpps, 9808.36 Mbit/s (9999.18 Mbit/s with framing)
[0;34m[Device: id=0] TX[0m: 1.1927 Mpps, 9808.37 Mbit/s (9999.20 Mbit/s with framing)
[1;36m[Device: id=1] RX[0m: 1.1927 Mpps, 9808.36 Mbit/s (9999.18 Mbit/s with framing)
[0;34m[Device: id=0] TX[0m: 1.1927 Mpps, 9808.38 Mbit/s (9999.20 Mbit/s with framing)
[1;36m[Device: id=1] RX[0m: 1.1927 Mpps, 9808.36 Mbit/s (9999.18 Mbit/s with framing)
[0;34m[Device: id=0] TX[0m: 1.1927 Mpps, 9808.37 Mbit/s (9999.19 Mbit/s with framing)
[1;36m[Device: id=1] RX[0m: 1.1927 Mpps, 9808.36 Mbit/s (9999.19 Mbit/s with framing)
[0;34m[Device: id=0] TX[0m: 1.1927 Mpps, 9808.38 Mbit/s (9999.20 Mbit/s with framing)
51
[1;36m[Device: id=1] RX[0m: 0.9483 Mpps, 7798.75 Mbit/s (7950.47 Mbit/s with framing)
[0;34m[Device: id=0] TX[0m: 0.6837 Mpps, 5622.95 Mbit/s (5732.35 Mbit/s with framing)
[1;36m[Device: id=1] RX[0m: 0.0000 Mpps, 0.00 Mbit/s (0.00 Mbit/s with framing)
[0;34m[Device: id=0] TX[0m: 0.0000 Mpps, 0.00 Mbit/s (0.00 Mbit/s with framing)
51000000
[1;36m[Device: id=1] RX[0m: 1.1587 (StdDev 0.1847) Mpps, 9529.49 (StdDev 1519) Mbit/s (9714.89 Mbit/s with framing), total 50004317 packets with 51404428432 bytes (incl. CRC)
[0;34m[Device: id=0] TX[0m: 1.1531 (StdDev 0.1960) Mpps, 9482.81 (StdDev 1612) Mbit/s (9667.30 Mbit/s with framing), total 51000000 packets with 52428000000 bytes (incl. CRC)
