[1;37m[INFO]  Initializing DPDK. This will take a few seconds...[0m
EAL: Probing VFIO support...
EAL: PCI device 0000:18:00.0 on NUMA socket 0
EAL:   probe driver: 8086:10fb net_ixgbe
EAL: PCI device 0000:18:00.1 on NUMA socket 0
EAL:   probe driver: 8086:10fb net_ixgbe
EAL: PCI device 0000:62:00.0 on NUMA socket 0
EAL:   probe driver: 8086:37d2 net_i40e
EAL: PCI device 0000:62:00.1 on NUMA socket 0
EAL:   probe driver: 8086:37d2 net_i40e
[1;37m[INFO]  Found 3 usable devices:[0m
   Device 0: 00:1B:21:BE:39:14 ([0;32mIntel Corporation 82599ES 10-Gigabit SFI/SFP+ Network Connection[0m)
   Device 1: 00:1B:21:BE:39:16 ([0;32mIntel Corporation 82599ES 10-Gigabit SFI/SFP+ Network Connection[0m)
   Device 2: AC:1F:6B:B9:35:91 ([0;32mIntel Corporation Ethernet Connection X722 for 10GBASE-T[0m)
PMD: ixgbe_dev_link_status_print():  Port 0: Link Down
PMD: ixgbe_dev_link_status_print():  Port 1: Link Down
[1;37m[INFO]  Waiting for devices to come up...[0m
[1;37m[INFO]  Device 0 (00:1B:21:BE:39:14) is up: 10000 MBit/s[0m
[1;37m[INFO]  Device 1 (00:1B:21:BE:39:16) is up: 10000 MBit/s[0m
[1;37m[INFO]  [0;32m2 devices are up.[0m[0m
[1;37m[INFO]  Trying to enable rx timestamping of all packets, this isn't supported by most nics[0m
[0;34m[Device: id=0] TX[0m: 0.8913 Mpps, 9155.83 Mbit/s (9298.44 Mbit/s with framing)
[1;36m[Device: id=1] RX[0m: 0.5151 Mpps, 5291.50 Mbit/s (5373.92 Mbit/s with framing)
[0;34m[Device: id=0] TX[0m: 0.9583 Mpps, 9843.99 Mbit/s (9997.32 Mbit/s with framing)
[1;36m[Device: id=1] RX[0m: 0.9425 Mpps, 9681.05 Mbit/s (9831.84 Mbit/s with framing)
[0;34m[Device: id=0] TX[0m: 0.9585 Mpps, 9845.73 Mbit/s (9999.09 Mbit/s with framing)
[1;36m[Device: id=1] RX[0m: 0.9585 Mpps, 9845.82 Mbit/s (9999.18 Mbit/s with framing)
[0;34m[Device: id=0] TX[0m: 0.9585 Mpps, 9845.82 Mbit/s (9999.18 Mbit/s with framing)
[1;36m[Device: id=1] RX[0m: 0.9585 Mpps, 9845.82 Mbit/s (9999.18 Mbit/s with framing)
[0;34m[Device: id=0] TX[0m: 0.9586 Mpps, 9846.83 Mbit/s (10000.20 Mbit/s with framing)
[1;36m[Device: id=1] RX[0m: 0.9585 Mpps, 9845.80 Mbit/s (9999.16 Mbit/s with framing)
[0;34m[Device: id=0] TX[0m: 0.9584 Mpps, 9844.85 Mbit/s (9998.20 Mbit/s with framing)
[1;36m[Device: id=1] RX[0m: 0.9585 Mpps, 9845.82 Mbit/s (9999.18 Mbit/s with framing)
[1;36m[Device: id=1] RX[0m: 0.9585 Mpps, 9845.81 Mbit/s (9999.17 Mbit/s with framing)
[0;34m[Device: id=0] TX[0m: 0.9585 Mpps, 9845.82 Mbit/s (9999.18 Mbit/s with framing)
[1;36m[Device: id=1] RX[0m: 0.9585 Mpps, 9845.81 Mbit/s (9999.17 Mbit/s with framing)
[0;34m[Device: id=0] TX[0m: 0.9586 Mpps, 9846.62 Mbit/s (10000.00 Mbit/s with framing)
[1;36m[Device: id=1] RX[0m: 0.9585 Mpps, 9845.82 Mbit/s (9999.18 Mbit/s with framing)
[0;34m[Device: id=0] TX[0m: 0.9584 Mpps, 9844.99 Mbit/s (9998.35 Mbit/s with framing)
[1;36m[Device: id=1] RX[0m: 0.9585 Mpps, 9845.81 Mbit/s (9999.17 Mbit/s with framing)
[0;34m[Device: id=0] TX[0m: 0.9585 Mpps, 9845.83 Mbit/s (9999.19 Mbit/s with framing)
[1;36m[Device: id=1] RX[0m: 0.9585 Mpps, 9845.82 Mbit/s (9999.18 Mbit/s with framing)
[0;34m[Device: id=0] TX[0m: 0.9587 Mpps, 9847.94 Mbit/s (10001.33 Mbit/s with framing)
[1;36m[Device: id=1] RX[0m: 0.9585 Mpps, 9845.81 Mbit/s (9999.17 Mbit/s with framing)
[0;34m[Device: id=0] TX[0m: 0.9583 Mpps, 9843.70 Mbit/s (9997.03 Mbit/s with framing)
[1;36m[Device: id=1] RX[0m: 0.9585 Mpps, 9845.82 Mbit/s (9999.18 Mbit/s with framing)
[0;34m[Device: id=0] TX[0m: 0.9585 Mpps, 9845.84 Mbit/s (9999.20 Mbit/s with framing)
[1;36m[Device: id=1] RX[0m: 0.9585 Mpps, 9845.81 Mbit/s (9999.17 Mbit/s with framing)
[0;34m[Device: id=0] TX[0m: 0.9585 Mpps, 9845.83 Mbit/s (9999.19 Mbit/s with framing)
[1;36m[Device: id=1] RX[0m: 0.9585 Mpps, 9845.82 Mbit/s (9999.18 Mbit/s with framing)
[0;34m[Device: id=0] TX[0m: 0.9585 Mpps, 9845.82 Mbit/s (9999.19 Mbit/s with framing)
[1;36m[Device: id=1] RX[0m: 0.9585 Mpps, 9845.81 Mbit/s (9999.18 Mbit/s with framing)
[0;34m[Device: id=0] TX[0m: 0.9585 Mpps, 9845.83 Mbit/s (9999.19 Mbit/s with framing)
[1;36m[Device: id=1] RX[0m: 0.9585 Mpps, 9845.82 Mbit/s (9999.18 Mbit/s with framing)
[0;34m[Device: id=0] TX[0m: 0.9585 Mpps, 9845.83 Mbit/s (9999.19 Mbit/s with framing)
[1;36m[Device: id=1] RX[0m: 0.9585 Mpps, 9845.82 Mbit/s (9999.18 Mbit/s with framing)
[0;34m[Device: id=0] TX[0m: 0.9585 Mpps, 9845.83 Mbit/s (9999.19 Mbit/s with framing)
[1;36m[Device: id=1] RX[0m: 0.9585 Mpps, 9845.81 Mbit/s (9999.17 Mbit/s with framing)
[0;34m[Device: id=0] TX[0m: 0.9585 Mpps, 9845.82 Mbit/s (9999.19 Mbit/s with framing)
[1;36m[Device: id=1] RX[0m: 0.9585 Mpps, 9845.82 Mbit/s (9999.18 Mbit/s with framing)
[0;34m[Device: id=0] TX[0m: 0.9585 Mpps, 9845.83 Mbit/s (9999.20 Mbit/s with framing)
[1;36m[Device: id=1] RX[0m: 0.9585 Mpps, 9845.81 Mbit/s (9999.17 Mbit/s with framing)
[0;34m[Device: id=0] TX[0m: 0.9585 Mpps, 9846.22 Mbit/s (9999.59 Mbit/s with framing)
[1;36m[Device: id=1] RX[0m: 0.9585 Mpps, 9845.81 Mbit/s (9999.17 Mbit/s with framing)
[0;34m[Device: id=0] TX[0m: 0.9585 Mpps, 9845.43 Mbit/s (9998.79 Mbit/s with framing)
[1;36m[Device: id=1] RX[0m: 0.9585 Mpps, 9845.82 Mbit/s (9999.18 Mbit/s with framing)
[0;34m[Device: id=0] TX[0m: 0.9585 Mpps, 9845.83 Mbit/s (9999.19 Mbit/s with framing)
[1;36m[Device: id=1] RX[0m: 0.9585 Mpps, 9845.81 Mbit/s (9999.17 Mbit/s with framing)
[0;34m[Device: id=0] TX[0m: 0.9585 Mpps, 9845.83 Mbit/s (9999.19 Mbit/s with framing)
[1;36m[Device: id=1] RX[0m: 0.9585 Mpps, 9845.82 Mbit/s (9999.18 Mbit/s with framing)
[0;34m[Device: id=0] TX[0m: 0.9585 Mpps, 9845.83 Mbit/s (9999.19 Mbit/s with framing)
[1;36m[Device: id=1] RX[0m: 0.9585 Mpps, 9845.81 Mbit/s (9999.18 Mbit/s with framing)
[0;34m[Device: id=0] TX[0m: 0.9585 Mpps, 9845.84 Mbit/s (9999.20 Mbit/s with framing)
[1;36m[Device: id=1] RX[0m: 0.9585 Mpps, 9845.82 Mbit/s (9999.18 Mbit/s with framing)
[0;34m[Device: id=0] TX[0m: 0.9585 Mpps, 9845.83 Mbit/s (9999.19 Mbit/s with framing)
[1;36m[Device: id=1] RX[0m: 0.9585 Mpps, 9845.81 Mbit/s (9999.17 Mbit/s with framing)
[0;34m[Device: id=0] TX[0m: 0.9585 Mpps, 9845.82 Mbit/s (9999.18 Mbit/s with framing)
[1;36m[Device: id=1] RX[0m: 0.9585 Mpps, 9845.81 Mbit/s (9999.18 Mbit/s with framing)
[0;34m[Device: id=0] TX[0m: 0.9585 Mpps, 9845.83 Mbit/s (9999.19 Mbit/s with framing)
[1;36m[Device: id=1] RX[0m: 0.9585 Mpps, 9845.81 Mbit/s (9999.17 Mbit/s with framing)
[0;34m[Device: id=0] TX[0m: 0.9585 Mpps, 9845.84 Mbit/s (9999.20 Mbit/s with framing)
[1;36m[Device: id=1] RX[0m: 0.9585 Mpps, 9845.82 Mbit/s (9999.18 Mbit/s with framing)
[0;34m[Device: id=0] TX[0m: 0.9585 Mpps, 9845.98 Mbit/s (9999.34 Mbit/s with framing)
[1;36m[Device: id=1] RX[0m: 0.9585 Mpps, 9845.82 Mbit/s (9999.18 Mbit/s with framing)
[0;34m[Device: id=0] TX[0m: 0.9585 Mpps, 9845.69 Mbit/s (9999.05 Mbit/s with framing)
[1;36m[Device: id=1] RX[0m: 0.9585 Mpps, 9845.81 Mbit/s (9999.17 Mbit/s with framing)
[0;34m[Device: id=0] TX[0m: 0.9585 Mpps, 9845.83 Mbit/s (9999.19 Mbit/s with framing)
[1;36m[Device: id=1] RX[0m: 0.9585 Mpps, 9845.82 Mbit/s (9999.18 Mbit/s with framing)
[0;34m[Device: id=0] TX[0m: 0.9585 Mpps, 9845.82 Mbit/s (9999.19 Mbit/s with framing)
[1;36m[Device: id=1] RX[0m: 0.9585 Mpps, 9845.81 Mbit/s (9999.17 Mbit/s with framing)
[0;34m[Device: id=0] TX[0m: 0.9585 Mpps, 9845.83 Mbit/s (9999.19 Mbit/s with framing)
[1;36m[Device: id=1] RX[0m: 0.9585 Mpps, 9845.82 Mbit/s (9999.18 Mbit/s with framing)
[0;34m[Device: id=0] TX[0m: 0.9585 Mpps, 9845.83 Mbit/s (9999.20 Mbit/s with framing)
[1;36m[Device: id=1] RX[0m: 0.9585 Mpps, 9845.81 Mbit/s (9999.17 Mbit/s with framing)
[0;34m[Device: id=0] TX[0m: 0.9585 Mpps, 9845.83 Mbit/s (9999.19 Mbit/s with framing)
[1;36m[Device: id=1] RX[0m: 0.9585 Mpps, 9845.82 Mbit/s (9999.18 Mbit/s with framing)
[0;34m[Device: id=0] TX[0m: 0.9585 Mpps, 9846.22 Mbit/s (9999.59 Mbit/s with framing)
[1;36m[Device: id=1] RX[0m: 0.9585 Mpps, 9845.81 Mbit/s (9999.17 Mbit/s with framing)
[0;34m[Device: id=0] TX[0m: 0.9585 Mpps, 9845.44 Mbit/s (9998.80 Mbit/s with framing)
[1;36m[Device: id=1] RX[0m: 0.9585 Mpps, 9845.82 Mbit/s (9999.19 Mbit/s with framing)
[0;34m[Device: id=0] TX[0m: 0.9585 Mpps, 9846.23 Mbit/s (9999.59 Mbit/s with framing)
[1;36m[Device: id=1] RX[0m: 0.9585 Mpps, 9845.80 Mbit/s (9999.17 Mbit/s with framing)
[0;34m[Device: id=0] TX[0m: 0.9585 Mpps, 9845.43 Mbit/s (9998.79 Mbit/s with framing)
[1;36m[Device: id=1] RX[0m: 0.9585 Mpps, 9845.82 Mbit/s (9999.19 Mbit/s with framing)
[0;34m[Device: id=0] TX[0m: 0.9585 Mpps, 9845.83 Mbit/s (9999.19 Mbit/s with framing)
[1;36m[Device: id=1] RX[0m: 0.9585 Mpps, 9845.81 Mbit/s (9999.18 Mbit/s with framing)
[0;34m[Device: id=0] TX[0m: 0.9585 Mpps, 9845.83 Mbit/s (9999.19 Mbit/s with framing)
[1;36m[Device: id=1] RX[0m: 0.9585 Mpps, 9845.81 Mbit/s (9999.18 Mbit/s with framing)
[0;34m[Device: id=0] TX[0m: 0.9585 Mpps, 9845.83 Mbit/s (9999.19 Mbit/s with framing)
[1;36m[Device: id=1] RX[0m: 0.9585 Mpps, 9845.81 Mbit/s (9999.17 Mbit/s with framing)
[0;34m[Device: id=0] TX[0m: 0.9585 Mpps, 9845.89 Mbit/s (9999.25 Mbit/s with framing)
[1;36m[Device: id=1] RX[0m: 0.9585 Mpps, 9845.82 Mbit/s (9999.19 Mbit/s with framing)
[0;34m[Device: id=0] TX[0m: 0.9585 Mpps, 9845.78 Mbit/s (9999.14 Mbit/s with framing)
[1;36m[Device: id=1] RX[0m: 0.9585 Mpps, 9845.82 Mbit/s (9999.18 Mbit/s with framing)
[0;34m[Device: id=0] TX[0m: 0.9585 Mpps, 9845.82 Mbit/s (9999.19 Mbit/s with framing)
[1;36m[Device: id=1] RX[0m: 0.9585 Mpps, 9845.81 Mbit/s (9999.17 Mbit/s with framing)
[0;34m[Device: id=0] TX[0m: 0.9585 Mpps, 9845.83 Mbit/s (9999.19 Mbit/s with framing)
[1;36m[Device: id=1] RX[0m: 0.9585 Mpps, 9845.81 Mbit/s (9999.18 Mbit/s with framing)
[0;34m[Device: id=0] TX[0m: 0.9585 Mpps, 9845.83 Mbit/s (9999.19 Mbit/s with framing)
[1;36m[Device: id=1] RX[0m: 0.9585 Mpps, 9845.82 Mbit/s (9999.18 Mbit/s with framing)
[0;34m[Device: id=0] TX[0m: 0.9585 Mpps, 9845.83 Mbit/s (9999.20 Mbit/s with framing)
[1;36m[Device: id=1] RX[0m: 0.9585 Mpps, 9845.81 Mbit/s (9999.17 Mbit/s with framing)
[0;34m[Device: id=0] TX[0m: 0.9585 Mpps, 9846.14 Mbit/s (9999.50 Mbit/s with framing)
[1;36m[Device: id=1] RX[0m: 0.9585 Mpps, 9845.82 Mbit/s (9999.18 Mbit/s with framing)
[0;34m[Device: id=0] TX[0m: 0.9585 Mpps, 9845.52 Mbit/s (9998.88 Mbit/s with framing)
[1;36m[Device: id=1] RX[0m: 0.9585 Mpps, 9845.81 Mbit/s (9999.18 Mbit/s with framing)
[0;34m[Device: id=0] TX[0m: 0.9585 Mpps, 9845.83 Mbit/s (9999.19 Mbit/s with framing)
[1;36m[Device: id=1] RX[0m: 0.9585 Mpps, 9845.81 Mbit/s (9999.18 Mbit/s with framing)
[0;34m[Device: id=0] TX[0m: 0.9585 Mpps, 9845.83 Mbit/s (9999.19 Mbit/s with framing)
[1;36m[Device: id=1] RX[0m: 0.9585 Mpps, 9845.81 Mbit/s (9999.17 Mbit/s with framing)
[0;34m[Device: id=0] TX[0m: 0.9585 Mpps, 9845.83 Mbit/s (9999.20 Mbit/s with framing)
[1;36m[Device: id=1] RX[0m: 0.9585 Mpps, 9845.82 Mbit/s (9999.18 Mbit/s with framing)
[0;34m[Device: id=0] TX[0m: 0.9585 Mpps, 9845.83 Mbit/s (9999.19 Mbit/s with framing)
[1;36m[Device: id=1] RX[0m: 0.9585 Mpps, 9845.81 Mbit/s (9999.18 Mbit/s with framing)
[0;34m[Device: id=0] TX[0m: 0.9585 Mpps, 9845.83 Mbit/s (9999.20 Mbit/s with framing)
[1;36m[Device: id=1] RX[0m: 0.9585 Mpps, 9845.81 Mbit/s (9999.17 Mbit/s with framing)
[0;34m[Device: id=0] TX[0m: 0.9585 Mpps, 9845.84 Mbit/s (9999.20 Mbit/s with framing)
[1;36m[Device: id=1] RX[0m: 0.9585 Mpps, 9845.81 Mbit/s (9999.18 Mbit/s with framing)
[0;34m[Device: id=0] TX[0m: 0.9585 Mpps, 9845.82 Mbit/s (9999.19 Mbit/s with framing)
57
[1;36m[Device: id=1] RX[0m: 0.4812 Mpps, 4943.38 Mbit/s (5020.38 Mbit/s with framing)
[0;34m[Device: id=0] TX[0m: 0.1804 Mpps, 1853.57 Mbit/s (1882.44 Mbit/s with framing)
[1;36m[Device: id=1] RX[0m: 0.0000 Mpps, 0.00 Mbit/s (0.00 Mbit/s with framing)
57000000
[1;36m[Device: id=1] RX[0m: 0.9343 (StdDev 0.1373) Mpps, 9597.26 (StdDev 1410) Mbit/s (9746.75 Mbit/s with framing), total 56573998 packets with 72641001428 bytes (incl. CRC)
[0;34m[Device: id=0] TX[0m: 0.9453 (StdDev 0.1013) Mpps, 9710.33 (StdDev 1040) Mbit/s (9861.59 Mbit/s with framing), total 57000000 packets with 73188000000 bytes (incl. CRC)
