[1;37m[INFO]  Initializing DPDK. This will take a few seconds...[0m
EAL: Probing VFIO support...
EAL: PCI device 0000:18:00.0 on NUMA socket 0
EAL:   probe driver: 8086:10fb net_ixgbe
EAL: PCI device 0000:18:00.1 on NUMA socket 0
EAL:   probe driver: 8086:10fb net_ixgbe
EAL: PCI device 0000:62:00.0 on NUMA socket 0
EAL:   probe driver: 8086:37d2 net_i40e
EAL: PCI device 0000:62:00.1 on NUMA socket 0
EAL:   probe driver: 8086:37d2 net_i40e
[1;37m[INFO]  Found 3 usable devices:[0m
   Device 0: 00:1B:21:BE:39:14 ([0;32mIntel Corporation 82599ES 10-Gigabit SFI/SFP+ Network Connection[0m)
   Device 1: 00:1B:21:BE:39:16 ([0;32mIntel Corporation 82599ES 10-Gigabit SFI/SFP+ Network Connection[0m)
   Device 2: AC:1F:6B:B9:35:91 ([0;32mIntel Corporation Ethernet Connection X722 for 10GBASE-T[0m)
PMD: ixgbe_dev_link_status_print():  Port 0: Link Down
PMD: ixgbe_dev_link_status_print():  Port 1: Link Down
[1;37m[INFO]  Waiting for devices to come up...[0m
[1;37m[INFO]  Device 1 (00:1B:21:BE:39:16) is up: 10000 MBit/s[0m
[1;37m[INFO]  Device 0 (00:1B:21:BE:39:14) is up: 10000 MBit/s[0m
[1;37m[INFO]  [0;32m2 devices are up.[0m[0m
[1;37m[INFO]  Trying to enable rx timestamping of all packets, this isn't supported by most nics[0m
[0;34m[Device: id=0] TX[0m: 0.4869 Mpps, 5858.36 Mbit/s (5936.27 Mbit/s with framing)
[1;36m[Device: id=1] RX[0m: 0.5027 Mpps, 6049.00 Mbit/s (6129.44 Mbit/s with framing)
[0;34m[Device: id=0] TX[0m: 0.5000 Mpps, 6015.47 Mbit/s (6095.46 Mbit/s with framing)
[1;36m[Device: id=1] RX[0m: 0.4920 Mpps, 5919.67 Mbit/s (5998.38 Mbit/s with framing)
[0;34m[Device: id=0] TX[0m: 0.5000 Mpps, 6015.95 Mbit/s (6095.95 Mbit/s with framing)
[1;36m[Device: id=1] RX[0m: 0.5000 Mpps, 6015.89 Mbit/s (6095.89 Mbit/s with framing)
[0;34m[Device: id=0] TX[0m: 0.5000 Mpps, 6016.02 Mbit/s (6096.02 Mbit/s with framing)
[1;36m[Device: id=1] RX[0m: 0.5000 Mpps, 6016.02 Mbit/s (6096.02 Mbit/s with framing)
[0;34m[Device: id=0] TX[0m: 0.5001 Mpps, 6016.65 Mbit/s (6096.66 Mbit/s with framing)
[1;36m[Device: id=1] RX[0m: 0.5000 Mpps, 6015.79 Mbit/s (6095.79 Mbit/s with framing)
[0;34m[Device: id=0] TX[0m: 0.5000 Mpps, 6016.01 Mbit/s (6096.01 Mbit/s with framing)
[1;36m[Device: id=1] RX[0m: 0.5000 Mpps, 6016.15 Mbit/s (6096.16 Mbit/s with framing)
[1;36m[Device: id=1] RX[0m: 0.5000 Mpps, 6015.97 Mbit/s (6095.97 Mbit/s with framing)
[0;34m[Device: id=0] TX[0m: 0.5000 Mpps, 6015.40 Mbit/s (6095.39 Mbit/s with framing)
[1;36m[Device: id=1] RX[0m: 0.5000 Mpps, 6016.13 Mbit/s (6096.13 Mbit/s with framing)
[0;34m[Device: id=0] TX[0m: 0.5001 Mpps, 6016.66 Mbit/s (6096.67 Mbit/s with framing)
[1;36m[Device: id=1] RX[0m: 0.5000 Mpps, 6015.98 Mbit/s (6095.98 Mbit/s with framing)
[0;34m[Device: id=0] TX[0m: 0.5000 Mpps, 6015.36 Mbit/s (6095.36 Mbit/s with framing)
[1;36m[Device: id=1] RX[0m: 0.5000 Mpps, 6016.03 Mbit/s (6096.03 Mbit/s with framing)
[0;34m[Device: id=0] TX[0m: 0.5001 Mpps, 6016.70 Mbit/s (6096.71 Mbit/s with framing)
[1;36m[Device: id=1] RX[0m: 0.5000 Mpps, 6016.10 Mbit/s (6096.10 Mbit/s with framing)
[0;34m[Device: id=0] TX[0m: 0.5000 Mpps, 6015.84 Mbit/s (6095.83 Mbit/s with framing)
[1;36m[Device: id=1] RX[0m: 0.5000 Mpps, 6016.14 Mbit/s (6096.14 Mbit/s with framing)
[0;34m[Device: id=0] TX[0m: 0.5000 Mpps, 6015.49 Mbit/s (6095.48 Mbit/s with framing)
[1;36m[Device: id=1] RX[0m: 0.5000 Mpps, 6015.93 Mbit/s (6095.93 Mbit/s with framing)
[0;34m[Device: id=0] TX[0m: 0.5000 Mpps, 6016.27 Mbit/s (6096.28 Mbit/s with framing)
[1;36m[Device: id=1] RX[0m: 0.5000 Mpps, 6015.79 Mbit/s (6095.79 Mbit/s with framing)
[0;34m[Device: id=0] TX[0m: 0.5000 Mpps, 6015.93 Mbit/s (6095.93 Mbit/s with framing)
[1;36m[Device: id=1] RX[0m: 0.5000 Mpps, 6015.88 Mbit/s (6095.88 Mbit/s with framing)
[0;34m[Device: id=0] TX[0m: 0.5000 Mpps, 6015.85 Mbit/s (6095.85 Mbit/s with framing)
[1;36m[Device: id=1] RX[0m: 0.5000 Mpps, 6016.30 Mbit/s (6096.30 Mbit/s with framing)
[0;34m[Device: id=0] TX[0m: 0.5000 Mpps, 6016.01 Mbit/s (6096.01 Mbit/s with framing)
[1;36m[Device: id=1] RX[0m: 0.5000 Mpps, 6016.22 Mbit/s (6096.23 Mbit/s with framing)
[0;34m[Device: id=0] TX[0m: 0.5000 Mpps, 6016.25 Mbit/s (6096.25 Mbit/s with framing)
[1;36m[Device: id=1] RX[0m: 0.5000 Mpps, 6015.81 Mbit/s (6095.81 Mbit/s with framing)
[0;34m[Device: id=0] TX[0m: 0.5000 Mpps, 6015.80 Mbit/s (6095.79 Mbit/s with framing)
[1;36m[Device: id=1] RX[0m: 0.5000 Mpps, 6016.16 Mbit/s (6096.16 Mbit/s with framing)
[0;34m[Device: id=0] TX[0m: 0.5000 Mpps, 6016.01 Mbit/s (6096.01 Mbit/s with framing)
[1;36m[Device: id=1] RX[0m: 0.5000 Mpps, 6015.97 Mbit/s (6095.96 Mbit/s with framing)
[0;34m[Device: id=0] TX[0m: 0.5000 Mpps, 6016.02 Mbit/s (6096.02 Mbit/s with framing)
[1;36m[Device: id=1] RX[0m: 0.5000 Mpps, 6016.05 Mbit/s (6096.05 Mbit/s with framing)
[0;34m[Device: id=0] TX[0m: 0.5000 Mpps, 6016.06 Mbit/s (6096.06 Mbit/s with framing)
[1;36m[Device: id=1] RX[0m: 0.5000 Mpps, 6015.86 Mbit/s (6095.86 Mbit/s with framing)
[0;34m[Device: id=0] TX[0m: 0.5000 Mpps, 6015.99 Mbit/s (6095.99 Mbit/s with framing)
[1;36m[Device: id=1] RX[0m: 0.5000 Mpps, 6015.66 Mbit/s (6095.66 Mbit/s with framing)
[0;34m[Device: id=0] TX[0m: 0.5000 Mpps, 6016.27 Mbit/s (6096.27 Mbit/s with framing)
[1;36m[Device: id=1] RX[0m: 0.5000 Mpps, 6016.51 Mbit/s (6096.52 Mbit/s with framing)
[0;34m[Device: id=0] TX[0m: 0.5000 Mpps, 6015.77 Mbit/s (6095.77 Mbit/s with framing)
[1;36m[Device: id=1] RX[0m: 0.5000 Mpps, 6015.74 Mbit/s (6095.74 Mbit/s with framing)
[0;34m[Device: id=0] TX[0m: 0.5000 Mpps, 6016.02 Mbit/s (6096.02 Mbit/s with framing)
[1;36m[Device: id=1] RX[0m: 0.5000 Mpps, 6016.02 Mbit/s (6096.02 Mbit/s with framing)
[0;34m[Device: id=0] TX[0m: 0.5000 Mpps, 6016.01 Mbit/s (6096.01 Mbit/s with framing)
[1;36m[Device: id=1] RX[0m: 0.5000 Mpps, 6015.86 Mbit/s (6095.86 Mbit/s with framing)
[0;34m[Device: id=0] TX[0m: 0.5000 Mpps, 6016.02 Mbit/s (6096.02 Mbit/s with framing)
[1;36m[Device: id=1] RX[0m: 0.5000 Mpps, 6016.30 Mbit/s (6096.30 Mbit/s with framing)
[0;34m[Device: id=0] TX[0m: 0.5000 Mpps, 6016.01 Mbit/s (6096.01 Mbit/s with framing)
[1;36m[Device: id=1] RX[0m: 0.5000 Mpps, 6015.85 Mbit/s (6095.85 Mbit/s with framing)
[0;34m[Device: id=0] TX[0m: 0.5000 Mpps, 6016.27 Mbit/s (6096.27 Mbit/s with framing)
15
[1;36m[Device: id=1] RX[0m: 0.4944 Mpps, 5948.78 Mbit/s (6027.89 Mbit/s with framing)
[0;34m[Device: id=0] TX[0m: 0.4233 Mpps, 5093.14 Mbit/s (5160.87 Mbit/s with framing)
[1;36m[Device: id=1] RX[0m: 0.0000 Mpps, 0.00 Mbit/s (0.00 Mbit/s with framing)
[0;34m[Device: id=0] TX[0m: 0.0000 Mpps, 0.00 Mbit/s (0.00 Mbit/s with framing)
15000000
[1;36m[Device: id=1] RX[0m: 0.4829 (StdDev 0.0912) Mpps, 5810.02 (StdDev 1098) Mbit/s (5887.28 Mbit/s with framing), total 14989305 packets with 22543900516 bytes (incl. CRC)
[0;34m[Device: id=0] TX[0m: 0.4808 (StdDev 0.0919) Mpps, 5784.71 (StdDev 1105) Mbit/s (5861.63 Mbit/s with framing), total 15000000 packets with 22560000000 bytes (incl. CRC)
