[1;37m[INFO]  Initializing DPDK. This will take a few seconds...[0m
EAL: Probing VFIO support...
EAL: PCI device 0000:18:00.0 on NUMA socket 0
EAL:   probe driver: 8086:10fb net_ixgbe
EAL: PCI device 0000:18:00.1 on NUMA socket 0
EAL:   probe driver: 8086:10fb net_ixgbe
EAL: PCI device 0000:62:00.0 on NUMA socket 0
EAL:   probe driver: 8086:37d2 net_i40e
EAL: PCI device 0000:62:00.1 on NUMA socket 0
EAL:   probe driver: 8086:37d2 net_i40e
[1;37m[INFO]  Found 3 usable devices:[0m
   Device 0: 00:1B:21:BE:39:14 ([0;32mIntel Corporation 82599ES 10-Gigabit SFI/SFP+ Network Connection[0m)
   Device 1: 00:1B:21:BE:39:16 ([0;32mIntel Corporation 82599ES 10-Gigabit SFI/SFP+ Network Connection[0m)
   Device 2: AC:1F:6B:B9:35:91 ([0;32mIntel Corporation Ethernet Connection X722 for 10GBASE-T[0m)
PMD: ixgbe_dev_link_status_print():  Port 0: Link Down
PMD: ixgbe_dev_link_status_print():  Port 1: Link Down
[1;37m[INFO]  Waiting for devices to come up...[0m
[1;37m[INFO]  Device 1 (00:1B:21:BE:39:16) is up: 10000 MBit/s[0m
[1;37m[INFO]  Device 0 (00:1B:21:BE:39:14) is up: 10000 MBit/s[0m
[1;37m[INFO]  [0;32m2 devices are up.[0m[0m
[1;37m[INFO]  Trying to enable rx timestamping of all packets, this isn't supported by most nics[0m
[0;34m[Device: id=0] TX[0m: 0.4890 Mpps, 5022.78 Mbit/s (5101.02 Mbit/s with framing)
[1;36m[Device: id=1] RX[0m: 0.1926 Mpps, 1978.13 Mbit/s (2008.95 Mbit/s with framing)
[0;34m[Device: id=0] TX[0m: 0.4999 Mpps, 5135.42 Mbit/s (5215.42 Mbit/s with framing)
[1;36m[Device: id=1] RX[0m: 0.4916 Mpps, 5049.82 Mbit/s (5128.48 Mbit/s with framing)
[0;34m[Device: id=0] TX[0m: 0.5000 Mpps, 5135.98 Mbit/s (5215.98 Mbit/s with framing)
[1;36m[Device: id=1] RX[0m: 0.5000 Mpps, 5136.15 Mbit/s (5216.15 Mbit/s with framing)
[0;34m[Device: id=0] TX[0m: 0.5000 Mpps, 5136.01 Mbit/s (5216.01 Mbit/s with framing)
[1;36m[Device: id=1] RX[0m: 0.5000 Mpps, 5136.12 Mbit/s (5216.13 Mbit/s with framing)
[1;36m[Device: id=1] RX[0m: 0.5000 Mpps, 5135.97 Mbit/s (5215.97 Mbit/s with framing)
[0;34m[Device: id=0] TX[0m: 0.5001 Mpps, 5136.55 Mbit/s (5216.55 Mbit/s with framing)
[1;36m[Device: id=1] RX[0m: 0.5000 Mpps, 5135.94 Mbit/s (5215.94 Mbit/s with framing)
[0;34m[Device: id=0] TX[0m: 0.5000 Mpps, 5135.47 Mbit/s (5215.46 Mbit/s with framing)
[1;36m[Device: id=1] RX[0m: 0.5000 Mpps, 5136.17 Mbit/s (5216.18 Mbit/s with framing)
[0;34m[Device: id=0] TX[0m: 0.5000 Mpps, 5136.06 Mbit/s (5216.06 Mbit/s with framing)
[1;36m[Device: id=1] RX[0m: 0.5000 Mpps, 5135.82 Mbit/s (5215.82 Mbit/s with framing)
[0;34m[Device: id=0] TX[0m: 0.5000 Mpps, 5135.98 Mbit/s (5215.98 Mbit/s with framing)
[1;36m[Device: id=1] RX[0m: 0.5000 Mpps, 5136.07 Mbit/s (5216.08 Mbit/s with framing)
[0;34m[Device: id=0] TX[0m: 0.5000 Mpps, 5136.02 Mbit/s (5216.02 Mbit/s with framing)
[1;36m[Device: id=1] RX[0m: 0.4999 Mpps, 5134.78 Mbit/s (5214.76 Mbit/s with framing)
[0;34m[Device: id=0] TX[0m: 0.5000 Mpps, 5136.54 Mbit/s (5216.55 Mbit/s with framing)
[1;36m[Device: id=1] RX[0m: 0.5000 Mpps, 5136.13 Mbit/s (5216.13 Mbit/s with framing)
[0;34m[Device: id=0] TX[0m: 0.5000 Mpps, 5135.86 Mbit/s (5215.86 Mbit/s with framing)
[1;36m[Device: id=1] RX[0m: 0.5000 Mpps, 5136.03 Mbit/s (5216.03 Mbit/s with framing)
[0;34m[Device: id=0] TX[0m: 0.5000 Mpps, 5135.59 Mbit/s (5215.59 Mbit/s with framing)
[1;36m[Device: id=1] RX[0m: 0.5000 Mpps, 5135.80 Mbit/s (5215.80 Mbit/s with framing)
[0;34m[Device: id=0] TX[0m: 0.5000 Mpps, 5136.01 Mbit/s (5216.01 Mbit/s with framing)
[1;36m[Device: id=1] RX[0m: 0.5000 Mpps, 5136.25 Mbit/s (5216.25 Mbit/s with framing)
[0;34m[Device: id=0] TX[0m: 0.5000 Mpps, 5136.01 Mbit/s (5216.01 Mbit/s with framing)
[1;36m[Device: id=1] RX[0m: 0.5000 Mpps, 5135.82 Mbit/s (5215.82 Mbit/s with framing)
[0;34m[Device: id=0] TX[0m: 0.5000 Mpps, 5136.02 Mbit/s (5216.02 Mbit/s with framing)
[1;36m[Device: id=1] RX[0m: 0.5000 Mpps, 5136.13 Mbit/s (5216.13 Mbit/s with framing)
[0;34m[Device: id=0] TX[0m: 0.5000 Mpps, 5136.01 Mbit/s (5216.01 Mbit/s with framing)
[1;36m[Device: id=1] RX[0m: 0.5000 Mpps, 5135.98 Mbit/s (5215.98 Mbit/s with framing)
[0;34m[Device: id=0] TX[0m: 0.5000 Mpps, 5136.02 Mbit/s (5216.02 Mbit/s with framing)
[1;36m[Device: id=1] RX[0m: 0.5000 Mpps, 5135.87 Mbit/s (5215.87 Mbit/s with framing)
[0;34m[Device: id=0] TX[0m: 0.5000 Mpps, 5136.01 Mbit/s (5216.01 Mbit/s with framing)
[1;36m[Device: id=1] RX[0m: 0.5000 Mpps, 5136.41 Mbit/s (5216.41 Mbit/s with framing)
[0;34m[Device: id=0] TX[0m: 0.5000 Mpps, 5136.01 Mbit/s (5216.01 Mbit/s with framing)
[1;36m[Device: id=1] RX[0m: 0.4999 Mpps, 5135.26 Mbit/s (5215.25 Mbit/s with framing)
[0;34m[Device: id=0] TX[0m: 0.5000 Mpps, 5136.22 Mbit/s (5216.22 Mbit/s with framing)
[1;36m[Device: id=1] RX[0m: 0.5000 Mpps, 5136.21 Mbit/s (5216.21 Mbit/s with framing)
[0;34m[Device: id=0] TX[0m: 0.5000 Mpps, 5135.81 Mbit/s (5215.81 Mbit/s with framing)
[1;36m[Device: id=1] RX[0m: 0.5000 Mpps, 5135.82 Mbit/s (5215.82 Mbit/s with framing)
[0;34m[Device: id=0] TX[0m: 0.5000 Mpps, 5136.02 Mbit/s (5216.02 Mbit/s with framing)
[1;36m[Device: id=1] RX[0m: 0.5000 Mpps, 5136.08 Mbit/s (5216.08 Mbit/s with framing)
[0;34m[Device: id=0] TX[0m: 0.5000 Mpps, 5136.01 Mbit/s (5216.01 Mbit/s with framing)
[1;36m[Device: id=1] RX[0m: 0.5000 Mpps, 5135.93 Mbit/s (5215.93 Mbit/s with framing)
[0;34m[Device: id=0] TX[0m: 0.5000 Mpps, 5136.04 Mbit/s (5216.04 Mbit/s with framing)
[1;36m[Device: id=1] RX[0m: 0.5000 Mpps, 5136.15 Mbit/s (5216.16 Mbit/s with framing)
[0;34m[Device: id=0] TX[0m: 0.5000 Mpps, 5135.98 Mbit/s (5215.98 Mbit/s with framing)
[1;36m[Device: id=1] RX[0m: 0.5000 Mpps, 5135.95 Mbit/s (5215.95 Mbit/s with framing)
[0;34m[Device: id=0] TX[0m: 0.5000 Mpps, 5136.01 Mbit/s (5216.01 Mbit/s with framing)
[1;36m[Device: id=1] RX[0m: 0.5000 Mpps, 5135.89 Mbit/s (5215.89 Mbit/s with framing)
[0;34m[Device: id=0] TX[0m: 0.5000 Mpps, 5136.02 Mbit/s (5216.02 Mbit/s with framing)
[1;36m[Device: id=1] RX[0m: 0.5000 Mpps, 5136.12 Mbit/s (5216.12 Mbit/s with framing)
[0;34m[Device: id=0] TX[0m: 0.5000 Mpps, 5136.01 Mbit/s (5216.01 Mbit/s with framing)
[1;36m[Device: id=1] RX[0m: 0.5000 Mpps, 5135.91 Mbit/s (5215.91 Mbit/s with framing)
[0;34m[Device: id=0] TX[0m: 0.5000 Mpps, 5136.02 Mbit/s (5216.02 Mbit/s with framing)
15
[1;36m[Device: id=1] RX[0m: 0.4981 Mpps, 5116.73 Mbit/s (5196.43 Mbit/s with framing)
[0;34m[Device: id=0] TX[0m: 0.4238 Mpps, 4353.59 Mbit/s (4421.41 Mbit/s with framing)
[1;36m[Device: id=1] RX[0m: 0.0000 Mpps, 0.00 Mbit/s (0.00 Mbit/s with framing)
[0;34m[Device: id=0] TX[0m: 0.0000 Mpps, 0.00 Mbit/s (0.00 Mbit/s with framing)
15000000
[1;36m[Device: id=1] RX[0m: 0.4830 (StdDev 0.0912) Mpps, 4961.24 (StdDev 937) Mbit/s (5038.52 Mbit/s with framing), total 14682514 packets with 18852335972 bytes (incl. CRC)
[0;34m[Device: id=0] TX[0m: 0.4808 (StdDev 0.0919) Mpps, 4938.71 (StdDev 944) Mbit/s (5015.64 Mbit/s with framing), total 15000000 packets with 19260000000 bytes (incl. CRC)
