[1;37m[INFO]  Initializing DPDK. This will take a few seconds...[0m
EAL: Probing VFIO support...
EAL: PCI device 0000:18:00.0 on NUMA socket 0
EAL:   probe driver: 8086:10fb net_ixgbe
EAL: PCI device 0000:18:00.1 on NUMA socket 0
EAL:   probe driver: 8086:10fb net_ixgbe
EAL: PCI device 0000:62:00.0 on NUMA socket 0
EAL:   probe driver: 8086:37d2 net_i40e
EAL: PCI device 0000:62:00.1 on NUMA socket 0
EAL:   probe driver: 8086:37d2 net_i40e
[1;37m[INFO]  Found 3 usable devices:[0m
   Device 0: 00:1B:21:BE:39:14 ([0;32mIntel Corporation 82599ES 10-Gigabit SFI/SFP+ Network Connection[0m)
   Device 1: 00:1B:21:BE:39:16 ([0;32mIntel Corporation 82599ES 10-Gigabit SFI/SFP+ Network Connection[0m)
   Device 2: AC:1F:6B:B9:35:91 ([0;32mIntel Corporation Ethernet Connection X722 for 10GBASE-T[0m)
PMD: ixgbe_dev_link_status_print():  Port 0: Link Down
PMD: ixgbe_dev_link_status_print():  Port 1: Link Down
[1;37m[INFO]  Waiting for devices to come up...[0m
[1;37m[INFO]  Device 0 (00:1B:21:BE:39:14) is up: 10000 MBit/s[0m
[1;37m[INFO]  Device 1 (00:1B:21:BE:39:16) is up: 10000 MBit/s[0m
[1;37m[INFO]  [0;32m2 devices are up.[0m[0m
[1;37m[INFO]  Trying to enable rx timestamping of all packets, this isn't supported by most nics[0m
[0;34m[Device: id=0] TX[0m: 0.8823 Mpps, 3642.01 Mbit/s (3783.17 Mbit/s with framing)
[1;36m[Device: id=1] RX[0m: 0.8704 Mpps, 3592.89 Mbit/s (3732.16 Mbit/s with framing)
[0;34m[Device: id=0] TX[0m: 0.9008 Mpps, 3718.52 Mbit/s (3862.65 Mbit/s with framing)
[1;36m[Device: id=1] RX[0m: 0.8861 Mpps, 3657.71 Mbit/s (3799.48 Mbit/s with framing)
[0;34m[Device: id=0] TX[0m: 0.9009 Mpps, 3718.93 Mbit/s (3863.07 Mbit/s with framing)
[1;36m[Device: id=1] RX[0m: 0.9009 Mpps, 3718.93 Mbit/s (3863.07 Mbit/s with framing)
[0;34m[Device: id=0] TX[0m: 0.9009 Mpps, 3718.93 Mbit/s (3863.07 Mbit/s with framing)
[1;36m[Device: id=1] RX[0m: 0.9009 Mpps, 3718.94 Mbit/s (3863.09 Mbit/s with framing)
[1;36m[Device: id=1] RX[0m: 0.9009 Mpps, 3718.87 Mbit/s (3863.01 Mbit/s with framing)
[0;34m[Device: id=0] TX[0m: 0.9010 Mpps, 3719.33 Mbit/s (3863.48 Mbit/s with framing)
[1;36m[Device: id=1] RX[0m: 0.9009 Mpps, 3719.06 Mbit/s (3863.21 Mbit/s with framing)
[0;34m[Device: id=0] TX[0m: 0.9008 Mpps, 3718.55 Mbit/s (3862.68 Mbit/s with framing)
[1;36m[Device: id=1] RX[0m: 0.9009 Mpps, 3718.87 Mbit/s (3863.02 Mbit/s with framing)
[0;34m[Device: id=0] TX[0m: 0.9009 Mpps, 3718.92 Mbit/s (3863.06 Mbit/s with framing)
[1;36m[Device: id=1] RX[0m: 0.9007 Mpps, 3718.06 Mbit/s (3862.18 Mbit/s with framing)
[0;34m[Device: id=0] TX[0m: 0.9010 Mpps, 3719.32 Mbit/s (3863.48 Mbit/s with framing)
[1;36m[Device: id=1] RX[0m: 0.9009 Mpps, 3718.83 Mbit/s (3862.98 Mbit/s with framing)
[0;34m[Device: id=0] TX[0m: 0.9008 Mpps, 3718.54 Mbit/s (3862.68 Mbit/s with framing)
[1;36m[Device: id=1] RX[0m: 0.9008 Mpps, 3718.36 Mbit/s (3862.48 Mbit/s with framing)
[0;34m[Device: id=0] TX[0m: 0.9010 Mpps, 3719.34 Mbit/s (3863.49 Mbit/s with framing)
[1;36m[Device: id=1] RX[0m: 0.9009 Mpps, 3718.86 Mbit/s (3863.00 Mbit/s with framing)
[0;34m[Device: id=0] TX[0m: 0.9010 Mpps, 3719.30 Mbit/s (3863.45 Mbit/s with framing)
[1;36m[Device: id=1] RX[0m: 0.9009 Mpps, 3719.01 Mbit/s (3863.16 Mbit/s with framing)
[0;34m[Device: id=0] TX[0m: 0.9007 Mpps, 3718.15 Mbit/s (3862.27 Mbit/s with framing)
[1;36m[Device: id=1] RX[0m: 0.9009 Mpps, 3718.90 Mbit/s (3863.04 Mbit/s with framing)
[0;34m[Device: id=0] TX[0m: 0.9009 Mpps, 3718.93 Mbit/s (3863.08 Mbit/s with framing)
[1;36m[Device: id=1] RX[0m: 0.9009 Mpps, 3718.92 Mbit/s (3863.07 Mbit/s with framing)
[0;34m[Device: id=0] TX[0m: 0.9009 Mpps, 3719.09 Mbit/s (3863.24 Mbit/s with framing)
[1;36m[Device: id=1] RX[0m: 0.9007 Mpps, 3717.98 Mbit/s (3862.09 Mbit/s with framing)
[0;34m[Device: id=0] TX[0m: 0.9009 Mpps, 3718.77 Mbit/s (3862.91 Mbit/s with framing)
[1;36m[Device: id=1] RX[0m: 0.9009 Mpps, 3718.86 Mbit/s (3863.01 Mbit/s with framing)
[0;34m[Device: id=0] TX[0m: 0.9009 Mpps, 3718.93 Mbit/s (3863.08 Mbit/s with framing)
[1;36m[Device: id=1] RX[0m: 0.9009 Mpps, 3718.88 Mbit/s (3863.03 Mbit/s with framing)
[0;34m[Device: id=0] TX[0m: 0.9009 Mpps, 3718.96 Mbit/s (3863.10 Mbit/s with framing)
[1;36m[Device: id=1] RX[0m: 0.9007 Mpps, 3718.05 Mbit/s (3862.16 Mbit/s with framing)
[0;34m[Device: id=0] TX[0m: 0.9009 Mpps, 3719.08 Mbit/s (3863.23 Mbit/s with framing)
[1;36m[Device: id=1] RX[0m: 0.9009 Mpps, 3719.10 Mbit/s (3863.25 Mbit/s with framing)
[0;34m[Device: id=0] TX[0m: 0.9009 Mpps, 3718.75 Mbit/s (3862.89 Mbit/s with framing)
[1;36m[Device: id=1] RX[0m: 0.9009 Mpps, 3718.93 Mbit/s (3863.07 Mbit/s with framing)
[0;34m[Device: id=0] TX[0m: 0.9009 Mpps, 3718.93 Mbit/s (3863.08 Mbit/s with framing)
[1;36m[Device: id=1] RX[0m: 0.9009 Mpps, 3718.88 Mbit/s (3863.03 Mbit/s with framing)
[0;34m[Device: id=0] TX[0m: 0.9009 Mpps, 3718.93 Mbit/s (3863.08 Mbit/s with framing)
[1;36m[Device: id=1] RX[0m: 0.9009 Mpps, 3718.90 Mbit/s (3863.04 Mbit/s with framing)
[0;34m[Device: id=0] TX[0m: 0.9009 Mpps, 3719.07 Mbit/s (3863.22 Mbit/s with framing)
[1;36m[Device: id=1] RX[0m: 0.9009 Mpps, 3718.91 Mbit/s (3863.06 Mbit/s with framing)
[0;34m[Device: id=0] TX[0m: 0.9009 Mpps, 3718.79 Mbit/s (3862.93 Mbit/s with framing)
[1;36m[Device: id=1] RX[0m: 0.9009 Mpps, 3718.98 Mbit/s (3863.13 Mbit/s with framing)
[0;34m[Device: id=0] TX[0m: 0.9009 Mpps, 3718.94 Mbit/s (3863.08 Mbit/s with framing)
[1;36m[Device: id=1] RX[0m: 0.9009 Mpps, 3718.92 Mbit/s (3863.06 Mbit/s with framing)
[0;34m[Device: id=0] TX[0m: 0.9009 Mpps, 3718.93 Mbit/s (3863.08 Mbit/s with framing)
[1;36m[Device: id=1] RX[0m: 0.9009 Mpps, 3718.93 Mbit/s (3863.07 Mbit/s with framing)
[0;34m[Device: id=0] TX[0m: 0.9009 Mpps, 3718.93 Mbit/s (3863.08 Mbit/s with framing)
[1;36m[Device: id=1] RX[0m: 0.9009 Mpps, 3718.95 Mbit/s (3863.09 Mbit/s with framing)
[0;34m[Device: id=0] TX[0m: 0.9009 Mpps, 3718.93 Mbit/s (3863.08 Mbit/s with framing)
[1;36m[Device: id=1] RX[0m: 0.9009 Mpps, 3718.98 Mbit/s (3863.13 Mbit/s with framing)
[0;34m[Device: id=0] TX[0m: 0.9009 Mpps, 3718.94 Mbit/s (3863.08 Mbit/s with framing)
[1;36m[Device: id=1] RX[0m: 0.9009 Mpps, 3718.86 Mbit/s (3863.00 Mbit/s with framing)
[0;34m[Device: id=0] TX[0m: 0.9009 Mpps, 3719.08 Mbit/s (3863.23 Mbit/s with framing)
27
[1;36m[Device: id=1] RX[0m: 0.8660 Mpps, 3574.92 Mbit/s (3713.48 Mbit/s with framing)
[0;34m[Device: id=0] TX[0m: 0.7308 Mpps, 3016.93 Mbit/s (3133.86 Mbit/s with framing)
[1;36m[Device: id=1] RX[0m: 0.0000 Mpps, 0.00 Mbit/s (0.00 Mbit/s with framing)
[0;34m[Device: id=0] TX[0m: 0.0000 Mpps, 0.00 Mbit/s (0.00 Mbit/s with framing)
27000000
[1;36m[Device: id=1] RX[0m: 0.8692 (StdDev 0.1643) Mpps, 3588.01 (StdDev 678) Mbit/s (3727.08 Mbit/s with framing), total 26946348 packets with 13904311244 bytes (incl. CRC)
[0;34m[Device: id=0] TX[0m: 0.8652 (StdDev 0.1663) Mpps, 3571.56 (StdDev 687) Mbit/s (3709.99 Mbit/s with framing), total 27000000 packets with 13932000000 bytes (incl. CRC)
