[1;37m[INFO]  Initializing DPDK. This will take a few seconds...[0m
EAL: Probing VFIO support...
EAL: PCI device 0000:18:00.0 on NUMA socket 0
EAL:   probe driver: 8086:10fb net_ixgbe
EAL: PCI device 0000:18:00.1 on NUMA socket 0
EAL:   probe driver: 8086:10fb net_ixgbe
EAL: PCI device 0000:62:00.0 on NUMA socket 0
EAL:   probe driver: 8086:37d2 net_i40e
EAL: PCI device 0000:62:00.1 on NUMA socket 0
EAL:   probe driver: 8086:37d2 net_i40e
[1;37m[INFO]  Found 3 usable devices:[0m
   Device 0: 00:1B:21:BE:39:14 ([0;32mIntel Corporation 82599ES 10-Gigabit SFI/SFP+ Network Connection[0m)
   Device 1: 00:1B:21:BE:39:16 ([0;32mIntel Corporation 82599ES 10-Gigabit SFI/SFP+ Network Connection[0m)
   Device 2: AC:1F:6B:B9:35:91 ([0;32mIntel Corporation Ethernet Connection X722 for 10GBASE-T[0m)
PMD: ixgbe_dev_link_status_print():  Port 0: Link Down
PMD: ixgbe_dev_link_status_print():  Port 1: Link Down
[1;37m[INFO]  Waiting for devices to come up...[0m
[1;37m[INFO]  Device 0 (00:1B:21:BE:39:14) is up: 10000 MBit/s[0m
[1;37m[INFO]  Device 1 (00:1B:21:BE:39:16) is up: 10000 MBit/s[0m
[1;37m[INFO]  [0;32m2 devices are up.[0m[0m
[1;37m[INFO]  Trying to enable rx timestamping of all packets, this isn't supported by most nics[0m
[0;34m[Device: id=0] TX[0m: 0.2941 Mpps, 2418.64 Mbit/s (2465.69 Mbit/s with framing)
[1;36m[Device: id=1] RX[0m: 0.0733 Mpps, 603.11 Mbit/s (614.84 Mbit/s with framing)
[0;34m[Device: id=0] TX[0m: 0.3001 Mpps, 2467.63 Mbit/s (2515.64 Mbit/s with framing)
[1;36m[Device: id=1] RX[0m: 0.2954 Mpps, 2429.56 Mbit/s (2476.83 Mbit/s with framing)
[0;34m[Device: id=0] TX[0m: 0.3001 Mpps, 2467.90 Mbit/s (2515.91 Mbit/s with framing)
[1;36m[Device: id=1] RX[0m: 0.3001 Mpps, 2467.91 Mbit/s (2515.92 Mbit/s with framing)
[0;34m[Device: id=0] TX[0m: 0.3001 Mpps, 2468.17 Mbit/s (2516.18 Mbit/s with framing)
[1;36m[Device: id=1] RX[0m: 0.3001 Mpps, 2467.88 Mbit/s (2515.89 Mbit/s with framing)
[0;34m[Device: id=0] TX[0m: 0.3001 Mpps, 2467.66 Mbit/s (2515.67 Mbit/s with framing)
[1;36m[Device: id=1] RX[0m: 0.3001 Mpps, 2468.01 Mbit/s (2516.02 Mbit/s with framing)
[0;34m[Device: id=0] TX[0m: 0.3001 Mpps, 2468.17 Mbit/s (2516.19 Mbit/s with framing)
[1;36m[Device: id=1] RX[0m: 0.3001 Mpps, 2467.91 Mbit/s (2515.92 Mbit/s with framing)
[1;36m[Device: id=1] RX[0m: 0.3001 Mpps, 2467.84 Mbit/s (2515.85 Mbit/s with framing)
[0;34m[Device: id=0] TX[0m: 0.3001 Mpps, 2467.91 Mbit/s (2515.92 Mbit/s with framing)
[1;36m[Device: id=1] RX[0m: 0.3001 Mpps, 2467.93 Mbit/s (2515.95 Mbit/s with framing)
[0;34m[Device: id=0] TX[0m: 0.3001 Mpps, 2467.66 Mbit/s (2515.67 Mbit/s with framing)
[1;36m[Device: id=1] RX[0m: 0.3001 Mpps, 2467.90 Mbit/s (2515.91 Mbit/s with framing)
[0;34m[Device: id=0] TX[0m: 0.3001 Mpps, 2467.90 Mbit/s (2515.92 Mbit/s with framing)
[1;36m[Device: id=1] RX[0m: 0.3001 Mpps, 2467.91 Mbit/s (2515.93 Mbit/s with framing)
[0;34m[Device: id=0] TX[0m: 0.3001 Mpps, 2468.17 Mbit/s (2516.18 Mbit/s with framing)
[1;36m[Device: id=1] RX[0m: 0.3001 Mpps, 2467.90 Mbit/s (2515.91 Mbit/s with framing)
[0;34m[Device: id=0] TX[0m: 0.3001 Mpps, 2467.92 Mbit/s (2515.93 Mbit/s with framing)
[1;36m[Device: id=1] RX[0m: 0.3001 Mpps, 2467.88 Mbit/s (2515.90 Mbit/s with framing)
[0;34m[Device: id=0] TX[0m: 0.3001 Mpps, 2467.75 Mbit/s (2515.76 Mbit/s with framing)
[1;36m[Device: id=1] RX[0m: 0.3001 Mpps, 2468.01 Mbit/s (2516.03 Mbit/s with framing)
[0;34m[Device: id=0] TX[0m: 0.3001 Mpps, 2467.80 Mbit/s (2515.81 Mbit/s with framing)
[1;36m[Device: id=1] RX[0m: 0.3001 Mpps, 2467.84 Mbit/s (2515.85 Mbit/s with framing)
[0;34m[Device: id=0] TX[0m: 0.3001 Mpps, 2467.91 Mbit/s (2515.92 Mbit/s with framing)
[1;36m[Device: id=1] RX[0m: 0.3001 Mpps, 2467.91 Mbit/s (2515.93 Mbit/s with framing)
[0;34m[Device: id=0] TX[0m: 0.3001 Mpps, 2467.92 Mbit/s (2515.94 Mbit/s with framing)
[1;36m[Device: id=1] RX[0m: 0.3001 Mpps, 2467.92 Mbit/s (2515.93 Mbit/s with framing)
[0;34m[Device: id=0] TX[0m: 0.3001 Mpps, 2468.01 Mbit/s (2516.03 Mbit/s with framing)
[1;36m[Device: id=1] RX[0m: 0.3001 Mpps, 2467.91 Mbit/s (2515.92 Mbit/s with framing)
[0;34m[Device: id=0] TX[0m: 0.3001 Mpps, 2467.80 Mbit/s (2515.81 Mbit/s with framing)
[1;36m[Device: id=1] RX[0m: 0.3001 Mpps, 2467.88 Mbit/s (2515.89 Mbit/s with framing)
[0;34m[Device: id=0] TX[0m: 0.3001 Mpps, 2467.91 Mbit/s (2515.92 Mbit/s with framing)
[1;36m[Device: id=1] RX[0m: 0.3001 Mpps, 2467.94 Mbit/s (2515.96 Mbit/s with framing)
[0;34m[Device: id=0] TX[0m: 0.3001 Mpps, 2467.91 Mbit/s (2515.93 Mbit/s with framing)
[1;36m[Device: id=1] RX[0m: 0.3001 Mpps, 2467.92 Mbit/s (2515.93 Mbit/s with framing)
[0;34m[Device: id=0] TX[0m: 0.3001 Mpps, 2468.01 Mbit/s (2516.03 Mbit/s with framing)
[1;36m[Device: id=1] RX[0m: 0.3001 Mpps, 2468.06 Mbit/s (2516.08 Mbit/s with framing)
[0;34m[Device: id=0] TX[0m: 0.3001 Mpps, 2467.81 Mbit/s (2515.82 Mbit/s with framing)
[1;36m[Device: id=1] RX[0m: 0.3001 Mpps, 2467.88 Mbit/s (2515.90 Mbit/s with framing)
[0;34m[Device: id=0] TX[0m: 0.3001 Mpps, 2467.92 Mbit/s (2515.93 Mbit/s with framing)
[1;36m[Device: id=1] RX[0m: 0.3001 Mpps, 2467.92 Mbit/s (2515.94 Mbit/s with framing)
[0;34m[Device: id=0] TX[0m: 0.3001 Mpps, 2467.91 Mbit/s (2515.92 Mbit/s with framing)
[1;36m[Device: id=1] RX[0m: 0.3001 Mpps, 2467.74 Mbit/s (2515.75 Mbit/s with framing)
[0;34m[Device: id=0] TX[0m: 0.3001 Mpps, 2467.92 Mbit/s (2515.93 Mbit/s with framing)
[1;36m[Device: id=1] RX[0m: 0.3001 Mpps, 2467.96 Mbit/s (2515.97 Mbit/s with framing)
[0;34m[Device: id=0] TX[0m: 0.3001 Mpps, 2468.01 Mbit/s (2516.03 Mbit/s with framing)
[1;36m[Device: id=1] RX[0m: 0.3001 Mpps, 2467.92 Mbit/s (2515.93 Mbit/s with framing)
[0;34m[Device: id=0] TX[0m: 0.3001 Mpps, 2467.85 Mbit/s (2515.86 Mbit/s with framing)
[1;36m[Device: id=1] RX[0m: 0.3001 Mpps, 2467.92 Mbit/s (2515.93 Mbit/s with framing)
[0;34m[Device: id=0] TX[0m: 0.3001 Mpps, 2467.87 Mbit/s (2515.89 Mbit/s with framing)
[1;36m[Device: id=1] RX[0m: 0.3001 Mpps, 2467.90 Mbit/s (2515.92 Mbit/s with framing)
[0;34m[Device: id=0] TX[0m: 0.3001 Mpps, 2467.91 Mbit/s (2515.93 Mbit/s with framing)
[1;36m[Device: id=1] RX[0m: 0.3001 Mpps, 2467.90 Mbit/s (2515.91 Mbit/s with framing)
[0;34m[Device: id=0] TX[0m: 0.3001 Mpps, 2467.91 Mbit/s (2515.93 Mbit/s with framing)
9
[1;36m[Device: id=1] RX[0m: 0.2935 Mpps, 2413.69 Mbit/s (2460.65 Mbit/s with framing)
[0;34m[Device: id=0] TX[0m: 0.2510 Mpps, 2063.87 Mbit/s (2104.02 Mbit/s with framing)
[1;36m[Device: id=1] RX[0m: 0.0000 Mpps, 0.00 Mbit/s (0.00 Mbit/s with framing)
[0;34m[Device: id=0] TX[0m: 0.0000 Mpps, 0.00 Mbit/s (0.00 Mbit/s with framing)
9000000
[1;36m[Device: id=1] RX[0m: 0.2897 (StdDev 0.0547) Mpps, 2382.56 (StdDev 450) Mbit/s (2428.91 Mbit/s with framing), total 8764758 packets with 9010161780 bytes (incl. CRC)
[0;34m[Device: id=0] TX[0m: 0.2884 (StdDev 0.0552) Mpps, 2372.17 (StdDev 454) Mbit/s (2418.32 Mbit/s with framing), total 9000000 packets with 9252000000 bytes (incl. CRC)
