[1;37m[INFO]  Initializing DPDK. This will take a few seconds...[0m
EAL: Probing VFIO support...
EAL: PCI device 0000:18:00.0 on NUMA socket 0
EAL:   probe driver: 8086:10fb net_ixgbe
EAL: PCI device 0000:18:00.1 on NUMA socket 0
EAL:   probe driver: 8086:10fb net_ixgbe
EAL: PCI device 0000:62:00.0 on NUMA socket 0
EAL:   probe driver: 8086:37d2 net_i40e
EAL: PCI device 0000:62:00.1 on NUMA socket 0
EAL:   probe driver: 8086:37d2 net_i40e
[1;37m[INFO]  Found 3 usable devices:[0m
   Device 0: 00:1B:21:BE:39:14 ([0;32mIntel Corporation 82599ES 10-Gigabit SFI/SFP+ Network Connection[0m)
   Device 1: 00:1B:21:BE:39:16 ([0;32mIntel Corporation 82599ES 10-Gigabit SFI/SFP+ Network Connection[0m)
   Device 2: AC:1F:6B:B9:35:91 ([0;32mIntel Corporation Ethernet Connection X722 for 10GBASE-T[0m)
PMD: ixgbe_dev_link_status_print():  Port 0: Link Down
PMD: ixgbe_dev_link_status_print():  Port 1: Link Down
[1;37m[INFO]  Waiting for devices to come up...[0m
[1;37m[INFO]  Device 0 (00:1B:21:BE:39:14) is up: 10000 MBit/s[0m
[1;37m[INFO]  Device 1 (00:1B:21:BE:39:16) is up: 10000 MBit/s[0m
[1;37m[INFO]  [0;32m2 devices are up.[0m[0m
[1;37m[INFO]  Trying to enable rx timestamping of all packets, this isn't supported by most nics[0m
[0;34m[Device: id=0] TX[0m: 1.6658 Mpps, 906.19 Mbit/s (1172.72 Mbit/s with framing)
[1;36m[Device: id=1] RX[0m: 1.5527 Mpps, 844.67 Mbit/s (1093.10 Mbit/s with framing)
[0;34m[Device: id=0] TX[0m: 1.7016 Mpps, 925.68 Mbit/s (1197.94 Mbit/s with framing)
[1;36m[Device: id=1] RX[0m: 1.6758 Mpps, 911.65 Mbit/s (1179.78 Mbit/s with framing)
[0;34m[Device: id=0] TX[0m: 1.7018 Mpps, 925.76 Mbit/s (1198.05 Mbit/s with framing)
[1;36m[Device: id=1] RX[0m: 1.7018 Mpps, 925.77 Mbit/s (1198.06 Mbit/s with framing)
[0;34m[Device: id=0] TX[0m: 1.7018 Mpps, 925.77 Mbit/s (1198.06 Mbit/s with framing)
[1;36m[Device: id=1] RX[0m: 1.7018 Mpps, 925.78 Mbit/s (1198.06 Mbit/s with framing)
[0;34m[Device: id=0] TX[0m: 1.7019 Mpps, 925.87 Mbit/s (1198.18 Mbit/s with framing)
[1;36m[Device: id=1] RX[0m: 1.7012 Mpps, 925.44 Mbit/s (1197.63 Mbit/s with framing)
[1;36m[Device: id=1] RX[0m: 1.7024 Mpps, 926.10 Mbit/s (1198.48 Mbit/s with framing)
[0;34m[Device: id=0] TX[0m: 1.7016 Mpps, 925.68 Mbit/s (1197.94 Mbit/s with framing)
[1;36m[Device: id=1] RX[0m: 1.7018 Mpps, 925.77 Mbit/s (1198.06 Mbit/s with framing)
[0;34m[Device: id=0] TX[0m: 1.7018 Mpps, 925.78 Mbit/s (1198.07 Mbit/s with framing)
[1;36m[Device: id=1] RX[0m: 1.7018 Mpps, 925.77 Mbit/s (1198.06 Mbit/s with framing)
[0;34m[Device: id=0] TX[0m: 1.7019 Mpps, 925.87 Mbit/s (1198.18 Mbit/s with framing)
[1;36m[Device: id=1] RX[0m: 1.7018 Mpps, 925.76 Mbit/s (1198.04 Mbit/s with framing)
[0;34m[Device: id=0] TX[0m: 1.7016 Mpps, 925.66 Mbit/s (1197.92 Mbit/s with framing)
[1;36m[Device: id=1] RX[0m: 1.7018 Mpps, 925.79 Mbit/s (1198.08 Mbit/s with framing)
[0;34m[Device: id=0] TX[0m: 1.7020 Mpps, 925.87 Mbit/s (1198.19 Mbit/s with framing)
[1;36m[Device: id=1] RX[0m: 1.7018 Mpps, 925.77 Mbit/s (1198.06 Mbit/s with framing)
[0;34m[Device: id=0] TX[0m: 1.7017 Mpps, 925.74 Mbit/s (1198.02 Mbit/s with framing)
[1;36m[Device: id=1] RX[0m: 1.7017 Mpps, 925.74 Mbit/s (1198.02 Mbit/s with framing)
[0;34m[Device: id=0] TX[0m: 1.7017 Mpps, 925.70 Mbit/s (1197.96 Mbit/s with framing)
[1;36m[Device: id=1] RX[0m: 1.7018 Mpps, 925.77 Mbit/s (1198.05 Mbit/s with framing)
[0;34m[Device: id=0] TX[0m: 1.7018 Mpps, 925.81 Mbit/s (1198.10 Mbit/s with framing)
[1;36m[Device: id=1] RX[0m: 1.7018 Mpps, 925.78 Mbit/s (1198.07 Mbit/s with framing)
[0;34m[Device: id=0] TX[0m: 1.7017 Mpps, 925.74 Mbit/s (1198.01 Mbit/s with framing)
[1;36m[Device: id=1] RX[0m: 1.7018 Mpps, 925.78 Mbit/s (1198.07 Mbit/s with framing)
[0;34m[Device: id=0] TX[0m: 1.7018 Mpps, 925.78 Mbit/s (1198.07 Mbit/s with framing)
[1;36m[Device: id=1] RX[0m: 1.7018 Mpps, 925.75 Mbit/s (1198.03 Mbit/s with framing)
[0;34m[Device: id=0] TX[0m: 1.7018 Mpps, 925.80 Mbit/s (1198.10 Mbit/s with framing)
[1;36m[Device: id=1] RX[0m: 1.7018 Mpps, 925.78 Mbit/s (1198.07 Mbit/s with framing)
[0;34m[Device: id=0] TX[0m: 1.7017 Mpps, 925.74 Mbit/s (1198.01 Mbit/s with framing)
[1;36m[Device: id=1] RX[0m: 1.7018 Mpps, 925.77 Mbit/s (1198.05 Mbit/s with framing)
[0;34m[Device: id=0] TX[0m: 1.7018 Mpps, 925.77 Mbit/s (1198.06 Mbit/s with framing)
[1;36m[Device: id=1] RX[0m: 1.7018 Mpps, 925.78 Mbit/s (1198.07 Mbit/s with framing)
[0;34m[Device: id=0] TX[0m: 1.7018 Mpps, 925.77 Mbit/s (1198.06 Mbit/s with framing)
[1;36m[Device: id=1] RX[0m: 1.7010 Mpps, 925.36 Mbit/s (1197.52 Mbit/s with framing)
[0;34m[Device: id=0] TX[0m: 1.7018 Mpps, 925.81 Mbit/s (1198.10 Mbit/s with framing)
[1;36m[Device: id=1] RX[0m: 1.7018 Mpps, 925.81 Mbit/s (1198.10 Mbit/s with framing)
[0;34m[Device: id=0] TX[0m: 1.7017 Mpps, 925.74 Mbit/s (1198.01 Mbit/s with framing)
[1;36m[Device: id=1] RX[0m: 1.7018 Mpps, 925.77 Mbit/s (1198.06 Mbit/s with framing)
[0;34m[Device: id=0] TX[0m: 1.7018 Mpps, 925.79 Mbit/s (1198.08 Mbit/s with framing)
[1;36m[Device: id=1] RX[0m: 1.7018 Mpps, 925.77 Mbit/s (1198.06 Mbit/s with framing)
[0;34m[Device: id=0] TX[0m: 1.7018 Mpps, 925.75 Mbit/s (1198.04 Mbit/s with framing)
[1;36m[Device: id=1] RX[0m: 1.7018 Mpps, 925.77 Mbit/s (1198.06 Mbit/s with framing)
[0;34m[Device: id=0] TX[0m: 1.7018 Mpps, 925.77 Mbit/s (1198.06 Mbit/s with framing)
[1;36m[Device: id=1] RX[0m: 1.7018 Mpps, 925.77 Mbit/s (1198.06 Mbit/s with framing)
[0;34m[Device: id=0] TX[0m: 1.7018 Mpps, 925.77 Mbit/s (1198.06 Mbit/s with framing)
[1;36m[Device: id=1] RX[0m: 1.7010 Mpps, 925.35 Mbit/s (1197.52 Mbit/s with framing)
[0;34m[Device: id=0] TX[0m: 1.7018 Mpps, 925.81 Mbit/s (1198.10 Mbit/s with framing)
[1;36m[Device: id=1] RX[0m: 1.7018 Mpps, 925.77 Mbit/s (1198.06 Mbit/s with framing)
[0;34m[Device: id=0] TX[0m: 1.7017 Mpps, 925.74 Mbit/s (1198.02 Mbit/s with framing)
[1;36m[Device: id=1] RX[0m: 1.7018 Mpps, 925.77 Mbit/s (1198.06 Mbit/s with framing)
[0;34m[Device: id=0] TX[0m: 1.7018 Mpps, 925.79 Mbit/s (1198.07 Mbit/s with framing)
[1;36m[Device: id=1] RX[0m: 1.7018 Mpps, 925.78 Mbit/s (1198.06 Mbit/s with framing)
[0;34m[Device: id=0] TX[0m: 1.7018 Mpps, 925.76 Mbit/s (1198.04 Mbit/s with framing)
51
[1;36m[Device: id=1] RX[0m: 1.6324 Mpps, 888.04 Mbit/s (1149.23 Mbit/s with framing)
[0;34m[Device: id=0] TX[0m: 1.3892 Mpps, 755.70 Mbit/s (977.96 Mbit/s with framing)
[1;36m[Device: id=1] RX[0m: 0.0000 Mpps, 0.00 Mbit/s (0.00 Mbit/s with framing)
[0;34m[Device: id=0] TX[0m: 0.0000 Mpps, 0.00 Mbit/s (0.00 Mbit/s with framing)
51000000
[1;36m[Device: id=1] RX[0m: 1.6418 (StdDev 0.3104) Mpps, 893.16 (StdDev 169) Mbit/s (1155.85 Mbit/s with framing), total 50807831 packets with 3454932664 bytes (incl. CRC)
[0;34m[Device: id=0] TX[0m: 1.6346 (StdDev 0.3140) Mpps, 889.24 (StdDev 171) Mbit/s (1150.78 Mbit/s with framing), total 51000000 packets with 3468000000 bytes (incl. CRC)
