[1;37m[INFO]  Initializing DPDK. This will take a few seconds...[0m
EAL: Probing VFIO support...
EAL: PCI device 0000:18:00.0 on NUMA socket 0
EAL:   probe driver: 8086:10fb net_ixgbe
EAL: PCI device 0000:18:00.1 on NUMA socket 0
EAL:   probe driver: 8086:10fb net_ixgbe
EAL: PCI device 0000:62:00.0 on NUMA socket 0
EAL:   probe driver: 8086:37d2 net_i40e
EAL: PCI device 0000:62:00.1 on NUMA socket 0
EAL:   probe driver: 8086:37d2 net_i40e
[1;37m[INFO]  Found 3 usable devices:[0m
   Device 0: 00:1B:21:BE:39:14 ([0;32mIntel Corporation 82599ES 10-Gigabit SFI/SFP+ Network Connection[0m)
   Device 1: 00:1B:21:BE:39:16 ([0;32mIntel Corporation 82599ES 10-Gigabit SFI/SFP+ Network Connection[0m)
   Device 2: AC:1F:6B:B9:35:91 ([0;32mIntel Corporation Ethernet Connection X722 for 10GBASE-T[0m)
PMD: ixgbe_dev_link_status_print():  Port 0: Link Down
PMD: ixgbe_dev_link_status_print():  Port 1: Link Down
[1;37m[INFO]  Waiting for devices to come up...[0m
[1;37m[INFO]  Device 0 (00:1B:21:BE:39:14) is up: 10000 MBit/s[0m
[1;37m[INFO]  Device 1 (00:1B:21:BE:39:16) is up: 10000 MBit/s[0m
[1;37m[INFO]  [0;32m2 devices are up.[0m[0m
[1;37m[INFO]  Trying to enable rx timestamping of all packets, this isn't supported by most nics[0m
[0;34m[Device: id=0] TX[0m: 0.7894 Mpps, 6492.10 Mbit/s (6618.41 Mbit/s with framing)
[1;36m[Device: id=1] RX[0m: 0.1476 Mpps, 1213.99 Mbit/s (1237.61 Mbit/s with framing)
[0;34m[Device: id=0] TX[0m: 0.8002 Mpps, 6581.10 Mbit/s (6709.14 Mbit/s with framing)
[1;36m[Device: id=1] RX[0m: 0.7873 Mpps, 6474.42 Mbit/s (6600.38 Mbit/s with framing)
[0;34m[Device: id=0] TX[0m: 0.8003 Mpps, 6581.67 Mbit/s (6709.71 Mbit/s with framing)
[1;36m[Device: id=1] RX[0m: 0.8003 Mpps, 6581.43 Mbit/s (6709.48 Mbit/s with framing)
[0;34m[Device: id=0] TX[0m: 0.8003 Mpps, 6581.73 Mbit/s (6709.78 Mbit/s with framing)
[1;36m[Device: id=1] RX[0m: 0.8003 Mpps, 6581.88 Mbit/s (6709.93 Mbit/s with framing)
[0;34m[Device: id=0] TX[0m: 0.8004 Mpps, 6582.45 Mbit/s (6710.51 Mbit/s with framing)
[1;36m[Device: id=1] RX[0m: 0.8001 Mpps, 6579.82 Mbit/s (6707.83 Mbit/s with framing)
[0;34m[Device: id=0] TX[0m: 0.8002 Mpps, 6581.01 Mbit/s (6709.04 Mbit/s with framing)
[1;36m[Device: id=1] RX[0m: 0.8003 Mpps, 6581.83 Mbit/s (6709.88 Mbit/s with framing)
[1;36m[Device: id=1] RX[0m: 0.8001 Mpps, 6580.36 Mbit/s (6708.39 Mbit/s with framing)
[0;34m[Device: id=0] TX[0m: 0.8004 Mpps, 6582.52 Mbit/s (6710.58 Mbit/s with framing)
[1;36m[Device: id=1] RX[0m: 0.8002 Mpps, 6581.11 Mbit/s (6709.15 Mbit/s with framing)
[0;34m[Device: id=0] TX[0m: 0.8003 Mpps, 6581.65 Mbit/s (6709.70 Mbit/s with framing)
[1;36m[Device: id=1] RX[0m: 0.8003 Mpps, 6581.75 Mbit/s (6709.80 Mbit/s with framing)
[0;34m[Device: id=0] TX[0m: 0.8002 Mpps, 6581.00 Mbit/s (6709.04 Mbit/s with framing)
[1;36m[Device: id=1] RX[0m: 0.8003 Mpps, 6581.60 Mbit/s (6709.64 Mbit/s with framing)
[0;34m[Device: id=0] TX[0m: 0.8004 Mpps, 6582.41 Mbit/s (6710.48 Mbit/s with framing)
[1;36m[Device: id=1] RX[0m: 0.8003 Mpps, 6581.39 Mbit/s (6709.43 Mbit/s with framing)
[0;34m[Device: id=0] TX[0m: 0.8003 Mpps, 6581.55 Mbit/s (6709.59 Mbit/s with framing)
[1;36m[Device: id=1] RX[0m: 0.8003 Mpps, 6581.62 Mbit/s (6709.66 Mbit/s with framing)
[0;34m[Device: id=0] TX[0m: 0.8003 Mpps, 6581.18 Mbit/s (6709.22 Mbit/s with framing)
[1;36m[Device: id=1] RX[0m: 0.8003 Mpps, 6581.95 Mbit/s (6710.00 Mbit/s with framing)
[0;34m[Device: id=0] TX[0m: 0.8003 Mpps, 6581.94 Mbit/s (6710.00 Mbit/s with framing)
[1;36m[Device: id=1] RX[0m: 0.8003 Mpps, 6581.62 Mbit/s (6709.67 Mbit/s with framing)
[0;34m[Device: id=0] TX[0m: 0.8003 Mpps, 6581.50 Mbit/s (6709.55 Mbit/s with framing)
[1;36m[Device: id=1] RX[0m: 0.8003 Mpps, 6581.68 Mbit/s (6709.72 Mbit/s with framing)
[0;34m[Device: id=0] TX[0m: 0.8003 Mpps, 6581.73 Mbit/s (6709.78 Mbit/s with framing)
[1;36m[Device: id=1] RX[0m: 0.8003 Mpps, 6581.80 Mbit/s (6709.85 Mbit/s with framing)
[0;34m[Device: id=0] TX[0m: 0.8003 Mpps, 6581.72 Mbit/s (6709.77 Mbit/s with framing)
[1;36m[Device: id=1] RX[0m: 0.8003 Mpps, 6581.56 Mbit/s (6709.61 Mbit/s with framing)
[0;34m[Device: id=0] TX[0m: 0.8003 Mpps, 6581.73 Mbit/s (6709.78 Mbit/s with framing)
[1;36m[Device: id=1] RX[0m: 0.8003 Mpps, 6581.82 Mbit/s (6709.87 Mbit/s with framing)
[0;34m[Device: id=0] TX[0m: 0.8003 Mpps, 6581.99 Mbit/s (6710.04 Mbit/s with framing)
[1;36m[Device: id=1] RX[0m: 0.8003 Mpps, 6581.81 Mbit/s (6709.86 Mbit/s with framing)
[0;34m[Device: id=0] TX[0m: 0.8003 Mpps, 6581.47 Mbit/s (6709.51 Mbit/s with framing)
[1;36m[Device: id=1] RX[0m: 0.8003 Mpps, 6581.56 Mbit/s (6709.61 Mbit/s with framing)
[0;34m[Device: id=0] TX[0m: 0.8003 Mpps, 6581.72 Mbit/s (6709.77 Mbit/s with framing)
[1;36m[Device: id=1] RX[0m: 0.8003 Mpps, 6581.71 Mbit/s (6709.76 Mbit/s with framing)
[0;34m[Device: id=0] TX[0m: 0.8003 Mpps, 6581.73 Mbit/s (6709.78 Mbit/s with framing)
[1;36m[Device: id=1] RX[0m: 0.8003 Mpps, 6581.94 Mbit/s (6709.99 Mbit/s with framing)
[0;34m[Device: id=0] TX[0m: 0.8003 Mpps, 6581.81 Mbit/s (6709.86 Mbit/s with framing)
[1;36m[Device: id=1] RX[0m: 0.8003 Mpps, 6581.60 Mbit/s (6709.64 Mbit/s with framing)
[0;34m[Device: id=0] TX[0m: 0.8003 Mpps, 6581.63 Mbit/s (6709.68 Mbit/s with framing)
[1;36m[Device: id=1] RX[0m: 0.8003 Mpps, 6581.86 Mbit/s (6709.91 Mbit/s with framing)
[0;34m[Device: id=0] TX[0m: 0.8003 Mpps, 6581.97 Mbit/s (6710.02 Mbit/s with framing)
[1;36m[Device: id=1] RX[0m: 0.8003 Mpps, 6581.57 Mbit/s (6709.62 Mbit/s with framing)
[0;34m[Device: id=0] TX[0m: 0.8003 Mpps, 6581.48 Mbit/s (6709.53 Mbit/s with framing)
[1;36m[Device: id=1] RX[0m: 0.8003 Mpps, 6581.87 Mbit/s (6709.92 Mbit/s with framing)
[0;34m[Device: id=0] TX[0m: 0.8003 Mpps, 6581.73 Mbit/s (6709.78 Mbit/s with framing)
[1;36m[Device: id=1] RX[0m: 0.8003 Mpps, 6581.67 Mbit/s (6709.72 Mbit/s with framing)
[0;34m[Device: id=0] TX[0m: 0.8003 Mpps, 6581.73 Mbit/s (6709.78 Mbit/s with framing)
[1;36m[Device: id=1] RX[0m: 0.8003 Mpps, 6581.81 Mbit/s (6709.86 Mbit/s with framing)
[0;34m[Device: id=0] TX[0m: 0.8003 Mpps, 6581.73 Mbit/s (6709.77 Mbit/s with framing)
[1;36m[Device: id=1] RX[0m: 0.8003 Mpps, 6581.49 Mbit/s (6709.53 Mbit/s with framing)
[0;34m[Device: id=0] TX[0m: 0.8003 Mpps, 6581.72 Mbit/s (6709.77 Mbit/s with framing)
24
[1;36m[Device: id=1] RX[0m: 0.7742 Mpps, 6366.62 Mbit/s (6490.48 Mbit/s with framing)
[0;34m[Device: id=0] TX[0m: 0.6624 Mpps, 5447.40 Mbit/s (5553.38 Mbit/s with framing)
[1;36m[Device: id=1] RX[0m: 0.0000 Mpps, 0.00 Mbit/s (0.00 Mbit/s with framing)
[0;34m[Device: id=0] TX[0m: 0.0000 Mpps, 0.00 Mbit/s (0.00 Mbit/s with framing)
24000000
[1;36m[Device: id=1] RX[0m: 0.7723 (StdDev 0.1460) Mpps, 6351.44 (StdDev 1200) Mbit/s (6475.01 Mbit/s with framing), total 23316964 packets with 23969829548 bytes (incl. CRC)
[0;34m[Device: id=0] TX[0m: 0.7690 (StdDev 0.1474) Mpps, 6324.50 (StdDev 1212) Mbit/s (6447.54 Mbit/s with framing), total 24000000 packets with 24672000000 bytes (incl. CRC)
