[1;37m[INFO]  Initializing DPDK. This will take a few seconds...[0m
EAL: Probing VFIO support...
EAL: PCI device 0000:18:00.0 on NUMA socket 0
EAL:   probe driver: 8086:10fb net_ixgbe
EAL: PCI device 0000:18:00.1 on NUMA socket 0
EAL:   probe driver: 8086:10fb net_ixgbe
EAL: PCI device 0000:62:00.0 on NUMA socket 0
EAL:   probe driver: 8086:37d2 net_i40e
EAL: PCI device 0000:62:00.1 on NUMA socket 0
EAL:   probe driver: 8086:37d2 net_i40e
[1;37m[INFO]  Found 3 usable devices:[0m
   Device 0: 00:1B:21:BE:39:14 ([0;32mIntel Corporation 82599ES 10-Gigabit SFI/SFP+ Network Connection[0m)
   Device 1: 00:1B:21:BE:39:16 ([0;32mIntel Corporation 82599ES 10-Gigabit SFI/SFP+ Network Connection[0m)
   Device 2: AC:1F:6B:B9:35:91 ([0;32mIntel Corporation Ethernet Connection X722 for 10GBASE-T[0m)
PMD: ixgbe_dev_link_status_print():  Port 0: Link Down
PMD: ixgbe_dev_link_status_print():  Port 1: Link Down
[1;37m[INFO]  Waiting for devices to come up...[0m
[1;37m[INFO]  Device 0 (00:1B:21:BE:39:14) is up: 10000 MBit/s[0m
[1;37m[INFO]  Device 1 (00:1B:21:BE:39:16) is up: 10000 MBit/s[0m
[1;37m[INFO]  [0;32m2 devices are up.[0m[0m
[1;37m[INFO]  Trying to enable rx timestamping of all packets, this isn't supported by most nics[0m
[0;34m[Device: id=0] TX[0m: 0.8844 Mpps, 7273.01 Mbit/s (7414.51 Mbit/s with framing)
[1;36m[Device: id=1] RX[0m: 0.3339 Mpps, 2746.34 Mbit/s (2799.77 Mbit/s with framing)
[0;34m[Device: id=0] TX[0m: 0.9008 Mpps, 7408.60 Mbit/s (7552.74 Mbit/s with framing)
[1;36m[Device: id=1] RX[0m: 0.8860 Mpps, 7286.81 Mbit/s (7428.57 Mbit/s with framing)
[0;34m[Device: id=0] TX[0m: 0.9009 Mpps, 7408.67 Mbit/s (7552.81 Mbit/s with framing)
[1;36m[Device: id=1] RX[0m: 0.9009 Mpps, 7408.81 Mbit/s (7552.95 Mbit/s with framing)
[0;34m[Device: id=0] TX[0m: 0.9009 Mpps, 7409.03 Mbit/s (7553.17 Mbit/s with framing)
[1;36m[Device: id=1] RX[0m: 0.9009 Mpps, 7409.08 Mbit/s (7553.23 Mbit/s with framing)
[1;36m[Device: id=1] RX[0m: 0.9009 Mpps, 7409.21 Mbit/s (7553.36 Mbit/s with framing)
[0;34m[Device: id=0] TX[0m: 0.9010 Mpps, 7409.48 Mbit/s (7553.63 Mbit/s with framing)
[1;36m[Device: id=1] RX[0m: 0.9009 Mpps, 7409.01 Mbit/s (7553.15 Mbit/s with framing)
[0;34m[Device: id=0] TX[0m: 0.9009 Mpps, 7408.58 Mbit/s (7552.72 Mbit/s with framing)
[1;36m[Device: id=1] RX[0m: 0.9009 Mpps, 7408.85 Mbit/s (7552.99 Mbit/s with framing)
[0;34m[Device: id=0] TX[0m: 0.9009 Mpps, 7409.04 Mbit/s (7553.18 Mbit/s with framing)
[1;36m[Device: id=1] RX[0m: 0.9009 Mpps, 7409.03 Mbit/s (7553.18 Mbit/s with framing)
[0;34m[Device: id=0] TX[0m: 0.9009 Mpps, 7409.47 Mbit/s (7553.62 Mbit/s with framing)
[1;36m[Device: id=1] RX[0m: 0.9009 Mpps, 7409.26 Mbit/s (7553.41 Mbit/s with framing)
[0;34m[Device: id=0] TX[0m: 0.9009 Mpps, 7408.60 Mbit/s (7552.73 Mbit/s with framing)
[1;36m[Device: id=1] RX[0m: 0.9009 Mpps, 7408.98 Mbit/s (7553.13 Mbit/s with framing)
[0;34m[Device: id=0] TX[0m: 0.9009 Mpps, 7409.03 Mbit/s (7553.17 Mbit/s with framing)
[1;36m[Device: id=1] RX[0m: 0.9009 Mpps, 7408.90 Mbit/s (7553.05 Mbit/s with framing)
[0;34m[Device: id=0] TX[0m: 0.9011 Mpps, 7410.49 Mbit/s (7554.65 Mbit/s with framing)
[1;36m[Device: id=1] RX[0m: 0.9009 Mpps, 7408.98 Mbit/s (7553.12 Mbit/s with framing)
[0;34m[Device: id=0] TX[0m: 0.9007 Mpps, 7407.56 Mbit/s (7551.68 Mbit/s with framing)
[1;36m[Device: id=1] RX[0m: 0.9009 Mpps, 7409.10 Mbit/s (7553.25 Mbit/s with framing)
[0;34m[Device: id=0] TX[0m: 0.9009 Mpps, 7409.03 Mbit/s (7553.17 Mbit/s with framing)
[1;36m[Device: id=1] RX[0m: 0.9009 Mpps, 7409.02 Mbit/s (7553.16 Mbit/s with framing)
[0;34m[Device: id=0] TX[0m: 0.9009 Mpps, 7409.31 Mbit/s (7553.45 Mbit/s with framing)
[1;36m[Device: id=1] RX[0m: 0.9009 Mpps, 7409.10 Mbit/s (7553.25 Mbit/s with framing)
[0;34m[Device: id=0] TX[0m: 0.9009 Mpps, 7408.76 Mbit/s (7552.90 Mbit/s with framing)
[1;36m[Device: id=1] RX[0m: 0.9009 Mpps, 7409.06 Mbit/s (7553.20 Mbit/s with framing)
[0;34m[Device: id=0] TX[0m: 0.9009 Mpps, 7409.03 Mbit/s (7553.17 Mbit/s with framing)
[1;36m[Device: id=1] RX[0m: 0.9009 Mpps, 7409.00 Mbit/s (7553.15 Mbit/s with framing)
[0;34m[Device: id=0] TX[0m: 0.9009 Mpps, 7409.03 Mbit/s (7553.17 Mbit/s with framing)
[1;36m[Device: id=1] RX[0m: 0.9009 Mpps, 7408.90 Mbit/s (7553.04 Mbit/s with framing)
[0;34m[Device: id=0] TX[0m: 0.9009 Mpps, 7409.34 Mbit/s (7553.49 Mbit/s with framing)
[1;36m[Device: id=1] RX[0m: 0.9009 Mpps, 7409.14 Mbit/s (7553.29 Mbit/s with framing)
[0;34m[Device: id=0] TX[0m: 0.9009 Mpps, 7408.73 Mbit/s (7552.87 Mbit/s with framing)
[1;36m[Device: id=1] RX[0m: 0.9009 Mpps, 7409.02 Mbit/s (7553.17 Mbit/s with framing)
[0;34m[Device: id=0] TX[0m: 0.9009 Mpps, 7409.03 Mbit/s (7553.17 Mbit/s with framing)
[1;36m[Device: id=1] RX[0m: 0.9009 Mpps, 7409.06 Mbit/s (7553.21 Mbit/s with framing)
[0;34m[Device: id=0] TX[0m: 0.9009 Mpps, 7409.26 Mbit/s (7553.41 Mbit/s with framing)
[1;36m[Device: id=1] RX[0m: 0.9009 Mpps, 7408.87 Mbit/s (7553.01 Mbit/s with framing)
[0;34m[Device: id=0] TX[0m: 0.9009 Mpps, 7408.79 Mbit/s (7552.93 Mbit/s with framing)
[1;36m[Device: id=1] RX[0m: 0.9009 Mpps, 7409.04 Mbit/s (7553.18 Mbit/s with framing)
[0;34m[Device: id=0] TX[0m: 0.9009 Mpps, 7409.03 Mbit/s (7553.18 Mbit/s with framing)
[1;36m[Device: id=1] RX[0m: 0.9009 Mpps, 7409.11 Mbit/s (7553.26 Mbit/s with framing)
[0;34m[Device: id=0] TX[0m: 0.9009 Mpps, 7409.04 Mbit/s (7553.18 Mbit/s with framing)
[1;36m[Device: id=1] RX[0m: 0.9009 Mpps, 7408.99 Mbit/s (7553.14 Mbit/s with framing)
[0;34m[Device: id=0] TX[0m: 0.9009 Mpps, 7409.03 Mbit/s (7553.17 Mbit/s with framing)
[1;36m[Device: id=1] RX[0m: 0.9009 Mpps, 7409.10 Mbit/s (7553.25 Mbit/s with framing)
[0;34m[Device: id=0] TX[0m: 0.9009 Mpps, 7409.03 Mbit/s (7553.17 Mbit/s with framing)
[1;36m[Device: id=1] RX[0m: 0.9009 Mpps, 7409.02 Mbit/s (7553.17 Mbit/s with framing)
[0;34m[Device: id=0] TX[0m: 0.9009 Mpps, 7409.07 Mbit/s (7553.21 Mbit/s with framing)
[1;36m[Device: id=1] RX[0m: 0.9009 Mpps, 7409.07 Mbit/s (7553.21 Mbit/s with framing)
[0;34m[Device: id=0] TX[0m: 0.9009 Mpps, 7408.99 Mbit/s (7553.14 Mbit/s with framing)
[1;36m[Device: id=1] RX[0m: 0.9009 Mpps, 7408.91 Mbit/s (7553.05 Mbit/s with framing)
[0;34m[Device: id=0] TX[0m: 0.9009 Mpps, 7409.31 Mbit/s (7553.46 Mbit/s with framing)
27
[1;36m[Device: id=1] RX[0m: 0.8669 Mpps, 7129.71 Mbit/s (7268.42 Mbit/s with framing)
[0;34m[Device: id=0] TX[0m: 0.7304 Mpps, 6007.01 Mbit/s (6123.88 Mbit/s with framing)
[1;36m[Device: id=1] RX[0m: 0.0000 Mpps, 0.00 Mbit/s (0.00 Mbit/s with framing)
[0;34m[Device: id=0] TX[0m: 0.0000 Mpps, 0.00 Mbit/s (0.00 Mbit/s with framing)
27000000
[1;36m[Device: id=1] RX[0m: 0.8692 (StdDev 0.1643) Mpps, 7148.67 (StdDev 1351) Mbit/s (7287.75 Mbit/s with framing), total 26411516 packets with 27151029004 bytes (incl. CRC)
[0;34m[Device: id=0] TX[0m: 0.8652 (StdDev 0.1663) Mpps, 7115.31 (StdDev 1368) Mbit/s (7253.74 Mbit/s with framing), total 27000000 packets with 27756000000 bytes (incl. CRC)
