[1;37m[INFO]  Initializing DPDK. This will take a few seconds...[0m
EAL: Probing VFIO support...
EAL: PCI device 0000:18:00.0 on NUMA socket 0
EAL:   probe driver: 8086:10fb net_ixgbe
EAL: PCI device 0000:18:00.1 on NUMA socket 0
EAL:   probe driver: 8086:10fb net_ixgbe
EAL: PCI device 0000:62:00.0 on NUMA socket 0
EAL:   probe driver: 8086:37d2 net_i40e
EAL: PCI device 0000:62:00.1 on NUMA socket 0
EAL:   probe driver: 8086:37d2 net_i40e
[1;37m[INFO]  Found 3 usable devices:[0m
   Device 0: 00:1B:21:BE:39:14 ([0;32mIntel Corporation 82599ES 10-Gigabit SFI/SFP+ Network Connection[0m)
   Device 1: 00:1B:21:BE:39:16 ([0;32mIntel Corporation 82599ES 10-Gigabit SFI/SFP+ Network Connection[0m)
   Device 2: AC:1F:6B:B9:35:91 ([0;32mIntel Corporation Ethernet Connection X722 for 10GBASE-T[0m)
PMD: ixgbe_dev_link_status_print():  Port 0: Link Down
PMD: ixgbe_dev_link_status_print():  Port 1: Link Down
[1;37m[INFO]  Waiting for devices to come up...[0m
[1;37m[INFO]  Device 0 (00:1B:21:BE:39:14) is up: 10000 MBit/s[0m
[1;37m[INFO]  Device 1 (00:1B:21:BE:39:16) is up: 10000 MBit/s[0m
[1;37m[INFO]  [0;32m2 devices are up.[0m[0m
[1;37m[INFO]  Trying to enable rx timestamping of all packets, this isn't supported by most nics[0m
[0;34m[Device: id=0] TX[0m: 1.5637 Mpps, 3252.54 Mbit/s (3502.73 Mbit/s with framing)
[1;36m[Device: id=1] RX[0m: 1.4683 Mpps, 3054.02 Mbit/s (3288.95 Mbit/s with framing)
[0;34m[Device: id=0] TX[0m: 1.6005 Mpps, 3328.95 Mbit/s (3585.03 Mbit/s with framing)
[1;36m[Device: id=1] RX[0m: 1.5735 Mpps, 3272.98 Mbit/s (3524.74 Mbit/s with framing)
[0;34m[Device: id=0] TX[0m: 1.6006 Mpps, 3329.27 Mbit/s (3585.37 Mbit/s with framing)
[1;36m[Device: id=1] RX[0m: 1.6006 Mpps, 3329.26 Mbit/s (3585.36 Mbit/s with framing)
[0;34m[Device: id=0] TX[0m: 1.6006 Mpps, 3329.27 Mbit/s (3585.37 Mbit/s with framing)
[1;36m[Device: id=1] RX[0m: 1.6006 Mpps, 3329.28 Mbit/s (3585.38 Mbit/s with framing)
[1;36m[Device: id=1] RX[0m: 1.6006 Mpps, 3329.28 Mbit/s (3585.38 Mbit/s with framing)
[0;34m[Device: id=0] TX[0m: 1.6006 Mpps, 3329.28 Mbit/s (3585.38 Mbit/s with framing)
[1;36m[Device: id=1] RX[0m: 1.6006 Mpps, 3329.29 Mbit/s (3585.39 Mbit/s with framing)
[0;34m[Device: id=0] TX[0m: 1.6006 Mpps, 3329.28 Mbit/s (3585.38 Mbit/s with framing)
[1;36m[Device: id=1] RX[0m: 1.5997 Mpps, 3327.41 Mbit/s (3583.36 Mbit/s with framing)
[0;34m[Device: id=0] TX[0m: 1.6008 Mpps, 3329.62 Mbit/s (3585.75 Mbit/s with framing)
[1;36m[Device: id=1] RX[0m: 1.6006 Mpps, 3329.27 Mbit/s (3585.37 Mbit/s with framing)
[0;34m[Device: id=0] TX[0m: 1.6005 Mpps, 3328.97 Mbit/s (3585.04 Mbit/s with framing)
[1;36m[Device: id=1] RX[0m: 1.6006 Mpps, 3329.28 Mbit/s (3585.38 Mbit/s with framing)
[0;34m[Device: id=0] TX[0m: 1.6006 Mpps, 3329.24 Mbit/s (3585.34 Mbit/s with framing)
[1;36m[Device: id=1] RX[0m: 1.6006 Mpps, 3329.28 Mbit/s (3585.38 Mbit/s with framing)
[0;34m[Device: id=0] TX[0m: 1.6006 Mpps, 3329.28 Mbit/s (3585.38 Mbit/s with framing)
[1;36m[Device: id=1] RX[0m: 1.6006 Mpps, 3329.28 Mbit/s (3585.38 Mbit/s with framing)
[0;34m[Device: id=0] TX[0m: 1.6007 Mpps, 3329.58 Mbit/s (3585.69 Mbit/s with framing)
[1;36m[Device: id=1] RX[0m: 1.6006 Mpps, 3329.28 Mbit/s (3585.37 Mbit/s with framing)
[0;34m[Device: id=0] TX[0m: 1.6005 Mpps, 3328.96 Mbit/s (3585.04 Mbit/s with framing)
[1;36m[Device: id=1] RX[0m: 1.5996 Mpps, 3327.22 Mbit/s (3583.17 Mbit/s with framing)
[0;34m[Device: id=0] TX[0m: 1.6007 Mpps, 3329.41 Mbit/s (3585.52 Mbit/s with framing)
[1;36m[Device: id=1] RX[0m: 1.6006 Mpps, 3329.28 Mbit/s (3585.37 Mbit/s with framing)
[0;34m[Device: id=0] TX[0m: 1.6006 Mpps, 3329.14 Mbit/s (3585.23 Mbit/s with framing)
[1;36m[Device: id=1] RX[0m: 1.6006 Mpps, 3329.29 Mbit/s (3585.39 Mbit/s with framing)
[0;34m[Device: id=0] TX[0m: 1.6006 Mpps, 3329.28 Mbit/s (3585.38 Mbit/s with framing)
[1;36m[Device: id=1] RX[0m: 1.6006 Mpps, 3329.28 Mbit/s (3585.38 Mbit/s with framing)
[0;34m[Device: id=0] TX[0m: 1.6006 Mpps, 3329.28 Mbit/s (3585.38 Mbit/s with framing)
[1;36m[Device: id=1] RX[0m: 1.6006 Mpps, 3329.27 Mbit/s (3585.37 Mbit/s with framing)
[0;34m[Device: id=0] TX[0m: 1.6006 Mpps, 3329.28 Mbit/s (3585.38 Mbit/s with framing)
[1;36m[Device: id=1] RX[0m: 1.6006 Mpps, 3329.29 Mbit/s (3585.39 Mbit/s with framing)
[0;34m[Device: id=0] TX[0m: 1.6006 Mpps, 3329.28 Mbit/s (3585.38 Mbit/s with framing)
[1;36m[Device: id=1] RX[0m: 1.6006 Mpps, 3329.28 Mbit/s (3585.37 Mbit/s with framing)
[0;34m[Device: id=0] TX[0m: 1.6006 Mpps, 3329.28 Mbit/s (3585.38 Mbit/s with framing)
[1;36m[Device: id=1] RX[0m: 1.6006 Mpps, 3329.27 Mbit/s (3585.37 Mbit/s with framing)
[0;34m[Device: id=0] TX[0m: 1.6006 Mpps, 3329.28 Mbit/s (3585.38 Mbit/s with framing)
[1;36m[Device: id=1] RX[0m: 1.6006 Mpps, 3329.28 Mbit/s (3585.38 Mbit/s with framing)
[0;34m[Device: id=0] TX[0m: 1.6006 Mpps, 3329.30 Mbit/s (3585.39 Mbit/s with framing)
[1;36m[Device: id=1] RX[0m: 1.6006 Mpps, 3329.28 Mbit/s (3585.38 Mbit/s with framing)
[0;34m[Device: id=0] TX[0m: 1.6007 Mpps, 3329.38 Mbit/s (3585.49 Mbit/s with framing)
[1;36m[Device: id=1] RX[0m: 1.6006 Mpps, 3329.28 Mbit/s (3585.38 Mbit/s with framing)
[0;34m[Device: id=0] TX[0m: 1.6006 Mpps, 3329.16 Mbit/s (3585.25 Mbit/s with framing)
[1;36m[Device: id=1] RX[0m: 1.6006 Mpps, 3329.27 Mbit/s (3585.37 Mbit/s with framing)
[0;34m[Device: id=0] TX[0m: 1.6006 Mpps, 3329.28 Mbit/s (3585.38 Mbit/s with framing)
[1;36m[Device: id=1] RX[0m: 1.6006 Mpps, 3329.27 Mbit/s (3585.37 Mbit/s with framing)
[0;34m[Device: id=0] TX[0m: 1.6006 Mpps, 3329.28 Mbit/s (3585.38 Mbit/s with framing)
[1;36m[Device: id=1] RX[0m: 1.6006 Mpps, 3329.30 Mbit/s (3585.40 Mbit/s with framing)
[0;34m[Device: id=0] TX[0m: 1.6006 Mpps, 3329.28 Mbit/s (3585.38 Mbit/s with framing)
[1;36m[Device: id=1] RX[0m: 1.6006 Mpps, 3329.27 Mbit/s (3585.37 Mbit/s with framing)
[0;34m[Device: id=0] TX[0m: 1.6006 Mpps, 3329.28 Mbit/s (3585.38 Mbit/s with framing)
[1;36m[Device: id=1] RX[0m: 1.5996 Mpps, 3327.19 Mbit/s (3583.13 Mbit/s with framing)
[0;34m[Device: id=0] TX[0m: 1.6007 Mpps, 3329.40 Mbit/s (3585.50 Mbit/s with framing)
[1;36m[Device: id=1] RX[0m: 1.6006 Mpps, 3329.28 Mbit/s (3585.38 Mbit/s with framing)
[0;34m[Device: id=0] TX[0m: 1.6006 Mpps, 3329.16 Mbit/s (3585.25 Mbit/s with framing)
48
[1;36m[Device: id=1] RX[0m: 1.5763 Mpps, 3278.73 Mbit/s (3530.94 Mbit/s with framing)
[0;34m[Device: id=0] TX[0m: 1.3323 Mpps, 2771.20 Mbit/s (2984.37 Mbit/s with framing)
[1;36m[Device: id=1] RX[0m: 0.0000 Mpps, 0.00 Mbit/s (0.00 Mbit/s with framing)
[0;34m[Device: id=0] TX[0m: 0.0000 Mpps, 0.00 Mbit/s (0.00 Mbit/s with framing)
48000000
[1;36m[Device: id=1] RX[0m: 1.5455 (StdDev 0.2920) Mpps, 3214.54 (StdDev 607) Mbit/s (3461.81 Mbit/s with framing), total 47832008 packets with 12436320316 bytes (incl. CRC)
[0;34m[Device: id=0] TX[0m: 1.5383 (StdDev 0.2946) Mpps, 3199.69 (StdDev 613) Mbit/s (3445.82 Mbit/s with framing), total 48000000 packets with 12480000000 bytes (incl. CRC)
