[1;37m[INFO]  Initializing DPDK. This will take a few seconds...[0m
EAL: Probing VFIO support...
EAL: PCI device 0000:18:00.0 on NUMA socket 0
EAL:   probe driver: 8086:10fb net_ixgbe
EAL: PCI device 0000:18:00.1 on NUMA socket 0
EAL:   probe driver: 8086:10fb net_ixgbe
EAL: PCI device 0000:62:00.0 on NUMA socket 0
EAL:   probe driver: 8086:37d2 net_i40e
EAL: PCI device 0000:62:00.1 on NUMA socket 0
EAL:   probe driver: 8086:37d2 net_i40e
[1;37m[INFO]  Found 3 usable devices:[0m
   Device 0: 00:1B:21:BE:39:14 ([0;32mIntel Corporation 82599ES 10-Gigabit SFI/SFP+ Network Connection[0m)
   Device 1: 00:1B:21:BE:39:16 ([0;32mIntel Corporation 82599ES 10-Gigabit SFI/SFP+ Network Connection[0m)
   Device 2: AC:1F:6B:B9:35:91 ([0;32mIntel Corporation Ethernet Connection X722 for 10GBASE-T[0m)
PMD: ixgbe_dev_link_status_print():  Port 0: Link Down
PMD: ixgbe_dev_link_status_print(): Port 1: Link Up - speed 0 Mbps - half-duplex
[1;37m[INFO]  Waiting for devices to come up...[0m
[1;37m[INFO]  Device 1 (00:1B:21:BE:39:16) is up: 10000 MBit/s[0m
[1;37m[INFO]  Device 0 (00:1B:21:BE:39:14) is up: 10000 MBit/s[0m
[1;37m[INFO]  [0;32m2 devices are up.[0m[0m
[1;37m[INFO]  Trying to enable rx timestamping of all packets, this isn't supported by most nics[0m
[0;34m[Device: id=0] TX[0m: 1.2555 Mpps, 1325.85 Mbit/s (1526.73 Mbit/s with framing)
[1;36m[Device: id=1] RX[0m: 0.0699 Mpps, 73.85 Mbit/s (85.04 Mbit/s with framing)
[0;34m[Device: id=0] TX[0m: 1.3010 Mpps, 1373.86 Mbit/s (1582.02 Mbit/s with framing)
[1;36m[Device: id=1] RX[0m: 1.2794 Mpps, 1351.06 Mbit/s (1555.76 Mbit/s with framing)
[0;34m[Device: id=0] TX[0m: 1.3011 Mpps, 1373.97 Mbit/s (1582.15 Mbit/s with framing)
[1;36m[Device: id=1] RX[0m: 1.3011 Mpps, 1373.99 Mbit/s (1582.17 Mbit/s with framing)
[0;34m[Device: id=0] TX[0m: 1.3011 Mpps, 1373.98 Mbit/s (1582.16 Mbit/s with framing)
[1;36m[Device: id=1] RX[0m: 1.3011 Mpps, 1373.98 Mbit/s (1582.16 Mbit/s with framing)
[0;34m[Device: id=0] TX[0m: 1.3012 Mpps, 1374.12 Mbit/s (1582.32 Mbit/s with framing)
[1;36m[Device: id=1] RX[0m: 1.3011 Mpps, 1373.96 Mbit/s (1582.14 Mbit/s with framing)
[0;34m[Device: id=0] TX[0m: 1.3010 Mpps, 1373.84 Mbit/s (1582.00 Mbit/s with framing)
[1;36m[Device: id=1] RX[0m: 1.3011 Mpps, 1374.00 Mbit/s (1582.18 Mbit/s with framing)
[0;34m[Device: id=0] TX[0m: 1.3011 Mpps, 1373.98 Mbit/s (1582.16 Mbit/s with framing)
[1;36m[Device: id=1] RX[0m: 1.3011 Mpps, 1373.97 Mbit/s (1582.14 Mbit/s with framing)
[1;36m[Device: id=1] RX[0m: 1.3011 Mpps, 1373.99 Mbit/s (1582.17 Mbit/s with framing)
[0;34m[Device: id=0] TX[0m: 1.3011 Mpps, 1373.98 Mbit/s (1582.16 Mbit/s with framing)
[1;36m[Device: id=1] RX[0m: 1.3011 Mpps, 1373.98 Mbit/s (1582.16 Mbit/s with framing)
[0;34m[Device: id=0] TX[0m: 1.3012 Mpps, 1374.12 Mbit/s (1582.32 Mbit/s with framing)
[1;36m[Device: id=1] RX[0m: 1.3011 Mpps, 1374.00 Mbit/s (1582.18 Mbit/s with framing)
[0;34m[Device: id=0] TX[0m: 1.3010 Mpps, 1373.84 Mbit/s (1582.00 Mbit/s with framing)
[1;36m[Device: id=1] RX[0m: 1.3011 Mpps, 1373.96 Mbit/s (1582.14 Mbit/s with framing)
[0;34m[Device: id=0] TX[0m: 1.3012 Mpps, 1374.10 Mbit/s (1582.29 Mbit/s with framing)
[1;36m[Device: id=1] RX[0m: 1.3011 Mpps, 1374.00 Mbit/s (1582.18 Mbit/s with framing)
[0;34m[Device: id=0] TX[0m: 1.3010 Mpps, 1373.86 Mbit/s (1582.02 Mbit/s with framing)
[1;36m[Device: id=1] RX[0m: 1.3011 Mpps, 1373.97 Mbit/s (1582.15 Mbit/s with framing)
[0;34m[Device: id=0] TX[0m: 1.3011 Mpps, 1373.98 Mbit/s (1582.16 Mbit/s with framing)
[1;36m[Device: id=1] RX[0m: 1.3011 Mpps, 1373.98 Mbit/s (1582.16 Mbit/s with framing)
[0;34m[Device: id=0] TX[0m: 1.3011 Mpps, 1373.98 Mbit/s (1582.16 Mbit/s with framing)
[1;36m[Device: id=1] RX[0m: 1.3011 Mpps, 1373.98 Mbit/s (1582.15 Mbit/s with framing)
[0;34m[Device: id=0] TX[0m: 1.3011 Mpps, 1373.98 Mbit/s (1582.16 Mbit/s with framing)
[1;36m[Device: id=1] RX[0m: 1.3011 Mpps, 1373.98 Mbit/s (1582.16 Mbit/s with framing)
[0;34m[Device: id=0] TX[0m: 1.3011 Mpps, 1373.98 Mbit/s (1582.16 Mbit/s with framing)
[1;36m[Device: id=1] RX[0m: 1.3011 Mpps, 1373.98 Mbit/s (1582.16 Mbit/s with framing)
[0;34m[Device: id=0] TX[0m: 1.3011 Mpps, 1373.98 Mbit/s (1582.16 Mbit/s with framing)
[1;36m[Device: id=1] RX[0m: 1.3011 Mpps, 1373.97 Mbit/s (1582.15 Mbit/s with framing)
[0;34m[Device: id=0] TX[0m: 1.3011 Mpps, 1373.98 Mbit/s (1582.16 Mbit/s with framing)
[1;36m[Device: id=1] RX[0m: 1.3011 Mpps, 1374.00 Mbit/s (1582.18 Mbit/s with framing)
[0;34m[Device: id=0] TX[0m: 1.3011 Mpps, 1373.98 Mbit/s (1582.16 Mbit/s with framing)
[1;36m[Device: id=1] RX[0m: 1.3011 Mpps, 1373.98 Mbit/s (1582.16 Mbit/s with framing)
[0;34m[Device: id=0] TX[0m: 1.3011 Mpps, 1373.98 Mbit/s (1582.16 Mbit/s with framing)
[1;36m[Device: id=1] RX[0m: 1.3011 Mpps, 1373.97 Mbit/s (1582.15 Mbit/s with framing)
[0;34m[Device: id=0] TX[0m: 1.3012 Mpps, 1374.03 Mbit/s (1582.22 Mbit/s with framing)
[1;36m[Device: id=1] RX[0m: 1.3011 Mpps, 1373.99 Mbit/s (1582.17 Mbit/s with framing)
[0;34m[Device: id=0] TX[0m: 1.3011 Mpps, 1373.93 Mbit/s (1582.10 Mbit/s with framing)
[1;36m[Device: id=1] RX[0m: 1.3011 Mpps, 1373.96 Mbit/s (1582.14 Mbit/s with framing)
[0;34m[Device: id=0] TX[0m: 1.3011 Mpps, 1373.98 Mbit/s (1582.16 Mbit/s with framing)
[1;36m[Device: id=1] RX[0m: 1.3011 Mpps, 1374.00 Mbit/s (1582.18 Mbit/s with framing)
[0;34m[Device: id=0] TX[0m: 1.3011 Mpps, 1373.98 Mbit/s (1582.16 Mbit/s with framing)
[1;36m[Device: id=1] RX[0m: 1.3011 Mpps, 1373.96 Mbit/s (1582.14 Mbit/s with framing)
[0;34m[Device: id=0] TX[0m: 1.3011 Mpps, 1373.99 Mbit/s (1582.17 Mbit/s with framing)
[1;36m[Device: id=1] RX[0m: 1.3011 Mpps, 1373.98 Mbit/s (1582.16 Mbit/s with framing)
[0;34m[Device: id=0] TX[0m: 1.3011 Mpps, 1373.97 Mbit/s (1582.15 Mbit/s with framing)
[1;36m[Device: id=1] RX[0m: 1.3011 Mpps, 1374.00 Mbit/s (1582.19 Mbit/s with framing)
[0;34m[Device: id=0] TX[0m: 1.3011 Mpps, 1373.98 Mbit/s (1582.16 Mbit/s with framing)
[1;36m[Device: id=1] RX[0m: 1.3011 Mpps, 1373.98 Mbit/s (1582.16 Mbit/s with framing)
[0;34m[Device: id=0] TX[0m: 1.3011 Mpps, 1373.98 Mbit/s (1582.16 Mbit/s with framing)
[1;36m[Device: id=1] RX[0m: 1.3011 Mpps, 1373.98 Mbit/s (1582.16 Mbit/s with framing)
[0;34m[Device: id=0] TX[0m: 1.3011 Mpps, 1373.98 Mbit/s (1582.16 Mbit/s with framing)
39
[1;36m[Device: id=1] RX[0m: 1.2632 Mpps, 1333.92 Mbit/s (1536.03 Mbit/s with framing)
[0;34m[Device: id=0] TX[0m: 1.0892 Mpps, 1150.24 Mbit/s (1324.52 Mbit/s with framing)
[1;36m[Device: id=1] RX[0m: 0.0000 Mpps, 0.00 Mbit/s (0.00 Mbit/s with framing)
[0;34m[Device: id=0] TX[0m: 0.0000 Mpps, 0.00 Mbit/s (0.00 Mbit/s with framing)
39000000
[1;36m[Device: id=1] RX[0m: 1.2558 (StdDev 0.2373) Mpps, 1326.08 (StdDev 251) Mbit/s (1527.00 Mbit/s with framing), total 37742896 packets with 4982061830 bytes (incl. CRC)
[0;34m[Device: id=0] TX[0m: 1.2507 (StdDev 0.2394) Mpps, 1320.72 (StdDev 253) Mbit/s (1520.83 Mbit/s with framing), total 39000000 packets with 5148000000 bytes (incl. CRC)
