[1;37m[INFO]  Initializing DPDK. This will take a few seconds...[0m
EAL: Probing VFIO support...
EAL: PCI device 0000:18:00.0 on NUMA socket 0
EAL:   probe driver: 8086:10fb net_ixgbe
EAL: PCI device 0000:18:00.1 on NUMA socket 0
EAL:   probe driver: 8086:10fb net_ixgbe
EAL: PCI device 0000:62:00.0 on NUMA socket 0
EAL:   probe driver: 8086:37d2 net_i40e
EAL: PCI device 0000:62:00.1 on NUMA socket 0
EAL:   probe driver: 8086:37d2 net_i40e
[1;37m[INFO]  Found 3 usable devices:[0m
   Device 0: 00:1B:21:BE:39:14 ([0;32mIntel Corporation 82599ES 10-Gigabit SFI/SFP+ Network Connection[0m)
   Device 1: 00:1B:21:BE:39:16 ([0;32mIntel Corporation 82599ES 10-Gigabit SFI/SFP+ Network Connection[0m)
   Device 2: AC:1F:6B:B9:35:91 ([0;32mIntel Corporation Ethernet Connection X722 for 10GBASE-T[0m)
PMD: ixgbe_dev_link_status_print():  Port 0: Link Down
PMD: ixgbe_dev_link_status_print():  Port 1: Link Down
[1;37m[INFO]  Waiting for devices to come up...[0m
[1;37m[INFO]  Device 0 (00:1B:21:BE:39:14) is up: 10000 MBit/s[0m
[1;37m[INFO]  Device 1 (00:1B:21:BE:39:16) is up: 10000 MBit/s[0m
[1;37m[INFO]  [0;32m2 devices are up.[0m[0m
[1;37m[INFO]  Trying to enable rx timestamping of all packets, this isn't supported by most nics[0m
[0;34m[Device: id=0] TX[0m: 0.4895 Mpps, 2020.61 Mbit/s (2098.93 Mbit/s with framing)
[1;36m[Device: id=1] RX[0m: 0.4837 Mpps, 1996.54 Mbit/s (2073.93 Mbit/s with framing)
[0;34m[Device: id=0] TX[0m: 0.4999 Mpps, 2063.77 Mbit/s (2143.76 Mbit/s with framing)
[1;36m[Device: id=1] RX[0m: 0.4919 Mpps, 2030.70 Mbit/s (2109.41 Mbit/s with framing)
[0;34m[Device: id=0] TX[0m: 0.5000 Mpps, 2064.00 Mbit/s (2144.00 Mbit/s with framing)
[1;36m[Device: id=1] RX[0m: 0.5000 Mpps, 2064.04 Mbit/s (2144.04 Mbit/s with framing)
[0;34m[Device: id=0] TX[0m: 0.5000 Mpps, 2064.01 Mbit/s (2144.01 Mbit/s with framing)
[1;36m[Device: id=1] RX[0m: 0.5000 Mpps, 2063.95 Mbit/s (2143.94 Mbit/s with framing)
[1;36m[Device: id=1] RX[0m: 0.5000 Mpps, 2064.12 Mbit/s (2144.13 Mbit/s with framing)
[0;34m[Device: id=0] TX[0m: 0.5001 Mpps, 2064.23 Mbit/s (2144.24 Mbit/s with framing)
[1;36m[Device: id=1] RX[0m: 0.5000 Mpps, 2063.95 Mbit/s (2143.95 Mbit/s with framing)
[0;34m[Device: id=0] TX[0m: 0.5000 Mpps, 2063.92 Mbit/s (2143.91 Mbit/s with framing)
[1;36m[Device: id=1] RX[0m: 0.5000 Mpps, 2064.11 Mbit/s (2144.11 Mbit/s with framing)
[0;34m[Device: id=0] TX[0m: 0.5000 Mpps, 2063.87 Mbit/s (2143.86 Mbit/s with framing)
[1;36m[Device: id=1] RX[0m: 0.5000 Mpps, 2063.84 Mbit/s (2143.83 Mbit/s with framing)
[0;34m[Device: id=0] TX[0m: 0.5000 Mpps, 2064.22 Mbit/s (2144.22 Mbit/s with framing)
[1;36m[Device: id=1] RX[0m: 0.5000 Mpps, 2064.11 Mbit/s (2144.11 Mbit/s with framing)
[0;34m[Device: id=0] TX[0m: 0.5000 Mpps, 2063.79 Mbit/s (2143.78 Mbit/s with framing)
[1;36m[Device: id=1] RX[0m: 0.5000 Mpps, 2063.93 Mbit/s (2143.93 Mbit/s with framing)
[0;34m[Device: id=0] TX[0m: 0.5000 Mpps, 2064.00 Mbit/s (2144.00 Mbit/s with framing)
[1;36m[Device: id=1] RX[0m: 0.5000 Mpps, 2064.02 Mbit/s (2144.02 Mbit/s with framing)
[0;34m[Device: id=0] TX[0m: 0.5001 Mpps, 2064.41 Mbit/s (2144.43 Mbit/s with framing)
[1;36m[Device: id=1] RX[0m: 0.5000 Mpps, 2064.11 Mbit/s (2144.12 Mbit/s with framing)
[0;34m[Device: id=0] TX[0m: 0.4999 Mpps, 2063.60 Mbit/s (2143.58 Mbit/s with framing)
[1;36m[Device: id=1] RX[0m: 0.5000 Mpps, 2063.90 Mbit/s (2143.90 Mbit/s with framing)
[0;34m[Device: id=0] TX[0m: 0.5000 Mpps, 2064.01 Mbit/s (2144.01 Mbit/s with framing)
[1;36m[Device: id=1] RX[0m: 0.5000 Mpps, 2064.13 Mbit/s (2144.13 Mbit/s with framing)
[0;34m[Device: id=0] TX[0m: 0.5000 Mpps, 2064.08 Mbit/s (2144.09 Mbit/s with framing)
[1;36m[Device: id=1] RX[0m: 0.5000 Mpps, 2063.93 Mbit/s (2143.93 Mbit/s with framing)
[0;34m[Device: id=0] TX[0m: 0.5000 Mpps, 2063.93 Mbit/s (2143.92 Mbit/s with framing)
[1;36m[Device: id=1] RX[0m: 0.5000 Mpps, 2064.03 Mbit/s (2144.03 Mbit/s with framing)
[0;34m[Device: id=0] TX[0m: 0.5000 Mpps, 2064.01 Mbit/s (2144.01 Mbit/s with framing)
[1;36m[Device: id=1] RX[0m: 0.5000 Mpps, 2064.05 Mbit/s (2144.05 Mbit/s with framing)
[0;34m[Device: id=0] TX[0m: 0.5000 Mpps, 2064.08 Mbit/s (2144.09 Mbit/s with framing)
[1;36m[Device: id=1] RX[0m: 0.5000 Mpps, 2064.01 Mbit/s (2144.01 Mbit/s with framing)
[0;34m[Device: id=0] TX[0m: 0.5000 Mpps, 2063.93 Mbit/s (2143.93 Mbit/s with framing)
[1;36m[Device: id=1] RX[0m: 0.5000 Mpps, 2063.94 Mbit/s (2143.94 Mbit/s with framing)
[0;34m[Device: id=0] TX[0m: 0.5000 Mpps, 2064.00 Mbit/s (2144.01 Mbit/s with framing)
[1;36m[Device: id=1] RX[0m: 0.5000 Mpps, 2063.93 Mbit/s (2143.93 Mbit/s with framing)
[0;34m[Device: id=0] TX[0m: 0.5000 Mpps, 2064.01 Mbit/s (2144.01 Mbit/s with framing)
[1;36m[Device: id=1] RX[0m: 0.5000 Mpps, 2064.04 Mbit/s (2144.04 Mbit/s with framing)
[0;34m[Device: id=0] TX[0m: 0.5000 Mpps, 2064.08 Mbit/s (2144.08 Mbit/s with framing)
[1;36m[Device: id=1] RX[0m: 0.5000 Mpps, 2064.05 Mbit/s (2144.05 Mbit/s with framing)
[0;34m[Device: id=0] TX[0m: 0.5000 Mpps, 2063.93 Mbit/s (2143.93 Mbit/s with framing)
[1;36m[Device: id=1] RX[0m: 0.5000 Mpps, 2064.03 Mbit/s (2144.03 Mbit/s with framing)
[0;34m[Device: id=0] TX[0m: 0.5000 Mpps, 2064.01 Mbit/s (2144.01 Mbit/s with framing)
[1;36m[Device: id=1] RX[0m: 0.5000 Mpps, 2063.89 Mbit/s (2143.89 Mbit/s with framing)
[0;34m[Device: id=0] TX[0m: 0.5000 Mpps, 2064.01 Mbit/s (2144.01 Mbit/s with framing)
[1;36m[Device: id=1] RX[0m: 0.5000 Mpps, 2064.14 Mbit/s (2144.14 Mbit/s with framing)
[0;34m[Device: id=0] TX[0m: 0.5000 Mpps, 2064.02 Mbit/s (2144.02 Mbit/s with framing)
[1;36m[Device: id=1] RX[0m: 0.5000 Mpps, 2064.00 Mbit/s (2143.99 Mbit/s with framing)
[0;34m[Device: id=0] TX[0m: 0.5000 Mpps, 2064.08 Mbit/s (2144.08 Mbit/s with framing)
[1;36m[Device: id=1] RX[0m: 0.5000 Mpps, 2063.97 Mbit/s (2143.97 Mbit/s with framing)
[0;34m[Device: id=0] TX[0m: 0.5000 Mpps, 2063.92 Mbit/s (2143.92 Mbit/s with framing)
[1;36m[Device: id=1] RX[0m: 0.5000 Mpps, 2063.95 Mbit/s (2143.95 Mbit/s with framing)
[0;34m[Device: id=0] TX[0m: 0.5000 Mpps, 2064.01 Mbit/s (2144.01 Mbit/s with framing)
[1;36m[Device: id=1] RX[0m: 0.5000 Mpps, 2063.97 Mbit/s (2143.96 Mbit/s with framing)
[0;34m[Device: id=0] TX[0m: 0.5000 Mpps, 2064.00 Mbit/s (2144.01 Mbit/s with framing)
15
[1;36m[Device: id=1] RX[0m: 0.4973 Mpps, 2052.77 Mbit/s (2132.34 Mbit/s with framing)
[0;34m[Device: id=0] TX[0m: 0.4220 Mpps, 1741.96 Mbit/s (1809.48 Mbit/s with framing)
[1;36m[Device: id=1] RX[0m: 0.0000 Mpps, 0.00 Mbit/s (0.00 Mbit/s with framing)
[0;34m[Device: id=0] TX[0m: 0.0000 Mpps, 0.00 Mbit/s (0.00 Mbit/s with framing)
15000000
[1;36m[Device: id=1] RX[0m: 0.4830 (StdDev 0.0912) Mpps, 1993.72 (StdDev 377) Mbit/s (2071.00 Mbit/s with framing), total 14973071 packets with 7726100312 bytes (incl. CRC)
[0;34m[Device: id=0] TX[0m: 0.4807 (StdDev 0.0919) Mpps, 1984.46 (StdDev 379) Mbit/s (2061.38 Mbit/s with framing), total 15000000 packets with 7740000000 bytes (incl. CRC)
