[1;37m[INFO]  Initializing DPDK. This will take a few seconds...[0m
EAL: Probing VFIO support...
EAL: PCI device 0000:18:00.0 on NUMA socket 0
EAL:   probe driver: 8086:10fb net_ixgbe
EAL: PCI device 0000:18:00.1 on NUMA socket 0
EAL:   probe driver: 8086:10fb net_ixgbe
EAL: PCI device 0000:62:00.0 on NUMA socket 0
EAL:   probe driver: 8086:37d2 net_i40e
EAL: PCI device 0000:62:00.1 on NUMA socket 0
EAL:   probe driver: 8086:37d2 net_i40e
[1;37m[INFO]  Found 3 usable devices:[0m
   Device 0: 00:1B:21:BE:39:14 ([0;32mIntel Corporation 82599ES 10-Gigabit SFI/SFP+ Network Connection[0m)
   Device 1: 00:1B:21:BE:39:16 ([0;32mIntel Corporation 82599ES 10-Gigabit SFI/SFP+ Network Connection[0m)
   Device 2: AC:1F:6B:B9:35:91 ([0;32mIntel Corporation Ethernet Connection X722 for 10GBASE-T[0m)
PMD: ixgbe_dev_link_status_print():  Port 0: Link Down
PMD: ixgbe_dev_link_status_print():  Port 1: Link Down
[1;37m[INFO]  Waiting for devices to come up...[0m
[1;37m[INFO]  Device 0 (00:1B:21:BE:39:14) is up: 10000 MBit/s[0m
[1;37m[INFO]  Device 1 (00:1B:21:BE:39:16) is up: 10000 MBit/s[0m
[1;37m[INFO]  [0;32m2 devices are up.[0m[0m
[1;37m[INFO]  Trying to enable rx timestamping of all packets, this isn't supported by most nics[0m
[0;34m[Device: id=0] TX[0m: 0.5869 Mpps, 1220.84 Mbit/s (1314.75 Mbit/s with framing)
[1;36m[Device: id=1] RX[0m: 0.5792 Mpps, 1204.81 Mbit/s (1297.49 Mbit/s with framing)
[0;34m[Device: id=0] TX[0m: 0.6001 Mpps, 1248.29 Mbit/s (1344.31 Mbit/s with framing)
[1;36m[Device: id=1] RX[0m: 0.5904 Mpps, 1227.95 Mbit/s (1322.41 Mbit/s with framing)
[0;34m[Device: id=0] TX[0m: 0.6002 Mpps, 1248.30 Mbit/s (1344.32 Mbit/s with framing)
[1;36m[Device: id=1] RX[0m: 0.6002 Mpps, 1248.36 Mbit/s (1344.39 Mbit/s with framing)
[0;34m[Device: id=0] TX[0m: 0.6002 Mpps, 1248.36 Mbit/s (1344.39 Mbit/s with framing)
[1;36m[Device: id=1] RX[0m: 0.6002 Mpps, 1248.35 Mbit/s (1344.38 Mbit/s with framing)
[1;36m[Device: id=1] RX[0m: 0.6002 Mpps, 1248.37 Mbit/s (1344.39 Mbit/s with framing)
[0;34m[Device: id=0] TX[0m: 0.6002 Mpps, 1248.36 Mbit/s (1344.39 Mbit/s with framing)
[1;36m[Device: id=1] RX[0m: 0.6001 Mpps, 1248.26 Mbit/s (1344.28 Mbit/s with framing)
[0;34m[Device: id=0] TX[0m: 0.6002 Mpps, 1248.45 Mbit/s (1344.48 Mbit/s with framing)
[1;36m[Device: id=1] RX[0m: 0.6002 Mpps, 1248.36 Mbit/s (1344.38 Mbit/s with framing)
[0;34m[Device: id=0] TX[0m: 0.6001 Mpps, 1248.27 Mbit/s (1344.29 Mbit/s with framing)
[1;36m[Device: id=1] RX[0m: 0.6002 Mpps, 1248.36 Mbit/s (1344.39 Mbit/s with framing)
[0;34m[Device: id=0] TX[0m: 0.6002 Mpps, 1248.36 Mbit/s (1344.39 Mbit/s with framing)
[1;36m[Device: id=1] RX[0m: 0.6002 Mpps, 1248.36 Mbit/s (1344.39 Mbit/s with framing)
[0;34m[Device: id=0] TX[0m: 0.6002 Mpps, 1248.36 Mbit/s (1344.39 Mbit/s with framing)
[1;36m[Device: id=1] RX[0m: 0.6002 Mpps, 1248.33 Mbit/s (1344.35 Mbit/s with framing)
[0;34m[Device: id=0] TX[0m: 0.6002 Mpps, 1248.43 Mbit/s (1344.46 Mbit/s with framing)
[1;36m[Device: id=1] RX[0m: 0.6002 Mpps, 1248.43 Mbit/s (1344.46 Mbit/s with framing)
[0;34m[Device: id=0] TX[0m: 0.6002 Mpps, 1248.42 Mbit/s (1344.45 Mbit/s with framing)
[1;36m[Device: id=1] RX[0m: 0.6001 Mpps, 1248.26 Mbit/s (1344.28 Mbit/s with framing)
[0;34m[Device: id=0] TX[0m: 0.6001 Mpps, 1248.23 Mbit/s (1344.25 Mbit/s with framing)
[1;36m[Device: id=1] RX[0m: 0.6002 Mpps, 1248.40 Mbit/s (1344.43 Mbit/s with framing)
[0;34m[Device: id=0] TX[0m: 0.6002 Mpps, 1248.36 Mbit/s (1344.39 Mbit/s with framing)
[1;36m[Device: id=1] RX[0m: 0.6002 Mpps, 1248.40 Mbit/s (1344.43 Mbit/s with framing)
[0;34m[Device: id=0] TX[0m: 0.6002 Mpps, 1248.36 Mbit/s (1344.39 Mbit/s with framing)
[1;36m[Device: id=1] RX[0m: 0.6002 Mpps, 1248.35 Mbit/s (1344.37 Mbit/s with framing)
[0;34m[Device: id=0] TX[0m: 0.6002 Mpps, 1248.36 Mbit/s (1344.39 Mbit/s with framing)
[1;36m[Device: id=1] RX[0m: 0.6002 Mpps, 1248.38 Mbit/s (1344.41 Mbit/s with framing)
[0;34m[Device: id=0] TX[0m: 0.6002 Mpps, 1248.36 Mbit/s (1344.39 Mbit/s with framing)
[1;36m[Device: id=1] RX[0m: 0.6002 Mpps, 1248.33 Mbit/s (1344.35 Mbit/s with framing)
[0;34m[Device: id=0] TX[0m: 0.6002 Mpps, 1248.36 Mbit/s (1344.39 Mbit/s with framing)
[1;36m[Device: id=1] RX[0m: 0.6002 Mpps, 1248.33 Mbit/s (1344.35 Mbit/s with framing)
[0;34m[Device: id=0] TX[0m: 0.6002 Mpps, 1248.36 Mbit/s (1344.39 Mbit/s with framing)
[1;36m[Device: id=1] RX[0m: 0.6002 Mpps, 1248.37 Mbit/s (1344.40 Mbit/s with framing)
[0;34m[Device: id=0] TX[0m: 0.6002 Mpps, 1248.36 Mbit/s (1344.39 Mbit/s with framing)
[1;36m[Device: id=1] RX[0m: 0.6002 Mpps, 1248.36 Mbit/s (1344.39 Mbit/s with framing)
[0;34m[Device: id=0] TX[0m: 0.6002 Mpps, 1248.40 Mbit/s (1344.44 Mbit/s with framing)
[1;36m[Device: id=1] RX[0m: 0.6002 Mpps, 1248.43 Mbit/s (1344.47 Mbit/s with framing)
[0;34m[Device: id=0] TX[0m: 0.6002 Mpps, 1248.31 Mbit/s (1344.34 Mbit/s with framing)
[1;36m[Device: id=1] RX[0m: 0.6001 Mpps, 1248.31 Mbit/s (1344.33 Mbit/s with framing)
[0;34m[Device: id=0] TX[0m: 0.6002 Mpps, 1248.36 Mbit/s (1344.39 Mbit/s with framing)
[1;36m[Device: id=1] RX[0m: 0.6002 Mpps, 1248.38 Mbit/s (1344.41 Mbit/s with framing)
[0;34m[Device: id=0] TX[0m: 0.6002 Mpps, 1248.37 Mbit/s (1344.39 Mbit/s with framing)
[1;36m[Device: id=1] RX[0m: 0.6002 Mpps, 1248.36 Mbit/s (1344.38 Mbit/s with framing)
[0;34m[Device: id=0] TX[0m: 0.6002 Mpps, 1248.35 Mbit/s (1344.38 Mbit/s with framing)
[1;36m[Device: id=1] RX[0m: 0.6002 Mpps, 1248.37 Mbit/s (1344.40 Mbit/s with framing)
[0;34m[Device: id=0] TX[0m: 0.6002 Mpps, 1248.36 Mbit/s (1344.39 Mbit/s with framing)
[1;36m[Device: id=1] RX[0m: 0.6002 Mpps, 1248.31 Mbit/s (1344.34 Mbit/s with framing)
[0;34m[Device: id=0] TX[0m: 0.6002 Mpps, 1248.36 Mbit/s (1344.39 Mbit/s with framing)
[1;36m[Device: id=1] RX[0m: 0.6002 Mpps, 1248.34 Mbit/s (1344.37 Mbit/s with framing)
[0;34m[Device: id=0] TX[0m: 0.6002 Mpps, 1248.36 Mbit/s (1344.39 Mbit/s with framing)
[1;36m[Device: id=1] RX[0m: 0.6002 Mpps, 1248.41 Mbit/s (1344.44 Mbit/s with framing)
[0;34m[Device: id=0] TX[0m: 0.6002 Mpps, 1248.37 Mbit/s (1344.40 Mbit/s with framing)
[1;36m[Device: id=1] RX[0m: 0.6002 Mpps, 1248.35 Mbit/s (1344.38 Mbit/s with framing)
[0;34m[Device: id=0] TX[0m: 0.6002 Mpps, 1248.35 Mbit/s (1344.37 Mbit/s with framing)
18
[1;36m[Device: id=1] RX[0m: 0.5929 Mpps, 1233.18 Mbit/s (1328.04 Mbit/s with framing)
[0;34m[Device: id=0] TX[0m: 0.5036 Mpps, 1047.46 Mbit/s (1128.03 Mbit/s with framing)
[1;36m[Device: id=1] RX[0m: 0.0000 Mpps, 0.00 Mbit/s (0.00 Mbit/s with framing)
[0;34m[Device: id=0] TX[0m: 0.0000 Mpps, 0.00 Mbit/s (0.00 Mbit/s with framing)
18000000
[1;36m[Device: id=1] RX[0m: 0.5796 (StdDev 0.1095) Mpps, 1205.56 (StdDev 228) Mbit/s (1298.29 Mbit/s with framing), total 17967282 packets with 4671491556 bytes (incl. CRC)
[0;34m[Device: id=0] TX[0m: 0.5769 (StdDev 0.1104) Mpps, 1200.05 (StdDev 230) Mbit/s (1292.36 Mbit/s with framing), total 18000000 packets with 4680000000 bytes (incl. CRC)
