[1;37m[INFO]  Initializing DPDK. This will take a few seconds...[0m
EAL: Probing VFIO support...
EAL: PCI device 0000:18:00.0 on NUMA socket 0
EAL:   probe driver: 8086:10fb net_ixgbe
EAL: PCI device 0000:18:00.1 on NUMA socket 0
EAL:   probe driver: 8086:10fb net_ixgbe
EAL: PCI device 0000:62:00.0 on NUMA socket 0
EAL:   probe driver: 8086:37d2 net_i40e
EAL: PCI device 0000:62:00.1 on NUMA socket 0
EAL:   probe driver: 8086:37d2 net_i40e
[1;37m[INFO]  Found 3 usable devices:[0m
   Device 0: 00:1B:21:BE:39:14 ([0;32mIntel Corporation 82599ES 10-Gigabit SFI/SFP+ Network Connection[0m)
   Device 1: 00:1B:21:BE:39:16 ([0;32mIntel Corporation 82599ES 10-Gigabit SFI/SFP+ Network Connection[0m)
   Device 2: AC:1F:6B:B9:35:91 ([0;32mIntel Corporation Ethernet Connection X722 for 10GBASE-T[0m)
PMD: ixgbe_dev_link_status_print():  Port 0: Link Down
PMD: ixgbe_dev_link_status_print(): Port 1: Link Up - speed 0 Mbps - half-duplex
[1;37m[INFO]  Waiting for devices to come up...[0m
[1;37m[INFO]  Device 1 (00:1B:21:BE:39:16) is up: 10000 MBit/s[0m
[1;37m[INFO]  Device 0 (00:1B:21:BE:39:14) is up: 10000 MBit/s[0m
[1;37m[INFO]  [0;32m2 devices are up.[0m[0m
[1;37m[INFO]  Trying to enable rx timestamping of all packets, this isn't supported by most nics[0m
[0;34m[Device: id=0] TX[0m: 0.2943 Mpps, 612.16 Mbit/s (659.25 Mbit/s with framing)
[1;36m[Device: id=1] RX[0m: 0.2275 Mpps, 473.24 Mbit/s (509.64 Mbit/s with framing)
[0;34m[Device: id=0] TX[0m: 0.3001 Mpps, 624.12 Mbit/s (672.12 Mbit/s with framing)
[1;36m[Device: id=1] RX[0m: 0.2956 Mpps, 614.78 Mbit/s (662.07 Mbit/s with framing)
[0;34m[Device: id=0] TX[0m: 0.3001 Mpps, 624.18 Mbit/s (672.20 Mbit/s with framing)
[1;36m[Device: id=1] RX[0m: 0.3001 Mpps, 624.19 Mbit/s (672.20 Mbit/s with framing)
[0;34m[Device: id=0] TX[0m: 0.3001 Mpps, 624.25 Mbit/s (672.27 Mbit/s with framing)
[1;36m[Device: id=1] RX[0m: 0.3001 Mpps, 624.16 Mbit/s (672.18 Mbit/s with framing)
[1;36m[Device: id=1] RX[0m: 0.3001 Mpps, 624.23 Mbit/s (672.25 Mbit/s with framing)
[0;34m[Device: id=0] TX[0m: 0.3001 Mpps, 624.11 Mbit/s (672.12 Mbit/s with framing)
[1;36m[Device: id=1] RX[0m: 0.3001 Mpps, 624.14 Mbit/s (672.15 Mbit/s with framing)
[0;34m[Device: id=0] TX[0m: 0.3001 Mpps, 624.25 Mbit/s (672.27 Mbit/s with framing)
[1;36m[Device: id=1] RX[0m: 0.3001 Mpps, 624.18 Mbit/s (672.20 Mbit/s with framing)
[0;34m[Device: id=0] TX[0m: 0.3001 Mpps, 624.18 Mbit/s (672.20 Mbit/s with framing)
[1;36m[Device: id=1] RX[0m: 0.3001 Mpps, 624.19 Mbit/s (672.20 Mbit/s with framing)
[0;34m[Device: id=0] TX[0m: 0.3001 Mpps, 624.11 Mbit/s (672.12 Mbit/s with framing)
[1;36m[Device: id=1] RX[0m: 0.3001 Mpps, 624.17 Mbit/s (672.19 Mbit/s with framing)
[0;34m[Device: id=0] TX[0m: 0.3001 Mpps, 624.18 Mbit/s (672.19 Mbit/s with framing)
[1;36m[Device: id=1] RX[0m: 0.3001 Mpps, 624.18 Mbit/s (672.19 Mbit/s with framing)
[0;34m[Device: id=0] TX[0m: 0.3001 Mpps, 624.25 Mbit/s (672.27 Mbit/s with framing)
[1;36m[Device: id=1] RX[0m: 0.3001 Mpps, 624.18 Mbit/s (672.20 Mbit/s with framing)
[0;34m[Device: id=0] TX[0m: 0.3001 Mpps, 624.16 Mbit/s (672.17 Mbit/s with framing)
[1;36m[Device: id=1] RX[0m: 0.3001 Mpps, 624.18 Mbit/s (672.19 Mbit/s with framing)
[0;34m[Device: id=0] TX[0m: 0.3001 Mpps, 624.13 Mbit/s (672.14 Mbit/s with framing)
[1;36m[Device: id=1] RX[0m: 0.3001 Mpps, 624.18 Mbit/s (672.20 Mbit/s with framing)
[0;34m[Device: id=0] TX[0m: 0.3001 Mpps, 624.21 Mbit/s (672.22 Mbit/s with framing)
[1;36m[Device: id=1] RX[0m: 0.3001 Mpps, 624.21 Mbit/s (672.22 Mbit/s with framing)
[0;34m[Device: id=0] TX[0m: 0.3001 Mpps, 624.16 Mbit/s (672.17 Mbit/s with framing)
[1;36m[Device: id=1] RX[0m: 0.3001 Mpps, 624.15 Mbit/s (672.16 Mbit/s with framing)
[0;34m[Device: id=0] TX[0m: 0.3001 Mpps, 624.18 Mbit/s (672.19 Mbit/s with framing)
[1;36m[Device: id=1] RX[0m: 0.3001 Mpps, 624.17 Mbit/s (672.18 Mbit/s with framing)
[0;34m[Device: id=0] TX[0m: 0.3001 Mpps, 624.20 Mbit/s (672.22 Mbit/s with framing)
[1;36m[Device: id=1] RX[0m: 0.3001 Mpps, 624.19 Mbit/s (672.20 Mbit/s with framing)
[0;34m[Device: id=0] TX[0m: 0.3001 Mpps, 624.16 Mbit/s (672.17 Mbit/s with framing)
[1;36m[Device: id=1] RX[0m: 0.3001 Mpps, 624.18 Mbit/s (672.20 Mbit/s with framing)
[0;34m[Device: id=0] TX[0m: 0.3001 Mpps, 624.18 Mbit/s (672.20 Mbit/s with framing)
[1;36m[Device: id=1] RX[0m: 0.3001 Mpps, 624.18 Mbit/s (672.20 Mbit/s with framing)
[0;34m[Device: id=0] TX[0m: 0.3001 Mpps, 624.18 Mbit/s (672.19 Mbit/s with framing)
[1;36m[Device: id=1] RX[0m: 0.3001 Mpps, 624.18 Mbit/s (672.19 Mbit/s with framing)
[0;34m[Device: id=0] TX[0m: 0.3001 Mpps, 624.18 Mbit/s (672.19 Mbit/s with framing)
[1;36m[Device: id=1] RX[0m: 0.3001 Mpps, 624.18 Mbit/s (672.19 Mbit/s with framing)
[0;34m[Device: id=0] TX[0m: 0.3001 Mpps, 624.21 Mbit/s (672.22 Mbit/s with framing)
[1;36m[Device: id=1] RX[0m: 0.3001 Mpps, 624.19 Mbit/s (672.20 Mbit/s with framing)
[0;34m[Device: id=0] TX[0m: 0.3001 Mpps, 624.15 Mbit/s (672.17 Mbit/s with framing)
[1;36m[Device: id=1] RX[0m: 0.3001 Mpps, 624.17 Mbit/s (672.19 Mbit/s with framing)
[0;34m[Device: id=0] TX[0m: 0.3001 Mpps, 624.18 Mbit/s (672.19 Mbit/s with framing)
[1;36m[Device: id=1] RX[0m: 0.3001 Mpps, 624.18 Mbit/s (672.20 Mbit/s with framing)
[0;34m[Device: id=0] TX[0m: 0.3001 Mpps, 624.18 Mbit/s (672.20 Mbit/s with framing)
[1;36m[Device: id=1] RX[0m: 0.3001 Mpps, 624.18 Mbit/s (672.20 Mbit/s with framing)
[0;34m[Device: id=0] TX[0m: 0.3001 Mpps, 624.18 Mbit/s (672.19 Mbit/s with framing)
[1;36m[Device: id=1] RX[0m: 0.3001 Mpps, 624.18 Mbit/s (672.19 Mbit/s with framing)
[0;34m[Device: id=0] TX[0m: 0.3001 Mpps, 624.18 Mbit/s (672.20 Mbit/s with framing)
[1;36m[Device: id=1] RX[0m: 0.3001 Mpps, 624.17 Mbit/s (672.18 Mbit/s with framing)
[0;34m[Device: id=0] TX[0m: 0.3001 Mpps, 624.18 Mbit/s (672.19 Mbit/s with framing)
[1;36m[Device: id=1] RX[0m: 0.3001 Mpps, 624.22 Mbit/s (672.23 Mbit/s with framing)
[0;34m[Device: id=0] TX[0m: 0.3001 Mpps, 624.20 Mbit/s (672.22 Mbit/s with framing)
[1;36m[Device: id=1] RX[0m: 0.3001 Mpps, 624.17 Mbit/s (672.18 Mbit/s with framing)
[0;34m[Device: id=0] TX[0m: 0.3001 Mpps, 624.16 Mbit/s (672.17 Mbit/s with framing)
9
[1;36m[Device: id=1] RX[0m: 0.2953 Mpps, 614.15 Mbit/s (661.39 Mbit/s with framing)
[0;34m[Device: id=0] TX[0m: 0.2492 Mpps, 518.37 Mbit/s (558.24 Mbit/s with framing)
[1;36m[Device: id=1] RX[0m: 0.0000 Mpps, 0.00 Mbit/s (0.00 Mbit/s with framing)
[0;34m[Device: id=0] TX[0m: 0.0000 Mpps, 0.00 Mbit/s (0.00 Mbit/s with framing)
9000000
[1;36m[Device: id=1] RX[0m: 0.2898 (StdDev 0.0547) Mpps, 602.73 (StdDev 114) Mbit/s (649.09 Mbit/s with framing), total 8920934 packets with 2319441076 bytes (incl. CRC)
[0;34m[Device: id=0] TX[0m: 0.2884 (StdDev 0.0553) Mpps, 599.84 (StdDev 115) Mbit/s (645.99 Mbit/s with framing), total 9000000 packets with 2340000000 bytes (incl. CRC)
