[1;37m[INFO]  Initializing DPDK. This will take a few seconds...[0m
EAL: Probing VFIO support...
EAL: PCI device 0000:18:00.0 on NUMA socket 0
EAL:   probe driver: 8086:10fb net_ixgbe
EAL: PCI device 0000:18:00.1 on NUMA socket 0
EAL:   probe driver: 8086:10fb net_ixgbe
EAL: PCI device 0000:62:00.0 on NUMA socket 0
EAL:   probe driver: 8086:37d2 net_i40e
EAL: PCI device 0000:62:00.1 on NUMA socket 0
EAL:   probe driver: 8086:37d2 net_i40e
[1;37m[INFO]  Found 3 usable devices:[0m
   Device 0: 00:1B:21:BE:39:14 ([0;32mIntel Corporation 82599ES 10-Gigabit SFI/SFP+ Network Connection[0m)
   Device 1: 00:1B:21:BE:39:16 ([0;32mIntel Corporation 82599ES 10-Gigabit SFI/SFP+ Network Connection[0m)
   Device 2: AC:1F:6B:B9:35:91 ([0;32mIntel Corporation Ethernet Connection X722 for 10GBASE-T[0m)
PMD: ixgbe_dev_link_status_print():  Port 0: Link Down
PMD: ixgbe_dev_link_status_print():  Port 1: Link Down
[1;37m[INFO]  Waiting for devices to come up...[0m
[1;37m[INFO]  Device 0 (00:1B:21:BE:39:14) is up: 10000 MBit/s[0m
[1;37m[INFO]  Device 1 (00:1B:21:BE:39:16) is up: 10000 MBit/s[0m
[1;37m[INFO]  [0;32m2 devices are up.[0m[0m
[1;37m[INFO]  Trying to enable rx timestamping of all packets, this isn't supported by most nics[0m
[0;34m[Device: id=0] TX[0m: 0.9807 Mpps, 1035.61 Mbit/s (1192.52 Mbit/s with framing)
[1;36m[Device: id=1] RX[0m: 0.9599 Mpps, 1013.60 Mbit/s (1167.18 Mbit/s with framing)
[0;34m[Device: id=0] TX[0m: 1.0004 Mpps, 1056.44 Mbit/s (1216.50 Mbit/s with framing)
[1;36m[Device: id=1] RX[0m: 0.9839 Mpps, 1039.00 Mbit/s (1196.43 Mbit/s with framing)
[0;34m[Device: id=0] TX[0m: 1.0004 Mpps, 1056.45 Mbit/s (1216.52 Mbit/s with framing)
[1;36m[Device: id=1] RX[0m: 1.0005 Mpps, 1056.52 Mbit/s (1216.60 Mbit/s with framing)
[0;34m[Device: id=0] TX[0m: 1.0005 Mpps, 1056.50 Mbit/s (1216.58 Mbit/s with framing)
[1;36m[Device: id=1] RX[0m: 1.0005 Mpps, 1056.51 Mbit/s (1216.59 Mbit/s with framing)
[1;36m[Device: id=1] RX[0m: 1.0001 Mpps, 1056.12 Mbit/s (1216.14 Mbit/s with framing)
[0;34m[Device: id=0] TX[0m: 1.0005 Mpps, 1056.56 Mbit/s (1216.64 Mbit/s with framing)
[1;36m[Device: id=1] RX[0m: 1.0005 Mpps, 1056.51 Mbit/s (1216.59 Mbit/s with framing)
[0;34m[Device: id=0] TX[0m: 1.0004 Mpps, 1056.44 Mbit/s (1216.51 Mbit/s with framing)
[1;36m[Device: id=1] RX[0m: 1.0005 Mpps, 1056.51 Mbit/s (1216.59 Mbit/s with framing)
[0;34m[Device: id=0] TX[0m: 1.0005 Mpps, 1056.50 Mbit/s (1216.58 Mbit/s with framing)
[1;36m[Device: id=1] RX[0m: 1.0004 Mpps, 1056.47 Mbit/s (1216.54 Mbit/s with framing)
[0;34m[Device: id=0] TX[0m: 1.0005 Mpps, 1056.50 Mbit/s (1216.58 Mbit/s with framing)
[1;36m[Device: id=1] RX[0m: 1.0005 Mpps, 1056.50 Mbit/s (1216.57 Mbit/s with framing)
[0;34m[Device: id=0] TX[0m: 1.0005 Mpps, 1056.56 Mbit/s (1216.64 Mbit/s with framing)
[1;36m[Device: id=1] RX[0m: 1.0005 Mpps, 1056.49 Mbit/s (1216.57 Mbit/s with framing)
[0;34m[Device: id=0] TX[0m: 1.0004 Mpps, 1056.44 Mbit/s (1216.51 Mbit/s with framing)
[1;36m[Device: id=1] RX[0m: 1.0005 Mpps, 1056.50 Mbit/s (1216.58 Mbit/s with framing)
[0;34m[Device: id=0] TX[0m: 1.0006 Mpps, 1056.62 Mbit/s (1216.71 Mbit/s with framing)
[1;36m[Device: id=1] RX[0m: 1.0005 Mpps, 1056.50 Mbit/s (1216.57 Mbit/s with framing)
[0;34m[Device: id=0] TX[0m: 1.0004 Mpps, 1056.38 Mbit/s (1216.44 Mbit/s with framing)
[1;36m[Device: id=1] RX[0m: 1.0005 Mpps, 1056.52 Mbit/s (1216.60 Mbit/s with framing)
[0;34m[Device: id=0] TX[0m: 1.0005 Mpps, 1056.50 Mbit/s (1216.58 Mbit/s with framing)
[1;36m[Device: id=1] RX[0m: 1.0005 Mpps, 1056.50 Mbit/s (1216.58 Mbit/s with framing)
[0;34m[Device: id=0] TX[0m: 1.0005 Mpps, 1056.50 Mbit/s (1216.58 Mbit/s with framing)
[1;36m[Device: id=1] RX[0m: 1.0005 Mpps, 1056.48 Mbit/s (1216.56 Mbit/s with framing)
[0;34m[Device: id=0] TX[0m: 1.0005 Mpps, 1056.50 Mbit/s (1216.58 Mbit/s with framing)
[1;36m[Device: id=1] RX[0m: 1.0005 Mpps, 1056.50 Mbit/s (1216.58 Mbit/s with framing)
[0;34m[Device: id=0] TX[0m: 1.0005 Mpps, 1056.50 Mbit/s (1216.58 Mbit/s with framing)
[1;36m[Device: id=1] RX[0m: 1.0005 Mpps, 1056.51 Mbit/s (1216.59 Mbit/s with framing)
[0;34m[Device: id=0] TX[0m: 1.0005 Mpps, 1056.50 Mbit/s (1216.57 Mbit/s with framing)
[1;36m[Device: id=1] RX[0m: 1.0005 Mpps, 1056.50 Mbit/s (1216.58 Mbit/s with framing)
[0;34m[Device: id=0] TX[0m: 1.0005 Mpps, 1056.54 Mbit/s (1216.62 Mbit/s with framing)
[1;36m[Device: id=1] RX[0m: 1.0005 Mpps, 1056.50 Mbit/s (1216.58 Mbit/s with framing)
[0;34m[Device: id=0] TX[0m: 1.0004 Mpps, 1056.46 Mbit/s (1216.53 Mbit/s with framing)
[1;36m[Device: id=1] RX[0m: 1.0005 Mpps, 1056.49 Mbit/s (1216.56 Mbit/s with framing)
[0;34m[Device: id=0] TX[0m: 1.0005 Mpps, 1056.50 Mbit/s (1216.58 Mbit/s with framing)
[1;36m[Device: id=1] RX[0m: 1.0005 Mpps, 1056.49 Mbit/s (1216.56 Mbit/s with framing)
[0;34m[Device: id=0] TX[0m: 1.0005 Mpps, 1056.50 Mbit/s (1216.58 Mbit/s with framing)
[1;36m[Device: id=1] RX[0m: 1.0005 Mpps, 1056.51 Mbit/s (1216.58 Mbit/s with framing)
[0;34m[Device: id=0] TX[0m: 1.0005 Mpps, 1056.50 Mbit/s (1216.58 Mbit/s with framing)
[1;36m[Device: id=1] RX[0m: 1.0005 Mpps, 1056.52 Mbit/s (1216.59 Mbit/s with framing)
[0;34m[Device: id=0] TX[0m: 1.0005 Mpps, 1056.50 Mbit/s (1216.58 Mbit/s with framing)
[1;36m[Device: id=1] RX[0m: 1.0005 Mpps, 1056.50 Mbit/s (1216.58 Mbit/s with framing)
[0;34m[Device: id=0] TX[0m: 1.0005 Mpps, 1056.50 Mbit/s (1216.58 Mbit/s with framing)
[1;36m[Device: id=1] RX[0m: 1.0005 Mpps, 1056.51 Mbit/s (1216.58 Mbit/s with framing)
[0;34m[Device: id=0] TX[0m: 1.0005 Mpps, 1056.50 Mbit/s (1216.58 Mbit/s with framing)
[1;36m[Device: id=1] RX[0m: 1.0004 Mpps, 1056.47 Mbit/s (1216.54 Mbit/s with framing)
[0;34m[Device: id=0] TX[0m: 1.0005 Mpps, 1056.50 Mbit/s (1216.58 Mbit/s with framing)
[1;36m[Device: id=1] RX[0m: 1.0005 Mpps, 1056.50 Mbit/s (1216.57 Mbit/s with framing)
[0;34m[Device: id=0] TX[0m: 1.0005 Mpps, 1056.51 Mbit/s (1216.58 Mbit/s with framing)
[1;36m[Device: id=1] RX[0m: 1.0005 Mpps, 1056.50 Mbit/s (1216.57 Mbit/s with framing)
[0;34m[Device: id=0] TX[0m: 1.0005 Mpps, 1056.49 Mbit/s (1216.57 Mbit/s with framing)
[1;36m[Device: id=1] RX[0m: 1.0005 Mpps, 1056.51 Mbit/s (1216.59 Mbit/s with framing)
[0;34m[Device: id=0] TX[0m: 1.0005 Mpps, 1056.50 Mbit/s (1216.58 Mbit/s with framing)
30
[1;36m[Device: id=1] RX[0m: 0.9802 Mpps, 1035.12 Mbit/s (1191.96 Mbit/s with framing)
[0;34m[Device: id=0] TX[0m: 0.8301 Mpps, 876.60 Mbit/s (1009.42 Mbit/s with framing)
[1;36m[Device: id=1] RX[0m: 0.0000 Mpps, 0.00 Mbit/s (0.00 Mbit/s with framing)
[0;34m[Device: id=0] TX[0m: 0.0000 Mpps, 0.00 Mbit/s (0.00 Mbit/s with framing)
30000000
[1;36m[Device: id=1] RX[0m: 0.9659 (StdDev 0.1825) Mpps, 1019.98 (StdDev 193) Mbit/s (1174.52 Mbit/s with framing), total 29936784 packets with 3951655004 bytes (incl. CRC)
[0;34m[Device: id=0] TX[0m: 0.9614 (StdDev 0.1842) Mpps, 1015.28 (StdDev 195) Mbit/s (1169.11 Mbit/s with framing), total 30000000 packets with 3960000000 bytes (incl. CRC)
