[1;37m[INFO]  Initializing DPDK. This will take a few seconds...[0m
EAL: Probing VFIO support...
EAL: PCI device 0000:18:00.0 on NUMA socket 0
EAL:   probe driver: 8086:10fb net_ixgbe
EAL: PCI device 0000:18:00.1 on NUMA socket 0
EAL:   probe driver: 8086:10fb net_ixgbe
EAL: PCI device 0000:62:00.0 on NUMA socket 0
EAL:   probe driver: 8086:37d2 net_i40e
EAL: PCI device 0000:62:00.1 on NUMA socket 0
EAL:   probe driver: 8086:37d2 net_i40e
[1;37m[INFO]  Found 3 usable devices:[0m
   Device 0: 00:1B:21:BE:39:14 ([0;32mIntel Corporation 82599ES 10-Gigabit SFI/SFP+ Network Connection[0m)
   Device 1: 00:1B:21:BE:39:16 ([0;32mIntel Corporation 82599ES 10-Gigabit SFI/SFP+ Network Connection[0m)
   Device 2: AC:1F:6B:B9:35:91 ([0;32mIntel Corporation Ethernet Connection X722 for 10GBASE-T[0m)
PMD: ixgbe_dev_link_status_print():  Port 0: Link Down
PMD: ixgbe_dev_link_status_print():  Port 1: Link Down
[1;37m[INFO]  Waiting for devices to come up...[0m
[1;37m[INFO]  Device 0 (00:1B:21:BE:39:14) is up: 10000 MBit/s[0m
[1;37m[INFO]  Device 1 (00:1B:21:BE:39:16) is up: 10000 MBit/s[0m
[1;37m[INFO]  [0;32m2 devices are up.[0m[0m
[1;37m[INFO]  Trying to enable rx timestamping of all packets, this isn't supported by most nics[0m
[0;34m[Device: id=0] TX[0m: 0.1961 Mpps, 407.86 Mbit/s (439.23 Mbit/s with framing)
[1;36m[Device: id=1] RX[0m: 0.1963 Mpps, 408.21 Mbit/s (439.62 Mbit/s with framing)
[0;34m[Device: id=0] TX[0m: 0.2000 Mpps, 415.97 Mbit/s (447.97 Mbit/s with framing)
[1;36m[Device: id=1] RX[0m: 0.1971 Mpps, 409.99 Mbit/s (441.53 Mbit/s with framing)
[0;34m[Device: id=0] TX[0m: 0.2000 Mpps, 415.98 Mbit/s (447.98 Mbit/s with framing)
[1;36m[Device: id=1] RX[0m: 0.2000 Mpps, 416.00 Mbit/s (448.00 Mbit/s with framing)
[0;34m[Device: id=0] TX[0m: 0.2000 Mpps, 416.00 Mbit/s (448.00 Mbit/s with framing)
[1;36m[Device: id=1] RX[0m: 0.2000 Mpps, 416.01 Mbit/s (448.01 Mbit/s with framing)
[0;34m[Device: id=0] TX[0m: 0.2000 Mpps, 416.03 Mbit/s (448.03 Mbit/s with framing)
[1;36m[Device: id=1] RX[0m: 0.2000 Mpps, 415.99 Mbit/s (447.99 Mbit/s with framing)
[1;36m[Device: id=1] RX[0m: 0.2000 Mpps, 416.00 Mbit/s (448.00 Mbit/s with framing)
[0;34m[Device: id=0] TX[0m: 0.2000 Mpps, 416.00 Mbit/s (448.00 Mbit/s with framing)
[1;36m[Device: id=1] RX[0m: 0.2000 Mpps, 416.02 Mbit/s (448.02 Mbit/s with framing)
[0;34m[Device: id=0] TX[0m: 0.2000 Mpps, 415.98 Mbit/s (447.97 Mbit/s with framing)
[1;36m[Device: id=1] RX[0m: 0.2000 Mpps, 415.99 Mbit/s (447.99 Mbit/s with framing)
[0;34m[Device: id=0] TX[0m: 0.2000 Mpps, 416.03 Mbit/s (448.03 Mbit/s with framing)
[1;36m[Device: id=1] RX[0m: 0.2000 Mpps, 416.00 Mbit/s (448.00 Mbit/s with framing)
[0;34m[Device: id=0] TX[0m: 0.2000 Mpps, 416.00 Mbit/s (448.00 Mbit/s with framing)
[1;36m[Device: id=1] RX[0m: 0.2000 Mpps, 416.00 Mbit/s (448.00 Mbit/s with framing)
[0;34m[Device: id=0] TX[0m: 0.2000 Mpps, 415.98 Mbit/s (447.98 Mbit/s with framing)
[1;36m[Device: id=1] RX[0m: 0.2000 Mpps, 416.01 Mbit/s (448.01 Mbit/s with framing)
[0;34m[Device: id=0] TX[0m: 0.2000 Mpps, 416.08 Mbit/s (448.08 Mbit/s with framing)
[1;36m[Device: id=1] RX[0m: 0.2000 Mpps, 416.00 Mbit/s (448.00 Mbit/s with framing)
[0;34m[Device: id=0] TX[0m: 0.2000 Mpps, 415.92 Mbit/s (447.92 Mbit/s with framing)
[1;36m[Device: id=1] RX[0m: 0.2000 Mpps, 415.99 Mbit/s (447.99 Mbit/s with framing)
[0;34m[Device: id=0] TX[0m: 0.2000 Mpps, 416.00 Mbit/s (448.00 Mbit/s with framing)
[1;36m[Device: id=1] RX[0m: 0.2000 Mpps, 416.00 Mbit/s (448.00 Mbit/s with framing)
[0;34m[Device: id=0] TX[0m: 0.2000 Mpps, 416.01 Mbit/s (448.01 Mbit/s with framing)
[1;36m[Device: id=1] RX[0m: 0.2000 Mpps, 416.01 Mbit/s (448.01 Mbit/s with framing)
[0;34m[Device: id=0] TX[0m: 0.2000 Mpps, 415.99 Mbit/s (447.99 Mbit/s with framing)
[1;36m[Device: id=1] RX[0m: 0.2000 Mpps, 416.00 Mbit/s (448.00 Mbit/s with framing)
[0;34m[Device: id=0] TX[0m: 0.2000 Mpps, 416.00 Mbit/s (448.00 Mbit/s with framing)
[1;36m[Device: id=1] RX[0m: 0.2000 Mpps, 416.00 Mbit/s (448.01 Mbit/s with framing)
[0;34m[Device: id=0] TX[0m: 0.2000 Mpps, 416.00 Mbit/s (448.00 Mbit/s with framing)
[1;36m[Device: id=1] RX[0m: 0.2000 Mpps, 416.00 Mbit/s (448.00 Mbit/s with framing)
[0;34m[Device: id=0] TX[0m: 0.2000 Mpps, 416.01 Mbit/s (448.01 Mbit/s with framing)
[1;36m[Device: id=1] RX[0m: 0.2000 Mpps, 415.99 Mbit/s (447.99 Mbit/s with framing)
[0;34m[Device: id=0] TX[0m: 0.2000 Mpps, 415.99 Mbit/s (447.99 Mbit/s with framing)
[1;36m[Device: id=1] RX[0m: 0.2000 Mpps, 416.00 Mbit/s (448.00 Mbit/s with framing)
[0;34m[Device: id=0] TX[0m: 0.2000 Mpps, 416.00 Mbit/s (448.00 Mbit/s with framing)
[1;36m[Device: id=1] RX[0m: 0.2000 Mpps, 416.00 Mbit/s (448.00 Mbit/s with framing)
[0;34m[Device: id=0] TX[0m: 0.2000 Mpps, 416.00 Mbit/s (448.00 Mbit/s with framing)
[1;36m[Device: id=1] RX[0m: 0.2000 Mpps, 416.00 Mbit/s (448.00 Mbit/s with framing)
[0;34m[Device: id=0] TX[0m: 0.2000 Mpps, 416.02 Mbit/s (448.02 Mbit/s with framing)
[1;36m[Device: id=1] RX[0m: 0.2000 Mpps, 416.00 Mbit/s (448.00 Mbit/s with framing)
[0;34m[Device: id=0] TX[0m: 0.2000 Mpps, 415.99 Mbit/s (447.99 Mbit/s with framing)
[1;36m[Device: id=1] RX[0m: 0.2000 Mpps, 415.99 Mbit/s (447.99 Mbit/s with framing)
[0;34m[Device: id=0] TX[0m: 0.2000 Mpps, 416.00 Mbit/s (448.00 Mbit/s with framing)
[1;36m[Device: id=1] RX[0m: 0.2000 Mpps, 416.02 Mbit/s (448.02 Mbit/s with framing)
[0;34m[Device: id=0] TX[0m: 0.2000 Mpps, 416.00 Mbit/s (448.00 Mbit/s with framing)
[1;36m[Device: id=1] RX[0m: 0.2000 Mpps, 415.99 Mbit/s (447.99 Mbit/s with framing)
[0;34m[Device: id=0] TX[0m: 0.2000 Mpps, 416.00 Mbit/s (448.00 Mbit/s with framing)
[1;36m[Device: id=1] RX[0m: 0.2000 Mpps, 416.01 Mbit/s (448.01 Mbit/s with framing)
[0;34m[Device: id=0] TX[0m: 0.2000 Mpps, 416.00 Mbit/s (448.00 Mbit/s with framing)
[1;36m[Device: id=1] RX[0m: 0.2000 Mpps, 416.00 Mbit/s (448.00 Mbit/s with framing)
[0;34m[Device: id=0] TX[0m: 0.2000 Mpps, 416.02 Mbit/s (448.02 Mbit/s with framing)
[1;36m[Device: id=1] RX[0m: 0.2000 Mpps, 416.00 Mbit/s (448.00 Mbit/s with framing)
[0;34m[Device: id=0] TX[0m: 0.2000 Mpps, 415.99 Mbit/s (447.98 Mbit/s with framing)
6
[1;36m[Device: id=1] RX[0m: 0.1981 Mpps, 411.98 Mbit/s (443.67 Mbit/s with framing)
[0;34m[Device: id=0] TX[0m: 0.1685 Mpps, 350.45 Mbit/s (377.40 Mbit/s with framing)
[1;36m[Device: id=1] RX[0m: 0.0000 Mpps, 0.00 Mbit/s (0.00 Mbit/s with framing)
[0;34m[Device: id=0] TX[0m: 0.0000 Mpps, 0.00 Mbit/s (0.00 Mbit/s with framing)
6000000
[1;36m[Device: id=1] RX[0m: 0.1932 (StdDev 0.0365) Mpps, 401.80 (StdDev 76) Mbit/s (432.71 Mbit/s with framing), total 5991608 packets with 1557816316 bytes (incl. CRC)
[0;34m[Device: id=0] TX[0m: 0.1923 (StdDev 0.0368) Mpps, 399.95 (StdDev 76) Mbit/s (430.71 Mbit/s with framing), total 6000000 packets with 1560000000 bytes (incl. CRC)
