[1;37m[INFO]  Initializing DPDK. This will take a few seconds...[0m
EAL: Probing VFIO support...
EAL: PCI device 0000:18:00.0 on NUMA socket 0
EAL:   probe driver: 8086:10fb net_ixgbe
EAL: PCI device 0000:18:00.1 on NUMA socket 0
EAL:   probe driver: 8086:10fb net_ixgbe
EAL: PCI device 0000:62:00.0 on NUMA socket 0
EAL:   probe driver: 8086:37d2 net_i40e
EAL: PCI device 0000:62:00.1 on NUMA socket 0
EAL:   probe driver: 8086:37d2 net_i40e
[1;37m[INFO]  Found 3 usable devices:[0m
   Device 0: 00:1B:21:BE:39:14 ([0;32mIntel Corporation 82599ES 10-Gigabit SFI/SFP+ Network Connection[0m)
   Device 1: 00:1B:21:BE:39:16 ([0;32mIntel Corporation 82599ES 10-Gigabit SFI/SFP+ Network Connection[0m)
   Device 2: AC:1F:6B:B9:35:91 ([0;32mIntel Corporation Ethernet Connection X722 for 10GBASE-T[0m)
PMD: ixgbe_dev_link_status_print():  Port 0: Link Down
PMD: ixgbe_dev_link_status_print():  Port 1: Link Down
[1;37m[INFO]  Waiting for devices to come up...[0m
[1;37m[INFO]  Device 0 (00:1B:21:BE:39:14) is up: 10000 MBit/s[0m
[1;37m[INFO]  Device 1 (00:1B:21:BE:39:16) is up: 10000 MBit/s[0m
[1;37m[INFO]  [0;32m2 devices are up.[0m[0m
[1;37m[INFO]  Trying to enable rx timestamping of all packets, this isn't supported by most nics[0m
[0;34m[Device: id=0] TX[0m: 0.1961 Mpps, 1612.78 Mbit/s (1644.15 Mbit/s with framing)
[1;36m[Device: id=1] RX[0m: 0.1971 Mpps, 1620.81 Mbit/s (1652.34 Mbit/s with framing)
[0;34m[Device: id=0] TX[0m: 0.2000 Mpps, 1644.62 Mbit/s (1676.62 Mbit/s with framing)
[1;36m[Device: id=1] RX[0m: 0.1970 Mpps, 1620.53 Mbit/s (1652.06 Mbit/s with framing)
[0;34m[Device: id=0] TX[0m: 0.2000 Mpps, 1644.79 Mbit/s (1676.79 Mbit/s with framing)
[1;36m[Device: id=1] RX[0m: 0.2000 Mpps, 1644.79 Mbit/s (1676.79 Mbit/s with framing)
[0;34m[Device: id=0] TX[0m: 0.2000 Mpps, 1644.98 Mbit/s (1676.99 Mbit/s with framing)
[1;36m[Device: id=1] RX[0m: 0.2000 Mpps, 1644.77 Mbit/s (1676.77 Mbit/s with framing)
[1;36m[Device: id=1] RX[0m: 0.2000 Mpps, 1644.80 Mbit/s (1676.80 Mbit/s with framing)
[0;34m[Device: id=0] TX[0m: 0.2000 Mpps, 1644.62 Mbit/s (1676.62 Mbit/s with framing)
[1;36m[Device: id=1] RX[0m: 0.2000 Mpps, 1644.82 Mbit/s (1676.82 Mbit/s with framing)
[0;34m[Device: id=0] TX[0m: 0.2000 Mpps, 1644.99 Mbit/s (1676.99 Mbit/s with framing)
[1;36m[Device: id=1] RX[0m: 0.2000 Mpps, 1644.80 Mbit/s (1676.80 Mbit/s with framing)
[0;34m[Device: id=0] TX[0m: 0.2000 Mpps, 1644.79 Mbit/s (1676.79 Mbit/s with framing)
[1;36m[Device: id=1] RX[0m: 0.2000 Mpps, 1644.82 Mbit/s (1676.82 Mbit/s with framing)
[0;34m[Device: id=0] TX[0m: 0.2000 Mpps, 1644.63 Mbit/s (1676.63 Mbit/s with framing)
[1;36m[Device: id=1] RX[0m: 0.2000 Mpps, 1644.79 Mbit/s (1676.79 Mbit/s with framing)
[0;34m[Device: id=0] TX[0m: 0.2000 Mpps, 1644.98 Mbit/s (1676.98 Mbit/s with framing)
[1;36m[Device: id=1] RX[0m: 0.2000 Mpps, 1644.82 Mbit/s (1676.82 Mbit/s with framing)
[0;34m[Device: id=0] TX[0m: 0.2000 Mpps, 1644.63 Mbit/s (1676.62 Mbit/s with framing)
[1;36m[Device: id=1] RX[0m: 0.2000 Mpps, 1644.79 Mbit/s (1676.79 Mbit/s with framing)
[0;34m[Device: id=0] TX[0m: 0.2000 Mpps, 1644.92 Mbit/s (1676.92 Mbit/s with framing)
[1;36m[Device: id=1] RX[0m: 0.2000 Mpps, 1644.80 Mbit/s (1676.80 Mbit/s with framing)
[0;34m[Device: id=0] TX[0m: 0.2000 Mpps, 1644.74 Mbit/s (1676.74 Mbit/s with framing)
[1;36m[Device: id=1] RX[0m: 0.2000 Mpps, 1644.82 Mbit/s (1676.82 Mbit/s with framing)
[0;34m[Device: id=0] TX[0m: 0.2000 Mpps, 1644.74 Mbit/s (1676.74 Mbit/s with framing)
[1;36m[Device: id=1] RX[0m: 0.2000 Mpps, 1644.80 Mbit/s (1676.80 Mbit/s with framing)
[0;34m[Device: id=0] TX[0m: 0.2000 Mpps, 1644.87 Mbit/s (1676.88 Mbit/s with framing)
[1;36m[Device: id=1] RX[0m: 0.2000 Mpps, 1644.81 Mbit/s (1676.81 Mbit/s with framing)
[0;34m[Device: id=0] TX[0m: 0.2000 Mpps, 1644.76 Mbit/s (1676.76 Mbit/s with framing)
[1;36m[Device: id=1] RX[0m: 0.2000 Mpps, 1644.79 Mbit/s (1676.79 Mbit/s with framing)
[0;34m[Device: id=0] TX[0m: 0.2000 Mpps, 1644.84 Mbit/s (1676.84 Mbit/s with framing)
[1;36m[Device: id=1] RX[0m: 0.2000 Mpps, 1644.83 Mbit/s (1676.83 Mbit/s with framing)
[0;34m[Device: id=0] TX[0m: 0.2000 Mpps, 1644.74 Mbit/s (1676.74 Mbit/s with framing)
[1;36m[Device: id=1] RX[0m: 0.2000 Mpps, 1644.79 Mbit/s (1676.79 Mbit/s with framing)
[0;34m[Device: id=0] TX[0m: 0.2000 Mpps, 1644.81 Mbit/s (1676.81 Mbit/s with framing)
[1;36m[Device: id=1] RX[0m: 0.2000 Mpps, 1644.81 Mbit/s (1676.81 Mbit/s with framing)
[0;34m[Device: id=0] TX[0m: 0.2000 Mpps, 1644.80 Mbit/s (1676.80 Mbit/s with framing)
[1;36m[Device: id=1] RX[0m: 0.2000 Mpps, 1644.81 Mbit/s (1676.81 Mbit/s with framing)
[0;34m[Device: id=0] TX[0m: 0.2000 Mpps, 1644.87 Mbit/s (1676.87 Mbit/s with framing)
[1;36m[Device: id=1] RX[0m: 0.2000 Mpps, 1644.78 Mbit/s (1676.78 Mbit/s with framing)
[0;34m[Device: id=0] TX[0m: 0.2000 Mpps, 1644.74 Mbit/s (1676.74 Mbit/s with framing)
[1;36m[Device: id=1] RX[0m: 0.2000 Mpps, 1644.81 Mbit/s (1676.81 Mbit/s with framing)
[0;34m[Device: id=0] TX[0m: 0.2000 Mpps, 1644.80 Mbit/s (1676.80 Mbit/s with framing)
[1;36m[Device: id=1] RX[0m: 0.2000 Mpps, 1644.80 Mbit/s (1676.80 Mbit/s with framing)
[0;34m[Device: id=0] TX[0m: 0.2000 Mpps, 1644.90 Mbit/s (1676.90 Mbit/s with framing)
[1;36m[Device: id=1] RX[0m: 0.2000 Mpps, 1644.81 Mbit/s (1676.81 Mbit/s with framing)
[0;34m[Device: id=0] TX[0m: 0.2000 Mpps, 1644.71 Mbit/s (1676.71 Mbit/s with framing)
[1;36m[Device: id=1] RX[0m: 0.2000 Mpps, 1644.80 Mbit/s (1676.80 Mbit/s with framing)
[0;34m[Device: id=0] TX[0m: 0.2000 Mpps, 1644.80 Mbit/s (1676.80 Mbit/s with framing)
[1;36m[Device: id=1] RX[0m: 0.2000 Mpps, 1644.81 Mbit/s (1676.81 Mbit/s with framing)
[0;34m[Device: id=0] TX[0m: 0.2000 Mpps, 1644.80 Mbit/s (1676.80 Mbit/s with framing)
[1;36m[Device: id=1] RX[0m: 0.2000 Mpps, 1644.83 Mbit/s (1676.83 Mbit/s with framing)
[0;34m[Device: id=0] TX[0m: 0.2000 Mpps, 1644.87 Mbit/s (1676.87 Mbit/s with framing)
[1;36m[Device: id=1] RX[0m: 0.2000 Mpps, 1644.79 Mbit/s (1676.79 Mbit/s with framing)
[0;34m[Device: id=0] TX[0m: 0.2000 Mpps, 1644.77 Mbit/s (1676.77 Mbit/s with framing)
[1;36m[Device: id=1] RX[0m: 0.2000 Mpps, 1644.85 Mbit/s (1676.85 Mbit/s with framing)
[0;34m[Device: id=0] TX[0m: 0.2000 Mpps, 1644.77 Mbit/s (1676.77 Mbit/s with framing)
6
[1;36m[Device: id=1] RX[0m: 0.1981 Mpps, 1629.51 Mbit/s (1661.21 Mbit/s with framing)
[0;34m[Device: id=0] TX[0m: 0.1682 Mpps, 1383.59 Mbit/s (1410.51 Mbit/s with framing)
[1;36m[Device: id=1] RX[0m: 0.0000 Mpps, 0.00 Mbit/s (0.00 Mbit/s with framing)
[0;34m[Device: id=0] TX[0m: 0.0000 Mpps, 0.00 Mbit/s (0.00 Mbit/s with framing)
6000000
[1;36m[Device: id=1] RX[0m: 0.1932 (StdDev 0.0365) Mpps, 1588.66 (StdDev 300) Mbit/s (1619.57 Mbit/s with framing), total 5992434 packets with 6160212708 bytes (incl. CRC)
[0;34m[Device: id=0] TX[0m: 0.1923 (StdDev 0.0368) Mpps, 1581.26 (StdDev 302) Mbit/s (1612.03 Mbit/s with framing), total 6000000 packets with 6168000000 bytes (incl. CRC)
