[1;37m[INFO]  Initializing DPDK. This will take a few seconds...[0m
EAL: Probing VFIO support...
EAL: PCI device 0000:18:00.0 on NUMA socket 0
EAL:   probe driver: 8086:10fb net_ixgbe
EAL: PCI device 0000:18:00.1 on NUMA socket 0
EAL:   probe driver: 8086:10fb net_ixgbe
EAL: PCI device 0000:62:00.0 on NUMA socket 0
EAL:   probe driver: 8086:37d2 net_i40e
EAL: PCI device 0000:62:00.1 on NUMA socket 0
EAL:   probe driver: 8086:37d2 net_i40e
[1;37m[INFO]  Found 3 usable devices:[0m
   Device 0: 00:1B:21:BE:39:14 ([0;32mIntel Corporation 82599ES 10-Gigabit SFI/SFP+ Network Connection[0m)
   Device 1: 00:1B:21:BE:39:16 ([0;32mIntel Corporation 82599ES 10-Gigabit SFI/SFP+ Network Connection[0m)
   Device 2: AC:1F:6B:B9:35:91 ([0;32mIntel Corporation Ethernet Connection X722 for 10GBASE-T[0m)
PMD: ixgbe_dev_link_status_print():  Port 0: Link Down
PMD: ixgbe_dev_link_status_print():  Port 1: Link Down
[1;37m[INFO]  Waiting for devices to come up...[0m
[1;37m[INFO]  Device 0 (00:1B:21:BE:39:14) is up: 10000 MBit/s[0m
[1;37m[INFO]  Device 1 (00:1B:21:BE:39:16) is up: 10000 MBit/s[0m
[1;37m[INFO]  [0;32m2 devices are up.[0m[0m
[1;37m[INFO]  Trying to enable rx timestamping of all packets, this isn't supported by most nics[0m
[0;34m[Device: id=0] TX[0m: 0.8993 Mpps, 9237.21 Mbit/s (9381.09 Mbit/s with framing)
[1;36m[Device: id=1] RX[0m: 0.9180 Mpps, 9430.00 Mbit/s (9576.88 Mbit/s with framing)
[0;34m[Device: id=0] TX[0m: 0.9584 Mpps, 9844.68 Mbit/s (9998.03 Mbit/s with framing)
[1;36m[Device: id=1] RX[0m: 0.9412 Mpps, 9667.65 Mbit/s (9818.23 Mbit/s with framing)
[0;34m[Device: id=0] TX[0m: 0.9585 Mpps, 9845.79 Mbit/s (9999.15 Mbit/s with framing)
[1;36m[Device: id=1] RX[0m: 0.9585 Mpps, 9845.82 Mbit/s (9999.18 Mbit/s with framing)
[0;34m[Device: id=0] TX[0m: 0.9586 Mpps, 9846.88 Mbit/s (10000.25 Mbit/s with framing)
[1;36m[Device: id=1] RX[0m: 0.9582 Mpps, 9842.85 Mbit/s (9996.17 Mbit/s with framing)
[1;36m[Device: id=1] RX[0m: 0.9585 Mpps, 9845.81 Mbit/s (9999.18 Mbit/s with framing)
[0;34m[Device: id=0] TX[0m: 0.9584 Mpps, 9844.77 Mbit/s (9998.12 Mbit/s with framing)
[1;36m[Device: id=1] RX[0m: 0.9585 Mpps, 9845.81 Mbit/s (9999.17 Mbit/s with framing)
[0;34m[Device: id=0] TX[0m: 0.9586 Mpps, 9846.85 Mbit/s (10000.23 Mbit/s with framing)
[1;36m[Device: id=1] RX[0m: 0.9585 Mpps, 9845.81 Mbit/s (9999.17 Mbit/s with framing)
[0;34m[Device: id=0] TX[0m: 0.9585 Mpps, 9845.99 Mbit/s (9999.36 Mbit/s with framing)
[1;36m[Device: id=1] RX[0m: 0.9585 Mpps, 9845.81 Mbit/s (9999.17 Mbit/s with framing)
[0;34m[Device: id=0] TX[0m: 0.9584 Mpps, 9844.62 Mbit/s (9997.97 Mbit/s with framing)
[1;36m[Device: id=1] RX[0m: 0.9585 Mpps, 9845.81 Mbit/s (9999.17 Mbit/s with framing)
[0;34m[Device: id=0] TX[0m: 0.9585 Mpps, 9845.82 Mbit/s (9999.19 Mbit/s with framing)
[1;36m[Device: id=1] RX[0m: 0.9585 Mpps, 9845.81 Mbit/s (9999.17 Mbit/s with framing)
[0;34m[Device: id=0] TX[0m: 0.9586 Mpps, 9846.87 Mbit/s (10000.24 Mbit/s with framing)
[1;36m[Device: id=1] RX[0m: 0.9585 Mpps, 9845.81 Mbit/s (9999.18 Mbit/s with framing)
[0;34m[Device: id=0] TX[0m: 0.9585 Mpps, 9845.59 Mbit/s (9998.94 Mbit/s with framing)
[1;36m[Device: id=1] RX[0m: 0.9585 Mpps, 9845.82 Mbit/s (9999.18 Mbit/s with framing)
[0;34m[Device: id=0] TX[0m: 0.9584 Mpps, 9844.97 Mbit/s (9998.32 Mbit/s with framing)
[1;36m[Device: id=1] RX[0m: 0.9585 Mpps, 9845.81 Mbit/s (9999.17 Mbit/s with framing)
[0;34m[Device: id=0] TX[0m: 0.9585 Mpps, 9846.20 Mbit/s (9999.57 Mbit/s with framing)
[1;36m[Device: id=1] RX[0m: 0.9585 Mpps, 9845.81 Mbit/s (9999.17 Mbit/s with framing)
[0;34m[Device: id=0] TX[0m: 0.9585 Mpps, 9845.45 Mbit/s (9998.80 Mbit/s with framing)
[1;36m[Device: id=1] RX[0m: 0.9585 Mpps, 9845.80 Mbit/s (9999.17 Mbit/s with framing)
[0;34m[Device: id=0] TX[0m: 0.9585 Mpps, 9845.88 Mbit/s (9999.24 Mbit/s with framing)
[1;36m[Device: id=1] RX[0m: 0.9585 Mpps, 9845.82 Mbit/s (9999.18 Mbit/s with framing)
[0;34m[Device: id=0] TX[0m: 0.9585 Mpps, 9845.78 Mbit/s (9999.14 Mbit/s with framing)
[1;36m[Device: id=1] RX[0m: 0.9585 Mpps, 9845.81 Mbit/s (9999.17 Mbit/s with framing)
[0;34m[Device: id=0] TX[0m: 0.9585 Mpps, 9846.21 Mbit/s (9999.57 Mbit/s with framing)
[1;36m[Device: id=1] RX[0m: 0.9585 Mpps, 9845.82 Mbit/s (9999.18 Mbit/s with framing)
[0;34m[Device: id=0] TX[0m: 0.9585 Mpps, 9845.44 Mbit/s (9998.80 Mbit/s with framing)
[1;36m[Device: id=1] RX[0m: 0.9585 Mpps, 9845.81 Mbit/s (9999.17 Mbit/s with framing)
[0;34m[Device: id=0] TX[0m: 0.9585 Mpps, 9845.82 Mbit/s (9999.18 Mbit/s with framing)
[1;36m[Device: id=1] RX[0m: 0.9580 Mpps, 9840.29 Mbit/s (9993.57 Mbit/s with framing)
[0;34m[Device: id=0] TX[0m: 0.9585 Mpps, 9846.24 Mbit/s (9999.60 Mbit/s with framing)
[1;36m[Device: id=1] RX[0m: 0.9585 Mpps, 9845.82 Mbit/s (9999.18 Mbit/s with framing)
[0;34m[Device: id=0] TX[0m: 0.9585 Mpps, 9845.62 Mbit/s (9998.98 Mbit/s with framing)
[1;36m[Device: id=1] RX[0m: 0.9585 Mpps, 9845.81 Mbit/s (9999.17 Mbit/s with framing)
[0;34m[Device: id=0] TX[0m: 0.9585 Mpps, 9845.63 Mbit/s (9998.99 Mbit/s with framing)
[1;36m[Device: id=1] RX[0m: 0.9585 Mpps, 9845.82 Mbit/s (9999.18 Mbit/s with framing)
[0;34m[Device: id=0] TX[0m: 0.9585 Mpps, 9845.82 Mbit/s (9999.18 Mbit/s with framing)
[1;36m[Device: id=1] RX[0m: 0.9585 Mpps, 9845.81 Mbit/s (9999.17 Mbit/s with framing)
[0;34m[Device: id=0] TX[0m: 0.9585 Mpps, 9845.83 Mbit/s (9999.19 Mbit/s with framing)
[1;36m[Device: id=1] RX[0m: 0.9580 Mpps, 9840.60 Mbit/s (9993.88 Mbit/s with framing)
[0;34m[Device: id=0] TX[0m: 0.9585 Mpps, 9846.25 Mbit/s (9999.62 Mbit/s with framing)
[1;36m[Device: id=1] RX[0m: 0.9585 Mpps, 9845.81 Mbit/s (9999.17 Mbit/s with framing)
[0;34m[Device: id=0] TX[0m: 0.9585 Mpps, 9845.41 Mbit/s (9998.77 Mbit/s with framing)
[1;36m[Device: id=1] RX[0m: 0.9585 Mpps, 9845.81 Mbit/s (9999.17 Mbit/s with framing)
[0;34m[Device: id=0] TX[0m: 0.9585 Mpps, 9845.82 Mbit/s (9999.18 Mbit/s with framing)
[1;36m[Device: id=1] RX[0m: 0.9585 Mpps, 9845.81 Mbit/s (9999.17 Mbit/s with framing)
[0;34m[Device: id=0] TX[0m: 0.9585 Mpps, 9845.83 Mbit/s (9999.19 Mbit/s with framing)
[1;36m[Device: id=1] RX[0m: 0.9585 Mpps, 9845.81 Mbit/s (9999.17 Mbit/s with framing)
[0;34m[Device: id=0] TX[0m: 0.9585 Mpps, 9845.83 Mbit/s (9999.19 Mbit/s with framing)
[1;36m[Device: id=1] RX[0m: 0.9585 Mpps, 9845.82 Mbit/s (9999.18 Mbit/s with framing)
[0;34m[Device: id=0] TX[0m: 0.9585 Mpps, 9845.82 Mbit/s (9999.19 Mbit/s with framing)
[1;36m[Device: id=1] RX[0m: 0.9585 Mpps, 9845.59 Mbit/s (9998.95 Mbit/s with framing)
[0;34m[Device: id=0] TX[0m: 0.9585 Mpps, 9846.22 Mbit/s (9999.59 Mbit/s with framing)
[1;36m[Device: id=1] RX[0m: 0.9585 Mpps, 9845.81 Mbit/s (9999.17 Mbit/s with framing)
[0;34m[Device: id=0] TX[0m: 0.9585 Mpps, 9845.59 Mbit/s (9998.95 Mbit/s with framing)
[1;36m[Device: id=1] RX[0m: 0.9585 Mpps, 9845.81 Mbit/s (9999.18 Mbit/s with framing)
[0;34m[Device: id=0] TX[0m: 0.9585 Mpps, 9845.68 Mbit/s (9999.04 Mbit/s with framing)
[1;36m[Device: id=1] RX[0m: 0.9585 Mpps, 9845.82 Mbit/s (9999.18 Mbit/s with framing)
[0;34m[Device: id=0] TX[0m: 0.9585 Mpps, 9845.83 Mbit/s (9999.19 Mbit/s with framing)
[1;36m[Device: id=1] RX[0m: 0.9585 Mpps, 9845.80 Mbit/s (9999.17 Mbit/s with framing)
[0;34m[Device: id=0] TX[0m: 0.9585 Mpps, 9845.82 Mbit/s (9999.18 Mbit/s with framing)
[1;36m[Device: id=1] RX[0m: 0.9585 Mpps, 9845.82 Mbit/s (9999.18 Mbit/s with framing)
[0;34m[Device: id=0] TX[0m: 0.9585 Mpps, 9845.83 Mbit/s (9999.19 Mbit/s with framing)
[1;36m[Device: id=1] RX[0m: 0.9585 Mpps, 9845.81 Mbit/s (9999.17 Mbit/s with framing)
[0;34m[Device: id=0] TX[0m: 0.9585 Mpps, 9845.84 Mbit/s (9999.20 Mbit/s with framing)
[1;36m[Device: id=1] RX[0m: 0.9585 Mpps, 9845.82 Mbit/s (9999.18 Mbit/s with framing)
[0;34m[Device: id=0] TX[0m: 0.9585 Mpps, 9845.82 Mbit/s (9999.18 Mbit/s with framing)
[1;36m[Device: id=1] RX[0m: 0.9585 Mpps, 9845.82 Mbit/s (9999.18 Mbit/s with framing)
[0;34m[Device: id=0] TX[0m: 0.9585 Mpps, 9845.83 Mbit/s (9999.19 Mbit/s with framing)
[1;36m[Device: id=1] RX[0m: 0.9585 Mpps, 9845.81 Mbit/s (9999.17 Mbit/s with framing)
[0;34m[Device: id=0] TX[0m: 0.9585 Mpps, 9845.82 Mbit/s (9999.18 Mbit/s with framing)
[1;36m[Device: id=1] RX[0m: 0.9585 Mpps, 9845.82 Mbit/s (9999.18 Mbit/s with framing)
[0;34m[Device: id=0] TX[0m: 0.9585 Mpps, 9846.22 Mbit/s (9999.59 Mbit/s with framing)
[1;36m[Device: id=1] RX[0m: 0.9585 Mpps, 9845.81 Mbit/s (9999.18 Mbit/s with framing)
[0;34m[Device: id=0] TX[0m: 0.9585 Mpps, 9845.44 Mbit/s (9998.79 Mbit/s with framing)
[1;36m[Device: id=1] RX[0m: 0.9585 Mpps, 9845.81 Mbit/s (9999.17 Mbit/s with framing)
[0;34m[Device: id=0] TX[0m: 0.9585 Mpps, 9845.83 Mbit/s (9999.19 Mbit/s with framing)
[1;36m[Device: id=1] RX[0m: 0.9585 Mpps, 9845.81 Mbit/s (9999.17 Mbit/s with framing)
[0;34m[Device: id=0] TX[0m: 0.9585 Mpps, 9845.82 Mbit/s (9999.19 Mbit/s with framing)
[1;36m[Device: id=1] RX[0m: 0.9585 Mpps, 9845.81 Mbit/s (9999.17 Mbit/s with framing)
[0;34m[Device: id=0] TX[0m: 0.9585 Mpps, 9845.90 Mbit/s (9999.26 Mbit/s with framing)
[1;36m[Device: id=1] RX[0m: 0.9585 Mpps, 9845.81 Mbit/s (9999.18 Mbit/s with framing)
[0;34m[Device: id=0] TX[0m: 0.9585 Mpps, 9845.76 Mbit/s (9999.13 Mbit/s with framing)
[1;36m[Device: id=1] RX[0m: 0.9585 Mpps, 9845.82 Mbit/s (9999.18 Mbit/s with framing)
[0;34m[Device: id=0] TX[0m: 0.9585 Mpps, 9845.82 Mbit/s (9999.18 Mbit/s with framing)
[1;36m[Device: id=1] RX[0m: 0.9585 Mpps, 9845.81 Mbit/s (9999.17 Mbit/s with framing)
[0;34m[Device: id=0] TX[0m: 0.9585 Mpps, 9845.83 Mbit/s (9999.19 Mbit/s with framing)
[1;36m[Device: id=1] RX[0m: 0.9585 Mpps, 9845.81 Mbit/s (9999.18 Mbit/s with framing)
[0;34m[Device: id=0] TX[0m: 0.9585 Mpps, 9845.82 Mbit/s (9999.18 Mbit/s with framing)
[1;36m[Device: id=1] RX[0m: 0.9585 Mpps, 9845.81 Mbit/s (9999.17 Mbit/s with framing)
48
[0;34m[Device: id=0] TX[0m: 0.8099 Mpps, 8318.91 Mbit/s (8448.49 Mbit/s with framing)
[1;36m[Device: id=1] RX[0m: 0.1106 Mpps, 1136.58 Mbit/s (1154.29 Mbit/s with framing)
[0;34m[Device: id=0] TX[0m: 0.0000 Mpps, 0.00 Mbit/s (0.00 Mbit/s with framing)
48000000
[1;36m[Device: id=1] RX[0m: 0.9412 (StdDev 0.1199) Mpps, 9667.79 (StdDev 1231) Mbit/s (9818.37 Mbit/s with framing), total 47977016 packets with 61602475330 bytes (incl. CRC)
[0;34m[Device: id=0] TX[0m: 0.9364 (StdDev 0.1367) Mpps, 9618.35 (StdDev 1405) Mbit/s (9768.17 Mbit/s with framing), total 48000000 packets with 61632000000 bytes (incl. CRC)
