[1;37m[INFO]  Initializing DPDK. This will take a few seconds...[0m
EAL: Probing VFIO support...
EAL: WARNING: cpu flags constant_tsc=yes nonstop_tsc=no -> using unreliable clock cycles !
EAL: PCI device 0000:00:03.0 on NUMA socket -1
EAL:   Invalid NUMA socket, default to 0
EAL:   probe driver: 1af4:1000 net_virtio
EAL: PCI device 0000:00:04.0 on NUMA socket -1
EAL:   Invalid NUMA socket, default to 0
EAL:   probe driver: 1af4:1000 net_virtio
EAL: PCI device 0000:00:05.0 on NUMA socket -1
EAL:   Invalid NUMA socket, default to 0
EAL:   probe driver: 1af4:1000 net_virtio
[1;37m[INFO]  Found 2 usable devices:[0m
   Device 0: 52:54:00:C9:E4:6A ([0;32mRed Hat, Inc Virtio network device[0m)
   Device 1: 52:54:00:47:12:15 ([0;32mRed Hat, Inc Virtio network device[0m)
[1;37m[INFO]  Waiting for devices to come up...[0m
[1;37m[INFO]  Device 1 (52:54:00:47:12:15) is up: 10000 MBit/s[0m
[1;37m[INFO]  Device 0 (52:54:00:C9:E4:6A) is up: 10000 MBit/s[0m
[1;37m[INFO]  [0;32m2 devices are up.[0m[0m
[1;37m[INFO]  Trying to enable rx timestamping of all packets, this isn't supported by most nics[0m
[0;34m[Device: id=1] TX[0m: 0.0495 Mpps, 598.65 Mbit/s (606.57 Mbit/s with framing)
[1;36m[Device: id=0] RX[0m: 0.0425 Mpps, 511.31 Mbit/s (518.11 Mbit/s with framing)
[0;34m[Device: id=1] TX[0m: 0.0500 Mpps, 604.81 Mbit/s (612.81 Mbit/s with framing)
[1;36m[Device: id=0] RX[0m: 0.0404 Mpps, 486.17 Mbit/s (492.63 Mbit/s with framing)
[0;34m[Device: id=1] TX[0m: 0.0500 Mpps, 604.85 Mbit/s (612.85 Mbit/s with framing)
[1;36m[Device: id=0] RX[0m: 0.0390 Mpps, 469.61 Mbit/s (475.86 Mbit/s with framing)
[0;34m[Device: id=1] TX[0m: 0.0500 Mpps, 604.81 Mbit/s (612.81 Mbit/s with framing)
[1;36m[Device: id=0] RX[0m: 0.0409 Mpps, 491.76 Mbit/s (498.30 Mbit/s with framing)
[0;34m[Device: id=1] TX[0m: 0.0500 Mpps, 604.81 Mbit/s (612.81 Mbit/s with framing)
[1;36m[Device: id=0] RX[0m: 0.0406 Mpps, 488.51 Mbit/s (495.01 Mbit/s with framing)
[0;34m[Device: id=1] TX[0m: 0.0500 Mpps, 604.81 Mbit/s (612.81 Mbit/s with framing)
[1;36m[Device: id=0] RX[0m: 0.0421 Mpps, 506.18 Mbit/s (512.92 Mbit/s with framing)
[0;34m[Device: id=1] TX[0m: 0.0500 Mpps, 604.78 Mbit/s (612.78 Mbit/s with framing)
[1;36m[Device: id=0] RX[0m: 0.0406 Mpps, 488.86 Mbit/s (495.36 Mbit/s with framing)
[0;34m[Device: id=1] TX[0m: 0.0500 Mpps, 604.81 Mbit/s (612.81 Mbit/s with framing)
[1;36m[Device: id=0] RX[0m: 0.0399 Mpps, 480.60 Mbit/s (486.99 Mbit/s with framing)
[0;34m[Device: id=1] TX[0m: 0.0500 Mpps, 604.79 Mbit/s (612.79 Mbit/s with framing)
[1;36m[Device: id=0] RX[0m: 0.0400 Mpps, 481.82 Mbit/s (488.22 Mbit/s with framing)
[0;34m[Device: id=1] TX[0m: 0.0500 Mpps, 604.78 Mbit/s (612.78 Mbit/s with framing)
[1;36m[Device: id=0] RX[0m: 0.0433 Mpps, 520.73 Mbit/s (527.66 Mbit/s with framing)
[0;34m[Device: id=1] TX[0m: 0.0500 Mpps, 604.81 Mbit/s (612.81 Mbit/s with framing)
[1;36m[Device: id=0] RX[0m: 0.0396 Mpps, 476.93 Mbit/s (483.27 Mbit/s with framing)
[0;34m[Device: id=1] TX[0m: 0.0500 Mpps, 604.77 Mbit/s (612.76 Mbit/s with framing)
[1;36m[Device: id=0] RX[0m: 0.0428 Mpps, 514.39 Mbit/s (521.23 Mbit/s with framing)
[0;34m[Device: id=1] TX[0m: 0.0500 Mpps, 604.81 Mbit/s (612.81 Mbit/s with framing)
[1;36m[Device: id=0] RX[0m: 0.0411 Mpps, 494.85 Mbit/s (501.43 Mbit/s with framing)
[0;34m[Device: id=1] TX[0m: 0.0500 Mpps, 604.86 Mbit/s (612.87 Mbit/s with framing)
[1;36m[Device: id=0] RX[0m: 0.0400 Mpps, 481.59 Mbit/s (487.99 Mbit/s with framing)
[0;34m[Device: id=1] TX[0m: 0.0500 Mpps, 604.79 Mbit/s (612.79 Mbit/s with framing)
[1;36m[Device: id=0] RX[0m: 0.0403 Mpps, 484.63 Mbit/s (491.08 Mbit/s with framing)
[0;34m[Device: id=1] TX[0m: 0.0500 Mpps, 604.75 Mbit/s (612.75 Mbit/s with framing)
[1;36m[Device: id=0] RX[0m: 0.0402 Mpps, 483.98 Mbit/s (490.42 Mbit/s with framing)
[0;34m[Device: id=1] TX[0m: 0.0500 Mpps, 604.86 Mbit/s (612.86 Mbit/s with framing)
[1;36m[Device: id=0] RX[0m: 0.0408 Mpps, 490.58 Mbit/s (497.10 Mbit/s with framing)
[0;34m[Device: id=1] TX[0m: 0.0500 Mpps, 604.79 Mbit/s (612.79 Mbit/s with framing)
[1;36m[Device: id=0] RX[0m: 0.0392 Mpps, 471.27 Mbit/s (477.54 Mbit/s with framing)
[0;34m[Device: id=1] TX[0m: 0.0500 Mpps, 604.81 Mbit/s (612.81 Mbit/s with framing)
[1;36m[Device: id=0] RX[0m: 0.0399 Mpps, 480.53 Mbit/s (486.92 Mbit/s with framing)
[0;34m[Device: id=1] TX[0m: 0.0500 Mpps, 604.79 Mbit/s (612.79 Mbit/s with framing)
[1;36m[Device: id=0] RX[0m: 0.0391 Mpps, 470.75 Mbit/s (477.01 Mbit/s with framing)
[0;34m[Device: id=1] TX[0m: 0.0500 Mpps, 604.80 Mbit/s (612.80 Mbit/s with framing)
[1;36m[Device: id=0] RX[0m: 0.0394 Mpps, 473.82 Mbit/s (480.12 Mbit/s with framing)
[0;34m[Device: id=1] TX[0m: 0.0500 Mpps, 604.80 Mbit/s (612.80 Mbit/s with framing)
[1;36m[Device: id=0] RX[0m: 0.0401 Mpps, 482.77 Mbit/s (489.19 Mbit/s with framing)
[0;34m[Device: id=1] TX[0m: 0.0500 Mpps, 604.79 Mbit/s (612.79 Mbit/s with framing)
[1;36m[Device: id=0] RX[0m: 0.0433 Mpps, 520.56 Mbit/s (527.48 Mbit/s with framing)
[0;34m[Device: id=1] TX[0m: 0.0500 Mpps, 604.76 Mbit/s (612.76 Mbit/s with framing)
[1;36m[Device: id=0] RX[0m: 0.0427 Mpps, 513.20 Mbit/s (520.02 Mbit/s with framing)
[0;34m[Device: id=1] TX[0m: 0.0500 Mpps, 604.84 Mbit/s (612.84 Mbit/s with framing)
[1;36m[Device: id=0] RX[0m: 0.0391 Mpps, 470.07 Mbit/s (476.32 Mbit/s with framing)
[0;34m[Device: id=1] TX[0m: 0.0500 Mpps, 604.78 Mbit/s (612.78 Mbit/s with framing)
[1;36m[Device: id=0] RX[0m: 0.0391 Mpps, 469.93 Mbit/s (476.18 Mbit/s with framing)
[0;34m[Device: id=1] TX[0m: 0.0500 Mpps, 604.86 Mbit/s (612.86 Mbit/s with framing)
[1;36m[Device: id=0] RX[0m: 0.0410 Mpps, 493.01 Mbit/s (499.56 Mbit/s with framing)
[0;34m[Device: id=1] TX[0m: 0.0500 Mpps, 604.81 Mbit/s (612.81 Mbit/s with framing)
[1;36m[Device: id=0] RX[0m: 0.0412 Mpps, 495.78 Mbit/s (502.38 Mbit/s with framing)
[0;34m[Device: id=1] TX[0m: 0.0500 Mpps, 604.80 Mbit/s (612.80 Mbit/s with framing)
[1;36m[Device: id=0] RX[0m: 0.0391 Mpps, 470.71 Mbit/s (476.97 Mbit/s with framing)
33
[0;34m[Device: id=1] TX[0m: 0.0496 Mpps, 599.40 Mbit/s (607.33 Mbit/s with framing)
[1;36m[Device: id=0] RX[0m: 0.0391 Mpps, 470.24 Mbit/s (476.49 Mbit/s with framing)
[0;34m[Device: id=1] TX[0m: 0.0000 Mpps, 0.00 Mbit/s (0.00 Mbit/s with framing)
[1;36m[Device: id=0] RX[0m: 0.0006 Mpps, 6.64 Mbit/s (6.73 Mbit/s with framing)
1500000
[1;36m[Device: id=0] RX[0m: 0.0391 (StdDev 0.0074) Mpps, 471.02 (StdDev 89) Mbit/s (477.28 Mbit/s with framing), total 1216920 packets with 1830247680 bytes (incl. CRC)
[0;34m[Device: id=1] TX[0m: 0.0483 (StdDev 0.0091) Mpps, 584.46 (StdDev 110) Mbit/s (592.20 Mbit/s with framing), total 1500000 packets with 2268000000 bytes (incl. CRC)
