[1;37m[INFO]  Initializing DPDK. This will take a few seconds...[0m
EAL: Probing VFIO support...
EAL: WARNING: cpu flags constant_tsc=yes nonstop_tsc=no -> using unreliable clock cycles !
EAL: PCI device 0000:00:03.0 on NUMA socket -1
EAL:   Invalid NUMA socket, default to 0
EAL:   probe driver: 1af4:1000 net_virtio
EAL: PCI device 0000:00:04.0 on NUMA socket -1
EAL:   Invalid NUMA socket, default to 0
EAL:   probe driver: 1af4:1000 net_virtio
EAL: PCI device 0000:00:05.0 on NUMA socket -1
EAL:   Invalid NUMA socket, default to 0
EAL:   probe driver: 1af4:1000 net_virtio
[1;37m[INFO]  Found 2 usable devices:[0m
   Device 0: 52:54:00:C9:E4:6A ([0;32mRed Hat, Inc Virtio network device[0m)
   Device 1: 52:54:00:47:12:15 ([0;32mRed Hat, Inc Virtio network device[0m)
[1;37m[INFO]  Waiting for devices to come up...[0m
[1;37m[INFO]  Device 1 (52:54:00:47:12:15) is up: 10000 MBit/s[0m
[1;37m[INFO]  Device 0 (52:54:00:C9:E4:6A) is up: 10000 MBit/s[0m
[1;37m[INFO]  [0;32m2 devices are up.[0m[0m
[1;37m[INFO]  Trying to enable rx timestamping of all packets, this isn't supported by most nics[0m
[0;34m[Device: id=1] TX[0m: 0.0100 Mpps, 42.13 Mbit/s (43.74 Mbit/s with framing)
[1;36m[Device: id=0] RX[0m: 0.0102 Mpps, 42.31 Mbit/s (43.95 Mbit/s with framing)
[0;34m[Device: id=1] TX[0m: 0.0100 Mpps, 41.92 Mbit/s (43.52 Mbit/s with framing)
[1;36m[Device: id=0] RX[0m: 0.0100 Mpps, 41.28 Mbit/s (42.88 Mbit/s with framing)
[0;34m[Device: id=1] TX[0m: 0.0100 Mpps, 41.92 Mbit/s (43.52 Mbit/s with framing)
[1;36m[Device: id=0] RX[0m: 0.0100 Mpps, 41.28 Mbit/s (42.88 Mbit/s with framing)
[0;34m[Device: id=1] TX[0m: 0.0100 Mpps, 41.92 Mbit/s (43.52 Mbit/s with framing)
[1;36m[Device: id=0] RX[0m: 0.0100 Mpps, 41.28 Mbit/s (42.88 Mbit/s with framing)
[0;34m[Device: id=1] TX[0m: 0.0100 Mpps, 41.93 Mbit/s (43.53 Mbit/s with framing)
[1;36m[Device: id=0] RX[0m: 0.0100 Mpps, 41.28 Mbit/s (42.88 Mbit/s with framing)
[1;36m[Device: id=0] RX[0m: 0.0100 Mpps, 41.28 Mbit/s (42.88 Mbit/s with framing)
[0;34m[Device: id=1] TX[0m: 0.0100 Mpps, 41.93 Mbit/s (43.53 Mbit/s with framing)
[1;36m[Device: id=0] RX[0m: 0.0100 Mpps, 41.28 Mbit/s (42.88 Mbit/s with framing)
[0;34m[Device: id=1] TX[0m: 0.0100 Mpps, 41.91 Mbit/s (43.51 Mbit/s with framing)
[1;36m[Device: id=0] RX[0m: 0.0100 Mpps, 41.28 Mbit/s (42.88 Mbit/s with framing)
[0;34m[Device: id=1] TX[0m: 0.0100 Mpps, 41.92 Mbit/s (43.52 Mbit/s with framing)
[1;36m[Device: id=0] RX[0m: 0.0100 Mpps, 41.28 Mbit/s (42.88 Mbit/s with framing)
[0;34m[Device: id=1] TX[0m: 0.0100 Mpps, 41.92 Mbit/s (43.52 Mbit/s with framing)
[1;36m[Device: id=0] RX[0m: 0.0100 Mpps, 41.28 Mbit/s (42.88 Mbit/s with framing)
[0;34m[Device: id=1] TX[0m: 0.0100 Mpps, 41.92 Mbit/s (43.52 Mbit/s with framing)
[1;36m[Device: id=0] RX[0m: 0.0100 Mpps, 41.28 Mbit/s (42.88 Mbit/s with framing)
[0;34m[Device: id=1] TX[0m: 0.0100 Mpps, 41.93 Mbit/s (43.53 Mbit/s with framing)
[1;36m[Device: id=0] RX[0m: 0.0100 Mpps, 41.28 Mbit/s (42.88 Mbit/s with framing)
[0;34m[Device: id=1] TX[0m: 0.0100 Mpps, 41.91 Mbit/s (43.51 Mbit/s with framing)
[1;36m[Device: id=0] RX[0m: 0.0100 Mpps, 41.28 Mbit/s (42.88 Mbit/s with framing)
[0;34m[Device: id=1] TX[0m: 0.0100 Mpps, 41.92 Mbit/s (43.52 Mbit/s with framing)
[1;36m[Device: id=0] RX[0m: 0.0100 Mpps, 41.28 Mbit/s (42.88 Mbit/s with framing)
[0;34m[Device: id=1] TX[0m: 0.0100 Mpps, 41.92 Mbit/s (43.52 Mbit/s with framing)
[1;36m[Device: id=0] RX[0m: 0.0100 Mpps, 41.28 Mbit/s (42.88 Mbit/s with framing)
[0;34m[Device: id=1] TX[0m: 0.0100 Mpps, 41.92 Mbit/s (43.52 Mbit/s with framing)
[1;36m[Device: id=0] RX[0m: 0.0100 Mpps, 41.28 Mbit/s (42.88 Mbit/s with framing)
[0;34m[Device: id=1] TX[0m: 0.0100 Mpps, 41.92 Mbit/s (43.52 Mbit/s with framing)
[1;36m[Device: id=0] RX[0m: 0.0100 Mpps, 41.28 Mbit/s (42.88 Mbit/s with framing)
[0;34m[Device: id=1] TX[0m: 0.0100 Mpps, 41.92 Mbit/s (43.52 Mbit/s with framing)
[1;36m[Device: id=0] RX[0m: 0.0100 Mpps, 41.28 Mbit/s (42.88 Mbit/s with framing)
[0;34m[Device: id=1] TX[0m: 0.0100 Mpps, 41.92 Mbit/s (43.52 Mbit/s with framing)
[1;36m[Device: id=0] RX[0m: 0.0100 Mpps, 41.28 Mbit/s (42.88 Mbit/s with framing)
[0;34m[Device: id=1] TX[0m: 0.0100 Mpps, 41.92 Mbit/s (43.52 Mbit/s with framing)
[1;36m[Device: id=0] RX[0m: 0.0100 Mpps, 41.28 Mbit/s (42.88 Mbit/s with framing)
[0;34m[Device: id=1] TX[0m: 0.0100 Mpps, 41.92 Mbit/s (43.52 Mbit/s with framing)
[1;36m[Device: id=0] RX[0m: 0.0100 Mpps, 41.28 Mbit/s (42.88 Mbit/s with framing)
[0;34m[Device: id=1] TX[0m: 0.0100 Mpps, 41.92 Mbit/s (43.52 Mbit/s with framing)
[1;36m[Device: id=0] RX[0m: 0.0100 Mpps, 41.28 Mbit/s (42.88 Mbit/s with framing)
[0;34m[Device: id=1] TX[0m: 0.0100 Mpps, 41.92 Mbit/s (43.52 Mbit/s with framing)
[1;36m[Device: id=0] RX[0m: 0.0100 Mpps, 41.28 Mbit/s (42.88 Mbit/s with framing)
[0;34m[Device: id=1] TX[0m: 0.0100 Mpps, 41.92 Mbit/s (43.52 Mbit/s with framing)
[1;36m[Device: id=0] RX[0m: 0.0100 Mpps, 41.28 Mbit/s (42.88 Mbit/s with framing)
[0;34m[Device: id=1] TX[0m: 0.0100 Mpps, 41.92 Mbit/s (43.52 Mbit/s with framing)
[1;36m[Device: id=0] RX[0m: 0.0100 Mpps, 41.28 Mbit/s (42.88 Mbit/s with framing)
[0;34m[Device: id=1] TX[0m: 0.0100 Mpps, 41.92 Mbit/s (43.52 Mbit/s with framing)
[1;36m[Device: id=0] RX[0m: 0.0100 Mpps, 41.28 Mbit/s (42.88 Mbit/s with framing)
[0;34m[Device: id=1] TX[0m: 0.0100 Mpps, 41.92 Mbit/s (43.52 Mbit/s with framing)
[1;36m[Device: id=0] RX[0m: 0.0100 Mpps, 41.28 Mbit/s (42.88 Mbit/s with framing)
[0;34m[Device: id=1] TX[0m: 0.0100 Mpps, 41.92 Mbit/s (43.52 Mbit/s with framing)
[1;36m[Device: id=0] RX[0m: 0.0100 Mpps, 41.28 Mbit/s (42.88 Mbit/s with framing)
[0;34m[Device: id=1] TX[0m: 0.0100 Mpps, 41.92 Mbit/s (43.52 Mbit/s with framing)
[1;36m[Device: id=0] RX[0m: 0.0100 Mpps, 41.28 Mbit/s (42.88 Mbit/s with framing)
[0;34m[Device: id=1] TX[0m: 0.0100 Mpps, 41.92 Mbit/s (43.52 Mbit/s with framing)
57
[1;36m[Device: id=0] RX[0m: 0.0097 Mpps, 40.15 Mbit/s (41.71 Mbit/s with framing)
[0;34m[Device: id=1] TX[0m: 0.0088 Mpps, 36.91 Mbit/s (38.32 Mbit/s with framing)
[1;36m[Device: id=0] RX[0m: 0.0000 Mpps, 0.00 Mbit/s (0.00 Mbit/s with framing)
[0;34m[Device: id=1] TX[0m: 0.0000 Mpps, 0.00 Mbit/s (0.00 Mbit/s with framing)
300000
[1;36m[Device: id=0] RX[0m: 0.0097 (StdDev 0.0018) Mpps, 39.87 (StdDev 8) Mbit/s (41.41 Mbit/s with framing), total 300000 packets with 154800000 bytes (incl. CRC)
[0;34m[Device: id=1] TX[0m: 0.0096 (StdDev 0.0018) Mpps, 40.36 (StdDev 8) Mbit/s (41.90 Mbit/s with framing), total 300000 packets with 157200000 bytes (incl. CRC)
