[1;37m[INFO]  Initializing DPDK. This will take a few seconds...[0m
EAL: Probing VFIO support...
EAL: WARNING: cpu flags constant_tsc=yes nonstop_tsc=no -> using unreliable clock cycles !
EAL: PCI device 0000:00:03.0 on NUMA socket -1
EAL:   Invalid NUMA socket, default to 0
EAL:   probe driver: 1af4:1000 net_virtio
EAL: PCI device 0000:00:04.0 on NUMA socket -1
EAL:   Invalid NUMA socket, default to 0
EAL:   probe driver: 1af4:1000 net_virtio
EAL: PCI device 0000:00:05.0 on NUMA socket -1
EAL:   Invalid NUMA socket, default to 0
EAL:   probe driver: 1af4:1000 net_virtio
[1;37m[INFO]  Found 2 usable devices:[0m
   Device 0: 52:54:00:C9:E4:6A ([0;32mRed Hat, Inc Virtio network device[0m)
   Device 1: 52:54:00:47:12:15 ([0;32mRed Hat, Inc Virtio network device[0m)
[1;37m[INFO]  Waiting for devices to come up...[0m
[1;37m[INFO]  Device 1 (52:54:00:47:12:15) is up: 10000 MBit/s[0m
[1;37m[INFO]  Device 0 (52:54:00:C9:E4:6A) is up: 10000 MBit/s[0m
[1;37m[INFO]  [0;32m2 devices are up.[0m[0m
[1;37m[INFO]  Trying to enable rx timestamping of all packets, this isn't supported by most nics[0m
[0;34m[Device: id=1] TX[0m: 0.2925 Mpps, 3538.61 Mbit/s (3585.41 Mbit/s with framing)
[1;36m[Device: id=0] RX[0m: 0.2282 Mpps, 2745.98 Mbit/s (2782.50 Mbit/s with framing)
[0;34m[Device: id=1] TX[0m: 0.1809 Mpps, 2188.77 Mbit/s (2217.72 Mbit/s with framing)
[1;36m[Device: id=0] RX[0m: 0.1082 Mpps, 1302.17 Mbit/s (1319.49 Mbit/s with framing)
[0;34m[Device: id=1] TX[0m: 0.3349 Mpps, 4050.40 Mbit/s (4103.97 Mbit/s with framing)
[1;36m[Device: id=0] RX[0m: 0.0380 Mpps, 457.52 Mbit/s (463.61 Mbit/s with framing)
[1;36m[Device: id=0] RX[0m: 0.0380 Mpps, 457.77 Mbit/s (463.86 Mbit/s with framing)
[0;34m[Device: id=1] TX[0m: 0.3641 Mpps, 4404.41 Mbit/s (4462.67 Mbit/s with framing)
[1;36m[Device: id=0] RX[0m: 0.0379 Mpps, 455.92 Mbit/s (461.98 Mbit/s with framing)
[0;34m[Device: id=1] TX[0m: 0.1115 Mpps, 1349.01 Mbit/s (1366.85 Mbit/s with framing)
[1;36m[Device: id=0] RX[0m: 0.0804 Mpps, 966.79 Mbit/s (979.64 Mbit/s with framing)
[0;34m[Device: id=1] TX[0m: 0.5134 Mpps, 6210.05 Mbit/s (6292.20 Mbit/s with framing)
[1;36m[Device: id=0] RX[0m: 0.0524 Mpps, 630.20 Mbit/s (638.58 Mbit/s with framing)
[0;34m[Device: id=1] TX[0m: 0.1666 Mpps, 2014.83 Mbit/s (2041.48 Mbit/s with framing)
[1;36m[Device: id=0] RX[0m: 0.0380 Mpps, 457.81 Mbit/s (463.90 Mbit/s with framing)
[0;34m[Device: id=1] TX[0m: 0.2419 Mpps, 2926.09 Mbit/s (2964.80 Mbit/s with framing)
[1;36m[Device: id=0] RX[0m: 0.0673 Mpps, 809.26 Mbit/s (820.02 Mbit/s with framing)
[0;34m[Device: id=1] TX[0m: 0.4805 Mpps, 5812.40 Mbit/s (5889.29 Mbit/s with framing)
[1;36m[Device: id=0] RX[0m: 0.0713 Mpps, 857.99 Mbit/s (869.40 Mbit/s with framing)
[0;34m[Device: id=1] TX[0m: 0.1942 Mpps, 2348.83 Mbit/s (2379.90 Mbit/s with framing)
[1;36m[Device: id=0] RX[0m: 0.1420 Mpps, 1708.43 Mbit/s (1731.15 Mbit/s with framing)
[0;34m[Device: id=1] TX[0m: 0.3405 Mpps, 4118.26 Mbit/s (4172.74 Mbit/s with framing)
[1;36m[Device: id=0] RX[0m: 0.1031 Mpps, 1240.95 Mbit/s (1257.46 Mbit/s with framing)
[0;34m[Device: id=1] TX[0m: 0.2654 Mpps, 3210.38 Mbit/s (3252.85 Mbit/s with framing)
[1;36m[Device: id=0] RX[0m: 0.0859 Mpps, 1033.94 Mbit/s (1047.69 Mbit/s with framing)
[0;34m[Device: id=1] TX[0m: 0.2931 Mpps, 3545.73 Mbit/s (3592.63 Mbit/s with framing)
[1;36m[Device: id=0] RX[0m: 0.0380 Mpps, 457.44 Mbit/s (463.52 Mbit/s with framing)
[0;34m[Device: id=1] TX[0m: 0.3439 Mpps, 4160.10 Mbit/s (4215.13 Mbit/s with framing)
[1;36m[Device: id=0] RX[0m: 0.1350 Mpps, 1624.05 Mbit/s (1645.65 Mbit/s with framing)
[0;34m[Device: id=1] TX[0m: 0.3740 Mpps, 4524.49 Mbit/s (4584.34 Mbit/s with framing)
[1;36m[Device: id=0] RX[0m: 0.0528 Mpps, 634.83 Mbit/s (643.27 Mbit/s with framing)
[0;34m[Device: id=1] TX[0m: 0.2484 Mpps, 3004.45 Mbit/s (3044.19 Mbit/s with framing)
[1;36m[Device: id=0] RX[0m: 0.0701 Mpps, 843.75 Mbit/s (854.97 Mbit/s with framing)
[0;34m[Device: id=1] TX[0m: 0.3484 Mpps, 4214.26 Mbit/s (4270.01 Mbit/s with framing)
[1;36m[Device: id=0] RX[0m: 0.1234 Mpps, 1484.47 Mbit/s (1504.21 Mbit/s with framing)
[0;34m[Device: id=1] TX[0m: 0.3052 Mpps, 3691.95 Mbit/s (3740.79 Mbit/s with framing)
[1;36m[Device: id=0] RX[0m: 0.0382 Mpps, 459.89 Mbit/s (466.00 Mbit/s with framing)
[0;34m[Device: id=1] TX[0m: 0.2706 Mpps, 3272.96 Mbit/s (3316.25 Mbit/s with framing)
[1;36m[Device: id=0] RX[0m: 0.0736 Mpps, 885.17 Mbit/s (896.94 Mbit/s with framing)
[0;34m[Device: id=1] TX[0m: 0.2975 Mpps, 3598.02 Mbit/s (3645.62 Mbit/s with framing)
[1;36m[Device: id=0] RX[0m: 0.0381 Mpps, 458.22 Mbit/s (464.31 Mbit/s with framing)
[0;34m[Device: id=1] TX[0m: 0.0960 Mpps, 1160.63 Mbit/s (1175.98 Mbit/s with framing)
[1;36m[Device: id=0] RX[0m: 0.0610 Mpps, 734.47 Mbit/s (744.23 Mbit/s with framing)
[0;34m[Device: id=1] TX[0m: 0.3379 Mpps, 4086.86 Mbit/s (4140.92 Mbit/s with framing)
[1;36m[Device: id=0] RX[0m: 0.0560 Mpps, 674.09 Mbit/s (683.06 Mbit/s with framing)
[0;34m[Device: id=1] TX[0m: 0.4846 Mpps, 5862.17 Mbit/s (5939.71 Mbit/s with framing)
[1;36m[Device: id=0] RX[0m: 0.1445 Mpps, 1739.15 Mbit/s (1762.28 Mbit/s with framing)
[0;34m[Device: id=1] TX[0m: 0.2695 Mpps, 3260.41 Mbit/s (3303.54 Mbit/s with framing)
[1;36m[Device: id=0] RX[0m: 0.0550 Mpps, 662.34 Mbit/s (671.15 Mbit/s with framing)
[0;34m[Device: id=1] TX[0m: 0.2600 Mpps, 3144.66 Mbit/s (3186.25 Mbit/s with framing)
[1;36m[Device: id=0] RX[0m: 0.1699 Mpps, 2044.07 Mbit/s (2071.26 Mbit/s with framing)
[0;34m[Device: id=1] TX[0m: 0.3721 Mpps, 4500.38 Mbit/s (4559.91 Mbit/s with framing)
[1;36m[Device: id=0] RX[0m: 0.0596 Mpps, 716.91 Mbit/s (726.44 Mbit/s with framing)
[0;34m[Device: id=1] TX[0m: 0.2272 Mpps, 2747.62 Mbit/s (2783.97 Mbit/s with framing)
[1;36m[Device: id=0] RX[0m: 0.0826 Mpps, 993.96 Mbit/s (1007.18 Mbit/s with framing)
[0;34m[Device: id=1] TX[0m: 0.3366 Mpps, 4072.06 Mbit/s (4125.92 Mbit/s with framing)
[1;36m[Device: id=0] RX[0m: 0.1174 Mpps, 1413.05 Mbit/s (1431.84 Mbit/s with framing)
[0;34m[Device: id=1] TX[0m: 0.2580 Mpps, 3121.33 Mbit/s (3162.61 Mbit/s with framing)
[1;36m[Device: id=0] RX[0m: 0.1228 Mpps, 1477.74 Mbit/s (1497.39 Mbit/s with framing)
9
[0;34m[Device: id=1] TX[0m: 0.3396 Mpps, 4107.45 Mbit/s (4161.78 Mbit/s with framing)
[1;36m[Device: id=0] RX[0m: 0.0118 Mpps, 141.49 Mbit/s (143.37 Mbit/s with framing)
[0;34m[Device: id=1] TX[0m: 0.0000 Mpps, 0.00 Mbit/s (0.00 Mbit/s with framing)
9000000
[1;36m[Device: id=0] RX[0m: 0.0771 (StdDev 0.0399) Mpps, 927.46 (StdDev 480) Mbit/s (939.79 Mbit/s with framing), total 2540743 packets with 3821277472 bytes (incl. CRC)
[0;34m[Device: id=1] TX[0m: 0.2885 (StdDev 0.1118) Mpps, 3490.30 (StdDev 1353) Mbit/s (3536.47 Mbit/s with framing), total 9000000 packets with 13608000000 bytes (incl. CRC)
