[1;37m[INFO]  Initializing DPDK. This will take a few seconds...[0m
EAL: Probing VFIO support...
EAL: WARNING: cpu flags constant_tsc=yes nonstop_tsc=no -> using unreliable clock cycles !
EAL: PCI device 0000:00:03.0 on NUMA socket -1
EAL:   Invalid NUMA socket, default to 0
EAL:   probe driver: 1af4:1000 net_virtio
EAL: PCI device 0000:00:04.0 on NUMA socket -1
EAL:   Invalid NUMA socket, default to 0
EAL:   probe driver: 1af4:1000 net_virtio
EAL: PCI device 0000:00:05.0 on NUMA socket -1
EAL:   Invalid NUMA socket, default to 0
EAL:   probe driver: 1af4:1000 net_virtio
[1;37m[INFO]  Found 2 usable devices:[0m
   Device 0: 52:54:00:C9:E4:6A ([0;32mRed Hat, Inc Virtio network device[0m)
   Device 1: 52:54:00:47:12:15 ([0;32mRed Hat, Inc Virtio network device[0m)
[1;37m[INFO]  Waiting for devices to come up...[0m
[1;37m[INFO]  Device 1 (52:54:00:47:12:15) is up: 10000 MBit/s[0m
[1;37m[INFO]  Device 0 (52:54:00:C9:E4:6A) is up: 10000 MBit/s[0m
[1;37m[INFO]  [0;32m2 devices are up.[0m[0m
[1;37m[INFO]  Trying to enable rx timestamping of all packets, this isn't supported by most nics[0m
[0;34m[Device: id=1] TX[0m: 0.1099 Mpps, 1329.31 Mbit/s (1346.90 Mbit/s with framing)
[1;36m[Device: id=0] RX[0m: 0.0435 Mpps, 522.96 Mbit/s (529.91 Mbit/s with framing)
[0;34m[Device: id=1] TX[0m: 0.1102 Mpps, 1333.49 Mbit/s (1351.13 Mbit/s with framing)
[1;36m[Device: id=0] RX[0m: 0.0412 Mpps, 495.13 Mbit/s (501.71 Mbit/s with framing)
[0;34m[Device: id=1] TX[0m: 0.1098 Mpps, 1327.94 Mbit/s (1345.51 Mbit/s with framing)
[1;36m[Device: id=0] RX[0m: 0.0433 Mpps, 520.45 Mbit/s (527.37 Mbit/s with framing)
[0;34m[Device: id=1] TX[0m: 0.1099 Mpps, 1329.76 Mbit/s (1347.35 Mbit/s with framing)
[1;36m[Device: id=0] RX[0m: 0.0425 Mpps, 511.16 Mbit/s (517.96 Mbit/s with framing)
[0;34m[Device: id=1] TX[0m: 0.1102 Mpps, 1333.10 Mbit/s (1350.73 Mbit/s with framing)
[1;36m[Device: id=0] RX[0m: 0.0407 Mpps, 490.09 Mbit/s (496.61 Mbit/s with framing)
[1;36m[Device: id=0] RX[0m: 0.0394 Mpps, 474.28 Mbit/s (480.59 Mbit/s with framing)
[0;34m[Device: id=1] TX[0m: 0.1096 Mpps, 1325.53 Mbit/s (1343.06 Mbit/s with framing)
[1;36m[Device: id=0] RX[0m: 0.0404 Mpps, 485.99 Mbit/s (492.45 Mbit/s with framing)
[0;34m[Device: id=1] TX[0m: 0.1104 Mpps, 1335.56 Mbit/s (1353.23 Mbit/s with framing)
[1;36m[Device: id=0] RX[0m: 0.0396 Mpps, 476.35 Mbit/s (482.68 Mbit/s with framing)
[0;34m[Device: id=1] TX[0m: 0.1103 Mpps, 1333.61 Mbit/s (1351.25 Mbit/s with framing)
[1;36m[Device: id=0] RX[0m: 0.0424 Mpps, 510.74 Mbit/s (517.53 Mbit/s with framing)
[0;34m[Device: id=1] TX[0m: 0.1098 Mpps, 1328.03 Mbit/s (1345.60 Mbit/s with framing)
[1;36m[Device: id=0] RX[0m: 0.0393 Mpps, 473.24 Mbit/s (479.53 Mbit/s with framing)
[0;34m[Device: id=1] TX[0m: 0.1101 Mpps, 1331.45 Mbit/s (1349.06 Mbit/s with framing)
[1;36m[Device: id=0] RX[0m: 0.0404 Mpps, 485.63 Mbit/s (492.09 Mbit/s with framing)
[0;34m[Device: id=1] TX[0m: 0.1100 Mpps, 1330.90 Mbit/s (1348.51 Mbit/s with framing)
[1;36m[Device: id=0] RX[0m: 0.0419 Mpps, 504.26 Mbit/s (510.97 Mbit/s with framing)
[0;34m[Device: id=1] TX[0m: 0.1099 Mpps, 1328.76 Mbit/s (1346.34 Mbit/s with framing)
[1;36m[Device: id=0] RX[0m: 0.0395 Mpps, 475.12 Mbit/s (481.43 Mbit/s with framing)
[0;34m[Device: id=1] TX[0m: 0.1101 Mpps, 1332.00 Mbit/s (1349.62 Mbit/s with framing)
[1;36m[Device: id=0] RX[0m: 0.0426 Mpps, 512.35 Mbit/s (519.17 Mbit/s with framing)
[0;34m[Device: id=1] TX[0m: 0.1097 Mpps, 1327.36 Mbit/s (1344.91 Mbit/s with framing)
[1;36m[Device: id=0] RX[0m: 0.0404 Mpps, 485.77 Mbit/s (492.23 Mbit/s with framing)
[0;34m[Device: id=1] TX[0m: 0.1097 Mpps, 1327.03 Mbit/s (1344.59 Mbit/s with framing)
[1;36m[Device: id=0] RX[0m: 0.0405 Mpps, 487.39 Mbit/s (493.87 Mbit/s with framing)
[0;34m[Device: id=1] TX[0m: 0.1107 Mpps, 1339.09 Mbit/s (1356.81 Mbit/s with framing)
[1;36m[Device: id=0] RX[0m: 0.0446 Mpps, 536.19 Mbit/s (543.32 Mbit/s with framing)
[0;34m[Device: id=1] TX[0m: 0.1100 Mpps, 1330.85 Mbit/s (1348.45 Mbit/s with framing)
[1;36m[Device: id=0] RX[0m: 0.0447 Mpps, 537.36 Mbit/s (544.50 Mbit/s with framing)
[0;34m[Device: id=1] TX[0m: 0.1092 Mpps, 1320.30 Mbit/s (1337.76 Mbit/s with framing)
[1;36m[Device: id=0] RX[0m: 0.0421 Mpps, 506.40 Mbit/s (513.13 Mbit/s with framing)
[0;34m[Device: id=1] TX[0m: 0.1094 Mpps, 1323.60 Mbit/s (1341.11 Mbit/s with framing)
[1;36m[Device: id=0] RX[0m: 0.0401 Mpps, 483.08 Mbit/s (489.51 Mbit/s with framing)
[0;34m[Device: id=1] TX[0m: 0.1115 Mpps, 1348.16 Mbit/s (1366.00 Mbit/s with framing)
[1;36m[Device: id=0] RX[0m: 0.0392 Mpps, 471.53 Mbit/s (477.80 Mbit/s with framing)
[0;34m[Device: id=1] TX[0m: 0.1099 Mpps, 1329.20 Mbit/s (1346.79 Mbit/s with framing)
[1;36m[Device: id=0] RX[0m: 0.0405 Mpps, 487.68 Mbit/s (494.17 Mbit/s with framing)
[0;34m[Device: id=1] TX[0m: 0.1101 Mpps, 1332.01 Mbit/s (1349.63 Mbit/s with framing)
[1;36m[Device: id=0] RX[0m: 0.0398 Mpps, 478.97 Mbit/s (485.33 Mbit/s with framing)
[0;34m[Device: id=1] TX[0m: 0.1101 Mpps, 1331.93 Mbit/s (1349.55 Mbit/s with framing)
[1;36m[Device: id=0] RX[0m: 0.0421 Mpps, 506.91 Mbit/s (513.65 Mbit/s with framing)
[0;34m[Device: id=1] TX[0m: 0.1097 Mpps, 1326.33 Mbit/s (1343.88 Mbit/s with framing)
[1;36m[Device: id=0] RX[0m: 0.0402 Mpps, 483.88 Mbit/s (490.31 Mbit/s with framing)
[0;34m[Device: id=1] TX[0m: 0.1103 Mpps, 1334.37 Mbit/s (1352.02 Mbit/s with framing)
[1;36m[Device: id=0] RX[0m: 0.0410 Mpps, 493.41 Mbit/s (499.98 Mbit/s with framing)
[0;34m[Device: id=1] TX[0m: 0.1094 Mpps, 1323.24 Mbit/s (1340.75 Mbit/s with framing)
[1;36m[Device: id=0] RX[0m: 0.0391 Mpps, 470.98 Mbit/s (477.24 Mbit/s with framing)
[0;34m[Device: id=1] TX[0m: 0.1101 Mpps, 1331.92 Mbit/s (1349.54 Mbit/s with framing)
[1;36m[Device: id=0] RX[0m: 0.0417 Mpps, 501.62 Mbit/s (508.29 Mbit/s with framing)
[0;34m[Device: id=1] TX[0m: 0.1099 Mpps, 1328.77 Mbit/s (1346.35 Mbit/s with framing)
[1;36m[Device: id=0] RX[0m: 0.0411 Mpps, 494.91 Mbit/s (501.49 Mbit/s with framing)
[0;34m[Device: id=1] TX[0m: 0.1104 Mpps, 1335.88 Mbit/s (1353.55 Mbit/s with framing)
60
[1;36m[Device: id=0] RX[0m: 0.0393 Mpps, 473.05 Mbit/s (479.34 Mbit/s with framing)
[0;34m[Device: id=1] TX[0m: 0.0911 Mpps, 1101.94 Mbit/s (1116.52 Mbit/s with framing)
[1;36m[Device: id=0] RX[0m: 0.0005 Mpps, 5.64 Mbit/s (5.72 Mbit/s with framing)
[0;34m[Device: id=1] TX[0m: 0.0000 Mpps, 0.00 Mbit/s (0.00 Mbit/s with framing)
3300000
[1;36m[Device: id=0] RX[0m: 0.0397 (StdDev 0.0076) Mpps, 477.32 (StdDev 91) Mbit/s (483.67 Mbit/s with framing), total 1233601 packets with 1855335904 bytes (incl. CRC)
[0;34m[Device: id=1] TX[0m: 0.1057 (StdDev 0.0203) Mpps, 1278.74 (StdDev 245) Mbit/s (1295.65 Mbit/s with framing), total 3300000 packets with 4989600000 bytes (incl. CRC)
