[1;37m[INFO]  Initializing DPDK. This will take a few seconds...[0m
EAL: Probing VFIO support...
EAL: WARNING: cpu flags constant_tsc=yes nonstop_tsc=no -> using unreliable clock cycles !
EAL: PCI device 0000:00:03.0 on NUMA socket -1
EAL:   Invalid NUMA socket, default to 0
EAL:   probe driver: 1af4:1000 net_virtio
EAL: PCI device 0000:00:04.0 on NUMA socket -1
EAL:   Invalid NUMA socket, default to 0
EAL:   probe driver: 1af4:1000 net_virtio
EAL: PCI device 0000:00:05.0 on NUMA socket -1
EAL:   Invalid NUMA socket, default to 0
EAL:   probe driver: 1af4:1000 net_virtio
[1;37m[INFO]  Found 2 usable devices:[0m
   Device 0: 52:54:00:C9:E4:6A ([0;32mRed Hat, Inc Virtio network device[0m)
   Device 1: 52:54:00:47:12:15 ([0;32mRed Hat, Inc Virtio network device[0m)
[1;37m[INFO]  Waiting for devices to come up...[0m
[1;37m[INFO]  Device 1 (52:54:00:47:12:15) is up: 10000 MBit/s[0m
[1;37m[INFO]  Device 0 (52:54:00:C9:E4:6A) is up: 10000 MBit/s[0m
[1;37m[INFO]  [0;32m2 devices are up.[0m[0m
[1;37m[INFO]  Trying to enable rx timestamping of all packets, this isn't supported by most nics[0m
[1;36m[Device: id=0] RX[0m: 0.0635 Mpps, 522.08 Mbit/s (532.24 Mbit/s with framing)
[0;34m[Device: id=1] TX[0m: 0.1310 Mpps, 1085.91 Mbit/s (1106.88 Mbit/s with framing)
[1;36m[Device: id=0] RX[0m: 0.0765 Mpps, 629.33 Mbit/s (641.57 Mbit/s with framing)
[0;34m[Device: id=1] TX[0m: 0.1294 Mpps, 1072.63 Mbit/s (1093.34 Mbit/s with framing)
[1;36m[Device: id=0] RX[0m: 0.0640 Mpps, 526.15 Mbit/s (536.38 Mbit/s with framing)
[0;34m[Device: id=1] TX[0m: 0.1303 Mpps, 1079.60 Mbit/s (1100.44 Mbit/s with framing)
[1;36m[Device: id=0] RX[0m: 0.0488 Mpps, 401.35 Mbit/s (409.16 Mbit/s with framing)
[0;34m[Device: id=1] TX[0m: 0.1295 Mpps, 1073.45 Mbit/s (1094.17 Mbit/s with framing)
[1;36m[Device: id=0] RX[0m: 0.0549 Mpps, 451.84 Mbit/s (460.63 Mbit/s with framing)
[0;34m[Device: id=1] TX[0m: 0.1277 Mpps, 1058.33 Mbit/s (1078.76 Mbit/s with framing)
[1;36m[Device: id=0] RX[0m: 0.0590 Mpps, 484.94 Mbit/s (494.37 Mbit/s with framing)
[0;34m[Device: id=1] TX[0m: 0.1304 Mpps, 1081.00 Mbit/s (1101.87 Mbit/s with framing)
[1;36m[Device: id=0] RX[0m: 0.0593 Mpps, 487.64 Mbit/s (497.13 Mbit/s with framing)
[0;34m[Device: id=1] TX[0m: 0.1320 Mpps, 1094.37 Mbit/s (1115.50 Mbit/s with framing)
[1;36m[Device: id=0] RX[0m: 0.0572 Mpps, 470.74 Mbit/s (479.90 Mbit/s with framing)
[0;34m[Device: id=1] TX[0m: 0.1300 Mpps, 1077.43 Mbit/s (1098.23 Mbit/s with framing)
[1;36m[Device: id=0] RX[0m: 0.0678 Mpps, 557.76 Mbit/s (568.61 Mbit/s with framing)
[0;34m[Device: id=1] TX[0m: 0.1308 Mpps, 1083.72 Mbit/s (1104.64 Mbit/s with framing)
[1;36m[Device: id=0] RX[0m: 0.0572 Mpps, 470.17 Mbit/s (479.32 Mbit/s with framing)
[0;34m[Device: id=1] TX[0m: 0.1293 Mpps, 1071.72 Mbit/s (1092.41 Mbit/s with framing)
[1;36m[Device: id=0] RX[0m: 0.0508 Mpps, 417.99 Mbit/s (426.12 Mbit/s with framing)
[0;34m[Device: id=1] TX[0m: 0.1293 Mpps, 1071.33 Mbit/s (1092.01 Mbit/s with framing)
[1;36m[Device: id=0] RX[0m: 0.0664 Mpps, 545.69 Mbit/s (556.31 Mbit/s with framing)
[0;34m[Device: id=1] TX[0m: 0.1288 Mpps, 1067.60 Mbit/s (1088.21 Mbit/s with framing)
[1;36m[Device: id=0] RX[0m: 0.0541 Mpps, 444.67 Mbit/s (453.32 Mbit/s with framing)
[0;34m[Device: id=1] TX[0m: 0.1324 Mpps, 1097.11 Mbit/s (1118.28 Mbit/s with framing)
[1;36m[Device: id=0] RX[0m: 0.0571 Mpps, 469.63 Mbit/s (478.77 Mbit/s with framing)
[0;34m[Device: id=1] TX[0m: 0.1301 Mpps, 1078.07 Mbit/s (1098.89 Mbit/s with framing)
[1;36m[Device: id=0] RX[0m: 0.0484 Mpps, 398.43 Mbit/s (406.19 Mbit/s with framing)
[0;34m[Device: id=1] TX[0m: 0.1291 Mpps, 1069.67 Mbit/s (1090.32 Mbit/s with framing)
[1;36m[Device: id=0] RX[0m: 0.0446 Mpps, 366.80 Mbit/s (373.93 Mbit/s with framing)
[0;34m[Device: id=1] TX[0m: 0.1307 Mpps, 1082.94 Mbit/s (1103.85 Mbit/s with framing)
[1;36m[Device: id=0] RX[0m: 0.0430 Mpps, 353.30 Mbit/s (360.17 Mbit/s with framing)
[0;34m[Device: id=1] TX[0m: 0.1304 Mpps, 1080.71 Mbit/s (1101.57 Mbit/s with framing)
[1;36m[Device: id=0] RX[0m: 0.0430 Mpps, 353.63 Mbit/s (360.51 Mbit/s with framing)
[0;34m[Device: id=1] TX[0m: 0.1292 Mpps, 1070.74 Mbit/s (1091.41 Mbit/s with framing)
[1;36m[Device: id=0] RX[0m: 0.0429 Mpps, 352.43 Mbit/s (359.28 Mbit/s with framing)
[0;34m[Device: id=1] TX[0m: 0.1294 Mpps, 1072.37 Mbit/s (1093.07 Mbit/s with framing)
[1;36m[Device: id=0] RX[0m: 0.0412 Mpps, 338.75 Mbit/s (345.34 Mbit/s with framing)
[0;34m[Device: id=1] TX[0m: 0.1294 Mpps, 1072.50 Mbit/s (1093.21 Mbit/s with framing)
[1;36m[Device: id=0] RX[0m: 0.0427 Mpps, 351.53 Mbit/s (358.37 Mbit/s with framing)
[0;34m[Device: id=1] TX[0m: 0.1315 Mpps, 1090.02 Mbit/s (1111.06 Mbit/s with framing)
[1;36m[Device: id=0] RX[0m: 0.0421 Mpps, 345.90 Mbit/s (352.63 Mbit/s with framing)
[0;34m[Device: id=1] TX[0m: 0.1305 Mpps, 1081.71 Mbit/s (1102.59 Mbit/s with framing)
[1;36m[Device: id=0] RX[0m: 0.0399 Mpps, 328.54 Mbit/s (334.93 Mbit/s with framing)
[0;34m[Device: id=1] TX[0m: 0.1286 Mpps, 1066.21 Mbit/s (1086.80 Mbit/s with framing)
[1;36m[Device: id=0] RX[0m: 0.0427 Mpps, 351.33 Mbit/s (358.16 Mbit/s with framing)
[0;34m[Device: id=1] TX[0m: 0.1309 Mpps, 1084.74 Mbit/s (1105.68 Mbit/s with framing)
[1;36m[Device: id=0] RX[0m: 0.0413 Mpps, 339.53 Mbit/s (346.13 Mbit/s with framing)
[0;34m[Device: id=1] TX[0m: 0.1305 Mpps, 1081.65 Mbit/s (1102.53 Mbit/s with framing)
[1;36m[Device: id=0] RX[0m: 0.0419 Mpps, 344.71 Mbit/s (351.41 Mbit/s with framing)
[0;34m[Device: id=1] TX[0m: 0.1300 Mpps, 1077.69 Mbit/s (1098.50 Mbit/s with framing)
[1;36m[Device: id=0] RX[0m: 0.0407 Mpps, 334.90 Mbit/s (341.41 Mbit/s with framing)
[0;34m[Device: id=1] TX[0m: 0.1291 Mpps, 1069.98 Mbit/s (1090.64 Mbit/s with framing)
[1;36m[Device: id=0] RX[0m: 0.0420 Mpps, 345.47 Mbit/s (352.19 Mbit/s with framing)
[0;34m[Device: id=1] TX[0m: 0.1295 Mpps, 1073.42 Mbit/s (1094.14 Mbit/s with framing)
[1;36m[Device: id=0] RX[0m: 0.0411 Mpps, 337.65 Mbit/s (344.22 Mbit/s with framing)
[0;34m[Device: id=1] TX[0m: 0.1315 Mpps, 1089.69 Mbit/s (1110.73 Mbit/s with framing)
48
[1;36m[Device: id=0] RX[0m: 0.0416 Mpps, 342.22 Mbit/s (348.87 Mbit/s with framing)
[0;34m[Device: id=1] TX[0m: 0.1082 Mpps, 897.11 Mbit/s (914.43 Mbit/s with framing)
[1;36m[Device: id=0] RX[0m: 0.0000 Mpps, 0.00 Mbit/s (0.00 Mbit/s with framing)
[0;34m[Device: id=1] TX[0m: 0.0000 Mpps, 0.00 Mbit/s (0.00 Mbit/s with framing)
3900000
[1;36m[Device: id=0] RX[0m: 0.0484 (StdDev 0.0134) Mpps, 398.10 (StdDev 111) Mbit/s (405.85 Mbit/s with framing), total 1515715 packets with 1558155020 bytes (incl. CRC)
[0;34m[Device: id=1] TX[0m: 0.1249 (StdDev 0.0240) Mpps, 1035.58 (StdDev 199) Mbit/s (1055.58 Mbit/s with framing), total 3900000 packets with 4040400000 bytes (incl. CRC)
