[1;37m[INFO]  Initializing DPDK. This will take a few seconds...[0m
EAL: Probing VFIO support...
EAL: WARNING: cpu flags constant_tsc=yes nonstop_tsc=no -> using unreliable clock cycles !
EAL: PCI device 0000:00:03.0 on NUMA socket -1
EAL:   Invalid NUMA socket, default to 0
EAL:   probe driver: 1af4:1000 net_virtio
EAL: PCI device 0000:00:04.0 on NUMA socket -1
EAL:   Invalid NUMA socket, default to 0
EAL:   probe driver: 1af4:1000 net_virtio
EAL: PCI device 0000:00:05.0 on NUMA socket -1
EAL:   Invalid NUMA socket, default to 0
EAL:   probe driver: 1af4:1000 net_virtio
[1;37m[INFO]  Found 2 usable devices:[0m
   Device 0: 52:54:00:C9:E4:6A ([0;32mRed Hat, Inc Virtio network device[0m)
   Device 1: 52:54:00:47:12:15 ([0;32mRed Hat, Inc Virtio network device[0m)
[1;37m[INFO]  Waiting for devices to come up...[0m
[1;37m[INFO]  Device 1 (52:54:00:47:12:15) is up: 10000 MBit/s[0m
[1;37m[INFO]  Device 0 (52:54:00:C9:E4:6A) is up: 10000 MBit/s[0m
[1;37m[INFO]  [0;32m2 devices are up.[0m[0m
[1;37m[INFO]  Trying to enable rx timestamping of all packets, this isn't supported by most nics[0m
[0;34m[Device: id=1] TX[0m: 0.2921 Mpps, 327.15 Mbit/s (373.88 Mbit/s with framing)
[1;36m[Device: id=0] RX[0m: 0.0394 Mpps, 41.59 Mbit/s (47.89 Mbit/s with framing)
[0;34m[Device: id=1] TX[0m: 0.3035 Mpps, 339.92 Mbit/s (388.48 Mbit/s with framing)
[1;36m[Device: id=0] RX[0m: 0.0450 Mpps, 47.57 Mbit/s (54.78 Mbit/s with framing)
[0;34m[Device: id=1] TX[0m: 0.2912 Mpps, 326.14 Mbit/s (372.73 Mbit/s with framing)
[1;36m[Device: id=0] RX[0m: 0.0397 Mpps, 41.91 Mbit/s (48.26 Mbit/s with framing)
[0;34m[Device: id=1] TX[0m: 0.3064 Mpps, 343.15 Mbit/s (392.17 Mbit/s with framing)
[1;36m[Device: id=0] RX[0m: 0.0395 Mpps, 41.69 Mbit/s (48.00 Mbit/s with framing)
[0;34m[Device: id=1] TX[0m: 0.3010 Mpps, 337.10 Mbit/s (385.26 Mbit/s with framing)
[1;36m[Device: id=0] RX[0m: 0.0445 Mpps, 47.00 Mbit/s (54.12 Mbit/s with framing)
[0;34m[Device: id=1] TX[0m: 0.2965 Mpps, 332.08 Mbit/s (379.51 Mbit/s with framing)
[1;36m[Device: id=0] RX[0m: 0.0453 Mpps, 47.86 Mbit/s (55.11 Mbit/s with framing)
[0;34m[Device: id=1] TX[0m: 0.3016 Mpps, 337.79 Mbit/s (386.05 Mbit/s with framing)
[1;36m[Device: id=0] RX[0m: 0.0405 Mpps, 42.76 Mbit/s (49.24 Mbit/s with framing)
[0;34m[Device: id=1] TX[0m: 0.2942 Mpps, 329.48 Mbit/s (376.55 Mbit/s with framing)
[1;36m[Device: id=0] RX[0m: 0.0412 Mpps, 43.55 Mbit/s (50.15 Mbit/s with framing)
[0;34m[Device: id=1] TX[0m: 0.3105 Mpps, 347.71 Mbit/s (397.38 Mbit/s with framing)
[1;36m[Device: id=0] RX[0m: 0.0395 Mpps, 41.71 Mbit/s (48.03 Mbit/s with framing)
[0;34m[Device: id=1] TX[0m: 0.2986 Mpps, 334.46 Mbit/s (382.24 Mbit/s with framing)
[1;36m[Device: id=0] RX[0m: 0.0451 Mpps, 47.68 Mbit/s (54.90 Mbit/s with framing)
[0;34m[Device: id=1] TX[0m: 0.2971 Mpps, 332.72 Mbit/s (380.25 Mbit/s with framing)
[1;36m[Device: id=0] RX[0m: 0.0396 Mpps, 41.83 Mbit/s (48.17 Mbit/s with framing)
[1;36m[Device: id=0] RX[0m: 0.0396 Mpps, 41.82 Mbit/s (48.16 Mbit/s with framing)
[0;34m[Device: id=1] TX[0m: 0.2928 Mpps, 327.91 Mbit/s (374.76 Mbit/s with framing)
[1;36m[Device: id=0] RX[0m: 0.0398 Mpps, 42.02 Mbit/s (48.38 Mbit/s with framing)
[0;34m[Device: id=1] TX[0m: 0.3057 Mpps, 342.38 Mbit/s (391.29 Mbit/s with framing)
[1;36m[Device: id=0] RX[0m: 0.0461 Mpps, 48.73 Mbit/s (56.11 Mbit/s with framing)
[0;34m[Device: id=1] TX[0m: 0.3058 Mpps, 342.50 Mbit/s (391.43 Mbit/s with framing)
[1;36m[Device: id=0] RX[0m: 0.0394 Mpps, 41.57 Mbit/s (47.87 Mbit/s with framing)
[0;34m[Device: id=1] TX[0m: 0.2948 Mpps, 330.23 Mbit/s (377.40 Mbit/s with framing)
[1;36m[Device: id=0] RX[0m: 0.0395 Mpps, 41.68 Mbit/s (48.00 Mbit/s with framing)
[0;34m[Device: id=1] TX[0m: 0.3023 Mpps, 338.62 Mbit/s (386.99 Mbit/s with framing)
[1;36m[Device: id=0] RX[0m: 0.0396 Mpps, 41.79 Mbit/s (48.13 Mbit/s with framing)
[0;34m[Device: id=1] TX[0m: 0.3008 Mpps, 336.85 Mbit/s (384.97 Mbit/s with framing)
[1;36m[Device: id=0] RX[0m: 0.0445 Mpps, 46.96 Mbit/s (54.07 Mbit/s with framing)
[0;34m[Device: id=1] TX[0m: 0.3001 Mpps, 336.14 Mbit/s (384.16 Mbit/s with framing)
[1;36m[Device: id=0] RX[0m: 0.0407 Mpps, 43.03 Mbit/s (49.54 Mbit/s with framing)
[0;34m[Device: id=1] TX[0m: 0.3019 Mpps, 338.10 Mbit/s (386.39 Mbit/s with framing)
[1;36m[Device: id=0] RX[0m: 0.0396 Mpps, 41.84 Mbit/s (48.19 Mbit/s with framing)
[0;34m[Device: id=1] TX[0m: 0.2991 Mpps, 335.02 Mbit/s (382.88 Mbit/s with framing)
[1;36m[Device: id=0] RX[0m: 0.0396 Mpps, 41.77 Mbit/s (48.10 Mbit/s with framing)
[0;34m[Device: id=1] TX[0m: 0.2973 Mpps, 332.98 Mbit/s (380.55 Mbit/s with framing)
[1;36m[Device: id=0] RX[0m: 0.0395 Mpps, 41.76 Mbit/s (48.09 Mbit/s with framing)
[0;34m[Device: id=1] TX[0m: 0.2993 Mpps, 335.20 Mbit/s (383.09 Mbit/s with framing)
[1;36m[Device: id=0] RX[0m: 0.0396 Mpps, 41.77 Mbit/s (48.10 Mbit/s with framing)
[0;34m[Device: id=1] TX[0m: 0.2968 Mpps, 332.43 Mbit/s (379.92 Mbit/s with framing)
[1;36m[Device: id=0] RX[0m: 0.0396 Mpps, 41.79 Mbit/s (48.12 Mbit/s with framing)
[0;34m[Device: id=1] TX[0m: 0.3030 Mpps, 339.35 Mbit/s (387.83 Mbit/s with framing)
[1;36m[Device: id=0] RX[0m: 0.0415 Mpps, 43.80 Mbit/s (50.44 Mbit/s with framing)
[0;34m[Device: id=1] TX[0m: 0.3012 Mpps, 337.30 Mbit/s (385.49 Mbit/s with framing)
[1;36m[Device: id=0] RX[0m: 0.0396 Mpps, 41.85 Mbit/s (48.19 Mbit/s with framing)
[0;34m[Device: id=1] TX[0m: 0.3036 Mpps, 340.08 Mbit/s (388.66 Mbit/s with framing)
[1;36m[Device: id=0] RX[0m: 0.0417 Mpps, 44.02 Mbit/s (50.69 Mbit/s with framing)
[0;34m[Device: id=1] TX[0m: 0.2965 Mpps, 332.05 Mbit/s (379.49 Mbit/s with framing)
[1;36m[Device: id=0] RX[0m: 0.0397 Mpps, 41.89 Mbit/s (48.24 Mbit/s with framing)
[0;34m[Device: id=1] TX[0m: 0.3017 Mpps, 337.89 Mbit/s (386.16 Mbit/s with framing)
[1;36m[Device: id=0] RX[0m: 0.0396 Mpps, 41.83 Mbit/s (48.17 Mbit/s with framing)
[0;34m[Device: id=1] TX[0m: 0.2888 Mpps, 323.44 Mbit/s (369.65 Mbit/s with framing)
9
[1;36m[Device: id=0] RX[0m: 0.0431 Mpps, 45.50 Mbit/s (52.40 Mbit/s with framing)
[0;34m[Device: id=1] TX[0m: 0.2834 Mpps, 317.37 Mbit/s (362.71 Mbit/s with framing)
[1;36m[Device: id=0] RX[0m: 0.0005 Mpps, 0.52 Mbit/s (0.60 Mbit/s with framing)
[0;34m[Device: id=1] TX[0m: 0.0000 Mpps, 0.00 Mbit/s (0.00 Mbit/s with framing)
9000000
[1;36m[Device: id=0] RX[0m: 0.0398 (StdDev 0.0077) Mpps, 41.98 (StdDev 8) Mbit/s (48.34 Mbit/s with framing), total 1232120 packets with 162639840 bytes (incl. CRC)
[0;34m[Device: id=1] TX[0m: 0.2892 (StdDev 0.0549) Mpps, 323.88 (StdDev 61) Mbit/s (370.15 Mbit/s with framing), total 9000000 packets with 1260000000 bytes (incl. CRC)
