[1;37m[INFO]  Initializing DPDK. This will take a few seconds...[0m
EAL: Probing VFIO support...
EAL: WARNING: cpu flags constant_tsc=yes nonstop_tsc=no -> using unreliable clock cycles !
EAL: PCI device 0000:00:03.0 on NUMA socket -1
EAL:   Invalid NUMA socket, default to 0
EAL:   probe driver: 1af4:1000 net_virtio
EAL: PCI device 0000:00:04.0 on NUMA socket -1
EAL:   Invalid NUMA socket, default to 0
EAL:   probe driver: 1af4:1000 net_virtio
EAL: PCI device 0000:00:05.0 on NUMA socket -1
EAL:   Invalid NUMA socket, default to 0
EAL:   probe driver: 1af4:1000 net_virtio
[1;37m[INFO]  Found 2 usable devices:[0m
   Device 0: 52:54:00:C9:E4:6A ([0;32mRed Hat, Inc Virtio network device[0m)
   Device 1: 52:54:00:47:12:15 ([0;32mRed Hat, Inc Virtio network device[0m)
[1;37m[INFO]  Waiting for devices to come up...[0m
[1;37m[INFO]  Device 1 (52:54:00:47:12:15) is up: 10000 MBit/s[0m
[1;37m[INFO]  Device 0 (52:54:00:C9:E4:6A) is up: 10000 MBit/s[0m
[1;37m[INFO]  [0;32m2 devices are up.[0m[0m
[1;37m[INFO]  Trying to enable rx timestamping of all packets, this isn't supported by most nics[0m
[1;36m[Device: id=0] RX[0m: 0.0513 Mpps, 27.92 Mbit/s (36.13 Mbit/s with framing)
[0;34m[Device: id=1] TX[0m: 0.1888 Mpps, 114.82 Mbit/s (145.03 Mbit/s with framing)
[0;34m[Device: id=1] TX[0m: 0.1902 Mpps, 115.65 Mbit/s (146.08 Mbit/s with framing)
[1;36m[Device: id=0] RX[0m: 0.0554 Mpps, 30.16 Mbit/s (39.03 Mbit/s with framing)
[1;36m[Device: id=0] RX[0m: 0.0566 Mpps, 30.79 Mbit/s (39.85 Mbit/s with framing)
[0;34m[Device: id=1] TX[0m: 0.1883 Mpps, 114.48 Mbit/s (144.61 Mbit/s with framing)
[1;36m[Device: id=0] RX[0m: 0.0580 Mpps, 31.58 Mbit/s (40.87 Mbit/s with framing)
[0;34m[Device: id=1] TX[0m: 0.1915 Mpps, 116.46 Mbit/s (147.11 Mbit/s with framing)
[1;36m[Device: id=0] RX[0m: 0.0561 Mpps, 30.54 Mbit/s (39.52 Mbit/s with framing)
[0;34m[Device: id=1] TX[0m: 0.1892 Mpps, 115.06 Mbit/s (145.34 Mbit/s with framing)
[1;36m[Device: id=0] RX[0m: 0.0548 Mpps, 29.83 Mbit/s (38.60 Mbit/s with framing)
[0;34m[Device: id=1] TX[0m: 0.1880 Mpps, 114.30 Mbit/s (144.37 Mbit/s with framing)
[1;36m[Device: id=0] RX[0m: 0.0547 Mpps, 29.77 Mbit/s (38.53 Mbit/s with framing)
[0;34m[Device: id=1] TX[0m: 0.1900 Mpps, 115.50 Mbit/s (145.90 Mbit/s with framing)
[1;36m[Device: id=0] RX[0m: 0.0515 Mpps, 28.02 Mbit/s (36.26 Mbit/s with framing)
[0;34m[Device: id=1] TX[0m: 0.1921 Mpps, 116.81 Mbit/s (147.55 Mbit/s with framing)
[1;36m[Device: id=0] RX[0m: 0.0501 Mpps, 27.24 Mbit/s (35.25 Mbit/s with framing)
[0;34m[Device: id=1] TX[0m: 0.1912 Mpps, 116.25 Mbit/s (146.84 Mbit/s with framing)
[1;36m[Device: id=0] RX[0m: 0.0646 Mpps, 35.14 Mbit/s (45.47 Mbit/s with framing)
[0;34m[Device: id=1] TX[0m: 0.1882 Mpps, 114.45 Mbit/s (144.57 Mbit/s with framing)
[1;36m[Device: id=0] RX[0m: 0.0598 Mpps, 32.52 Mbit/s (42.09 Mbit/s with framing)
[0;34m[Device: id=1] TX[0m: 0.1900 Mpps, 115.51 Mbit/s (145.90 Mbit/s with framing)
[1;36m[Device: id=0] RX[0m: 0.0525 Mpps, 28.58 Mbit/s (36.99 Mbit/s with framing)
[0;34m[Device: id=1] TX[0m: 0.1911 Mpps, 116.16 Mbit/s (146.73 Mbit/s with framing)
[1;36m[Device: id=0] RX[0m: 0.0534 Mpps, 29.08 Mbit/s (37.63 Mbit/s with framing)
[0;34m[Device: id=1] TX[0m: 0.1908 Mpps, 116.02 Mbit/s (146.56 Mbit/s with framing)
[1;36m[Device: id=0] RX[0m: 0.0644 Mpps, 35.04 Mbit/s (45.35 Mbit/s with framing)
[0;34m[Device: id=1] TX[0m: 0.1897 Mpps, 115.33 Mbit/s (145.69 Mbit/s with framing)
[1;36m[Device: id=0] RX[0m: 0.0601 Mpps, 32.70 Mbit/s (42.32 Mbit/s with framing)
[0;34m[Device: id=1] TX[0m: 0.1892 Mpps, 115.06 Mbit/s (145.33 Mbit/s with framing)
[1;36m[Device: id=0] RX[0m: 0.0560 Mpps, 30.45 Mbit/s (39.40 Mbit/s with framing)
[0;34m[Device: id=1] TX[0m: 0.1901 Mpps, 115.58 Mbit/s (146.00 Mbit/s with framing)
[1;36m[Device: id=0] RX[0m: 0.0592 Mpps, 32.21 Mbit/s (41.68 Mbit/s with framing)
[0;34m[Device: id=1] TX[0m: 0.1899 Mpps, 115.48 Mbit/s (145.88 Mbit/s with framing)
[1;36m[Device: id=0] RX[0m: 0.0539 Mpps, 29.29 Mbit/s (37.91 Mbit/s with framing)
[0;34m[Device: id=1] TX[0m: 0.1893 Mpps, 115.11 Mbit/s (145.41 Mbit/s with framing)
[1;36m[Device: id=0] RX[0m: 0.0560 Mpps, 30.45 Mbit/s (39.40 Mbit/s with framing)
[0;34m[Device: id=1] TX[0m: 0.1907 Mpps, 115.97 Mbit/s (146.49 Mbit/s with framing)
[1;36m[Device: id=0] RX[0m: 0.0519 Mpps, 28.23 Mbit/s (36.53 Mbit/s with framing)
[0;34m[Device: id=1] TX[0m: 0.1911 Mpps, 116.19 Mbit/s (146.76 Mbit/s with framing)
[1;36m[Device: id=0] RX[0m: 0.0575 Mpps, 31.26 Mbit/s (40.46 Mbit/s with framing)
[0;34m[Device: id=1] TX[0m: 0.1894 Mpps, 115.15 Mbit/s (145.46 Mbit/s with framing)
[1;36m[Device: id=0] RX[0m: 0.0781 Mpps, 42.46 Mbit/s (54.95 Mbit/s with framing)
[0;34m[Device: id=1] TX[0m: 0.1846 Mpps, 112.25 Mbit/s (141.79 Mbit/s with framing)
[1;36m[Device: id=0] RX[0m: 0.0610 Mpps, 33.17 Mbit/s (42.92 Mbit/s with framing)
[0;34m[Device: id=1] TX[0m: 0.1950 Mpps, 118.57 Mbit/s (149.77 Mbit/s with framing)
[1;36m[Device: id=0] RX[0m: 0.0704 Mpps, 38.30 Mbit/s (49.57 Mbit/s with framing)
[0;34m[Device: id=1] TX[0m: 0.1906 Mpps, 115.88 Mbit/s (146.37 Mbit/s with framing)
[1;36m[Device: id=0] RX[0m: 0.0687 Mpps, 37.38 Mbit/s (48.37 Mbit/s with framing)
[0;34m[Device: id=1] TX[0m: 0.1906 Mpps, 115.86 Mbit/s (146.36 Mbit/s with framing)
[1;36m[Device: id=0] RX[0m: 0.0543 Mpps, 29.55 Mbit/s (38.24 Mbit/s with framing)
[0;34m[Device: id=1] TX[0m: 0.1880 Mpps, 114.33 Mbit/s (144.42 Mbit/s with framing)
[1;36m[Device: id=0] RX[0m: 0.0733 Mpps, 39.87 Mbit/s (51.59 Mbit/s with framing)
[0;34m[Device: id=1] TX[0m: 0.1905 Mpps, 115.85 Mbit/s (146.34 Mbit/s with framing)
[1;36m[Device: id=0] RX[0m: 0.0621 Mpps, 33.77 Mbit/s (43.71 Mbit/s with framing)
[0;34m[Device: id=1] TX[0m: 0.1903 Mpps, 115.69 Mbit/s (146.13 Mbit/s with framing)
[1;36m[Device: id=0] RX[0m: 0.0587 Mpps, 31.91 Mbit/s (41.29 Mbit/s with framing)
[0;34m[Device: id=1] TX[0m: 0.1894 Mpps, 115.14 Mbit/s (145.43 Mbit/s with framing)
12
[1;36m[Device: id=0] RX[0m: 0.0745 Mpps, 40.50 Mbit/s (52.42 Mbit/s with framing)
[0;34m[Device: id=1] TX[0m: 0.1785 Mpps, 108.54 Mbit/s (137.10 Mbit/s with framing)
[1;36m[Device: id=0] RX[0m: 0.0009 Mpps, 0.48 Mbit/s (0.62 Mbit/s with framing)
[0;34m[Device: id=1] TX[0m: 0.0000 Mpps, 0.00 Mbit/s (0.00 Mbit/s with framing)
5700000
[1;36m[Device: id=0] RX[0m: 0.0576 (StdDev 0.0129) Mpps, 31.34 (StdDev 7) Mbit/s (40.56 Mbit/s with framing), total 1779790 packets with 121025720 bytes (incl. CRC)
[0;34m[Device: id=1] TX[0m: 0.1833 (StdDev 0.0347) Mpps, 111.42 (StdDev 21) Mbit/s (140.74 Mbit/s with framing), total 5700000 packets with 433200000 bytes (incl. CRC)
