[1;37m[INFO]  Initializing DPDK. This will take a few seconds...[0m
EAL: Probing VFIO support...
EAL: WARNING: cpu flags constant_tsc=yes nonstop_tsc=no -> using unreliable clock cycles !
EAL: PCI device 0000:00:03.0 on NUMA socket -1
EAL:   Invalid NUMA socket, default to 0
EAL:   probe driver: 1af4:1000 net_virtio
EAL: PCI device 0000:00:04.0 on NUMA socket -1
EAL:   Invalid NUMA socket, default to 0
EAL:   probe driver: 1af4:1000 net_virtio
EAL: PCI device 0000:00:05.0 on NUMA socket -1
EAL:   Invalid NUMA socket, default to 0
EAL:   probe driver: 1af4:1000 net_virtio
[1;37m[INFO]  Found 2 usable devices:[0m
   Device 0: 52:54:00:C9:E4:6A ([0;32mRed Hat, Inc Virtio network device[0m)
   Device 1: 52:54:00:47:12:15 ([0;32mRed Hat, Inc Virtio network device[0m)
[1;37m[INFO]  Waiting for devices to come up...[0m
[1;37m[INFO]  Device 1 (52:54:00:47:12:15) is up: 10000 MBit/s[0m
[1;37m[INFO]  Device 0 (52:54:00:C9:E4:6A) is up: 10000 MBit/s[0m
[1;37m[INFO]  [0;32m2 devices are up.[0m[0m
[1;37m[INFO]  Trying to enable rx timestamping of all packets, this isn't supported by most nics[0m
[0;34m[Device: id=1] TX[0m: 0.2887 Mpps, 1210.34 Mbit/s (1256.54 Mbit/s with framing)
[1;36m[Device: id=0] RX[0m: 0.1301 Mpps, 537.22 Mbit/s (558.04 Mbit/s with framing)
[0;34m[Device: id=1] TX[0m: 0.2751 Mpps, 1153.04 Mbit/s (1197.05 Mbit/s with framing)
[1;36m[Device: id=0] RX[0m: 0.1527 Mpps, 630.34 Mbit/s (654.77 Mbit/s with framing)
[0;34m[Device: id=1] TX[0m: 0.3289 Mpps, 1378.71 Mbit/s (1431.33 Mbit/s with framing)
[1;36m[Device: id=0] RX[0m: 0.1848 Mpps, 762.70 Mbit/s (792.26 Mbit/s with framing)
[0;34m[Device: id=1] TX[0m: 0.2900 Mpps, 1215.60 Mbit/s (1261.99 Mbit/s with framing)
[1;36m[Device: id=0] RX[0m: 0.1480 Mpps, 611.14 Mbit/s (634.83 Mbit/s with framing)
[0;34m[Device: id=1] TX[0m: 0.3100 Mpps, 1299.35 Mbit/s (1348.94 Mbit/s with framing)
[1;36m[Device: id=0] RX[0m: 0.1601 Mpps, 661.02 Mbit/s (686.64 Mbit/s with framing)
[1;36m[Device: id=0] RX[0m: 0.1503 Mpps, 620.46 Mbit/s (644.50 Mbit/s with framing)
[0;34m[Device: id=1] TX[0m: 0.2977 Mpps, 1248.09 Mbit/s (1295.72 Mbit/s with framing)
[1;36m[Device: id=0] RX[0m: 0.1731 Mpps, 714.73 Mbit/s (742.43 Mbit/s with framing)
[0;34m[Device: id=1] TX[0m: 0.3029 Mpps, 1269.67 Mbit/s (1318.13 Mbit/s with framing)
[1;36m[Device: id=0] RX[0m: 0.1422 Mpps, 586.92 Mbit/s (609.67 Mbit/s with framing)
[0;34m[Device: id=1] TX[0m: 0.2985 Mpps, 1251.52 Mbit/s (1299.29 Mbit/s with framing)
[1;36m[Device: id=0] RX[0m: 0.1718 Mpps, 709.26 Mbit/s (736.75 Mbit/s with framing)
[0;34m[Device: id=1] TX[0m: 0.2814 Mpps, 1179.59 Mbit/s (1224.61 Mbit/s with framing)
[1;36m[Device: id=0] RX[0m: 0.1304 Mpps, 538.22 Mbit/s (559.08 Mbit/s with framing)
[0;34m[Device: id=1] TX[0m: 0.3092 Mpps, 1296.16 Mbit/s (1345.64 Mbit/s with framing)
[1;36m[Device: id=0] RX[0m: 0.1121 Mpps, 462.92 Mbit/s (480.86 Mbit/s with framing)
[0;34m[Device: id=1] TX[0m: 0.3094 Mpps, 1297.06 Mbit/s (1346.57 Mbit/s with framing)
[1;36m[Device: id=0] RX[0m: 0.1591 Mpps, 656.63 Mbit/s (682.08 Mbit/s with framing)
[0;34m[Device: id=1] TX[0m: 0.3014 Mpps, 1263.46 Mbit/s (1311.68 Mbit/s with framing)
[1;36m[Device: id=0] RX[0m: 0.1264 Mpps, 521.95 Mbit/s (542.18 Mbit/s with framing)
[0;34m[Device: id=1] TX[0m: 0.2952 Mpps, 1237.29 Mbit/s (1284.51 Mbit/s with framing)
[1;36m[Device: id=0] RX[0m: 0.1420 Mpps, 585.98 Mbit/s (608.70 Mbit/s with framing)
[0;34m[Device: id=1] TX[0m: 0.3033 Mpps, 1271.27 Mbit/s (1319.79 Mbit/s with framing)
[1;36m[Device: id=0] RX[0m: 0.1129 Mpps, 465.90 Mbit/s (483.96 Mbit/s with framing)
[0;34m[Device: id=1] TX[0m: 0.3017 Mpps, 1264.77 Mbit/s (1313.04 Mbit/s with framing)
[1;36m[Device: id=0] RX[0m: 0.1030 Mpps, 425.33 Mbit/s (441.81 Mbit/s with framing)
[0;34m[Device: id=1] TX[0m: 0.2976 Mpps, 1247.73 Mbit/s (1295.35 Mbit/s with framing)
[1;36m[Device: id=0] RX[0m: 0.1493 Mpps, 616.49 Mbit/s (640.38 Mbit/s with framing)
[0;34m[Device: id=1] TX[0m: 0.2996 Mpps, 1255.95 Mbit/s (1303.88 Mbit/s with framing)
[1;36m[Device: id=0] RX[0m: 0.1276 Mpps, 526.88 Mbit/s (547.31 Mbit/s with framing)
[0;34m[Device: id=1] TX[0m: 0.3021 Mpps, 1266.20 Mbit/s (1314.52 Mbit/s with framing)
[1;36m[Device: id=0] RX[0m: 0.1709 Mpps, 705.39 Mbit/s (732.73 Mbit/s with framing)
[0;34m[Device: id=1] TX[0m: 0.2931 Mpps, 1228.50 Mbit/s (1275.39 Mbit/s with framing)
[1;36m[Device: id=0] RX[0m: 0.1418 Mpps, 585.33 Mbit/s (608.02 Mbit/s with framing)
[0;34m[Device: id=1] TX[0m: 0.2985 Mpps, 1251.47 Mbit/s (1299.23 Mbit/s with framing)
[1;36m[Device: id=0] RX[0m: 0.1026 Mpps, 423.73 Mbit/s (440.16 Mbit/s with framing)
[0;34m[Device: id=1] TX[0m: 0.2805 Mpps, 1175.97 Mbit/s (1220.85 Mbit/s with framing)
[1;36m[Device: id=0] RX[0m: 0.1541 Mpps, 636.13 Mbit/s (660.79 Mbit/s with framing)
[0;34m[Device: id=1] TX[0m: 0.3137 Mpps, 1315.11 Mbit/s (1365.31 Mbit/s with framing)
[1;36m[Device: id=0] RX[0m: 0.1217 Mpps, 502.38 Mbit/s (521.86 Mbit/s with framing)
[0;34m[Device: id=1] TX[0m: 0.2951 Mpps, 1237.06 Mbit/s (1284.28 Mbit/s with framing)
[1;36m[Device: id=0] RX[0m: 0.0921 Mpps, 380.28 Mbit/s (395.02 Mbit/s with framing)
[0;34m[Device: id=1] TX[0m: 0.2932 Mpps, 1228.97 Mbit/s (1275.88 Mbit/s with framing)
[1;36m[Device: id=0] RX[0m: 0.1236 Mpps, 510.16 Mbit/s (529.94 Mbit/s with framing)
[0;34m[Device: id=1] TX[0m: 0.3153 Mpps, 1321.81 Mbit/s (1372.26 Mbit/s with framing)
[1;36m[Device: id=0] RX[0m: 0.1394 Mpps, 575.57 Mbit/s (597.87 Mbit/s with framing)
[0;34m[Device: id=1] TX[0m: 0.3015 Mpps, 1263.93 Mbit/s (1312.17 Mbit/s with framing)
[1;36m[Device: id=0] RX[0m: 0.1017 Mpps, 419.77 Mbit/s (436.04 Mbit/s with framing)
[0;34m[Device: id=1] TX[0m: 0.3094 Mpps, 1297.00 Mbit/s (1346.51 Mbit/s with framing)
[1;36m[Device: id=0] RX[0m: 0.1477 Mpps, 609.83 Mbit/s (633.46 Mbit/s with framing)
[0;34m[Device: id=1] TX[0m: 0.2960 Mpps, 1240.95 Mbit/s (1288.31 Mbit/s with framing)
[1;36m[Device: id=0] RX[0m: 0.0789 Mpps, 325.67 Mbit/s (338.29 Mbit/s with framing)
[0;34m[Device: id=1] TX[0m: 0.2473 Mpps, 1036.60 Mbit/s (1076.16 Mbit/s with framing)
9
[1;36m[Device: id=0] RX[0m: 0.1393 Mpps, 574.83 Mbit/s (597.11 Mbit/s with framing)
[0;34m[Device: id=1] TX[0m: 0.2970 Mpps, 1245.05 Mbit/s (1292.57 Mbit/s with framing)
[1;36m[Device: id=0] RX[0m: 0.0000 Mpps, 0.00 Mbit/s (0.00 Mbit/s with framing)
[0;34m[Device: id=1] TX[0m: 0.0000 Mpps, 0.00 Mbit/s (0.00 Mbit/s with framing)
9000000
[1;36m[Device: id=0] RX[0m: 0.1320 (StdDev 0.0357) Mpps, 544.86 (StdDev 147) Mbit/s (565.98 Mbit/s with framing), total 4089972 packets with 2110425552 bytes (incl. CRC)
[0;34m[Device: id=1] TX[0m: 0.2882 (StdDev 0.0563) Mpps, 1207.93 (StdDev 236) Mbit/s (1254.03 Mbit/s with framing), total 9000000 packets with 4716000000 bytes (incl. CRC)
