[1;37m[INFO]  Initializing DPDK. This will take a few seconds...[0m
EAL: Probing VFIO support...
EAL: WARNING: cpu flags constant_tsc=yes nonstop_tsc=no -> using unreliable clock cycles !
EAL: PCI device 0000:00:03.0 on NUMA socket -1
EAL:   Invalid NUMA socket, default to 0
EAL:   probe driver: 1af4:1000 net_virtio
EAL: PCI device 0000:00:04.0 on NUMA socket -1
EAL:   Invalid NUMA socket, default to 0
EAL:   probe driver: 1af4:1000 net_virtio
EAL: PCI device 0000:00:05.0 on NUMA socket -1
EAL:   Invalid NUMA socket, default to 0
EAL:   probe driver: 1af4:1000 net_virtio
[1;37m[INFO]  Found 2 usable devices:[0m
   Device 0: 52:54:00:C9:E4:6A ([0;32mRed Hat, Inc Virtio network device[0m)
   Device 1: 52:54:00:47:12:15 ([0;32mRed Hat, Inc Virtio network device[0m)
[1;37m[INFO]  Waiting for devices to come up...[0m
[1;37m[INFO]  Device 1 (52:54:00:47:12:15) is up: 10000 MBit/s[0m
[1;37m[INFO]  Device 0 (52:54:00:C9:E4:6A) is up: 10000 MBit/s[0m
[1;37m[INFO]  [0;32m2 devices are up.[0m[0m
[1;37m[INFO]  Trying to enable rx timestamping of all packets, this isn't supported by most nics[0m
[0;34m[Device: id=1] TX[0m: 0.0301 Mpps, 310.94 Mbit/s (315.75 Mbit/s with framing)
[1;36m[Device: id=0] RX[0m: 0.0287 Mpps, 295.10 Mbit/s (299.70 Mbit/s with framing)
[0;34m[Device: id=1] TX[0m: 0.0300 Mpps, 310.09 Mbit/s (314.89 Mbit/s with framing)
[1;36m[Device: id=0] RX[0m: 0.0303 Mpps, 310.82 Mbit/s (315.66 Mbit/s with framing)
[0;34m[Device: id=1] TX[0m: 0.0300 Mpps, 310.09 Mbit/s (314.89 Mbit/s with framing)
[1;36m[Device: id=0] RX[0m: 0.0300 Mpps, 308.18 Mbit/s (312.98 Mbit/s with framing)
[1;36m[Device: id=0] RX[0m: 0.0300 Mpps, 308.17 Mbit/s (312.97 Mbit/s with framing)
[0;34m[Device: id=1] TX[0m: 0.0300 Mpps, 310.09 Mbit/s (314.89 Mbit/s with framing)
[1;36m[Device: id=0] RX[0m: 0.0300 Mpps, 308.15 Mbit/s (312.95 Mbit/s with framing)
[0;34m[Device: id=1] TX[0m: 0.0300 Mpps, 310.08 Mbit/s (314.88 Mbit/s with framing)
[1;36m[Device: id=0] RX[0m: 0.0300 Mpps, 308.16 Mbit/s (312.96 Mbit/s with framing)
[0;34m[Device: id=1] TX[0m: 0.0300 Mpps, 310.10 Mbit/s (314.90 Mbit/s with framing)
[1;36m[Device: id=0] RX[0m: 0.0300 Mpps, 308.19 Mbit/s (312.99 Mbit/s with framing)
[0;34m[Device: id=1] TX[0m: 0.0300 Mpps, 310.08 Mbit/s (314.88 Mbit/s with framing)
[1;36m[Device: id=0] RX[0m: 0.0300 Mpps, 308.16 Mbit/s (312.96 Mbit/s with framing)
[0;34m[Device: id=1] TX[0m: 0.0300 Mpps, 310.09 Mbit/s (314.90 Mbit/s with framing)
[1;36m[Device: id=0] RX[0m: 0.0300 Mpps, 308.17 Mbit/s (312.97 Mbit/s with framing)
[0;34m[Device: id=1] TX[0m: 0.0300 Mpps, 310.08 Mbit/s (314.88 Mbit/s with framing)
[1;36m[Device: id=0] RX[0m: 0.0300 Mpps, 308.16 Mbit/s (312.96 Mbit/s with framing)
[0;34m[Device: id=1] TX[0m: 0.0300 Mpps, 310.09 Mbit/s (314.89 Mbit/s with framing)
[1;36m[Device: id=0] RX[0m: 0.0300 Mpps, 308.16 Mbit/s (312.96 Mbit/s with framing)
[0;34m[Device: id=1] TX[0m: 0.0300 Mpps, 310.09 Mbit/s (314.89 Mbit/s with framing)
[1;36m[Device: id=0] RX[0m: 0.0300 Mpps, 308.17 Mbit/s (312.97 Mbit/s with framing)
[0;34m[Device: id=1] TX[0m: 0.0300 Mpps, 310.08 Mbit/s (314.88 Mbit/s with framing)
[1;36m[Device: id=0] RX[0m: 0.0300 Mpps, 308.13 Mbit/s (312.93 Mbit/s with framing)
[0;34m[Device: id=1] TX[0m: 0.0300 Mpps, 310.09 Mbit/s (314.89 Mbit/s with framing)
[1;36m[Device: id=0] RX[0m: 0.0300 Mpps, 308.21 Mbit/s (313.02 Mbit/s with framing)
[0;34m[Device: id=1] TX[0m: 0.0300 Mpps, 310.09 Mbit/s (314.89 Mbit/s with framing)
[1;36m[Device: id=0] RX[0m: 0.0300 Mpps, 308.17 Mbit/s (312.97 Mbit/s with framing)
[0;34m[Device: id=1] TX[0m: 0.0300 Mpps, 310.09 Mbit/s (314.89 Mbit/s with framing)
[1;36m[Device: id=0] RX[0m: 0.0300 Mpps, 308.17 Mbit/s (312.97 Mbit/s with framing)
[0;34m[Device: id=1] TX[0m: 0.0300 Mpps, 310.09 Mbit/s (314.89 Mbit/s with framing)
[1;36m[Device: id=0] RX[0m: 0.0300 Mpps, 308.14 Mbit/s (312.94 Mbit/s with framing)
[0;34m[Device: id=1] TX[0m: 0.0300 Mpps, 310.08 Mbit/s (314.88 Mbit/s with framing)
[1;36m[Device: id=0] RX[0m: 0.0300 Mpps, 308.19 Mbit/s (312.99 Mbit/s with framing)
[0;34m[Device: id=1] TX[0m: 0.0300 Mpps, 310.09 Mbit/s (314.89 Mbit/s with framing)
[1;36m[Device: id=0] RX[0m: 0.0300 Mpps, 308.13 Mbit/s (312.93 Mbit/s with framing)
[0;34m[Device: id=1] TX[0m: 0.0300 Mpps, 310.08 Mbit/s (314.88 Mbit/s with framing)
[1;36m[Device: id=0] RX[0m: 0.0300 Mpps, 308.19 Mbit/s (313.00 Mbit/s with framing)
[0;34m[Device: id=1] TX[0m: 0.0300 Mpps, 310.09 Mbit/s (314.89 Mbit/s with framing)
[1;36m[Device: id=0] RX[0m: 0.0300 Mpps, 308.17 Mbit/s (312.97 Mbit/s with framing)
[0;34m[Device: id=1] TX[0m: 0.0300 Mpps, 310.09 Mbit/s (314.89 Mbit/s with framing)
[1;36m[Device: id=0] RX[0m: 0.0300 Mpps, 308.17 Mbit/s (312.97 Mbit/s with framing)
[0;34m[Device: id=1] TX[0m: 0.0300 Mpps, 310.08 Mbit/s (314.88 Mbit/s with framing)
[1;36m[Device: id=0] RX[0m: 0.0300 Mpps, 308.17 Mbit/s (312.97 Mbit/s with framing)
[0;34m[Device: id=1] TX[0m: 0.0300 Mpps, 310.09 Mbit/s (314.89 Mbit/s with framing)
[1;36m[Device: id=0] RX[0m: 0.0300 Mpps, 308.15 Mbit/s (312.95 Mbit/s with framing)
[0;34m[Device: id=1] TX[0m: 0.0300 Mpps, 310.09 Mbit/s (314.89 Mbit/s with framing)
[1;36m[Device: id=0] RX[0m: 0.0300 Mpps, 308.19 Mbit/s (312.99 Mbit/s with framing)
[0;34m[Device: id=1] TX[0m: 0.0300 Mpps, 310.09 Mbit/s (314.89 Mbit/s with framing)
[1;36m[Device: id=0] RX[0m: 0.0300 Mpps, 308.17 Mbit/s (312.97 Mbit/s with framing)
[0;34m[Device: id=1] TX[0m: 0.0300 Mpps, 310.08 Mbit/s (314.88 Mbit/s with framing)
[1;36m[Device: id=0] RX[0m: 0.0300 Mpps, 308.17 Mbit/s (312.97 Mbit/s with framing)
[0;34m[Device: id=1] TX[0m: 0.0300 Mpps, 310.09 Mbit/s (314.89 Mbit/s with framing)
[1;36m[Device: id=0] RX[0m: 0.0300 Mpps, 308.17 Mbit/s (312.97 Mbit/s with framing)
[0;34m[Device: id=1] TX[0m: 0.0300 Mpps, 310.09 Mbit/s (314.89 Mbit/s with framing)
[1;36m[Device: id=0] RX[0m: 0.0300 Mpps, 308.16 Mbit/s (312.96 Mbit/s with framing)
[0;34m[Device: id=1] TX[0m: 0.0300 Mpps, 310.09 Mbit/s (314.89 Mbit/s with framing)
45
[1;36m[Device: id=0] RX[0m: 0.0295 Mpps, 302.76 Mbit/s (307.48 Mbit/s with framing)
[0;34m[Device: id=1] TX[0m: 0.0290 Mpps, 299.52 Mbit/s (304.16 Mbit/s with framing)
[1;36m[Device: id=0] RX[0m: 0.0000 Mpps, 0.00 Mbit/s (0.00 Mbit/s with framing)
[0;34m[Device: id=1] TX[0m: 0.0000 Mpps, 0.00 Mbit/s (0.00 Mbit/s with framing)
900000
[1;36m[Device: id=0] RX[0m: 0.0290 (StdDev 0.0055) Mpps, 297.80 (StdDev 56) Mbit/s (302.44 Mbit/s with framing), total 898500 packets with 1153674000 bytes (incl. CRC)
[0;34m[Device: id=1] TX[0m: 0.0290 (StdDev 0.0055) Mpps, 299.40 (StdDev 57) Mbit/s (304.03 Mbit/s with framing), total 900000 packets with 1162800000 bytes (incl. CRC)
