[1;37m[INFO]  Initializing DPDK. This will take a few seconds...[0m
EAL: Probing VFIO support...
EAL: WARNING: cpu flags constant_tsc=yes nonstop_tsc=no -> using unreliable clock cycles !
EAL: PCI device 0000:00:03.0 on NUMA socket -1
EAL:   Invalid NUMA socket, default to 0
EAL:   probe driver: 1af4:1000 net_virtio
EAL: PCI device 0000:00:04.0 on NUMA socket -1
EAL:   Invalid NUMA socket, default to 0
EAL:   probe driver: 1af4:1000 net_virtio
EAL: PCI device 0000:00:05.0 on NUMA socket -1
EAL:   Invalid NUMA socket, default to 0
EAL:   probe driver: 1af4:1000 net_virtio
[1;37m[INFO]  Found 2 usable devices:[0m
   Device 0: 52:54:00:C9:E4:6A ([0;32mRed Hat, Inc Virtio network device[0m)
   Device 1: 52:54:00:47:12:15 ([0;32mRed Hat, Inc Virtio network device[0m)
[1;37m[INFO]  Waiting for devices to come up...[0m
[1;37m[INFO]  Device 1 (52:54:00:47:12:15) is up: 10000 MBit/s[0m
[1;37m[INFO]  Device 0 (52:54:00:C9:E4:6A) is up: 10000 MBit/s[0m
[1;37m[INFO]  [0;32m2 devices are up.[0m[0m
[1;37m[INFO]  Trying to enable rx timestamping of all packets, this isn't supported by most nics[0m
[0;34m[Device: id=1] TX[0m: 0.1662 Mpps, 1717.65 Mbit/s (1744.24 Mbit/s with framing)
[1;36m[Device: id=0] RX[0m: 0.0389 Mpps, 399.71 Mbit/s (405.93 Mbit/s with framing)
[0;34m[Device: id=1] TX[0m: 0.0965 Mpps, 997.89 Mbit/s (1013.34 Mbit/s with framing)
[1;36m[Device: id=0] RX[0m: 0.0399 Mpps, 410.03 Mbit/s (416.41 Mbit/s with framing)
[0;34m[Device: id=1] TX[0m: 0.2261 Mpps, 2337.13 Mbit/s (2373.31 Mbit/s with framing)
[1;36m[Device: id=0] RX[0m: 0.1155 Mpps, 1186.88 Mbit/s (1205.37 Mbit/s with framing)
[0;34m[Device: id=1] TX[0m: 0.2164 Mpps, 2236.89 Mbit/s (2271.51 Mbit/s with framing)
[1;36m[Device: id=0] RX[0m: 0.0808 Mpps, 829.53 Mbit/s (842.45 Mbit/s with framing)
[0;34m[Device: id=1] TX[0m: 0.1593 Mpps, 1646.35 Mbit/s (1671.84 Mbit/s with framing)
[1;36m[Device: id=0] RX[0m: 0.0388 Mpps, 398.94 Mbit/s (405.15 Mbit/s with framing)
[0;34m[Device: id=1] TX[0m: 0.0471 Mpps, 487.08 Mbit/s (494.62 Mbit/s with framing)
[1;36m[Device: id=0] RX[0m: 0.0389 Mpps, 399.39 Mbit/s (405.61 Mbit/s with framing)
[0;34m[Device: id=1] TX[0m: 0.2895 Mpps, 2992.23 Mbit/s (3038.55 Mbit/s with framing)
[1;36m[Device: id=0] RX[0m: 0.1663 Mpps, 1707.87 Mbit/s (1734.47 Mbit/s with framing)
[0;34m[Device: id=1] TX[0m: 0.2110 Mpps, 2181.20 Mbit/s (2214.96 Mbit/s with framing)
[1;36m[Device: id=0] RX[0m: 0.0391 Mpps, 401.26 Mbit/s (407.51 Mbit/s with framing)
[1;36m[Device: id=0] RX[0m: 0.0389 Mpps, 400.05 Mbit/s (406.28 Mbit/s with framing)
[0;34m[Device: id=1] TX[0m: 0.1947 Mpps, 2012.91 Mbit/s (2044.07 Mbit/s with framing)
[1;36m[Device: id=0] RX[0m: 0.0390 Mpps, 400.63 Mbit/s (406.87 Mbit/s with framing)
[0;34m[Device: id=1] TX[0m: 0.0659 Mpps, 681.31 Mbit/s (691.86 Mbit/s with framing)
[1;36m[Device: id=0] RX[0m: 0.1596 Mpps, 1639.71 Mbit/s (1665.25 Mbit/s with framing)
[0;34m[Device: id=1] TX[0m: 0.3057 Mpps, 3160.08 Mbit/s (3209.00 Mbit/s with framing)
[1;36m[Device: id=0] RX[0m: 0.0408 Mpps, 419.24 Mbit/s (425.77 Mbit/s with framing)
[0;34m[Device: id=1] TX[0m: 0.0975 Mpps, 1007.29 Mbit/s (1022.88 Mbit/s with framing)
[1;36m[Device: id=0] RX[0m: 0.0391 Mpps, 401.32 Mbit/s (407.57 Mbit/s with framing)
[0;34m[Device: id=1] TX[0m: 0.2050 Mpps, 2118.94 Mbit/s (2151.75 Mbit/s with framing)
[1;36m[Device: id=0] RX[0m: 0.0390 Mpps, 400.11 Mbit/s (406.35 Mbit/s with framing)
[0;34m[Device: id=1] TX[0m: 0.1399 Mpps, 1446.01 Mbit/s (1468.39 Mbit/s with framing)
[1;36m[Device: id=0] RX[0m: 0.0390 Mpps, 400.97 Mbit/s (407.22 Mbit/s with framing)
[0;34m[Device: id=1] TX[0m: 0.2472 Mpps, 2555.29 Mbit/s (2594.85 Mbit/s with framing)
[1;36m[Device: id=0] RX[0m: 0.0679 Mpps, 697.26 Mbit/s (708.13 Mbit/s with framing)
[0;34m[Device: id=1] TX[0m: 0.2077 Mpps, 2147.21 Mbit/s (2180.45 Mbit/s with framing)
[1;36m[Device: id=0] RX[0m: 0.0889 Mpps, 912.78 Mbit/s (927.00 Mbit/s with framing)
[0;34m[Device: id=1] TX[0m: 0.1804 Mpps, 1864.54 Mbit/s (1893.40 Mbit/s with framing)
[1;36m[Device: id=0] RX[0m: 0.0872 Mpps, 895.67 Mbit/s (909.63 Mbit/s with framing)
[0;34m[Device: id=1] TX[0m: 0.1728 Mpps, 1786.29 Mbit/s (1813.95 Mbit/s with framing)
[1;36m[Device: id=0] RX[0m: 0.1136 Mpps, 1166.95 Mbit/s (1185.13 Mbit/s with framing)
[0;34m[Device: id=1] TX[0m: 0.1677 Mpps, 1733.06 Mbit/s (1759.88 Mbit/s with framing)
[1;36m[Device: id=0] RX[0m: 0.0736 Mpps, 755.68 Mbit/s (767.45 Mbit/s with framing)
[0;34m[Device: id=1] TX[0m: 0.2021 Mpps, 2088.49 Mbit/s (2120.82 Mbit/s with framing)
[1;36m[Device: id=0] RX[0m: 0.0774 Mpps, 794.88 Mbit/s (807.26 Mbit/s with framing)
[0;34m[Device: id=1] TX[0m: 0.1792 Mpps, 1852.47 Mbit/s (1881.15 Mbit/s with framing)
[1;36m[Device: id=0] RX[0m: 0.0713 Mpps, 732.12 Mbit/s (743.53 Mbit/s with framing)
[0;34m[Device: id=1] TX[0m: 0.1793 Mpps, 1853.23 Mbit/s (1881.92 Mbit/s with framing)
[1;36m[Device: id=0] RX[0m: 0.0914 Mpps, 939.23 Mbit/s (953.86 Mbit/s with framing)
[0;34m[Device: id=1] TX[0m: 0.1804 Mpps, 1864.15 Mbit/s (1893.00 Mbit/s with framing)
[1;36m[Device: id=0] RX[0m: 0.0641 Mpps, 658.87 Mbit/s (669.13 Mbit/s with framing)
[0;34m[Device: id=1] TX[0m: 0.1798 Mpps, 1858.70 Mbit/s (1887.47 Mbit/s with framing)
[1;36m[Device: id=0] RX[0m: 0.0777 Mpps, 797.86 Mbit/s (810.29 Mbit/s with framing)
[0;34m[Device: id=1] TX[0m: 0.1807 Mpps, 1867.79 Mbit/s (1896.70 Mbit/s with framing)
[1;36m[Device: id=0] RX[0m: 0.0658 Mpps, 676.28 Mbit/s (686.81 Mbit/s with framing)
[0;34m[Device: id=1] TX[0m: 0.1805 Mpps, 1865.43 Mbit/s (1894.30 Mbit/s with framing)
[1;36m[Device: id=0] RX[0m: 0.0732 Mpps, 752.32 Mbit/s (764.03 Mbit/s with framing)
[0;34m[Device: id=1] TX[0m: 0.1804 Mpps, 1864.51 Mbit/s (1893.37 Mbit/s with framing)
[1;36m[Device: id=0] RX[0m: 0.0747 Mpps, 767.52 Mbit/s (779.47 Mbit/s with framing)
[0;34m[Device: id=1] TX[0m: 0.1796 Mpps, 1856.33 Mbit/s (1885.07 Mbit/s with framing)
[1;36m[Device: id=0] RX[0m: 0.0677 Mpps, 695.22 Mbit/s (706.05 Mbit/s with framing)
[0;34m[Device: id=1] TX[0m: 0.1798 Mpps, 1858.75 Mbit/s (1887.52 Mbit/s with framing)
18
[1;36m[Device: id=0] RX[0m: 0.0770 Mpps, 790.70 Mbit/s (803.02 Mbit/s with framing)
[0;34m[Device: id=1] TX[0m: 0.1474 Mpps, 1523.54 Mbit/s (1547.13 Mbit/s with framing)
[1;36m[Device: id=0] RX[0m: 0.0000 Mpps, 0.00 Mbit/s (0.00 Mbit/s with framing)
[0;34m[Device: id=1] TX[0m: 0.0000 Mpps, 0.00 Mbit/s (0.00 Mbit/s with framing)
5400000
[1;36m[Device: id=0] RX[0m: 0.0695 (StdDev 0.0358) Mpps, 714.31 (StdDev 368) Mbit/s (725.44 Mbit/s with framing), total 2125124 packets with 2728659216 bytes (incl. CRC)
[0;34m[Device: id=1] TX[0m: 0.1733 (StdDev 0.0637) Mpps, 1791.50 (StdDev 658) Mbit/s (1819.24 Mbit/s with framing), total 5400000 packets with 6976800000 bytes (incl. CRC)
