[1;37m[INFO]  Initializing DPDK. This will take a few seconds...[0m
EAL: Probing VFIO support...
EAL: WARNING: cpu flags constant_tsc=yes nonstop_tsc=no -> using unreliable clock cycles !
EAL: PCI device 0000:00:03.0 on NUMA socket -1
EAL:   Invalid NUMA socket, default to 0
EAL:   probe driver: 1af4:1000 net_virtio
EAL: PCI device 0000:00:04.0 on NUMA socket -1
EAL:   Invalid NUMA socket, default to 0
EAL:   probe driver: 1af4:1000 net_virtio
EAL: PCI device 0000:00:05.0 on NUMA socket -1
EAL:   Invalid NUMA socket, default to 0
EAL:   probe driver: 1af4:1000 net_virtio
[1;37m[INFO]  Found 2 usable devices:[0m
   Device 0: 52:54:00:C9:E4:6A ([0;32mRed Hat, Inc Virtio network device[0m)
   Device 1: 52:54:00:47:12:15 ([0;32mRed Hat, Inc Virtio network device[0m)
[1;37m[INFO]  Waiting for devices to come up...[0m
[1;37m[INFO]  Device 1 (52:54:00:47:12:15) is up: 10000 MBit/s[0m
[1;37m[INFO]  Device 0 (52:54:00:C9:E4:6A) is up: 10000 MBit/s[0m
[1;37m[INFO]  [0;32m2 devices are up.[0m[0m
[1;37m[INFO]  Trying to enable rx timestamping of all packets, this isn't supported by most nics[0m
[0;34m[Device: id=1] TX[0m: 0.2821 Mpps, 604.80 Mbit/s (649.93 Mbit/s with framing)
[1;36m[Device: id=0] RX[0m: 0.1020 Mpps, 212.06 Mbit/s (228.37 Mbit/s with framing)
[0;34m[Device: id=1] TX[0m: 0.2944 Mpps, 631.27 Mbit/s (678.38 Mbit/s with framing)
[1;36m[Device: id=0] RX[0m: 0.0672 Mpps, 139.83 Mbit/s (150.59 Mbit/s with framing)
[0;34m[Device: id=1] TX[0m: 0.2867 Mpps, 614.77 Mbit/s (660.65 Mbit/s with framing)
[1;36m[Device: id=0] RX[0m: 0.0893 Mpps, 185.72 Mbit/s (200.01 Mbit/s with framing)
[1;36m[Device: id=0] RX[0m: 0.1337 Mpps, 278.18 Mbit/s (299.57 Mbit/s with framing)
[0;34m[Device: id=1] TX[0m: 0.2883 Mpps, 618.13 Mbit/s (664.26 Mbit/s with framing)
[1;36m[Device: id=0] RX[0m: 0.1436 Mpps, 298.63 Mbit/s (321.60 Mbit/s with framing)
[0;34m[Device: id=1] TX[0m: 0.2954 Mpps, 633.42 Mbit/s (680.69 Mbit/s with framing)
[1;36m[Device: id=0] RX[0m: 0.0930 Mpps, 193.36 Mbit/s (208.24 Mbit/s with framing)
[0;34m[Device: id=1] TX[0m: 0.2761 Mpps, 591.94 Mbit/s (636.12 Mbit/s with framing)
[1;36m[Device: id=0] RX[0m: 0.0922 Mpps, 191.87 Mbit/s (206.63 Mbit/s with framing)
[0;34m[Device: id=1] TX[0m: 0.3009 Mpps, 645.07 Mbit/s (693.21 Mbit/s with framing)
[1;36m[Device: id=0] RX[0m: 0.1439 Mpps, 299.26 Mbit/s (322.28 Mbit/s with framing)
[0;34m[Device: id=1] TX[0m: 0.2685 Mpps, 575.59 Mbit/s (618.55 Mbit/s with framing)
[1;36m[Device: id=0] RX[0m: 0.1517 Mpps, 315.61 Mbit/s (339.89 Mbit/s with framing)
[0;34m[Device: id=1] TX[0m: 0.3137 Mpps, 672.51 Mbit/s (722.69 Mbit/s with framing)
[1;36m[Device: id=0] RX[0m: 0.1313 Mpps, 273.17 Mbit/s (294.18 Mbit/s with framing)
[0;34m[Device: id=1] TX[0m: 0.2719 Mpps, 582.88 Mbit/s (626.38 Mbit/s with framing)
[1;36m[Device: id=0] RX[0m: 0.0892 Mpps, 185.59 Mbit/s (199.87 Mbit/s with framing)
[0;34m[Device: id=1] TX[0m: 0.3099 Mpps, 664.46 Mbit/s (714.04 Mbit/s with framing)
[1;36m[Device: id=0] RX[0m: 0.0757 Mpps, 157.37 Mbit/s (169.47 Mbit/s with framing)
[0;34m[Device: id=1] TX[0m: 0.2898 Mpps, 621.24 Mbit/s (667.60 Mbit/s with framing)
[1;36m[Device: id=0] RX[0m: 0.1083 Mpps, 225.17 Mbit/s (242.49 Mbit/s with framing)
[0;34m[Device: id=1] TX[0m: 0.2897 Mpps, 621.19 Mbit/s (667.54 Mbit/s with framing)
[1;36m[Device: id=0] RX[0m: 0.0915 Mpps, 190.31 Mbit/s (204.95 Mbit/s with framing)
[0;34m[Device: id=1] TX[0m: 0.2722 Mpps, 583.69 Mbit/s (627.25 Mbit/s with framing)
[1;36m[Device: id=0] RX[0m: 0.1211 Mpps, 251.87 Mbit/s (271.24 Mbit/s with framing)
[0;34m[Device: id=1] TX[0m: 0.3076 Mpps, 659.54 Mbit/s (708.76 Mbit/s with framing)
[1;36m[Device: id=0] RX[0m: 0.1405 Mpps, 292.25 Mbit/s (314.73 Mbit/s with framing)
[0;34m[Device: id=1] TX[0m: 0.2795 Mpps, 599.24 Mbit/s (643.96 Mbit/s with framing)
[1;36m[Device: id=0] RX[0m: 0.1362 Mpps, 283.33 Mbit/s (305.13 Mbit/s with framing)
[0;34m[Device: id=1] TX[0m: 0.2999 Mpps, 643.03 Mbit/s (691.02 Mbit/s with framing)
[1;36m[Device: id=0] RX[0m: 0.0478 Mpps, 99.48 Mbit/s (107.13 Mbit/s with framing)
[0;34m[Device: id=1] TX[0m: 0.1062 Mpps, 227.74 Mbit/s (244.74 Mbit/s with framing)
[1;36m[Device: id=0] RX[0m: 0.1021 Mpps, 212.32 Mbit/s (228.66 Mbit/s with framing)
[0;34m[Device: id=1] TX[0m: 0.4626 Mpps, 991.89 Mbit/s (1065.91 Mbit/s with framing)
[1;36m[Device: id=0] RX[0m: 0.0898 Mpps, 186.79 Mbit/s (201.16 Mbit/s with framing)
[0;34m[Device: id=1] TX[0m: 0.2075 Mpps, 444.84 Mbit/s (478.03 Mbit/s with framing)
[1;36m[Device: id=0] RX[0m: 0.0867 Mpps, 180.35 Mbit/s (194.23 Mbit/s with framing)
[0;34m[Device: id=1] TX[0m: 0.2292 Mpps, 491.48 Mbit/s (528.16 Mbit/s with framing)
[1;36m[Device: id=0] RX[0m: 0.0503 Mpps, 104.62 Mbit/s (112.67 Mbit/s with framing)
[0;34m[Device: id=1] TX[0m: 0.1963 Mpps, 420.88 Mbit/s (452.29 Mbit/s with framing)
[1;36m[Device: id=0] RX[0m: 0.0392 Mpps, 81.45 Mbit/s (87.72 Mbit/s with framing)
[0;34m[Device: id=1] TX[0m: 0.3977 Mpps, 852.61 Mbit/s (916.23 Mbit/s with framing)
[1;36m[Device: id=0] RX[0m: 0.2426 Mpps, 504.65 Mbit/s (543.47 Mbit/s with framing)
[0;34m[Device: id=1] TX[0m: 0.3767 Mpps, 807.73 Mbit/s (868.00 Mbit/s with framing)
[1;36m[Device: id=0] RX[0m: 0.0392 Mpps, 81.43 Mbit/s (87.70 Mbit/s with framing)
[0;34m[Device: id=1] TX[0m: 0.3385 Mpps, 725.82 Mbit/s (779.98 Mbit/s with framing)
[1;36m[Device: id=0] RX[0m: 0.0637 Mpps, 132.59 Mbit/s (142.79 Mbit/s with framing)
[0;34m[Device: id=1] TX[0m: 0.0871 Mpps, 186.71 Mbit/s (200.64 Mbit/s with framing)
[1;36m[Device: id=0] RX[0m: 0.1382 Mpps, 287.38 Mbit/s (309.49 Mbit/s with framing)
[0;34m[Device: id=1] TX[0m: 0.4249 Mpps, 910.98 Mbit/s (978.97 Mbit/s with framing)
[1;36m[Device: id=0] RX[0m: 0.0627 Mpps, 130.38 Mbit/s (140.41 Mbit/s with framing)
[0;34m[Device: id=1] TX[0m: 0.3539 Mpps, 758.83 Mbit/s (815.46 Mbit/s with framing)
[1;36m[Device: id=0] RX[0m: 0.0399 Mpps, 83.09 Mbit/s (89.49 Mbit/s with framing)
[0;34m[Device: id=1] TX[0m: 0.1974 Mpps, 423.20 Mbit/s (454.79 Mbit/s with framing)
[1;36m[Device: id=0] RX[0m: 0.0392 Mpps, 81.46 Mbit/s (87.73 Mbit/s with framing)
[0;34m[Device: id=1] TX[0m: 0.0474 Mpps, 101.59 Mbit/s (109.17 Mbit/s with framing)
15
[1;36m[Device: id=0] RX[0m: 0.0220 Mpps, 45.71 Mbit/s (49.22 Mbit/s with framing)
[0;34m[Device: id=1] TX[0m: 0.3320 Mpps, 711.76 Mbit/s (764.87 Mbit/s with framing)
[1;36m[Device: id=0] RX[0m: 0.0000 Mpps, 0.00 Mbit/s (0.00 Mbit/s with framing)
8700000
[1;36m[Device: id=0] RX[0m: 0.0926 (StdDev 0.0494) Mpps, 192.69 (StdDev 103) Mbit/s (207.51 Mbit/s with framing), total 2973763 packets with 773178380 bytes (incl. CRC)
[0;34m[Device: id=1] TX[0m: 0.0000 Mpps, 0.00 Mbit/s (0.00 Mbit/s with framing)
[0;34m[Device: id=1] TX[0m: 0.2710 (StdDev 0.1021) Mpps, 581.10 (StdDev 219) Mbit/s (624.46 Mbit/s with framing), total 8700000 packets with 2331600000 bytes (incl. CRC)
