[1;37m[INFO]  Initializing DPDK. This will take a few seconds...[0m
EAL: Probing VFIO support...
EAL: WARNING: cpu flags constant_tsc=yes nonstop_tsc=no -> using unreliable clock cycles !
EAL: PCI device 0000:00:03.0 on NUMA socket -1
EAL:   Invalid NUMA socket, default to 0
EAL:   probe driver: 1af4:1000 net_virtio
EAL: PCI device 0000:00:04.0 on NUMA socket -1
EAL:   Invalid NUMA socket, default to 0
EAL:   probe driver: 1af4:1000 net_virtio
EAL: PCI device 0000:00:05.0 on NUMA socket -1
EAL:   Invalid NUMA socket, default to 0
EAL:   probe driver: 1af4:1000 net_virtio
[1;37m[INFO]  Found 2 usable devices:[0m
   Device 0: 52:54:00:C9:E4:6A ([0;32mRed Hat, Inc Virtio network device[0m)
   Device 1: 52:54:00:47:12:15 ([0;32mRed Hat, Inc Virtio network device[0m)
[1;37m[INFO]  Waiting for devices to come up...[0m
[1;37m[INFO]  Device 1 (52:54:00:47:12:15) is up: 10000 MBit/s[0m
[1;37m[INFO]  Device 0 (52:54:00:C9:E4:6A) is up: 10000 MBit/s[0m
[1;37m[INFO]  [0;32m2 devices are up.[0m[0m
[1;37m[INFO]  Trying to enable rx timestamping of all packets, this isn't supported by most nics[0m
[1;36m[Device: id=0] RX[0m: 0.0423 Mpps, 508.64 Mbit/s (515.41 Mbit/s with framing)
[0;34m[Device: id=1] TX[0m: 0.0977 Mpps, 1182.06 Mbit/s (1197.70 Mbit/s with framing)
[0;34m[Device: id=1] TX[0m: 0.1003 Mpps, 1212.87 Mbit/s (1228.92 Mbit/s with framing)
[1;36m[Device: id=0] RX[0m: 0.0422 Mpps, 507.55 Mbit/s (514.29 Mbit/s with framing)
[1;36m[Device: id=0] RX[0m: 0.0439 Mpps, 528.70 Mbit/s (535.73 Mbit/s with framing)
[0;34m[Device: id=1] TX[0m: 0.0982 Mpps, 1188.33 Mbit/s (1204.05 Mbit/s with framing)
[1;36m[Device: id=0] RX[0m: 0.0433 Mpps, 521.39 Mbit/s (528.33 Mbit/s with framing)
[0;34m[Device: id=1] TX[0m: 0.0936 Mpps, 1132.51 Mbit/s (1147.49 Mbit/s with framing)
[1;36m[Device: id=0] RX[0m: 0.0390 Mpps, 469.34 Mbit/s (475.58 Mbit/s with framing)
[0;34m[Device: id=1] TX[0m: 0.1043 Mpps, 1261.18 Mbit/s (1277.86 Mbit/s with framing)
[1;36m[Device: id=0] RX[0m: 0.0548 Mpps, 659.42 Mbit/s (668.19 Mbit/s with framing)
[0;34m[Device: id=1] TX[0m: 0.0937 Mpps, 1133.57 Mbit/s (1148.57 Mbit/s with framing)
[1;36m[Device: id=0] RX[0m: 0.0431 Mpps, 518.35 Mbit/s (525.24 Mbit/s with framing)
[0;34m[Device: id=1] TX[0m: 0.1065 Mpps, 1287.83 Mbit/s (1304.87 Mbit/s with framing)
[1;36m[Device: id=0] RX[0m: 0.0431 Mpps, 519.02 Mbit/s (525.92 Mbit/s with framing)
[0;34m[Device: id=1] TX[0m: 0.1038 Mpps, 1255.24 Mbit/s (1271.84 Mbit/s with framing)
[1;36m[Device: id=0] RX[0m: 0.0413 Mpps, 496.86 Mbit/s (503.47 Mbit/s with framing)
[0;34m[Device: id=1] TX[0m: 0.0977 Mpps, 1181.50 Mbit/s (1197.13 Mbit/s with framing)
[1;36m[Device: id=0] RX[0m: 0.0461 Mpps, 554.60 Mbit/s (561.98 Mbit/s with framing)
[0;34m[Device: id=1] TX[0m: 0.1019 Mpps, 1232.36 Mbit/s (1248.66 Mbit/s with framing)
[1;36m[Device: id=0] RX[0m: 0.0413 Mpps, 496.75 Mbit/s (503.36 Mbit/s with framing)
[0;34m[Device: id=1] TX[0m: 0.0993 Mpps, 1201.02 Mbit/s (1216.91 Mbit/s with framing)
[1;36m[Device: id=0] RX[0m: 0.0480 Mpps, 577.56 Mbit/s (585.24 Mbit/s with framing)
[0;34m[Device: id=1] TX[0m: 0.1012 Mpps, 1224.70 Mbit/s (1240.90 Mbit/s with framing)
[1;36m[Device: id=0] RX[0m: 0.0400 Mpps, 480.91 Mbit/s (487.30 Mbit/s with framing)
[0;34m[Device: id=1] TX[0m: 0.0995 Mpps, 1203.93 Mbit/s (1219.85 Mbit/s with framing)
[1;36m[Device: id=0] RX[0m: 0.0417 Mpps, 501.47 Mbit/s (508.14 Mbit/s with framing)
[0;34m[Device: id=1] TX[0m: 0.1003 Mpps, 1213.58 Mbit/s (1229.63 Mbit/s with framing)
[1;36m[Device: id=0] RX[0m: 0.0393 Mpps, 472.41 Mbit/s (478.69 Mbit/s with framing)
[0;34m[Device: id=1] TX[0m: 0.0996 Mpps, 1205.16 Mbit/s (1221.11 Mbit/s with framing)
[1;36m[Device: id=0] RX[0m: 0.0417 Mpps, 501.91 Mbit/s (508.59 Mbit/s with framing)
[0;34m[Device: id=1] TX[0m: 0.1004 Mpps, 1214.99 Mbit/s (1231.06 Mbit/s with framing)
[1;36m[Device: id=0] RX[0m: 0.0420 Mpps, 505.09 Mbit/s (511.80 Mbit/s with framing)
[0;34m[Device: id=1] TX[0m: 0.0994 Mpps, 1201.96 Mbit/s (1217.86 Mbit/s with framing)
[1;36m[Device: id=0] RX[0m: 0.0400 Mpps, 481.45 Mbit/s (487.86 Mbit/s with framing)
[0;34m[Device: id=1] TX[0m: 0.1004 Mpps, 1214.43 Mbit/s (1230.49 Mbit/s with framing)
[1;36m[Device: id=0] RX[0m: 0.0392 Mpps, 471.08 Mbit/s (477.34 Mbit/s with framing)
[0;34m[Device: id=1] TX[0m: 0.0998 Mpps, 1207.54 Mbit/s (1223.51 Mbit/s with framing)
[1;36m[Device: id=0] RX[0m: 0.0402 Mpps, 484.07 Mbit/s (490.51 Mbit/s with framing)
[0;34m[Device: id=1] TX[0m: 0.1002 Mpps, 1212.46 Mbit/s (1228.50 Mbit/s with framing)
[1;36m[Device: id=0] RX[0m: 0.0400 Mpps, 481.43 Mbit/s (487.83 Mbit/s with framing)
[0;34m[Device: id=1] TX[0m: 0.1001 Mpps, 1210.93 Mbit/s (1226.95 Mbit/s with framing)
[1;36m[Device: id=0] RX[0m: 0.0400 Mpps, 481.50 Mbit/s (487.90 Mbit/s with framing)
[0;34m[Device: id=1] TX[0m: 0.0989 Mpps, 1195.98 Mbit/s (1211.80 Mbit/s with framing)
[1;36m[Device: id=0] RX[0m: 0.0400 Mpps, 481.49 Mbit/s (487.89 Mbit/s with framing)
[0;34m[Device: id=1] TX[0m: 0.1009 Mpps, 1219.89 Mbit/s (1236.02 Mbit/s with framing)
[1;36m[Device: id=0] RX[0m: 0.0419 Mpps, 504.31 Mbit/s (511.02 Mbit/s with framing)
[0;34m[Device: id=1] TX[0m: 0.1002 Mpps, 1211.84 Mbit/s (1227.87 Mbit/s with framing)
[1;36m[Device: id=0] RX[0m: 0.0392 Mpps, 472.14 Mbit/s (478.42 Mbit/s with framing)
[0;34m[Device: id=1] TX[0m: 0.1000 Mpps, 1209.21 Mbit/s (1225.20 Mbit/s with framing)
[1;36m[Device: id=0] RX[0m: 0.0392 Mpps, 471.07 Mbit/s (477.34 Mbit/s with framing)
[0;34m[Device: id=1] TX[0m: 0.0999 Mpps, 1208.69 Mbit/s (1224.68 Mbit/s with framing)
[1;36m[Device: id=0] RX[0m: 0.0375 Mpps, 451.53 Mbit/s (457.54 Mbit/s with framing)
[0;34m[Device: id=1] TX[0m: 0.0999 Mpps, 1208.89 Mbit/s (1224.88 Mbit/s with framing)
[1;36m[Device: id=0] RX[0m: 0.0358 Mpps, 430.41 Mbit/s (436.13 Mbit/s with framing)
[0;34m[Device: id=1] TX[0m: 0.1003 Mpps, 1212.80 Mbit/s (1228.84 Mbit/s with framing)
[1;36m[Device: id=0] RX[0m: 0.0371 Mpps, 446.76 Mbit/s (452.70 Mbit/s with framing)
[0;34m[Device: id=1] TX[0m: 0.0996 Mpps, 1205.10 Mbit/s (1221.04 Mbit/s with framing)
3
[1;36m[Device: id=0] RX[0m: 0.0390 Mpps, 469.41 Mbit/s (475.65 Mbit/s with framing)
[0;34m[Device: id=1] TX[0m: 0.0936 Mpps, 1132.08 Mbit/s (1147.06 Mbit/s with framing)
[1;36m[Device: id=0] RX[0m: 0.0012 Mpps, 14.96 Mbit/s (15.15 Mbit/s with framing)
[0;34m[Device: id=1] TX[0m: 0.0000 Mpps, 0.00 Mbit/s (0.00 Mbit/s with framing)
3000000
[1;36m[Device: id=0] RX[0m: 0.0400 (StdDev 0.0082) Mpps, 481.76 (StdDev 98) Mbit/s (488.17 Mbit/s with framing), total 1243498 packets with 1870220992 bytes (incl. CRC)
[0;34m[Device: id=1] TX[0m: 0.0965 (StdDev 0.0184) Mpps, 1166.69 (StdDev 223) Mbit/s (1182.12 Mbit/s with framing), total 3000000 packets with 4536000000 bytes (incl. CRC)
