[1;37m[INFO]  Initializing DPDK. This will take a few seconds...[0m
EAL: Probing VFIO support...
EAL: WARNING: cpu flags constant_tsc=yes nonstop_tsc=no -> using unreliable clock cycles !
EAL: PCI device 0000:00:03.0 on NUMA socket -1
EAL:   Invalid NUMA socket, default to 0
EAL:   probe driver: 1af4:1000 net_virtio
EAL: PCI device 0000:00:04.0 on NUMA socket -1
EAL:   Invalid NUMA socket, default to 0
EAL:   probe driver: 1af4:1000 net_virtio
EAL: PCI device 0000:00:05.0 on NUMA socket -1
EAL:   Invalid NUMA socket, default to 0
EAL:   probe driver: 1af4:1000 net_virtio
[1;37m[INFO]  Found 2 usable devices:[0m
   Device 0: 52:54:00:C9:E4:6A ([0;32mRed Hat, Inc Virtio network device[0m)
   Device 1: 52:54:00:47:12:15 ([0;32mRed Hat, Inc Virtio network device[0m)
[1;37m[INFO]  Waiting for devices to come up...[0m
[1;37m[INFO]  Device 1 (52:54:00:47:12:15) is up: 10000 MBit/s[0m
[1;37m[INFO]  Device 0 (52:54:00:C9:E4:6A) is up: 10000 MBit/s[0m
[1;37m[INFO]  [0;32m2 devices are up.[0m[0m
[1;37m[INFO]  Trying to enable rx timestamping of all packets, this isn't supported by most nics[0m
[0;34m[Device: id=1] TX[0m: 0.0293 Mpps, 32.85 Mbit/s (37.54 Mbit/s with framing)
[1;36m[Device: id=0] RX[0m: 0.0258 Mpps, 27.25 Mbit/s (31.38 Mbit/s with framing)
[0;34m[Device: id=1] TX[0m: 0.0300 Mpps, 33.60 Mbit/s (38.40 Mbit/s with framing)
[1;36m[Device: id=0] RX[0m: 0.0304 Mpps, 32.11 Mbit/s (36.97 Mbit/s with framing)
[0;34m[Device: id=1] TX[0m: 0.0300 Mpps, 33.60 Mbit/s (38.40 Mbit/s with framing)
[1;36m[Device: id=0] RX[0m: 0.0300 Mpps, 31.68 Mbit/s (36.48 Mbit/s with framing)
[0;34m[Device: id=1] TX[0m: 0.0300 Mpps, 33.60 Mbit/s (38.40 Mbit/s with framing)
[1;36m[Device: id=0] RX[0m: 0.0300 Mpps, 31.68 Mbit/s (36.48 Mbit/s with framing)
[0;34m[Device: id=1] TX[0m: 0.0300 Mpps, 33.60 Mbit/s (38.40 Mbit/s with framing)
[1;36m[Device: id=0] RX[0m: 0.0300 Mpps, 31.68 Mbit/s (36.48 Mbit/s with framing)
[0;34m[Device: id=1] TX[0m: 0.0300 Mpps, 33.60 Mbit/s (38.40 Mbit/s with framing)
[1;36m[Device: id=0] RX[0m: 0.0300 Mpps, 31.68 Mbit/s (36.48 Mbit/s with framing)
[0;34m[Device: id=1] TX[0m: 0.0300 Mpps, 33.60 Mbit/s (38.40 Mbit/s with framing)
[1;36m[Device: id=0] RX[0m: 0.0300 Mpps, 31.68 Mbit/s (36.48 Mbit/s with framing)
[0;34m[Device: id=1] TX[0m: 0.0300 Mpps, 33.60 Mbit/s (38.40 Mbit/s with framing)
[1;36m[Device: id=0] RX[0m: 0.0300 Mpps, 31.68 Mbit/s (36.48 Mbit/s with framing)
[0;34m[Device: id=1] TX[0m: 0.0300 Mpps, 33.60 Mbit/s (38.40 Mbit/s with framing)
[1;36m[Device: id=0] RX[0m: 0.0300 Mpps, 31.68 Mbit/s (36.48 Mbit/s with framing)
[0;34m[Device: id=1] TX[0m: 0.0300 Mpps, 33.60 Mbit/s (38.40 Mbit/s with framing)
[1;36m[Device: id=0] RX[0m: 0.0300 Mpps, 31.68 Mbit/s (36.48 Mbit/s with framing)
[1;36m[Device: id=0] RX[0m: 0.0300 Mpps, 31.68 Mbit/s (36.48 Mbit/s with framing)
[0;34m[Device: id=1] TX[0m: 0.0300 Mpps, 33.60 Mbit/s (38.40 Mbit/s with framing)
[1;36m[Device: id=0] RX[0m: 0.0300 Mpps, 31.68 Mbit/s (36.48 Mbit/s with framing)
[0;34m[Device: id=1] TX[0m: 0.0300 Mpps, 33.60 Mbit/s (38.40 Mbit/s with framing)
[1;36m[Device: id=0] RX[0m: 0.0300 Mpps, 31.68 Mbit/s (36.48 Mbit/s with framing)
[0;34m[Device: id=1] TX[0m: 0.0300 Mpps, 33.60 Mbit/s (38.40 Mbit/s with framing)
[1;36m[Device: id=0] RX[0m: 0.0300 Mpps, 31.68 Mbit/s (36.48 Mbit/s with framing)
[0;34m[Device: id=1] TX[0m: 0.0300 Mpps, 33.60 Mbit/s (38.40 Mbit/s with framing)
[1;36m[Device: id=0] RX[0m: 0.0300 Mpps, 31.68 Mbit/s (36.48 Mbit/s with framing)
[0;34m[Device: id=1] TX[0m: 0.0300 Mpps, 33.60 Mbit/s (38.40 Mbit/s with framing)
[1;36m[Device: id=0] RX[0m: 0.0300 Mpps, 31.68 Mbit/s (36.48 Mbit/s with framing)
[0;34m[Device: id=1] TX[0m: 0.0300 Mpps, 33.60 Mbit/s (38.40 Mbit/s with framing)
[1;36m[Device: id=0] RX[0m: 0.0300 Mpps, 31.68 Mbit/s (36.48 Mbit/s with framing)
[0;34m[Device: id=1] TX[0m: 0.0300 Mpps, 33.60 Mbit/s (38.40 Mbit/s with framing)
[1;36m[Device: id=0] RX[0m: 0.0300 Mpps, 31.68 Mbit/s (36.48 Mbit/s with framing)
[0;34m[Device: id=1] TX[0m: 0.0300 Mpps, 33.60 Mbit/s (38.40 Mbit/s with framing)
[1;36m[Device: id=0] RX[0m: 0.0300 Mpps, 31.68 Mbit/s (36.48 Mbit/s with framing)
[0;34m[Device: id=1] TX[0m: 0.0300 Mpps, 33.60 Mbit/s (38.40 Mbit/s with framing)
[1;36m[Device: id=0] RX[0m: 0.0300 Mpps, 31.68 Mbit/s (36.48 Mbit/s with framing)
[0;34m[Device: id=1] TX[0m: 0.0300 Mpps, 33.60 Mbit/s (38.40 Mbit/s with framing)
[1;36m[Device: id=0] RX[0m: 0.0300 Mpps, 31.68 Mbit/s (36.48 Mbit/s with framing)
[0;34m[Device: id=1] TX[0m: 0.0300 Mpps, 33.60 Mbit/s (38.40 Mbit/s with framing)
[1;36m[Device: id=0] RX[0m: 0.0300 Mpps, 31.68 Mbit/s (36.48 Mbit/s with framing)
[0;34m[Device: id=1] TX[0m: 0.0300 Mpps, 33.60 Mbit/s (38.40 Mbit/s with framing)
[1;36m[Device: id=0] RX[0m: 0.0300 Mpps, 31.68 Mbit/s (36.48 Mbit/s with framing)
[0;34m[Device: id=1] TX[0m: 0.0300 Mpps, 33.60 Mbit/s (38.40 Mbit/s with framing)
[1;36m[Device: id=0] RX[0m: 0.0300 Mpps, 31.68 Mbit/s (36.48 Mbit/s with framing)
[0;34m[Device: id=1] TX[0m: 0.0300 Mpps, 33.60 Mbit/s (38.40 Mbit/s with framing)
[1;36m[Device: id=0] RX[0m: 0.0300 Mpps, 31.68 Mbit/s (36.48 Mbit/s with framing)
[0;34m[Device: id=1] TX[0m: 0.0300 Mpps, 33.60 Mbit/s (38.40 Mbit/s with framing)
[1;36m[Device: id=0] RX[0m: 0.0300 Mpps, 31.68 Mbit/s (36.48 Mbit/s with framing)
[0;34m[Device: id=1] TX[0m: 0.0300 Mpps, 33.60 Mbit/s (38.40 Mbit/s with framing)
[1;36m[Device: id=0] RX[0m: 0.0300 Mpps, 31.68 Mbit/s (36.48 Mbit/s with framing)
[0;34m[Device: id=1] TX[0m: 0.0300 Mpps, 33.60 Mbit/s (38.40 Mbit/s with framing)
[1;36m[Device: id=0] RX[0m: 0.0300 Mpps, 31.68 Mbit/s (36.48 Mbit/s with framing)
[0;34m[Device: id=1] TX[0m: 0.0300 Mpps, 33.60 Mbit/s (38.40 Mbit/s with framing)
[1;36m[Device: id=0] RX[0m: 0.0300 Mpps, 31.68 Mbit/s (36.48 Mbit/s with framing)
[0;34m[Device: id=1] TX[0m: 0.0300 Mpps, 33.60 Mbit/s (38.40 Mbit/s with framing)
45
[1;36m[Device: id=0] RX[0m: 0.0300 Mpps, 31.68 Mbit/s (36.48 Mbit/s with framing)
[0;34m[Device: id=1] TX[0m: 0.0289 Mpps, 32.34 Mbit/s (36.96 Mbit/s with framing)
[1;36m[Device: id=0] RX[0m: 0.0000 Mpps, 0.04 Mbit/s (0.05 Mbit/s with framing)
[0;34m[Device: id=1] TX[0m: 0.0000 Mpps, 0.00 Mbit/s (0.00 Mbit/s with framing)
900000
[1;36m[Device: id=0] RX[0m: 0.0290 (StdDev 0.0055) Mpps, 30.64 (StdDev 6) Mbit/s (35.28 Mbit/s with framing), total 896281 packets with 118309092 bytes (incl. CRC)
[0;34m[Device: id=1] TX[0m: 0.0290 (StdDev 0.0055) Mpps, 32.44 (StdDev 6) Mbit/s (37.07 Mbit/s with framing), total 900000 packets with 126000000 bytes (incl. CRC)
