[1;37m[INFO]  Initializing DPDK. This will take a few seconds...[0m
EAL: Probing VFIO support...
EAL: WARNING: cpu flags constant_tsc=yes nonstop_tsc=no -> using unreliable clock cycles !
EAL: PCI device 0000:00:03.0 on NUMA socket -1
EAL:   Invalid NUMA socket, default to 0
EAL:   probe driver: 1af4:1000 net_virtio
EAL: PCI device 0000:00:04.0 on NUMA socket -1
EAL:   Invalid NUMA socket, default to 0
EAL:   probe driver: 1af4:1000 net_virtio
EAL: PCI device 0000:00:05.0 on NUMA socket -1
EAL:   Invalid NUMA socket, default to 0
EAL:   probe driver: 1af4:1000 net_virtio
[1;37m[INFO]  Found 2 usable devices:[0m
   Device 0: 52:54:00:C9:E4:6A ([0;32mRed Hat, Inc Virtio network device[0m)
   Device 1: 52:54:00:47:12:15 ([0;32mRed Hat, Inc Virtio network device[0m)
[1;37m[INFO]  Waiting for devices to come up...[0m
[1;37m[INFO]  Device 1 (52:54:00:47:12:15) is up: 10000 MBit/s[0m
[1;37m[INFO]  Device 0 (52:54:00:C9:E4:6A) is up: 10000 MBit/s[0m
[1;37m[INFO]  [0;32m2 devices are up.[0m[0m
[1;37m[INFO]  Trying to enable rx timestamping of all packets, this isn't supported by most nics[0m
[0;34m[Device: id=1] TX[0m: 0.0994 Mpps, 416.51 Mbit/s (432.41 Mbit/s with framing)
[1;36m[Device: id=0] RX[0m: 0.0397 Mpps, 163.87 Mbit/s (170.22 Mbit/s with framing)
[0;34m[Device: id=1] TX[0m: 0.1001 Mpps, 419.44 Mbit/s (435.44 Mbit/s with framing)
[1;36m[Device: id=0] RX[0m: 0.0453 Mpps, 187.10 Mbit/s (194.35 Mbit/s with framing)
[0;34m[Device: id=1] TX[0m: 0.0994 Mpps, 416.57 Mbit/s (432.47 Mbit/s with framing)
[1;36m[Device: id=0] RX[0m: 0.0409 Mpps, 168.97 Mbit/s (175.51 Mbit/s with framing)
[0;34m[Device: id=1] TX[0m: 0.0999 Mpps, 418.77 Mbit/s (434.75 Mbit/s with framing)
[1;36m[Device: id=0] RX[0m: 0.0415 Mpps, 171.29 Mbit/s (177.93 Mbit/s with framing)
[0;34m[Device: id=1] TX[0m: 0.1006 Mpps, 421.75 Mbit/s (437.84 Mbit/s with framing)
[1;36m[Device: id=0] RX[0m: 0.0391 Mpps, 161.28 Mbit/s (167.54 Mbit/s with framing)
[0;34m[Device: id=1] TX[0m: 0.1001 Mpps, 419.68 Mbit/s (435.70 Mbit/s with framing)
[1;36m[Device: id=0] RX[0m: 0.0404 Mpps, 166.92 Mbit/s (173.39 Mbit/s with framing)
[0;34m[Device: id=1] TX[0m: 0.1000 Mpps, 419.10 Mbit/s (435.10 Mbit/s with framing)
[1;36m[Device: id=0] RX[0m: 0.0401 Mpps, 165.56 Mbit/s (171.98 Mbit/s with framing)
[1;36m[Device: id=0] RX[0m: 0.0401 Mpps, 165.44 Mbit/s (171.85 Mbit/s with framing)
[0;34m[Device: id=1] TX[0m: 0.0998 Mpps, 418.56 Mbit/s (434.54 Mbit/s with framing)
[1;36m[Device: id=0] RX[0m: 0.0390 Mpps, 161.09 Mbit/s (167.34 Mbit/s with framing)
[0;34m[Device: id=1] TX[0m: 0.1002 Mpps, 419.85 Mbit/s (435.88 Mbit/s with framing)
[1;36m[Device: id=0] RX[0m: 0.0423 Mpps, 174.45 Mbit/s (181.21 Mbit/s with framing)
[0;34m[Device: id=1] TX[0m: 0.0996 Mpps, 417.45 Mbit/s (433.38 Mbit/s with framing)
[1;36m[Device: id=0] RX[0m: 0.0425 Mpps, 175.29 Mbit/s (182.09 Mbit/s with framing)
[0;34m[Device: id=1] TX[0m: 0.0999 Mpps, 418.67 Mbit/s (434.65 Mbit/s with framing)
[1;36m[Device: id=0] RX[0m: 0.0391 Mpps, 161.52 Mbit/s (167.78 Mbit/s with framing)
[0;34m[Device: id=1] TX[0m: 0.1002 Mpps, 420.22 Mbit/s (436.26 Mbit/s with framing)
[1;36m[Device: id=0] RX[0m: 0.0412 Mpps, 170.26 Mbit/s (176.86 Mbit/s with framing)
[0;34m[Device: id=1] TX[0m: 0.1002 Mpps, 420.11 Mbit/s (436.15 Mbit/s with framing)
[1;36m[Device: id=0] RX[0m: 0.0414 Mpps, 171.05 Mbit/s (177.68 Mbit/s with framing)
[0;34m[Device: id=1] TX[0m: 0.0993 Mpps, 416.42 Mbit/s (432.31 Mbit/s with framing)
[1;36m[Device: id=0] RX[0m: 0.0391 Mpps, 161.46 Mbit/s (167.71 Mbit/s with framing)
[0;34m[Device: id=1] TX[0m: 0.0991 Mpps, 415.49 Mbit/s (431.35 Mbit/s with framing)
[1;36m[Device: id=0] RX[0m: 0.0405 Mpps, 167.32 Mbit/s (173.80 Mbit/s with framing)
[0;34m[Device: id=1] TX[0m: 0.1017 Mpps, 426.22 Mbit/s (442.49 Mbit/s with framing)
[1;36m[Device: id=0] RX[0m: 0.0391 Mpps, 161.47 Mbit/s (167.73 Mbit/s with framing)
[0;34m[Device: id=1] TX[0m: 0.0993 Mpps, 416.23 Mbit/s (432.11 Mbit/s with framing)
[1;36m[Device: id=0] RX[0m: 0.0391 Mpps, 161.51 Mbit/s (167.77 Mbit/s with framing)
[0;34m[Device: id=1] TX[0m: 0.0992 Mpps, 415.94 Mbit/s (431.81 Mbit/s with framing)
[1;36m[Device: id=0] RX[0m: 0.0416 Mpps, 171.61 Mbit/s (178.26 Mbit/s with framing)
[0;34m[Device: id=1] TX[0m: 0.1009 Mpps, 422.78 Mbit/s (438.92 Mbit/s with framing)
[1;36m[Device: id=0] RX[0m: 0.0392 Mpps, 161.77 Mbit/s (168.04 Mbit/s with framing)
[0;34m[Device: id=1] TX[0m: 0.1000 Mpps, 419.35 Mbit/s (435.36 Mbit/s with framing)
[1;36m[Device: id=0] RX[0m: 0.0394 Mpps, 162.46 Mbit/s (168.75 Mbit/s with framing)
[0;34m[Device: id=1] TX[0m: 0.1007 Mpps, 421.96 Mbit/s (438.07 Mbit/s with framing)
[1;36m[Device: id=0] RX[0m: 0.0392 Mpps, 161.98 Mbit/s (168.26 Mbit/s with framing)
[0;34m[Device: id=1] TX[0m: 0.0997 Mpps, 417.87 Mbit/s (433.82 Mbit/s with framing)
[1;36m[Device: id=0] RX[0m: 0.0402 Mpps, 165.93 Mbit/s (172.36 Mbit/s with framing)
[0;34m[Device: id=1] TX[0m: 0.0998 Mpps, 418.16 Mbit/s (434.12 Mbit/s with framing)
[1;36m[Device: id=0] RX[0m: 0.0413 Mpps, 170.64 Mbit/s (177.25 Mbit/s with framing)
[0;34m[Device: id=1] TX[0m: 0.1002 Mpps, 420.17 Mbit/s (436.21 Mbit/s with framing)
[1;36m[Device: id=0] RX[0m: 0.0427 Mpps, 176.33 Mbit/s (183.16 Mbit/s with framing)
[0;34m[Device: id=1] TX[0m: 0.1001 Mpps, 419.46 Mbit/s (435.47 Mbit/s with framing)
[1;36m[Device: id=0] RX[0m: 0.0403 Mpps, 166.43 Mbit/s (172.88 Mbit/s with framing)
[0;34m[Device: id=1] TX[0m: 0.1000 Mpps, 419.40 Mbit/s (435.40 Mbit/s with framing)
[1;36m[Device: id=0] RX[0m: 0.0401 Mpps, 165.72 Mbit/s (172.14 Mbit/s with framing)
[0;34m[Device: id=1] TX[0m: 0.1001 Mpps, 419.82 Mbit/s (435.84 Mbit/s with framing)
[1;36m[Device: id=0] RX[0m: 0.0401 Mpps, 165.37 Mbit/s (171.78 Mbit/s with framing)
[0;34m[Device: id=1] TX[0m: 0.0995 Mpps, 417.03 Mbit/s (432.95 Mbit/s with framing)
[1;36m[Device: id=0] RX[0m: 0.0413 Mpps, 170.63 Mbit/s (177.25 Mbit/s with framing)
[0;34m[Device: id=1] TX[0m: 0.1001 Mpps, 419.60 Mbit/s (435.61 Mbit/s with framing)
3
[1;36m[Device: id=0] RX[0m: 0.0404 Mpps, 166.82 Mbit/s (173.29 Mbit/s with framing)
[0;34m[Device: id=1] TX[0m: 0.0947 Mpps, 397.02 Mbit/s (412.17 Mbit/s with framing)
[1;36m[Device: id=0] RX[0m: 0.0003 Mpps, 1.24 Mbit/s (1.29 Mbit/s with framing)
[0;34m[Device: id=1] TX[0m: 0.0000 Mpps, 0.00 Mbit/s (0.00 Mbit/s with framing)
3000000
[1;36m[Device: id=0] RX[0m: 0.0392 (StdDev 0.0075) Mpps, 161.96 (StdDev 31) Mbit/s (168.24 Mbit/s with framing), total 1216774 packets with 627855384 bytes (incl. CRC)
[0;34m[Device: id=1] TX[0m: 0.0965 (StdDev 0.0183) Mpps, 404.44 (StdDev 77) Mbit/s (419.87 Mbit/s with framing), total 3000000 packets with 1572000000 bytes (incl. CRC)
