[1;37m[INFO]  Initializing DPDK. This will take a few seconds...[0m
EAL: Probing VFIO support...
EAL: WARNING: cpu flags constant_tsc=yes nonstop_tsc=no -> using unreliable clock cycles !
EAL: PCI device 0000:00:03.0 on NUMA socket -1
EAL:   Invalid NUMA socket, default to 0
EAL:   probe driver: 1af4:1000 net_virtio
EAL: PCI device 0000:00:04.0 on NUMA socket -1
EAL:   Invalid NUMA socket, default to 0
EAL:   probe driver: 1af4:1000 net_virtio
EAL: PCI device 0000:00:05.0 on NUMA socket -1
EAL:   Invalid NUMA socket, default to 0
EAL:   probe driver: 1af4:1000 net_virtio
[1;37m[INFO]  Found 2 usable devices:[0m
   Device 0: 52:54:00:C9:E4:6A ([0;32mRed Hat, Inc Virtio network device[0m)
   Device 1: 52:54:00:47:12:15 ([0;32mRed Hat, Inc Virtio network device[0m)
[1;37m[INFO]  Waiting for devices to come up...[0m
[1;37m[INFO]  Device 1 (52:54:00:47:12:15) is up: 10000 MBit/s[0m
[1;37m[INFO]  Device 0 (52:54:00:C9:E4:6A) is up: 10000 MBit/s[0m
[1;37m[INFO]  [0;32m2 devices are up.[0m[0m
[1;37m[INFO]  Trying to enable rx timestamping of all packets, this isn't supported by most nics[0m
[1;36m[Device: id=0] RX[0m: 0.0664 Mpps, 36.10 Mbit/s (46.71 Mbit/s with framing)
[0;34m[Device: id=1] TX[0m: 0.1605 Mpps, 97.58 Mbit/s (123.26 Mbit/s with framing)
[0;34m[Device: id=1] TX[0m: 0.1592 Mpps, 96.79 Mbit/s (122.26 Mbit/s with framing)
[1;36m[Device: id=0] RX[0m: 0.0577 Mpps, 31.39 Mbit/s (40.63 Mbit/s with framing)
[0;34m[Device: id=1] TX[0m: 0.1609 Mpps, 97.82 Mbit/s (123.56 Mbit/s with framing)
[1;36m[Device: id=0] RX[0m: 0.0562 Mpps, 30.56 Mbit/s (39.55 Mbit/s with framing)
[1;36m[Device: id=0] RX[0m: 0.0587 Mpps, 31.95 Mbit/s (41.35 Mbit/s with framing)
[0;34m[Device: id=1] TX[0m: 0.1553 Mpps, 94.43 Mbit/s (119.29 Mbit/s with framing)
[1;36m[Device: id=0] RX[0m: 0.0582 Mpps, 31.67 Mbit/s (40.98 Mbit/s with framing)
[0;34m[Device: id=1] TX[0m: 0.1647 Mpps, 100.15 Mbit/s (126.51 Mbit/s with framing)
[1;36m[Device: id=0] RX[0m: 0.0517 Mpps, 28.10 Mbit/s (36.36 Mbit/s with framing)
[0;34m[Device: id=1] TX[0m: 0.1596 Mpps, 97.01 Mbit/s (122.53 Mbit/s with framing)
[1;36m[Device: id=0] RX[0m: 0.0549 Mpps, 29.86 Mbit/s (38.64 Mbit/s with framing)
[0;34m[Device: id=1] TX[0m: 0.1597 Mpps, 97.10 Mbit/s (122.65 Mbit/s with framing)
[1;36m[Device: id=0] RX[0m: 0.0529 Mpps, 28.77 Mbit/s (37.24 Mbit/s with framing)
[0;34m[Device: id=1] TX[0m: 0.1574 Mpps, 95.69 Mbit/s (120.87 Mbit/s with framing)
[1;36m[Device: id=0] RX[0m: 0.0475 Mpps, 25.84 Mbit/s (33.44 Mbit/s with framing)
[0;34m[Device: id=1] TX[0m: 0.1619 Mpps, 98.42 Mbit/s (124.32 Mbit/s with framing)
[1;36m[Device: id=0] RX[0m: 0.0516 Mpps, 28.09 Mbit/s (36.35 Mbit/s with framing)
[0;34m[Device: id=1] TX[0m: 0.1612 Mpps, 98.00 Mbit/s (123.79 Mbit/s with framing)
[1;36m[Device: id=0] RX[0m: 0.0412 Mpps, 22.41 Mbit/s (29.00 Mbit/s with framing)
[0;34m[Device: id=1] TX[0m: 0.1602 Mpps, 97.38 Mbit/s (123.01 Mbit/s with framing)
[1;36m[Device: id=0] RX[0m: 0.0519 Mpps, 28.24 Mbit/s (36.54 Mbit/s with framing)
[0;34m[Device: id=1] TX[0m: 0.1593 Mpps, 96.88 Mbit/s (122.38 Mbit/s with framing)
[1;36m[Device: id=0] RX[0m: 0.0431 Mpps, 23.46 Mbit/s (30.36 Mbit/s with framing)
[0;34m[Device: id=1] TX[0m: 0.1570 Mpps, 95.43 Mbit/s (120.55 Mbit/s with framing)
[1;36m[Device: id=0] RX[0m: 0.0539 Mpps, 29.35 Mbit/s (37.98 Mbit/s with framing)
[0;34m[Device: id=1] TX[0m: 0.1605 Mpps, 97.58 Mbit/s (123.26 Mbit/s with framing)
[1;36m[Device: id=0] RX[0m: 0.0429 Mpps, 23.36 Mbit/s (30.22 Mbit/s with framing)
[0;34m[Device: id=1] TX[0m: 0.1632 Mpps, 99.23 Mbit/s (125.34 Mbit/s with framing)
[1;36m[Device: id=0] RX[0m: 0.0392 Mpps, 21.34 Mbit/s (27.62 Mbit/s with framing)
[0;34m[Device: id=1] TX[0m: 0.1529 Mpps, 92.97 Mbit/s (117.44 Mbit/s with framing)
[1;36m[Device: id=0] RX[0m: 0.0388 Mpps, 21.11 Mbit/s (27.31 Mbit/s with framing)
[0;34m[Device: id=1] TX[0m: 0.1648 Mpps, 100.20 Mbit/s (126.57 Mbit/s with framing)
[1;36m[Device: id=0] RX[0m: 0.0481 Mpps, 26.18 Mbit/s (33.88 Mbit/s with framing)
[0;34m[Device: id=1] TX[0m: 0.1601 Mpps, 97.37 Mbit/s (122.99 Mbit/s with framing)
[1;36m[Device: id=0] RX[0m: 0.0390 Mpps, 21.23 Mbit/s (27.47 Mbit/s with framing)
[0;34m[Device: id=1] TX[0m: 0.1625 Mpps, 98.81 Mbit/s (124.81 Mbit/s with framing)
[1;36m[Device: id=0] RX[0m: 0.0466 Mpps, 25.33 Mbit/s (32.77 Mbit/s with framing)
[0;34m[Device: id=1] TX[0m: 0.1595 Mpps, 96.96 Mbit/s (122.47 Mbit/s with framing)
[1;36m[Device: id=0] RX[0m: 0.0396 Mpps, 21.56 Mbit/s (27.90 Mbit/s with framing)
[0;34m[Device: id=1] TX[0m: 0.1605 Mpps, 97.59 Mbit/s (123.28 Mbit/s with framing)
[1;36m[Device: id=0] RX[0m: 0.0442 Mpps, 24.04 Mbit/s (31.11 Mbit/s with framing)
[0;34m[Device: id=1] TX[0m: 0.1584 Mpps, 96.32 Mbit/s (121.67 Mbit/s with framing)
[1;36m[Device: id=0] RX[0m: 0.0500 Mpps, 27.18 Mbit/s (35.18 Mbit/s with framing)
[0;34m[Device: id=1] TX[0m: 0.1602 Mpps, 97.38 Mbit/s (123.01 Mbit/s with framing)
[1;36m[Device: id=0] RX[0m: 0.0456 Mpps, 24.78 Mbit/s (32.07 Mbit/s with framing)
[0;34m[Device: id=1] TX[0m: 0.1613 Mpps, 98.09 Mbit/s (123.90 Mbit/s with framing)
[1;36m[Device: id=0] RX[0m: 0.0397 Mpps, 21.58 Mbit/s (27.92 Mbit/s with framing)
[0;34m[Device: id=1] TX[0m: 0.1579 Mpps, 96.02 Mbit/s (121.28 Mbit/s with framing)
[1;36m[Device: id=0] RX[0m: 0.0441 Mpps, 23.99 Mbit/s (31.05 Mbit/s with framing)
[0;34m[Device: id=1] TX[0m: 0.1620 Mpps, 98.52 Mbit/s (124.45 Mbit/s with framing)
[1;36m[Device: id=0] RX[0m: 0.0399 Mpps, 21.70 Mbit/s (28.08 Mbit/s with framing)
[0;34m[Device: id=1] TX[0m: 0.1594 Mpps, 96.92 Mbit/s (122.42 Mbit/s with framing)
[1;36m[Device: id=0] RX[0m: 0.0421 Mpps, 22.88 Mbit/s (29.61 Mbit/s with framing)
[0;34m[Device: id=1] TX[0m: 0.1584 Mpps, 96.29 Mbit/s (121.63 Mbit/s with framing)
[1;36m[Device: id=0] RX[0m: 0.0397 Mpps, 21.59 Mbit/s (27.94 Mbit/s with framing)
[0;34m[Device: id=1] TX[0m: 0.1600 Mpps, 97.25 Mbit/s (122.85 Mbit/s with framing)
30
[1;36m[Device: id=0] RX[0m: 0.0424 Mpps, 23.07 Mbit/s (29.86 Mbit/s with framing)
[0;34m[Device: id=1] TX[0m: 0.1426 Mpps, 86.69 Mbit/s (109.50 Mbit/s with framing)
[1;36m[Device: id=0] RX[0m: 0.0004 Mpps, 0.23 Mbit/s (0.29 Mbit/s with framing)
[0;34m[Device: id=1] TX[0m: 0.0000 Mpps, 0.00 Mbit/s (0.00 Mbit/s with framing)
4800000
[1;36m[Device: id=0] RX[0m: 0.0454 (StdDev 0.0107) Mpps, 24.69 (StdDev 6) Mbit/s (31.96 Mbit/s with framing), total 1428176 packets with 97115968 bytes (incl. CRC)
[0;34m[Device: id=1] TX[0m: 0.1540 (StdDev 0.0294) Mpps, 93.64 (StdDev 18) Mbit/s (118.29 Mbit/s with framing), total 4800000 packets with 364800000 bytes (incl. CRC)
