[1;37m[INFO]  Initializing DPDK. This will take a few seconds...[0m
EAL: Probing VFIO support...
EAL: WARNING: cpu flags constant_tsc=yes nonstop_tsc=no -> using unreliable clock cycles !
EAL: PCI device 0000:00:03.0 on NUMA socket -1
EAL:   Invalid NUMA socket, default to 0
EAL:   probe driver: 1af4:1000 net_virtio
EAL: PCI device 0000:00:04.0 on NUMA socket -1
EAL:   Invalid NUMA socket, default to 0
EAL:   probe driver: 1af4:1000 net_virtio
EAL: PCI device 0000:00:05.0 on NUMA socket -1
EAL:   Invalid NUMA socket, default to 0
EAL:   probe driver: 1af4:1000 net_virtio
[1;37m[INFO]  Found 2 usable devices:[0m
   Device 0: 52:54:00:C9:E4:6A ([0;32mRed Hat, Inc Virtio network device[0m)
   Device 1: 52:54:00:47:12:15 ([0;32mRed Hat, Inc Virtio network device[0m)
[1;37m[INFO]  Waiting for devices to come up...[0m
[1;37m[INFO]  Device 1 (52:54:00:47:12:15) is up: 10000 MBit/s[0m
[1;37m[INFO]  Device 0 (52:54:00:C9:E4:6A) is up: 10000 MBit/s[0m
[1;37m[INFO]  [0;32m2 devices are up.[0m[0m
[1;37m[INFO]  Trying to enable rx timestamping of all packets, this isn't supported by most nics[0m
[0;34m[Device: id=1] TX[0m: 0.1673 Mpps, 101.73 Mbit/s (128.50 Mbit/s with framing)
[1;36m[Device: id=0] RX[0m: 0.1005 Mpps, 54.67 Mbit/s (70.75 Mbit/s with framing)
[0;34m[Device: id=1] TX[0m: 0.1595 Mpps, 96.99 Mbit/s (122.51 Mbit/s with framing)
[1;36m[Device: id=0] RX[0m: 0.0401 Mpps, 21.82 Mbit/s (28.24 Mbit/s with framing)
[0;34m[Device: id=1] TX[0m: 0.1748 Mpps, 106.25 Mbit/s (134.21 Mbit/s with framing)
[1;36m[Device: id=0] RX[0m: 0.0513 Mpps, 27.90 Mbit/s (36.10 Mbit/s with framing)
[0;34m[Device: id=1] TX[0m: 0.1649 Mpps, 100.26 Mbit/s (126.64 Mbit/s with framing)
[1;36m[Device: id=0] RX[0m: 0.0435 Mpps, 23.66 Mbit/s (30.63 Mbit/s with framing)
[0;34m[Device: id=1] TX[0m: 0.1787 Mpps, 108.64 Mbit/s (137.23 Mbit/s with framing)
[1;36m[Device: id=0] RX[0m: 0.0402 Mpps, 21.84 Mbit/s (28.27 Mbit/s with framing)
[1;36m[Device: id=0] RX[0m: 0.0693 Mpps, 37.68 Mbit/s (48.77 Mbit/s with framing)
[0;34m[Device: id=1] TX[0m: 0.1736 Mpps, 105.57 Mbit/s (133.35 Mbit/s with framing)
[1;36m[Device: id=0] RX[0m: 0.0610 Mpps, 33.16 Mbit/s (42.92 Mbit/s with framing)
[0;34m[Device: id=1] TX[0m: 0.1676 Mpps, 101.90 Mbit/s (128.72 Mbit/s with framing)
[1;36m[Device: id=0] RX[0m: 0.0509 Mpps, 27.71 Mbit/s (35.87 Mbit/s with framing)
[0;34m[Device: id=1] TX[0m: 0.1685 Mpps, 102.42 Mbit/s (129.38 Mbit/s with framing)
[1;36m[Device: id=0] RX[0m: 0.0464 Mpps, 25.21 Mbit/s (32.63 Mbit/s with framing)
[0;34m[Device: id=1] TX[0m: 0.1715 Mpps, 104.25 Mbit/s (131.69 Mbit/s with framing)
[1;36m[Device: id=0] RX[0m: 0.0421 Mpps, 22.89 Mbit/s (29.62 Mbit/s with framing)
[0;34m[Device: id=1] TX[0m: 0.1717 Mpps, 104.38 Mbit/s (131.84 Mbit/s with framing)
[1;36m[Device: id=0] RX[0m: 0.0561 Mpps, 30.54 Mbit/s (39.52 Mbit/s with framing)
[0;34m[Device: id=1] TX[0m: 0.1659 Mpps, 100.85 Mbit/s (127.39 Mbit/s with framing)
[1;36m[Device: id=0] RX[0m: 0.0408 Mpps, 22.17 Mbit/s (28.69 Mbit/s with framing)
[0;34m[Device: id=1] TX[0m: 0.1672 Mpps, 101.65 Mbit/s (128.40 Mbit/s with framing)
[1;36m[Device: id=0] RX[0m: 0.0435 Mpps, 23.68 Mbit/s (30.65 Mbit/s with framing)
[0;34m[Device: id=1] TX[0m: 0.1622 Mpps, 98.63 Mbit/s (124.58 Mbit/s with framing)
[1;36m[Device: id=0] RX[0m: 0.0458 Mpps, 24.93 Mbit/s (32.26 Mbit/s with framing)
[0;34m[Device: id=1] TX[0m: 0.1768 Mpps, 107.52 Mbit/s (135.81 Mbit/s with framing)
[1;36m[Device: id=0] RX[0m: 0.0434 Mpps, 23.62 Mbit/s (30.57 Mbit/s with framing)
[0;34m[Device: id=1] TX[0m: 0.1666 Mpps, 101.28 Mbit/s (127.93 Mbit/s with framing)
[1;36m[Device: id=0] RX[0m: 0.0578 Mpps, 31.46 Mbit/s (40.71 Mbit/s with framing)
[0;34m[Device: id=1] TX[0m: 0.1670 Mpps, 101.51 Mbit/s (128.22 Mbit/s with framing)
[1;36m[Device: id=0] RX[0m: 0.0407 Mpps, 22.15 Mbit/s (28.66 Mbit/s with framing)
[0;34m[Device: id=1] TX[0m: 0.1773 Mpps, 107.77 Mbit/s (136.13 Mbit/s with framing)
[1;36m[Device: id=0] RX[0m: 0.0431 Mpps, 23.46 Mbit/s (30.36 Mbit/s with framing)
[0;34m[Device: id=1] TX[0m: 0.1778 Mpps, 108.10 Mbit/s (136.55 Mbit/s with framing)
[1;36m[Device: id=0] RX[0m: 0.0487 Mpps, 26.50 Mbit/s (34.30 Mbit/s with framing)
[0;34m[Device: id=1] TX[0m: 0.1703 Mpps, 103.52 Mbit/s (130.77 Mbit/s with framing)
[1;36m[Device: id=0] RX[0m: 0.0410 Mpps, 22.32 Mbit/s (28.89 Mbit/s with framing)
[0;34m[Device: id=1] TX[0m: 0.1700 Mpps, 103.34 Mbit/s (130.54 Mbit/s with framing)
[1;36m[Device: id=0] RX[0m: 0.0462 Mpps, 25.13 Mbit/s (32.52 Mbit/s with framing)
[0;34m[Device: id=1] TX[0m: 0.1678 Mpps, 102.02 Mbit/s (128.87 Mbit/s with framing)
[1;36m[Device: id=0] RX[0m: 0.0464 Mpps, 25.22 Mbit/s (32.63 Mbit/s with framing)
[0;34m[Device: id=1] TX[0m: 0.1704 Mpps, 103.62 Mbit/s (130.89 Mbit/s with framing)
[1;36m[Device: id=0] RX[0m: 0.0450 Mpps, 24.48 Mbit/s (31.68 Mbit/s with framing)
[0;34m[Device: id=1] TX[0m: 0.1717 Mpps, 104.37 Mbit/s (131.83 Mbit/s with framing)
[1;36m[Device: id=0] RX[0m: 0.0469 Mpps, 25.54 Mbit/s (33.05 Mbit/s with framing)
[0;34m[Device: id=1] TX[0m: 0.1701 Mpps, 103.45 Mbit/s (130.67 Mbit/s with framing)
[1;36m[Device: id=0] RX[0m: 0.0410 Mpps, 22.32 Mbit/s (28.88 Mbit/s with framing)
[0;34m[Device: id=1] TX[0m: 0.1683 Mpps, 102.34 Mbit/s (129.27 Mbit/s with framing)
[1;36m[Device: id=0] RX[0m: 0.0579 Mpps, 31.49 Mbit/s (40.75 Mbit/s with framing)
[0;34m[Device: id=1] TX[0m: 0.1693 Mpps, 102.93 Mbit/s (130.02 Mbit/s with framing)
[1;36m[Device: id=0] RX[0m: 0.0454 Mpps, 24.68 Mbit/s (31.94 Mbit/s with framing)
[0;34m[Device: id=1] TX[0m: 0.1722 Mpps, 104.68 Mbit/s (132.22 Mbit/s with framing)
[1;36m[Device: id=0] RX[0m: 0.0426 Mpps, 23.18 Mbit/s (30.00 Mbit/s with framing)
[0;34m[Device: id=1] TX[0m: 0.1688 Mpps, 102.61 Mbit/s (129.61 Mbit/s with framing)
[1;36m[Device: id=0] RX[0m: 0.0433 Mpps, 23.54 Mbit/s (30.47 Mbit/s with framing)
[0;34m[Device: id=1] TX[0m: 0.1666 Mpps, 101.30 Mbit/s (127.96 Mbit/s with framing)
24
[1;36m[Device: id=0] RX[0m: 0.0421 Mpps, 22.92 Mbit/s (29.67 Mbit/s with framing)
[0;34m[Device: id=1] TX[0m: 0.1489 Mpps, 90.56 Mbit/s (114.39 Mbit/s with framing)
[1;36m[Device: id=0] RX[0m: 0.0007 Mpps, 0.39 Mbit/s (0.51 Mbit/s with framing)
[0;34m[Device: id=1] TX[0m: 0.0000 Mpps, 0.00 Mbit/s (0.00 Mbit/s with framing)
5100000
[1;36m[Device: id=0] RX[0m: 0.0454 (StdDev 0.0110) Mpps, 24.72 (StdDev 6) Mbit/s (31.99 Mbit/s with framing), total 1463781 packets with 99537108 bytes (incl. CRC)
[0;34m[Device: id=1] TX[0m: 0.1635 (StdDev 0.0314) Mpps, 99.42 (StdDev 19) Mbit/s (125.59 Mbit/s with framing), total 5100000 packets with 387600000 bytes (incl. CRC)
