[1;37m[INFO]  Initializing DPDK. This will take a few seconds...[0m
EAL: Probing VFIO support...
EAL: WARNING: cpu flags constant_tsc=yes nonstop_tsc=no -> using unreliable clock cycles !
EAL: PCI device 0000:00:03.0 on NUMA socket -1
EAL:   Invalid NUMA socket, default to 0
EAL:   probe driver: 1af4:1000 net_virtio
EAL: PCI device 0000:00:04.0 on NUMA socket -1
EAL:   Invalid NUMA socket, default to 0
EAL:   probe driver: 1af4:1000 net_virtio
EAL: PCI device 0000:00:05.0 on NUMA socket -1
EAL:   Invalid NUMA socket, default to 0
EAL:   probe driver: 1af4:1000 net_virtio
[1;37m[INFO]  Found 2 usable devices:[0m
   Device 0: 52:54:00:C9:E4:6A ([0;32mRed Hat, Inc Virtio network device[0m)
   Device 1: 52:54:00:47:12:15 ([0;32mRed Hat, Inc Virtio network device[0m)
[1;37m[INFO]  Waiting for devices to come up...[0m
[1;37m[INFO]  Device 1 (52:54:00:47:12:15) is up: 10000 MBit/s[0m
[1;37m[INFO]  Device 0 (52:54:00:C9:E4:6A) is up: 10000 MBit/s[0m
[1;37m[INFO]  [0;32m2 devices are up.[0m[0m
[1;37m[INFO]  Trying to enable rx timestamping of all packets, this isn't supported by most nics[0m
[0;34m[Device: id=1] TX[0m: 0.0494 Mpps, 510.62 Mbit/s (518.52 Mbit/s with framing)
[1;36m[Device: id=0] RX[0m: 0.0350 Mpps, 359.38 Mbit/s (364.98 Mbit/s with framing)
[0;34m[Device: id=1] TX[0m: 0.0500 Mpps, 517.06 Mbit/s (525.06 Mbit/s with framing)
[1;36m[Device: id=0] RX[0m: 0.0445 Mpps, 456.80 Mbit/s (463.92 Mbit/s with framing)
[1;36m[Device: id=0] RX[0m: 0.0501 Mpps, 514.86 Mbit/s (522.88 Mbit/s with framing)
[0;34m[Device: id=1] TX[0m: 0.0500 Mpps, 516.68 Mbit/s (524.68 Mbit/s with framing)
[1;36m[Device: id=0] RX[0m: 0.0499 Mpps, 512.72 Mbit/s (520.70 Mbit/s with framing)
[0;34m[Device: id=1] TX[0m: 0.0499 Mpps, 515.98 Mbit/s (523.97 Mbit/s with framing)
[1;36m[Device: id=0] RX[0m: 0.0501 Mpps, 514.23 Mbit/s (522.24 Mbit/s with framing)
[0;34m[Device: id=1] TX[0m: 0.0501 Mpps, 517.57 Mbit/s (525.58 Mbit/s with framing)
[1;36m[Device: id=0] RX[0m: 0.0500 Mpps, 513.96 Mbit/s (521.97 Mbit/s with framing)
[0;34m[Device: id=1] TX[0m: 0.0500 Mpps, 516.66 Mbit/s (524.66 Mbit/s with framing)
[1;36m[Device: id=0] RX[0m: 0.0500 Mpps, 513.10 Mbit/s (521.09 Mbit/s with framing)
[0;34m[Device: id=1] TX[0m: 0.0500 Mpps, 516.88 Mbit/s (524.88 Mbit/s with framing)
[1;36m[Device: id=0] RX[0m: 0.0500 Mpps, 514.00 Mbit/s (522.00 Mbit/s with framing)
[0;34m[Device: id=1] TX[0m: 0.0500 Mpps, 516.69 Mbit/s (524.69 Mbit/s with framing)
[1;36m[Device: id=0] RX[0m: 0.0499 Mpps, 513.05 Mbit/s (521.04 Mbit/s with framing)
[0;34m[Device: id=1] TX[0m: 0.0500 Mpps, 517.09 Mbit/s (525.10 Mbit/s with framing)
[1;36m[Device: id=0] RX[0m: 0.0501 Mpps, 514.24 Mbit/s (522.25 Mbit/s with framing)
[0;34m[Device: id=1] TX[0m: 0.0500 Mpps, 516.69 Mbit/s (524.69 Mbit/s with framing)
[1;36m[Device: id=0] RX[0m: 0.0499 Mpps, 512.58 Mbit/s (520.57 Mbit/s with framing)
[0;34m[Device: id=1] TX[0m: 0.0500 Mpps, 516.46 Mbit/s (524.45 Mbit/s with framing)
[1;36m[Device: id=0] RX[0m: 0.0501 Mpps, 514.23 Mbit/s (522.23 Mbit/s with framing)
[0;34m[Device: id=1] TX[0m: 0.0500 Mpps, 516.90 Mbit/s (524.90 Mbit/s with framing)
[1;36m[Device: id=0] RX[0m: 0.0501 Mpps, 514.36 Mbit/s (522.37 Mbit/s with framing)
[0;34m[Device: id=1] TX[0m: 0.0500 Mpps, 517.09 Mbit/s (525.09 Mbit/s with framing)
[1;36m[Device: id=0] RX[0m: 0.0499 Mpps, 512.79 Mbit/s (520.77 Mbit/s with framing)
[0;34m[Device: id=1] TX[0m: 0.0500 Mpps, 516.72 Mbit/s (524.72 Mbit/s with framing)
[1;36m[Device: id=0] RX[0m: 0.0500 Mpps, 514.07 Mbit/s (522.07 Mbit/s with framing)
[0;34m[Device: id=1] TX[0m: 0.0500 Mpps, 516.66 Mbit/s (524.66 Mbit/s with framing)
[1;36m[Device: id=0] RX[0m: 0.0499 Mpps, 512.78 Mbit/s (520.76 Mbit/s with framing)
[0;34m[Device: id=1] TX[0m: 0.0500 Mpps, 516.78 Mbit/s (524.78 Mbit/s with framing)
[1;36m[Device: id=0] RX[0m: 0.0501 Mpps, 514.25 Mbit/s (522.26 Mbit/s with framing)
[0;34m[Device: id=1] TX[0m: 0.0500 Mpps, 516.52 Mbit/s (524.52 Mbit/s with framing)
[1;36m[Device: id=0] RX[0m: 0.0499 Mpps, 512.73 Mbit/s (520.72 Mbit/s with framing)
[0;34m[Device: id=1] TX[0m: 0.0501 Mpps, 517.37 Mbit/s (525.38 Mbit/s with framing)
[1;36m[Device: id=0] RX[0m: 0.0500 Mpps, 514.05 Mbit/s (522.06 Mbit/s with framing)
[0;34m[Device: id=1] TX[0m: 0.0500 Mpps, 516.89 Mbit/s (524.89 Mbit/s with framing)
[1;36m[Device: id=0] RX[0m: 0.0501 Mpps, 514.17 Mbit/s (522.18 Mbit/s with framing)
[0;34m[Device: id=1] TX[0m: 0.0499 Mpps, 516.04 Mbit/s (524.03 Mbit/s with framing)
[1;36m[Device: id=0] RX[0m: 0.0499 Mpps, 513.00 Mbit/s (520.99 Mbit/s with framing)
[0;34m[Device: id=1] TX[0m: 0.0501 Mpps, 517.55 Mbit/s (525.56 Mbit/s with framing)
[1;36m[Device: id=0] RX[0m: 0.0501 Mpps, 514.25 Mbit/s (522.26 Mbit/s with framing)
[0;34m[Device: id=1] TX[0m: 0.0500 Mpps, 516.66 Mbit/s (524.65 Mbit/s with framing)
[1;36m[Device: id=0] RX[0m: 0.0499 Mpps, 512.60 Mbit/s (520.58 Mbit/s with framing)
[0;34m[Device: id=1] TX[0m: 0.0499 Mpps, 515.95 Mbit/s (523.94 Mbit/s with framing)
[1;36m[Device: id=0] RX[0m: 0.0476 Mpps, 489.34 Mbit/s (496.96 Mbit/s with framing)
[0;34m[Device: id=1] TX[0m: 0.0501 Mpps, 517.59 Mbit/s (525.60 Mbit/s with framing)
[1;36m[Device: id=0] RX[0m: 0.0473 Mpps, 486.34 Mbit/s (493.91 Mbit/s with framing)
[0;34m[Device: id=1] TX[0m: 0.0500 Mpps, 516.91 Mbit/s (524.91 Mbit/s with framing)
[1;36m[Device: id=0] RX[0m: 0.0464 Mpps, 476.91 Mbit/s (484.34 Mbit/s with framing)
[0;34m[Device: id=1] TX[0m: 0.0500 Mpps, 516.77 Mbit/s (524.77 Mbit/s with framing)
[1;36m[Device: id=0] RX[0m: 0.0467 Mpps, 479.60 Mbit/s (487.07 Mbit/s with framing)
[0;34m[Device: id=1] TX[0m: 0.0500 Mpps, 516.81 Mbit/s (524.81 Mbit/s with framing)
[1;36m[Device: id=0] RX[0m: 0.0476 Mpps, 489.34 Mbit/s (496.96 Mbit/s with framing)
[0;34m[Device: id=1] TX[0m: 0.0500 Mpps, 516.95 Mbit/s (524.95 Mbit/s with framing)
[1;36m[Device: id=0] RX[0m: 0.0470 Mpps, 482.87 Mbit/s (490.39 Mbit/s with framing)
[0;34m[Device: id=1] TX[0m: 0.0500 Mpps, 516.71 Mbit/s (524.71 Mbit/s with framing)
33
[1;36m[Device: id=0] RX[0m: 0.0471 Mpps, 483.69 Mbit/s (491.22 Mbit/s with framing)
[0;34m[Device: id=1] TX[0m: 0.0490 Mpps, 506.80 Mbit/s (514.64 Mbit/s with framing)
[1;36m[Device: id=0] RX[0m: 0.0010 Mpps, 10.66 Mbit/s (10.83 Mbit/s with framing)
[0;34m[Device: id=1] TX[0m: 0.0000 Mpps, 0.00 Mbit/s (0.00 Mbit/s with framing)
1500000
[1;36m[Device: id=0] RX[0m: 0.0475 (StdDev 0.0089) Mpps, 488.05 (StdDev 92) Mbit/s (495.65 Mbit/s with framing), total 1460395 packets with 1875147180 bytes (incl. CRC)
[0;34m[Device: id=1] TX[0m: 0.0483 (StdDev 0.0091) Mpps, 499.25 (StdDev 94) Mbit/s (506.98 Mbit/s with framing), total 1500000 packets with 1938000000 bytes (incl. CRC)
