[1;37m[INFO]  Initializing DPDK. This will take a few seconds...[0m
EAL: Probing VFIO support...
EAL: WARNING: cpu flags constant_tsc=yes nonstop_tsc=no -> using unreliable clock cycles !
EAL: PCI device 0000:00:03.0 on NUMA socket -1
EAL:   Invalid NUMA socket, default to 0
EAL:   probe driver: 1af4:1000 net_virtio
EAL: PCI device 0000:00:04.0 on NUMA socket -1
EAL:   Invalid NUMA socket, default to 0
EAL:   probe driver: 1af4:1000 net_virtio
EAL: PCI device 0000:00:05.0 on NUMA socket -1
EAL:   Invalid NUMA socket, default to 0
EAL:   probe driver: 1af4:1000 net_virtio
[1;37m[INFO]  Found 2 usable devices:[0m
   Device 0: 52:54:00:C9:E4:6A ([0;32mRed Hat, Inc Virtio network device[0m)
   Device 1: 52:54:00:47:12:15 ([0;32mRed Hat, Inc Virtio network device[0m)
[1;37m[INFO]  Waiting for devices to come up...[0m
[1;37m[INFO]  Device 1 (52:54:00:47:12:15) is up: 10000 MBit/s[0m
[1;37m[INFO]  Device 0 (52:54:00:C9:E4:6A) is up: 10000 MBit/s[0m
[1;37m[INFO]  [0;32m2 devices are up.[0m[0m
[1;37m[INFO]  Trying to enable rx timestamping of all packets, this isn't supported by most nics[0m
[1;36m[Device: id=0] RX[0m: 0.1000 Mpps, 54.40 Mbit/s (70.40 Mbit/s with framing)
[0;34m[Device: id=1] TX[0m: 0.1163 Mpps, 70.70 Mbit/s (89.31 Mbit/s with framing)
[0;34m[Device: id=1] TX[0m: 0.1201 Mpps, 73.01 Mbit/s (92.22 Mbit/s with framing)
[1;36m[Device: id=0] RX[0m: 0.0999 Mpps, 54.34 Mbit/s (70.32 Mbit/s with framing)
[0;34m[Device: id=1] TX[0m: 0.1212 Mpps, 73.70 Mbit/s (93.10 Mbit/s with framing)
[1;36m[Device: id=0] RX[0m: 0.0921 Mpps, 50.11 Mbit/s (64.85 Mbit/s with framing)
[0;34m[Device: id=1] TX[0m: 0.1204 Mpps, 73.20 Mbit/s (92.46 Mbit/s with framing)
[1;36m[Device: id=0] RX[0m: 0.0896 Mpps, 48.72 Mbit/s (63.05 Mbit/s with framing)
[0;34m[Device: id=1] TX[0m: 0.1199 Mpps, 72.92 Mbit/s (92.11 Mbit/s with framing)
[1;36m[Device: id=0] RX[0m: 0.1035 Mpps, 56.30 Mbit/s (72.86 Mbit/s with framing)
[0;34m[Device: id=1] TX[0m: 0.1193 Mpps, 72.55 Mbit/s (91.64 Mbit/s with framing)
[1;36m[Device: id=0] RX[0m: 0.0960 Mpps, 52.24 Mbit/s (67.60 Mbit/s with framing)
[0;34m[Device: id=1] TX[0m: 0.1200 Mpps, 72.95 Mbit/s (92.15 Mbit/s with framing)
[1;36m[Device: id=0] RX[0m: 0.1021 Mpps, 55.53 Mbit/s (71.86 Mbit/s with framing)
[0;34m[Device: id=1] TX[0m: 0.1173 Mpps, 71.33 Mbit/s (90.10 Mbit/s with framing)
[1;36m[Device: id=0] RX[0m: 0.0963 Mpps, 52.40 Mbit/s (67.81 Mbit/s with framing)
[0;34m[Device: id=1] TX[0m: 0.1216 Mpps, 73.93 Mbit/s (93.38 Mbit/s with framing)
[1;36m[Device: id=0] RX[0m: 0.0907 Mpps, 49.37 Mbit/s (63.89 Mbit/s with framing)
[0;34m[Device: id=1] TX[0m: 0.1192 Mpps, 72.50 Mbit/s (91.58 Mbit/s with framing)
[1;36m[Device: id=0] RX[0m: 0.0474 Mpps, 25.78 Mbit/s (33.37 Mbit/s with framing)
[0;34m[Device: id=1] TX[0m: 0.1206 Mpps, 73.33 Mbit/s (92.62 Mbit/s with framing)
[1;36m[Device: id=0] RX[0m: 0.0486 Mpps, 26.43 Mbit/s (34.20 Mbit/s with framing)
[0;34m[Device: id=1] TX[0m: 0.1194 Mpps, 72.58 Mbit/s (91.68 Mbit/s with framing)
[1;36m[Device: id=0] RX[0m: 0.0582 Mpps, 31.67 Mbit/s (40.99 Mbit/s with framing)
[0;34m[Device: id=1] TX[0m: 0.1228 Mpps, 74.66 Mbit/s (94.31 Mbit/s with framing)
[1;36m[Device: id=0] RX[0m: 0.0475 Mpps, 25.81 Mbit/s (33.41 Mbit/s with framing)
[1;36m[Device: id=0] RX[0m: 0.0512 Mpps, 27.88 Mbit/s (36.08 Mbit/s with framing)
[0;34m[Device: id=1] TX[0m: 0.1200 Mpps, 72.96 Mbit/s (92.16 Mbit/s with framing)
[1;36m[Device: id=0] RX[0m: 0.0578 Mpps, 31.45 Mbit/s (40.70 Mbit/s with framing)
[0;34m[Device: id=1] TX[0m: 0.1200 Mpps, 72.96 Mbit/s (92.17 Mbit/s with framing)
[1;36m[Device: id=0] RX[0m: 0.0542 Mpps, 29.51 Mbit/s (38.19 Mbit/s with framing)
[0;34m[Device: id=1] TX[0m: 0.1200 Mpps, 72.95 Mbit/s (92.15 Mbit/s with framing)
[1;36m[Device: id=0] RX[0m: 0.0624 Mpps, 33.94 Mbit/s (43.92 Mbit/s with framing)
[0;34m[Device: id=1] TX[0m: 0.1200 Mpps, 72.99 Mbit/s (92.19 Mbit/s with framing)
[1;36m[Device: id=0] RX[0m: 0.0531 Mpps, 28.89 Mbit/s (37.38 Mbit/s with framing)
[0;34m[Device: id=1] TX[0m: 0.1200 Mpps, 72.96 Mbit/s (92.16 Mbit/s with framing)
[1;36m[Device: id=0] RX[0m: 0.0500 Mpps, 27.22 Mbit/s (35.23 Mbit/s with framing)
[0;34m[Device: id=1] TX[0m: 0.1200 Mpps, 72.95 Mbit/s (92.15 Mbit/s with framing)
[1;36m[Device: id=0] RX[0m: 0.0520 Mpps, 28.31 Mbit/s (36.64 Mbit/s with framing)
[0;34m[Device: id=1] TX[0m: 0.1199 Mpps, 72.92 Mbit/s (92.11 Mbit/s with framing)
[1;36m[Device: id=0] RX[0m: 0.0600 Mpps, 32.65 Mbit/s (42.25 Mbit/s with framing)
[0;34m[Device: id=1] TX[0m: 0.1201 Mpps, 73.02 Mbit/s (92.24 Mbit/s with framing)
[1;36m[Device: id=0] RX[0m: 0.0494 Mpps, 26.89 Mbit/s (34.80 Mbit/s with framing)
[0;34m[Device: id=1] TX[0m: 0.1200 Mpps, 72.94 Mbit/s (92.14 Mbit/s with framing)
[1;36m[Device: id=0] RX[0m: 0.0563 Mpps, 30.64 Mbit/s (39.65 Mbit/s with framing)
[0;34m[Device: id=1] TX[0m: 0.1201 Mpps, 73.00 Mbit/s (92.21 Mbit/s with framing)
[1;36m[Device: id=0] RX[0m: 0.0588 Mpps, 32.00 Mbit/s (41.41 Mbit/s with framing)
[0;34m[Device: id=1] TX[0m: 0.1200 Mpps, 72.96 Mbit/s (92.16 Mbit/s with framing)
[1;36m[Device: id=0] RX[0m: 0.0524 Mpps, 28.53 Mbit/s (36.92 Mbit/s with framing)
[0;34m[Device: id=1] TX[0m: 0.1200 Mpps, 72.98 Mbit/s (92.18 Mbit/s with framing)
[1;36m[Device: id=0] RX[0m: 0.0529 Mpps, 28.79 Mbit/s (37.25 Mbit/s with framing)
[0;34m[Device: id=1] TX[0m: 0.1200 Mpps, 72.96 Mbit/s (92.16 Mbit/s with framing)
[1;36m[Device: id=0] RX[0m: 0.0586 Mpps, 31.87 Mbit/s (41.24 Mbit/s with framing)
[0;34m[Device: id=1] TX[0m: 0.1200 Mpps, 72.96 Mbit/s (92.16 Mbit/s with framing)
[1;36m[Device: id=0] RX[0m: 0.0593 Mpps, 32.27 Mbit/s (41.77 Mbit/s with framing)
[0;34m[Device: id=1] TX[0m: 0.1200 Mpps, 72.97 Mbit/s (92.17 Mbit/s with framing)
[1;36m[Device: id=0] RX[0m: 0.0520 Mpps, 28.31 Mbit/s (36.63 Mbit/s with framing)
[0;34m[Device: id=1] TX[0m: 0.1200 Mpps, 72.95 Mbit/s (92.15 Mbit/s with framing)
[1;36m[Device: id=0] RX[0m: 0.0553 Mpps, 30.09 Mbit/s (38.94 Mbit/s with framing)
54
[0;34m[Device: id=1] TX[0m: 0.1083 Mpps, 65.85 Mbit/s (83.17 Mbit/s with framing)
[1;36m[Device: id=0] RX[0m: 0.0051 Mpps, 2.80 Mbit/s (3.62 Mbit/s with framing)
[0;34m[Device: id=1] TX[0m: 0.0000 Mpps, 0.00 Mbit/s (0.00 Mbit/s with framing)
3600000
[1;36m[Device: id=0] RX[0m: 0.0638 (StdDev 0.0223) Mpps, 34.69 (StdDev 12) Mbit/s (44.89 Mbit/s with framing), total 2013116 packets with 136891888 bytes (incl. CRC)
[0;34m[Device: id=1] TX[0m: 0.1157 (StdDev 0.0220) Mpps, 70.33 (StdDev 13) Mbit/s (88.84 Mbit/s with framing), total 3600000 packets with 273600000 bytes (incl. CRC)
