[1;37m[INFO]  Initializing DPDK. This will take a few seconds...[0m
EAL: Probing VFIO support...
EAL: WARNING: cpu flags constant_tsc=yes nonstop_tsc=no -> using unreliable clock cycles !
EAL: PCI device 0000:00:03.0 on NUMA socket -1
EAL:   Invalid NUMA socket, default to 0
EAL:   probe driver: 1af4:1000 net_virtio
EAL: PCI device 0000:00:04.0 on NUMA socket -1
EAL:   Invalid NUMA socket, default to 0
EAL:   probe driver: 1af4:1000 net_virtio
EAL: PCI device 0000:00:05.0 on NUMA socket -1
EAL:   Invalid NUMA socket, default to 0
EAL:   probe driver: 1af4:1000 net_virtio
[1;37m[INFO]  Found 2 usable devices:[0m
   Device 0: 52:54:00:C9:E4:6A ([0;32mRed Hat, Inc Virtio network device[0m)
   Device 1: 52:54:00:47:12:15 ([0;32mRed Hat, Inc Virtio network device[0m)
[1;37m[INFO]  Waiting for devices to come up...[0m
[1;37m[INFO]  Device 1 (52:54:00:47:12:15) is up: 10000 MBit/s[0m
[1;37m[INFO]  Device 0 (52:54:00:C9:E4:6A) is up: 10000 MBit/s[0m
[1;37m[INFO]  [0;32m2 devices are up.[0m[0m
[1;37m[INFO]  Trying to enable rx timestamping of all packets, this isn't supported by most nics[0m
[0;34m[Device: id=1] TX[0m: 0.0495 Mpps, 207.62 Mbit/s (215.55 Mbit/s with framing)
[1;36m[Device: id=0] RX[0m: 0.0425 Mpps, 175.24 Mbit/s (182.03 Mbit/s with framing)
[0;34m[Device: id=1] TX[0m: 0.0500 Mpps, 209.59 Mbit/s (217.59 Mbit/s with framing)
[1;36m[Device: id=0] RX[0m: 0.0402 Mpps, 165.98 Mbit/s (172.41 Mbit/s with framing)
[0;34m[Device: id=1] TX[0m: 0.0500 Mpps, 209.67 Mbit/s (217.68 Mbit/s with framing)
[1;36m[Device: id=0] RX[0m: 0.0401 Mpps, 165.56 Mbit/s (171.98 Mbit/s with framing)
[0;34m[Device: id=1] TX[0m: 0.0500 Mpps, 209.56 Mbit/s (217.56 Mbit/s with framing)
[1;36m[Device: id=0] RX[0m: 0.0402 Mpps, 165.79 Mbit/s (172.22 Mbit/s with framing)
[1;36m[Device: id=0] RX[0m: 0.0406 Mpps, 167.42 Mbit/s (173.91 Mbit/s with framing)
[0;34m[Device: id=1] TX[0m: 0.0500 Mpps, 209.54 Mbit/s (217.54 Mbit/s with framing)
[1;36m[Device: id=0] RX[0m: 0.0403 Mpps, 166.41 Mbit/s (172.86 Mbit/s with framing)
[0;34m[Device: id=1] TX[0m: 0.0500 Mpps, 209.61 Mbit/s (217.61 Mbit/s with framing)
[1;36m[Device: id=0] RX[0m: 0.0402 Mpps, 165.95 Mbit/s (172.39 Mbit/s with framing)
[0;34m[Device: id=1] TX[0m: 0.0500 Mpps, 209.62 Mbit/s (217.63 Mbit/s with framing)
[1;36m[Device: id=0] RX[0m: 0.0412 Mpps, 170.07 Mbit/s (176.66 Mbit/s with framing)
[0;34m[Device: id=1] TX[0m: 0.0500 Mpps, 209.54 Mbit/s (217.54 Mbit/s with framing)
[1;36m[Device: id=0] RX[0m: 0.0403 Mpps, 166.54 Mbit/s (173.00 Mbit/s with framing)
[0;34m[Device: id=1] TX[0m: 0.0500 Mpps, 209.49 Mbit/s (217.49 Mbit/s with framing)
[1;36m[Device: id=0] RX[0m: 0.0394 Mpps, 162.47 Mbit/s (168.77 Mbit/s with framing)
[0;34m[Device: id=1] TX[0m: 0.0500 Mpps, 209.80 Mbit/s (217.81 Mbit/s with framing)
[1;36m[Device: id=0] RX[0m: 0.0393 Mpps, 162.11 Mbit/s (168.39 Mbit/s with framing)
[0;34m[Device: id=1] TX[0m: 0.0500 Mpps, 209.61 Mbit/s (217.61 Mbit/s with framing)
[1;36m[Device: id=0] RX[0m: 0.0413 Mpps, 170.31 Mbit/s (176.91 Mbit/s with framing)
[0;34m[Device: id=1] TX[0m: 0.0500 Mpps, 209.58 Mbit/s (217.57 Mbit/s with framing)
[1;36m[Device: id=0] RX[0m: 0.0401 Mpps, 165.59 Mbit/s (172.01 Mbit/s with framing)
[0;34m[Device: id=1] TX[0m: 0.0500 Mpps, 209.60 Mbit/s (217.60 Mbit/s with framing)
[1;36m[Device: id=0] RX[0m: 0.0401 Mpps, 165.67 Mbit/s (172.09 Mbit/s with framing)
[0;34m[Device: id=1] TX[0m: 0.0500 Mpps, 209.61 Mbit/s (217.61 Mbit/s with framing)
[1;36m[Device: id=0] RX[0m: 0.0391 Mpps, 161.51 Mbit/s (167.77 Mbit/s with framing)
[0;34m[Device: id=1] TX[0m: 0.0500 Mpps, 209.47 Mbit/s (217.46 Mbit/s with framing)
[1;36m[Device: id=0] RX[0m: 0.0401 Mpps, 165.48 Mbit/s (171.90 Mbit/s with framing)
[0;34m[Device: id=1] TX[0m: 0.0500 Mpps, 209.73 Mbit/s (217.74 Mbit/s with framing)
[1;36m[Device: id=0] RX[0m: 0.0403 Mpps, 166.21 Mbit/s (172.65 Mbit/s with framing)
[0;34m[Device: id=1] TX[0m: 0.0500 Mpps, 209.58 Mbit/s (217.57 Mbit/s with framing)
[1;36m[Device: id=0] RX[0m: 0.0403 Mpps, 166.24 Mbit/s (172.68 Mbit/s with framing)
[0;34m[Device: id=1] TX[0m: 0.0500 Mpps, 209.62 Mbit/s (217.62 Mbit/s with framing)
[1;36m[Device: id=0] RX[0m: 0.0393 Mpps, 162.20 Mbit/s (168.48 Mbit/s with framing)
[0;34m[Device: id=1] TX[0m: 0.0500 Mpps, 209.54 Mbit/s (217.54 Mbit/s with framing)
[1;36m[Device: id=0] RX[0m: 0.0402 Mpps, 165.97 Mbit/s (172.41 Mbit/s with framing)
[0;34m[Device: id=1] TX[0m: 0.0500 Mpps, 209.62 Mbit/s (217.62 Mbit/s with framing)
[1;36m[Device: id=0] RX[0m: 0.0418 Mpps, 172.67 Mbit/s (179.36 Mbit/s with framing)
[0;34m[Device: id=1] TX[0m: 0.0500 Mpps, 209.61 Mbit/s (217.61 Mbit/s with framing)
[1;36m[Device: id=0] RX[0m: 0.0402 Mpps, 165.99 Mbit/s (172.43 Mbit/s with framing)
[0;34m[Device: id=1] TX[0m: 0.0500 Mpps, 209.62 Mbit/s (217.62 Mbit/s with framing)
[1;36m[Device: id=0] RX[0m: 0.0402 Mpps, 166.09 Mbit/s (172.53 Mbit/s with framing)
[0;34m[Device: id=1] TX[0m: 0.0500 Mpps, 209.54 Mbit/s (217.54 Mbit/s with framing)
[1;36m[Device: id=0] RX[0m: 0.0412 Mpps, 170.24 Mbit/s (176.84 Mbit/s with framing)
[0;34m[Device: id=1] TX[0m: 0.0500 Mpps, 209.66 Mbit/s (217.66 Mbit/s with framing)
[1;36m[Device: id=0] RX[0m: 0.0418 Mpps, 172.36 Mbit/s (179.04 Mbit/s with framing)
[0;34m[Device: id=1] TX[0m: 0.0500 Mpps, 209.53 Mbit/s (217.53 Mbit/s with framing)
[1;36m[Device: id=0] RX[0m: 0.0394 Mpps, 162.61 Mbit/s (168.91 Mbit/s with framing)
[0;34m[Device: id=1] TX[0m: 0.0500 Mpps, 209.67 Mbit/s (217.67 Mbit/s with framing)
[1;36m[Device: id=0] RX[0m: 0.0395 Mpps, 162.89 Mbit/s (169.20 Mbit/s with framing)
[0;34m[Device: id=1] TX[0m: 0.0500 Mpps, 209.53 Mbit/s (217.52 Mbit/s with framing)
[1;36m[Device: id=0] RX[0m: 0.0404 Mpps, 166.89 Mbit/s (173.35 Mbit/s with framing)
[0;34m[Device: id=1] TX[0m: 0.0500 Mpps, 209.63 Mbit/s (217.63 Mbit/s with framing)
[1;36m[Device: id=0] RX[0m: 0.0396 Mpps, 163.41 Mbit/s (169.75 Mbit/s with framing)
[0;34m[Device: id=1] TX[0m: 0.0500 Mpps, 209.65 Mbit/s (217.65 Mbit/s with framing)
33
[1;36m[Device: id=0] RX[0m: 0.0415 Mpps, 171.37 Mbit/s (178.01 Mbit/s with framing)
[0;34m[Device: id=1] TX[0m: 0.0442 Mpps, 185.43 Mbit/s (192.50 Mbit/s with framing)
[1;36m[Device: id=0] RX[0m: 0.0000 Mpps, 0.00 Mbit/s (0.00 Mbit/s with framing)
[0;34m[Device: id=1] TX[0m: 0.0000 Mpps, 0.00 Mbit/s (0.00 Mbit/s with framing)
1500000
[1;36m[Device: id=0] RX[0m: 0.0389 (StdDev 0.0074) Mpps, 160.73 (StdDev 31) Mbit/s (166.96 Mbit/s with framing), total 1210592 packets with 624665472 bytes (incl. CRC)
[0;34m[Device: id=1] TX[0m: 0.0481 (StdDev 0.0092) Mpps, 201.81 (StdDev 38) Mbit/s (209.51 Mbit/s with framing), total 1500000 packets with 786000000 bytes (incl. CRC)
