[1;37m[INFO]  Initializing DPDK. This will take a few seconds...[0m
EAL: Probing VFIO support...
EAL: WARNING: cpu flags constant_tsc=yes nonstop_tsc=no -> using unreliable clock cycles !
EAL: PCI device 0000:00:03.0 on NUMA socket -1
EAL:   Invalid NUMA socket, default to 0
EAL:   probe driver: 1af4:1000 net_virtio
EAL: PCI device 0000:00:04.0 on NUMA socket -1
EAL:   Invalid NUMA socket, default to 0
EAL:   probe driver: 1af4:1000 net_virtio
EAL: PCI device 0000:00:05.0 on NUMA socket -1
EAL:   Invalid NUMA socket, default to 0
EAL:   probe driver: 1af4:1000 net_virtio
[1;37m[INFO]  Found 2 usable devices:[0m
   Device 0: 52:54:00:C9:E4:6A ([0;32mRed Hat, Inc Virtio network device[0m)
   Device 1: 52:54:00:47:12:15 ([0;32mRed Hat, Inc Virtio network device[0m)
[1;37m[INFO]  Waiting for devices to come up...[0m
[1;37m[INFO]  Device 1 (52:54:00:47:12:15) is up: 10000 MBit/s[0m
[1;37m[INFO]  Device 0 (52:54:00:C9:E4:6A) is up: 10000 MBit/s[0m
[1;37m[INFO]  [0;32m2 devices are up.[0m[0m
[1;37m[INFO]  Trying to enable rx timestamping of all packets, this isn't supported by most nics[0m
[1;36m[Device: id=0] RX[0m: 0.0724 Mpps, 871.02 Mbit/s (882.61 Mbit/s with framing)
[0;34m[Device: id=1] TX[0m: 0.1500 Mpps, 1814.34 Mbit/s (1838.34 Mbit/s with framing)
[0;34m[Device: id=1] TX[0m: 0.1501 Mpps, 1815.42 Mbit/s (1839.44 Mbit/s with framing)
[1;36m[Device: id=0] RX[0m: 0.0644 Mpps, 774.68 Mbit/s (784.98 Mbit/s with framing)
[1;36m[Device: id=0] RX[0m: 0.0604 Mpps, 726.71 Mbit/s (736.37 Mbit/s with framing)
[0;34m[Device: id=1] TX[0m: 0.1489 Mpps, 1800.94 Mbit/s (1824.76 Mbit/s with framing)
[1;36m[Device: id=0] RX[0m: 0.0617 Mpps, 741.94 Mbit/s (751.81 Mbit/s with framing)
[0;34m[Device: id=1] TX[0m: 0.1509 Mpps, 1824.80 Mbit/s (1848.94 Mbit/s with framing)
[1;36m[Device: id=0] RX[0m: 0.0703 Mpps, 845.58 Mbit/s (856.83 Mbit/s with framing)
[0;34m[Device: id=1] TX[0m: 0.1490 Mpps, 1802.00 Mbit/s (1825.83 Mbit/s with framing)
[1;36m[Device: id=0] RX[0m: 0.0693 Mpps, 833.73 Mbit/s (844.82 Mbit/s with framing)
[0;34m[Device: id=1] TX[0m: 0.1511 Mpps, 1827.14 Mbit/s (1851.31 Mbit/s with framing)
[1;36m[Device: id=0] RX[0m: 0.0636 Mpps, 765.64 Mbit/s (775.82 Mbit/s with framing)
[0;34m[Device: id=1] TX[0m: 0.1481 Mpps, 1791.15 Mbit/s (1814.84 Mbit/s with framing)
[1;36m[Device: id=0] RX[0m: 0.0596 Mpps, 717.42 Mbit/s (726.96 Mbit/s with framing)
[0;34m[Device: id=1] TX[0m: 0.1522 Mpps, 1840.47 Mbit/s (1864.81 Mbit/s with framing)
[1;36m[Device: id=0] RX[0m: 0.0655 Mpps, 788.20 Mbit/s (798.68 Mbit/s with framing)
[0;34m[Device: id=1] TX[0m: 0.1484 Mpps, 1795.31 Mbit/s (1819.05 Mbit/s with framing)
[1;36m[Device: id=0] RX[0m: 0.0623 Mpps, 750.06 Mbit/s (760.03 Mbit/s with framing)
[0;34m[Device: id=1] TX[0m: 0.1510 Mpps, 1826.95 Mbit/s (1851.12 Mbit/s with framing)
[1;36m[Device: id=0] RX[0m: 0.0634 Mpps, 762.72 Mbit/s (772.86 Mbit/s with framing)
[0;34m[Device: id=1] TX[0m: 0.1507 Mpps, 1822.31 Mbit/s (1846.42 Mbit/s with framing)
[1;36m[Device: id=0] RX[0m: 0.0663 Mpps, 798.27 Mbit/s (808.88 Mbit/s with framing)
[0;34m[Device: id=1] TX[0m: 0.1481 Mpps, 1791.44 Mbit/s (1815.14 Mbit/s with framing)
[1;36m[Device: id=0] RX[0m: 0.0690 Mpps, 830.55 Mbit/s (841.59 Mbit/s with framing)
[0;34m[Device: id=1] TX[0m: 0.1315 Mpps, 1590.89 Mbit/s (1611.93 Mbit/s with framing)
[1;36m[Device: id=0] RX[0m: 0.0516 Mpps, 620.94 Mbit/s (629.20 Mbit/s with framing)
[0;34m[Device: id=1] TX[0m: 0.1538 Mpps, 1860.26 Mbit/s (1884.87 Mbit/s with framing)
[1;36m[Device: id=0] RX[0m: 0.0854 Mpps, 1026.94 Mbit/s (1040.60 Mbit/s with framing)
[0;34m[Device: id=1] TX[0m: 0.1663 Mpps, 2010.98 Mbit/s (2037.58 Mbit/s with framing)
[1;36m[Device: id=0] RX[0m: 0.0644 Mpps, 775.26 Mbit/s (785.57 Mbit/s with framing)
[0;34m[Device: id=1] TX[0m: 0.1490 Mpps, 1801.95 Mbit/s (1825.79 Mbit/s with framing)
[1;36m[Device: id=0] RX[0m: 0.0631 Mpps, 758.97 Mbit/s (769.06 Mbit/s with framing)
[0;34m[Device: id=1] TX[0m: 0.1505 Mpps, 1820.85 Mbit/s (1844.94 Mbit/s with framing)
[1;36m[Device: id=0] RX[0m: 0.0700 Mpps, 842.61 Mbit/s (853.82 Mbit/s with framing)
[0;34m[Device: id=1] TX[0m: 0.1506 Mpps, 1821.23 Mbit/s (1845.32 Mbit/s with framing)
[1;36m[Device: id=0] RX[0m: 0.0575 Mpps, 691.92 Mbit/s (701.12 Mbit/s with framing)
[0;34m[Device: id=1] TX[0m: 0.1486 Mpps, 1797.85 Mbit/s (1821.63 Mbit/s with framing)
[1;36m[Device: id=0] RX[0m: 0.0652 Mpps, 784.47 Mbit/s (794.91 Mbit/s with framing)
[0;34m[Device: id=1] TX[0m: 0.1513 Mpps, 1829.94 Mbit/s (1854.15 Mbit/s with framing)
[1;36m[Device: id=0] RX[0m: 0.0640 Mpps, 770.63 Mbit/s (780.88 Mbit/s with framing)
[0;34m[Device: id=1] TX[0m: 0.1490 Mpps, 1802.56 Mbit/s (1826.41 Mbit/s with framing)
[1;36m[Device: id=0] RX[0m: 0.0674 Mpps, 810.58 Mbit/s (821.36 Mbit/s with framing)
[0;34m[Device: id=1] TX[0m: 0.1492 Mpps, 1805.05 Mbit/s (1828.93 Mbit/s with framing)
[1;36m[Device: id=0] RX[0m: 0.0905 Mpps, 1089.20 Mbit/s (1103.69 Mbit/s with framing)
[0;34m[Device: id=1] TX[0m: 0.1523 Mpps, 1842.42 Mbit/s (1866.79 Mbit/s with framing)
[1;36m[Device: id=0] RX[0m: 0.0937 Mpps, 1126.83 Mbit/s (1141.82 Mbit/s with framing)
[0;34m[Device: id=1] TX[0m: 0.1496 Mpps, 1809.74 Mbit/s (1833.68 Mbit/s with framing)
[1;36m[Device: id=0] RX[0m: 0.1111 Mpps, 1336.93 Mbit/s (1354.71 Mbit/s with framing)
[0;34m[Device: id=1] TX[0m: 0.1504 Mpps, 1819.39 Mbit/s (1843.46 Mbit/s with framing)
[1;36m[Device: id=0] RX[0m: 0.1000 Mpps, 1203.46 Mbit/s (1219.47 Mbit/s with framing)
[0;34m[Device: id=1] TX[0m: 0.1485 Mpps, 1796.74 Mbit/s (1820.50 Mbit/s with framing)
[1;36m[Device: id=0] RX[0m: 0.0866 Mpps, 1042.13 Mbit/s (1055.99 Mbit/s with framing)
[0;34m[Device: id=1] TX[0m: 0.1492 Mpps, 1804.98 Mbit/s (1828.86 Mbit/s with framing)
[1;36m[Device: id=0] RX[0m: 0.0923 Mpps, 1110.55 Mbit/s (1125.31 Mbit/s with framing)
[0;34m[Device: id=1] TX[0m: 0.1517 Mpps, 1835.54 Mbit/s (1859.82 Mbit/s with framing)
[1;36m[Device: id=0] RX[0m: 0.0948 Mpps, 1140.81 Mbit/s (1155.98 Mbit/s with framing)
[0;34m[Device: id=1] TX[0m: 0.1481 Mpps, 1791.99 Mbit/s (1815.70 Mbit/s with framing)
[1;36m[Device: id=0] RX[0m: 0.1069 Mpps, 1285.87 Mbit/s (1302.97 Mbit/s with framing)
36
[0;34m[Device: id=1] TX[0m: 0.1285 Mpps, 1554.90 Mbit/s (1575.46 Mbit/s with framing)
[1;36m[Device: id=0] RX[0m: 0.0012 Mpps, 15.03 Mbit/s (15.23 Mbit/s with framing)
[0;34m[Device: id=1] TX[0m: 0.0000 Mpps, 0.00 Mbit/s (0.00 Mbit/s with framing)
4500000
[1;36m[Device: id=0] RX[0m: 0.0714 (StdDev 0.0206) Mpps, 858.95 (StdDev 248) Mbit/s (870.38 Mbit/s with framing), total 2214095 packets with 3329998880 bytes (incl. CRC)
[0;34m[Device: id=1] TX[0m: 0.1442 (StdDev 0.0279) Mpps, 1744.51 (StdDev 338) Mbit/s (1767.58 Mbit/s with framing), total 4500000 packets with 6804000000 bytes (incl. CRC)
