[1;37m[INFO]  Initializing DPDK. This will take a few seconds...[0m
EAL: Probing VFIO support...
EAL: WARNING: cpu flags constant_tsc=yes nonstop_tsc=no -> using unreliable clock cycles !
EAL: PCI device 0000:00:03.0 on NUMA socket -1
EAL:   Invalid NUMA socket, default to 0
EAL:   probe driver: 1af4:1000 net_virtio
EAL: PCI device 0000:00:04.0 on NUMA socket -1
EAL:   Invalid NUMA socket, default to 0
EAL:   probe driver: 1af4:1000 net_virtio
EAL: PCI device 0000:00:05.0 on NUMA socket -1
EAL:   Invalid NUMA socket, default to 0
EAL:   probe driver: 1af4:1000 net_virtio
[1;37m[INFO]  Found 2 usable devices:[0m
   Device 0: 52:54:00:C9:E4:6A ([0;32mRed Hat, Inc Virtio network device[0m)
   Device 1: 52:54:00:47:12:15 ([0;32mRed Hat, Inc Virtio network device[0m)
[1;37m[INFO]  Waiting for devices to come up...[0m
[1;37m[INFO]  Device 1 (52:54:00:47:12:15) is up: 10000 MBit/s[0m
[1;37m[INFO]  Device 0 (52:54:00:C9:E4:6A) is up: 10000 MBit/s[0m
[1;37m[INFO]  [0;32m2 devices are up.[0m[0m
[1;37m[INFO]  Trying to enable rx timestamping of all packets, this isn't supported by most nics[0m
[0;34m[Device: id=1] TX[0m: 0.2914 Mpps, 177.14 Mbit/s (223.76 Mbit/s with framing)
[1;36m[Device: id=0] RX[0m: 0.1028 Mpps, 55.92 Mbit/s (72.37 Mbit/s with framing)
[0;34m[Device: id=1] TX[0m: 0.3042 Mpps, 184.93 Mbit/s (233.60 Mbit/s with framing)
[1;36m[Device: id=0] RX[0m: 0.0995 Mpps, 54.15 Mbit/s (70.08 Mbit/s with framing)
[0;34m[Device: id=1] TX[0m: 0.3000 Mpps, 182.39 Mbit/s (230.39 Mbit/s with framing)
[1;36m[Device: id=0] RX[0m: 0.0591 Mpps, 32.15 Mbit/s (41.60 Mbit/s with framing)
[1;36m[Device: id=0] RX[0m: 0.0517 Mpps, 28.10 Mbit/s (36.37 Mbit/s with framing)
[0;34m[Device: id=1] TX[0m: 0.2981 Mpps, 181.24 Mbit/s (228.94 Mbit/s with framing)
[1;36m[Device: id=0] RX[0m: 0.0618 Mpps, 33.62 Mbit/s (43.50 Mbit/s with framing)
[0;34m[Device: id=1] TX[0m: 0.3028 Mpps, 184.11 Mbit/s (232.56 Mbit/s with framing)
[1;36m[Device: id=0] RX[0m: 0.0619 Mpps, 33.70 Mbit/s (43.61 Mbit/s with framing)
[0;34m[Device: id=1] TX[0m: 0.2998 Mpps, 182.28 Mbit/s (230.25 Mbit/s with framing)
[1;36m[Device: id=0] RX[0m: 0.0537 Mpps, 29.21 Mbit/s (37.80 Mbit/s with framing)
[0;34m[Device: id=1] TX[0m: 0.2974 Mpps, 180.82 Mbit/s (228.40 Mbit/s with framing)
[1;36m[Device: id=0] RX[0m: 0.0540 Mpps, 29.37 Mbit/s (38.01 Mbit/s with framing)
[0;34m[Device: id=1] TX[0m: 0.3009 Mpps, 182.95 Mbit/s (231.10 Mbit/s with framing)
[1;36m[Device: id=0] RX[0m: 0.0766 Mpps, 41.68 Mbit/s (53.94 Mbit/s with framing)
[0;34m[Device: id=1] TX[0m: 0.3021 Mpps, 183.66 Mbit/s (231.99 Mbit/s with framing)
[1;36m[Device: id=0] RX[0m: 0.0647 Mpps, 35.19 Mbit/s (45.53 Mbit/s with framing)
[0;34m[Device: id=1] TX[0m: 0.3000 Mpps, 182.41 Mbit/s (230.41 Mbit/s with framing)
[1;36m[Device: id=0] RX[0m: 0.0534 Mpps, 29.04 Mbit/s (37.58 Mbit/s with framing)
[0;34m[Device: id=1] TX[0m: 0.2947 Mpps, 179.19 Mbit/s (226.35 Mbit/s with framing)
[1;36m[Device: id=0] RX[0m: 0.0614 Mpps, 33.41 Mbit/s (43.24 Mbit/s with framing)
[0;34m[Device: id=1] TX[0m: 0.3053 Mpps, 185.63 Mbit/s (234.48 Mbit/s with framing)
[1;36m[Device: id=0] RX[0m: 0.0604 Mpps, 32.85 Mbit/s (42.52 Mbit/s with framing)
[0;34m[Device: id=1] TX[0m: 0.2875 Mpps, 174.79 Mbit/s (220.79 Mbit/s with framing)
[1;36m[Device: id=0] RX[0m: 0.1339 Mpps, 72.81 Mbit/s (94.23 Mbit/s with framing)
[0;34m[Device: id=1] TX[0m: 0.3107 Mpps, 188.93 Mbit/s (238.65 Mbit/s with framing)
[1;36m[Device: id=0] RX[0m: 0.0852 Mpps, 46.34 Mbit/s (59.97 Mbit/s with framing)
[0;34m[Device: id=1] TX[0m: 0.2971 Mpps, 180.67 Mbit/s (228.21 Mbit/s with framing)
[1;36m[Device: id=0] RX[0m: 0.1613 Mpps, 87.73 Mbit/s (113.53 Mbit/s with framing)
[0;34m[Device: id=1] TX[0m: 0.2958 Mpps, 179.87 Mbit/s (227.20 Mbit/s with framing)
[1;36m[Device: id=0] RX[0m: 0.1053 Mpps, 57.28 Mbit/s (74.12 Mbit/s with framing)
[0;34m[Device: id=1] TX[0m: 0.2958 Mpps, 179.84 Mbit/s (227.17 Mbit/s with framing)
[1;36m[Device: id=0] RX[0m: 0.0714 Mpps, 38.86 Mbit/s (50.28 Mbit/s with framing)
[0;34m[Device: id=1] TX[0m: 0.3000 Mpps, 182.38 Mbit/s (230.37 Mbit/s with framing)
[1;36m[Device: id=0] RX[0m: 0.0926 Mpps, 50.35 Mbit/s (65.16 Mbit/s with framing)
[0;34m[Device: id=1] TX[0m: 0.3004 Mpps, 182.61 Mbit/s (230.67 Mbit/s with framing)
[1;36m[Device: id=0] RX[0m: 0.0748 Mpps, 40.71 Mbit/s (52.68 Mbit/s with framing)
[0;34m[Device: id=1] TX[0m: 0.3068 Mpps, 186.55 Mbit/s (235.64 Mbit/s with framing)
[1;36m[Device: id=0] RX[0m: 0.1288 Mpps, 70.06 Mbit/s (90.66 Mbit/s with framing)
[0;34m[Device: id=1] TX[0m: 0.2913 Mpps, 177.10 Mbit/s (223.70 Mbit/s with framing)
[1;36m[Device: id=0] RX[0m: 0.1051 Mpps, 57.19 Mbit/s (74.01 Mbit/s with framing)
[0;34m[Device: id=1] TX[0m: 0.3117 Mpps, 189.50 Mbit/s (239.37 Mbit/s with framing)
[1;36m[Device: id=0] RX[0m: 0.0781 Mpps, 42.48 Mbit/s (54.98 Mbit/s with framing)
[0;34m[Device: id=1] TX[0m: 0.3024 Mpps, 183.85 Mbit/s (232.23 Mbit/s with framing)
[1;36m[Device: id=0] RX[0m: 0.0850 Mpps, 46.23 Mbit/s (59.83 Mbit/s with framing)
[0;34m[Device: id=1] TX[0m: 0.2783 Mpps, 169.21 Mbit/s (213.74 Mbit/s with framing)
[1;36m[Device: id=0] RX[0m: 0.1139 Mpps, 61.95 Mbit/s (80.17 Mbit/s with framing)
[0;34m[Device: id=1] TX[0m: 0.2886 Mpps, 175.45 Mbit/s (221.62 Mbit/s with framing)
[1;36m[Device: id=0] RX[0m: 0.1002 Mpps, 54.52 Mbit/s (70.55 Mbit/s with framing)
[0;34m[Device: id=1] TX[0m: 0.3069 Mpps, 186.60 Mbit/s (235.71 Mbit/s with framing)
[1;36m[Device: id=0] RX[0m: 0.1206 Mpps, 65.63 Mbit/s (84.93 Mbit/s with framing)
[0;34m[Device: id=1] TX[0m: 0.3004 Mpps, 182.67 Mbit/s (230.74 Mbit/s with framing)
[1;36m[Device: id=0] RX[0m: 0.1297 Mpps, 70.56 Mbit/s (91.31 Mbit/s with framing)
[0;34m[Device: id=1] TX[0m: 0.3020 Mpps, 183.62 Mbit/s (231.94 Mbit/s with framing)
[1;36m[Device: id=0] RX[0m: 0.1012 Mpps, 55.06 Mbit/s (71.26 Mbit/s with framing)
[0;34m[Device: id=1] TX[0m: 0.3103 Mpps, 188.64 Mbit/s (238.28 Mbit/s with framing)
[1;36m[Device: id=0] RX[0m: 0.1338 Mpps, 72.77 Mbit/s (94.18 Mbit/s with framing)
9
[0;34m[Device: id=1] TX[0m: 0.2600 Mpps, 158.07 Mbit/s (199.66 Mbit/s with framing)
[1;36m[Device: id=0] RX[0m: 0.0037 Mpps, 2.03 Mbit/s (2.63 Mbit/s with framing)
[0;34m[Device: id=1] TX[0m: 0.0000 Mpps, 0.00 Mbit/s (0.00 Mbit/s with framing)
9000000
[1;36m[Device: id=0] RX[0m: 0.0861 (StdDev 0.0335) Mpps, 46.83 (StdDev 18) Mbit/s (60.61 Mbit/s with framing), total 2685610 packets with 182621480 bytes (incl. CRC)
[0;34m[Device: id=1] TX[0m: 0.2884 (StdDev 0.0554) Mpps, 175.33 (StdDev 34) Mbit/s (221.47 Mbit/s with framing), total 9000000 packets with 684000000 bytes (incl. CRC)
