[1;37m[INFO]  Initializing DPDK. This will take a few seconds...[0m
EAL: Probing VFIO support...
EAL: WARNING: cpu flags constant_tsc=yes nonstop_tsc=no -> using unreliable clock cycles !
EAL: PCI device 0000:00:03.0 on NUMA socket -1
EAL:   Invalid NUMA socket, default to 0
EAL:   probe driver: 1af4:1000 net_virtio
EAL: PCI device 0000:00:04.0 on NUMA socket -1
EAL:   Invalid NUMA socket, default to 0
EAL:   probe driver: 1af4:1000 net_virtio
EAL: PCI device 0000:00:05.0 on NUMA socket -1
EAL:   Invalid NUMA socket, default to 0
EAL:   probe driver: 1af4:1000 net_virtio
[1;37m[INFO]  Found 2 usable devices:[0m
   Device 0: 52:54:00:C9:E4:6A ([0;32mRed Hat, Inc Virtio network device[0m)
   Device 1: 52:54:00:47:12:15 ([0;32mRed Hat, Inc Virtio network device[0m)
[1;37m[INFO]  Waiting for devices to come up...[0m
[1;37m[INFO]  Device 1 (52:54:00:47:12:15) is up: 10000 MBit/s[0m
[1;37m[INFO]  Device 0 (52:54:00:C9:E4:6A) is up: 10000 MBit/s[0m
[1;37m[INFO]  [0;32m2 devices are up.[0m[0m
[1;37m[INFO]  Trying to enable rx timestamping of all packets, this isn't supported by most nics[0m
[1;36m[Device: id=0] RX[0m: 0.0398 Mpps, 479.34 Mbit/s (485.72 Mbit/s with framing)
[0;34m[Device: id=1] TX[0m: 0.0867 Mpps, 1048.19 Mbit/s (1062.05 Mbit/s with framing)
[1;36m[Device: id=0] RX[0m: 0.0427 Mpps, 514.36 Mbit/s (521.20 Mbit/s with framing)
[0;34m[Device: id=1] TX[0m: 0.0900 Mpps, 1088.52 Mbit/s (1102.92 Mbit/s with framing)
[1;36m[Device: id=0] RX[0m: 0.0394 Mpps, 473.70 Mbit/s (480.00 Mbit/s with framing)
[0;34m[Device: id=1] TX[0m: 0.0900 Mpps, 1088.84 Mbit/s (1103.24 Mbit/s with framing)
[1;36m[Device: id=0] RX[0m: 0.0416 Mpps, 500.25 Mbit/s (506.90 Mbit/s with framing)
[0;34m[Device: id=1] TX[0m: 0.0900 Mpps, 1089.09 Mbit/s (1103.49 Mbit/s with framing)
[1;36m[Device: id=0] RX[0m: 0.0395 Mpps, 475.85 Mbit/s (482.18 Mbit/s with framing)
[0;34m[Device: id=1] TX[0m: 0.0899 Mpps, 1088.02 Mbit/s (1102.41 Mbit/s with framing)
[1;36m[Device: id=0] RX[0m: 0.0397 Mpps, 478.02 Mbit/s (484.38 Mbit/s with framing)
[0;34m[Device: id=1] TX[0m: 0.0900 Mpps, 1089.17 Mbit/s (1103.58 Mbit/s with framing)
[1;36m[Device: id=0] RX[0m: 0.0394 Mpps, 474.10 Mbit/s (480.40 Mbit/s with framing)
[0;34m[Device: id=1] TX[0m: 0.0900 Mpps, 1088.62 Mbit/s (1103.02 Mbit/s with framing)
[1;36m[Device: id=0] RX[0m: 0.0404 Mpps, 486.51 Mbit/s (492.98 Mbit/s with framing)
[0;34m[Device: id=1] TX[0m: 0.0899 Mpps, 1087.64 Mbit/s (1102.03 Mbit/s with framing)
[1;36m[Device: id=0] RX[0m: 0.0394 Mpps, 474.17 Mbit/s (480.48 Mbit/s with framing)
[0;34m[Device: id=1] TX[0m: 0.0901 Mpps, 1090.41 Mbit/s (1104.83 Mbit/s with framing)
[1;36m[Device: id=0] RX[0m: 0.0404 Mpps, 485.63 Mbit/s (492.09 Mbit/s with framing)
[0;34m[Device: id=1] TX[0m: 0.0900 Mpps, 1088.37 Mbit/s (1102.76 Mbit/s with framing)
[1;36m[Device: id=0] RX[0m: 0.0416 Mpps, 500.46 Mbit/s (507.11 Mbit/s with framing)
[0;34m[Device: id=1] TX[0m: 0.0900 Mpps, 1088.18 Mbit/s (1102.58 Mbit/s with framing)
[1;36m[Device: id=0] RX[0m: 0.0406 Mpps, 489.03 Mbit/s (495.53 Mbit/s with framing)
[0;34m[Device: id=1] TX[0m: 0.0900 Mpps, 1088.36 Mbit/s (1102.76 Mbit/s with framing)
[1;36m[Device: id=0] RX[0m: 0.0419 Mpps, 503.56 Mbit/s (510.25 Mbit/s with framing)
[0;34m[Device: id=1] TX[0m: 0.0899 Mpps, 1087.24 Mbit/s (1101.62 Mbit/s with framing)
[1;36m[Device: id=0] RX[0m: 0.0393 Mpps, 472.81 Mbit/s (479.10 Mbit/s with framing)
[0;34m[Device: id=1] TX[0m: 0.0900 Mpps, 1088.99 Mbit/s (1103.40 Mbit/s with framing)
[1;36m[Device: id=0] RX[0m: 0.0395 Mpps, 475.15 Mbit/s (481.47 Mbit/s with framing)
[0;34m[Device: id=1] TX[0m: 0.0901 Mpps, 1090.25 Mbit/s (1104.67 Mbit/s with framing)
[1;36m[Device: id=0] RX[0m: 0.0414 Mpps, 498.53 Mbit/s (505.16 Mbit/s with framing)
[0;34m[Device: id=1] TX[0m: 0.0901 Mpps, 1089.67 Mbit/s (1104.09 Mbit/s with framing)
[1;36m[Device: id=0] RX[0m: 0.0407 Mpps, 489.64 Mbit/s (496.15 Mbit/s with framing)
[0;34m[Device: id=1] TX[0m: 0.0900 Mpps, 1088.58 Mbit/s (1102.97 Mbit/s with framing)
[1;36m[Device: id=0] RX[0m: 0.0395 Mpps, 475.22 Mbit/s (481.54 Mbit/s with framing)
[0;34m[Device: id=1] TX[0m: 0.0900 Mpps, 1089.10 Mbit/s (1103.51 Mbit/s with framing)
[1;36m[Device: id=0] RX[0m: 0.0395 Mpps, 475.74 Mbit/s (482.06 Mbit/s with framing)
[0;34m[Device: id=1] TX[0m: 0.0900 Mpps, 1088.76 Mbit/s (1103.16 Mbit/s with framing)
[1;36m[Device: id=0] RX[0m: 0.0408 Mpps, 491.44 Mbit/s (497.97 Mbit/s with framing)
[0;34m[Device: id=1] TX[0m: 0.0900 Mpps, 1088.66 Mbit/s (1103.06 Mbit/s with framing)
[1;36m[Device: id=0] RX[0m: 0.0443 Mpps, 532.72 Mbit/s (539.80 Mbit/s with framing)
[0;34m[Device: id=1] TX[0m: 0.0899 Mpps, 1087.86 Mbit/s (1102.25 Mbit/s with framing)
[1;36m[Device: id=0] RX[0m: 0.0394 Mpps, 473.82 Mbit/s (480.12 Mbit/s with framing)
[0;34m[Device: id=1] TX[0m: 0.0901 Mpps, 1089.54 Mbit/s (1103.95 Mbit/s with framing)
[1;36m[Device: id=0] RX[0m: 0.0404 Mpps, 485.82 Mbit/s (492.28 Mbit/s with framing)
[0;34m[Device: id=1] TX[0m: 0.0899 Mpps, 1087.61 Mbit/s (1102.00 Mbit/s with framing)
[1;36m[Device: id=0] RX[0m: 0.0424 Mpps, 510.48 Mbit/s (517.27 Mbit/s with framing)
[0;34m[Device: id=1] TX[0m: 0.0900 Mpps, 1088.95 Mbit/s (1103.35 Mbit/s with framing)
[1;36m[Device: id=0] RX[0m: 0.0414 Mpps, 498.31 Mbit/s (504.93 Mbit/s with framing)
[0;34m[Device: id=1] TX[0m: 0.0900 Mpps, 1089.06 Mbit/s (1103.47 Mbit/s with framing)
[1;36m[Device: id=0] RX[0m: 0.0394 Mpps, 474.51 Mbit/s (480.82 Mbit/s with framing)
[0;34m[Device: id=1] TX[0m: 0.0900 Mpps, 1088.80 Mbit/s (1103.20 Mbit/s with framing)
[1;36m[Device: id=0] RX[0m: 0.0411 Mpps, 494.86 Mbit/s (501.44 Mbit/s with framing)
[0;34m[Device: id=1] TX[0m: 0.0899 Mpps, 1087.92 Mbit/s (1102.31 Mbit/s with framing)
[1;36m[Device: id=0] RX[0m: 0.0429 Mpps, 515.91 Mbit/s (522.77 Mbit/s with framing)
[0;34m[Device: id=1] TX[0m: 0.0901 Mpps, 1089.83 Mbit/s (1104.24 Mbit/s with framing)
[1;36m[Device: id=0] RX[0m: 0.0398 Mpps, 479.40 Mbit/s (485.78 Mbit/s with framing)
[0;34m[Device: id=1] TX[0m: 0.0899 Mpps, 1087.61 Mbit/s (1102.00 Mbit/s with framing)
[1;36m[Device: id=0] RX[0m: 0.0410 Mpps, 493.34 Mbit/s (499.90 Mbit/s with framing)
9
[0;34m[Device: id=1] TX[0m: 0.0855 Mpps, 1033.87 Mbit/s (1047.55 Mbit/s with framing)
[1;36m[Device: id=0] RX[0m: 0.0021 Mpps, 24.87 Mbit/s (25.20 Mbit/s with framing)
[0;34m[Device: id=1] TX[0m: 0.0000 Mpps, 0.00 Mbit/s (0.00 Mbit/s with framing)
2700000
[1;36m[Device: id=0] RX[0m: 0.0394 (StdDev 0.0072) Mpps, 473.94 (StdDev 86) Mbit/s (480.24 Mbit/s with framing), total 1221561 packets with 1837227744 bytes (incl. CRC)
[0;34m[Device: id=1] TX[0m: 0.0869 (StdDev 0.0164) Mpps, 1050.58 (StdDev 199) Mbit/s (1064.48 Mbit/s with framing), total 2700000 packets with 4082400000 bytes (incl. CRC)
