[1;37m[INFO]  Initializing DPDK. This will take a few seconds...[0m
EAL: Probing VFIO support...
EAL: WARNING: cpu flags constant_tsc=yes nonstop_tsc=no -> using unreliable clock cycles !
EAL: PCI device 0000:00:03.0 on NUMA socket -1
EAL:   Invalid NUMA socket, default to 0
EAL:   probe driver: 1af4:1000 net_virtio
EAL: PCI device 0000:00:04.0 on NUMA socket -1
EAL:   Invalid NUMA socket, default to 0
EAL:   probe driver: 1af4:1000 net_virtio
EAL: PCI device 0000:00:05.0 on NUMA socket -1
EAL:   Invalid NUMA socket, default to 0
EAL:   probe driver: 1af4:1000 net_virtio
[1;37m[INFO]  Found 2 usable devices:[0m
   Device 0: 52:54:00:C9:E4:6A ([0;32mRed Hat, Inc Virtio network device[0m)
   Device 1: 52:54:00:47:12:15 ([0;32mRed Hat, Inc Virtio network device[0m)
[1;37m[INFO]  Waiting for devices to come up...[0m
[1;37m[INFO]  Device 1 (52:54:00:47:12:15) is up: 10000 MBit/s[0m
[1;37m[INFO]  Device 0 (52:54:00:C9:E4:6A) is up: 10000 MBit/s[0m
[1;37m[INFO]  [0;32m2 devices are up.[0m[0m
[1;37m[INFO]  Trying to enable rx timestamping of all packets, this isn't supported by most nics[0m
[1;36m[Device: id=0] RX[0m: 0.0465 Mpps, 25.28 Mbit/s (32.72 Mbit/s with framing)
[0;34m[Device: id=1] TX[0m: 0.1108 Mpps, 67.34 Mbit/s (85.06 Mbit/s with framing)
[1;36m[Device: id=0] RX[0m: 0.0603 Mpps, 32.82 Mbit/s (42.47 Mbit/s with framing)
[0;34m[Device: id=1] TX[0m: 0.1098 Mpps, 66.78 Mbit/s (84.36 Mbit/s with framing)
[1;36m[Device: id=0] RX[0m: 0.0542 Mpps, 29.46 Mbit/s (38.13 Mbit/s with framing)
[0;34m[Device: id=1] TX[0m: 0.1099 Mpps, 66.83 Mbit/s (84.41 Mbit/s with framing)
[1;36m[Device: id=0] RX[0m: 0.0570 Mpps, 30.99 Mbit/s (40.10 Mbit/s with framing)
[0;34m[Device: id=1] TX[0m: 0.1096 Mpps, 66.62 Mbit/s (84.16 Mbit/s with framing)
[1;36m[Device: id=0] RX[0m: 0.0533 Mpps, 29.00 Mbit/s (37.52 Mbit/s with framing)
[0;34m[Device: id=1] TX[0m: 0.1104 Mpps, 67.15 Mbit/s (84.82 Mbit/s with framing)
[1;36m[Device: id=0] RX[0m: 0.0602 Mpps, 32.76 Mbit/s (42.40 Mbit/s with framing)
[0;34m[Device: id=1] TX[0m: 0.1096 Mpps, 66.65 Mbit/s (84.19 Mbit/s with framing)
[1;36m[Device: id=0] RX[0m: 0.0444 Mpps, 24.16 Mbit/s (31.26 Mbit/s with framing)
[0;34m[Device: id=1] TX[0m: 0.1105 Mpps, 67.18 Mbit/s (84.86 Mbit/s with framing)
[1;36m[Device: id=0] RX[0m: 0.0537 Mpps, 29.23 Mbit/s (37.83 Mbit/s with framing)
[0;34m[Device: id=1] TX[0m: 0.1088 Mpps, 66.13 Mbit/s (83.54 Mbit/s with framing)
[1;36m[Device: id=0] RX[0m: 0.0529 Mpps, 28.77 Mbit/s (37.23 Mbit/s with framing)
[0;34m[Device: id=1] TX[0m: 0.1115 Mpps, 67.80 Mbit/s (85.64 Mbit/s with framing)
[1;36m[Device: id=0] RX[0m: 0.0593 Mpps, 32.27 Mbit/s (41.77 Mbit/s with framing)
[0;34m[Device: id=1] TX[0m: 0.1086 Mpps, 66.01 Mbit/s (83.38 Mbit/s with framing)
[1;36m[Device: id=0] RX[0m: 0.0501 Mpps, 27.28 Mbit/s (35.30 Mbit/s with framing)
[0;34m[Device: id=1] TX[0m: 0.1108 Mpps, 67.36 Mbit/s (85.09 Mbit/s with framing)
[1;36m[Device: id=0] RX[0m: 0.0562 Mpps, 30.58 Mbit/s (39.58 Mbit/s with framing)
[0;34m[Device: id=1] TX[0m: 0.1094 Mpps, 66.54 Mbit/s (84.05 Mbit/s with framing)
[1;36m[Device: id=0] RX[0m: 0.0522 Mpps, 28.40 Mbit/s (36.75 Mbit/s with framing)
[0;34m[Device: id=1] TX[0m: 0.1111 Mpps, 67.55 Mbit/s (85.33 Mbit/s with framing)
[1;36m[Device: id=0] RX[0m: 0.0608 Mpps, 33.07 Mbit/s (42.80 Mbit/s with framing)
[0;34m[Device: id=1] TX[0m: 0.1102 Mpps, 66.98 Mbit/s (84.61 Mbit/s with framing)
[1;36m[Device: id=0] RX[0m: 0.0578 Mpps, 31.44 Mbit/s (40.69 Mbit/s with framing)
[0;34m[Device: id=1] TX[0m: 0.1100 Mpps, 66.89 Mbit/s (84.49 Mbit/s with framing)
[1;36m[Device: id=0] RX[0m: 0.0605 Mpps, 32.93 Mbit/s (42.61 Mbit/s with framing)
[0;34m[Device: id=1] TX[0m: 0.1021 Mpps, 62.07 Mbit/s (78.40 Mbit/s with framing)
[1;36m[Device: id=0] RX[0m: 0.0426 Mpps, 23.18 Mbit/s (30.00 Mbit/s with framing)
[0;34m[Device: id=1] TX[0m: 0.1175 Mpps, 71.42 Mbit/s (90.22 Mbit/s with framing)
[1;36m[Device: id=0] RX[0m: 0.0593 Mpps, 32.25 Mbit/s (41.74 Mbit/s with framing)
[0;34m[Device: id=1] TX[0m: 0.1093 Mpps, 66.48 Mbit/s (83.98 Mbit/s with framing)
[1;36m[Device: id=0] RX[0m: 0.0584 Mpps, 31.75 Mbit/s (41.09 Mbit/s with framing)
[0;34m[Device: id=1] TX[0m: 0.1111 Mpps, 67.53 Mbit/s (85.30 Mbit/s with framing)
[1;36m[Device: id=0] RX[0m: 0.0518 Mpps, 28.20 Mbit/s (36.50 Mbit/s with framing)
[0;34m[Device: id=1] TX[0m: 0.1089 Mpps, 66.23 Mbit/s (83.65 Mbit/s with framing)
[1;36m[Device: id=0] RX[0m: 0.0638 Mpps, 34.69 Mbit/s (44.90 Mbit/s with framing)
[0;34m[Device: id=1] TX[0m: 0.1102 Mpps, 67.03 Mbit/s (84.67 Mbit/s with framing)
[1;36m[Device: id=0] RX[0m: 0.0630 Mpps, 34.30 Mbit/s (44.39 Mbit/s with framing)
[0;34m[Device: id=1] TX[0m: 0.1106 Mpps, 67.27 Mbit/s (84.97 Mbit/s with framing)
[1;36m[Device: id=0] RX[0m: 0.0630 Mpps, 34.27 Mbit/s (44.35 Mbit/s with framing)
[0;34m[Device: id=1] TX[0m: 0.1088 Mpps, 66.16 Mbit/s (83.57 Mbit/s with framing)
[1;36m[Device: id=0] RX[0m: 0.0566 Mpps, 30.81 Mbit/s (39.87 Mbit/s with framing)
[0;34m[Device: id=1] TX[0m: 0.1110 Mpps, 67.47 Mbit/s (85.22 Mbit/s with framing)
[1;36m[Device: id=0] RX[0m: 0.0509 Mpps, 27.71 Mbit/s (35.86 Mbit/s with framing)
[0;34m[Device: id=1] TX[0m: 0.1101 Mpps, 66.97 Mbit/s (84.59 Mbit/s with framing)
[1;36m[Device: id=0] RX[0m: 0.0572 Mpps, 31.10 Mbit/s (40.25 Mbit/s with framing)
[0;34m[Device: id=1] TX[0m: 0.1099 Mpps, 66.84 Mbit/s (84.43 Mbit/s with framing)
[1;36m[Device: id=0] RX[0m: 0.0467 Mpps, 25.42 Mbit/s (32.89 Mbit/s with framing)
[0;34m[Device: id=1] TX[0m: 0.1100 Mpps, 66.88 Mbit/s (84.48 Mbit/s with framing)
[1;36m[Device: id=0] RX[0m: 0.0598 Mpps, 32.55 Mbit/s (42.13 Mbit/s with framing)
[0;34m[Device: id=1] TX[0m: 0.1105 Mpps, 67.17 Mbit/s (84.85 Mbit/s with framing)
[1;36m[Device: id=0] RX[0m: 0.0544 Mpps, 29.57 Mbit/s (38.26 Mbit/s with framing)
[0;34m[Device: id=1] TX[0m: 0.1092 Mpps, 66.40 Mbit/s (83.88 Mbit/s with framing)
60
[1;36m[Device: id=0] RX[0m: 0.0559 Mpps, 30.43 Mbit/s (39.38 Mbit/s with framing)
[0;34m[Device: id=1] TX[0m: 0.0838 Mpps, 50.95 Mbit/s (64.36 Mbit/s with framing)
[1;36m[Device: id=0] RX[0m: 0.0009 Mpps, 0.48 Mbit/s (0.62 Mbit/s with framing)
[0;34m[Device: id=1] TX[0m: 0.0000 Mpps, 0.00 Mbit/s (0.00 Mbit/s with framing)
3300000
[1;36m[Device: id=0] RX[0m: 0.0539 (StdDev 0.0113) Mpps, 29.33 (StdDev 6) Mbit/s (37.96 Mbit/s with framing), total 1663899 packets with 113145132 bytes (incl. CRC)
[0;34m[Device: id=1] TX[0m: 0.1054 (StdDev 0.0206) Mpps, 64.11 (StdDev 13) Mbit/s (80.98 Mbit/s with framing), total 3300000 packets with 250800000 bytes (incl. CRC)
