[1;37m[INFO]  Initializing DPDK. This will take a few seconds...[0m
EAL: Probing VFIO support...
EAL: WARNING: cpu flags constant_tsc=yes nonstop_tsc=no -> using unreliable clock cycles !
EAL: PCI device 0000:00:03.0 on NUMA socket -1
EAL:   Invalid NUMA socket, default to 0
EAL:   probe driver: 1af4:1000 net_virtio
EAL: PCI device 0000:00:04.0 on NUMA socket -1
EAL:   Invalid NUMA socket, default to 0
EAL:   probe driver: 1af4:1000 net_virtio
EAL: PCI device 0000:00:05.0 on NUMA socket -1
EAL:   Invalid NUMA socket, default to 0
EAL:   probe driver: 1af4:1000 net_virtio
[1;37m[INFO]  Found 2 usable devices:[0m
   Device 0: 52:54:00:C9:E4:6A ([0;32mRed Hat, Inc Virtio network device[0m)
   Device 1: 52:54:00:47:12:15 ([0;32mRed Hat, Inc Virtio network device[0m)
[1;37m[INFO]  Waiting for devices to come up...[0m
[1;37m[INFO]  Device 1 (52:54:00:47:12:15) is up: 10000 MBit/s[0m
[1;37m[INFO]  Device 0 (52:54:00:C9:E4:6A) is up: 10000 MBit/s[0m
[1;37m[INFO]  [0;32m2 devices are up.[0m[0m
[1;37m[INFO]  Trying to enable rx timestamping of all packets, this isn't supported by most nics[0m
[0;34m[Device: id=1] TX[0m: 0.2403 Mpps, 269.10 Mbit/s (307.55 Mbit/s with framing)
[1;36m[Device: id=0] RX[0m: 0.0755 Mpps, 79.77 Mbit/s (91.85 Mbit/s with framing)
[1;36m[Device: id=0] RX[0m: 0.0401 Mpps, 42.30 Mbit/s (48.71 Mbit/s with framing)
[0;34m[Device: id=1] TX[0m: 0.2399 Mpps, 268.70 Mbit/s (307.09 Mbit/s with framing)
[1;36m[Device: id=0] RX[0m: 0.0398 Mpps, 42.06 Mbit/s (48.43 Mbit/s with framing)
[0;34m[Device: id=1] TX[0m: 0.2374 Mpps, 265.87 Mbit/s (303.85 Mbit/s with framing)
[1;36m[Device: id=0] RX[0m: 0.0450 Mpps, 47.52 Mbit/s (54.72 Mbit/s with framing)
[0;34m[Device: id=1] TX[0m: 0.2432 Mpps, 272.34 Mbit/s (311.24 Mbit/s with framing)
[1;36m[Device: id=0] RX[0m: 0.0400 Mpps, 42.19 Mbit/s (48.58 Mbit/s with framing)
[0;34m[Device: id=1] TX[0m: 0.2287 Mpps, 256.13 Mbit/s (292.72 Mbit/s with framing)
[1;36m[Device: id=0] RX[0m: 0.0397 Mpps, 41.91 Mbit/s (48.26 Mbit/s with framing)
[0;34m[Device: id=1] TX[0m: 0.2172 Mpps, 243.31 Mbit/s (278.07 Mbit/s with framing)
[1;36m[Device: id=0] RX[0m: 0.0410 Mpps, 43.25 Mbit/s (49.81 Mbit/s with framing)
[0;34m[Device: id=1] TX[0m: 0.2674 Mpps, 299.54 Mbit/s (342.33 Mbit/s with framing)
[1;36m[Device: id=0] RX[0m: 0.0393 Mpps, 41.53 Mbit/s (47.82 Mbit/s with framing)
[0;34m[Device: id=1] TX[0m: 0.2175 Mpps, 243.55 Mbit/s (278.35 Mbit/s with framing)
[1;36m[Device: id=0] RX[0m: 0.0393 Mpps, 41.49 Mbit/s (47.77 Mbit/s with framing)
[0;34m[Device: id=1] TX[0m: 0.0471 Mpps, 52.75 Mbit/s (60.29 Mbit/s with framing)
[1;36m[Device: id=0] RX[0m: 0.0395 Mpps, 41.74 Mbit/s (48.07 Mbit/s with framing)
[0;34m[Device: id=1] TX[0m: 0.4623 Mpps, 517.79 Mbit/s (591.76 Mbit/s with framing)
[1;36m[Device: id=0] RX[0m: 0.0394 Mpps, 41.65 Mbit/s (47.97 Mbit/s with framing)
[0;34m[Device: id=1] TX[0m: 0.2302 Mpps, 257.83 Mbit/s (294.66 Mbit/s with framing)
[1;36m[Device: id=0] RX[0m: 0.0394 Mpps, 41.56 Mbit/s (47.86 Mbit/s with framing)
[0;34m[Device: id=1] TX[0m: 0.0769 Mpps, 86.09 Mbit/s (98.39 Mbit/s with framing)
[1;36m[Device: id=0] RX[0m: 0.0396 Mpps, 41.77 Mbit/s (48.10 Mbit/s with framing)
[0;34m[Device: id=1] TX[0m: 0.3340 Mpps, 374.13 Mbit/s (427.57 Mbit/s with framing)
[1;36m[Device: id=0] RX[0m: 0.0562 Mpps, 59.39 Mbit/s (68.38 Mbit/s with framing)
[0;34m[Device: id=1] TX[0m: 0.2920 Mpps, 327.03 Mbit/s (373.75 Mbit/s with framing)
[1;36m[Device: id=0] RX[0m: 0.0397 Mpps, 41.89 Mbit/s (48.23 Mbit/s with framing)
[0;34m[Device: id=1] TX[0m: 0.1126 Mpps, 126.07 Mbit/s (144.08 Mbit/s with framing)
[1;36m[Device: id=0] RX[0m: 0.0396 Mpps, 41.77 Mbit/s (48.10 Mbit/s with framing)
[0;34m[Device: id=1] TX[0m: 0.3814 Mpps, 427.20 Mbit/s (488.23 Mbit/s with framing)
[1;36m[Device: id=0] RX[0m: 0.0398 Mpps, 42.03 Mbit/s (48.40 Mbit/s with framing)
[0;34m[Device: id=1] TX[0m: 0.2449 Mpps, 274.25 Mbit/s (313.43 Mbit/s with framing)
[1;36m[Device: id=0] RX[0m: 0.0397 Mpps, 41.95 Mbit/s (48.31 Mbit/s with framing)
[0;34m[Device: id=1] TX[0m: 0.2463 Mpps, 275.82 Mbit/s (315.22 Mbit/s with framing)
[1;36m[Device: id=0] RX[0m: 0.0402 Mpps, 42.44 Mbit/s (48.87 Mbit/s with framing)
[0;34m[Device: id=1] TX[0m: 0.2398 Mpps, 268.59 Mbit/s (306.96 Mbit/s with framing)
[1;36m[Device: id=0] RX[0m: 0.0395 Mpps, 41.71 Mbit/s (48.03 Mbit/s with framing)
[0;34m[Device: id=1] TX[0m: 0.2275 Mpps, 254.79 Mbit/s (291.19 Mbit/s with framing)
[1;36m[Device: id=0] RX[0m: 0.0396 Mpps, 41.81 Mbit/s (48.15 Mbit/s with framing)
[0;34m[Device: id=1] TX[0m: 0.2331 Mpps, 261.04 Mbit/s (298.33 Mbit/s with framing)
[1;36m[Device: id=0] RX[0m: 0.0394 Mpps, 41.61 Mbit/s (47.92 Mbit/s with framing)
[0;34m[Device: id=1] TX[0m: 0.2486 Mpps, 278.47 Mbit/s (318.25 Mbit/s with framing)
[1;36m[Device: id=0] RX[0m: 0.0840 Mpps, 88.74 Mbit/s (102.18 Mbit/s with framing)
[0;34m[Device: id=1] TX[0m: 0.1655 Mpps, 185.36 Mbit/s (211.84 Mbit/s with framing)
[1;36m[Device: id=0] RX[0m: 0.0408 Mpps, 43.07 Mbit/s (49.60 Mbit/s with framing)
[0;34m[Device: id=1] TX[0m: 0.2858 Mpps, 320.15 Mbit/s (365.89 Mbit/s with framing)
[1;36m[Device: id=0] RX[0m: 0.0396 Mpps, 41.83 Mbit/s (48.17 Mbit/s with framing)
[0;34m[Device: id=1] TX[0m: 0.2612 Mpps, 292.55 Mbit/s (334.35 Mbit/s with framing)
[1;36m[Device: id=0] RX[0m: 0.0446 Mpps, 47.10 Mbit/s (54.23 Mbit/s with framing)
[0;34m[Device: id=1] TX[0m: 0.1629 Mpps, 182.44 Mbit/s (208.50 Mbit/s with framing)
[1;36m[Device: id=0] RX[0m: 0.0396 Mpps, 41.80 Mbit/s (48.13 Mbit/s with framing)
[0;34m[Device: id=1] TX[0m: 0.1812 Mpps, 202.89 Mbit/s (231.88 Mbit/s with framing)
[1;36m[Device: id=0] RX[0m: 0.0407 Mpps, 42.98 Mbit/s (49.50 Mbit/s with framing)
[0;34m[Device: id=1] TX[0m: 0.2529 Mpps, 283.26 Mbit/s (323.72 Mbit/s with framing)
[1;36m[Device: id=0] RX[0m: 0.0395 Mpps, 41.76 Mbit/s (48.08 Mbit/s with framing)
[0;34m[Device: id=1] TX[0m: 0.0475 Mpps, 53.15 Mbit/s (60.74 Mbit/s with framing)
[1;36m[Device: id=0] RX[0m: 0.0397 Mpps, 41.94 Mbit/s (48.30 Mbit/s with framing)
[0;34m[Device: id=1] TX[0m: 0.4761 Mpps, 533.25 Mbit/s (609.43 Mbit/s with framing)
45
[1;36m[Device: id=0] RX[0m: 0.0073 Mpps, 7.75 Mbit/s (8.93 Mbit/s with framing)
[0;34m[Device: id=1] TX[0m: 0.0815 Mpps, 91.34 Mbit/s (104.38 Mbit/s with framing)
7200000
[1;36m[Device: id=0] RX[0m: 0.0411 (StdDev 0.0106) Mpps, 43.35 (StdDev 11) Mbit/s (49.92 Mbit/s with framing), total 1307153 packets with 172544196 bytes (incl. CRC)
[0;34m[Device: id=1] TX[0m: 0.2314 (StdDev 0.1012) Mpps, 259.19 (StdDev 113) Mbit/s (296.22 Mbit/s with framing), total 7200000 packets with 1008000000 bytes (incl. CRC)
