[1;37m[INFO]  Initializing DPDK. This will take a few seconds...[0m
EAL: Probing VFIO support...
EAL: WARNING: cpu flags constant_tsc=yes nonstop_tsc=no -> using unreliable clock cycles !
EAL: PCI device 0000:00:03.0 on NUMA socket -1
EAL:   Invalid NUMA socket, default to 0
EAL:   probe driver: 1af4:1000 net_virtio
EAL: PCI device 0000:00:04.0 on NUMA socket -1
EAL:   Invalid NUMA socket, default to 0
EAL:   probe driver: 1af4:1000 net_virtio
EAL: PCI device 0000:00:05.0 on NUMA socket -1
EAL:   Invalid NUMA socket, default to 0
EAL:   probe driver: 1af4:1000 net_virtio
[1;37m[INFO]  Found 2 usable devices:[0m
   Device 0: 52:54:00:C9:E4:6A ([0;32mRed Hat, Inc Virtio network device[0m)
   Device 1: 52:54:00:47:12:15 ([0;32mRed Hat, Inc Virtio network device[0m)
[1;37m[INFO]  Waiting for devices to come up...[0m
[1;37m[INFO]  Device 1 (52:54:00:47:12:15) is up: 10000 MBit/s[0m
[1;37m[INFO]  Device 0 (52:54:00:C9:E4:6A) is up: 10000 MBit/s[0m
[1;37m[INFO]  [0;32m2 devices are up.[0m[0m
[1;37m[INFO]  Trying to enable rx timestamping of all packets, this isn't supported by most nics[0m
[0;34m[Device: id=1] TX[0m: 0.2122 Mpps, 237.68 Mbit/s (271.64 Mbit/s with framing)
[1;36m[Device: id=0] RX[0m: 0.0681 Mpps, 71.90 Mbit/s (82.79 Mbit/s with framing)
[0;34m[Device: id=1] TX[0m: 0.2001 Mpps, 224.10 Mbit/s (256.12 Mbit/s with framing)
[1;36m[Device: id=0] RX[0m: 0.0396 Mpps, 41.83 Mbit/s (48.16 Mbit/s with framing)
[0;34m[Device: id=1] TX[0m: 0.2374 Mpps, 265.94 Mbit/s (303.93 Mbit/s with framing)
[1;36m[Device: id=0] RX[0m: 0.0399 Mpps, 42.16 Mbit/s (48.54 Mbit/s with framing)
[0;34m[Device: id=1] TX[0m: 0.2247 Mpps, 251.61 Mbit/s (287.55 Mbit/s with framing)
[1;36m[Device: id=0] RX[0m: 0.0389 Mpps, 41.06 Mbit/s (47.28 Mbit/s with framing)
[0;34m[Device: id=1] TX[0m: 0.2192 Mpps, 245.49 Mbit/s (280.56 Mbit/s with framing)
[1;36m[Device: id=0] RX[0m: 0.0548 Mpps, 57.84 Mbit/s (66.61 Mbit/s with framing)
[0;34m[Device: id=1] TX[0m: 0.2219 Mpps, 248.52 Mbit/s (284.03 Mbit/s with framing)
[1;36m[Device: id=0] RX[0m: 0.0398 Mpps, 42.07 Mbit/s (48.44 Mbit/s with framing)
[0;34m[Device: id=1] TX[0m: 0.1813 Mpps, 203.08 Mbit/s (232.09 Mbit/s with framing)
[1;36m[Device: id=0] RX[0m: 0.0399 Mpps, 42.16 Mbit/s (48.55 Mbit/s with framing)
[0;34m[Device: id=1] TX[0m: 0.2526 Mpps, 282.90 Mbit/s (323.31 Mbit/s with framing)
[1;36m[Device: id=0] RX[0m: 0.0413 Mpps, 43.64 Mbit/s (50.25 Mbit/s with framing)
[1;36m[Device: id=0] RX[0m: 0.0399 Mpps, 42.12 Mbit/s (48.51 Mbit/s with framing)
[0;34m[Device: id=1] TX[0m: 0.2245 Mpps, 251.48 Mbit/s (287.41 Mbit/s with framing)
[1;36m[Device: id=0] RX[0m: 0.0445 Mpps, 47.01 Mbit/s (54.13 Mbit/s with framing)
[0;34m[Device: id=1] TX[0m: 0.2033 Mpps, 227.69 Mbit/s (260.21 Mbit/s with framing)
[1;36m[Device: id=0] RX[0m: 0.0416 Mpps, 43.96 Mbit/s (50.63 Mbit/s with framing)
[0;34m[Device: id=1] TX[0m: 0.2121 Mpps, 237.54 Mbit/s (271.47 Mbit/s with framing)
[1;36m[Device: id=0] RX[0m: 0.0409 Mpps, 43.17 Mbit/s (49.71 Mbit/s with framing)
[0;34m[Device: id=1] TX[0m: 0.2373 Mpps, 265.82 Mbit/s (303.79 Mbit/s with framing)
[1;36m[Device: id=0] RX[0m: 0.0393 Mpps, 41.48 Mbit/s (47.76 Mbit/s with framing)
[0;34m[Device: id=1] TX[0m: 0.2290 Mpps, 256.46 Mbit/s (293.10 Mbit/s with framing)
[1;36m[Device: id=0] RX[0m: 0.0393 Mpps, 41.52 Mbit/s (47.82 Mbit/s with framing)
[0;34m[Device: id=1] TX[0m: 0.2181 Mpps, 244.25 Mbit/s (279.14 Mbit/s with framing)
[1;36m[Device: id=0] RX[0m: 0.0395 Mpps, 41.70 Mbit/s (48.02 Mbit/s with framing)
[0;34m[Device: id=1] TX[0m: 0.2127 Mpps, 238.26 Mbit/s (272.29 Mbit/s with framing)
[1;36m[Device: id=0] RX[0m: 0.0402 Mpps, 42.49 Mbit/s (48.93 Mbit/s with framing)
[0;34m[Device: id=1] TX[0m: 0.2231 Mpps, 249.86 Mbit/s (285.56 Mbit/s with framing)
[1;36m[Device: id=0] RX[0m: 0.0400 Mpps, 42.25 Mbit/s (48.65 Mbit/s with framing)
[0;34m[Device: id=1] TX[0m: 0.2107 Mpps, 236.00 Mbit/s (269.71 Mbit/s with framing)
[1;36m[Device: id=0] RX[0m: 0.0413 Mpps, 43.66 Mbit/s (50.27 Mbit/s with framing)
[0;34m[Device: id=1] TX[0m: 0.2353 Mpps, 263.50 Mbit/s (301.14 Mbit/s with framing)
[1;36m[Device: id=0] RX[0m: 0.0431 Mpps, 45.56 Mbit/s (52.46 Mbit/s with framing)
[0;34m[Device: id=1] TX[0m: 0.2174 Mpps, 243.51 Mbit/s (278.29 Mbit/s with framing)
[1;36m[Device: id=0] RX[0m: 0.0459 Mpps, 48.51 Mbit/s (55.86 Mbit/s with framing)
[0;34m[Device: id=1] TX[0m: 0.2192 Mpps, 245.46 Mbit/s (280.52 Mbit/s with framing)
[1;36m[Device: id=0] RX[0m: 0.0404 Mpps, 42.62 Mbit/s (49.07 Mbit/s with framing)
[0;34m[Device: id=1] TX[0m: 0.1512 Mpps, 169.37 Mbit/s (193.57 Mbit/s with framing)
[1;36m[Device: id=0] RX[0m: 0.0478 Mpps, 50.45 Mbit/s (58.09 Mbit/s with framing)
[0;34m[Device: id=1] TX[0m: 0.2911 Mpps, 326.06 Mbit/s (372.65 Mbit/s with framing)
[1;36m[Device: id=0] RX[0m: 0.0407 Mpps, 42.97 Mbit/s (49.49 Mbit/s with framing)
[0;34m[Device: id=1] TX[0m: 0.1813 Mpps, 203.06 Mbit/s (232.06 Mbit/s with framing)
[1;36m[Device: id=0] RX[0m: 0.0483 Mpps, 50.97 Mbit/s (58.69 Mbit/s with framing)
[0;34m[Device: id=1] TX[0m: 0.2450 Mpps, 274.45 Mbit/s (313.66 Mbit/s with framing)
[1;36m[Device: id=0] RX[0m: 0.0391 Mpps, 41.28 Mbit/s (47.53 Mbit/s with framing)
[0;34m[Device: id=1] TX[0m: 0.2294 Mpps, 256.97 Mbit/s (293.68 Mbit/s with framing)
[1;36m[Device: id=0] RX[0m: 0.0561 Mpps, 59.20 Mbit/s (68.17 Mbit/s with framing)
[0;34m[Device: id=1] TX[0m: 0.2256 Mpps, 252.72 Mbit/s (288.82 Mbit/s with framing)
[1;36m[Device: id=0] RX[0m: 0.0451 Mpps, 47.59 Mbit/s (54.80 Mbit/s with framing)
[0;34m[Device: id=1] TX[0m: 0.1762 Mpps, 197.30 Mbit/s (225.48 Mbit/s with framing)
[1;36m[Device: id=0] RX[0m: 0.0438 Mpps, 46.20 Mbit/s (53.20 Mbit/s with framing)
[0;34m[Device: id=1] TX[0m: 0.2324 Mpps, 260.33 Mbit/s (297.52 Mbit/s with framing)
[1;36m[Device: id=0] RX[0m: 0.0402 Mpps, 42.42 Mbit/s (48.84 Mbit/s with framing)
[0;34m[Device: id=1] TX[0m: 0.2350 Mpps, 263.16 Mbit/s (300.75 Mbit/s with framing)
57
[1;36m[Device: id=0] RX[0m: 0.0412 Mpps, 43.46 Mbit/s (50.04 Mbit/s with framing)
[0;34m[Device: id=1] TX[0m: 0.2132 Mpps, 238.82 Mbit/s (272.94 Mbit/s with framing)
[1;36m[Device: id=0] RX[0m: 0.0011 Mpps, 1.13 Mbit/s (1.30 Mbit/s with framing)
[0;34m[Device: id=1] TX[0m: 0.0000 Mpps, 0.00 Mbit/s (0.00 Mbit/s with framing)
6600000
[1;36m[Device: id=0] RX[0m: 0.0411 (StdDev 0.0087) Mpps, 43.42 (StdDev 9) Mbit/s (49.99 Mbit/s with framing), total 1301487 packets with 171796284 bytes (incl. CRC)
[0;34m[Device: id=1] TX[0m: 0.2120 (StdDev 0.0474) Mpps, 237.46 (StdDev 53) Mbit/s (271.38 Mbit/s with framing), total 6600000 packets with 924000000 bytes (incl. CRC)
