[1;37m[INFO]  Initializing DPDK. This will take a few seconds...[0m
EAL: Probing VFIO support...
EAL: WARNING: cpu flags constant_tsc=yes nonstop_tsc=no -> using unreliable clock cycles !
EAL: PCI device 0000:00:03.0 on NUMA socket -1
EAL:   Invalid NUMA socket, default to 0
EAL:   probe driver: 1af4:1000 net_virtio
EAL: PCI device 0000:00:04.0 on NUMA socket -1
EAL:   Invalid NUMA socket, default to 0
EAL:   probe driver: 1af4:1000 net_virtio
EAL: PCI device 0000:00:05.0 on NUMA socket -1
EAL:   Invalid NUMA socket, default to 0
EAL:   probe driver: 1af4:1000 net_virtio
[1;37m[INFO]  Found 2 usable devices:[0m
   Device 0: 52:54:00:C9:E4:6A ([0;32mRed Hat, Inc Virtio network device[0m)
   Device 1: 52:54:00:47:12:15 ([0;32mRed Hat, Inc Virtio network device[0m)
[1;37m[INFO]  Waiting for devices to come up...[0m
[1;37m[INFO]  Device 1 (52:54:00:47:12:15) is up: 10000 MBit/s[0m
[1;37m[INFO]  Device 0 (52:54:00:C9:E4:6A) is up: 10000 MBit/s[0m
[1;37m[INFO]  [0;32m2 devices are up.[0m[0m
[1;37m[INFO]  Trying to enable rx timestamping of all packets, this isn't supported by most nics[0m
[0;34m[Device: id=1] TX[0m: 0.0777 Mpps, 87.07 Mbit/s (99.51 Mbit/s with framing)
[1;36m[Device: id=0] RX[0m: 0.0473 Mpps, 49.99 Mbit/s (57.56 Mbit/s with framing)
[0;34m[Device: id=1] TX[0m: 0.0801 Mpps, 89.68 Mbit/s (102.49 Mbit/s with framing)
[1;36m[Device: id=0] RX[0m: 0.0430 Mpps, 45.37 Mbit/s (52.24 Mbit/s with framing)
[0;34m[Device: id=1] TX[0m: 0.0789 Mpps, 88.38 Mbit/s (101.00 Mbit/s with framing)
[1;36m[Device: id=0] RX[0m: 0.0470 Mpps, 49.59 Mbit/s (57.10 Mbit/s with framing)
[0;34m[Device: id=1] TX[0m: 0.0805 Mpps, 90.12 Mbit/s (102.99 Mbit/s with framing)
[1;36m[Device: id=0] RX[0m: 0.0446 Mpps, 47.14 Mbit/s (54.28 Mbit/s with framing)
[0;34m[Device: id=1] TX[0m: 0.0804 Mpps, 90.03 Mbit/s (102.89 Mbit/s with framing)
[1;36m[Device: id=0] RX[0m: 0.0445 Mpps, 47.00 Mbit/s (54.12 Mbit/s with framing)
[0;34m[Device: id=1] TX[0m: 0.0783 Mpps, 87.74 Mbit/s (100.27 Mbit/s with framing)
[1;36m[Device: id=0] RX[0m: 0.0430 Mpps, 45.45 Mbit/s (52.34 Mbit/s with framing)
[0;34m[Device: id=1] TX[0m: 0.0818 Mpps, 91.56 Mbit/s (104.65 Mbit/s with framing)
[1;36m[Device: id=0] RX[0m: 0.0459 Mpps, 48.47 Mbit/s (55.82 Mbit/s with framing)
[0;34m[Device: id=1] TX[0m: 0.0799 Mpps, 89.51 Mbit/s (102.29 Mbit/s with framing)
[1;36m[Device: id=0] RX[0m: 0.0411 Mpps, 43.36 Mbit/s (49.93 Mbit/s with framing)
[0;34m[Device: id=1] TX[0m: 0.0802 Mpps, 89.86 Mbit/s (102.70 Mbit/s with framing)
[1;36m[Device: id=0] RX[0m: 0.0441 Mpps, 46.55 Mbit/s (53.61 Mbit/s with framing)
[0;34m[Device: id=1] TX[0m: 0.0798 Mpps, 89.43 Mbit/s (102.20 Mbit/s with framing)
[1;36m[Device: id=0] RX[0m: 0.0429 Mpps, 45.31 Mbit/s (52.18 Mbit/s with framing)
[0;34m[Device: id=1] TX[0m: 0.0795 Mpps, 89.08 Mbit/s (101.81 Mbit/s with framing)
[1;36m[Device: id=0] RX[0m: 0.0467 Mpps, 49.36 Mbit/s (56.84 Mbit/s with framing)
[0;34m[Device: id=1] TX[0m: 0.0805 Mpps, 90.11 Mbit/s (102.99 Mbit/s with framing)
[1;36m[Device: id=0] RX[0m: 0.0450 Mpps, 47.51 Mbit/s (54.71 Mbit/s with framing)
[1;36m[Device: id=0] RX[0m: 0.0454 Mpps, 47.90 Mbit/s (55.16 Mbit/s with framing)
[0;34m[Device: id=1] TX[0m: 0.0795 Mpps, 89.04 Mbit/s (101.76 Mbit/s with framing)
[1;36m[Device: id=0] RX[0m: 0.0414 Mpps, 43.76 Mbit/s (50.39 Mbit/s with framing)
[0;34m[Device: id=1] TX[0m: 0.0805 Mpps, 90.13 Mbit/s (103.01 Mbit/s with framing)
[1;36m[Device: id=0] RX[0m: 0.0466 Mpps, 49.23 Mbit/s (56.69 Mbit/s with framing)
[0;34m[Device: id=1] TX[0m: 0.0798 Mpps, 89.40 Mbit/s (102.17 Mbit/s with framing)
[1;36m[Device: id=0] RX[0m: 0.0420 Mpps, 44.31 Mbit/s (51.02 Mbit/s with framing)
[0;34m[Device: id=1] TX[0m: 0.0800 Mpps, 89.60 Mbit/s (102.40 Mbit/s with framing)
[1;36m[Device: id=0] RX[0m: 0.0434 Mpps, 45.80 Mbit/s (52.74 Mbit/s with framing)
[0;34m[Device: id=1] TX[0m: 0.0791 Mpps, 88.65 Mbit/s (101.31 Mbit/s with framing)
[1;36m[Device: id=0] RX[0m: 0.0418 Mpps, 44.15 Mbit/s (50.84 Mbit/s with framing)
[0;34m[Device: id=1] TX[0m: 0.0811 Mpps, 90.85 Mbit/s (103.83 Mbit/s with framing)
[1;36m[Device: id=0] RX[0m: 0.0409 Mpps, 43.22 Mbit/s (49.77 Mbit/s with framing)
[0;34m[Device: id=1] TX[0m: 0.0801 Mpps, 89.74 Mbit/s (102.56 Mbit/s with framing)
[1;36m[Device: id=0] RX[0m: 0.0452 Mpps, 47.73 Mbit/s (54.96 Mbit/s with framing)
[0;34m[Device: id=1] TX[0m: 0.0799 Mpps, 89.46 Mbit/s (102.24 Mbit/s with framing)
[1;36m[Device: id=0] RX[0m: 0.0407 Mpps, 42.97 Mbit/s (49.47 Mbit/s with framing)
[0;34m[Device: id=1] TX[0m: 0.0800 Mpps, 89.61 Mbit/s (102.41 Mbit/s with framing)
[1;36m[Device: id=0] RX[0m: 0.0438 Mpps, 46.30 Mbit/s (53.31 Mbit/s with framing)
[0;34m[Device: id=1] TX[0m: 0.0799 Mpps, 89.53 Mbit/s (102.32 Mbit/s with framing)
[1;36m[Device: id=0] RX[0m: 0.0399 Mpps, 42.10 Mbit/s (48.48 Mbit/s with framing)
[0;34m[Device: id=1] TX[0m: 0.0787 Mpps, 88.20 Mbit/s (100.80 Mbit/s with framing)
[1;36m[Device: id=0] RX[0m: 0.0421 Mpps, 44.50 Mbit/s (51.25 Mbit/s with framing)
[0;34m[Device: id=1] TX[0m: 0.0801 Mpps, 89.69 Mbit/s (102.50 Mbit/s with framing)
[1;36m[Device: id=0] RX[0m: 0.0419 Mpps, 44.25 Mbit/s (50.95 Mbit/s with framing)
[0;34m[Device: id=1] TX[0m: 0.0799 Mpps, 89.45 Mbit/s (102.23 Mbit/s with framing)
[1;36m[Device: id=0] RX[0m: 0.0432 Mpps, 45.57 Mbit/s (52.48 Mbit/s with framing)
[0;34m[Device: id=1] TX[0m: 0.0815 Mpps, 91.27 Mbit/s (104.31 Mbit/s with framing)
[1;36m[Device: id=0] RX[0m: 0.0422 Mpps, 44.56 Mbit/s (51.31 Mbit/s with framing)
[0;34m[Device: id=1] TX[0m: 0.0797 Mpps, 89.29 Mbit/s (102.05 Mbit/s with framing)
[1;36m[Device: id=0] RX[0m: 0.0460 Mpps, 48.61 Mbit/s (55.98 Mbit/s with framing)
[0;34m[Device: id=1] TX[0m: 0.0801 Mpps, 89.66 Mbit/s (102.47 Mbit/s with framing)
[1;36m[Device: id=0] RX[0m: 0.0418 Mpps, 44.16 Mbit/s (50.85 Mbit/s with framing)
[0;34m[Device: id=1] TX[0m: 0.0801 Mpps, 89.69 Mbit/s (102.50 Mbit/s with framing)
[1;36m[Device: id=0] RX[0m: 0.0430 Mpps, 45.44 Mbit/s (52.33 Mbit/s with framing)
15
[0;34m[Device: id=1] TX[0m: 0.0757 Mpps, 84.83 Mbit/s (96.94 Mbit/s with framing)
[1;36m[Device: id=0] RX[0m: 0.0039 Mpps, 4.11 Mbit/s (4.73 Mbit/s with framing)
[0;34m[Device: id=1] TX[0m: 0.0000 Mpps, 0.00 Mbit/s (0.00 Mbit/s with framing)
2400000
[1;36m[Device: id=0] RX[0m: 0.0421 (StdDev 0.0075) Mpps, 44.46 (StdDev 8) Mbit/s (51.20 Mbit/s with framing), total 1310410 packets with 172974120 bytes (incl. CRC)
[0;34m[Device: id=1] TX[0m: 0.0772 (StdDev 0.0146) Mpps, 86.45 (StdDev 16) Mbit/s (98.80 Mbit/s with framing), total 2400000 packets with 336000000 bytes (incl. CRC)
