[1;37m[INFO]  Initializing DPDK. This will take a few seconds...[0m
EAL: Probing VFIO support...
EAL: WARNING: cpu flags constant_tsc=yes nonstop_tsc=no -> using unreliable clock cycles !
EAL: PCI device 0000:00:03.0 on NUMA socket -1
EAL:   Invalid NUMA socket, default to 0
EAL:   probe driver: 1af4:1000 net_virtio
EAL: PCI device 0000:00:04.0 on NUMA socket -1
EAL:   Invalid NUMA socket, default to 0
EAL:   probe driver: 1af4:1000 net_virtio
EAL: PCI device 0000:00:05.0 on NUMA socket -1
EAL:   Invalid NUMA socket, default to 0
EAL:   probe driver: 1af4:1000 net_virtio
[1;37m[INFO]  Found 2 usable devices:[0m
   Device 0: 52:54:00:C9:E4:6A ([0;32mRed Hat, Inc Virtio network device[0m)
   Device 1: 52:54:00:47:12:15 ([0;32mRed Hat, Inc Virtio network device[0m)
[1;37m[INFO]  Waiting for devices to come up...[0m
[1;37m[INFO]  Device 1 (52:54:00:47:12:15) is up: 10000 MBit/s[0m
[1;37m[INFO]  Device 0 (52:54:00:C9:E4:6A) is up: 10000 MBit/s[0m
[1;37m[INFO]  [0;32m2 devices are up.[0m[0m
[1;37m[INFO]  Trying to enable rx timestamping of all packets, this isn't supported by most nics[0m
[1;36m[Device: id=0] RX[0m: 0.0382 Mpps, 314.13 Mbit/s (320.24 Mbit/s with framing)
[0;34m[Device: id=1] TX[0m: 0.0401 Mpps, 332.68 Mbit/s (339.10 Mbit/s with framing)
[1;36m[Device: id=0] RX[0m: 0.0346 Mpps, 284.82 Mbit/s (290.36 Mbit/s with framing)
[0;34m[Device: id=1] TX[0m: 0.0400 Mpps, 331.46 Mbit/s (337.86 Mbit/s with framing)
[1;36m[Device: id=0] RX[0m: 0.0387 Mpps, 318.63 Mbit/s (324.83 Mbit/s with framing)
[0;34m[Device: id=1] TX[0m: 0.0400 Mpps, 331.52 Mbit/s (337.92 Mbit/s with framing)
[1;36m[Device: id=0] RX[0m: 0.0399 Mpps, 328.32 Mbit/s (334.70 Mbit/s with framing)
[0;34m[Device: id=1] TX[0m: 0.0400 Mpps, 331.52 Mbit/s (337.92 Mbit/s with framing)
[1;36m[Device: id=0] RX[0m: 0.0397 Mpps, 326.34 Mbit/s (332.69 Mbit/s with framing)
[0;34m[Device: id=1] TX[0m: 0.0400 Mpps, 331.52 Mbit/s (337.92 Mbit/s with framing)
[1;36m[Device: id=0] RX[0m: 0.0400 Mpps, 328.78 Mbit/s (335.17 Mbit/s with framing)
[0;34m[Device: id=1] TX[0m: 0.0400 Mpps, 331.52 Mbit/s (337.92 Mbit/s with framing)
[1;36m[Device: id=0] RX[0m: 0.0395 Mpps, 325.22 Mbit/s (331.55 Mbit/s with framing)
[0;34m[Device: id=1] TX[0m: 0.0400 Mpps, 331.52 Mbit/s (337.92 Mbit/s with framing)
[1;36m[Device: id=0] RX[0m: 0.0391 Mpps, 321.77 Mbit/s (328.03 Mbit/s with framing)
[0;34m[Device: id=1] TX[0m: 0.0400 Mpps, 331.52 Mbit/s (337.92 Mbit/s with framing)
[1;36m[Device: id=0] RX[0m: 0.0392 Mpps, 322.50 Mbit/s (328.77 Mbit/s with framing)
[0;34m[Device: id=1] TX[0m: 0.0400 Mpps, 331.52 Mbit/s (337.92 Mbit/s with framing)
[1;36m[Device: id=0] RX[0m: 0.0391 Mpps, 321.16 Mbit/s (327.41 Mbit/s with framing)
[0;34m[Device: id=1] TX[0m: 0.0400 Mpps, 331.52 Mbit/s (337.92 Mbit/s with framing)
[1;36m[Device: id=0] RX[0m: 0.0390 Mpps, 321.09 Mbit/s (327.34 Mbit/s with framing)
[0;34m[Device: id=1] TX[0m: 0.0400 Mpps, 331.52 Mbit/s (337.92 Mbit/s with framing)
[1;36m[Device: id=0] RX[0m: 0.0405 Mpps, 333.11 Mbit/s (339.60 Mbit/s with framing)
[0;34m[Device: id=1] TX[0m: 0.0400 Mpps, 331.57 Mbit/s (337.98 Mbit/s with framing)
[1;36m[Device: id=0] RX[0m: 0.0389 Mpps, 320.15 Mbit/s (326.37 Mbit/s with framing)
[0;34m[Device: id=1] TX[0m: 0.0400 Mpps, 331.47 Mbit/s (337.86 Mbit/s with framing)
[1;36m[Device: id=0] RX[0m: 0.0390 Mpps, 320.85 Mbit/s (327.10 Mbit/s with framing)
[0;34m[Device: id=1] TX[0m: 0.0400 Mpps, 331.52 Mbit/s (337.92 Mbit/s with framing)
[1;36m[Device: id=0] RX[0m: 0.0390 Mpps, 320.47 Mbit/s (326.70 Mbit/s with framing)
[0;34m[Device: id=1] TX[0m: 0.0400 Mpps, 331.52 Mbit/s (337.92 Mbit/s with framing)
[1;36m[Device: id=0] RX[0m: 0.0400 Mpps, 329.22 Mbit/s (335.63 Mbit/s with framing)
[0;34m[Device: id=1] TX[0m: 0.0400 Mpps, 331.52 Mbit/s (337.92 Mbit/s with framing)
[1;36m[Device: id=0] RX[0m: 0.0390 Mpps, 320.41 Mbit/s (326.65 Mbit/s with framing)
[0;34m[Device: id=1] TX[0m: 0.0400 Mpps, 331.52 Mbit/s (337.92 Mbit/s with framing)
[1;36m[Device: id=0] RX[0m: 0.0400 Mpps, 329.21 Mbit/s (335.62 Mbit/s with framing)
[0;34m[Device: id=1] TX[0m: 0.0400 Mpps, 331.52 Mbit/s (337.92 Mbit/s with framing)
[1;36m[Device: id=0] RX[0m: 0.0391 Mpps, 321.24 Mbit/s (327.49 Mbit/s with framing)
[0;34m[Device: id=1] TX[0m: 0.0400 Mpps, 331.52 Mbit/s (337.92 Mbit/s with framing)
[1;36m[Device: id=0] RX[0m: 0.0405 Mpps, 333.05 Mbit/s (339.53 Mbit/s with framing)
[0;34m[Device: id=1] TX[0m: 0.0400 Mpps, 331.53 Mbit/s (337.93 Mbit/s with framing)
[1;36m[Device: id=0] RX[0m: 0.0390 Mpps, 320.67 Mbit/s (326.91 Mbit/s with framing)
[0;34m[Device: id=1] TX[0m: 0.0400 Mpps, 331.52 Mbit/s (337.92 Mbit/s with framing)
[1;36m[Device: id=0] RX[0m: 0.0402 Mpps, 330.24 Mbit/s (336.67 Mbit/s with framing)
[0;34m[Device: id=1] TX[0m: 0.0400 Mpps, 331.52 Mbit/s (337.92 Mbit/s with framing)
[1;36m[Device: id=0] RX[0m: 0.0402 Mpps, 330.57 Mbit/s (337.00 Mbit/s with framing)
[0;34m[Device: id=1] TX[0m: 0.0400 Mpps, 331.52 Mbit/s (337.92 Mbit/s with framing)
[1;36m[Device: id=0] RX[0m: 0.0393 Mpps, 323.02 Mbit/s (329.30 Mbit/s with framing)
[0;34m[Device: id=1] TX[0m: 0.0400 Mpps, 331.52 Mbit/s (337.92 Mbit/s with framing)
[1;36m[Device: id=0] RX[0m: 0.0404 Mpps, 331.88 Mbit/s (338.34 Mbit/s with framing)
[0;34m[Device: id=1] TX[0m: 0.0400 Mpps, 331.52 Mbit/s (337.92 Mbit/s with framing)
[1;36m[Device: id=0] RX[0m: 0.0393 Mpps, 323.06 Mbit/s (329.35 Mbit/s with framing)
[0;34m[Device: id=1] TX[0m: 0.0400 Mpps, 331.53 Mbit/s (337.93 Mbit/s with framing)
[1;36m[Device: id=0] RX[0m: 0.0392 Mpps, 322.61 Mbit/s (328.88 Mbit/s with framing)
[0;34m[Device: id=1] TX[0m: 0.0400 Mpps, 331.52 Mbit/s (337.92 Mbit/s with framing)
[1;36m[Device: id=0] RX[0m: 0.0403 Mpps, 331.43 Mbit/s (337.87 Mbit/s with framing)
[0;34m[Device: id=1] TX[0m: 0.0400 Mpps, 331.52 Mbit/s (337.92 Mbit/s with framing)
[1;36m[Device: id=0] RX[0m: 0.0395 Mpps, 324.72 Mbit/s (331.04 Mbit/s with framing)
[0;34m[Device: id=1] TX[0m: 0.0400 Mpps, 331.52 Mbit/s (337.92 Mbit/s with framing)
39
[1;36m[Device: id=0] RX[0m: 0.0393 Mpps, 323.60 Mbit/s (329.90 Mbit/s with framing)
[0;34m[Device: id=1] TX[0m: 0.0313 Mpps, 259.66 Mbit/s (264.67 Mbit/s with framing)
[1;36m[Device: id=0] RX[0m: 0.0008 Mpps, 6.59 Mbit/s (6.72 Mbit/s with framing)
[0;34m[Device: id=1] TX[0m: 0.0000 Mpps, 0.00 Mbit/s (0.00 Mbit/s with framing)
1200000
[1;36m[Device: id=0] RX[0m: 0.0381 (StdDev 0.0071) Mpps, 313.16 (StdDev 59) Mbit/s (319.25 Mbit/s with framing), total 1180566 packets with 1213621848 bytes (incl. CRC)
[0;34m[Device: id=1] TX[0m: 0.0384 (StdDev 0.0074) Mpps, 318.07 (StdDev 61) Mbit/s (324.21 Mbit/s with framing), total 1200000 packets with 1243200000 bytes (incl. CRC)
