[1;37m[INFO]  Initializing DPDK. This will take a few seconds...[0m
EAL: Probing VFIO support...
EAL: WARNING: cpu flags constant_tsc=yes nonstop_tsc=no -> using unreliable clock cycles !
EAL: PCI device 0000:00:03.0 on NUMA socket -1
EAL:   Invalid NUMA socket, default to 0
EAL:   probe driver: 1af4:1000 net_virtio
EAL: PCI device 0000:00:04.0 on NUMA socket -1
EAL:   Invalid NUMA socket, default to 0
EAL:   probe driver: 1af4:1000 net_virtio
EAL: PCI device 0000:00:05.0 on NUMA socket -1
EAL:   Invalid NUMA socket, default to 0
EAL:   probe driver: 1af4:1000 net_virtio
[1;37m[INFO]  Found 2 usable devices:[0m
   Device 0: 52:54:00:C9:E4:6A ([0;32mRed Hat, Inc Virtio network device[0m)
   Device 1: 52:54:00:47:12:15 ([0;32mRed Hat, Inc Virtio network device[0m)
[1;37m[INFO]  Waiting for devices to come up...[0m
[1;37m[INFO]  Device 1 (52:54:00:47:12:15) is up: 10000 MBit/s[0m
[1;37m[INFO]  Device 0 (52:54:00:C9:E4:6A) is up: 10000 MBit/s[0m
[1;37m[INFO]  [0;32m2 devices are up.[0m[0m
[1;37m[INFO]  Trying to enable rx timestamping of all packets, this isn't supported by most nics[0m
[0;34m[Device: id=1] TX[0m: 0.1669 Mpps, 699.76 Mbit/s (726.46 Mbit/s with framing)
[1;36m[Device: id=0] RX[0m: 0.0737 Mpps, 304.11 Mbit/s (315.89 Mbit/s with framing)
[0;34m[Device: id=1] TX[0m: 0.2229 Mpps, 934.23 Mbit/s (969.89 Mbit/s with framing)
[1;36m[Device: id=0] RX[0m: 0.0746 Mpps, 307.83 Mbit/s (319.76 Mbit/s with framing)
[0;34m[Device: id=1] TX[0m: 0.1843 Mpps, 772.43 Mbit/s (801.92 Mbit/s with framing)
[1;36m[Device: id=0] RX[0m: 0.0702 Mpps, 289.65 Mbit/s (300.88 Mbit/s with framing)
[0;34m[Device: id=1] TX[0m: 0.1979 Mpps, 829.61 Mbit/s (861.28 Mbit/s with framing)
[1;36m[Device: id=0] RX[0m: 0.0865 Mpps, 357.05 Mbit/s (370.88 Mbit/s with framing)
[1;36m[Device: id=0] RX[0m: 0.1184 Mpps, 488.59 Mbit/s (507.53 Mbit/s with framing)
[0;34m[Device: id=1] TX[0m: 0.2011 Mpps, 842.84 Mbit/s (875.01 Mbit/s with framing)
[1;36m[Device: id=0] RX[0m: 0.0508 Mpps, 209.55 Mbit/s (217.67 Mbit/s with framing)
[0;34m[Device: id=1] TX[0m: 0.2134 Mpps, 894.60 Mbit/s (928.74 Mbit/s with framing)
[1;36m[Device: id=0] RX[0m: 0.1046 Mpps, 431.64 Mbit/s (448.37 Mbit/s with framing)
[0;34m[Device: id=1] TX[0m: 0.2036 Mpps, 853.46 Mbit/s (886.04 Mbit/s with framing)
[1;36m[Device: id=0] RX[0m: 0.0629 Mpps, 259.63 Mbit/s (269.69 Mbit/s with framing)
[0;34m[Device: id=1] TX[0m: 0.1574 Mpps, 659.99 Mbit/s (685.18 Mbit/s with framing)
[1;36m[Device: id=0] RX[0m: 0.0405 Mpps, 167.08 Mbit/s (173.55 Mbit/s with framing)
[0;34m[Device: id=1] TX[0m: 0.2258 Mpps, 946.60 Mbit/s (982.73 Mbit/s with framing)
[1;36m[Device: id=0] RX[0m: 0.0628 Mpps, 259.22 Mbit/s (269.26 Mbit/s with framing)
[0;34m[Device: id=1] TX[0m: 0.2124 Mpps, 890.47 Mbit/s (924.46 Mbit/s with framing)
[1;36m[Device: id=0] RX[0m: 0.0688 Mpps, 284.17 Mbit/s (295.18 Mbit/s with framing)
[0;34m[Device: id=1] TX[0m: 0.1964 Mpps, 823.29 Mbit/s (854.71 Mbit/s with framing)
[1;36m[Device: id=0] RX[0m: 0.0553 Mpps, 228.33 Mbit/s (237.18 Mbit/s with framing)
[0;34m[Device: id=1] TX[0m: 0.1908 Mpps, 799.82 Mbit/s (830.35 Mbit/s with framing)
[1;36m[Device: id=0] RX[0m: 0.0606 Mpps, 250.05 Mbit/s (259.74 Mbit/s with framing)
[0;34m[Device: id=1] TX[0m: 0.2093 Mpps, 877.57 Mbit/s (911.07 Mbit/s with framing)
[1;36m[Device: id=0] RX[0m: 0.0570 Mpps, 235.33 Mbit/s (244.45 Mbit/s with framing)
[0;34m[Device: id=1] TX[0m: 0.2023 Mpps, 848.07 Mbit/s (880.44 Mbit/s with framing)
[1;36m[Device: id=0] RX[0m: 0.0936 Mpps, 386.51 Mbit/s (401.49 Mbit/s with framing)
[0;34m[Device: id=1] TX[0m: 0.1854 Mpps, 777.01 Mbit/s (806.66 Mbit/s with framing)
[1;36m[Device: id=0] RX[0m: 0.0627 Mpps, 258.63 Mbit/s (268.66 Mbit/s with framing)
[0;34m[Device: id=1] TX[0m: 0.2218 Mpps, 929.93 Mbit/s (965.42 Mbit/s with framing)
[1;36m[Device: id=0] RX[0m: 0.0421 Mpps, 173.73 Mbit/s (180.46 Mbit/s with framing)
[0;34m[Device: id=1] TX[0m: 0.2026 Mpps, 849.42 Mbit/s (881.84 Mbit/s with framing)
[1;36m[Device: id=0] RX[0m: 0.0584 Mpps, 240.89 Mbit/s (250.23 Mbit/s with framing)
[0;34m[Device: id=1] TX[0m: 0.1990 Mpps, 834.00 Mbit/s (865.83 Mbit/s with framing)
[1;36m[Device: id=0] RX[0m: 0.0612 Mpps, 252.83 Mbit/s (262.63 Mbit/s with framing)
[0;34m[Device: id=1] TX[0m: 0.1999 Mpps, 837.93 Mbit/s (869.91 Mbit/s with framing)
[1;36m[Device: id=0] RX[0m: 0.0532 Mpps, 219.57 Mbit/s (228.08 Mbit/s with framing)
[0;34m[Device: id=1] TX[0m: 0.1997 Mpps, 837.01 Mbit/s (868.95 Mbit/s with framing)
[1;36m[Device: id=0] RX[0m: 0.0440 Mpps, 181.59 Mbit/s (188.63 Mbit/s with framing)
[0;34m[Device: id=1] TX[0m: 0.2005 Mpps, 840.43 Mbit/s (872.51 Mbit/s with framing)
[1;36m[Device: id=0] RX[0m: 0.0633 Mpps, 261.22 Mbit/s (271.35 Mbit/s with framing)
[0;34m[Device: id=1] TX[0m: 0.1999 Mpps, 837.90 Mbit/s (869.89 Mbit/s with framing)
[1;36m[Device: id=0] RX[0m: 0.0443 Mpps, 182.68 Mbit/s (189.76 Mbit/s with framing)
[0;34m[Device: id=1] TX[0m: 0.2011 Mpps, 843.10 Mbit/s (875.28 Mbit/s with framing)
[1;36m[Device: id=0] RX[0m: 0.0468 Mpps, 193.07 Mbit/s (200.55 Mbit/s with framing)
[0;34m[Device: id=1] TX[0m: 0.1997 Mpps, 837.28 Mbit/s (869.23 Mbit/s with framing)
[1;36m[Device: id=0] RX[0m: 0.0494 Mpps, 203.94 Mbit/s (211.85 Mbit/s with framing)
[0;34m[Device: id=1] TX[0m: 0.2001 Mpps, 838.61 Mbit/s (870.62 Mbit/s with framing)
[1;36m[Device: id=0] RX[0m: 0.0653 Mpps, 269.69 Mbit/s (280.14 Mbit/s with framing)
[0;34m[Device: id=1] TX[0m: 0.2003 Mpps, 839.74 Mbit/s (871.80 Mbit/s with framing)
[1;36m[Device: id=0] RX[0m: 0.0500 Mpps, 206.50 Mbit/s (214.50 Mbit/s with framing)
[0;34m[Device: id=1] TX[0m: 0.1999 Mpps, 838.13 Mbit/s (870.12 Mbit/s with framing)
[1;36m[Device: id=0] RX[0m: 0.0382 Mpps, 157.51 Mbit/s (163.61 Mbit/s with framing)
[0;34m[Device: id=1] TX[0m: 0.2004 Mpps, 839.97 Mbit/s (872.03 Mbit/s with framing)
[1;36m[Device: id=0] RX[0m: 0.0405 Mpps, 167.26 Mbit/s (173.74 Mbit/s with framing)
[0;34m[Device: id=1] TX[0m: 0.1978 Mpps, 829.13 Mbit/s (860.78 Mbit/s with framing)
[1;36m[Device: id=0] RX[0m: 0.0466 Mpps, 192.18 Mbit/s (199.63 Mbit/s with framing)
6
[0;34m[Device: id=1] TX[0m: 0.1805 Mpps, 756.57 Mbit/s (785.45 Mbit/s with framing)
[1;36m[Device: id=0] RX[0m: 0.0014 Mpps, 5.81 Mbit/s (6.04 Mbit/s with framing)
[0;34m[Device: id=1] TX[0m: 0.0000 Mpps, 0.00 Mbit/s (0.00 Mbit/s with framing)
6000000
[1;36m[Device: id=0] RX[0m: 0.0591 (StdDev 0.0219) Mpps, 244.06 (StdDev 90) Mbit/s (253.52 Mbit/s with framing), total 1847362 packets with 953238792 bytes (incl. CRC)
[0;34m[Device: id=1] TX[0m: 0.1935 (StdDev 0.0388) Mpps, 811.31 (StdDev 163) Mbit/s (842.27 Mbit/s with framing), total 6000000 packets with 3144000000 bytes (incl. CRC)
