[1;37m[INFO]  Initializing DPDK. This will take a few seconds...[0m
EAL: Probing VFIO support...
EAL: WARNING: cpu flags constant_tsc=yes nonstop_tsc=no -> using unreliable clock cycles !
EAL: PCI device 0000:00:03.0 on NUMA socket -1
EAL:   Invalid NUMA socket, default to 0
EAL:   probe driver: 1af4:1000 net_virtio
EAL: PCI device 0000:00:04.0 on NUMA socket -1
EAL:   Invalid NUMA socket, default to 0
EAL:   probe driver: 1af4:1000 net_virtio
EAL: PCI device 0000:00:05.0 on NUMA socket -1
EAL:   Invalid NUMA socket, default to 0
EAL:   probe driver: 1af4:1000 net_virtio
[1;37m[INFO]  Found 2 usable devices:[0m
   Device 0: 52:54:00:C9:E4:6A ([0;32mRed Hat, Inc Virtio network device[0m)
   Device 1: 52:54:00:47:12:15 ([0;32mRed Hat, Inc Virtio network device[0m)
[1;37m[INFO]  Waiting for devices to come up...[0m
[1;37m[INFO]  Device 1 (52:54:00:47:12:15) is up: 10000 MBit/s[0m
[1;37m[INFO]  Device 0 (52:54:00:C9:E4:6A) is up: 10000 MBit/s[0m
[1;37m[INFO]  [0;32m2 devices are up.[0m[0m
[1;37m[INFO]  Trying to enable rx timestamping of all packets, this isn't supported by most nics[0m
[1;36m[Device: id=0] RX[0m: 0.0379 Mpps, 389.80 Mbit/s (395.87 Mbit/s with framing)
[0;34m[Device: id=1] TX[0m: 0.1781 Mpps, 1841.11 Mbit/s (1869.61 Mbit/s with framing)
[1;36m[Device: id=0] RX[0m: 0.1949 Mpps, 2002.21 Mbit/s (2033.40 Mbit/s with framing)
[0;34m[Device: id=1] TX[0m: 0.2198 Mpps, 2271.73 Mbit/s (2306.90 Mbit/s with framing)
[1;36m[Device: id=0] RX[0m: 0.2001 Mpps, 2055.75 Mbit/s (2087.77 Mbit/s with framing)
[0;34m[Device: id=1] TX[0m: 0.2002 Mpps, 2069.42 Mbit/s (2101.46 Mbit/s with framing)
[1;36m[Device: id=0] RX[0m: 0.1989 Mpps, 2043.48 Mbit/s (2075.31 Mbit/s with framing)
[0;34m[Device: id=1] TX[0m: 0.1998 Mpps, 2065.58 Mbit/s (2097.55 Mbit/s with framing)
[1;36m[Device: id=0] RX[0m: 0.1883 Mpps, 1933.85 Mbit/s (1963.97 Mbit/s with framing)
[0;34m[Device: id=1] TX[0m: 0.1996 Mpps, 2062.55 Mbit/s (2094.48 Mbit/s with framing)
[1;36m[Device: id=0] RX[0m: 0.1119 Mpps, 1149.43 Mbit/s (1167.34 Mbit/s with framing)
[0;34m[Device: id=1] TX[0m: 0.1954 Mpps, 2020.08 Mbit/s (2051.35 Mbit/s with framing)
[1;36m[Device: id=0] RX[0m: 0.1073 Mpps, 1102.34 Mbit/s (1119.51 Mbit/s with framing)
[0;34m[Device: id=1] TX[0m: 0.2032 Mpps, 2100.21 Mbit/s (2132.73 Mbit/s with framing)
[1;36m[Device: id=0] RX[0m: 0.0429 Mpps, 440.85 Mbit/s (447.71 Mbit/s with framing)
[0;34m[Device: id=1] TX[0m: 0.2013 Mpps, 2080.50 Mbit/s (2112.70 Mbit/s with framing)
[1;36m[Device: id=0] RX[0m: 0.0914 Mpps, 938.38 Mbit/s (952.99 Mbit/s with framing)
[0;34m[Device: id=1] TX[0m: 0.1915 Mpps, 1979.07 Mbit/s (2009.70 Mbit/s with framing)
[1;36m[Device: id=0] RX[0m: 0.1063 Mpps, 1091.50 Mbit/s (1108.50 Mbit/s with framing)
[0;34m[Device: id=1] TX[0m: 0.2073 Mpps, 2143.04 Mbit/s (2176.21 Mbit/s with framing)
[1;36m[Device: id=0] RX[0m: 0.0779 Mpps, 800.47 Mbit/s (812.94 Mbit/s with framing)
[0;34m[Device: id=1] TX[0m: 0.2016 Mpps, 2083.71 Mbit/s (2115.96 Mbit/s with framing)
[1;36m[Device: id=0] RX[0m: 0.1134 Mpps, 1164.82 Mbit/s (1182.96 Mbit/s with framing)
[0;34m[Device: id=1] TX[0m: 0.1910 Mpps, 1974.31 Mbit/s (2004.87 Mbit/s with framing)
[1;36m[Device: id=0] RX[0m: 0.0811 Mpps, 832.79 Mbit/s (845.76 Mbit/s with framing)
[0;34m[Device: id=1] TX[0m: 0.2049 Mpps, 2118.18 Mbit/s (2150.97 Mbit/s with framing)
[1;36m[Device: id=0] RX[0m: 0.0543 Mpps, 557.67 Mbit/s (566.36 Mbit/s with framing)
[0;34m[Device: id=1] TX[0m: 0.2039 Mpps, 2107.70 Mbit/s (2140.33 Mbit/s with framing)
[1;36m[Device: id=0] RX[0m: 0.0691 Mpps, 709.90 Mbit/s (720.96 Mbit/s with framing)
[0;34m[Device: id=1] TX[0m: 0.2003 Mpps, 2069.84 Mbit/s (2101.88 Mbit/s with framing)
[1;36m[Device: id=0] RX[0m: 0.1168 Mpps, 1200.15 Mbit/s (1218.84 Mbit/s with framing)
[0;34m[Device: id=1] TX[0m: 0.2001 Mpps, 2068.56 Mbit/s (2100.58 Mbit/s with framing)
[1;36m[Device: id=0] RX[0m: 0.0789 Mpps, 810.08 Mbit/s (822.70 Mbit/s with framing)
[0;34m[Device: id=1] TX[0m: 0.1993 Mpps, 2060.46 Mbit/s (2092.36 Mbit/s with framing)
[1;36m[Device: id=0] RX[0m: 0.0382 Mpps, 392.41 Mbit/s (398.52 Mbit/s with framing)
[0;34m[Device: id=1] TX[0m: 0.1963 Mpps, 2029.39 Mbit/s (2060.80 Mbit/s with framing)
[1;36m[Device: id=0] RX[0m: 0.0615 Mpps, 631.98 Mbit/s (641.83 Mbit/s with framing)
[0;34m[Device: id=1] TX[0m: 0.2042 Mpps, 2110.37 Mbit/s (2143.04 Mbit/s with framing)
[1;36m[Device: id=0] RX[0m: 0.0502 Mpps, 515.85 Mbit/s (523.88 Mbit/s with framing)
[0;34m[Device: id=1] TX[0m: 0.1980 Mpps, 2046.98 Mbit/s (2078.67 Mbit/s with framing)
[1;36m[Device: id=0] RX[0m: 0.0472 Mpps, 485.20 Mbit/s (492.75 Mbit/s with framing)
[0;34m[Device: id=1] TX[0m: 0.2019 Mpps, 2086.61 Mbit/s (2118.91 Mbit/s with framing)
[1;36m[Device: id=0] RX[0m: 0.0440 Mpps, 451.88 Mbit/s (458.92 Mbit/s with framing)
[0;34m[Device: id=1] TX[0m: 0.1990 Mpps, 2056.49 Mbit/s (2088.33 Mbit/s with framing)
[1;36m[Device: id=0] RX[0m: 0.0447 Mpps, 459.60 Mbit/s (466.76 Mbit/s with framing)
[0;34m[Device: id=1] TX[0m: 0.1992 Mpps, 2058.48 Mbit/s (2090.35 Mbit/s with framing)
[1;36m[Device: id=0] RX[0m: 0.0562 Mpps, 577.20 Mbit/s (586.19 Mbit/s with framing)
[0;34m[Device: id=1] TX[0m: 0.2020 Mpps, 2087.91 Mbit/s (2120.23 Mbit/s with framing)
[1;36m[Device: id=0] RX[0m: 0.0399 Mpps, 410.02 Mbit/s (416.41 Mbit/s with framing)
[0;34m[Device: id=1] TX[0m: 0.1966 Mpps, 2032.15 Mbit/s (2063.61 Mbit/s with framing)
[1;36m[Device: id=0] RX[0m: 0.0401 Mpps, 411.61 Mbit/s (418.02 Mbit/s with framing)
[0;34m[Device: id=1] TX[0m: 0.2029 Mpps, 2097.24 Mbit/s (2129.71 Mbit/s with framing)
[1;36m[Device: id=0] RX[0m: 0.0473 Mpps, 485.40 Mbit/s (492.96 Mbit/s with framing)
[0;34m[Device: id=1] TX[0m: 0.1993 Mpps, 2060.19 Mbit/s (2092.09 Mbit/s with framing)
[1;36m[Device: id=0] RX[0m: 0.0389 Mpps, 399.22 Mbit/s (405.44 Mbit/s with framing)
[0;34m[Device: id=1] TX[0m: 0.2011 Mpps, 2078.67 Mbit/s (2110.85 Mbit/s with framing)
[1;36m[Device: id=0] RX[0m: 0.0407 Mpps, 418.45 Mbit/s (424.97 Mbit/s with framing)
[0;34m[Device: id=1] TX[0m: 0.1967 Mpps, 2033.57 Mbit/s (2065.05 Mbit/s with framing)
[1;36m[Device: id=0] RX[0m: 0.0408 Mpps, 419.46 Mbit/s (425.99 Mbit/s with framing)
6
[0;34m[Device: id=1] TX[0m: 0.1722 Mpps, 1779.64 Mbit/s (1807.19 Mbit/s with framing)
[1;36m[Device: id=0] RX[0m: 0.0021 Mpps, 21.71 Mbit/s (22.05 Mbit/s with framing)
[0;34m[Device: id=1] TX[0m: 0.0000 Mpps, 0.00 Mbit/s (0.00 Mbit/s with framing)
6000000
[1;36m[Device: id=0] RX[0m: 0.0808 (StdDev 0.0535) Mpps, 830.46 (StdDev 549) Mbit/s (843.39 Mbit/s with framing), total 2463379 packets with 3162978636 bytes (incl. CRC)
[0;34m[Device: id=1] TX[0m: 0.1930 (StdDev 0.0372) Mpps, 1994.42 (StdDev 384) Mbit/s (2025.30 Mbit/s with framing), total 6000000 packets with 7752000000 bytes (incl. CRC)
