[1;37m[INFO]  Initializing DPDK. This will take a few seconds...[0m
EAL: Probing VFIO support...
EAL: WARNING: cpu flags constant_tsc=yes nonstop_tsc=no -> using unreliable clock cycles !
EAL: PCI device 0000:00:03.0 on NUMA socket -1
EAL:   Invalid NUMA socket, default to 0
EAL:   probe driver: 1af4:1000 net_virtio
EAL: PCI device 0000:00:04.0 on NUMA socket -1
EAL:   Invalid NUMA socket, default to 0
EAL:   probe driver: 1af4:1000 net_virtio
EAL: PCI device 0000:00:05.0 on NUMA socket -1
EAL:   Invalid NUMA socket, default to 0
EAL:   probe driver: 1af4:1000 net_virtio
[1;37m[INFO]  Found 2 usable devices:[0m
   Device 0: 52:54:00:C9:E4:6A ([0;32mRed Hat, Inc Virtio network device[0m)
   Device 1: 52:54:00:47:12:15 ([0;32mRed Hat, Inc Virtio network device[0m)
[1;37m[INFO]  Waiting for devices to come up...[0m
[1;37m[INFO]  Device 1 (52:54:00:47:12:15) is up: 10000 MBit/s[0m
[1;37m[INFO]  Device 0 (52:54:00:C9:E4:6A) is up: 10000 MBit/s[0m
[1;37m[INFO]  [0;32m2 devices are up.[0m[0m
[1;37m[INFO]  Trying to enable rx timestamping of all packets, this isn't supported by most nics[0m
[1;36m[Device: id=0] RX[0m: 0.0098 Mpps, 5.35 Mbit/s (6.93 Mbit/s with framing)
[0;34m[Device: id=1] TX[0m: 0.0100 Mpps, 6.07 Mbit/s (7.67 Mbit/s with framing)
[1;36m[Device: id=0] RX[0m: 0.0100 Mpps, 5.44 Mbit/s (7.04 Mbit/s with framing)
[0;34m[Device: id=1] TX[0m: 0.0100 Mpps, 6.08 Mbit/s (7.68 Mbit/s with framing)
[1;36m[Device: id=0] RX[0m: 0.0100 Mpps, 5.44 Mbit/s (7.04 Mbit/s with framing)
[0;34m[Device: id=1] TX[0m: 0.0100 Mpps, 6.08 Mbit/s (7.68 Mbit/s with framing)
[1;36m[Device: id=0] RX[0m: 0.0100 Mpps, 5.44 Mbit/s (7.04 Mbit/s with framing)
[0;34m[Device: id=1] TX[0m: 0.0100 Mpps, 6.08 Mbit/s (7.68 Mbit/s with framing)
[1;36m[Device: id=0] RX[0m: 0.0100 Mpps, 5.44 Mbit/s (7.04 Mbit/s with framing)
[0;34m[Device: id=1] TX[0m: 0.0100 Mpps, 6.08 Mbit/s (7.68 Mbit/s with framing)
[1;36m[Device: id=0] RX[0m: 0.0100 Mpps, 5.44 Mbit/s (7.04 Mbit/s with framing)
[0;34m[Device: id=1] TX[0m: 0.0100 Mpps, 6.08 Mbit/s (7.68 Mbit/s with framing)
[1;36m[Device: id=0] RX[0m: 0.0100 Mpps, 5.44 Mbit/s (7.04 Mbit/s with framing)
[0;34m[Device: id=1] TX[0m: 0.0100 Mpps, 6.08 Mbit/s (7.68 Mbit/s with framing)
[1;36m[Device: id=0] RX[0m: 0.0100 Mpps, 5.44 Mbit/s (7.04 Mbit/s with framing)
[0;34m[Device: id=1] TX[0m: 0.0100 Mpps, 6.08 Mbit/s (7.68 Mbit/s with framing)
[1;36m[Device: id=0] RX[0m: 0.0100 Mpps, 5.44 Mbit/s (7.04 Mbit/s with framing)
[0;34m[Device: id=1] TX[0m: 0.0100 Mpps, 6.08 Mbit/s (7.68 Mbit/s with framing)
[1;36m[Device: id=0] RX[0m: 0.0100 Mpps, 5.44 Mbit/s (7.04 Mbit/s with framing)
[0;34m[Device: id=1] TX[0m: 0.0100 Mpps, 6.08 Mbit/s (7.68 Mbit/s with framing)
[1;36m[Device: id=0] RX[0m: 0.0100 Mpps, 5.44 Mbit/s (7.04 Mbit/s with framing)
[0;34m[Device: id=1] TX[0m: 0.0100 Mpps, 6.08 Mbit/s (7.68 Mbit/s with framing)
[1;36m[Device: id=0] RX[0m: 0.0100 Mpps, 5.44 Mbit/s (7.04 Mbit/s with framing)
[0;34m[Device: id=1] TX[0m: 0.0100 Mpps, 6.08 Mbit/s (7.68 Mbit/s with framing)
[1;36m[Device: id=0] RX[0m: 0.0100 Mpps, 5.44 Mbit/s (7.04 Mbit/s with framing)
[0;34m[Device: id=1] TX[0m: 0.0100 Mpps, 6.08 Mbit/s (7.68 Mbit/s with framing)
[1;36m[Device: id=0] RX[0m: 0.0100 Mpps, 5.44 Mbit/s (7.04 Mbit/s with framing)
[0;34m[Device: id=1] TX[0m: 0.0100 Mpps, 6.08 Mbit/s (7.68 Mbit/s with framing)
[1;36m[Device: id=0] RX[0m: 0.0100 Mpps, 5.44 Mbit/s (7.04 Mbit/s with framing)
[0;34m[Device: id=1] TX[0m: 0.0100 Mpps, 6.08 Mbit/s (7.68 Mbit/s with framing)
[1;36m[Device: id=0] RX[0m: 0.0100 Mpps, 5.44 Mbit/s (7.04 Mbit/s with framing)
[0;34m[Device: id=1] TX[0m: 0.0100 Mpps, 6.08 Mbit/s (7.68 Mbit/s with framing)
[1;36m[Device: id=0] RX[0m: 0.0100 Mpps, 5.44 Mbit/s (7.04 Mbit/s with framing)
[0;34m[Device: id=1] TX[0m: 0.0100 Mpps, 6.08 Mbit/s (7.68 Mbit/s with framing)
[1;36m[Device: id=0] RX[0m: 0.0100 Mpps, 5.44 Mbit/s (7.04 Mbit/s with framing)
[0;34m[Device: id=1] TX[0m: 0.0100 Mpps, 6.08 Mbit/s (7.68 Mbit/s with framing)
[1;36m[Device: id=0] RX[0m: 0.0100 Mpps, 5.44 Mbit/s (7.04 Mbit/s with framing)
[0;34m[Device: id=1] TX[0m: 0.0100 Mpps, 6.08 Mbit/s (7.68 Mbit/s with framing)
[1;36m[Device: id=0] RX[0m: 0.0100 Mpps, 5.44 Mbit/s (7.04 Mbit/s with framing)
[0;34m[Device: id=1] TX[0m: 0.0100 Mpps, 6.08 Mbit/s (7.68 Mbit/s with framing)
[1;36m[Device: id=0] RX[0m: 0.0100 Mpps, 5.44 Mbit/s (7.04 Mbit/s with framing)
[0;34m[Device: id=1] TX[0m: 0.0100 Mpps, 6.08 Mbit/s (7.68 Mbit/s with framing)
[1;36m[Device: id=0] RX[0m: 0.0100 Mpps, 5.44 Mbit/s (7.04 Mbit/s with framing)
[0;34m[Device: id=1] TX[0m: 0.0100 Mpps, 6.08 Mbit/s (7.68 Mbit/s with framing)
[1;36m[Device: id=0] RX[0m: 0.0100 Mpps, 5.44 Mbit/s (7.04 Mbit/s with framing)
[0;34m[Device: id=1] TX[0m: 0.0100 Mpps, 6.08 Mbit/s (7.68 Mbit/s with framing)
[1;36m[Device: id=0] RX[0m: 0.0100 Mpps, 5.44 Mbit/s (7.04 Mbit/s with framing)
[0;34m[Device: id=1] TX[0m: 0.0100 Mpps, 6.08 Mbit/s (7.68 Mbit/s with framing)
[1;36m[Device: id=0] RX[0m: 0.0100 Mpps, 5.44 Mbit/s (7.04 Mbit/s with framing)
[0;34m[Device: id=1] TX[0m: 0.0100 Mpps, 6.08 Mbit/s (7.68 Mbit/s with framing)
[1;36m[Device: id=0] RX[0m: 0.0100 Mpps, 5.44 Mbit/s (7.04 Mbit/s with framing)
[0;34m[Device: id=1] TX[0m: 0.0100 Mpps, 6.08 Mbit/s (7.68 Mbit/s with framing)
[1;36m[Device: id=0] RX[0m: 0.0100 Mpps, 5.44 Mbit/s (7.04 Mbit/s with framing)
[0;34m[Device: id=1] TX[0m: 0.0100 Mpps, 6.08 Mbit/s (7.68 Mbit/s with framing)
[1;36m[Device: id=0] RX[0m: 0.0100 Mpps, 5.44 Mbit/s (7.04 Mbit/s with framing)
[0;34m[Device: id=1] TX[0m: 0.0100 Mpps, 6.08 Mbit/s (7.68 Mbit/s with framing)
[1;36m[Device: id=0] RX[0m: 0.0100 Mpps, 5.44 Mbit/s (7.04 Mbit/s with framing)
[0;34m[Device: id=1] TX[0m: 0.0100 Mpps, 6.08 Mbit/s (7.68 Mbit/s with framing)
57
[1;36m[Device: id=0] RX[0m: 0.0100 Mpps, 5.44 Mbit/s (7.04 Mbit/s with framing)
[0;34m[Device: id=1] TX[0m: 0.0085 Mpps, 5.16 Mbit/s (6.52 Mbit/s with framing)
[1;36m[Device: id=0] RX[0m: 0.0001 Mpps, 0.08 Mbit/s (0.10 Mbit/s with framing)
[0;34m[Device: id=1] TX[0m: 0.0000 Mpps, 0.00 Mbit/s (0.00 Mbit/s with framing)
300000
[1;36m[Device: id=0] RX[0m: 0.0097 (StdDev 0.0018) Mpps, 5.26 (StdDev 1) Mbit/s (6.81 Mbit/s with framing), total 300002 packets with 20400308 bytes (incl. CRC)
[0;34m[Device: id=1] TX[0m: 0.0096 (StdDev 0.0018) Mpps, 5.85 (StdDev 1) Mbit/s (7.39 Mbit/s with framing), total 300000 packets with 22800000 bytes (incl. CRC)
