[1;37m[INFO]  Initializing DPDK. This will take a few seconds...[0m
EAL: Probing VFIO support...
EAL: WARNING: cpu flags constant_tsc=yes nonstop_tsc=no -> using unreliable clock cycles !
EAL: PCI device 0000:00:03.0 on NUMA socket -1
EAL:   Invalid NUMA socket, default to 0
EAL:   probe driver: 1af4:1000 net_virtio
EAL: PCI device 0000:00:04.0 on NUMA socket -1
EAL:   Invalid NUMA socket, default to 0
EAL:   probe driver: 1af4:1000 net_virtio
EAL: PCI device 0000:00:05.0 on NUMA socket -1
EAL:   Invalid NUMA socket, default to 0
EAL:   probe driver: 1af4:1000 net_virtio
[1;37m[INFO]  Found 2 usable devices:[0m
   Device 0: 52:54:00:C9:E4:6A ([0;32mRed Hat, Inc Virtio network device[0m)
   Device 1: 52:54:00:47:12:15 ([0;32mRed Hat, Inc Virtio network device[0m)
[1;37m[INFO]  Waiting for devices to come up...[0m
[1;37m[INFO]  Device 1 (52:54:00:47:12:15) is up: 10000 MBit/s[0m
[1;37m[INFO]  Device 0 (52:54:00:C9:E4:6A) is up: 10000 MBit/s[0m
[1;37m[INFO]  [0;32m2 devices are up.[0m[0m
[1;37m[INFO]  Trying to enable rx timestamping of all packets, this isn't supported by most nics[0m
[0;34m[Device: id=1] TX[0m: 0.1512 Mpps, 633.70 Mbit/s (657.89 Mbit/s with framing)
[1;36m[Device: id=0] RX[0m: 0.0562 Mpps, 231.97 Mbit/s (240.96 Mbit/s with framing)
[0;34m[Device: id=1] TX[0m: 0.1494 Mpps, 626.11 Mbit/s (650.00 Mbit/s with framing)
[1;36m[Device: id=0] RX[0m: 0.0407 Mpps, 167.98 Mbit/s (174.49 Mbit/s with framing)
[0;34m[Device: id=1] TX[0m: 0.1500 Mpps, 628.64 Mbit/s (652.64 Mbit/s with framing)
[1;36m[Device: id=0] RX[0m: 0.0395 Mpps, 162.89 Mbit/s (169.21 Mbit/s with framing)
[0;34m[Device: id=1] TX[0m: 0.1505 Mpps, 631.05 Mbit/s (655.13 Mbit/s with framing)
[1;36m[Device: id=0] RX[0m: 0.0492 Mpps, 203.06 Mbit/s (210.93 Mbit/s with framing)
[0;34m[Device: id=1] TX[0m: 0.1494 Mpps, 626.36 Mbit/s (650.26 Mbit/s with framing)
[1;36m[Device: id=0] RX[0m: 0.0392 Mpps, 161.84 Mbit/s (168.11 Mbit/s with framing)
[1;36m[Device: id=0] RX[0m: 0.0391 Mpps, 161.45 Mbit/s (167.71 Mbit/s with framing)
[0;34m[Device: id=1] TX[0m: 0.1504 Mpps, 630.63 Mbit/s (654.70 Mbit/s with framing)
[1;36m[Device: id=0] RX[0m: 0.0396 Mpps, 163.49 Mbit/s (169.82 Mbit/s with framing)
[0;34m[Device: id=1] TX[0m: 0.1501 Mpps, 629.39 Mbit/s (653.41 Mbit/s with framing)
[1;36m[Device: id=0] RX[0m: 0.0547 Mpps, 225.74 Mbit/s (234.49 Mbit/s with framing)
[0;34m[Device: id=1] TX[0m: 0.1488 Mpps, 623.96 Mbit/s (647.77 Mbit/s with framing)
[1;36m[Device: id=0] RX[0m: 0.0391 Mpps, 161.28 Mbit/s (167.53 Mbit/s with framing)
[0;34m[Device: id=1] TX[0m: 0.1514 Mpps, 634.54 Mbit/s (658.76 Mbit/s with framing)
[1;36m[Device: id=0] RX[0m: 0.0434 Mpps, 178.95 Mbit/s (185.89 Mbit/s with framing)
[0;34m[Device: id=1] TX[0m: 0.1495 Mpps, 626.55 Mbit/s (650.47 Mbit/s with framing)
[1;36m[Device: id=0] RX[0m: 0.0393 Mpps, 162.13 Mbit/s (168.42 Mbit/s with framing)
[0;34m[Device: id=1] TX[0m: 0.1494 Mpps, 626.34 Mbit/s (650.25 Mbit/s with framing)
[1;36m[Device: id=0] RX[0m: 0.0426 Mpps, 175.70 Mbit/s (182.51 Mbit/s with framing)
[0;34m[Device: id=1] TX[0m: 0.1505 Mpps, 630.79 Mbit/s (654.86 Mbit/s with framing)
[1;36m[Device: id=0] RX[0m: 0.0403 Mpps, 166.53 Mbit/s (172.99 Mbit/s with framing)
[0;34m[Device: id=1] TX[0m: 0.1505 Mpps, 630.71 Mbit/s (654.79 Mbit/s with framing)
[1;36m[Device: id=0] RX[0m: 0.0393 Mpps, 162.40 Mbit/s (168.70 Mbit/s with framing)
[0;34m[Device: id=1] TX[0m: 0.1494 Mpps, 626.16 Mbit/s (650.06 Mbit/s with framing)
[1;36m[Device: id=0] RX[0m: 0.0597 Mpps, 246.53 Mbit/s (256.09 Mbit/s with framing)
[0;34m[Device: id=1] TX[0m: 0.1482 Mpps, 621.39 Mbit/s (645.11 Mbit/s with framing)
[1;36m[Device: id=0] RX[0m: 0.0449 Mpps, 185.30 Mbit/s (192.48 Mbit/s with framing)
[0;34m[Device: id=1] TX[0m: 0.1164 Mpps, 487.79 Mbit/s (506.41 Mbit/s with framing)
[1;36m[Device: id=0] RX[0m: 0.0722 Mpps, 298.05 Mbit/s (309.60 Mbit/s with framing)
[0;34m[Device: id=1] TX[0m: 0.1693 Mpps, 709.66 Mbit/s (736.74 Mbit/s with framing)
[1;36m[Device: id=0] RX[0m: 0.0525 Mpps, 216.92 Mbit/s (225.32 Mbit/s with framing)
[0;34m[Device: id=1] TX[0m: 0.1554 Mpps, 651.58 Mbit/s (676.44 Mbit/s with framing)
[1;36m[Device: id=0] RX[0m: 0.0755 Mpps, 311.81 Mbit/s (323.90 Mbit/s with framing)
[0;34m[Device: id=1] TX[0m: 0.1357 Mpps, 568.96 Mbit/s (590.68 Mbit/s with framing)
[1;36m[Device: id=0] RX[0m: 0.0413 Mpps, 170.29 Mbit/s (176.89 Mbit/s with framing)
[0;34m[Device: id=1] TX[0m: 0.1473 Mpps, 617.63 Mbit/s (641.21 Mbit/s with framing)
[1;36m[Device: id=0] RX[0m: 0.0390 Mpps, 160.81 Mbit/s (167.04 Mbit/s with framing)
[0;34m[Device: id=1] TX[0m: 0.1429 Mpps, 599.11 Mbit/s (621.97 Mbit/s with framing)
[1;36m[Device: id=0] RX[0m: 0.0947 Mpps, 391.10 Mbit/s (406.26 Mbit/s with framing)
[0;34m[Device: id=1] TX[0m: 0.1827 Mpps, 765.95 Mbit/s (795.19 Mbit/s with framing)
[1;36m[Device: id=0] RX[0m: 0.0469 Mpps, 193.55 Mbit/s (201.06 Mbit/s with framing)
[0;34m[Device: id=1] TX[0m: 0.1022 Mpps, 428.44 Mbit/s (444.79 Mbit/s with framing)
[1;36m[Device: id=0] RX[0m: 0.0401 Mpps, 165.38 Mbit/s (171.79 Mbit/s with framing)
[0;34m[Device: id=1] TX[0m: 0.1186 Mpps, 497.23 Mbit/s (516.20 Mbit/s with framing)
[1;36m[Device: id=0] RX[0m: 0.0388 Mpps, 160.36 Mbit/s (166.58 Mbit/s with framing)
[0;34m[Device: id=1] TX[0m: 0.0468 Mpps, 196.05 Mbit/s (203.53 Mbit/s with framing)
[1;36m[Device: id=0] RX[0m: 0.0465 Mpps, 191.92 Mbit/s (199.36 Mbit/s with framing)
[0;34m[Device: id=1] TX[0m: 0.1782 Mpps, 747.05 Mbit/s (775.56 Mbit/s with framing)
[1;36m[Device: id=0] RX[0m: 0.0451 Mpps, 186.16 Mbit/s (193.37 Mbit/s with framing)
[0;34m[Device: id=1] TX[0m: 0.3017 Mpps, 1264.82 Mbit/s (1313.10 Mbit/s with framing)
[1;36m[Device: id=0] RX[0m: 0.0702 Mpps, 289.78 Mbit/s (301.02 Mbit/s with framing)
[0;34m[Device: id=1] TX[0m: 0.1472 Mpps, 617.01 Mbit/s (640.56 Mbit/s with framing)
[1;36m[Device: id=0] RX[0m: 0.0687 Mpps, 283.69 Mbit/s (294.69 Mbit/s with framing)
[0;34m[Device: id=1] TX[0m: 0.1169 Mpps, 489.95 Mbit/s (508.65 Mbit/s with framing)
[1;36m[Device: id=0] RX[0m: 0.0391 Mpps, 161.49 Mbit/s (167.75 Mbit/s with framing)
[0;34m[Device: id=1] TX[0m: 0.1794 Mpps, 751.94 Mbit/s (780.64 Mbit/s with framing)
36
[1;36m[Device: id=0] RX[0m: 0.0018 Mpps, 7.41 Mbit/s (7.70 Mbit/s with framing)
[0;34m[Device: id=1] TX[0m: 0.0082 Mpps, 34.46 Mbit/s (35.77 Mbit/s with framing)
4500000
[1;36m[Device: id=0] RX[0m: 0.0474 (StdDev 0.0165) Mpps, 195.80 (StdDev 68) Mbit/s (203.39 Mbit/s with framing), total 1479184 packets with 763258944 bytes (incl. CRC)
[0;34m[Device: id=1] TX[0m: 0.1449 (StdDev 0.0462) Mpps, 607.34 (StdDev 194) Mbit/s (630.52 Mbit/s with framing), total 4500000 packets with 2358000000 bytes (incl. CRC)
