[1;37m[INFO]  Initializing DPDK. This will take a few seconds...[0m
EAL: Probing VFIO support...
EAL: WARNING: cpu flags constant_tsc=yes nonstop_tsc=no -> using unreliable clock cycles !
EAL: PCI device 0000:00:03.0 on NUMA socket -1
EAL:   Invalid NUMA socket, default to 0
EAL:   probe driver: 1af4:1000 net_virtio
EAL: PCI device 0000:00:04.0 on NUMA socket -1
EAL:   Invalid NUMA socket, default to 0
EAL:   probe driver: 1af4:1000 net_virtio
EAL: PCI device 0000:00:05.0 on NUMA socket -1
EAL:   Invalid NUMA socket, default to 0
EAL:   probe driver: 1af4:1000 net_virtio
[1;37m[INFO]  Found 2 usable devices:[0m
   Device 0: 52:54:00:C9:E4:6A ([0;32mRed Hat, Inc Virtio network device[0m)
   Device 1: 52:54:00:47:12:15 ([0;32mRed Hat, Inc Virtio network device[0m)
[1;37m[INFO]  Waiting for devices to come up...[0m
[1;37m[INFO]  Device 1 (52:54:00:47:12:15) is up: 10000 MBit/s[0m
[1;37m[INFO]  Device 0 (52:54:00:C9:E4:6A) is up: 10000 MBit/s[0m
[1;37m[INFO]  [0;32m2 devices are up.[0m[0m
[1;37m[INFO]  Trying to enable rx timestamping of all packets, this isn't supported by most nics[0m
[1;36m[Device: id=0] RX[0m: 0.0203 Mpps, 208.21 Mbit/s (211.46 Mbit/s with framing)
[0;34m[Device: id=1] TX[0m: 0.0201 Mpps, 207.87 Mbit/s (211.09 Mbit/s with framing)
[0;34m[Device: id=1] TX[0m: 0.0200 Mpps, 206.70 Mbit/s (209.90 Mbit/s with framing)
[1;36m[Device: id=0] RX[0m: 0.0200 Mpps, 205.44 Mbit/s (208.64 Mbit/s with framing)
[0;34m[Device: id=1] TX[0m: 0.0200 Mpps, 206.72 Mbit/s (209.92 Mbit/s with framing)
[1;36m[Device: id=0] RX[0m: 0.0200 Mpps, 205.44 Mbit/s (208.64 Mbit/s with framing)
[1;36m[Device: id=0] RX[0m: 0.0200 Mpps, 205.44 Mbit/s (208.64 Mbit/s with framing)
[0;34m[Device: id=1] TX[0m: 0.0200 Mpps, 206.72 Mbit/s (209.92 Mbit/s with framing)
[1;36m[Device: id=0] RX[0m: 0.0200 Mpps, 205.44 Mbit/s (208.64 Mbit/s with framing)
[0;34m[Device: id=1] TX[0m: 0.0200 Mpps, 206.72 Mbit/s (209.92 Mbit/s with framing)
[1;36m[Device: id=0] RX[0m: 0.0200 Mpps, 205.44 Mbit/s (208.64 Mbit/s with framing)
[0;34m[Device: id=1] TX[0m: 0.0200 Mpps, 206.72 Mbit/s (209.93 Mbit/s with framing)
[1;36m[Device: id=0] RX[0m: 0.0200 Mpps, 205.44 Mbit/s (208.64 Mbit/s with framing)
[0;34m[Device: id=1] TX[0m: 0.0200 Mpps, 206.71 Mbit/s (209.91 Mbit/s with framing)
[1;36m[Device: id=0] RX[0m: 0.0200 Mpps, 205.44 Mbit/s (208.64 Mbit/s with framing)
[0;34m[Device: id=1] TX[0m: 0.0200 Mpps, 206.72 Mbit/s (209.92 Mbit/s with framing)
[1;36m[Device: id=0] RX[0m: 0.0200 Mpps, 205.44 Mbit/s (208.64 Mbit/s with framing)
[0;34m[Device: id=1] TX[0m: 0.0200 Mpps, 206.73 Mbit/s (209.93 Mbit/s with framing)
[1;36m[Device: id=0] RX[0m: 0.0200 Mpps, 205.44 Mbit/s (208.64 Mbit/s with framing)
[0;34m[Device: id=1] TX[0m: 0.0200 Mpps, 206.70 Mbit/s (209.90 Mbit/s with framing)
[1;36m[Device: id=0] RX[0m: 0.0200 Mpps, 205.44 Mbit/s (208.64 Mbit/s with framing)
[0;34m[Device: id=1] TX[0m: 0.0200 Mpps, 206.73 Mbit/s (209.93 Mbit/s with framing)
[1;36m[Device: id=0] RX[0m: 0.0200 Mpps, 205.44 Mbit/s (208.64 Mbit/s with framing)
[0;34m[Device: id=1] TX[0m: 0.0200 Mpps, 206.71 Mbit/s (209.91 Mbit/s with framing)
[1;36m[Device: id=0] RX[0m: 0.0200 Mpps, 205.44 Mbit/s (208.64 Mbit/s with framing)
[0;34m[Device: id=1] TX[0m: 0.0200 Mpps, 206.72 Mbit/s (209.92 Mbit/s with framing)
[1;36m[Device: id=0] RX[0m: 0.0200 Mpps, 205.44 Mbit/s (208.64 Mbit/s with framing)
[0;34m[Device: id=1] TX[0m: 0.0200 Mpps, 206.72 Mbit/s (209.92 Mbit/s with framing)
[1;36m[Device: id=0] RX[0m: 0.0200 Mpps, 205.44 Mbit/s (208.64 Mbit/s with framing)
[0;34m[Device: id=1] TX[0m: 0.0200 Mpps, 206.72 Mbit/s (209.92 Mbit/s with framing)
[1;36m[Device: id=0] RX[0m: 0.0200 Mpps, 205.44 Mbit/s (208.64 Mbit/s with framing)
[0;34m[Device: id=1] TX[0m: 0.0200 Mpps, 206.72 Mbit/s (209.92 Mbit/s with framing)
[1;36m[Device: id=0] RX[0m: 0.0200 Mpps, 205.44 Mbit/s (208.64 Mbit/s with framing)
[0;34m[Device: id=1] TX[0m: 0.0200 Mpps, 206.73 Mbit/s (209.93 Mbit/s with framing)
[1;36m[Device: id=0] RX[0m: 0.0200 Mpps, 205.44 Mbit/s (208.64 Mbit/s with framing)
[0;34m[Device: id=1] TX[0m: 0.0200 Mpps, 206.72 Mbit/s (209.92 Mbit/s with framing)
[1;36m[Device: id=0] RX[0m: 0.0200 Mpps, 205.44 Mbit/s (208.64 Mbit/s with framing)
[0;34m[Device: id=1] TX[0m: 0.0200 Mpps, 206.72 Mbit/s (209.92 Mbit/s with framing)
[1;36m[Device: id=0] RX[0m: 0.0200 Mpps, 205.44 Mbit/s (208.64 Mbit/s with framing)
[0;34m[Device: id=1] TX[0m: 0.0200 Mpps, 206.72 Mbit/s (209.92 Mbit/s with framing)
[1;36m[Device: id=0] RX[0m: 0.0200 Mpps, 205.44 Mbit/s (208.64 Mbit/s with framing)
[0;34m[Device: id=1] TX[0m: 0.0200 Mpps, 206.72 Mbit/s (209.92 Mbit/s with framing)
[1;36m[Device: id=0] RX[0m: 0.0200 Mpps, 205.44 Mbit/s (208.64 Mbit/s with framing)
[0;34m[Device: id=1] TX[0m: 0.0200 Mpps, 206.73 Mbit/s (209.93 Mbit/s with framing)
[1;36m[Device: id=0] RX[0m: 0.0200 Mpps, 205.44 Mbit/s (208.64 Mbit/s with framing)
[0;34m[Device: id=1] TX[0m: 0.0200 Mpps, 206.71 Mbit/s (209.91 Mbit/s with framing)
[1;36m[Device: id=0] RX[0m: 0.0200 Mpps, 205.44 Mbit/s (208.64 Mbit/s with framing)
[0;34m[Device: id=1] TX[0m: 0.0200 Mpps, 206.73 Mbit/s (209.93 Mbit/s with framing)
[1;36m[Device: id=0] RX[0m: 0.0200 Mpps, 205.44 Mbit/s (208.64 Mbit/s with framing)
[0;34m[Device: id=1] TX[0m: 0.0200 Mpps, 206.72 Mbit/s (209.92 Mbit/s with framing)
[1;36m[Device: id=0] RX[0m: 0.0200 Mpps, 205.44 Mbit/s (208.64 Mbit/s with framing)
[0;34m[Device: id=1] TX[0m: 0.0200 Mpps, 206.72 Mbit/s (209.92 Mbit/s with framing)
[1;36m[Device: id=0] RX[0m: 0.0200 Mpps, 205.44 Mbit/s (208.64 Mbit/s with framing)
[0;34m[Device: id=1] TX[0m: 0.0200 Mpps, 206.73 Mbit/s (209.93 Mbit/s with framing)
[1;36m[Device: id=0] RX[0m: 0.0200 Mpps, 205.44 Mbit/s (208.64 Mbit/s with framing)
[0;34m[Device: id=1] TX[0m: 0.0200 Mpps, 206.72 Mbit/s (209.92 Mbit/s with framing)
[1;36m[Device: id=0] RX[0m: 0.0200 Mpps, 205.44 Mbit/s (208.64 Mbit/s with framing)
[0;34m[Device: id=1] TX[0m: 0.0200 Mpps, 206.71 Mbit/s (209.91 Mbit/s with framing)
51
[1;36m[Device: id=0] RX[0m: 0.0197 Mpps, 202.50 Mbit/s (205.65 Mbit/s with framing)
[0;34m[Device: id=1] TX[0m: 0.0161 Mpps, 166.38 Mbit/s (168.95 Mbit/s with framing)
[1;36m[Device: id=0] RX[0m: 0.0000 Mpps, 0.00 Mbit/s (0.00 Mbit/s with framing)
[0;34m[Device: id=1] TX[0m: 0.0000 Mpps, 0.00 Mbit/s (0.00 Mbit/s with framing)
600000
[1;36m[Device: id=0] RX[0m: 0.0193 (StdDev 0.0037) Mpps, 198.49 (StdDev 37) Mbit/s (201.59 Mbit/s with framing), total 600000 packets with 770400000 bytes (incl. CRC)
[0;34m[Device: id=1] TX[0m: 0.0192 (StdDev 0.0037) Mpps, 198.48 (StdDev 38) Mbit/s (201.56 Mbit/s with framing), total 600000 packets with 775200000 bytes (incl. CRC)
