[1;37m[INFO]  Initializing DPDK. This will take a few seconds...[0m
EAL: Probing VFIO support...
EAL: WARNING: cpu flags constant_tsc=yes nonstop_tsc=no -> using unreliable clock cycles !
EAL: PCI device 0000:00:03.0 on NUMA socket -1
EAL:   Invalid NUMA socket, default to 0
EAL:   probe driver: 1af4:1000 net_virtio
EAL: PCI device 0000:00:04.0 on NUMA socket -1
EAL:   Invalid NUMA socket, default to 0
EAL:   probe driver: 1af4:1000 net_virtio
EAL: PCI device 0000:00:05.0 on NUMA socket -1
EAL:   Invalid NUMA socket, default to 0
EAL:   probe driver: 1af4:1000 net_virtio
[1;37m[INFO]  Found 2 usable devices:[0m
   Device 0: 52:54:00:C9:E4:6A ([0;32mRed Hat, Inc Virtio network device[0m)
   Device 1: 52:54:00:47:12:15 ([0;32mRed Hat, Inc Virtio network device[0m)
[1;37m[INFO]  Waiting for devices to come up...[0m
[1;37m[INFO]  Device 1 (52:54:00:47:12:15) is up: 10000 MBit/s[0m
[1;37m[INFO]  Device 0 (52:54:00:C9:E4:6A) is up: 10000 MBit/s[0m
[1;37m[INFO]  [0;32m2 devices are up.[0m[0m
[1;37m[INFO]  Trying to enable rx timestamping of all packets, this isn't supported by most nics[0m
[0;34m[Device: id=1] TX[0m: 0.1956 Mpps, 419.45 Mbit/s (450.75 Mbit/s with framing)
[1;36m[Device: id=0] RX[0m: 0.0662 Mpps, 137.77 Mbit/s (148.37 Mbit/s with framing)
[0;34m[Device: id=1] TX[0m: 0.1899 Mpps, 407.08 Mbit/s (437.45 Mbit/s with framing)
[1;36m[Device: id=0] RX[0m: 0.0766 Mpps, 159.26 Mbit/s (171.51 Mbit/s with framing)
[0;34m[Device: id=1] TX[0m: 0.2147 Mpps, 460.35 Mbit/s (494.71 Mbit/s with framing)
[1;36m[Device: id=0] RX[0m: 0.0887 Mpps, 184.54 Mbit/s (198.74 Mbit/s with framing)
[0;34m[Device: id=1] TX[0m: 0.1671 Mpps, 358.20 Mbit/s (384.93 Mbit/s with framing)
[1;36m[Device: id=0] RX[0m: 0.0994 Mpps, 206.72 Mbit/s (222.62 Mbit/s with framing)
[1;36m[Device: id=0] RX[0m: 0.0622 Mpps, 129.47 Mbit/s (139.43 Mbit/s with framing)
[0;34m[Device: id=1] TX[0m: 0.2328 Mpps, 499.04 Mbit/s (536.28 Mbit/s with framing)
[1;36m[Device: id=0] RX[0m: 0.0932 Mpps, 193.77 Mbit/s (208.68 Mbit/s with framing)
[0;34m[Device: id=1] TX[0m: 0.1872 Mpps, 401.28 Mbit/s (431.23 Mbit/s with framing)
[1;36m[Device: id=0] RX[0m: 0.0693 Mpps, 144.21 Mbit/s (155.30 Mbit/s with framing)
[0;34m[Device: id=1] TX[0m: 0.1993 Mpps, 427.24 Mbit/s (459.12 Mbit/s with framing)
[1;36m[Device: id=0] RX[0m: 0.0422 Mpps, 87.80 Mbit/s (94.56 Mbit/s with framing)
[0;34m[Device: id=1] TX[0m: 0.2097 Mpps, 449.49 Mbit/s (483.03 Mbit/s with framing)
[1;36m[Device: id=0] RX[0m: 0.1035 Mpps, 215.33 Mbit/s (231.89 Mbit/s with framing)
[0;34m[Device: id=1] TX[0m: 0.1966 Mpps, 421.42 Mbit/s (452.87 Mbit/s with framing)
[1;36m[Device: id=0] RX[0m: 0.0392 Mpps, 81.55 Mbit/s (87.82 Mbit/s with framing)
[0;34m[Device: id=1] TX[0m: 0.1989 Mpps, 426.51 Mbit/s (458.34 Mbit/s with framing)
[1;36m[Device: id=0] RX[0m: 0.0539 Mpps, 112.19 Mbit/s (120.82 Mbit/s with framing)
[0;34m[Device: id=1] TX[0m: 0.2011 Mpps, 431.11 Mbit/s (463.29 Mbit/s with framing)
[1;36m[Device: id=0] RX[0m: 0.0803 Mpps, 167.01 Mbit/s (179.86 Mbit/s with framing)
[0;34m[Device: id=1] TX[0m: 0.1957 Mpps, 419.54 Mbit/s (450.84 Mbit/s with framing)
[1;36m[Device: id=0] RX[0m: 0.1061 Mpps, 220.72 Mbit/s (237.70 Mbit/s with framing)
[0;34m[Device: id=1] TX[0m: 0.2108 Mpps, 452.05 Mbit/s (485.78 Mbit/s with framing)
[1;36m[Device: id=0] RX[0m: 0.1092 Mpps, 227.16 Mbit/s (244.63 Mbit/s with framing)
[0;34m[Device: id=1] TX[0m: 0.1986 Mpps, 425.83 Mbit/s (457.61 Mbit/s with framing)
[1;36m[Device: id=0] RX[0m: 0.0682 Mpps, 141.80 Mbit/s (152.70 Mbit/s with framing)
[0;34m[Device: id=1] TX[0m: 0.2025 Mpps, 434.08 Mbit/s (466.47 Mbit/s with framing)
[1;36m[Device: id=0] RX[0m: 0.0428 Mpps, 89.01 Mbit/s (95.85 Mbit/s with framing)
[0;34m[Device: id=1] TX[0m: 0.1995 Mpps, 427.79 Mbit/s (459.71 Mbit/s with framing)
[1;36m[Device: id=0] RX[0m: 0.0859 Mpps, 178.61 Mbit/s (192.35 Mbit/s with framing)
[0;34m[Device: id=1] TX[0m: 0.1867 Mpps, 400.21 Mbit/s (430.08 Mbit/s with framing)
[1;36m[Device: id=0] RX[0m: 0.0685 Mpps, 142.54 Mbit/s (153.50 Mbit/s with framing)
[0;34m[Device: id=1] TX[0m: 0.2138 Mpps, 458.40 Mbit/s (492.61 Mbit/s with framing)
[1;36m[Device: id=0] RX[0m: 0.0613 Mpps, 127.57 Mbit/s (137.38 Mbit/s with framing)
[0;34m[Device: id=1] TX[0m: 0.2000 Mpps, 428.72 Mbit/s (460.71 Mbit/s with framing)
[1;36m[Device: id=0] RX[0m: 0.0384 Mpps, 79.88 Mbit/s (86.03 Mbit/s with framing)
[0;34m[Device: id=1] TX[0m: 0.1993 Mpps, 427.29 Mbit/s (459.18 Mbit/s with framing)
[1;36m[Device: id=0] RX[0m: 0.0386 Mpps, 80.22 Mbit/s (86.39 Mbit/s with framing)
[0;34m[Device: id=1] TX[0m: 0.1990 Mpps, 426.69 Mbit/s (458.53 Mbit/s with framing)
[1;36m[Device: id=0] RX[0m: 0.0413 Mpps, 85.99 Mbit/s (92.60 Mbit/s with framing)
[0;34m[Device: id=1] TX[0m: 0.2016 Mpps, 432.19 Mbit/s (464.44 Mbit/s with framing)
[1;36m[Device: id=0] RX[0m: 0.0386 Mpps, 80.36 Mbit/s (86.54 Mbit/s with framing)
[0;34m[Device: id=1] TX[0m: 0.1996 Mpps, 428.04 Mbit/s (459.98 Mbit/s with framing)
[1;36m[Device: id=0] RX[0m: 0.0482 Mpps, 100.30 Mbit/s (108.01 Mbit/s with framing)
[0;34m[Device: id=1] TX[0m: 0.2006 Mpps, 430.01 Mbit/s (462.10 Mbit/s with framing)
[1;36m[Device: id=0] RX[0m: 0.0576 Mpps, 119.78 Mbit/s (128.99 Mbit/s with framing)
[0;34m[Device: id=1] TX[0m: 0.1978 Mpps, 424.02 Mbit/s (455.67 Mbit/s with framing)
[1;36m[Device: id=0] RX[0m: 0.0405 Mpps, 84.16 Mbit/s (90.63 Mbit/s with framing)
[0;34m[Device: id=1] TX[0m: 0.2006 Mpps, 429.99 Mbit/s (462.08 Mbit/s with framing)
[1;36m[Device: id=0] RX[0m: 0.0409 Mpps, 85.08 Mbit/s (91.62 Mbit/s with framing)
[0;34m[Device: id=1] TX[0m: 0.2014 Mpps, 431.78 Mbit/s (464.01 Mbit/s with framing)
[1;36m[Device: id=0] RX[0m: 0.0457 Mpps, 94.96 Mbit/s (102.26 Mbit/s with framing)
[0;34m[Device: id=1] TX[0m: 0.1994 Mpps, 427.57 Mbit/s (459.48 Mbit/s with framing)
[1;36m[Device: id=0] RX[0m: 0.0482 Mpps, 100.34 Mbit/s (108.06 Mbit/s with framing)
[0;34m[Device: id=1] TX[0m: 0.2002 Mpps, 429.21 Mbit/s (461.24 Mbit/s with framing)
6
[1;36m[Device: id=0] RX[0m: 0.0425 Mpps, 88.41 Mbit/s (95.21 Mbit/s with framing)
[0;34m[Device: id=1] TX[0m: 0.1627 Mpps, 348.84 Mbit/s (374.87 Mbit/s with framing)
[1;36m[Device: id=0] RX[0m: 0.0000 Mpps, 0.00 Mbit/s (0.00 Mbit/s with framing)
[0;34m[Device: id=1] TX[0m: 0.0000 Mpps, 0.00 Mbit/s (0.00 Mbit/s with framing)
6000000
[1;36m[Device: id=0] RX[0m: 0.0610 (StdDev 0.0259) Mpps, 126.96 (StdDev 54) Mbit/s (136.72 Mbit/s with framing), total 1897377 packets with 493318020 bytes (incl. CRC)
[0;34m[Device: id=1] TX[0m: 0.1922 (StdDev 0.0384) Mpps, 412.13 (StdDev 82) Mbit/s (442.89 Mbit/s with framing), total 6000000 packets with 1608000000 bytes (incl. CRC)
