[1;37m[INFO]  Initializing DPDK. This will take a few seconds...[0m
EAL: Probing VFIO support...
EAL: WARNING: cpu flags constant_tsc=yes nonstop_tsc=no -> using unreliable clock cycles !
EAL: PCI device 0000:00:03.0 on NUMA socket -1
EAL:   Invalid NUMA socket, default to 0
EAL:   probe driver: 1af4:1000 net_virtio
EAL: PCI device 0000:00:04.0 on NUMA socket -1
EAL:   Invalid NUMA socket, default to 0
EAL:   probe driver: 1af4:1000 net_virtio
EAL: PCI device 0000:00:05.0 on NUMA socket -1
EAL:   Invalid NUMA socket, default to 0
EAL:   probe driver: 1af4:1000 net_virtio
[1;37m[INFO]  Found 2 usable devices:[0m
   Device 0: 52:54:00:C9:E4:6A ([0;32mRed Hat, Inc Virtio network device[0m)
   Device 1: 52:54:00:47:12:15 ([0;32mRed Hat, Inc Virtio network device[0m)
[1;37m[INFO]  Waiting for devices to come up...[0m
[1;37m[INFO]  Device 1 (52:54:00:47:12:15) is up: 10000 MBit/s[0m
[1;37m[INFO]  Device 0 (52:54:00:C9:E4:6A) is up: 10000 MBit/s[0m
[1;37m[INFO]  [0;32m2 devices are up.[0m[0m
[1;37m[INFO]  Trying to enable rx timestamping of all packets, this isn't supported by most nics[0m
[1;36m[Device: id=0] RX[0m: 0.0102 Mpps, 10.79 Mbit/s (12.42 Mbit/s with framing)
[0;34m[Device: id=1] TX[0m: 0.0099 Mpps, 11.12 Mbit/s (12.70 Mbit/s with framing)
[0;34m[Device: id=1] TX[0m: 0.0100 Mpps, 11.20 Mbit/s (12.80 Mbit/s with framing)
[1;36m[Device: id=0] RX[0m: 0.0100 Mpps, 10.56 Mbit/s (12.16 Mbit/s with framing)
[0;34m[Device: id=1] TX[0m: 0.0100 Mpps, 11.20 Mbit/s (12.80 Mbit/s with framing)
[1;36m[Device: id=0] RX[0m: 0.0100 Mpps, 10.56 Mbit/s (12.16 Mbit/s with framing)
[0;34m[Device: id=1] TX[0m: 0.0100 Mpps, 11.20 Mbit/s (12.80 Mbit/s with framing)
[1;36m[Device: id=0] RX[0m: 0.0100 Mpps, 10.56 Mbit/s (12.16 Mbit/s with framing)
[0;34m[Device: id=1] TX[0m: 0.0100 Mpps, 11.20 Mbit/s (12.80 Mbit/s with framing)
[1;36m[Device: id=0] RX[0m: 0.0100 Mpps, 10.56 Mbit/s (12.16 Mbit/s with framing)
[0;34m[Device: id=1] TX[0m: 0.0100 Mpps, 11.20 Mbit/s (12.80 Mbit/s with framing)
[1;36m[Device: id=0] RX[0m: 0.0100 Mpps, 10.56 Mbit/s (12.16 Mbit/s with framing)
[0;34m[Device: id=1] TX[0m: 0.0100 Mpps, 11.20 Mbit/s (12.80 Mbit/s with framing)
[1;36m[Device: id=0] RX[0m: 0.0100 Mpps, 10.56 Mbit/s (12.16 Mbit/s with framing)
[0;34m[Device: id=1] TX[0m: 0.0100 Mpps, 11.20 Mbit/s (12.80 Mbit/s with framing)
[1;36m[Device: id=0] RX[0m: 0.0100 Mpps, 10.56 Mbit/s (12.16 Mbit/s with framing)
[0;34m[Device: id=1] TX[0m: 0.0100 Mpps, 11.20 Mbit/s (12.80 Mbit/s with framing)
[1;36m[Device: id=0] RX[0m: 0.0100 Mpps, 10.56 Mbit/s (12.16 Mbit/s with framing)
[0;34m[Device: id=1] TX[0m: 0.0100 Mpps, 11.20 Mbit/s (12.80 Mbit/s with framing)
[1;36m[Device: id=0] RX[0m: 0.0100 Mpps, 10.56 Mbit/s (12.16 Mbit/s with framing)
[0;34m[Device: id=1] TX[0m: 0.0100 Mpps, 11.20 Mbit/s (12.80 Mbit/s with framing)
[1;36m[Device: id=0] RX[0m: 0.0100 Mpps, 10.56 Mbit/s (12.16 Mbit/s with framing)
[0;34m[Device: id=1] TX[0m: 0.0100 Mpps, 11.20 Mbit/s (12.80 Mbit/s with framing)
[1;36m[Device: id=0] RX[0m: 0.0100 Mpps, 10.56 Mbit/s (12.16 Mbit/s with framing)
[0;34m[Device: id=1] TX[0m: 0.0100 Mpps, 11.20 Mbit/s (12.80 Mbit/s with framing)
[1;36m[Device: id=0] RX[0m: 0.0100 Mpps, 10.56 Mbit/s (12.16 Mbit/s with framing)
[0;34m[Device: id=1] TX[0m: 0.0100 Mpps, 11.20 Mbit/s (12.80 Mbit/s with framing)
[1;36m[Device: id=0] RX[0m: 0.0100 Mpps, 10.56 Mbit/s (12.16 Mbit/s with framing)
[0;34m[Device: id=1] TX[0m: 0.0100 Mpps, 11.20 Mbit/s (12.80 Mbit/s with framing)
[1;36m[Device: id=0] RX[0m: 0.0100 Mpps, 10.56 Mbit/s (12.16 Mbit/s with framing)
[0;34m[Device: id=1] TX[0m: 0.0100 Mpps, 11.20 Mbit/s (12.80 Mbit/s with framing)
[1;36m[Device: id=0] RX[0m: 0.0100 Mpps, 10.56 Mbit/s (12.16 Mbit/s with framing)
[0;34m[Device: id=1] TX[0m: 0.0100 Mpps, 11.20 Mbit/s (12.80 Mbit/s with framing)
[1;36m[Device: id=0] RX[0m: 0.0100 Mpps, 10.56 Mbit/s (12.16 Mbit/s with framing)
[0;34m[Device: id=1] TX[0m: 0.0100 Mpps, 11.20 Mbit/s (12.80 Mbit/s with framing)
[1;36m[Device: id=0] RX[0m: 0.0100 Mpps, 10.56 Mbit/s (12.16 Mbit/s with framing)
[0;34m[Device: id=1] TX[0m: 0.0100 Mpps, 11.20 Mbit/s (12.80 Mbit/s with framing)
[1;36m[Device: id=0] RX[0m: 0.0100 Mpps, 10.56 Mbit/s (12.16 Mbit/s with framing)
[0;34m[Device: id=1] TX[0m: 0.0100 Mpps, 11.20 Mbit/s (12.80 Mbit/s with framing)
[1;36m[Device: id=0] RX[0m: 0.0100 Mpps, 10.56 Mbit/s (12.16 Mbit/s with framing)
[0;34m[Device: id=1] TX[0m: 0.0100 Mpps, 11.20 Mbit/s (12.80 Mbit/s with framing)
[1;36m[Device: id=0] RX[0m: 0.0100 Mpps, 10.56 Mbit/s (12.16 Mbit/s with framing)
[0;34m[Device: id=1] TX[0m: 0.0100 Mpps, 11.20 Mbit/s (12.80 Mbit/s with framing)
[1;36m[Device: id=0] RX[0m: 0.0100 Mpps, 10.56 Mbit/s (12.16 Mbit/s with framing)
[0;34m[Device: id=1] TX[0m: 0.0100 Mpps, 11.20 Mbit/s (12.80 Mbit/s with framing)
[1;36m[Device: id=0] RX[0m: 0.0100 Mpps, 10.56 Mbit/s (12.16 Mbit/s with framing)
[0;34m[Device: id=1] TX[0m: 0.0100 Mpps, 11.20 Mbit/s (12.80 Mbit/s with framing)
[1;36m[Device: id=0] RX[0m: 0.0100 Mpps, 10.56 Mbit/s (12.16 Mbit/s with framing)
[0;34m[Device: id=1] TX[0m: 0.0100 Mpps, 11.20 Mbit/s (12.80 Mbit/s with framing)
[1;36m[Device: id=0] RX[0m: 0.0100 Mpps, 10.56 Mbit/s (12.16 Mbit/s with framing)
[0;34m[Device: id=1] TX[0m: 0.0100 Mpps, 11.20 Mbit/s (12.80 Mbit/s with framing)
[1;36m[Device: id=0] RX[0m: 0.0100 Mpps, 10.56 Mbit/s (12.16 Mbit/s with framing)
[0;34m[Device: id=1] TX[0m: 0.0100 Mpps, 11.20 Mbit/s (12.80 Mbit/s with framing)
[1;36m[Device: id=0] RX[0m: 0.0100 Mpps, 10.56 Mbit/s (12.16 Mbit/s with framing)
[0;34m[Device: id=1] TX[0m: 0.0100 Mpps, 11.20 Mbit/s (12.80 Mbit/s with framing)
[1;36m[Device: id=0] RX[0m: 0.0100 Mpps, 10.56 Mbit/s (12.16 Mbit/s with framing)
[0;34m[Device: id=1] TX[0m: 0.0100 Mpps, 11.20 Mbit/s (12.80 Mbit/s with framing)
[1;36m[Device: id=0] RX[0m: 0.0100 Mpps, 10.56 Mbit/s (12.16 Mbit/s with framing)
57
[0;34m[Device: id=1] TX[0m: 0.0098 Mpps, 10.96 Mbit/s (12.53 Mbit/s with framing)
[1;36m[Device: id=0] RX[0m: 0.0098 Mpps, 10.31 Mbit/s (11.88 Mbit/s with framing)
[1;36m[Device: id=0] RX[0m: 0.0000 Mpps, 0.00 Mbit/s (0.00 Mbit/s with framing)
[0;34m[Device: id=1] TX[0m: 0.0000 Mpps, 0.00 Mbit/s (0.00 Mbit/s with framing)
300000
[1;36m[Device: id=0] RX[0m: 0.0097 (StdDev 0.0018) Mpps, 10.20 (StdDev 2) Mbit/s (11.75 Mbit/s with framing), total 300000 packets with 39600000 bytes (incl. CRC)
[0;34m[Device: id=1] TX[0m: 0.0097 (StdDev 0.0018) Mpps, 10.82 (StdDev 2) Mbit/s (12.36 Mbit/s with framing), total 300000 packets with 42000000 bytes (incl. CRC)
