[1;37m[INFO]  Initializing DPDK. This will take a few seconds...[0m
EAL: Probing VFIO support...
EAL: WARNING: cpu flags constant_tsc=yes nonstop_tsc=no -> using unreliable clock cycles !
EAL: PCI device 0000:00:03.0 on NUMA socket -1
EAL:   Invalid NUMA socket, default to 0
EAL:   probe driver: 1af4:1000 net_virtio
EAL: PCI device 0000:00:04.0 on NUMA socket -1
EAL:   Invalid NUMA socket, default to 0
EAL:   probe driver: 1af4:1000 net_virtio
EAL: PCI device 0000:00:05.0 on NUMA socket -1
EAL:   Invalid NUMA socket, default to 0
EAL:   probe driver: 1af4:1000 net_virtio
[1;37m[INFO]  Found 2 usable devices:[0m
   Device 0: 52:54:00:C9:E4:6A ([0;32mRed Hat, Inc Virtio network device[0m)
   Device 1: 52:54:00:47:12:15 ([0;32mRed Hat, Inc Virtio network device[0m)
[1;37m[INFO]  Waiting for devices to come up...[0m
[1;37m[INFO]  Device 1 (52:54:00:47:12:15) is up: 10000 MBit/s[0m
[1;37m[INFO]  Device 0 (52:54:00:C9:E4:6A) is up: 10000 MBit/s[0m
[1;37m[INFO]  [0;32m2 devices are up.[0m[0m
[1;37m[INFO]  Trying to enable rx timestamping of all packets, this isn't supported by most nics[0m
[1;36m[Device: id=0] RX[0m: 0.0358 Mpps, 147.99 Mbit/s (153.72 Mbit/s with framing)
[0;34m[Device: id=1] TX[0m: 0.0588 Mpps, 246.31 Mbit/s (255.71 Mbit/s with framing)
[0;34m[Device: id=1] TX[0m: 0.0599 Mpps, 251.13 Mbit/s (260.71 Mbit/s with framing)
[1;36m[Device: id=0] RX[0m: 0.0406 Mpps, 167.73 Mbit/s (174.23 Mbit/s with framing)
[0;34m[Device: id=1] TX[0m: 0.0588 Mpps, 246.36 Mbit/s (255.76 Mbit/s with framing)
[1;36m[Device: id=0] RX[0m: 0.0461 Mpps, 190.15 Mbit/s (197.52 Mbit/s with framing)
[0;34m[Device: id=1] TX[0m: 0.0605 Mpps, 253.69 Mbit/s (263.37 Mbit/s with framing)
[1;36m[Device: id=0] RX[0m: 0.0414 Mpps, 170.81 Mbit/s (177.43 Mbit/s with framing)
[0;34m[Device: id=1] TX[0m: 0.0604 Mpps, 253.11 Mbit/s (262.77 Mbit/s with framing)
[1;36m[Device: id=0] RX[0m: 0.0392 Mpps, 162.02 Mbit/s (168.30 Mbit/s with framing)
[0;34m[Device: id=1] TX[0m: 0.0604 Mpps, 253.10 Mbit/s (262.76 Mbit/s with framing)
[1;36m[Device: id=0] RX[0m: 0.0394 Mpps, 162.59 Mbit/s (168.89 Mbit/s with framing)
[1;36m[Device: id=0] RX[0m: 0.0435 Mpps, 179.73 Mbit/s (186.70 Mbit/s with framing)
[0;34m[Device: id=1] TX[0m: 0.0593 Mpps, 248.54 Mbit/s (258.03 Mbit/s with framing)
[1;36m[Device: id=0] RX[0m: 0.0394 Mpps, 162.45 Mbit/s (168.75 Mbit/s with framing)
[0;34m[Device: id=1] TX[0m: 0.0600 Mpps, 251.51 Mbit/s (261.11 Mbit/s with framing)
[1;36m[Device: id=0] RX[0m: 0.0395 Mpps, 162.94 Mbit/s (169.25 Mbit/s with framing)
[0;34m[Device: id=1] TX[0m: 0.0607 Mpps, 254.48 Mbit/s (264.20 Mbit/s with framing)
[1;36m[Device: id=0] RX[0m: 0.0419 Mpps, 173.16 Mbit/s (179.87 Mbit/s with framing)
[0;34m[Device: id=1] TX[0m: 0.0601 Mpps, 252.09 Mbit/s (261.71 Mbit/s with framing)
[1;36m[Device: id=0] RX[0m: 0.0430 Mpps, 177.67 Mbit/s (184.56 Mbit/s with framing)
[0;34m[Device: id=1] TX[0m: 0.0599 Mpps, 251.23 Mbit/s (260.82 Mbit/s with framing)
[1;36m[Device: id=0] RX[0m: 0.0412 Mpps, 170.25 Mbit/s (176.85 Mbit/s with framing)
[0;34m[Device: id=1] TX[0m: 0.0594 Mpps, 249.00 Mbit/s (258.50 Mbit/s with framing)
[1;36m[Device: id=0] RX[0m: 0.0400 Mpps, 164.96 Mbit/s (171.36 Mbit/s with framing)
[0;34m[Device: id=1] TX[0m: 0.0603 Mpps, 252.75 Mbit/s (262.39 Mbit/s with framing)
[1;36m[Device: id=0] RX[0m: 0.0390 Mpps, 160.79 Mbit/s (167.03 Mbit/s with framing)
[0;34m[Device: id=1] TX[0m: 0.0605 Mpps, 253.48 Mbit/s (263.16 Mbit/s with framing)
[1;36m[Device: id=0] RX[0m: 0.0401 Mpps, 165.68 Mbit/s (172.10 Mbit/s with framing)
[0;34m[Device: id=1] TX[0m: 0.0601 Mpps, 251.94 Mbit/s (261.55 Mbit/s with framing)
[1;36m[Device: id=0] RX[0m: 0.0452 Mpps, 186.66 Mbit/s (193.89 Mbit/s with framing)
[0;34m[Device: id=1] TX[0m: 0.0587 Mpps, 246.23 Mbit/s (255.63 Mbit/s with framing)
[1;36m[Device: id=0] RX[0m: 0.0423 Mpps, 174.79 Mbit/s (181.56 Mbit/s with framing)
[0;34m[Device: id=1] TX[0m: 0.0604 Mpps, 253.32 Mbit/s (262.98 Mbit/s with framing)
[1;36m[Device: id=0] RX[0m: 0.0403 Mpps, 166.52 Mbit/s (172.98 Mbit/s with framing)
[0;34m[Device: id=1] TX[0m: 0.0606 Mpps, 253.93 Mbit/s (263.62 Mbit/s with framing)
[1;36m[Device: id=0] RX[0m: 0.0470 Mpps, 194.00 Mbit/s (201.52 Mbit/s with framing)
[0;34m[Device: id=1] TX[0m: 0.0603 Mpps, 252.61 Mbit/s (262.25 Mbit/s with framing)
[1;36m[Device: id=0] RX[0m: 0.0404 Mpps, 166.89 Mbit/s (173.36 Mbit/s with framing)
[0;34m[Device: id=1] TX[0m: 0.0592 Mpps, 248.22 Mbit/s (257.69 Mbit/s with framing)
[1;36m[Device: id=0] RX[0m: 0.0401 Mpps, 165.36 Mbit/s (171.76 Mbit/s with framing)
[0;34m[Device: id=1] TX[0m: 0.0603 Mpps, 252.91 Mbit/s (262.56 Mbit/s with framing)
[1;36m[Device: id=0] RX[0m: 0.0392 Mpps, 161.96 Mbit/s (168.24 Mbit/s with framing)
[0;34m[Device: id=1] TX[0m: 0.0603 Mpps, 252.95 Mbit/s (262.60 Mbit/s with framing)
[1;36m[Device: id=0] RX[0m: 0.0413 Mpps, 170.35 Mbit/s (176.95 Mbit/s with framing)
[0;34m[Device: id=1] TX[0m: 0.0586 Mpps, 245.66 Mbit/s (255.04 Mbit/s with framing)
[1;36m[Device: id=0] RX[0m: 0.0412 Mpps, 170.11 Mbit/s (176.71 Mbit/s with framing)
[0;34m[Device: id=1] TX[0m: 0.0603 Mpps, 252.91 Mbit/s (262.56 Mbit/s with framing)
[1;36m[Device: id=0] RX[0m: 0.0420 Mpps, 173.19 Mbit/s (179.90 Mbit/s with framing)
[0;34m[Device: id=1] TX[0m: 0.0603 Mpps, 252.57 Mbit/s (262.21 Mbit/s with framing)
[1;36m[Device: id=0] RX[0m: 0.0393 Mpps, 162.29 Mbit/s (168.58 Mbit/s with framing)
[0;34m[Device: id=1] TX[0m: 0.0603 Mpps, 252.73 Mbit/s (262.37 Mbit/s with framing)
[1;36m[Device: id=0] RX[0m: 0.0447 Mpps, 184.51 Mbit/s (191.66 Mbit/s with framing)
[0;34m[Device: id=1] TX[0m: 0.0607 Mpps, 254.32 Mbit/s (264.03 Mbit/s with framing)
[1;36m[Device: id=0] RX[0m: 0.0406 Mpps, 167.72 Mbit/s (174.22 Mbit/s with framing)
[0;34m[Device: id=1] TX[0m: 0.0600 Mpps, 251.38 Mbit/s (260.98 Mbit/s with framing)
[1;36m[Device: id=0] RX[0m: 0.0414 Mpps, 170.96 Mbit/s (177.58 Mbit/s with framing)
[0;34m[Device: id=1] TX[0m: 0.0572 Mpps, 239.82 Mbit/s (248.97 Mbit/s with framing)
[1;36m[Device: id=0] RX[0m: 0.0404 Mpps, 166.79 Mbit/s (173.25 Mbit/s with framing)
27
[0;34m[Device: id=1] TX[0m: 0.0555 Mpps, 232.55 Mbit/s (241.43 Mbit/s with framing)
[1;36m[Device: id=0] RX[0m: 0.0019 Mpps, 7.89 Mbit/s (8.20 Mbit/s with framing)
[0;34m[Device: id=1] TX[0m: 0.0000 Mpps, 0.00 Mbit/s (0.00 Mbit/s with framing)
1800000
[1;36m[Device: id=0] RX[0m: 0.0401 (StdDev 0.0075) Mpps, 165.36 (StdDev 31) Mbit/s (171.77 Mbit/s with framing), total 1237646 packets with 638625336 bytes (incl. CRC)
[0;34m[Device: id=1] TX[0m: 0.0578 (StdDev 0.0110) Mpps, 242.15 (StdDev 46) Mbit/s (251.39 Mbit/s with framing), total 1800000 packets with 943200000 bytes (incl. CRC)
