[1;37m[INFO]  Initializing DPDK. This will take a few seconds...[0m
EAL: Probing VFIO support...
EAL: WARNING: cpu flags constant_tsc=yes nonstop_tsc=no -> using unreliable clock cycles !
EAL: PCI device 0000:00:03.0 on NUMA socket -1
EAL:   Invalid NUMA socket, default to 0
EAL:   probe driver: 1af4:1000 net_virtio
EAL: PCI device 0000:00:04.0 on NUMA socket -1
EAL:   Invalid NUMA socket, default to 0
EAL:   probe driver: 1af4:1000 net_virtio
EAL: PCI device 0000:00:05.0 on NUMA socket -1
EAL:   Invalid NUMA socket, default to 0
EAL:   probe driver: 1af4:1000 net_virtio
[1;37m[INFO]  Found 2 usable devices:[0m
   Device 0: 52:54:00:C9:E4:6A ([0;32mRed Hat, Inc Virtio network device[0m)
   Device 1: 52:54:00:47:12:15 ([0;32mRed Hat, Inc Virtio network device[0m)
[1;37m[INFO]  Waiting for devices to come up...[0m
[1;37m[INFO]  Device 1 (52:54:00:47:12:15) is up: 10000 MBit/s[0m
[1;37m[INFO]  Device 0 (52:54:00:C9:E4:6A) is up: 10000 MBit/s[0m
[1;37m[INFO]  [0;32m2 devices are up.[0m[0m
[1;37m[INFO]  Trying to enable rx timestamping of all packets, this isn't supported by most nics[0m
[0;34m[Device: id=1] TX[0m: 0.2190 Mpps, 133.12 Mbit/s (168.16 Mbit/s with framing)
[1;36m[Device: id=0] RX[0m: 0.1050 Mpps, 57.13 Mbit/s (73.93 Mbit/s with framing)
[1;36m[Device: id=0] RX[0m: 0.1190 Mpps, 64.74 Mbit/s (83.78 Mbit/s with framing)
[0;34m[Device: id=1] TX[0m: 0.2584 Mpps, 157.10 Mbit/s (198.44 Mbit/s with framing)
[1;36m[Device: id=0] RX[0m: 0.0988 Mpps, 53.76 Mbit/s (69.58 Mbit/s with framing)
[0;34m[Device: id=1] TX[0m: 0.2205 Mpps, 134.05 Mbit/s (169.33 Mbit/s with framing)
[1;36m[Device: id=0] RX[0m: 0.1289 Mpps, 70.12 Mbit/s (90.74 Mbit/s with framing)
[0;34m[Device: id=1] TX[0m: 0.2450 Mpps, 148.94 Mbit/s (188.14 Mbit/s with framing)
[1;36m[Device: id=0] RX[0m: 0.1191 Mpps, 64.78 Mbit/s (83.83 Mbit/s with framing)
[0;34m[Device: id=1] TX[0m: 0.2507 Mpps, 152.42 Mbit/s (192.53 Mbit/s with framing)
[1;36m[Device: id=0] RX[0m: 0.1056 Mpps, 57.42 Mbit/s (74.31 Mbit/s with framing)
[0;34m[Device: id=1] TX[0m: 0.2324 Mpps, 141.31 Mbit/s (178.50 Mbit/s with framing)
[1;36m[Device: id=0] RX[0m: 0.0746 Mpps, 40.58 Mbit/s (52.51 Mbit/s with framing)
[0;34m[Device: id=1] TX[0m: 0.2495 Mpps, 151.67 Mbit/s (191.58 Mbit/s with framing)
[1;36m[Device: id=0] RX[0m: 0.0607 Mpps, 33.00 Mbit/s (42.71 Mbit/s with framing)
[0;34m[Device: id=1] TX[0m: 0.2393 Mpps, 145.51 Mbit/s (183.80 Mbit/s with framing)
[1;36m[Device: id=0] RX[0m: 0.0858 Mpps, 46.68 Mbit/s (60.41 Mbit/s with framing)
[0;34m[Device: id=1] TX[0m: 0.2396 Mpps, 145.67 Mbit/s (184.00 Mbit/s with framing)
[1;36m[Device: id=0] RX[0m: 0.0688 Mpps, 37.43 Mbit/s (48.44 Mbit/s with framing)
[0;34m[Device: id=1] TX[0m: 0.1794 Mpps, 109.05 Mbit/s (137.75 Mbit/s with framing)
[1;36m[Device: id=0] RX[0m: 0.0368 Mpps, 20.02 Mbit/s (25.91 Mbit/s with framing)
[0;34m[Device: id=1] TX[0m: 0.2961 Mpps, 180.01 Mbit/s (227.38 Mbit/s with framing)
[1;36m[Device: id=0] RX[0m: 0.0761 Mpps, 41.37 Mbit/s (53.54 Mbit/s with framing)
[0;34m[Device: id=1] TX[0m: 0.1638 Mpps, 99.58 Mbit/s (125.78 Mbit/s with framing)
[1;36m[Device: id=0] RX[0m: 0.0367 Mpps, 19.99 Mbit/s (25.87 Mbit/s with framing)
[0;34m[Device: id=1] TX[0m: 0.2054 Mpps, 124.86 Mbit/s (157.72 Mbit/s with framing)
[1;36m[Device: id=0] RX[0m: 0.1199 Mpps, 65.23 Mbit/s (84.42 Mbit/s with framing)
[0;34m[Device: id=1] TX[0m: 0.3446 Mpps, 209.52 Mbit/s (264.66 Mbit/s with framing)
[1;36m[Device: id=0] RX[0m: 0.0880 Mpps, 47.89 Mbit/s (61.98 Mbit/s with framing)
[0;34m[Device: id=1] TX[0m: 0.2508 Mpps, 152.49 Mbit/s (192.62 Mbit/s with framing)
[1;36m[Device: id=0] RX[0m: 0.0820 Mpps, 44.58 Mbit/s (57.69 Mbit/s with framing)
[0;34m[Device: id=1] TX[0m: 0.1172 Mpps, 71.25 Mbit/s (90.00 Mbit/s with framing)
[1;36m[Device: id=0] RX[0m: 0.0513 Mpps, 27.93 Mbit/s (36.14 Mbit/s with framing)
[0;34m[Device: id=1] TX[0m: 0.2866 Mpps, 174.24 Mbit/s (220.09 Mbit/s with framing)
[1;36m[Device: id=0] RX[0m: 0.0563 Mpps, 30.63 Mbit/s (39.64 Mbit/s with framing)
[0;34m[Device: id=1] TX[0m: 0.2272 Mpps, 138.11 Mbit/s (174.46 Mbit/s with framing)
[1;36m[Device: id=0] RX[0m: 0.0365 Mpps, 19.88 Mbit/s (25.73 Mbit/s with framing)
[0;34m[Device: id=1] TX[0m: 0.2981 Mpps, 181.27 Mbit/s (228.97 Mbit/s with framing)
[1;36m[Device: id=0] RX[0m: 0.0962 Mpps, 52.32 Mbit/s (67.71 Mbit/s with framing)
[0;34m[Device: id=1] TX[0m: 0.1636 Mpps, 99.48 Mbit/s (125.66 Mbit/s with framing)
[1;36m[Device: id=0] RX[0m: 0.0385 Mpps, 20.96 Mbit/s (27.12 Mbit/s with framing)
[0;34m[Device: id=1] TX[0m: 0.2662 Mpps, 161.84 Mbit/s (204.42 Mbit/s with framing)
[1;36m[Device: id=0] RX[0m: 0.0366 Mpps, 19.92 Mbit/s (25.78 Mbit/s with framing)
[0;34m[Device: id=1] TX[0m: 0.2861 Mpps, 173.94 Mbit/s (219.71 Mbit/s with framing)
[1;36m[Device: id=0] RX[0m: 0.0484 Mpps, 26.31 Mbit/s (34.05 Mbit/s with framing)
[0;34m[Device: id=1] TX[0m: 0.2692 Mpps, 163.65 Mbit/s (206.71 Mbit/s with framing)
[1;36m[Device: id=0] RX[0m: 0.0379 Mpps, 20.62 Mbit/s (26.69 Mbit/s with framing)
[0;34m[Device: id=1] TX[0m: 0.2060 Mpps, 125.22 Mbit/s (158.17 Mbit/s with framing)
[1;36m[Device: id=0] RX[0m: 0.0616 Mpps, 33.50 Mbit/s (43.36 Mbit/s with framing)
[0;34m[Device: id=1] TX[0m: 0.1786 Mpps, 108.56 Mbit/s (137.13 Mbit/s with framing)
[1;36m[Device: id=0] RX[0m: 0.0736 Mpps, 40.04 Mbit/s (51.82 Mbit/s with framing)
[0;34m[Device: id=1] TX[0m: 0.3295 Mpps, 200.37 Mbit/s (253.09 Mbit/s with framing)
[1;36m[Device: id=0] RX[0m: 0.0509 Mpps, 27.68 Mbit/s (35.83 Mbit/s with framing)
[0;34m[Device: id=1] TX[0m: 0.1399 Mpps, 85.03 Mbit/s (107.41 Mbit/s with framing)
[1;36m[Device: id=0] RX[0m: 0.0370 Mpps, 20.14 Mbit/s (26.06 Mbit/s with framing)
[0;34m[Device: id=1] TX[0m: 0.2783 Mpps, 169.20 Mbit/s (213.73 Mbit/s with framing)
[1;36m[Device: id=0] RX[0m: 0.0372 Mpps, 20.23 Mbit/s (26.18 Mbit/s with framing)
[0;34m[Device: id=1] TX[0m: 0.2925 Mpps, 177.87 Mbit/s (224.67 Mbit/s with framing)
[1;36m[Device: id=0] RX[0m: 0.0368 Mpps, 20.04 Mbit/s (25.94 Mbit/s with framing)
[0;34m[Device: id=1] TX[0m: 0.0478 Mpps, 29.09 Mbit/s (36.74 Mbit/s with framing)
45
[1;36m[Device: id=0] RX[0m: 0.0331 Mpps, 17.98 Mbit/s (23.27 Mbit/s with framing)
[0;34m[Device: id=1] TX[0m: 0.2114 Mpps, 128.55 Mbit/s (162.38 Mbit/s with framing)
[1;36m[Device: id=0] RX[0m: 0.0000 Mpps, 0.00 Mbit/s (0.00 Mbit/s with framing)
[0;34m[Device: id=1] TX[0m: 0.0000 Mpps, 0.00 Mbit/s (0.00 Mbit/s with framing)
7200000
[1;36m[Device: id=0] RX[0m: 0.0656 (StdDev 0.0323) Mpps, 35.67 (StdDev 18) Mbit/s (46.16 Mbit/s with framing), total 2137744 packets with 145366592 bytes (incl. CRC)
[0;34m[Device: id=1] TX[0m: 0.2249 (StdDev 0.0757) Mpps, 136.77 (StdDev 46) Mbit/s (172.76 Mbit/s with framing), total 7200000 packets with 547200000 bytes (incl. CRC)
