[1;37m[INFO]  Initializing DPDK. This will take a few seconds...[0m
EAL: Probing VFIO support...
EAL: WARNING: cpu flags constant_tsc=yes nonstop_tsc=no -> using unreliable clock cycles !
EAL: PCI device 0000:00:03.0 on NUMA socket -1
EAL:   Invalid NUMA socket, default to 0
EAL:   probe driver: 1af4:1000 net_virtio
EAL: PCI device 0000:00:04.0 on NUMA socket -1
EAL:   Invalid NUMA socket, default to 0
EAL:   probe driver: 1af4:1000 net_virtio
EAL: PCI device 0000:00:05.0 on NUMA socket -1
EAL:   Invalid NUMA socket, default to 0
EAL:   probe driver: 1af4:1000 net_virtio
[1;37m[INFO]  Found 2 usable devices:[0m
   Device 0: 52:54:00:C9:E4:6A ([0;32mRed Hat, Inc Virtio network device[0m)
   Device 1: 52:54:00:47:12:15 ([0;32mRed Hat, Inc Virtio network device[0m)
[1;37m[INFO]  Waiting for devices to come up...[0m
[1;37m[INFO]  Device 1 (52:54:00:47:12:15) is up: 10000 MBit/s[0m
[1;37m[INFO]  Device 0 (52:54:00:C9:E4:6A) is up: 10000 MBit/s[0m
[1;37m[INFO]  [0;32m2 devices are up.[0m[0m
[1;37m[INFO]  Trying to enable rx timestamping of all packets, this isn't supported by most nics[0m
[1;36m[Device: id=0] RX[0m: 0.0426 Mpps, 350.55 Mbit/s (357.37 Mbit/s with framing)
[0;34m[Device: id=1] TX[0m: 0.0703 Mpps, 582.24 Mbit/s (593.48 Mbit/s with framing)
[0;34m[Device: id=1] TX[0m: 0.0698 Mpps, 578.84 Mbit/s (590.02 Mbit/s with framing)
[1;36m[Device: id=0] RX[0m: 0.0407 Mpps, 335.02 Mbit/s (341.54 Mbit/s with framing)
[1;36m[Device: id=0] RX[0m: 0.0390 Mpps, 321.08 Mbit/s (327.33 Mbit/s with framing)
[0;34m[Device: id=1] TX[0m: 0.0701 Mpps, 580.81 Mbit/s (592.02 Mbit/s with framing)
[1;36m[Device: id=0] RX[0m: 0.0391 Mpps, 321.24 Mbit/s (327.49 Mbit/s with framing)
[0;34m[Device: id=1] TX[0m: 0.0699 Mpps, 579.03 Mbit/s (590.21 Mbit/s with framing)
[1;36m[Device: id=0] RX[0m: 0.0402 Mpps, 330.70 Mbit/s (337.14 Mbit/s with framing)
[0;34m[Device: id=1] TX[0m: 0.0633 Mpps, 524.28 Mbit/s (534.40 Mbit/s with framing)
[1;36m[Device: id=0] RX[0m: 0.0391 Mpps, 321.67 Mbit/s (327.93 Mbit/s with framing)
[0;34m[Device: id=1] TX[0m: 0.0679 Mpps, 562.63 Mbit/s (573.49 Mbit/s with framing)
[1;36m[Device: id=0] RX[0m: 0.0408 Mpps, 335.87 Mbit/s (342.41 Mbit/s with framing)
[0;34m[Device: id=1] TX[0m: 0.0710 Mpps, 588.08 Mbit/s (599.43 Mbit/s with framing)
[1;36m[Device: id=0] RX[0m: 0.0386 Mpps, 317.50 Mbit/s (323.68 Mbit/s with framing)
[0;34m[Device: id=1] TX[0m: 0.0753 Mpps, 623.99 Mbit/s (636.04 Mbit/s with framing)
[1;36m[Device: id=0] RX[0m: 0.0384 Mpps, 316.15 Mbit/s (322.30 Mbit/s with framing)
[0;34m[Device: id=1] TX[0m: 0.0704 Mpps, 583.34 Mbit/s (594.60 Mbit/s with framing)
[1;36m[Device: id=0] RX[0m: 0.0387 Mpps, 318.35 Mbit/s (324.54 Mbit/s with framing)
[0;34m[Device: id=1] TX[0m: 0.0704 Mpps, 583.49 Mbit/s (594.75 Mbit/s with framing)
[1;36m[Device: id=0] RX[0m: 0.0388 Mpps, 319.19 Mbit/s (325.40 Mbit/s with framing)
[0;34m[Device: id=1] TX[0m: 0.0627 Mpps, 520.07 Mbit/s (530.11 Mbit/s with framing)
[1;36m[Device: id=0] RX[0m: 0.0389 Mpps, 320.08 Mbit/s (326.30 Mbit/s with framing)
[0;34m[Device: id=1] TX[0m: 0.0698 Mpps, 578.66 Mbit/s (589.83 Mbit/s with framing)
[1;36m[Device: id=0] RX[0m: 0.0390 Mpps, 320.84 Mbit/s (327.08 Mbit/s with framing)
[0;34m[Device: id=1] TX[0m: 0.0748 Mpps, 620.04 Mbit/s (632.01 Mbit/s with framing)
[1;36m[Device: id=0] RX[0m: 0.0390 Mpps, 320.63 Mbit/s (326.87 Mbit/s with framing)
[0;34m[Device: id=1] TX[0m: 0.0718 Mpps, 595.08 Mbit/s (606.57 Mbit/s with framing)
[1;36m[Device: id=0] RX[0m: 0.0398 Mpps, 327.34 Mbit/s (333.71 Mbit/s with framing)
[0;34m[Device: id=1] TX[0m: 0.0627 Mpps, 520.02 Mbit/s (530.06 Mbit/s with framing)
[1;36m[Device: id=0] RX[0m: 0.0453 Mpps, 372.30 Mbit/s (379.54 Mbit/s with framing)
[0;34m[Device: id=1] TX[0m: 0.0766 Mpps, 635.14 Mbit/s (647.40 Mbit/s with framing)
[1;36m[Device: id=0] RX[0m: 0.0392 Mpps, 322.20 Mbit/s (328.47 Mbit/s with framing)
[0;34m[Device: id=1] TX[0m: 0.0690 Mpps, 571.92 Mbit/s (582.96 Mbit/s with framing)
[1;36m[Device: id=0] RX[0m: 0.0390 Mpps, 320.90 Mbit/s (327.14 Mbit/s with framing)
[0;34m[Device: id=1] TX[0m: 0.0473 Mpps, 392.02 Mbit/s (399.59 Mbit/s with framing)
[1;36m[Device: id=0] RX[0m: 0.0389 Mpps, 319.98 Mbit/s (326.21 Mbit/s with framing)
[0;34m[Device: id=1] TX[0m: 0.0950 Mpps, 787.22 Mbit/s (802.42 Mbit/s with framing)
[1;36m[Device: id=0] RX[0m: 0.0392 Mpps, 322.46 Mbit/s (328.73 Mbit/s with framing)
[0;34m[Device: id=1] TX[0m: 0.0705 Mpps, 584.11 Mbit/s (595.39 Mbit/s with framing)
[1;36m[Device: id=0] RX[0m: 0.0390 Mpps, 320.81 Mbit/s (327.05 Mbit/s with framing)
[0;34m[Device: id=1] TX[0m: 0.0473 Mpps, 392.27 Mbit/s (399.84 Mbit/s with framing)
[1;36m[Device: id=0] RX[0m: 0.0391 Mpps, 321.28 Mbit/s (327.53 Mbit/s with framing)
[0;34m[Device: id=1] TX[0m: 0.0896 Mpps, 742.31 Mbit/s (756.64 Mbit/s with framing)
[1;36m[Device: id=0] RX[0m: 0.0391 Mpps, 321.29 Mbit/s (327.54 Mbit/s with framing)
[0;34m[Device: id=1] TX[0m: 0.0473 Mpps, 391.70 Mbit/s (399.26 Mbit/s with framing)
[1;36m[Device: id=0] RX[0m: 0.0392 Mpps, 322.05 Mbit/s (328.32 Mbit/s with framing)
[0;34m[Device: id=1] TX[0m: 0.0883 Mpps, 732.13 Mbit/s (746.27 Mbit/s with framing)
[1;36m[Device: id=0] RX[0m: 0.0390 Mpps, 320.35 Mbit/s (326.59 Mbit/s with framing)
[0;34m[Device: id=1] TX[0m: 0.0471 Mpps, 390.06 Mbit/s (397.59 Mbit/s with framing)
[1;36m[Device: id=0] RX[0m: 0.0393 Mpps, 323.02 Mbit/s (329.31 Mbit/s with framing)
[0;34m[Device: id=1] TX[0m: 0.0803 Mpps, 665.47 Mbit/s (678.32 Mbit/s with framing)
[1;36m[Device: id=0] RX[0m: 0.0435 Mpps, 357.67 Mbit/s (364.63 Mbit/s with framing)
[0;34m[Device: id=1] TX[0m: 0.0884 Mpps, 732.89 Mbit/s (747.04 Mbit/s with framing)
[1;36m[Device: id=0] RX[0m: 0.0391 Mpps, 321.44 Mbit/s (327.70 Mbit/s with framing)
[0;34m[Device: id=1] TX[0m: 0.0474 Mpps, 392.83 Mbit/s (400.41 Mbit/s with framing)
[1;36m[Device: id=0] RX[0m: 0.0398 Mpps, 327.01 Mbit/s (333.37 Mbit/s with framing)
[0;34m[Device: id=1] TX[0m: 0.0951 Mpps, 788.33 Mbit/s (803.55 Mbit/s with framing)
[1;36m[Device: id=0] RX[0m: 0.0577 Mpps, 474.60 Mbit/s (483.83 Mbit/s with framing)
21
[0;34m[Device: id=1] TX[0m: 0.0612 Mpps, 507.15 Mbit/s (516.94 Mbit/s with framing)
[1;36m[Device: id=0] RX[0m: 0.0091 Mpps, 75.24 Mbit/s (76.70 Mbit/s with framing)
[0;34m[Device: id=1] TX[0m: 0.0000 Mpps, 0.00 Mbit/s (0.00 Mbit/s with framing)
2100000
[1;36m[Device: id=0] RX[0m: 0.0392 (StdDev 0.0067) Mpps, 322.28 (StdDev 55) Mbit/s (328.55 Mbit/s with framing), total 1218261 packets with 1252372308 bytes (incl. CRC)
[0;34m[Device: id=1] TX[0m: 0.0673 (StdDev 0.0186) Mpps, 558.13 (StdDev 154) Mbit/s (568.91 Mbit/s with framing), total 2100000 packets with 2175600000 bytes (incl. CRC)
