[1;37m[INFO]  Initializing DPDK. This will take a few seconds...[0m
EAL: Probing VFIO support...
EAL: WARNING: cpu flags constant_tsc=yes nonstop_tsc=no -> using unreliable clock cycles !
EAL: PCI device 0000:00:03.0 on NUMA socket -1
EAL:   Invalid NUMA socket, default to 0
EAL:   probe driver: 1af4:1000 net_virtio
EAL: PCI device 0000:00:04.0 on NUMA socket -1
EAL:   Invalid NUMA socket, default to 0
EAL:   probe driver: 1af4:1000 net_virtio
EAL: PCI device 0000:00:05.0 on NUMA socket -1
EAL:   Invalid NUMA socket, default to 0
EAL:   probe driver: 1af4:1000 net_virtio
[1;37m[INFO]  Found 2 usable devices:[0m
   Device 0: 52:54:00:C9:E4:6A ([0;32mRed Hat, Inc Virtio network device[0m)
   Device 1: 52:54:00:47:12:15 ([0;32mRed Hat, Inc Virtio network device[0m)
[1;37m[INFO]  Waiting for devices to come up...[0m
[1;37m[INFO]  Device 1 (52:54:00:47:12:15) is up: 10000 MBit/s[0m
[1;37m[INFO]  Device 0 (52:54:00:C9:E4:6A) is up: 10000 MBit/s[0m
[1;37m[INFO]  [0;32m2 devices are up.[0m[0m
[1;37m[INFO]  Trying to enable rx timestamping of all packets, this isn't supported by most nics[0m
[0;34m[Device: id=1] TX[0m: 0.1736 Mpps, 105.57 Mbit/s (133.36 Mbit/s with framing)
[1;36m[Device: id=0] RX[0m: 0.0340 Mpps, 18.48 Mbit/s (23.92 Mbit/s with framing)
[0;34m[Device: id=1] TX[0m: 0.3505 Mpps, 213.13 Mbit/s (269.22 Mbit/s with framing)
[1;36m[Device: id=0] RX[0m: 0.0388 Mpps, 21.12 Mbit/s (27.33 Mbit/s with framing)
[0;34m[Device: id=1] TX[0m: 0.3013 Mpps, 183.22 Mbit/s (231.43 Mbit/s with framing)
[1;36m[Device: id=0] RX[0m: 0.0373 Mpps, 20.28 Mbit/s (26.25 Mbit/s with framing)
[0;34m[Device: id=1] TX[0m: 0.2947 Mpps, 179.20 Mbit/s (226.35 Mbit/s with framing)
[1;36m[Device: id=0] RX[0m: 0.0371 Mpps, 20.16 Mbit/s (26.08 Mbit/s with framing)
[1;36m[Device: id=0] RX[0m: 0.0368 Mpps, 20.03 Mbit/s (25.93 Mbit/s with framing)
[0;34m[Device: id=1] TX[0m: 0.2877 Mpps, 174.94 Mbit/s (220.98 Mbit/s with framing)
[1;36m[Device: id=0] RX[0m: 0.0371 Mpps, 20.19 Mbit/s (26.12 Mbit/s with framing)
[0;34m[Device: id=1] TX[0m: 0.2671 Mpps, 162.38 Mbit/s (205.12 Mbit/s with framing)
[1;36m[Device: id=0] RX[0m: 0.0369 Mpps, 20.10 Mbit/s (26.01 Mbit/s with framing)
[0;34m[Device: id=1] TX[0m: 0.3075 Mpps, 186.96 Mbit/s (236.16 Mbit/s with framing)
[1;36m[Device: id=0] RX[0m: 0.0370 Mpps, 20.10 Mbit/s (26.02 Mbit/s with framing)
[0;34m[Device: id=1] TX[0m: 0.2684 Mpps, 163.17 Mbit/s (206.11 Mbit/s with framing)
[1;36m[Device: id=0] RX[0m: 0.0368 Mpps, 20.04 Mbit/s (25.93 Mbit/s with framing)
[0;34m[Device: id=1] TX[0m: 0.2226 Mpps, 135.34 Mbit/s (170.96 Mbit/s with framing)
[1;36m[Device: id=0] RX[0m: 0.0372 Mpps, 20.25 Mbit/s (26.21 Mbit/s with framing)
[0;34m[Device: id=1] TX[0m: 0.3832 Mpps, 232.98 Mbit/s (294.29 Mbit/s with framing)
[1;36m[Device: id=0] RX[0m: 0.0369 Mpps, 20.05 Mbit/s (25.94 Mbit/s with framing)
[0;34m[Device: id=1] TX[0m: 0.3075 Mpps, 186.99 Mbit/s (236.19 Mbit/s with framing)
[1;36m[Device: id=0] RX[0m: 0.0724 Mpps, 39.37 Mbit/s (50.94 Mbit/s with framing)
[0;34m[Device: id=1] TX[0m: 0.2183 Mpps, 132.72 Mbit/s (167.65 Mbit/s with framing)
[1;36m[Device: id=0] RX[0m: 0.0502 Mpps, 27.29 Mbit/s (35.32 Mbit/s with framing)
[0;34m[Device: id=1] TX[0m: 0.2591 Mpps, 157.51 Mbit/s (198.96 Mbit/s with framing)
[1;36m[Device: id=0] RX[0m: 0.0987 Mpps, 53.69 Mbit/s (69.48 Mbit/s with framing)
[0;34m[Device: id=1] TX[0m: 0.3914 Mpps, 237.98 Mbit/s (300.61 Mbit/s with framing)
[1;36m[Device: id=0] RX[0m: 0.0695 Mpps, 37.80 Mbit/s (48.92 Mbit/s with framing)
[0;34m[Device: id=1] TX[0m: 0.3053 Mpps, 185.60 Mbit/s (234.44 Mbit/s with framing)
[1;36m[Device: id=0] RX[0m: 0.0511 Mpps, 27.77 Mbit/s (35.94 Mbit/s with framing)
[0;34m[Device: id=1] TX[0m: 0.2869 Mpps, 174.41 Mbit/s (220.31 Mbit/s with framing)
[1;36m[Device: id=0] RX[0m: 0.0375 Mpps, 20.39 Mbit/s (26.39 Mbit/s with framing)
[0;34m[Device: id=1] TX[0m: 0.2523 Mpps, 153.42 Mbit/s (193.79 Mbit/s with framing)
[1;36m[Device: id=0] RX[0m: 0.0532 Mpps, 28.92 Mbit/s (37.42 Mbit/s with framing)
[0;34m[Device: id=1] TX[0m: 0.3174 Mpps, 192.95 Mbit/s (243.73 Mbit/s with framing)
[1;36m[Device: id=0] RX[0m: 0.0359 Mpps, 19.52 Mbit/s (25.27 Mbit/s with framing)
[0;34m[Device: id=1] TX[0m: 0.2717 Mpps, 165.22 Mbit/s (208.69 Mbit/s with framing)
[1;36m[Device: id=0] RX[0m: 0.0556 Mpps, 30.27 Mbit/s (39.17 Mbit/s with framing)
[0;34m[Device: id=1] TX[0m: 0.3114 Mpps, 189.31 Mbit/s (239.12 Mbit/s with framing)
[1;36m[Device: id=0] RX[0m: 0.0370 Mpps, 20.13 Mbit/s (26.05 Mbit/s with framing)
[0;34m[Device: id=1] TX[0m: 0.2791 Mpps, 169.69 Mbit/s (214.35 Mbit/s with framing)
[1;36m[Device: id=0] RX[0m: 0.0484 Mpps, 26.31 Mbit/s (34.05 Mbit/s with framing)
[0;34m[Device: id=1] TX[0m: 0.2895 Mpps, 176.04 Mbit/s (222.36 Mbit/s with framing)
[1;36m[Device: id=0] RX[0m: 0.0367 Mpps, 19.97 Mbit/s (25.84 Mbit/s with framing)
[0;34m[Device: id=1] TX[0m: 0.3125 Mpps, 189.98 Mbit/s (239.98 Mbit/s with framing)
[1;36m[Device: id=0] RX[0m: 0.0640 Mpps, 34.80 Mbit/s (45.03 Mbit/s with framing)
[0;34m[Device: id=1] TX[0m: 0.1435 Mpps, 87.23 Mbit/s (110.19 Mbit/s with framing)
[1;36m[Device: id=0] RX[0m: 0.0365 Mpps, 19.85 Mbit/s (25.69 Mbit/s with framing)
[0;34m[Device: id=1] TX[0m: 0.3891 Mpps, 236.58 Mbit/s (298.84 Mbit/s with framing)
[1;36m[Device: id=0] RX[0m: 0.1104 Mpps, 60.05 Mbit/s (77.71 Mbit/s with framing)
[0;34m[Device: id=1] TX[0m: 0.1956 Mpps, 118.95 Mbit/s (150.26 Mbit/s with framing)
[1;36m[Device: id=0] RX[0m: 0.0368 Mpps, 20.03 Mbit/s (25.92 Mbit/s with framing)
[0;34m[Device: id=1] TX[0m: 0.3234 Mpps, 196.64 Mbit/s (248.39 Mbit/s with framing)
[1;36m[Device: id=0] RX[0m: 0.0409 Mpps, 22.27 Mbit/s (28.81 Mbit/s with framing)
[0;34m[Device: id=1] TX[0m: 0.2496 Mpps, 151.77 Mbit/s (191.70 Mbit/s with framing)
[1;36m[Device: id=0] RX[0m: 0.0370 Mpps, 20.15 Mbit/s (26.07 Mbit/s with framing)
[0;34m[Device: id=1] TX[0m: 0.4160 Mpps, 252.91 Mbit/s (319.47 Mbit/s with framing)
[1;36m[Device: id=0] RX[0m: 0.0472 Mpps, 25.65 Mbit/s (33.20 Mbit/s with framing)
[0;34m[Device: id=1] TX[0m: 0.2793 Mpps, 169.80 Mbit/s (214.48 Mbit/s with framing)
15
[1;36m[Device: id=0] RX[0m: 0.0144 Mpps, 7.81 Mbit/s (10.10 Mbit/s with framing)
[0;34m[Device: id=1] TX[0m: 0.0129 Mpps, 7.84 Mbit/s (9.91 Mbit/s with framing)
8700000
[1;36m[Device: id=0] RX[0m: 0.0468 (StdDev 0.0195) Mpps, 25.48 (StdDev 11) Mbit/s (32.97 Mbit/s with framing), total 1439026 packets with 97853768 bytes (incl. CRC)
[0;34m[Device: id=1] TX[0m: 0.2832 (StdDev 0.0773) Mpps, 172.16 (StdDev 47) Mbit/s (217.47 Mbit/s with framing), total 8700000 packets with 661200000 bytes (incl. CRC)
