[1;37m[INFO]  Initializing DPDK. This will take a few seconds...[0m
EAL: Probing VFIO support...
EAL: PCI device 0000:04:00.0 on NUMA socket 0
EAL:   probe driver: 8086:15ac net_ixgbe
EAL: PCI device 0000:04:00.1 on NUMA socket 0
EAL:   probe driver: 8086:15ac net_ixgbe
EAL: PCI device 0000:07:00.0 on NUMA socket 0
EAL:   probe driver: 8086:1533 net_e1000_igb
EAL: PCI device 0000:08:00.0 on NUMA socket 0
EAL:   probe driver: 8086:1533 net_e1000_igb
EAL: PCI device 0000:0b:00.0 on NUMA socket 0
EAL:   probe driver: 8086:1521 net_e1000_igb
EAL: PCI device 0000:0b:00.1 on NUMA socket 0
EAL:   probe driver: 8086:1521 net_e1000_igb
EAL: PCI device 0000:0b:00.2 on NUMA socket 0
EAL:   probe driver: 8086:1521 net_e1000_igb
EAL: PCI device 0000:0b:00.3 on NUMA socket 0
EAL:   probe driver: 8086:1521 net_e1000_igb
[1;37m[INFO]  Found 7 usable devices:[0m
   Device 0: AC:1F:6B:7C:8B:0E ([0;32mIntel Corporation Ethernet Connection X552 10 GbE SFP+[0m)
   Device 1: AC:1F:6B:7C:8B:0F ([0;32mIntel Corporation Ethernet Connection X552 10 GbE SFP+[0m)
   Device 2: AC:1F:6B:7C:86:4F ([0;32mIntel Corporation I210 Gigabit Network Connection[0m)
   Device 3: AC:1F:6B:7C:86:50 ([0;32mIntel Corporation I350 Gigabit Network Connection[0m)
   Device 4: AC:1F:6B:7C:86:51 ([0;32mIntel Corporation I350 Gigabit Network Connection[0m)
   Device 5: AC:1F:6B:7C:86:52 ([0;32mIntel Corporation I350 Gigabit Network Connection[0m)
   Device 6: AC:1F:6B:7C:86:53 ([0;32mIntel Corporation I350 Gigabit Network Connection[0m)
PMD: ixgbe_dev_link_status_print(): Port 1: Link Up - speed 0 Mbps - half-duplex
PMD: ixgbe_dev_link_status_print(): Port 0: Link Up - speed 0 Mbps - half-duplex
[1;37m[INFO]  Waiting for devices to come up...[0m
[1;37m[INFO]  Device 0 (AC:1F:6B:7C:8B:0E) is up: 10000 MBit/s[0m
[1;37m[INFO]  Device 1 (AC:1F:6B:7C:8B:0F) is up: 10000 MBit/s[0m
[1;37m[INFO]  [0;32m2 devices are up.[0m[0m
[1;36m[Device: id=1] RX[0m: 4.53 Mpps, 9276 Mbit/s (10001 Mbit/s with framing)
[1;36m[Device: id=0] RX[0m: 0.00 Mpps, 0 Mbit/s (0 Mbit/s with framing)
[0;34m[Device: id=1] TX[0m: 0.00 Mpps, 0 Mbit/s (0 Mbit/s with framing)
[0;34m[Device: id=0] TX[0m: 4.50 Mpps, 9213 Mbit/s (9932 Mbit/s with framing)
[1;36m[Device: id=1] RX[0m: 4.53 Mpps, 9275 Mbit/s (10001 Mbit/s with framing)
[1;36m[Device: id=0] RX[0m: 0.00 Mpps, 0 Mbit/s (0 Mbit/s with framing)
[0;34m[Device: id=1] TX[0m: 0.00 Mpps, 0 Mbit/s (0 Mbit/s with framing)
[0;34m[Device: id=0] TX[0m: 4.53 Mpps, 9275 Mbit/s (10000 Mbit/s with framing)
[1;36m[Device: id=1] RX[0m: 4.53 Mpps, 9275 Mbit/s (10001 Mbit/s with framing)
[1;36m[Device: id=0] RX[0m: 0.00 Mpps, 0 Mbit/s (0 Mbit/s with framing)
[0;34m[Device: id=1] TX[0m: 0.00 Mpps, 0 Mbit/s (0 Mbit/s with framing)
[0;34m[Device: id=0] TX[0m: 4.53 Mpps, 9275 Mbit/s (10001 Mbit/s with framing)
[1;36m[Device: id=1] RX[0m: 4.53 Mpps, 9275 Mbit/s (10000 Mbit/s with framing)
[1;36m[Device: id=0] RX[0m: 0.00 Mpps, 0 Mbit/s (0 Mbit/s with framing)
[0;34m[Device: id=1] TX[0m: 0.00 Mpps, 0 Mbit/s (0 Mbit/s with framing)
[0;34m[Device: id=0] TX[0m: 4.53 Mpps, 9275 Mbit/s (10000 Mbit/s with framing)
[1;36m[Device: id=1] RX[0m: 4.53 Mpps, 9275 Mbit/s (10001 Mbit/s with framing)
[1;36m[Device: id=0] RX[0m: 0.00 Mpps, 0 Mbit/s (0 Mbit/s with framing)
[0;34m[Device: id=1] TX[0m: 0.00 Mpps, 0 Mbit/s (0 Mbit/s with framing)
[0;34m[Device: id=0] TX[0m: 4.53 Mpps, 9275 Mbit/s (10001 Mbit/s with framing)
[1;36m[Device: id=1] RX[0m: 4.53 Mpps, 9275 Mbit/s (10000 Mbit/s with framing)
[1;36m[Device: id=0] RX[0m: 0.00 Mpps, 0 Mbit/s (0 Mbit/s with framing)
[0;34m[Device: id=1] TX[0m: 0.00 Mpps, 0 Mbit/s (0 Mbit/s with framing)
[0;34m[Device: id=0] TX[0m: 4.53 Mpps, 9276 Mbit/s (10001 Mbit/s with framing)
[1;36m[Device: id=1] RX[0m: 4.53 Mpps, 9275 Mbit/s (10001 Mbit/s with framing)
[1;36m[Device: id=0] RX[0m: 0.00 Mpps, 0 Mbit/s (0 Mbit/s with framing)
[0;34m[Device: id=1] TX[0m: 0.00 Mpps, 0 Mbit/s (0 Mbit/s with framing)
[0;34m[Device: id=0] TX[0m: 4.53 Mpps, 9274 Mbit/s (9999 Mbit/s with framing)
[1;36m[Device: id=1] RX[0m: 4.53 Mpps, 9275 Mbit/s (10001 Mbit/s with framing)
[1;36m[Device: id=0] RX[0m: 0.00 Mpps, 0 Mbit/s (0 Mbit/s with framing)
[0;34m[Device: id=1] TX[0m: 0.00 Mpps, 0 Mbit/s (0 Mbit/s with framing)
[0;34m[Device: id=0] TX[0m: 4.53 Mpps, 9275 Mbit/s (10000 Mbit/s with framing)
[1;36m[Device: id=1] RX[0m: 4.53 Mpps, 9275 Mbit/s (10000 Mbit/s with framing)
[1;36m[Device: id=0] RX[0m: 0.00 Mpps, 0 Mbit/s (0 Mbit/s with framing)
[0;34m[Device: id=1] TX[0m: 0.00 Mpps, 0 Mbit/s (0 Mbit/s with framing)
[0;34m[Device: id=0] TX[0m: 4.53 Mpps, 9275 Mbit/s (10000 Mbit/s with framing)
[1;36m[Device: id=1] RX[0m: 4.53 Mpps, 9275 Mbit/s (10001 Mbit/s with framing)
[1;36m[Device: id=0] RX[0m: 0.00 Mpps, 0 Mbit/s (0 Mbit/s with framing)
[0;34m[Device: id=1] TX[0m: 0.00 Mpps, 0 Mbit/s (0 Mbit/s with framing)
[0;34m[Device: id=0] TX[0m: 4.53 Mpps, 9275 Mbit/s (10000 Mbit/s with framing)
[1;36m[Device: id=1] RX[0m: 4.53 Mpps, 9276 Mbit/s (10001 Mbit/s with framing)
[1;36m[Device: id=0] RX[0m: 0.00 Mpps, 0 Mbit/s (0 Mbit/s with framing)
[0;34m[Device: id=1] TX[0m: 0.00 Mpps, 0 Mbit/s (0 Mbit/s with framing)
[0;34m[Device: id=0] TX[0m: 4.53 Mpps, 9275 Mbit/s (10001 Mbit/s with framing)
[1;36m[Device: id=1] RX[0m: 4.53 Mpps, 9275 Mbit/s (10000 Mbit/s with framing)
[1;36m[Device: id=0] RX[0m: 0.00 Mpps, 0 Mbit/s (0 Mbit/s with framing)
[0;34m[Device: id=1] TX[0m: 0.00 Mpps, 0 Mbit/s (0 Mbit/s with framing)
[0;34m[Device: id=0] TX[0m: 4.53 Mpps, 9275 Mbit/s (10001 Mbit/s with framing)
[1;36m[Device: id=1] RX[0m: 4.53 Mpps, 9275 Mbit/s (10001 Mbit/s with framing)
[1;36m[Device: id=0] RX[0m: 0.00 Mpps, 0 Mbit/s (0 Mbit/s with framing)
[0;34m[Device: id=1] TX[0m: 0.00 Mpps, 0 Mbit/s (0 Mbit/s with framing)
[0;34m[Device: id=0] TX[0m: 4.53 Mpps, 9275 Mbit/s (10000 Mbit/s with framing)
[1;36m[Device: id=1] RX[0m: 4.53 Mpps, 9275 Mbit/s (10001 Mbit/s with framing)
[1;36m[Device: id=0] RX[0m: 0.00 Mpps, 0 Mbit/s (0 Mbit/s with framing)
[0;34m[Device: id=1] TX[0m: 0.00 Mpps, 0 Mbit/s (0 Mbit/s with framing)
[0;34m[Device: id=0] TX[0m: 4.53 Mpps, 9275 Mbit/s (10001 Mbit/s with framing)
[1;36m[Device: id=1] RX[0m: 4.53 Mpps, 9275 Mbit/s (10001 Mbit/s with framing)
[1;36m[Device: id=0] RX[0m: 0.00 Mpps, 0 Mbit/s (0 Mbit/s with framing)
[0;34m[Device: id=1] TX[0m: 0.00 Mpps, 0 Mbit/s (0 Mbit/s with framing)
[0;34m[Device: id=0] TX[0m: 4.53 Mpps, 9275 Mbit/s (10000 Mbit/s with framing)
[1;36m[Device: id=1] RX[0m: 4.53 Mpps, 9275 Mbit/s (10001 Mbit/s with framing)
[1;36m[Device: id=0] RX[0m: 0.00 Mpps, 0 Mbit/s (0 Mbit/s with framing)
[0;34m[Device: id=1] TX[0m: 0.00 Mpps, 0 Mbit/s (0 Mbit/s with framing)
[0;34m[Device: id=0] TX[0m: 4.53 Mpps, 9275 Mbit/s (10001 Mbit/s with framing)
[1;36m[Device: id=1] RX[0m: 4.53 Mpps, 9275 Mbit/s (10001 Mbit/s with framing)
[1;36m[Device: id=0] RX[0m: 0.00 Mpps, 0 Mbit/s (0 Mbit/s with framing)
[0;34m[Device: id=1] TX[0m: 0.00 Mpps, 0 Mbit/s (0 Mbit/s with framing)
[0;34m[Device: id=0] TX[0m: 4.53 Mpps, 9275 Mbit/s (10000 Mbit/s with framing)
[1;36m[Device: id=1] RX[0m: 4.53 Mpps, 9275 Mbit/s (10001 Mbit/s with framing)
[1;36m[Device: id=0] RX[0m: 0.00 Mpps, 0 Mbit/s (0 Mbit/s with framing)
[0;34m[Device: id=1] TX[0m: 0.00 Mpps, 0 Mbit/s (0 Mbit/s with framing)
[0;34m[Device: id=0] TX[0m: 4.53 Mpps, 9275 Mbit/s (10001 Mbit/s with framing)
[1;36m[Device: id=1] RX[0m: 4.53 Mpps, 9275 Mbit/s (10001 Mbit/s with framing)
[1;36m[Device: id=0] RX[0m: 0.00 Mpps, 0 Mbit/s (0 Mbit/s with framing)
[0;34m[Device: id=1] TX[0m: 0.00 Mpps, 0 Mbit/s (0 Mbit/s with framing)
[0;34m[Device: id=0] TX[0m: 4.53 Mpps, 9275 Mbit/s (10000 Mbit/s with framing)
[1;36m[Device: id=1] RX[0m: 4.53 Mpps, 9275 Mbit/s (10001 Mbit/s with framing)
[1;36m[Device: id=0] RX[0m: 0.00 Mpps, 0 Mbit/s (0 Mbit/s with framing)
[0;34m[Device: id=1] TX[0m: 0.00 Mpps, 0 Mbit/s (0 Mbit/s with framing)
[0;34m[Device: id=0] TX[0m: 4.53 Mpps, 9275 Mbit/s (10000 Mbit/s with framing)
[1;36m[Device: id=1] RX[0m: 4.53 Mpps, 9275 Mbit/s (10001 Mbit/s with framing)
[1;36m[Device: id=0] RX[0m: 0.00 Mpps, 0 Mbit/s (0 Mbit/s with framing)
[0;34m[Device: id=1] TX[0m: 0.00 Mpps, 0 Mbit/s (0 Mbit/s with framing)
[0;34m[Device: id=0] TX[0m: 4.53 Mpps, 9275 Mbit/s (10001 Mbit/s with framing)
[1;36m[Device: id=1] RX[0m: 3.61 Mpps, 7390 Mbit/s (7968 Mbit/s with framing)
[1;36m[Device: id=0] RX[0m: 0.00 Mpps, 0 Mbit/s (0 Mbit/s with framing)
[0;34m[Device: id=1] TX[0m: 0.00 Mpps, 0 Mbit/s (0 Mbit/s with framing)
[0;34m[Device: id=0] TX[0m: 3.38 Mpps, 6927 Mbit/s (7468 Mbit/s with framing)
[1;36m[Device: id=1] RX[0m: 0.00 Mpps, 0 Mbit/s (0 Mbit/s with framing)
[1;36m[Device: id=0] RX[0m: 0.00 Mpps, 0 Mbit/s (0 Mbit/s with framing)
[0;34m[Device: id=1] TX[0m: 0.00 Mpps, 0 Mbit/s (0 Mbit/s with framing)
[0;34m[Device: id=0] TX[0m: 0.00 Mpps, 0 Mbit/s (0 Mbit/s with framing)
[1;36m[Device: id=1] RX[0m: 0.00 Mpps, 0 Mbit/s (0 Mbit/s with framing)
[1;36m[Device: id=0] RX[0m: 0.00 Mpps, 0 Mbit/s (0 Mbit/s with framing)
[0;34m[Device: id=1] TX[0m: 0.00 Mpps, 0 Mbit/s (0 Mbit/s with framing)
[0;34m[Device: id=0] TX[0m: 0.00 Mpps, 0 Mbit/s (0 Mbit/s with framing)
