[1;37m[INFO]  Initializing DPDK. This will take a few seconds...[0m
EAL: Probing VFIO support...
EAL: PCI device 0000:04:00.0 on NUMA socket 0
EAL:   probe driver: 8086:15ac net_ixgbe
EAL: PCI device 0000:04:00.1 on NUMA socket 0
EAL:   probe driver: 8086:15ac net_ixgbe
EAL: PCI device 0000:07:00.0 on NUMA socket 0
EAL:   probe driver: 8086:1533 net_e1000_igb
EAL: PCI device 0000:08:00.0 on NUMA socket 0
EAL:   probe driver: 8086:1533 net_e1000_igb
EAL: PCI device 0000:0b:00.0 on NUMA socket 0
EAL:   probe driver: 8086:1521 net_e1000_igb
EAL: PCI device 0000:0b:00.1 on NUMA socket 0
EAL:   probe driver: 8086:1521 net_e1000_igb
EAL: PCI device 0000:0b:00.2 on NUMA socket 0
EAL:   probe driver: 8086:1521 net_e1000_igb
EAL: PCI device 0000:0b:00.3 on NUMA socket 0
EAL:   probe driver: 8086:1521 net_e1000_igb
[1;37m[INFO]  Found 7 usable devices:[0m
   Device 0: AC:1F:6B:7C:8B:0E ([0;32mIntel Corporation Ethernet Connection X552 10 GbE SFP+[0m)
   Device 1: AC:1F:6B:7C:8B:0F ([0;32mIntel Corporation Ethernet Connection X552 10 GbE SFP+[0m)
   Device 2: AC:1F:6B:7C:86:4F ([0;32mIntel Corporation I210 Gigabit Network Connection[0m)
   Device 3: AC:1F:6B:7C:86:50 ([0;32mIntel Corporation I350 Gigabit Network Connection[0m)
   Device 4: AC:1F:6B:7C:86:51 ([0;32mIntel Corporation I350 Gigabit Network Connection[0m)
   Device 5: AC:1F:6B:7C:86:52 ([0;32mIntel Corporation I350 Gigabit Network Connection[0m)
   Device 6: AC:1F:6B:7C:86:53 ([0;32mIntel Corporation I350 Gigabit Network Connection[0m)
PMD: ixgbe_dev_link_status_print():  Port 1: Link Down
PMD: ixgbe_dev_link_status_print():  Port 0: Link Down
[1;37m[INFO]  Waiting for devices to come up...[0m
[1;37m[INFO]  Device 1 (AC:1F:6B:7C:8B:0F) is up: 10000 MBit/s[0m
[1;37m[INFO]  Device 0 (AC:1F:6B:7C:8B:0E) is up: 10000 MBit/s[0m
[1;37m[INFO]  [0;32m2 devices are up.[0m[0m
[1;36m[Device: id=1] RX[0m: 14.88 Mpps, 7620 Mbit/s (10001 Mbit/s with framing)
[1;36m[Device: id=0] RX[0m: 0.00 Mpps, 0 Mbit/s (0 Mbit/s with framing)
[0;34m[Device: id=1] TX[0m: 0.00 Mpps, 0 Mbit/s (0 Mbit/s with framing)
[0;34m[Device: id=0] TX[0m: 6.71 Mpps, 3436 Mbit/s (4509 Mbit/s with framing)
[1;36m[Device: id=1] RX[0m: 14.88 Mpps, 7619 Mbit/s (10001 Mbit/s with framing)
[1;36m[Device: id=0] RX[0m: 0.00 Mpps, 0 Mbit/s (0 Mbit/s with framing)
[0;34m[Device: id=1] TX[0m: 0.00 Mpps, 0 Mbit/s (0 Mbit/s with framing)
[0;34m[Device: id=0] TX[0m: 6.95 Mpps, 3556 Mbit/s (4667 Mbit/s with framing)
[1;36m[Device: id=1] RX[0m: 14.88 Mpps, 7619 Mbit/s (10001 Mbit/s with framing)
[1;36m[Device: id=0] RX[0m: 0.00 Mpps, 0 Mbit/s (0 Mbit/s with framing)
[0;34m[Device: id=1] TX[0m: 0.00 Mpps, 0 Mbit/s (0 Mbit/s with framing)
[0;34m[Device: id=0] TX[0m: 6.75 Mpps, 3458 Mbit/s (4538 Mbit/s with framing)
[1;36m[Device: id=1] RX[0m: 14.88 Mpps, 7619 Mbit/s (10001 Mbit/s with framing)
[1;36m[Device: id=0] RX[0m: 0.00 Mpps, 0 Mbit/s (0 Mbit/s with framing)
[0;34m[Device: id=1] TX[0m: 0.00 Mpps, 0 Mbit/s (0 Mbit/s with framing)
[0;34m[Device: id=0] TX[0m: 6.75 Mpps, 3456 Mbit/s (4536 Mbit/s with framing)
[1;36m[Device: id=1] RX[0m: 14.88 Mpps, 7619 Mbit/s (10001 Mbit/s with framing)
[1;36m[Device: id=0] RX[0m: 0.00 Mpps, 0 Mbit/s (0 Mbit/s with framing)
[0;34m[Device: id=1] TX[0m: 0.00 Mpps, 0 Mbit/s (0 Mbit/s with framing)
[0;34m[Device: id=0] TX[0m: 6.74 Mpps, 3449 Mbit/s (4527 Mbit/s with framing)
[1;36m[Device: id=1] RX[0m: 14.88 Mpps, 7619 Mbit/s (10001 Mbit/s with framing)
[1;36m[Device: id=0] RX[0m: 0.00 Mpps, 0 Mbit/s (0 Mbit/s with framing)
[0;34m[Device: id=1] TX[0m: 0.00 Mpps, 0 Mbit/s (0 Mbit/s with framing)
[0;34m[Device: id=0] TX[0m: 6.73 Mpps, 3444 Mbit/s (4520 Mbit/s with framing)
[1;36m[Device: id=1] RX[0m: 14.88 Mpps, 7619 Mbit/s (10001 Mbit/s with framing)
[1;36m[Device: id=0] RX[0m: 0.00 Mpps, 0 Mbit/s (0 Mbit/s with framing)
[0;34m[Device: id=1] TX[0m: 0.00 Mpps, 0 Mbit/s (0 Mbit/s with framing)
[0;34m[Device: id=0] TX[0m: 6.72 Mpps, 3440 Mbit/s (4514 Mbit/s with framing)
[1;36m[Device: id=1] RX[0m: 14.88 Mpps, 7619 Mbit/s (10001 Mbit/s with framing)
[1;36m[Device: id=0] RX[0m: 0.00 Mpps, 0 Mbit/s (0 Mbit/s with framing)
[0;34m[Device: id=1] TX[0m: 0.00 Mpps, 0 Mbit/s (0 Mbit/s with framing)
[0;34m[Device: id=0] TX[0m: 6.72 Mpps, 3441 Mbit/s (4517 Mbit/s with framing)
[1;36m[Device: id=1] RX[0m: 14.88 Mpps, 7619 Mbit/s (10000 Mbit/s with framing)
[1;36m[Device: id=0] RX[0m: 0.00 Mpps, 0 Mbit/s (0 Mbit/s with framing)
[0;34m[Device: id=1] TX[0m: 0.00 Mpps, 0 Mbit/s (0 Mbit/s with framing)
[0;34m[Device: id=0] TX[0m: 6.76 Mpps, 3461 Mbit/s (4543 Mbit/s with framing)
[1;36m[Device: id=1] RX[0m: 14.88 Mpps, 7619 Mbit/s (10001 Mbit/s with framing)
[1;36m[Device: id=0] RX[0m: 0.00 Mpps, 0 Mbit/s (0 Mbit/s with framing)
[0;34m[Device: id=1] TX[0m: 0.00 Mpps, 0 Mbit/s (0 Mbit/s with framing)
[0;34m[Device: id=0] TX[0m: 6.75 Mpps, 3456 Mbit/s (4536 Mbit/s with framing)
[1;36m[Device: id=1] RX[0m: 14.88 Mpps, 7620 Mbit/s (10001 Mbit/s with framing)
[1;36m[Device: id=0] RX[0m: 0.00 Mpps, 0 Mbit/s (0 Mbit/s with framing)
[0;34m[Device: id=1] TX[0m: 0.00 Mpps, 0 Mbit/s (0 Mbit/s with framing)
[0;34m[Device: id=0] TX[0m: 6.74 Mpps, 3451 Mbit/s (4529 Mbit/s with framing)
[1;36m[Device: id=1] RX[0m: 14.88 Mpps, 7619 Mbit/s (10000 Mbit/s with framing)
[1;36m[Device: id=0] RX[0m: 0.00 Mpps, 0 Mbit/s (0 Mbit/s with framing)
[0;34m[Device: id=1] TX[0m: 0.00 Mpps, 0 Mbit/s (0 Mbit/s with framing)
[0;34m[Device: id=0] TX[0m: 6.73 Mpps, 3445 Mbit/s (4522 Mbit/s with framing)
[1;36m[Device: id=1] RX[0m: 14.88 Mpps, 7619 Mbit/s (10001 Mbit/s with framing)
[1;36m[Device: id=0] RX[0m: 0.00 Mpps, 0 Mbit/s (0 Mbit/s with framing)
[0;34m[Device: id=1] TX[0m: 0.00 Mpps, 0 Mbit/s (0 Mbit/s with framing)
[0;34m[Device: id=0] TX[0m: 6.72 Mpps, 3438 Mbit/s (4513 Mbit/s with framing)
[1;36m[Device: id=1] RX[0m: 14.88 Mpps, 7619 Mbit/s (10001 Mbit/s with framing)
[1;36m[Device: id=0] RX[0m: 0.00 Mpps, 0 Mbit/s (0 Mbit/s with framing)
[0;34m[Device: id=1] TX[0m: 0.00 Mpps, 0 Mbit/s (0 Mbit/s with framing)
[0;34m[Device: id=0] TX[0m: 6.72 Mpps, 3442 Mbit/s (4517 Mbit/s with framing)
[1;36m[Device: id=1] RX[0m: 14.88 Mpps, 7619 Mbit/s (10001 Mbit/s with framing)
[1;36m[Device: id=0] RX[0m: 0.00 Mpps, 0 Mbit/s (0 Mbit/s with framing)
[0;34m[Device: id=1] TX[0m: 0.00 Mpps, 0 Mbit/s (0 Mbit/s with framing)
[0;34m[Device: id=0] TX[0m: 6.75 Mpps, 3458 Mbit/s (4539 Mbit/s with framing)
[1;36m[Device: id=1] RX[0m: 14.88 Mpps, 7619 Mbit/s (10001 Mbit/s with framing)
[1;36m[Device: id=0] RX[0m: 0.00 Mpps, 0 Mbit/s (0 Mbit/s with framing)
[0;34m[Device: id=1] TX[0m: 0.00 Mpps, 0 Mbit/s (0 Mbit/s with framing)
[0;34m[Device: id=0] TX[0m: 6.75 Mpps, 3455 Mbit/s (4535 Mbit/s with framing)
[1;36m[Device: id=1] RX[0m: 14.88 Mpps, 7619 Mbit/s (10001 Mbit/s with framing)
[1;36m[Device: id=0] RX[0m: 0.00 Mpps, 0 Mbit/s (0 Mbit/s with framing)
[0;34m[Device: id=1] TX[0m: 0.00 Mpps, 0 Mbit/s (0 Mbit/s with framing)
[0;34m[Device: id=0] TX[0m: 6.73 Mpps, 3446 Mbit/s (4523 Mbit/s with framing)
[1;36m[Device: id=1] RX[0m: 14.88 Mpps, 7619 Mbit/s (10001 Mbit/s with framing)
[1;36m[Device: id=0] RX[0m: 0.00 Mpps, 0 Mbit/s (0 Mbit/s with framing)
[0;34m[Device: id=1] TX[0m: 0.00 Mpps, 0 Mbit/s (0 Mbit/s with framing)
[0;34m[Device: id=0] TX[0m: 6.72 Mpps, 3442 Mbit/s (4518 Mbit/s with framing)
[1;36m[Device: id=1] RX[0m: 14.88 Mpps, 7619 Mbit/s (10001 Mbit/s with framing)
[1;36m[Device: id=0] RX[0m: 0.00 Mpps, 0 Mbit/s (0 Mbit/s with framing)
[0;34m[Device: id=1] TX[0m: 0.00 Mpps, 0 Mbit/s (0 Mbit/s with framing)
[0;34m[Device: id=0] TX[0m: 6.72 Mpps, 3438 Mbit/s (4512 Mbit/s with framing)
[1;36m[Device: id=1] RX[0m: 14.88 Mpps, 7619 Mbit/s (10001 Mbit/s with framing)
[1;36m[Device: id=0] RX[0m: 0.00 Mpps, 0 Mbit/s (0 Mbit/s with framing)
[0;34m[Device: id=1] TX[0m: 0.00 Mpps, 0 Mbit/s (0 Mbit/s with framing)
[0;34m[Device: id=0] TX[0m: 6.72 Mpps, 3443 Mbit/s (4519 Mbit/s with framing)
[1;36m[Device: id=1] RX[0m: 14.88 Mpps, 7619 Mbit/s (10001 Mbit/s with framing)
[1;36m[Device: id=0] RX[0m: 0.00 Mpps, 0 Mbit/s (0 Mbit/s with framing)
[0;34m[Device: id=1] TX[0m: 0.00 Mpps, 0 Mbit/s (0 Mbit/s with framing)
[0;34m[Device: id=0] TX[0m: 6.76 Mpps, 3459 Mbit/s (4540 Mbit/s with framing)
[1;36m[Device: id=1] RX[0m: 14.88 Mpps, 7619 Mbit/s (10001 Mbit/s with framing)
[1;36m[Device: id=0] RX[0m: 0.00 Mpps, 0 Mbit/s (0 Mbit/s with framing)
[0;34m[Device: id=1] TX[0m: 0.00 Mpps, 0 Mbit/s (0 Mbit/s with framing)
[0;34m[Device: id=0] TX[0m: 6.75 Mpps, 3454 Mbit/s (4533 Mbit/s with framing)
[1;36m[Device: id=1] RX[0m: 14.88 Mpps, 7619 Mbit/s (10001 Mbit/s with framing)
[1;36m[Device: id=0] RX[0m: 0.00 Mpps, 0 Mbit/s (0 Mbit/s with framing)
[0;34m[Device: id=1] TX[0m: 0.00 Mpps, 0 Mbit/s (0 Mbit/s with framing)
[0;34m[Device: id=0] TX[0m: 6.71 Mpps, 3434 Mbit/s (4507 Mbit/s with framing)
[1;36m[Device: id=1] RX[0m: 0.98 Mpps, 501 Mbit/s (658 Mbit/s with framing)
[1;36m[Device: id=0] RX[0m: 0.00 Mpps, 0 Mbit/s (0 Mbit/s with framing)
[0;34m[Device: id=1] TX[0m: 0.00 Mpps, 0 Mbit/s (0 Mbit/s with framing)
[0;34m[Device: id=0] TX[0m: 0.00 Mpps, 0 Mbit/s (0 Mbit/s with framing)
[1;36m[Device: id=1] RX[0m: 0.00 Mpps, 0 Mbit/s (0 Mbit/s with framing)
[1;36m[Device: id=0] RX[0m: 0.00 Mpps, 0 Mbit/s (0 Mbit/s with framing)
[0;34m[Device: id=1] TX[0m: 0.00 Mpps, 0 Mbit/s (0 Mbit/s with framing)
[0;34m[Device: id=0] TX[0m: 0.00 Mpps, 0 Mbit/s (0 Mbit/s with framing)
