[1;37m[INFO]  Initializing DPDK. This will take a few seconds...[0m
EAL: Probing VFIO support...
EAL: WARNING: cpu flags constant_tsc=yes nonstop_tsc=no -> using unreliable clock cycles !
EAL: PCI device 0000:00:03.0 on NUMA socket -1
EAL:   Invalid NUMA socket, default to 0
EAL:   probe driver: 1af4:1000 net_virtio
EAL: PCI device 0000:00:04.0 on NUMA socket -1
EAL:   Invalid NUMA socket, default to 0
EAL:   probe driver: 1af4:1000 net_virtio
EAL: PCI device 0000:00:05.0 on NUMA socket -1
EAL:   Invalid NUMA socket, default to 0
EAL:   probe driver: 1af4:1000 net_virtio
[1;37m[INFO]  Found 2 usable devices:[0m
   Device 0: 52:54:00:C9:E4:6A ([0;32mRed Hat, Inc Virtio network device[0m)
   Device 1: 52:54:00:47:12:15 ([0;32mRed Hat, Inc Virtio network device[0m)
[1;37m[INFO]  Waiting for devices to come up...[0m
[1;37m[INFO]  Device 1 (52:54:00:47:12:15) is up: 10000 MBit/s[0m
[1;37m[INFO]  Device 0 (52:54:00:C9:E4:6A) is up: 10000 MBit/s[0m
[1;37m[INFO]  [0;32m2 devices are up.[0m[0m
[1;37m[INFO]  Trying to enable rx timestamping of all packets, this isn't supported by most nics[0m
[1;36m[Device: id=0] RX[0m: 0.0472 Mpps, 388.24 Mbit/s (395.79 Mbit/s with framing)
[0;34m[Device: id=1] TX[0m: 0.1393 Mpps, 1154.68 Mbit/s (1176.97 Mbit/s with framing)
[1;36m[Device: id=0] RX[0m: 0.0497 Mpps, 408.79 Mbit/s (416.74 Mbit/s with framing)
[0;34m[Device: id=1] TX[0m: 0.1400 Mpps, 1160.48 Mbit/s (1182.88 Mbit/s with framing)
[1;36m[Device: id=0] RX[0m: 0.0420 Mpps, 345.02 Mbit/s (351.73 Mbit/s with framing)
[0;34m[Device: id=1] TX[0m: 0.1400 Mpps, 1160.51 Mbit/s (1182.91 Mbit/s with framing)
[1;36m[Device: id=0] RX[0m: 0.0847 Mpps, 696.22 Mbit/s (709.76 Mbit/s with framing)
[0;34m[Device: id=1] TX[0m: 0.1366 Mpps, 1132.44 Mbit/s (1154.30 Mbit/s with framing)
[1;36m[Device: id=0] RX[0m: 0.0572 Mpps, 470.56 Mbit/s (479.72 Mbit/s with framing)
[0;34m[Device: id=1] TX[0m: 0.1430 Mpps, 1185.18 Mbit/s (1208.06 Mbit/s with framing)
[1;36m[Device: id=0] RX[0m: 0.0470 Mpps, 386.39 Mbit/s (393.91 Mbit/s with framing)
[0;34m[Device: id=1] TX[0m: 0.1396 Mpps, 1157.01 Mbit/s (1179.35 Mbit/s with framing)
[1;36m[Device: id=0] RX[0m: 0.0555 Mpps, 456.21 Mbit/s (465.08 Mbit/s with framing)
[0;34m[Device: id=1] TX[0m: 0.1404 Mpps, 1163.57 Mbit/s (1186.03 Mbit/s with framing)
[1;36m[Device: id=0] RX[0m: 0.0443 Mpps, 364.40 Mbit/s (371.49 Mbit/s with framing)
[0;34m[Device: id=1] TX[0m: 0.1394 Mpps, 1155.12 Mbit/s (1177.42 Mbit/s with framing)
[1;36m[Device: id=0] RX[0m: 0.0428 Mpps, 352.29 Mbit/s (359.14 Mbit/s with framing)
[0;34m[Device: id=1] TX[0m: 0.1384 Mpps, 1147.45 Mbit/s (1169.60 Mbit/s with framing)
[1;36m[Device: id=0] RX[0m: 0.0472 Mpps, 388.33 Mbit/s (395.89 Mbit/s with framing)
[0;34m[Device: id=1] TX[0m: 0.1405 Mpps, 1164.12 Mbit/s (1186.60 Mbit/s with framing)
[1;36m[Device: id=0] RX[0m: 0.0519 Mpps, 426.51 Mbit/s (434.81 Mbit/s with framing)
[0;34m[Device: id=1] TX[0m: 0.1413 Mpps, 1170.83 Mbit/s (1193.43 Mbit/s with framing)
[1;36m[Device: id=0] RX[0m: 0.0524 Mpps, 430.74 Mbit/s (439.12 Mbit/s with framing)
[0;34m[Device: id=1] TX[0m: 0.1401 Mpps, 1161.22 Mbit/s (1183.64 Mbit/s with framing)
[1;36m[Device: id=0] RX[0m: 0.0457 Mpps, 375.84 Mbit/s (383.16 Mbit/s with framing)
[0;34m[Device: id=1] TX[0m: 0.1403 Mpps, 1162.61 Mbit/s (1185.06 Mbit/s with framing)
[1;36m[Device: id=0] RX[0m: 0.0423 Mpps, 347.58 Mbit/s (354.34 Mbit/s with framing)
[0;34m[Device: id=1] TX[0m: 0.1404 Mpps, 1163.30 Mbit/s (1185.75 Mbit/s with framing)
[1;36m[Device: id=0] RX[0m: 0.0528 Mpps, 433.84 Mbit/s (442.28 Mbit/s with framing)
[0;34m[Device: id=1] TX[0m: 0.1396 Mpps, 1156.92 Mbit/s (1179.25 Mbit/s with framing)
[1;36m[Device: id=0] RX[0m: 0.0447 Mpps, 368.02 Mbit/s (375.17 Mbit/s with framing)
[0;34m[Device: id=1] TX[0m: 0.1403 Mpps, 1163.07 Mbit/s (1185.52 Mbit/s with framing)
[1;36m[Device: id=0] RX[0m: 0.0481 Mpps, 395.58 Mbit/s (403.28 Mbit/s with framing)
[0;34m[Device: id=1] TX[0m: 0.1403 Mpps, 1162.99 Mbit/s (1185.44 Mbit/s with framing)
[1;36m[Device: id=0] RX[0m: 0.0480 Mpps, 394.86 Mbit/s (402.55 Mbit/s with framing)
[0;34m[Device: id=1] TX[0m: 0.1396 Mpps, 1156.86 Mbit/s (1179.19 Mbit/s with framing)
[1;36m[Device: id=0] RX[0m: 0.0478 Mpps, 392.78 Mbit/s (400.42 Mbit/s with framing)
[0;34m[Device: id=1] TX[0m: 0.1392 Mpps, 1153.85 Mbit/s (1176.13 Mbit/s with framing)
[1;36m[Device: id=0] RX[0m: 0.0434 Mpps, 357.09 Mbit/s (364.04 Mbit/s with framing)
[0;34m[Device: id=1] TX[0m: 0.1409 Mpps, 1167.49 Mbit/s (1190.03 Mbit/s with framing)
[1;36m[Device: id=0] RX[0m: 0.0458 Mpps, 376.93 Mbit/s (384.26 Mbit/s with framing)
[0;34m[Device: id=1] TX[0m: 0.1400 Mpps, 1160.41 Mbit/s (1182.81 Mbit/s with framing)
[1;36m[Device: id=0] RX[0m: 0.0432 Mpps, 355.30 Mbit/s (362.22 Mbit/s with framing)
[0;34m[Device: id=1] TX[0m: 0.1397 Mpps, 1157.66 Mbit/s (1180.01 Mbit/s with framing)
[1;36m[Device: id=0] RX[0m: 0.0464 Mpps, 381.54 Mbit/s (388.96 Mbit/s with framing)
[0;34m[Device: id=1] TX[0m: 0.1400 Mpps, 1160.39 Mbit/s (1182.80 Mbit/s with framing)
[1;36m[Device: id=0] RX[0m: 0.0450 Mpps, 369.69 Mbit/s (376.88 Mbit/s with framing)
[0;34m[Device: id=1] TX[0m: 0.1397 Mpps, 1158.18 Mbit/s (1180.54 Mbit/s with framing)
[1;36m[Device: id=0] RX[0m: 0.0453 Mpps, 372.36 Mbit/s (379.60 Mbit/s with framing)
[0;34m[Device: id=1] TX[0m: 0.1408 Mpps, 1167.12 Mbit/s (1189.65 Mbit/s with framing)
[1;36m[Device: id=0] RX[0m: 0.0442 Mpps, 363.20 Mbit/s (370.26 Mbit/s with framing)
[0;34m[Device: id=1] TX[0m: 0.1398 Mpps, 1158.86 Mbit/s (1181.23 Mbit/s with framing)
[1;36m[Device: id=0] RX[0m: 0.0441 Mpps, 363.04 Mbit/s (370.10 Mbit/s with framing)
[0;34m[Device: id=1] TX[0m: 0.1404 Mpps, 1163.59 Mbit/s (1186.05 Mbit/s with framing)
[1;36m[Device: id=0] RX[0m: 0.0424 Mpps, 348.82 Mbit/s (355.60 Mbit/s with framing)
[0;34m[Device: id=1] TX[0m: 0.1399 Mpps, 1159.49 Mbit/s (1181.87 Mbit/s with framing)
[1;36m[Device: id=0] RX[0m: 0.0463 Mpps, 380.66 Mbit/s (388.06 Mbit/s with framing)
[0;34m[Device: id=1] TX[0m: 0.1401 Mpps, 1160.92 Mbit/s (1183.33 Mbit/s with framing)
[1;36m[Device: id=0] RX[0m: 0.0450 Mpps, 370.07 Mbit/s (377.27 Mbit/s with framing)
42
[0;34m[Device: id=1] TX[0m: 0.1218 Mpps, 1009.77 Mbit/s (1029.26 Mbit/s with framing)
[1;36m[Device: id=0] RX[0m: 0.0014 Mpps, 11.32 Mbit/s (11.54 Mbit/s with framing)
[0;34m[Device: id=1] TX[0m: 0.0000 Mpps, 0.00 Mbit/s (0.00 Mbit/s with framing)
4200000
[1;36m[Device: id=0] RX[0m: 0.0465 (StdDev 0.0116) Mpps, 382.80 (StdDev 96) Mbit/s (390.25 Mbit/s with framing), total 1443619 packets with 1484040332 bytes (incl. CRC)
[0;34m[Device: id=1] TX[0m: 0.1347 (StdDev 0.0257) Mpps, 1116.71 (StdDev 213) Mbit/s (1138.27 Mbit/s with framing), total 4200000 packets with 4351200000 bytes (incl. CRC)
