[1;37m[INFO]  Initializing DPDK. This will take a few seconds...[0m
EAL: Probing VFIO support...
EAL: WARNING: cpu flags constant_tsc=yes nonstop_tsc=no -> using unreliable clock cycles !
EAL: PCI device 0000:00:03.0 on NUMA socket -1
EAL:   Invalid NUMA socket, default to 0
EAL:   probe driver: 1af4:1000 net_virtio
EAL: PCI device 0000:00:04.0 on NUMA socket -1
EAL:   Invalid NUMA socket, default to 0
EAL:   probe driver: 1af4:1000 net_virtio
EAL: PCI device 0000:00:05.0 on NUMA socket -1
EAL:   Invalid NUMA socket, default to 0
EAL:   probe driver: 1af4:1000 net_virtio
[1;37m[INFO]  Found 2 usable devices:[0m
   Device 0: 52:54:00:C9:E4:6A ([0;32mRed Hat, Inc Virtio network device[0m)
   Device 1: 52:54:00:47:12:15 ([0;32mRed Hat, Inc Virtio network device[0m)
[1;37m[INFO]  Waiting for devices to come up...[0m
[1;37m[INFO]  Device 1 (52:54:00:47:12:15) is up: 10000 MBit/s[0m
[1;37m[INFO]  Device 0 (52:54:00:C9:E4:6A) is up: 10000 MBit/s[0m
[1;37m[INFO]  [0;32m2 devices are up.[0m[0m
[1;37m[INFO]  Trying to enable rx timestamping of all packets, this isn't supported by most nics[0m
[0;34m[Device: id=1] TX[0m: 0.2537 Mpps, 284.13 Mbit/s (324.72 Mbit/s with framing)
[1;36m[Device: id=0] RX[0m: 0.1217 Mpps, 128.49 Mbit/s (147.96 Mbit/s with framing)
[0;34m[Device: id=1] TX[0m: 0.2557 Mpps, 286.34 Mbit/s (327.24 Mbit/s with framing)
[1;36m[Device: id=0] RX[0m: 0.0924 Mpps, 97.59 Mbit/s (112.38 Mbit/s with framing)
[0;34m[Device: id=1] TX[0m: 0.2641 Mpps, 295.75 Mbit/s (338.00 Mbit/s with framing)
[1;36m[Device: id=0] RX[0m: 0.0963 Mpps, 101.66 Mbit/s (117.06 Mbit/s with framing)
[0;34m[Device: id=1] TX[0m: 0.2526 Mpps, 282.96 Mbit/s (323.39 Mbit/s with framing)
[1;36m[Device: id=0] RX[0m: 0.1189 Mpps, 125.53 Mbit/s (144.54 Mbit/s with framing)
[0;34m[Device: id=1] TX[0m: 0.2534 Mpps, 283.84 Mbit/s (324.39 Mbit/s with framing)
[1;36m[Device: id=0] RX[0m: 0.1041 Mpps, 109.90 Mbit/s (126.55 Mbit/s with framing)
[0;34m[Device: id=1] TX[0m: 0.2734 Mpps, 306.23 Mbit/s (349.98 Mbit/s with framing)
[1;36m[Device: id=0] RX[0m: 0.0756 Mpps, 79.83 Mbit/s (91.92 Mbit/s with framing)
[0;34m[Device: id=1] TX[0m: 0.2599 Mpps, 291.06 Mbit/s (332.65 Mbit/s with framing)
[1;36m[Device: id=0] RX[0m: 0.1014 Mpps, 107.09 Mbit/s (123.32 Mbit/s with framing)
[0;34m[Device: id=1] TX[0m: 0.2602 Mpps, 291.43 Mbit/s (333.07 Mbit/s with framing)
[1;36m[Device: id=0] RX[0m: 0.1020 Mpps, 107.71 Mbit/s (124.03 Mbit/s with framing)
[0;34m[Device: id=1] TX[0m: 0.2589 Mpps, 289.93 Mbit/s (331.35 Mbit/s with framing)
[1;36m[Device: id=0] RX[0m: 0.1019 Mpps, 107.58 Mbit/s (123.88 Mbit/s with framing)
[1;36m[Device: id=0] RX[0m: 0.0967 Mpps, 102.15 Mbit/s (117.63 Mbit/s with framing)
[0;34m[Device: id=1] TX[0m: 0.2587 Mpps, 289.77 Mbit/s (331.17 Mbit/s with framing)
[1;36m[Device: id=0] RX[0m: 0.0578 Mpps, 61.04 Mbit/s (70.29 Mbit/s with framing)
[0;34m[Device: id=1] TX[0m: 0.2083 Mpps, 233.30 Mbit/s (266.63 Mbit/s with framing)
[1;36m[Device: id=0] RX[0m: 0.0582 Mpps, 61.51 Mbit/s (70.83 Mbit/s with framing)
[0;34m[Device: id=1] TX[0m: 0.2997 Mpps, 335.67 Mbit/s (383.62 Mbit/s with framing)
[1;36m[Device: id=0] RX[0m: 0.0493 Mpps, 52.11 Mbit/s (60.01 Mbit/s with framing)
[0;34m[Device: id=1] TX[0m: 0.2731 Mpps, 305.86 Mbit/s (349.56 Mbit/s with framing)
[1;36m[Device: id=0] RX[0m: 0.0415 Mpps, 43.78 Mbit/s (50.41 Mbit/s with framing)
[0;34m[Device: id=1] TX[0m: 0.2428 Mpps, 271.88 Mbit/s (310.72 Mbit/s with framing)
[1;36m[Device: id=0] RX[0m: 0.0400 Mpps, 42.28 Mbit/s (48.68 Mbit/s with framing)
[0;34m[Device: id=1] TX[0m: 0.2711 Mpps, 303.59 Mbit/s (346.96 Mbit/s with framing)
[1;36m[Device: id=0] RX[0m: 0.0402 Mpps, 42.44 Mbit/s (48.88 Mbit/s with framing)
[0;34m[Device: id=1] TX[0m: 0.2525 Mpps, 282.83 Mbit/s (323.24 Mbit/s with framing)
[1;36m[Device: id=0] RX[0m: 0.0415 Mpps, 43.87 Mbit/s (50.52 Mbit/s with framing)
[0;34m[Device: id=1] TX[0m: 0.2675 Mpps, 299.61 Mbit/s (342.42 Mbit/s with framing)
[1;36m[Device: id=0] RX[0m: 0.0408 Mpps, 43.14 Mbit/s (49.67 Mbit/s with framing)
[0;34m[Device: id=1] TX[0m: 0.2616 Mpps, 292.99 Mbit/s (334.84 Mbit/s with framing)
[1;36m[Device: id=0] RX[0m: 0.0460 Mpps, 48.54 Mbit/s (55.90 Mbit/s with framing)
[0;34m[Device: id=1] TX[0m: 0.2678 Mpps, 299.92 Mbit/s (342.77 Mbit/s with framing)
[1;36m[Device: id=0] RX[0m: 0.0530 Mpps, 55.94 Mbit/s (64.42 Mbit/s with framing)
[0;34m[Device: id=1] TX[0m: 0.2598 Mpps, 290.95 Mbit/s (332.51 Mbit/s with framing)
[1;36m[Device: id=0] RX[0m: 0.0629 Mpps, 66.44 Mbit/s (76.51 Mbit/s with framing)
[0;34m[Device: id=1] TX[0m: 0.2540 Mpps, 284.49 Mbit/s (325.13 Mbit/s with framing)
[1;36m[Device: id=0] RX[0m: 0.0668 Mpps, 70.59 Mbit/s (81.28 Mbit/s with framing)
[0;34m[Device: id=1] TX[0m: 0.2552 Mpps, 285.82 Mbit/s (326.65 Mbit/s with framing)
[1;36m[Device: id=0] RX[0m: 0.0495 Mpps, 52.28 Mbit/s (60.21 Mbit/s with framing)
[0;34m[Device: id=1] TX[0m: 0.2693 Mpps, 301.64 Mbit/s (344.73 Mbit/s with framing)
[1;36m[Device: id=0] RX[0m: 0.0406 Mpps, 42.85 Mbit/s (49.35 Mbit/s with framing)
[0;34m[Device: id=1] TX[0m: 0.2569 Mpps, 287.72 Mbit/s (328.82 Mbit/s with framing)
[1;36m[Device: id=0] RX[0m: 0.0436 Mpps, 46.02 Mbit/s (53.00 Mbit/s with framing)
[0;34m[Device: id=1] TX[0m: 0.2629 Mpps, 294.50 Mbit/s (336.58 Mbit/s with framing)
[1;36m[Device: id=0] RX[0m: 0.0441 Mpps, 46.60 Mbit/s (53.66 Mbit/s with framing)
[0;34m[Device: id=1] TX[0m: 0.2456 Mpps, 275.06 Mbit/s (314.36 Mbit/s with framing)
[1;36m[Device: id=0] RX[0m: 0.0615 Mpps, 64.89 Mbit/s (74.72 Mbit/s with framing)
[0;34m[Device: id=1] TX[0m: 0.2460 Mpps, 275.52 Mbit/s (314.88 Mbit/s with framing)
[1;36m[Device: id=0] RX[0m: 0.0399 Mpps, 42.16 Mbit/s (48.55 Mbit/s with framing)
[0;34m[Device: id=1] TX[0m: 0.2536 Mpps, 283.99 Mbit/s (324.56 Mbit/s with framing)
[1;36m[Device: id=0] RX[0m: 0.0435 Mpps, 45.91 Mbit/s (52.87 Mbit/s with framing)
[0;34m[Device: id=1] TX[0m: 0.2966 Mpps, 332.14 Mbit/s (379.59 Mbit/s with framing)
[1;36m[Device: id=0] RX[0m: 0.0400 Mpps, 42.29 Mbit/s (48.70 Mbit/s with framing)
33
[0;34m[Device: id=1] TX[0m: 0.2326 Mpps, 260.49 Mbit/s (297.70 Mbit/s with framing)
[1;36m[Device: id=0] RX[0m: 0.0040 Mpps, 4.27 Mbit/s (4.92 Mbit/s with framing)
[0;34m[Device: id=1] TX[0m: 0.0000 Mpps, 0.00 Mbit/s (0.00 Mbit/s with framing)
7800000
[1;36m[Device: id=0] RX[0m: 0.0618 (StdDev 0.0275) Mpps, 65.27 (StdDev 29) Mbit/s (75.16 Mbit/s with framing), total 1975887 packets with 260817084 bytes (incl. CRC)
[0;34m[Device: id=1] TX[0m: 0.2505 (StdDev 0.0501) Mpps, 280.51 (StdDev 56) Mbit/s (320.58 Mbit/s with framing), total 7800000 packets with 1092000000 bytes (incl. CRC)
