[1;37m[INFO]  Initializing DPDK. This will take a few seconds...[0m
EAL: Probing VFIO support...
EAL: WARNING: cpu flags constant_tsc=yes nonstop_tsc=no -> using unreliable clock cycles !
EAL: PCI device 0000:00:03.0 on NUMA socket -1
EAL:   Invalid NUMA socket, default to 0
EAL:   probe driver: 1af4:1000 net_virtio
EAL: PCI device 0000:00:04.0 on NUMA socket -1
EAL:   Invalid NUMA socket, default to 0
EAL:   probe driver: 1af4:1000 net_virtio
EAL: PCI device 0000:00:05.0 on NUMA socket -1
EAL:   Invalid NUMA socket, default to 0
EAL:   probe driver: 1af4:1000 net_virtio
[1;37m[INFO]  Found 2 usable devices:[0m
   Device 0: 52:54:00:C9:E4:6A ([0;32mRed Hat, Inc Virtio network device[0m)
   Device 1: 52:54:00:47:12:15 ([0;32mRed Hat, Inc Virtio network device[0m)
[1;37m[INFO]  Waiting for devices to come up...[0m
[1;37m[INFO]  Device 1 (52:54:00:47:12:15) is up: 10000 MBit/s[0m
[1;37m[INFO]  Device 0 (52:54:00:C9:E4:6A) is up: 10000 MBit/s[0m
[1;37m[INFO]  [0;32m2 devices are up.[0m[0m
[1;37m[INFO]  Trying to enable rx timestamping of all packets, this isn't supported by most nics[0m
[1;36m[Device: id=0] RX[0m: 0.0508 Mpps, 610.94 Mbit/s (619.06 Mbit/s with framing)
[0;34m[Device: id=1] TX[0m: 0.1275 Mpps, 1541.92 Mbit/s (1562.32 Mbit/s with framing)
[0;34m[Device: id=1] TX[0m: 0.1308 Mpps, 1582.12 Mbit/s (1603.05 Mbit/s with framing)
[1;36m[Device: id=0] RX[0m: 0.0452 Mpps, 544.07 Mbit/s (551.31 Mbit/s with framing)
[0;34m[Device: id=1] TX[0m: 0.1296 Mpps, 1568.20 Mbit/s (1588.94 Mbit/s with framing)
[1;36m[Device: id=0] RX[0m: 0.0435 Mpps, 523.49 Mbit/s (530.45 Mbit/s with framing)
[1;36m[Device: id=0] RX[0m: 0.0410 Mpps, 492.99 Mbit/s (499.55 Mbit/s with framing)
[0;34m[Device: id=1] TX[0m: 0.1308 Mpps, 1582.40 Mbit/s (1603.33 Mbit/s with framing)
[1;36m[Device: id=0] RX[0m: 0.0401 Mpps, 482.22 Mbit/s (488.63 Mbit/s with framing)
[0;34m[Device: id=1] TX[0m: 0.1299 Mpps, 1571.67 Mbit/s (1592.46 Mbit/s with framing)
[1;36m[Device: id=0] RX[0m: 0.0414 Mpps, 498.69 Mbit/s (505.32 Mbit/s with framing)
[0;34m[Device: id=1] TX[0m: 0.1299 Mpps, 1570.84 Mbit/s (1591.62 Mbit/s with framing)
[1;36m[Device: id=0] RX[0m: 0.0503 Mpps, 605.77 Mbit/s (613.83 Mbit/s with framing)
[0;34m[Device: id=1] TX[0m: 0.1153 Mpps, 1394.43 Mbit/s (1412.88 Mbit/s with framing)
[1;36m[Device: id=0] RX[0m: 0.0642 Mpps, 772.18 Mbit/s (782.45 Mbit/s with framing)
[0;34m[Device: id=1] TX[0m: 0.1448 Mpps, 1750.90 Mbit/s (1774.06 Mbit/s with framing)
[1;36m[Device: id=0] RX[0m: 0.0587 Mpps, 706.81 Mbit/s (716.21 Mbit/s with framing)
[0;34m[Device: id=1] TX[0m: 0.1302 Mpps, 1575.26 Mbit/s (1596.09 Mbit/s with framing)
[1;36m[Device: id=0] RX[0m: 0.0617 Mpps, 742.73 Mbit/s (752.61 Mbit/s with framing)
[0;34m[Device: id=1] TX[0m: 0.1297 Mpps, 1568.68 Mbit/s (1589.43 Mbit/s with framing)
[1;36m[Device: id=0] RX[0m: 0.0619 Mpps, 744.93 Mbit/s (754.84 Mbit/s with framing)
[0;34m[Device: id=1] TX[0m: 0.1293 Mpps, 1564.10 Mbit/s (1584.79 Mbit/s with framing)
[1;36m[Device: id=0] RX[0m: 0.0617 Mpps, 741.78 Mbit/s (751.64 Mbit/s with framing)
[0;34m[Device: id=1] TX[0m: 0.1308 Mpps, 1582.27 Mbit/s (1603.20 Mbit/s with framing)
[1;36m[Device: id=0] RX[0m: 0.0663 Mpps, 797.46 Mbit/s (808.07 Mbit/s with framing)
[0;34m[Device: id=1] TX[0m: 0.1294 Mpps, 1565.01 Mbit/s (1585.71 Mbit/s with framing)
[1;36m[Device: id=0] RX[0m: 0.0748 Mpps, 899.68 Mbit/s (911.64 Mbit/s with framing)
[0;34m[Device: id=1] TX[0m: 0.1306 Mpps, 1580.19 Mbit/s (1601.09 Mbit/s with framing)
[1;36m[Device: id=0] RX[0m: 0.0786 Mpps, 945.80 Mbit/s (958.38 Mbit/s with framing)
[0;34m[Device: id=1] TX[0m: 0.1300 Mpps, 1572.97 Mbit/s (1593.77 Mbit/s with framing)
[1;36m[Device: id=0] RX[0m: 0.0720 Mpps, 866.04 Mbit/s (877.55 Mbit/s with framing)
[0;34m[Device: id=1] TX[0m: 0.1293 Mpps, 1564.06 Mbit/s (1584.75 Mbit/s with framing)
[1;36m[Device: id=0] RX[0m: 0.0567 Mpps, 682.57 Mbit/s (691.65 Mbit/s with framing)
[0;34m[Device: id=1] TX[0m: 0.1307 Mpps, 1580.63 Mbit/s (1601.54 Mbit/s with framing)
[1;36m[Device: id=0] RX[0m: 0.0635 Mpps, 764.38 Mbit/s (774.55 Mbit/s with framing)
[0;34m[Device: id=1] TX[0m: 0.1302 Mpps, 1575.35 Mbit/s (1596.19 Mbit/s with framing)
[1;36m[Device: id=0] RX[0m: 0.0672 Mpps, 808.01 Mbit/s (818.76 Mbit/s with framing)
[0;34m[Device: id=1] TX[0m: 0.1299 Mpps, 1570.71 Mbit/s (1591.48 Mbit/s with framing)
[1;36m[Device: id=0] RX[0m: 0.0785 Mpps, 943.95 Mbit/s (956.50 Mbit/s with framing)
[0;34m[Device: id=1] TX[0m: 0.1299 Mpps, 1571.18 Mbit/s (1591.96 Mbit/s with framing)
[1;36m[Device: id=0] RX[0m: 0.0657 Mpps, 790.95 Mbit/s (801.46 Mbit/s with framing)
[0;34m[Device: id=1] TX[0m: 0.1300 Mpps, 1572.70 Mbit/s (1593.50 Mbit/s with framing)
[1;36m[Device: id=0] RX[0m: 0.0725 Mpps, 872.91 Mbit/s (884.52 Mbit/s with framing)
[0;34m[Device: id=1] TX[0m: 0.1294 Mpps, 1565.55 Mbit/s (1586.26 Mbit/s with framing)
[1;36m[Device: id=0] RX[0m: 0.0616 Mpps, 741.11 Mbit/s (750.96 Mbit/s with framing)
[0;34m[Device: id=1] TX[0m: 0.1298 Mpps, 1569.58 Mbit/s (1590.34 Mbit/s with framing)
[1;36m[Device: id=0] RX[0m: 0.0564 Mpps, 678.89 Mbit/s (687.92 Mbit/s with framing)
[0;34m[Device: id=1] TX[0m: 0.1310 Mpps, 1584.74 Mbit/s (1605.71 Mbit/s with framing)
[1;36m[Device: id=0] RX[0m: 0.0730 Mpps, 878.35 Mbit/s (890.03 Mbit/s with framing)
[0;34m[Device: id=1] TX[0m: 0.1290 Mpps, 1560.51 Mbit/s (1581.16 Mbit/s with framing)
[1;36m[Device: id=0] RX[0m: 0.0701 Mpps, 843.09 Mbit/s (854.30 Mbit/s with framing)
[0;34m[Device: id=1] TX[0m: 0.1299 Mpps, 1570.96 Mbit/s (1591.74 Mbit/s with framing)
[1;36m[Device: id=0] RX[0m: 0.0702 Mpps, 845.25 Mbit/s (856.49 Mbit/s with framing)
[0;34m[Device: id=1] TX[0m: 0.1304 Mpps, 1577.36 Mbit/s (1598.22 Mbit/s with framing)
[1;36m[Device: id=0] RX[0m: 0.0600 Mpps, 722.32 Mbit/s (731.93 Mbit/s with framing)
[0;34m[Device: id=1] TX[0m: 0.1303 Mpps, 1575.83 Mbit/s (1596.68 Mbit/s with framing)
[1;36m[Device: id=0] RX[0m: 0.0819 Mpps, 984.92 Mbit/s (998.02 Mbit/s with framing)
[0;34m[Device: id=1] TX[0m: 0.1297 Mpps, 1569.36 Mbit/s (1590.12 Mbit/s with framing)
48
[1;36m[Device: id=0] RX[0m: 0.0733 Mpps, 882.02 Mbit/s (893.75 Mbit/s with framing)
[0;34m[Device: id=1] TX[0m: 0.1214 Mpps, 1468.64 Mbit/s (1488.07 Mbit/s with framing)
[1;36m[Device: id=0] RX[0m: 0.0009 Mpps, 11.41 Mbit/s (11.56 Mbit/s with framing)
[0;34m[Device: id=1] TX[0m: 0.0000 Mpps, 0.00 Mbit/s (0.00 Mbit/s with framing)
3900000
[1;36m[Device: id=0] RX[0m: 0.0604 (StdDev 0.0162) Mpps, 727.16 (StdDev 195) Mbit/s (736.83 Mbit/s with framing), total 1863872 packets with 2803263488 bytes (incl. CRC)
[0;34m[Device: id=1] TX[0m: 0.1254 (StdDev 0.0241) Mpps, 1516.87 (StdDev 291) Mbit/s (1536.94 Mbit/s with framing), total 3900000 packets with 5896800000 bytes (incl. CRC)
