[1;37m[INFO]  Initializing DPDK. This will take a few seconds...[0m
EAL: Probing VFIO support...
EAL: WARNING: cpu flags constant_tsc=yes nonstop_tsc=no -> using unreliable clock cycles !
EAL: PCI device 0000:00:03.0 on NUMA socket -1
EAL:   Invalid NUMA socket, default to 0
EAL:   probe driver: 1af4:1000 net_virtio
EAL: PCI device 0000:00:04.0 on NUMA socket -1
EAL:   Invalid NUMA socket, default to 0
EAL:   probe driver: 1af4:1000 net_virtio
EAL: PCI device 0000:00:05.0 on NUMA socket -1
EAL:   Invalid NUMA socket, default to 0
EAL:   probe driver: 1af4:1000 net_virtio
[1;37m[INFO]  Found 2 usable devices:[0m
   Device 0: 52:54:00:C9:E4:6A ([0;32mRed Hat, Inc Virtio network device[0m)
   Device 1: 52:54:00:47:12:15 ([0;32mRed Hat, Inc Virtio network device[0m)
[1;37m[INFO]  Waiting for devices to come up...[0m
[1;37m[INFO]  Device 1 (52:54:00:47:12:15) is up: 10000 MBit/s[0m
[1;37m[INFO]  Device 0 (52:54:00:C9:E4:6A) is up: 10000 MBit/s[0m
[1;37m[INFO]  [0;32m2 devices are up.[0m[0m
[1;37m[INFO]  Trying to enable rx timestamping of all packets, this isn't supported by most nics[0m
[0;34m[Device: id=1] TX[0m: 0.2390 Mpps, 145.32 Mbit/s (183.56 Mbit/s with framing)
[1;36m[Device: id=0] RX[0m: 0.1301 Mpps, 70.77 Mbit/s (91.58 Mbit/s with framing)
[0;34m[Device: id=1] TX[0m: 0.2571 Mpps, 156.33 Mbit/s (197.47 Mbit/s with framing)
[1;36m[Device: id=0] RX[0m: 0.1412 Mpps, 76.79 Mbit/s (99.38 Mbit/s with framing)
[0;34m[Device: id=1] TX[0m: 0.2447 Mpps, 148.79 Mbit/s (187.94 Mbit/s with framing)
[1;36m[Device: id=0] RX[0m: 0.1221 Mpps, 66.43 Mbit/s (85.97 Mbit/s with framing)
[0;34m[Device: id=1] TX[0m: 0.2480 Mpps, 150.76 Mbit/s (190.43 Mbit/s with framing)
[1;36m[Device: id=0] RX[0m: 0.1135 Mpps, 61.72 Mbit/s (79.88 Mbit/s with framing)
[0;34m[Device: id=1] TX[0m: 0.2592 Mpps, 157.59 Mbit/s (199.06 Mbit/s with framing)
[1;36m[Device: id=0] RX[0m: 0.1168 Mpps, 63.54 Mbit/s (82.23 Mbit/s with framing)
[1;36m[Device: id=0] RX[0m: 0.1210 Mpps, 65.82 Mbit/s (85.17 Mbit/s with framing)
[0;34m[Device: id=1] TX[0m: 0.2499 Mpps, 151.95 Mbit/s (191.94 Mbit/s with framing)
[1;36m[Device: id=0] RX[0m: 0.1327 Mpps, 72.19 Mbit/s (93.42 Mbit/s with framing)
[0;34m[Device: id=1] TX[0m: 0.2387 Mpps, 145.14 Mbit/s (183.33 Mbit/s with framing)
[1;36m[Device: id=0] RX[0m: 0.0722 Mpps, 39.30 Mbit/s (50.86 Mbit/s with framing)
[0;34m[Device: id=1] TX[0m: 0.2549 Mpps, 154.97 Mbit/s (195.75 Mbit/s with framing)
[1;36m[Device: id=0] RX[0m: 0.1221 Mpps, 66.43 Mbit/s (85.97 Mbit/s with framing)
[0;34m[Device: id=1] TX[0m: 0.2541 Mpps, 154.50 Mbit/s (195.16 Mbit/s with framing)
[1;36m[Device: id=0] RX[0m: 0.0934 Mpps, 50.83 Mbit/s (65.78 Mbit/s with framing)
[0;34m[Device: id=1] TX[0m: 0.2509 Mpps, 152.54 Mbit/s (192.68 Mbit/s with framing)
[1;36m[Device: id=0] RX[0m: 0.0498 Mpps, 27.10 Mbit/s (35.07 Mbit/s with framing)
[0;34m[Device: id=1] TX[0m: 0.2515 Mpps, 152.92 Mbit/s (193.16 Mbit/s with framing)
[1;36m[Device: id=0] RX[0m: 0.0858 Mpps, 46.69 Mbit/s (60.43 Mbit/s with framing)
[0;34m[Device: id=1] TX[0m: 0.2479 Mpps, 150.71 Mbit/s (190.37 Mbit/s with framing)
[1;36m[Device: id=0] RX[0m: 0.0716 Mpps, 38.97 Mbit/s (50.43 Mbit/s with framing)
[0;34m[Device: id=1] TX[0m: 0.2501 Mpps, 152.08 Mbit/s (192.10 Mbit/s with framing)
[1;36m[Device: id=0] RX[0m: 0.0748 Mpps, 40.68 Mbit/s (52.64 Mbit/s with framing)
[0;34m[Device: id=1] TX[0m: 0.2411 Mpps, 146.57 Mbit/s (185.14 Mbit/s with framing)
[1;36m[Device: id=0] RX[0m: 0.0427 Mpps, 23.23 Mbit/s (30.07 Mbit/s with framing)
[0;34m[Device: id=1] TX[0m: 0.2536 Mpps, 154.19 Mbit/s (194.77 Mbit/s with framing)
[1;36m[Device: id=0] RX[0m: 0.0395 Mpps, 21.50 Mbit/s (27.82 Mbit/s with framing)
[0;34m[Device: id=1] TX[0m: 0.2397 Mpps, 145.74 Mbit/s (184.09 Mbit/s with framing)
[1;36m[Device: id=0] RX[0m: 0.0696 Mpps, 37.87 Mbit/s (49.00 Mbit/s with framing)
[0;34m[Device: id=1] TX[0m: 0.2616 Mpps, 159.04 Mbit/s (200.89 Mbit/s with framing)
[1;36m[Device: id=0] RX[0m: 0.0609 Mpps, 33.11 Mbit/s (42.84 Mbit/s with framing)
[0;34m[Device: id=1] TX[0m: 0.2558 Mpps, 155.54 Mbit/s (196.47 Mbit/s with framing)
[1;36m[Device: id=0] RX[0m: 0.0409 Mpps, 22.23 Mbit/s (28.76 Mbit/s with framing)
[0;34m[Device: id=1] TX[0m: 0.2420 Mpps, 147.13 Mbit/s (185.85 Mbit/s with framing)
[1;36m[Device: id=0] RX[0m: 0.0519 Mpps, 28.25 Mbit/s (36.56 Mbit/s with framing)
[0;34m[Device: id=1] TX[0m: 0.2368 Mpps, 143.96 Mbit/s (181.85 Mbit/s with framing)
[1;36m[Device: id=0] RX[0m: 0.0514 Mpps, 27.98 Mbit/s (36.21 Mbit/s with framing)
[0;34m[Device: id=1] TX[0m: 0.2696 Mpps, 163.92 Mbit/s (207.06 Mbit/s with framing)
[1;36m[Device: id=0] RX[0m: 0.0398 Mpps, 21.64 Mbit/s (28.01 Mbit/s with framing)
[0;34m[Device: id=1] TX[0m: 0.2275 Mpps, 138.31 Mbit/s (174.71 Mbit/s with framing)
[1;36m[Device: id=0] RX[0m: 0.0400 Mpps, 21.75 Mbit/s (28.15 Mbit/s with framing)
[0;34m[Device: id=1] TX[0m: 0.2513 Mpps, 152.81 Mbit/s (193.02 Mbit/s with framing)
[1;36m[Device: id=0] RX[0m: 0.0495 Mpps, 26.95 Mbit/s (34.87 Mbit/s with framing)
[0;34m[Device: id=1] TX[0m: 0.1014 Mpps, 61.67 Mbit/s (77.90 Mbit/s with framing)
[1;36m[Device: id=0] RX[0m: 0.0791 Mpps, 43.02 Mbit/s (55.67 Mbit/s with framing)
[0;34m[Device: id=1] TX[0m: 0.4217 Mpps, 256.39 Mbit/s (323.87 Mbit/s with framing)
[1;36m[Device: id=0] RX[0m: 0.0671 Mpps, 36.49 Mbit/s (47.23 Mbit/s with framing)
[0;34m[Device: id=1] TX[0m: 0.2477 Mpps, 150.63 Mbit/s (190.27 Mbit/s with framing)
[1;36m[Device: id=0] RX[0m: 0.0785 Mpps, 42.69 Mbit/s (55.24 Mbit/s with framing)
[0;34m[Device: id=1] TX[0m: 0.2522 Mpps, 153.36 Mbit/s (193.72 Mbit/s with framing)
[1;36m[Device: id=0] RX[0m: 0.0609 Mpps, 33.15 Mbit/s (42.90 Mbit/s with framing)
[0;34m[Device: id=1] TX[0m: 0.2472 Mpps, 150.32 Mbit/s (189.88 Mbit/s with framing)
[1;36m[Device: id=0] RX[0m: 0.0825 Mpps, 44.89 Mbit/s (58.09 Mbit/s with framing)
[0;34m[Device: id=1] TX[0m: 0.2518 Mpps, 153.11 Mbit/s (193.41 Mbit/s with framing)
39
[1;36m[Device: id=0] RX[0m: 0.0554 Mpps, 30.13 Mbit/s (38.99 Mbit/s with framing)
[0;34m[Device: id=1] TX[0m: 0.2222 Mpps, 135.09 Mbit/s (170.63 Mbit/s with framing)
[1;36m[Device: id=0] RX[0m: 0.0006 Mpps, 0.33 Mbit/s (0.42 Mbit/s with framing)
[0;34m[Device: id=1] TX[0m: 0.0000 Mpps, 0.00 Mbit/s (0.00 Mbit/s with framing)
7500000
[1;36m[Device: id=0] RX[0m: 0.0742 (StdDev 0.0336) Mpps, 40.39 (StdDev 18) Mbit/s (52.27 Mbit/s with framing), total 2357535 packets with 160312380 bytes (incl. CRC)
[0;34m[Device: id=1] TX[0m: 0.2410 (StdDev 0.0628) Mpps, 146.54 (StdDev 38) Mbit/s (185.10 Mbit/s with framing), total 7500000 packets with 570000000 bytes (incl. CRC)
