[1;37m[INFO]  Initializing DPDK. This will take a few seconds...[0m
EAL: Probing VFIO support...
EAL: WARNING: cpu flags constant_tsc=yes nonstop_tsc=no -> using unreliable clock cycles !
EAL: PCI device 0000:00:03.0 on NUMA socket -1
EAL:   Invalid NUMA socket, default to 0
EAL:   probe driver: 1af4:1000 net_virtio
EAL: PCI device 0000:00:04.0 on NUMA socket -1
EAL:   Invalid NUMA socket, default to 0
EAL:   probe driver: 1af4:1000 net_virtio
EAL: PCI device 0000:00:05.0 on NUMA socket -1
EAL:   Invalid NUMA socket, default to 0
EAL:   probe driver: 1af4:1000 net_virtio
[1;37m[INFO]  Found 2 usable devices:[0m
   Device 0: 52:54:00:C9:E4:6A ([0;32mRed Hat, Inc Virtio network device[0m)
   Device 1: 52:54:00:47:12:15 ([0;32mRed Hat, Inc Virtio network device[0m)
[1;37m[INFO]  Waiting for devices to come up...[0m
[1;37m[INFO]  Device 1 (52:54:00:47:12:15) is up: 10000 MBit/s[0m
[1;37m[INFO]  Device 0 (52:54:00:C9:E4:6A) is up: 10000 MBit/s[0m
[1;37m[INFO]  [0;32m2 devices are up.[0m[0m
[1;37m[INFO]  Trying to enable rx timestamping of all packets, this isn't supported by most nics[0m
[0;34m[Device: id=1] TX[0m: 0.2066 Mpps, 866.18 Mbit/s (899.24 Mbit/s with framing)
[1;36m[Device: id=0] RX[0m: 0.0533 Mpps, 220.22 Mbit/s (228.75 Mbit/s with framing)
[0;34m[Device: id=1] TX[0m: 0.2074 Mpps, 869.58 Mbit/s (902.77 Mbit/s with framing)
[1;36m[Device: id=0] RX[0m: 0.0527 Mpps, 217.47 Mbit/s (225.90 Mbit/s with framing)
[0;34m[Device: id=1] TX[0m: 0.2128 Mpps, 892.09 Mbit/s (926.14 Mbit/s with framing)
[1;36m[Device: id=0] RX[0m: 0.0487 Mpps, 201.12 Mbit/s (208.91 Mbit/s with framing)
[0;34m[Device: id=1] TX[0m: 0.2090 Mpps, 876.33 Mbit/s (909.78 Mbit/s with framing)
[1;36m[Device: id=0] RX[0m: 0.0519 Mpps, 214.36 Mbit/s (222.66 Mbit/s with framing)
[0;34m[Device: id=1] TX[0m: 0.2065 Mpps, 865.52 Mbit/s (898.55 Mbit/s with framing)
[1;36m[Device: id=0] RX[0m: 0.0483 Mpps, 199.47 Mbit/s (207.20 Mbit/s with framing)
[0;34m[Device: id=1] TX[0m: 0.2140 Mpps, 897.00 Mbit/s (931.24 Mbit/s with framing)
[1;36m[Device: id=0] RX[0m: 0.0567 Mpps, 234.18 Mbit/s (243.25 Mbit/s with framing)
[0;34m[Device: id=1] TX[0m: 0.2101 Mpps, 880.62 Mbit/s (914.23 Mbit/s with framing)
[1;36m[Device: id=0] RX[0m: 0.0456 Mpps, 188.17 Mbit/s (195.47 Mbit/s with framing)
[0;34m[Device: id=1] TX[0m: 0.2097 Mpps, 879.07 Mbit/s (912.62 Mbit/s with framing)
[1;36m[Device: id=0] RX[0m: 0.0452 Mpps, 186.70 Mbit/s (193.94 Mbit/s with framing)
[0;34m[Device: id=1] TX[0m: 0.2108 Mpps, 883.85 Mbit/s (917.58 Mbit/s with framing)
[1;36m[Device: id=0] RX[0m: 0.0420 Mpps, 173.28 Mbit/s (180.00 Mbit/s with framing)
[1;36m[Device: id=0] RX[0m: 0.0459 Mpps, 189.58 Mbit/s (196.93 Mbit/s with framing)
[0;34m[Device: id=1] TX[0m: 0.2103 Mpps, 881.74 Mbit/s (915.40 Mbit/s with framing)
[1;36m[Device: id=0] RX[0m: 0.0510 Mpps, 210.66 Mbit/s (218.82 Mbit/s with framing)
[0;34m[Device: id=1] TX[0m: 0.2099 Mpps, 880.06 Mbit/s (913.65 Mbit/s with framing)
[1;36m[Device: id=0] RX[0m: 0.0565 Mpps, 233.24 Mbit/s (242.28 Mbit/s with framing)
[0;34m[Device: id=1] TX[0m: 0.2092 Mpps, 876.83 Mbit/s (910.30 Mbit/s with framing)
[1;36m[Device: id=0] RX[0m: 0.0721 Mpps, 297.49 Mbit/s (309.02 Mbit/s with framing)
[0;34m[Device: id=1] TX[0m: 0.2096 Mpps, 878.49 Mbit/s (912.03 Mbit/s with framing)
[1;36m[Device: id=0] RX[0m: 0.0521 Mpps, 214.87 Mbit/s (223.20 Mbit/s with framing)
[0;34m[Device: id=1] TX[0m: 0.2103 Mpps, 881.45 Mbit/s (915.09 Mbit/s with framing)
[1;36m[Device: id=0] RX[0m: 0.0602 Mpps, 248.58 Mbit/s (258.21 Mbit/s with framing)
[0;34m[Device: id=1] TX[0m: 0.2095 Mpps, 878.26 Mbit/s (911.79 Mbit/s with framing)
[1;36m[Device: id=0] RX[0m: 0.0484 Mpps, 199.61 Mbit/s (207.35 Mbit/s with framing)
[0;34m[Device: id=1] TX[0m: 0.2106 Mpps, 882.89 Mbit/s (916.59 Mbit/s with framing)
[1;36m[Device: id=0] RX[0m: 0.0454 Mpps, 187.43 Mbit/s (194.69 Mbit/s with framing)
[0;34m[Device: id=1] TX[0m: 0.2111 Mpps, 884.83 Mbit/s (918.60 Mbit/s with framing)
[1;36m[Device: id=0] RX[0m: 0.0432 Mpps, 178.15 Mbit/s (185.05 Mbit/s with framing)
[0;34m[Device: id=1] TX[0m: 0.2089 Mpps, 875.56 Mbit/s (908.98 Mbit/s with framing)
[1;36m[Device: id=0] RX[0m: 0.0563 Mpps, 232.28 Mbit/s (241.28 Mbit/s with framing)
[0;34m[Device: id=1] TX[0m: 0.2105 Mpps, 882.39 Mbit/s (916.07 Mbit/s with framing)
[1;36m[Device: id=0] RX[0m: 0.0436 Mpps, 179.90 Mbit/s (186.87 Mbit/s with framing)
[0;34m[Device: id=1] TX[0m: 0.2106 Mpps, 883.03 Mbit/s (916.73 Mbit/s with framing)
[1;36m[Device: id=0] RX[0m: 0.0509 Mpps, 210.01 Mbit/s (218.15 Mbit/s with framing)
[0;34m[Device: id=1] TX[0m: 0.2074 Mpps, 869.62 Mbit/s (902.81 Mbit/s with framing)
[1;36m[Device: id=0] RX[0m: 0.0384 Mpps, 158.54 Mbit/s (164.68 Mbit/s with framing)
[0;34m[Device: id=1] TX[0m: 0.2119 Mpps, 888.25 Mbit/s (922.15 Mbit/s with framing)
[1;36m[Device: id=0] RX[0m: 0.0448 Mpps, 184.81 Mbit/s (191.98 Mbit/s with framing)
[0;34m[Device: id=1] TX[0m: 0.2108 Mpps, 883.49 Mbit/s (917.21 Mbit/s with framing)
[1;36m[Device: id=0] RX[0m: 0.0509 Mpps, 210.23 Mbit/s (218.38 Mbit/s with framing)
[0;34m[Device: id=1] TX[0m: 0.2093 Mpps, 877.57 Mbit/s (911.07 Mbit/s with framing)
[1;36m[Device: id=0] RX[0m: 0.0399 Mpps, 164.71 Mbit/s (171.10 Mbit/s with framing)
[0;34m[Device: id=1] TX[0m: 0.2102 Mpps, 881.28 Mbit/s (914.92 Mbit/s with framing)
[1;36m[Device: id=0] RX[0m: 0.0471 Mpps, 194.63 Mbit/s (202.17 Mbit/s with framing)
[0;34m[Device: id=1] TX[0m: 0.2078 Mpps, 871.09 Mbit/s (904.34 Mbit/s with framing)
[1;36m[Device: id=0] RX[0m: 0.0458 Mpps, 188.90 Mbit/s (196.22 Mbit/s with framing)
[0;34m[Device: id=1] TX[0m: 0.2121 Mpps, 888.96 Mbit/s (922.89 Mbit/s with framing)
[1;36m[Device: id=0] RX[0m: 0.0476 Mpps, 196.34 Mbit/s (203.95 Mbit/s with framing)
[0;34m[Device: id=1] TX[0m: 0.2097 Mpps, 879.19 Mbit/s (912.75 Mbit/s with framing)
[1;36m[Device: id=0] RX[0m: 0.0395 Mpps, 163.26 Mbit/s (169.59 Mbit/s with framing)
[0;34m[Device: id=1] TX[0m: 0.2103 Mpps, 881.39 Mbit/s (915.03 Mbit/s with framing)
63
[1;36m[Device: id=0] RX[0m: 0.0548 Mpps, 226.08 Mbit/s (234.84 Mbit/s with framing)
[0;34m[Device: id=1] TX[0m: 0.1887 Mpps, 790.86 Mbit/s (821.05 Mbit/s with framing)
[1;36m[Device: id=0] RX[0m: 0.0000 Mpps, 0.00 Mbit/s (0.00 Mbit/s with framing)
[0;34m[Device: id=1] TX[0m: 0.0000 Mpps, 0.00 Mbit/s (0.00 Mbit/s with framing)
6300000
[1;36m[Device: id=0] RX[0m: 0.0475 (StdDev 0.0113) Mpps, 196.13 (StdDev 47) Mbit/s (203.74 Mbit/s with framing), total 1478764 packets with 763042224 bytes (incl. CRC)
[0;34m[Device: id=1] TX[0m: 0.2023 (StdDev 0.0384) Mpps, 848.04 (StdDev 161) Mbit/s (880.41 Mbit/s with framing), total 6300000 packets with 3301200000 bytes (incl. CRC)
