[1;37m[INFO]  Initializing DPDK. This will take a few seconds...[0m
EAL: Probing VFIO support...
EAL: WARNING: cpu flags constant_tsc=yes nonstop_tsc=no -> using unreliable clock cycles !
EAL: PCI device 0000:00:03.0 on NUMA socket -1
EAL:   Invalid NUMA socket, default to 0
EAL:   probe driver: 1af4:1000 net_virtio
EAL: PCI device 0000:00:04.0 on NUMA socket -1
EAL:   Invalid NUMA socket, default to 0
EAL:   probe driver: 1af4:1000 net_virtio
EAL: PCI device 0000:00:05.0 on NUMA socket -1
EAL:   Invalid NUMA socket, default to 0
EAL:   probe driver: 1af4:1000 net_virtio
[1;37m[INFO]  Found 2 usable devices:[0m
   Device 0: 52:54:00:C9:E4:6A ([0;32mRed Hat, Inc Virtio network device[0m)
   Device 1: 52:54:00:47:12:15 ([0;32mRed Hat, Inc Virtio network device[0m)
[1;37m[INFO]  Waiting for devices to come up...[0m
[1;37m[INFO]  Device 1 (52:54:00:47:12:15) is up: 10000 MBit/s[0m
[1;37m[INFO]  Device 0 (52:54:00:C9:E4:6A) is up: 10000 MBit/s[0m
[1;37m[INFO]  [0;32m2 devices are up.[0m[0m
[1;37m[INFO]  Trying to enable rx timestamping of all packets, this isn't supported by most nics[0m
[0;34m[Device: id=1] TX[0m: 0.0692 Mpps, 42.05 Mbit/s (53.11 Mbit/s with framing)
[1;36m[Device: id=0] RX[0m: 0.0417 Mpps, 22.66 Mbit/s (29.32 Mbit/s with framing)
[0;34m[Device: id=1] TX[0m: 0.0711 Mpps, 43.24 Mbit/s (54.62 Mbit/s with framing)
[1;36m[Device: id=0] RX[0m: 0.0430 Mpps, 23.41 Mbit/s (30.30 Mbit/s with framing)
[0;34m[Device: id=1] TX[0m: 0.0699 Mpps, 42.50 Mbit/s (53.69 Mbit/s with framing)
[1;36m[Device: id=0] RX[0m: 0.0407 Mpps, 22.14 Mbit/s (28.66 Mbit/s with framing)
[0;34m[Device: id=1] TX[0m: 0.0654 Mpps, 39.78 Mbit/s (50.25 Mbit/s with framing)
[1;36m[Device: id=0] RX[0m: 0.0396 Mpps, 21.56 Mbit/s (27.90 Mbit/s with framing)
[0;34m[Device: id=1] TX[0m: 0.0743 Mpps, 45.20 Mbit/s (57.09 Mbit/s with framing)
[1;36m[Device: id=0] RX[0m: 0.0385 Mpps, 20.94 Mbit/s (27.10 Mbit/s with framing)
[1;36m[Device: id=0] RX[0m: 0.0393 Mpps, 21.39 Mbit/s (27.68 Mbit/s with framing)
[0;34m[Device: id=1] TX[0m: 0.0617 Mpps, 37.49 Mbit/s (47.36 Mbit/s with framing)
[1;36m[Device: id=0] RX[0m: 0.0507 Mpps, 27.60 Mbit/s (35.72 Mbit/s with framing)
[0;34m[Device: id=1] TX[0m: 0.0779 Mpps, 47.37 Mbit/s (59.83 Mbit/s with framing)
[1;36m[Device: id=0] RX[0m: 0.0504 Mpps, 27.42 Mbit/s (35.49 Mbit/s with framing)
[0;34m[Device: id=1] TX[0m: 0.0700 Mpps, 42.55 Mbit/s (53.74 Mbit/s with framing)
[1;36m[Device: id=0] RX[0m: 0.0513 Mpps, 27.92 Mbit/s (36.13 Mbit/s with framing)
[0;34m[Device: id=1] TX[0m: 0.0707 Mpps, 42.97 Mbit/s (54.28 Mbit/s with framing)
[1;36m[Device: id=0] RX[0m: 0.0517 Mpps, 28.12 Mbit/s (36.39 Mbit/s with framing)
[0;34m[Device: id=1] TX[0m: 0.0694 Mpps, 42.20 Mbit/s (53.30 Mbit/s with framing)
[1;36m[Device: id=0] RX[0m: 0.0504 Mpps, 27.44 Mbit/s (35.51 Mbit/s with framing)
[0;34m[Device: id=1] TX[0m: 0.0707 Mpps, 43.01 Mbit/s (54.32 Mbit/s with framing)
[1;36m[Device: id=0] RX[0m: 0.0518 Mpps, 28.20 Mbit/s (36.50 Mbit/s with framing)
[0;34m[Device: id=1] TX[0m: 0.0697 Mpps, 42.37 Mbit/s (53.52 Mbit/s with framing)
[1;36m[Device: id=0] RX[0m: 0.0502 Mpps, 27.30 Mbit/s (35.32 Mbit/s with framing)
[0;34m[Device: id=1] TX[0m: 0.0703 Mpps, 42.75 Mbit/s (54.00 Mbit/s with framing)
[1;36m[Device: id=0] RX[0m: 0.0489 Mpps, 26.60 Mbit/s (34.43 Mbit/s with framing)
[0;34m[Device: id=1] TX[0m: 0.0696 Mpps, 42.35 Mbit/s (53.49 Mbit/s with framing)
[1;36m[Device: id=0] RX[0m: 0.0505 Mpps, 27.46 Mbit/s (35.54 Mbit/s with framing)
[0;34m[Device: id=1] TX[0m: 0.0703 Mpps, 42.71 Mbit/s (53.95 Mbit/s with framing)
[1;36m[Device: id=0] RX[0m: 0.0481 Mpps, 26.17 Mbit/s (33.87 Mbit/s with framing)
[0;34m[Device: id=1] TX[0m: 0.0699 Mpps, 42.52 Mbit/s (53.71 Mbit/s with framing)
[1;36m[Device: id=0] RX[0m: 0.0496 Mpps, 26.99 Mbit/s (34.93 Mbit/s with framing)
[0;34m[Device: id=1] TX[0m: 0.0702 Mpps, 42.65 Mbit/s (53.88 Mbit/s with framing)
[1;36m[Device: id=0] RX[0m: 0.0510 Mpps, 27.74 Mbit/s (35.90 Mbit/s with framing)
[0;34m[Device: id=1] TX[0m: 0.0693 Mpps, 42.13 Mbit/s (53.22 Mbit/s with framing)
[1;36m[Device: id=0] RX[0m: 0.0474 Mpps, 25.78 Mbit/s (33.36 Mbit/s with framing)
[0;34m[Device: id=1] TX[0m: 0.0703 Mpps, 42.72 Mbit/s (53.96 Mbit/s with framing)
[1;36m[Device: id=0] RX[0m: 0.0485 Mpps, 26.37 Mbit/s (34.13 Mbit/s with framing)
[0;34m[Device: id=1] TX[0m: 0.0705 Mpps, 42.87 Mbit/s (54.15 Mbit/s with framing)
[1;36m[Device: id=0] RX[0m: 0.0470 Mpps, 25.57 Mbit/s (33.09 Mbit/s with framing)
[0;34m[Device: id=1] TX[0m: 0.0700 Mpps, 42.54 Mbit/s (53.74 Mbit/s with framing)
[1;36m[Device: id=0] RX[0m: 0.0481 Mpps, 26.17 Mbit/s (33.86 Mbit/s with framing)
[0;34m[Device: id=1] TX[0m: 0.0699 Mpps, 42.51 Mbit/s (53.70 Mbit/s with framing)
[1;36m[Device: id=0] RX[0m: 0.0475 Mpps, 25.86 Mbit/s (33.47 Mbit/s with framing)
[0;34m[Device: id=1] TX[0m: 0.0699 Mpps, 42.48 Mbit/s (53.66 Mbit/s with framing)
[1;36m[Device: id=0] RX[0m: 0.0469 Mpps, 25.50 Mbit/s (33.00 Mbit/s with framing)
[0;34m[Device: id=1] TX[0m: 0.0700 Mpps, 42.53 Mbit/s (53.72 Mbit/s with framing)
[1;36m[Device: id=0] RX[0m: 0.0524 Mpps, 28.50 Mbit/s (36.88 Mbit/s with framing)
[0;34m[Device: id=1] TX[0m: 0.0700 Mpps, 42.55 Mbit/s (53.74 Mbit/s with framing)
[1;36m[Device: id=0] RX[0m: 0.0472 Mpps, 25.69 Mbit/s (33.24 Mbit/s with framing)
[0;34m[Device: id=1] TX[0m: 0.0700 Mpps, 42.53 Mbit/s (53.72 Mbit/s with framing)
[1;36m[Device: id=0] RX[0m: 0.0498 Mpps, 27.08 Mbit/s (35.04 Mbit/s with framing)
[0;34m[Device: id=1] TX[0m: 0.0702 Mpps, 42.67 Mbit/s (53.90 Mbit/s with framing)
[1;36m[Device: id=0] RX[0m: 0.0471 Mpps, 25.61 Mbit/s (33.15 Mbit/s with framing)
[0;34m[Device: id=1] TX[0m: 0.0701 Mpps, 42.59 Mbit/s (53.80 Mbit/s with framing)
[1;36m[Device: id=0] RX[0m: 0.0455 Mpps, 24.76 Mbit/s (32.05 Mbit/s with framing)
[0;34m[Device: id=1] TX[0m: 0.0702 Mpps, 42.66 Mbit/s (53.88 Mbit/s with framing)
21
[1;36m[Device: id=0] RX[0m: 0.0458 Mpps, 24.90 Mbit/s (32.22 Mbit/s with framing)
[0;34m[Device: id=1] TX[0m: 0.0631 Mpps, 38.34 Mbit/s (48.43 Mbit/s with framing)
[1;36m[Device: id=0] RX[0m: 0.0002 Mpps, 0.11 Mbit/s (0.14 Mbit/s with framing)
[0;34m[Device: id=1] TX[0m: 0.0000 Mpps, 0.00 Mbit/s (0.00 Mbit/s with framing)
2100000
[1;36m[Device: id=0] RX[0m: 0.0460 (StdDev 0.0095) Mpps, 25.01 (StdDev 5) Mbit/s (32.37 Mbit/s with framing), total 1420888 packets with 96620384 bytes (incl. CRC)
[0;34m[Device: id=1] TX[0m: 0.0675 (StdDev 0.0130) Mpps, 41.03 (StdDev 8) Mbit/s (51.82 Mbit/s with framing), total 2100000 packets with 159600000 bytes (incl. CRC)
