[1;37m[INFO]  Initializing DPDK. This will take a few seconds...[0m
EAL: Probing VFIO support...
EAL: WARNING: cpu flags constant_tsc=yes nonstop_tsc=no -> using unreliable clock cycles !
EAL: PCI device 0000:00:03.0 on NUMA socket -1
EAL:   Invalid NUMA socket, default to 0
EAL:   probe driver: 1af4:1000 net_virtio
EAL: PCI device 0000:00:04.0 on NUMA socket -1
EAL:   Invalid NUMA socket, default to 0
EAL:   probe driver: 1af4:1000 net_virtio
EAL: PCI device 0000:00:05.0 on NUMA socket -1
EAL:   Invalid NUMA socket, default to 0
EAL:   probe driver: 1af4:1000 net_virtio
[1;37m[INFO]  Found 2 usable devices:[0m
   Device 0: 52:54:00:C9:E4:6A ([0;32mRed Hat, Inc Virtio network device[0m)
   Device 1: 52:54:00:47:12:15 ([0;32mRed Hat, Inc Virtio network device[0m)
[1;37m[INFO]  Waiting for devices to come up...[0m
[1;37m[INFO]  Device 1 (52:54:00:47:12:15) is up: 10000 MBit/s[0m
[1;37m[INFO]  Device 0 (52:54:00:C9:E4:6A) is up: 10000 MBit/s[0m
[1;37m[INFO]  [0;32m2 devices are up.[0m[0m
[1;37m[INFO]  Trying to enable rx timestamping of all packets, this isn't supported by most nics[0m
[1;36m[Device: id=0] RX[0m: 0.0401 Mpps, 42.39 Mbit/s (48.82 Mbit/s with framing)
[0;34m[Device: id=1] TX[0m: 0.2378 Mpps, 266.31 Mbit/s (304.35 Mbit/s with framing)
[1;36m[Device: id=0] RX[0m: 0.0397 Mpps, 41.89 Mbit/s (48.24 Mbit/s with framing)
[0;34m[Device: id=1] TX[0m: 0.3339 Mpps, 373.94 Mbit/s (427.36 Mbit/s with framing)
[1;36m[Device: id=0] RX[0m: 0.0419 Mpps, 44.27 Mbit/s (50.98 Mbit/s with framing)
[0;34m[Device: id=1] TX[0m: 0.2644 Mpps, 296.08 Mbit/s (338.37 Mbit/s with framing)
[1;36m[Device: id=0] RX[0m: 0.0967 Mpps, 102.08 Mbit/s (117.54 Mbit/s with framing)
[0;34m[Device: id=1] TX[0m: 0.3043 Mpps, 340.78 Mbit/s (389.46 Mbit/s with framing)
[1;36m[Device: id=0] RX[0m: 0.0428 Mpps, 45.15 Mbit/s (52.00 Mbit/s with framing)
[0;34m[Device: id=1] TX[0m: 0.3037 Mpps, 340.14 Mbit/s (388.73 Mbit/s with framing)
[1;36m[Device: id=0] RX[0m: 0.0912 Mpps, 96.27 Mbit/s (110.86 Mbit/s with framing)
[0;34m[Device: id=1] TX[0m: 0.2742 Mpps, 307.09 Mbit/s (350.96 Mbit/s with framing)
[1;36m[Device: id=0] RX[0m: 0.0913 Mpps, 96.40 Mbit/s (111.01 Mbit/s with framing)
[0;34m[Device: id=1] TX[0m: 0.3099 Mpps, 347.12 Mbit/s (396.71 Mbit/s with framing)
[1;36m[Device: id=0] RX[0m: 0.0802 Mpps, 84.74 Mbit/s (97.58 Mbit/s with framing)
[0;34m[Device: id=1] TX[0m: 0.2833 Mpps, 317.31 Mbit/s (362.64 Mbit/s with framing)
[1;36m[Device: id=0] RX[0m: 0.0460 Mpps, 48.58 Mbit/s (55.94 Mbit/s with framing)
[0;34m[Device: id=1] TX[0m: 0.2940 Mpps, 329.34 Mbit/s (376.38 Mbit/s with framing)
[1;36m[Device: id=0] RX[0m: 0.0596 Mpps, 62.94 Mbit/s (72.48 Mbit/s with framing)
[0;34m[Device: id=1] TX[0m: 0.2943 Mpps, 329.64 Mbit/s (376.73 Mbit/s with framing)
[1;36m[Device: id=0] RX[0m: 0.0516 Mpps, 54.45 Mbit/s (62.70 Mbit/s with framing)
[0;34m[Device: id=1] TX[0m: 0.2875 Mpps, 321.98 Mbit/s (367.98 Mbit/s with framing)
[1;36m[Device: id=0] RX[0m: 0.0428 Mpps, 45.19 Mbit/s (52.04 Mbit/s with framing)
[0;34m[Device: id=1] TX[0m: 0.2859 Mpps, 320.17 Mbit/s (365.90 Mbit/s with framing)
[1;36m[Device: id=0] RX[0m: 0.0489 Mpps, 51.69 Mbit/s (59.52 Mbit/s with framing)
[0;34m[Device: id=1] TX[0m: 0.2945 Mpps, 329.80 Mbit/s (376.91 Mbit/s with framing)
[1;36m[Device: id=0] RX[0m: 0.0390 Mpps, 41.14 Mbit/s (47.38 Mbit/s with framing)
[0;34m[Device: id=1] TX[0m: 0.2929 Mpps, 328.05 Mbit/s (374.92 Mbit/s with framing)
[1;36m[Device: id=0] RX[0m: 0.0436 Mpps, 46.00 Mbit/s (52.97 Mbit/s with framing)
[0;34m[Device: id=1] TX[0m: 0.2759 Mpps, 309.00 Mbit/s (353.15 Mbit/s with framing)
[1;36m[Device: id=0] RX[0m: 0.0566 Mpps, 59.79 Mbit/s (68.85 Mbit/s with framing)
[0;34m[Device: id=1] TX[0m: 0.2516 Mpps, 281.79 Mbit/s (322.05 Mbit/s with framing)
[1;36m[Device: id=0] RX[0m: 0.0396 Mpps, 41.77 Mbit/s (48.10 Mbit/s with framing)
[0;34m[Device: id=1] TX[0m: 0.3383 Mpps, 378.95 Mbit/s (433.08 Mbit/s with framing)
[1;36m[Device: id=0] RX[0m: 0.0386 Mpps, 40.73 Mbit/s (46.90 Mbit/s with framing)
[0;34m[Device: id=1] TX[0m: 0.2223 Mpps, 248.95 Mbit/s (284.51 Mbit/s with framing)
[1;36m[Device: id=0] RX[0m: 0.0397 Mpps, 41.94 Mbit/s (48.30 Mbit/s with framing)
[0;34m[Device: id=1] TX[0m: 0.3617 Mpps, 405.06 Mbit/s (462.93 Mbit/s with framing)
[1;36m[Device: id=0] RX[0m: 0.0388 Mpps, 40.95 Mbit/s (47.15 Mbit/s with framing)
[0;34m[Device: id=1] TX[0m: 0.2856 Mpps, 319.84 Mbit/s (365.53 Mbit/s with framing)
[1;36m[Device: id=0] RX[0m: 0.0451 Mpps, 47.59 Mbit/s (54.81 Mbit/s with framing)
[0;34m[Device: id=1] TX[0m: 0.2951 Mpps, 330.46 Mbit/s (377.66 Mbit/s with framing)
[1;36m[Device: id=0] RX[0m: 0.0385 Mpps, 40.65 Mbit/s (46.81 Mbit/s with framing)
[0;34m[Device: id=1] TX[0m: 0.2890 Mpps, 323.65 Mbit/s (369.88 Mbit/s with framing)
[1;36m[Device: id=0] RX[0m: 0.0482 Mpps, 50.90 Mbit/s (58.61 Mbit/s with framing)
[0;34m[Device: id=1] TX[0m: 0.2519 Mpps, 282.16 Mbit/s (322.47 Mbit/s with framing)
[1;36m[Device: id=0] RX[0m: 0.0394 Mpps, 41.58 Mbit/s (47.88 Mbit/s with framing)
[0;34m[Device: id=1] TX[0m: 0.2326 Mpps, 260.46 Mbit/s (297.67 Mbit/s with framing)
[1;36m[Device: id=0] RX[0m: 0.0385 Mpps, 40.69 Mbit/s (46.85 Mbit/s with framing)
[0;34m[Device: id=1] TX[0m: 0.3351 Mpps, 375.36 Mbit/s (428.99 Mbit/s with framing)
[1;36m[Device: id=0] RX[0m: 0.0386 Mpps, 40.79 Mbit/s (46.97 Mbit/s with framing)
[0;34m[Device: id=1] TX[0m: 0.2042 Mpps, 228.70 Mbit/s (261.37 Mbit/s with framing)
[1;36m[Device: id=0] RX[0m: 0.0532 Mpps, 56.14 Mbit/s (64.65 Mbit/s with framing)
[0;34m[Device: id=1] TX[0m: 0.4044 Mpps, 452.96 Mbit/s (517.67 Mbit/s with framing)
[1;36m[Device: id=0] RX[0m: 0.0392 Mpps, 41.41 Mbit/s (47.68 Mbit/s with framing)
[0;34m[Device: id=1] TX[0m: 0.2363 Mpps, 264.64 Mbit/s (302.44 Mbit/s with framing)
[1;36m[Device: id=0] RX[0m: 0.0391 Mpps, 41.33 Mbit/s (47.59 Mbit/s with framing)
[0;34m[Device: id=1] TX[0m: 0.3292 Mpps, 368.75 Mbit/s (421.43 Mbit/s with framing)
[1;36m[Device: id=0] RX[0m: 0.0409 Mpps, 43.19 Mbit/s (49.74 Mbit/s with framing)
15
[0;34m[Device: id=1] TX[0m: 0.2882 Mpps, 322.78 Mbit/s (368.90 Mbit/s with framing)
[1;36m[Device: id=0] RX[0m: 0.0018 Mpps, 1.92 Mbit/s (2.21 Mbit/s with framing)
[0;34m[Device: id=1] TX[0m: 0.0000 Mpps, 0.00 Mbit/s (0.00 Mbit/s with framing)
8700000
[1;36m[Device: id=0] RX[0m: 0.0484 (StdDev 0.0192) Mpps, 51.07 (StdDev 20) Mbit/s (58.81 Mbit/s with framing), total 1491080 packets with 196822560 bytes (incl. CRC)
[0;34m[Device: id=1] TX[0m: 0.2808 (StdDev 0.0672) Mpps, 314.50 (StdDev 75) Mbit/s (359.43 Mbit/s with framing), total 8700000 packets with 1218000000 bytes (incl. CRC)
