[1;37m[INFO]  Initializing DPDK. This will take a few seconds...[0m
EAL: Probing VFIO support...
EAL: WARNING: cpu flags constant_tsc=yes nonstop_tsc=no -> using unreliable clock cycles !
EAL: PCI device 0000:00:03.0 on NUMA socket -1
EAL:   Invalid NUMA socket, default to 0
EAL:   probe driver: 1af4:1000 net_virtio
EAL: PCI device 0000:00:04.0 on NUMA socket -1
EAL:   Invalid NUMA socket, default to 0
EAL:   probe driver: 1af4:1000 net_virtio
EAL: PCI device 0000:00:05.0 on NUMA socket -1
EAL:   Invalid NUMA socket, default to 0
EAL:   probe driver: 1af4:1000 net_virtio
[1;37m[INFO]  Found 2 usable devices:[0m
   Device 0: 52:54:00:C9:E4:6A ([0;32mRed Hat, Inc Virtio network device[0m)
   Device 1: 52:54:00:47:12:15 ([0;32mRed Hat, Inc Virtio network device[0m)
[1;37m[INFO]  Waiting for devices to come up...[0m
[1;37m[INFO]  Device 1 (52:54:00:47:12:15) is up: 10000 MBit/s[0m
[1;37m[INFO]  Device 0 (52:54:00:C9:E4:6A) is up: 10000 MBit/s[0m
[1;37m[INFO]  [0;32m2 devices are up.[0m[0m
[1;37m[INFO]  Trying to enable rx timestamping of all packets, this isn't supported by most nics[0m
[0;34m[Device: id=1] TX[0m: 0.0293 Mpps, 354.89 Mbit/s (359.59 Mbit/s with framing)
[1;36m[Device: id=0] RX[0m: 0.0293 Mpps, 351.99 Mbit/s (356.67 Mbit/s with framing)
[0;34m[Device: id=1] TX[0m: 0.0300 Mpps, 362.89 Mbit/s (367.69 Mbit/s with framing)
[1;36m[Device: id=0] RX[0m: 0.0301 Mpps, 361.63 Mbit/s (366.44 Mbit/s with framing)
[0;34m[Device: id=1] TX[0m: 0.0300 Mpps, 362.89 Mbit/s (367.69 Mbit/s with framing)
[1;36m[Device: id=0] RX[0m: 0.0300 Mpps, 361.00 Mbit/s (365.80 Mbit/s with framing)
[0;34m[Device: id=1] TX[0m: 0.0300 Mpps, 362.89 Mbit/s (367.69 Mbit/s with framing)
[1;36m[Device: id=0] RX[0m: 0.0300 Mpps, 360.98 Mbit/s (365.78 Mbit/s with framing)
[0;34m[Device: id=1] TX[0m: 0.0300 Mpps, 362.89 Mbit/s (367.69 Mbit/s with framing)
[1;36m[Device: id=0] RX[0m: 0.0300 Mpps, 360.97 Mbit/s (365.77 Mbit/s with framing)
[0;34m[Device: id=1] TX[0m: 0.0300 Mpps, 362.89 Mbit/s (367.69 Mbit/s with framing)
[1;36m[Device: id=0] RX[0m: 0.0300 Mpps, 360.94 Mbit/s (365.74 Mbit/s with framing)
[0;34m[Device: id=1] TX[0m: 0.0300 Mpps, 362.89 Mbit/s (367.69 Mbit/s with framing)
[1;36m[Device: id=0] RX[0m: 0.0300 Mpps, 360.99 Mbit/s (365.79 Mbit/s with framing)
[0;34m[Device: id=1] TX[0m: 0.0300 Mpps, 362.89 Mbit/s (367.69 Mbit/s with framing)
[1;36m[Device: id=0] RX[0m: 0.0300 Mpps, 360.97 Mbit/s (365.77 Mbit/s with framing)
[0;34m[Device: id=1] TX[0m: 0.0300 Mpps, 362.88 Mbit/s (367.68 Mbit/s with framing)
[1;36m[Device: id=0] RX[0m: 0.0300 Mpps, 360.94 Mbit/s (365.74 Mbit/s with framing)
[0;34m[Device: id=1] TX[0m: 0.0300 Mpps, 362.89 Mbit/s (367.69 Mbit/s with framing)
[1;36m[Device: id=0] RX[0m: 0.0300 Mpps, 360.99 Mbit/s (365.79 Mbit/s with framing)
[0;34m[Device: id=1] TX[0m: 0.0300 Mpps, 362.89 Mbit/s (367.69 Mbit/s with framing)
[1;36m[Device: id=0] RX[0m: 0.0300 Mpps, 360.93 Mbit/s (365.73 Mbit/s with framing)
[0;34m[Device: id=1] TX[0m: 0.0300 Mpps, 362.88 Mbit/s (367.68 Mbit/s with framing)
[1;36m[Device: id=0] RX[0m: 0.0300 Mpps, 360.97 Mbit/s (365.77 Mbit/s with framing)
[0;34m[Device: id=1] TX[0m: 0.0300 Mpps, 362.89 Mbit/s (367.69 Mbit/s with framing)
[1;36m[Device: id=0] RX[0m: 0.0300 Mpps, 361.01 Mbit/s (365.81 Mbit/s with framing)
[0;34m[Device: id=1] TX[0m: 0.0300 Mpps, 362.89 Mbit/s (367.69 Mbit/s with framing)
[1;36m[Device: id=0] RX[0m: 0.0300 Mpps, 360.93 Mbit/s (365.73 Mbit/s with framing)
[0;34m[Device: id=1] TX[0m: 0.0300 Mpps, 362.89 Mbit/s (367.69 Mbit/s with framing)
[1;36m[Device: id=0] RX[0m: 0.0300 Mpps, 361.01 Mbit/s (365.81 Mbit/s with framing)
[1;36m[Device: id=0] RX[0m: 0.0300 Mpps, 360.95 Mbit/s (365.75 Mbit/s with framing)
[0;34m[Device: id=1] TX[0m: 0.0300 Mpps, 362.89 Mbit/s (367.69 Mbit/s with framing)
[1;36m[Device: id=0] RX[0m: 0.0300 Mpps, 360.98 Mbit/s (365.78 Mbit/s with framing)
[0;34m[Device: id=1] TX[0m: 0.0300 Mpps, 362.90 Mbit/s (367.70 Mbit/s with framing)
[1;36m[Device: id=0] RX[0m: 0.0300 Mpps, 360.97 Mbit/s (365.77 Mbit/s with framing)
[0;34m[Device: id=1] TX[0m: 0.0300 Mpps, 362.88 Mbit/s (367.68 Mbit/s with framing)
[1;36m[Device: id=0] RX[0m: 0.0300 Mpps, 360.96 Mbit/s (365.76 Mbit/s with framing)
[0;34m[Device: id=1] TX[0m: 0.0300 Mpps, 362.90 Mbit/s (367.70 Mbit/s with framing)
[1;36m[Device: id=0] RX[0m: 0.0300 Mpps, 360.97 Mbit/s (365.77 Mbit/s with framing)
[0;34m[Device: id=1] TX[0m: 0.0300 Mpps, 362.89 Mbit/s (367.69 Mbit/s with framing)
[1;36m[Device: id=0] RX[0m: 0.0300 Mpps, 360.97 Mbit/s (365.77 Mbit/s with framing)
[0;34m[Device: id=1] TX[0m: 0.0300 Mpps, 362.88 Mbit/s (367.68 Mbit/s with framing)
[1;36m[Device: id=0] RX[0m: 0.0300 Mpps, 360.97 Mbit/s (365.77 Mbit/s with framing)
[0;34m[Device: id=1] TX[0m: 0.0300 Mpps, 362.90 Mbit/s (367.70 Mbit/s with framing)
[1;36m[Device: id=0] RX[0m: 0.0300 Mpps, 360.93 Mbit/s (365.73 Mbit/s with framing)
[0;34m[Device: id=1] TX[0m: 0.0300 Mpps, 362.88 Mbit/s (367.68 Mbit/s with framing)
[1;36m[Device: id=0] RX[0m: 0.0300 Mpps, 361.01 Mbit/s (365.81 Mbit/s with framing)
[0;34m[Device: id=1] TX[0m: 0.0300 Mpps, 362.89 Mbit/s (367.69 Mbit/s with framing)
[1;36m[Device: id=0] RX[0m: 0.0300 Mpps, 360.97 Mbit/s (365.77 Mbit/s with framing)
[0;34m[Device: id=1] TX[0m: 0.0300 Mpps, 362.89 Mbit/s (367.69 Mbit/s with framing)
[1;36m[Device: id=0] RX[0m: 0.0300 Mpps, 360.97 Mbit/s (365.77 Mbit/s with framing)
[0;34m[Device: id=1] TX[0m: 0.0300 Mpps, 362.90 Mbit/s (367.70 Mbit/s with framing)
[1;36m[Device: id=0] RX[0m: 0.0300 Mpps, 360.96 Mbit/s (365.76 Mbit/s with framing)
[0;34m[Device: id=1] TX[0m: 0.0300 Mpps, 362.88 Mbit/s (367.68 Mbit/s with framing)
[1;36m[Device: id=0] RX[0m: 0.0300 Mpps, 360.96 Mbit/s (365.76 Mbit/s with framing)
[0;34m[Device: id=1] TX[0m: 0.0300 Mpps, 362.90 Mbit/s (367.70 Mbit/s with framing)
[1;36m[Device: id=0] RX[0m: 0.0300 Mpps, 360.97 Mbit/s (365.77 Mbit/s with framing)
[0;34m[Device: id=1] TX[0m: 0.0300 Mpps, 362.88 Mbit/s (367.68 Mbit/s with framing)
45
[1;36m[Device: id=0] RX[0m: 0.0300 Mpps, 360.54 Mbit/s (365.33 Mbit/s with framing)
[0;34m[Device: id=1] TX[0m: 0.0293 Mpps, 354.59 Mbit/s (359.28 Mbit/s with framing)
[1;36m[Device: id=0] RX[0m: 0.0000 Mpps, 0.00 Mbit/s (0.00 Mbit/s with framing)
[0;34m[Device: id=1] TX[0m: 0.0000 Mpps, 0.00 Mbit/s (0.00 Mbit/s with framing)
900000
[1;36m[Device: id=0] RX[0m: 0.0290 (StdDev 0.0055) Mpps, 348.94 (StdDev 66) Mbit/s (353.59 Mbit/s with framing), total 899318 packets with 1352574272 bytes (incl. CRC)
[0;34m[Device: id=1] TX[0m: 0.0290 (StdDev 0.0055) Mpps, 350.51 (StdDev 66) Mbit/s (355.15 Mbit/s with framing), total 900000 packets with 1360800000 bytes (incl. CRC)
