[1;37m[INFO]  Initializing DPDK. This will take a few seconds...[0m
EAL: Probing VFIO support...
EAL: WARNING: cpu flags constant_tsc=yes nonstop_tsc=no -> using unreliable clock cycles !
EAL: PCI device 0000:00:03.0 on NUMA socket -1
EAL:   Invalid NUMA socket, default to 0
EAL:   probe driver: 1af4:1000 net_virtio
EAL: PCI device 0000:00:04.0 on NUMA socket -1
EAL:   Invalid NUMA socket, default to 0
EAL:   probe driver: 1af4:1000 net_virtio
EAL: PCI device 0000:00:05.0 on NUMA socket -1
EAL:   Invalid NUMA socket, default to 0
EAL:   probe driver: 1af4:1000 net_virtio
[1;37m[INFO]  Found 2 usable devices:[0m
   Device 0: 52:54:00:C9:E4:6A ([0;32mRed Hat, Inc Virtio network device[0m)
   Device 1: 52:54:00:47:12:15 ([0;32mRed Hat, Inc Virtio network device[0m)
[1;37m[INFO]  Waiting for devices to come up...[0m
[1;37m[INFO]  Device 1 (52:54:00:47:12:15) is up: 10000 MBit/s[0m
[1;37m[INFO]  Device 0 (52:54:00:C9:E4:6A) is up: 10000 MBit/s[0m
[1;37m[INFO]  [0;32m2 devices are up.[0m[0m
[1;37m[INFO]  Trying to enable rx timestamping of all packets, this isn't supported by most nics[0m
[0;34m[Device: id=1] TX[0m: 0.2276 Mpps, 254.93 Mbit/s (291.35 Mbit/s with framing)
[1;36m[Device: id=0] RX[0m: 0.0588 Mpps, 62.11 Mbit/s (71.52 Mbit/s with framing)
[0;34m[Device: id=1] TX[0m: 0.2302 Mpps, 257.82 Mbit/s (294.65 Mbit/s with framing)
[1;36m[Device: id=0] RX[0m: 0.0431 Mpps, 45.55 Mbit/s (52.45 Mbit/s with framing)
[0;34m[Device: id=1] TX[0m: 0.2302 Mpps, 257.81 Mbit/s (294.64 Mbit/s with framing)
[1;36m[Device: id=0] RX[0m: 0.0408 Mpps, 43.08 Mbit/s (49.61 Mbit/s with framing)
[0;34m[Device: id=1] TX[0m: 0.2301 Mpps, 257.67 Mbit/s (294.48 Mbit/s with framing)
[1;36m[Device: id=0] RX[0m: 0.0395 Mpps, 41.66 Mbit/s (47.97 Mbit/s with framing)
[0;34m[Device: id=1] TX[0m: 0.2301 Mpps, 257.69 Mbit/s (294.50 Mbit/s with framing)
[1;36m[Device: id=0] RX[0m: 0.0398 Mpps, 41.98 Mbit/s (48.34 Mbit/s with framing)
[0;34m[Device: id=1] TX[0m: 0.2298 Mpps, 257.36 Mbit/s (294.13 Mbit/s with framing)
[1;36m[Device: id=0] RX[0m: 0.0413 Mpps, 43.59 Mbit/s (50.20 Mbit/s with framing)
[0;34m[Device: id=1] TX[0m: 0.2303 Mpps, 257.90 Mbit/s (294.74 Mbit/s with framing)
[1;36m[Device: id=0] RX[0m: 0.0413 Mpps, 43.59 Mbit/s (50.20 Mbit/s with framing)
[0;34m[Device: id=1] TX[0m: 0.2300 Mpps, 257.62 Mbit/s (294.42 Mbit/s with framing)
[1;36m[Device: id=0] RX[0m: 0.0394 Mpps, 41.65 Mbit/s (47.96 Mbit/s with framing)
[0;34m[Device: id=1] TX[0m: 0.2301 Mpps, 257.77 Mbit/s (294.59 Mbit/s with framing)
[1;36m[Device: id=0] RX[0m: 0.0395 Mpps, 41.66 Mbit/s (47.97 Mbit/s with framing)
[0;34m[Device: id=1] TX[0m: 0.2298 Mpps, 257.38 Mbit/s (294.15 Mbit/s with framing)
[1;36m[Device: id=0] RX[0m: 0.0413 Mpps, 43.58 Mbit/s (50.18 Mbit/s with framing)
[0;34m[Device: id=1] TX[0m: 0.2302 Mpps, 257.88 Mbit/s (294.72 Mbit/s with framing)
[1;36m[Device: id=0] RX[0m: 0.0409 Mpps, 43.21 Mbit/s (49.75 Mbit/s with framing)
[0;34m[Device: id=1] TX[0m: 0.2301 Mpps, 257.72 Mbit/s (294.54 Mbit/s with framing)
[1;36m[Device: id=0] RX[0m: 0.0403 Mpps, 42.60 Mbit/s (49.05 Mbit/s with framing)
[0;34m[Device: id=1] TX[0m: 0.2299 Mpps, 257.54 Mbit/s (294.33 Mbit/s with framing)
[1;36m[Device: id=0] RX[0m: 0.0401 Mpps, 42.33 Mbit/s (48.75 Mbit/s with framing)
[0;34m[Device: id=1] TX[0m: 0.2300 Mpps, 257.62 Mbit/s (294.42 Mbit/s with framing)
[1;36m[Device: id=0] RX[0m: 0.0413 Mpps, 43.63 Mbit/s (50.24 Mbit/s with framing)
[0;34m[Device: id=1] TX[0m: 0.2301 Mpps, 257.67 Mbit/s (294.48 Mbit/s with framing)
[1;36m[Device: id=0] RX[0m: 0.0413 Mpps, 43.64 Mbit/s (50.26 Mbit/s with framing)
[0;34m[Device: id=1] TX[0m: 0.2302 Mpps, 257.80 Mbit/s (294.62 Mbit/s with framing)
[1;36m[Device: id=0] RX[0m: 0.0401 Mpps, 42.30 Mbit/s (48.71 Mbit/s with framing)
[0;34m[Device: id=1] TX[0m: 0.2300 Mpps, 257.59 Mbit/s (294.39 Mbit/s with framing)
[1;36m[Device: id=0] RX[0m: 0.0400 Mpps, 42.22 Mbit/s (48.61 Mbit/s with framing)
[0;34m[Device: id=1] TX[0m: 0.2298 Mpps, 257.34 Mbit/s (294.10 Mbit/s with framing)
[1;36m[Device: id=0] RX[0m: 0.0414 Mpps, 43.69 Mbit/s (50.31 Mbit/s with framing)
[0;34m[Device: id=1] TX[0m: 0.2296 Mpps, 257.14 Mbit/s (293.88 Mbit/s with framing)
[1;36m[Device: id=0] RX[0m: 0.0407 Mpps, 42.93 Mbit/s (49.43 Mbit/s with framing)
[0;34m[Device: id=1] TX[0m: 0.2308 Mpps, 258.47 Mbit/s (295.39 Mbit/s with framing)
[1;36m[Device: id=0] RX[0m: 0.0401 Mpps, 42.30 Mbit/s (48.71 Mbit/s with framing)
[0;34m[Device: id=1] TX[0m: 0.2302 Mpps, 257.78 Mbit/s (294.60 Mbit/s with framing)
[1;36m[Device: id=0] RX[0m: 0.0399 Mpps, 42.11 Mbit/s (48.50 Mbit/s with framing)
[0;34m[Device: id=1] TX[0m: 0.2299 Mpps, 257.44 Mbit/s (294.22 Mbit/s with framing)
[1;36m[Device: id=0] RX[0m: 0.0438 Mpps, 46.29 Mbit/s (53.31 Mbit/s with framing)
[0;34m[Device: id=1] TX[0m: 0.2297 Mpps, 257.26 Mbit/s (294.01 Mbit/s with framing)
[1;36m[Device: id=0] RX[0m: 0.0398 Mpps, 42.08 Mbit/s (48.45 Mbit/s with framing)
[0;34m[Device: id=1] TX[0m: 0.2304 Mpps, 258.04 Mbit/s (294.90 Mbit/s with framing)
[1;36m[Device: id=0] RX[0m: 0.0398 Mpps, 42.02 Mbit/s (48.38 Mbit/s with framing)
[0;34m[Device: id=1] TX[0m: 0.2303 Mpps, 257.89 Mbit/s (294.73 Mbit/s with framing)
[1;36m[Device: id=0] RX[0m: 0.0396 Mpps, 41.84 Mbit/s (48.17 Mbit/s with framing)
[0;34m[Device: id=1] TX[0m: 0.2297 Mpps, 257.32 Mbit/s (294.08 Mbit/s with framing)
[1;36m[Device: id=0] RX[0m: 0.0399 Mpps, 42.15 Mbit/s (48.54 Mbit/s with framing)
[0;34m[Device: id=1] TX[0m: 0.2302 Mpps, 257.87 Mbit/s (294.71 Mbit/s with framing)
[1;36m[Device: id=0] RX[0m: 0.0457 Mpps, 48.26 Mbit/s (55.58 Mbit/s with framing)
[0;34m[Device: id=1] TX[0m: 0.2299 Mpps, 257.49 Mbit/s (294.28 Mbit/s with framing)
[1;36m[Device: id=0] RX[0m: 0.0400 Mpps, 42.22 Mbit/s (48.62 Mbit/s with framing)
[0;34m[Device: id=1] TX[0m: 0.2300 Mpps, 257.60 Mbit/s (294.39 Mbit/s with framing)
[1;36m[Device: id=0] RX[0m: 0.0416 Mpps, 43.92 Mbit/s (50.57 Mbit/s with framing)
51
[0;34m[Device: id=1] TX[0m: 0.2271 Mpps, 254.31 Mbit/s (290.65 Mbit/s with framing)
[1;36m[Device: id=0] RX[0m: 0.0399 Mpps, 42.16 Mbit/s (48.55 Mbit/s with framing)
[0;34m[Device: id=1] TX[0m: 0.0000 Mpps, 0.00 Mbit/s (0.00 Mbit/s with framing)
[1;36m[Device: id=0] RX[0m: 0.0000 Mpps, 0.00 Mbit/s (0.00 Mbit/s with framing)
6900000
[1;36m[Device: id=0] RX[0m: 0.0394 (StdDev 0.0076) Mpps, 41.61 (StdDev 8) Mbit/s (47.91 Mbit/s with framing), total 1240895 packets with 163798140 bytes (incl. CRC)
[0;34m[Device: id=1] TX[0m: 0.2223 (StdDev 0.0420) Mpps, 248.96 (StdDev 47) Mbit/s (284.52 Mbit/s with framing), total 6900000 packets with 966000000 bytes (incl. CRC)
