[1;37m[INFO]  Initializing DPDK. This will take a few seconds...[0m
EAL: Probing VFIO support...
EAL: WARNING: cpu flags constant_tsc=yes nonstop_tsc=no -> using unreliable clock cycles !
EAL: PCI device 0000:00:03.0 on NUMA socket -1
EAL:   Invalid NUMA socket, default to 0
EAL:   probe driver: 1af4:1000 net_virtio
EAL: PCI device 0000:00:04.0 on NUMA socket -1
EAL:   Invalid NUMA socket, default to 0
EAL:   probe driver: 1af4:1000 net_virtio
EAL: PCI device 0000:00:05.0 on NUMA socket -1
EAL:   Invalid NUMA socket, default to 0
EAL:   probe driver: 1af4:1000 net_virtio
[1;37m[INFO]  Found 2 usable devices:[0m
   Device 0: 52:54:00:C9:E4:6A ([0;32mRed Hat, Inc Virtio network device[0m)
   Device 1: 52:54:00:47:12:15 ([0;32mRed Hat, Inc Virtio network device[0m)
[1;37m[INFO]  Waiting for devices to come up...[0m
[1;37m[INFO]  Device 1 (52:54:00:47:12:15) is up: 10000 MBit/s[0m
[1;37m[INFO]  Device 0 (52:54:00:C9:E4:6A) is up: 10000 MBit/s[0m
[1;37m[INFO]  [0;32m2 devices are up.[0m[0m
[1;37m[INFO]  Trying to enable rx timestamping of all packets, this isn't supported by most nics[0m
[0;34m[Device: id=1] TX[0m: 0.0393 Mpps, 406.31 Mbit/s (412.60 Mbit/s with framing)
[1;36m[Device: id=0] RX[0m: 0.0383 Mpps, 393.60 Mbit/s (399.73 Mbit/s with framing)
[0;34m[Device: id=1] TX[0m: 0.0400 Mpps, 413.37 Mbit/s (419.77 Mbit/s with framing)
[1;36m[Device: id=0] RX[0m: 0.0402 Mpps, 412.52 Mbit/s (418.95 Mbit/s with framing)
[0;34m[Device: id=1] TX[0m: 0.0400 Mpps, 413.45 Mbit/s (419.85 Mbit/s with framing)
[1;36m[Device: id=0] RX[0m: 0.0399 Mpps, 409.35 Mbit/s (415.73 Mbit/s with framing)
[0;34m[Device: id=1] TX[0m: 0.0400 Mpps, 413.43 Mbit/s (419.83 Mbit/s with framing)
[1;36m[Device: id=0] RX[0m: 0.0400 Mpps, 410.58 Mbit/s (416.98 Mbit/s with framing)
[0;34m[Device: id=1] TX[0m: 0.0400 Mpps, 413.49 Mbit/s (419.89 Mbit/s with framing)
[1;36m[Device: id=0] RX[0m: 0.0401 Mpps, 412.41 Mbit/s (418.83 Mbit/s with framing)
[0;34m[Device: id=1] TX[0m: 0.0400 Mpps, 413.40 Mbit/s (419.80 Mbit/s with framing)
[1;36m[Device: id=0] RX[0m: 0.0401 Mpps, 411.55 Mbit/s (417.96 Mbit/s with framing)
[0;34m[Device: id=1] TX[0m: 0.0400 Mpps, 413.43 Mbit/s (419.83 Mbit/s with framing)
[1;36m[Device: id=0] RX[0m: 0.0400 Mpps, 410.43 Mbit/s (416.83 Mbit/s with framing)
[0;34m[Device: id=1] TX[0m: 0.0400 Mpps, 413.45 Mbit/s (419.85 Mbit/s with framing)
[1;36m[Device: id=0] RX[0m: 0.0400 Mpps, 410.38 Mbit/s (416.77 Mbit/s with framing)
[0;34m[Device: id=1] TX[0m: 0.0400 Mpps, 413.44 Mbit/s (419.84 Mbit/s with framing)
[1;36m[Device: id=0] RX[0m: 0.0400 Mpps, 411.19 Mbit/s (417.59 Mbit/s with framing)
[0;34m[Device: id=1] TX[0m: 0.0400 Mpps, 413.44 Mbit/s (419.84 Mbit/s with framing)
[1;36m[Device: id=0] RX[0m: 0.0400 Mpps, 411.34 Mbit/s (417.74 Mbit/s with framing)
[0;34m[Device: id=1] TX[0m: 0.0400 Mpps, 413.45 Mbit/s (419.85 Mbit/s with framing)
[1;36m[Device: id=0] RX[0m: 0.0399 Mpps, 410.35 Mbit/s (416.74 Mbit/s with framing)
[0;34m[Device: id=1] TX[0m: 0.0400 Mpps, 413.42 Mbit/s (419.82 Mbit/s with framing)
[1;36m[Device: id=0] RX[0m: 0.0398 Mpps, 409.13 Mbit/s (415.50 Mbit/s with framing)
[0;34m[Device: id=1] TX[0m: 0.0400 Mpps, 413.44 Mbit/s (419.84 Mbit/s with framing)
[1;36m[Device: id=0] RX[0m: 0.0402 Mpps, 412.73 Mbit/s (419.16 Mbit/s with framing)
[0;34m[Device: id=1] TX[0m: 0.0400 Mpps, 413.45 Mbit/s (419.85 Mbit/s with framing)
[1;36m[Device: id=0] RX[0m: 0.0401 Mpps, 411.49 Mbit/s (417.90 Mbit/s with framing)
[1;36m[Device: id=0] RX[0m: 0.0398 Mpps, 408.90 Mbit/s (415.26 Mbit/s with framing)
[0;34m[Device: id=1] TX[0m: 0.0400 Mpps, 413.43 Mbit/s (419.83 Mbit/s with framing)
[1;36m[Device: id=0] RX[0m: 0.0400 Mpps, 411.17 Mbit/s (417.58 Mbit/s with framing)
[0;34m[Device: id=1] TX[0m: 0.0400 Mpps, 413.45 Mbit/s (419.85 Mbit/s with framing)
[1;36m[Device: id=0] RX[0m: 0.0401 Mpps, 411.48 Mbit/s (417.89 Mbit/s with framing)
[0;34m[Device: id=1] TX[0m: 0.0400 Mpps, 413.44 Mbit/s (419.84 Mbit/s with framing)
[1;36m[Device: id=0] RX[0m: 0.0401 Mpps, 411.95 Mbit/s (418.36 Mbit/s with framing)
[0;34m[Device: id=1] TX[0m: 0.0400 Mpps, 413.44 Mbit/s (419.84 Mbit/s with framing)
[1;36m[Device: id=0] RX[0m: 0.0400 Mpps, 410.47 Mbit/s (416.87 Mbit/s with framing)
[0;34m[Device: id=1] TX[0m: 0.0400 Mpps, 413.44 Mbit/s (419.84 Mbit/s with framing)
[1;36m[Device: id=0] RX[0m: 0.0400 Mpps, 411.28 Mbit/s (417.69 Mbit/s with framing)
[0;34m[Device: id=1] TX[0m: 0.0400 Mpps, 413.44 Mbit/s (419.84 Mbit/s with framing)
[1;36m[Device: id=0] RX[0m: 0.0399 Mpps, 409.81 Mbit/s (416.19 Mbit/s with framing)
[0;34m[Device: id=1] TX[0m: 0.0400 Mpps, 413.44 Mbit/s (419.84 Mbit/s with framing)
[1;36m[Device: id=0] RX[0m: 0.0401 Mpps, 411.94 Mbit/s (418.36 Mbit/s with framing)
[0;34m[Device: id=1] TX[0m: 0.0400 Mpps, 413.44 Mbit/s (419.84 Mbit/s with framing)
[1;36m[Device: id=0] RX[0m: 0.0399 Mpps, 410.03 Mbit/s (416.42 Mbit/s with framing)
[0;34m[Device: id=1] TX[0m: 0.0400 Mpps, 413.45 Mbit/s (419.85 Mbit/s with framing)
[1;36m[Device: id=0] RX[0m: 0.0396 Mpps, 406.52 Mbit/s (412.86 Mbit/s with framing)
[0;34m[Device: id=1] TX[0m: 0.0400 Mpps, 413.44 Mbit/s (419.84 Mbit/s with framing)
[1;36m[Device: id=0] RX[0m: 0.0405 Mpps, 416.03 Mbit/s (422.51 Mbit/s with framing)
[0;34m[Device: id=1] TX[0m: 0.0400 Mpps, 413.44 Mbit/s (419.84 Mbit/s with framing)
[1;36m[Device: id=0] RX[0m: 0.0400 Mpps, 410.97 Mbit/s (417.37 Mbit/s with framing)
[0;34m[Device: id=1] TX[0m: 0.0400 Mpps, 413.44 Mbit/s (419.84 Mbit/s with framing)
[1;36m[Device: id=0] RX[0m: 0.0399 Mpps, 409.81 Mbit/s (416.20 Mbit/s with framing)
[0;34m[Device: id=1] TX[0m: 0.0400 Mpps, 413.44 Mbit/s (419.84 Mbit/s with framing)
[1;36m[Device: id=0] RX[0m: 0.0401 Mpps, 411.42 Mbit/s (417.83 Mbit/s with framing)
[0;34m[Device: id=1] TX[0m: 0.0400 Mpps, 413.44 Mbit/s (419.84 Mbit/s with framing)
[1;36m[Device: id=0] RX[0m: 0.0393 Mpps, 403.70 Mbit/s (409.99 Mbit/s with framing)
[0;34m[Device: id=1] TX[0m: 0.0400 Mpps, 413.45 Mbit/s (419.85 Mbit/s with framing)
39
[1;36m[Device: id=0] RX[0m: 0.0401 Mpps, 411.77 Mbit/s (418.18 Mbit/s with framing)
[0;34m[Device: id=1] TX[0m: 0.0358 Mpps, 369.81 Mbit/s (375.54 Mbit/s with framing)
[1;36m[Device: id=0] RX[0m: 0.0000 Mpps, 0.00 Mbit/s (0.00 Mbit/s with framing)
[0;34m[Device: id=1] TX[0m: 0.0000 Mpps, 0.00 Mbit/s (0.00 Mbit/s with framing)
1200000
[1;36m[Device: id=0] RX[0m: 0.0387 (StdDev 0.0073) Mpps, 397.02 (StdDev 75) Mbit/s (403.21 Mbit/s with framing), total 1197867 packets with 1538061228 bytes (incl. CRC)
[0;34m[Device: id=1] TX[0m: 0.0385 (StdDev 0.0073) Mpps, 398.20 (StdDev 76) Mbit/s (404.37 Mbit/s with framing), total 1200000 packets with 1550400000 bytes (incl. CRC)
