[1;37m[INFO]  Initializing DPDK. This will take a few seconds...[0m
EAL: Probing VFIO support...
EAL: WARNING: cpu flags constant_tsc=yes nonstop_tsc=no -> using unreliable clock cycles !
EAL: PCI device 0000:00:03.0 on NUMA socket -1
EAL:   Invalid NUMA socket, default to 0
EAL:   probe driver: 1af4:1000 net_virtio
EAL: PCI device 0000:00:04.0 on NUMA socket -1
EAL:   Invalid NUMA socket, default to 0
EAL:   probe driver: 1af4:1000 net_virtio
EAL: PCI device 0000:00:05.0 on NUMA socket -1
EAL:   Invalid NUMA socket, default to 0
EAL:   probe driver: 1af4:1000 net_virtio
[1;37m[INFO]  Found 2 usable devices:[0m
   Device 0: 52:54:00:C9:E4:6A ([0;32mRed Hat, Inc Virtio network device[0m)
   Device 1: 52:54:00:47:12:15 ([0;32mRed Hat, Inc Virtio network device[0m)
[1;37m[INFO]  Waiting for devices to come up...[0m
[1;37m[INFO]  Device 1 (52:54:00:47:12:15) is up: 10000 MBit/s[0m
[1;37m[INFO]  Device 0 (52:54:00:C9:E4:6A) is up: 10000 MBit/s[0m
[1;37m[INFO]  [0;32m2 devices are up.[0m[0m
[1;37m[INFO]  Trying to enable rx timestamping of all packets, this isn't supported by most nics[0m
[0;34m[Device: id=1] TX[0m: 0.1985 Mpps, 222.27 Mbit/s (254.02 Mbit/s with framing)
[1;36m[Device: id=0] RX[0m: 0.0948 Mpps, 100.16 Mbit/s (115.33 Mbit/s with framing)
[1;36m[Device: id=0] RX[0m: 0.0376 Mpps, 39.70 Mbit/s (45.71 Mbit/s with framing)
[0;34m[Device: id=1] TX[0m: 0.1941 Mpps, 217.41 Mbit/s (248.47 Mbit/s with framing)
[1;36m[Device: id=0] RX[0m: 0.0393 Mpps, 41.54 Mbit/s (47.83 Mbit/s with framing)
[0;34m[Device: id=1] TX[0m: 0.2027 Mpps, 227.05 Mbit/s (259.49 Mbit/s with framing)
[1;36m[Device: id=0] RX[0m: 0.0391 Mpps, 41.24 Mbit/s (47.49 Mbit/s with framing)
[0;34m[Device: id=1] TX[0m: 0.0525 Mpps, 58.84 Mbit/s (67.25 Mbit/s with framing)
[1;36m[Device: id=0] RX[0m: 0.0390 Mpps, 41.23 Mbit/s (47.48 Mbit/s with framing)
[0;34m[Device: id=1] TX[0m: 0.3197 Mpps, 358.04 Mbit/s (409.19 Mbit/s with framing)
[1;36m[Device: id=0] RX[0m: 0.0493 Mpps, 52.08 Mbit/s (59.98 Mbit/s with framing)
[0;34m[Device: id=1] TX[0m: 0.1802 Mpps, 201.77 Mbit/s (230.60 Mbit/s with framing)
[1;36m[Device: id=0] RX[0m: 0.0392 Mpps, 41.41 Mbit/s (47.68 Mbit/s with framing)
[0;34m[Device: id=1] TX[0m: 0.0468 Mpps, 52.43 Mbit/s (59.91 Mbit/s with framing)
[1;36m[Device: id=0] RX[0m: 0.0393 Mpps, 41.46 Mbit/s (47.75 Mbit/s with framing)
[0;34m[Device: id=1] TX[0m: 0.3161 Mpps, 353.99 Mbit/s (404.56 Mbit/s with framing)
[1;36m[Device: id=0] RX[0m: 0.0393 Mpps, 41.47 Mbit/s (47.75 Mbit/s with framing)
[0;34m[Device: id=1] TX[0m: 0.2406 Mpps, 269.44 Mbit/s (307.93 Mbit/s with framing)
[1;36m[Device: id=0] RX[0m: 0.0392 Mpps, 41.38 Mbit/s (47.65 Mbit/s with framing)
[0;34m[Device: id=1] TX[0m: 0.2254 Mpps, 252.44 Mbit/s (288.51 Mbit/s with framing)
[1;36m[Device: id=0] RX[0m: 0.0537 Mpps, 56.69 Mbit/s (65.27 Mbit/s with framing)
[0;34m[Device: id=1] TX[0m: 0.2031 Mpps, 227.44 Mbit/s (259.93 Mbit/s with framing)
[1;36m[Device: id=0] RX[0m: 0.1374 Mpps, 145.05 Mbit/s (167.03 Mbit/s with framing)
[0;34m[Device: id=1] TX[0m: 0.2134 Mpps, 239.05 Mbit/s (273.20 Mbit/s with framing)
[1;36m[Device: id=0] RX[0m: 0.0547 Mpps, 57.79 Mbit/s (66.54 Mbit/s with framing)
[0;34m[Device: id=1] TX[0m: 0.1051 Mpps, 117.70 Mbit/s (134.51 Mbit/s with framing)
[1;36m[Device: id=0] RX[0m: 0.0389 Mpps, 41.04 Mbit/s (47.25 Mbit/s with framing)
[0;34m[Device: id=1] TX[0m: 0.2701 Mpps, 302.47 Mbit/s (345.68 Mbit/s with framing)
[1;36m[Device: id=0] RX[0m: 0.0477 Mpps, 50.36 Mbit/s (57.99 Mbit/s with framing)
[0;34m[Device: id=1] TX[0m: 0.2211 Mpps, 247.58 Mbit/s (282.95 Mbit/s with framing)
[1;36m[Device: id=0] RX[0m: 0.0397 Mpps, 41.87 Mbit/s (48.22 Mbit/s with framing)
[0;34m[Device: id=1] TX[0m: 0.2096 Mpps, 234.73 Mbit/s (268.26 Mbit/s with framing)
[1;36m[Device: id=0] RX[0m: 0.0439 Mpps, 46.37 Mbit/s (53.39 Mbit/s with framing)
[0;34m[Device: id=1] TX[0m: 0.1461 Mpps, 163.58 Mbit/s (186.95 Mbit/s with framing)
[1;36m[Device: id=0] RX[0m: 0.0407 Mpps, 43.02 Mbit/s (49.53 Mbit/s with framing)
[0;34m[Device: id=1] TX[0m: 0.1812 Mpps, 202.95 Mbit/s (231.94 Mbit/s with framing)
[1;36m[Device: id=0] RX[0m: 0.0396 Mpps, 41.85 Mbit/s (48.20 Mbit/s with framing)
[0;34m[Device: id=1] TX[0m: 0.1358 Mpps, 152.07 Mbit/s (173.80 Mbit/s with framing)
[1;36m[Device: id=0] RX[0m: 0.0397 Mpps, 41.94 Mbit/s (48.29 Mbit/s with framing)
[0;34m[Device: id=1] TX[0m: 0.2472 Mpps, 276.81 Mbit/s (316.36 Mbit/s with framing)
[1;36m[Device: id=0] RX[0m: 0.0424 Mpps, 44.81 Mbit/s (51.60 Mbit/s with framing)
[0;34m[Device: id=1] TX[0m: 0.2871 Mpps, 321.56 Mbit/s (367.50 Mbit/s with framing)
[1;36m[Device: id=0] RX[0m: 0.0429 Mpps, 45.31 Mbit/s (52.18 Mbit/s with framing)
[0;34m[Device: id=1] TX[0m: 0.1929 Mpps, 216.03 Mbit/s (246.89 Mbit/s with framing)
[1;36m[Device: id=0] RX[0m: 0.0461 Mpps, 48.65 Mbit/s (56.02 Mbit/s with framing)
[0;34m[Device: id=1] TX[0m: 0.1909 Mpps, 213.77 Mbit/s (244.31 Mbit/s with framing)
[1;36m[Device: id=0] RX[0m: 0.0399 Mpps, 42.10 Mbit/s (48.48 Mbit/s with framing)
[0;34m[Device: id=1] TX[0m: 0.2029 Mpps, 227.23 Mbit/s (259.69 Mbit/s with framing)
[1;36m[Device: id=0] RX[0m: 0.0398 Mpps, 42.06 Mbit/s (48.43 Mbit/s with framing)
[0;34m[Device: id=1] TX[0m: 0.2149 Mpps, 240.68 Mbit/s (275.06 Mbit/s with framing)
[1;36m[Device: id=0] RX[0m: 0.0397 Mpps, 41.89 Mbit/s (48.24 Mbit/s with framing)
[0;34m[Device: id=1] TX[0m: 0.1863 Mpps, 208.68 Mbit/s (238.49 Mbit/s with framing)
[1;36m[Device: id=0] RX[0m: 0.0400 Mpps, 42.21 Mbit/s (48.61 Mbit/s with framing)
[0;34m[Device: id=1] TX[0m: 0.2089 Mpps, 233.94 Mbit/s (267.36 Mbit/s with framing)
[1;36m[Device: id=0] RX[0m: 0.0397 Mpps, 41.91 Mbit/s (48.26 Mbit/s with framing)
[0;34m[Device: id=1] TX[0m: 0.2043 Mpps, 228.84 Mbit/s (261.53 Mbit/s with framing)
[1;36m[Device: id=0] RX[0m: 0.0397 Mpps, 41.92 Mbit/s (48.27 Mbit/s with framing)
[0;34m[Device: id=1] TX[0m: 0.1970 Mpps, 220.59 Mbit/s (252.10 Mbit/s with framing)
[1;36m[Device: id=0] RX[0m: 0.0398 Mpps, 42.01 Mbit/s (48.37 Mbit/s with framing)
[0;34m[Device: id=1] TX[0m: 0.1723 Mpps, 193.02 Mbit/s (220.59 Mbit/s with framing)
6
[1;36m[Device: id=0] RX[0m: 0.0090 Mpps, 9.51 Mbit/s (10.95 Mbit/s with framing)
[0;34m[Device: id=1] TX[0m: 0.0080 Mpps, 8.97 Mbit/s (10.26 Mbit/s with framing)
6000000
[1;36m[Device: id=0] RX[0m: 0.0439 (StdDev 0.0191) Mpps, 46.33 (StdDev 20) Mbit/s (53.35 Mbit/s with framing), total 1411025 packets with 186255300 bytes (incl. CRC)
[0;34m[Device: id=1] TX[0m: 0.1925 (StdDev 0.0705) Mpps, 215.64 (StdDev 79) Mbit/s (246.44 Mbit/s with framing), total 6000000 packets with 840000000 bytes (incl. CRC)
