[1;37m[INFO]  Initializing DPDK. This will take a few seconds...[0m
EAL: Probing VFIO support...
EAL: WARNING: cpu flags constant_tsc=yes nonstop_tsc=no -> using unreliable clock cycles !
EAL: PCI device 0000:00:03.0 on NUMA socket -1
EAL:   Invalid NUMA socket, default to 0
EAL:   probe driver: 1af4:1000 net_virtio
EAL: PCI device 0000:00:04.0 on NUMA socket -1
EAL:   Invalid NUMA socket, default to 0
EAL:   probe driver: 1af4:1000 net_virtio
EAL: PCI device 0000:00:05.0 on NUMA socket -1
EAL:   Invalid NUMA socket, default to 0
EAL:   probe driver: 1af4:1000 net_virtio
[1;37m[INFO]  Found 2 usable devices:[0m
   Device 0: 52:54:00:C9:E4:6A ([0;32mRed Hat, Inc Virtio network device[0m)
   Device 1: 52:54:00:47:12:15 ([0;32mRed Hat, Inc Virtio network device[0m)
[1;37m[INFO]  Waiting for devices to come up...[0m
[1;37m[INFO]  Device 1 (52:54:00:47:12:15) is up: 10000 MBit/s[0m
[1;37m[INFO]  Device 0 (52:54:00:C9:E4:6A) is up: 10000 MBit/s[0m
[1;37m[INFO]  [0;32m2 devices are up.[0m[0m
[1;37m[INFO]  Trying to enable rx timestamping of all packets, this isn't supported by most nics[0m
[0;34m[Device: id=1] TX[0m: 0.1106 Mpps, 123.87 Mbit/s (141.57 Mbit/s with framing)
[1;36m[Device: id=0] RX[0m: 0.0377 Mpps, 39.84 Mbit/s (45.88 Mbit/s with framing)
[0;34m[Device: id=1] TX[0m: 0.1101 Mpps, 123.31 Mbit/s (140.92 Mbit/s with framing)
[1;36m[Device: id=0] RX[0m: 0.0427 Mpps, 45.14 Mbit/s (51.98 Mbit/s with framing)
[0;34m[Device: id=1] TX[0m: 0.1098 Mpps, 122.95 Mbit/s (140.51 Mbit/s with framing)
[1;36m[Device: id=0] RX[0m: 0.0435 Mpps, 45.98 Mbit/s (52.95 Mbit/s with framing)
[0;34m[Device: id=1] TX[0m: 0.1102 Mpps, 123.48 Mbit/s (141.12 Mbit/s with framing)
[1;36m[Device: id=0] RX[0m: 0.0442 Mpps, 46.65 Mbit/s (53.72 Mbit/s with framing)
[0;34m[Device: id=1] TX[0m: 0.1097 Mpps, 122.88 Mbit/s (140.44 Mbit/s with framing)
[1;36m[Device: id=0] RX[0m: 0.0434 Mpps, 45.85 Mbit/s (52.79 Mbit/s with framing)
[0;34m[Device: id=1] TX[0m: 0.1098 Mpps, 122.99 Mbit/s (140.56 Mbit/s with framing)
[1;36m[Device: id=0] RX[0m: 0.0423 Mpps, 44.63 Mbit/s (51.39 Mbit/s with framing)
[0;34m[Device: id=1] TX[0m: 0.1092 Mpps, 122.30 Mbit/s (139.77 Mbit/s with framing)
[1;36m[Device: id=0] RX[0m: 0.0405 Mpps, 42.73 Mbit/s (49.21 Mbit/s with framing)
[0;34m[Device: id=1] TX[0m: 0.1098 Mpps, 122.94 Mbit/s (140.50 Mbit/s with framing)
[1;36m[Device: id=0] RX[0m: 0.0419 Mpps, 44.23 Mbit/s (50.94 Mbit/s with framing)
[0;34m[Device: id=1] TX[0m: 0.1114 Mpps, 124.75 Mbit/s (142.58 Mbit/s with framing)
[1;36m[Device: id=0] RX[0m: 0.0434 Mpps, 45.78 Mbit/s (52.72 Mbit/s with framing)
[1;36m[Device: id=0] RX[0m: 0.0428 Mpps, 45.17 Mbit/s (52.01 Mbit/s with framing)
[0;34m[Device: id=1] TX[0m: 0.1095 Mpps, 122.66 Mbit/s (140.19 Mbit/s with framing)
[1;36m[Device: id=0] RX[0m: 0.0399 Mpps, 42.13 Mbit/s (48.51 Mbit/s with framing)
[0;34m[Device: id=1] TX[0m: 0.1106 Mpps, 123.84 Mbit/s (141.53 Mbit/s with framing)
[1;36m[Device: id=0] RX[0m: 0.0421 Mpps, 44.43 Mbit/s (51.17 Mbit/s with framing)
[0;34m[Device: id=1] TX[0m: 0.1101 Mpps, 123.32 Mbit/s (140.94 Mbit/s with framing)
[1;36m[Device: id=0] RX[0m: 0.0408 Mpps, 43.09 Mbit/s (49.61 Mbit/s with framing)
[0;34m[Device: id=1] TX[0m: 0.1097 Mpps, 122.88 Mbit/s (140.43 Mbit/s with framing)
[1;36m[Device: id=0] RX[0m: 0.0411 Mpps, 43.37 Mbit/s (49.94 Mbit/s with framing)
[0;34m[Device: id=1] TX[0m: 0.1099 Mpps, 123.09 Mbit/s (140.68 Mbit/s with framing)
[1;36m[Device: id=0] RX[0m: 0.0437 Mpps, 46.11 Mbit/s (53.09 Mbit/s with framing)
[0;34m[Device: id=1] TX[0m: 0.1089 Mpps, 121.97 Mbit/s (139.39 Mbit/s with framing)
[1;36m[Device: id=0] RX[0m: 0.0409 Mpps, 43.19 Mbit/s (49.73 Mbit/s with framing)
[0;34m[Device: id=1] TX[0m: 0.1110 Mpps, 124.35 Mbit/s (142.11 Mbit/s with framing)
[1;36m[Device: id=0] RX[0m: 0.0428 Mpps, 45.19 Mbit/s (52.04 Mbit/s with framing)
[0;34m[Device: id=1] TX[0m: 0.1097 Mpps, 122.82 Mbit/s (140.36 Mbit/s with framing)
[1;36m[Device: id=0] RX[0m: 0.0416 Mpps, 43.93 Mbit/s (50.58 Mbit/s with framing)
[0;34m[Device: id=1] TX[0m: 0.1108 Mpps, 124.14 Mbit/s (141.87 Mbit/s with framing)
[1;36m[Device: id=0] RX[0m: 0.0410 Mpps, 43.32 Mbit/s (49.89 Mbit/s with framing)
[0;34m[Device: id=1] TX[0m: 0.1095 Mpps, 122.67 Mbit/s (140.19 Mbit/s with framing)
[1;36m[Device: id=0] RX[0m: 0.0423 Mpps, 44.65 Mbit/s (51.42 Mbit/s with framing)
[0;34m[Device: id=1] TX[0m: 0.1092 Mpps, 122.32 Mbit/s (139.80 Mbit/s with framing)
[1;36m[Device: id=0] RX[0m: 0.0417 Mpps, 44.00 Mbit/s (50.66 Mbit/s with framing)
[0;34m[Device: id=1] TX[0m: 0.1113 Mpps, 124.66 Mbit/s (142.47 Mbit/s with framing)
[1;36m[Device: id=0] RX[0m: 0.0422 Mpps, 44.57 Mbit/s (51.33 Mbit/s with framing)
[0;34m[Device: id=1] TX[0m: 0.1099 Mpps, 123.12 Mbit/s (140.71 Mbit/s with framing)
[1;36m[Device: id=0] RX[0m: 0.0423 Mpps, 44.67 Mbit/s (51.44 Mbit/s with framing)
[0;34m[Device: id=1] TX[0m: 0.1101 Mpps, 123.32 Mbit/s (140.94 Mbit/s with framing)
[1;36m[Device: id=0] RX[0m: 0.0441 Mpps, 46.57 Mbit/s (53.63 Mbit/s with framing)
[0;34m[Device: id=1] TX[0m: 0.1100 Mpps, 123.18 Mbit/s (140.77 Mbit/s with framing)
[1;36m[Device: id=0] RX[0m: 0.0408 Mpps, 43.10 Mbit/s (49.63 Mbit/s with framing)
[0;34m[Device: id=1] TX[0m: 0.1100 Mpps, 123.18 Mbit/s (140.78 Mbit/s with framing)
[1;36m[Device: id=0] RX[0m: 0.0412 Mpps, 43.54 Mbit/s (50.14 Mbit/s with framing)
[0;34m[Device: id=1] TX[0m: 0.1100 Mpps, 123.22 Mbit/s (140.82 Mbit/s with framing)
[1;36m[Device: id=0] RX[0m: 0.0435 Mpps, 45.95 Mbit/s (52.91 Mbit/s with framing)
[0;34m[Device: id=1] TX[0m: 0.1100 Mpps, 123.21 Mbit/s (140.81 Mbit/s with framing)
[1;36m[Device: id=0] RX[0m: 0.0434 Mpps, 45.78 Mbit/s (52.72 Mbit/s with framing)
[0;34m[Device: id=1] TX[0m: 0.1098 Mpps, 123.02 Mbit/s (140.60 Mbit/s with framing)
[1;36m[Device: id=0] RX[0m: 0.0414 Mpps, 43.69 Mbit/s (50.31 Mbit/s with framing)
[0;34m[Device: id=1] TX[0m: 0.1100 Mpps, 123.25 Mbit/s (140.86 Mbit/s with framing)
60
[1;36m[Device: id=0] RX[0m: 0.0421 Mpps, 44.51 Mbit/s (51.25 Mbit/s with framing)
[0;34m[Device: id=1] TX[0m: 0.0942 Mpps, 105.56 Mbit/s (120.64 Mbit/s with framing)
[1;36m[Device: id=0] RX[0m: 0.0001 Mpps, 0.10 Mbit/s (0.12 Mbit/s with framing)
[0;34m[Device: id=1] TX[0m: 0.0000 Mpps, 0.00 Mbit/s (0.00 Mbit/s with framing)
3300000
[1;36m[Device: id=0] RX[0m: 0.0408 (StdDev 0.0078) Mpps, 43.07 (StdDev 8) Mbit/s (49.59 Mbit/s with framing), total 1261281 packets with 166489092 bytes (incl. CRC)
[0;34m[Device: id=1] TX[0m: 0.1058 (StdDev 0.0202) Mpps, 118.51 (StdDev 23) Mbit/s (135.44 Mbit/s with framing), total 3300000 packets with 462000000 bytes (incl. CRC)
