[1;37m[INFO]  Initializing DPDK. This will take a few seconds...[0m
EAL: Probing VFIO support...
EAL: WARNING: cpu flags constant_tsc=yes nonstop_tsc=no -> using unreliable clock cycles !
EAL: PCI device 0000:00:03.0 on NUMA socket -1
EAL:   Invalid NUMA socket, default to 0
EAL:   probe driver: 1af4:1000 net_virtio
EAL: PCI device 0000:00:04.0 on NUMA socket -1
EAL:   Invalid NUMA socket, default to 0
EAL:   probe driver: 1af4:1000 net_virtio
EAL: PCI device 0000:00:05.0 on NUMA socket -1
EAL:   Invalid NUMA socket, default to 0
EAL:   probe driver: 1af4:1000 net_virtio
[1;37m[INFO]  Found 2 usable devices:[0m
   Device 0: 52:54:00:C9:E4:6A ([0;32mRed Hat, Inc Virtio network device[0m)
   Device 1: 52:54:00:47:12:15 ([0;32mRed Hat, Inc Virtio network device[0m)
[1;37m[INFO]  Waiting for devices to come up...[0m
[1;37m[INFO]  Device 1 (52:54:00:47:12:15) is up: 10000 MBit/s[0m
[1;37m[INFO]  Device 0 (52:54:00:C9:E4:6A) is up: 10000 MBit/s[0m
[1;37m[INFO]  [0;32m2 devices are up.[0m[0m
[1;37m[INFO]  Trying to enable rx timestamping of all packets, this isn't supported by most nics[0m
[0;34m[Device: id=1] TX[0m: 0.0383 Mpps, 42.92 Mbit/s (49.05 Mbit/s with framing)
[1;36m[Device: id=0] RX[0m: 0.0388 Mpps, 40.98 Mbit/s (47.18 Mbit/s with framing)
[0;34m[Device: id=1] TX[0m: 0.0400 Mpps, 44.80 Mbit/s (51.20 Mbit/s with framing)
[1;36m[Device: id=0] RX[0m: 0.0401 Mpps, 42.33 Mbit/s (48.75 Mbit/s with framing)
[0;34m[Device: id=1] TX[0m: 0.0400 Mpps, 44.80 Mbit/s (51.20 Mbit/s with framing)
[1;36m[Device: id=0] RX[0m: 0.0400 Mpps, 42.24 Mbit/s (48.65 Mbit/s with framing)
[0;34m[Device: id=1] TX[0m: 0.0400 Mpps, 44.80 Mbit/s (51.20 Mbit/s with framing)
[1;36m[Device: id=0] RX[0m: 0.0400 Mpps, 42.24 Mbit/s (48.64 Mbit/s with framing)
[0;34m[Device: id=1] TX[0m: 0.0400 Mpps, 44.80 Mbit/s (51.20 Mbit/s with framing)
[1;36m[Device: id=0] RX[0m: 0.0400 Mpps, 42.24 Mbit/s (48.64 Mbit/s with framing)
[0;34m[Device: id=1] TX[0m: 0.0400 Mpps, 44.80 Mbit/s (51.20 Mbit/s with framing)
[1;36m[Device: id=0] RX[0m: 0.0400 Mpps, 42.21 Mbit/s (48.61 Mbit/s with framing)
[0;34m[Device: id=1] TX[0m: 0.0400 Mpps, 44.80 Mbit/s (51.20 Mbit/s with framing)
[1;36m[Device: id=0] RX[0m: 0.0400 Mpps, 42.27 Mbit/s (48.68 Mbit/s with framing)
[0;34m[Device: id=1] TX[0m: 0.0400 Mpps, 44.80 Mbit/s (51.20 Mbit/s with framing)
[1;36m[Device: id=0] RX[0m: 0.0400 Mpps, 42.21 Mbit/s (48.61 Mbit/s with framing)
[0;34m[Device: id=1] TX[0m: 0.0400 Mpps, 44.80 Mbit/s (51.20 Mbit/s with framing)
[1;36m[Device: id=0] RX[0m: 0.0400 Mpps, 42.26 Mbit/s (48.67 Mbit/s with framing)
[1;36m[Device: id=0] RX[0m: 0.0400 Mpps, 42.23 Mbit/s (48.63 Mbit/s with framing)
[0;34m[Device: id=1] TX[0m: 0.0400 Mpps, 44.80 Mbit/s (51.20 Mbit/s with framing)
[1;36m[Device: id=0] RX[0m: 0.0400 Mpps, 42.25 Mbit/s (48.66 Mbit/s with framing)
[0;34m[Device: id=1] TX[0m: 0.0400 Mpps, 44.80 Mbit/s (51.20 Mbit/s with framing)
[1;36m[Device: id=0] RX[0m: 0.0400 Mpps, 42.24 Mbit/s (48.64 Mbit/s with framing)
[0;34m[Device: id=1] TX[0m: 0.0400 Mpps, 44.81 Mbit/s (51.21 Mbit/s with framing)
[1;36m[Device: id=0] RX[0m: 0.0400 Mpps, 42.24 Mbit/s (48.64 Mbit/s with framing)
[0;34m[Device: id=1] TX[0m: 0.0400 Mpps, 44.79 Mbit/s (51.19 Mbit/s with framing)
[1;36m[Device: id=0] RX[0m: 0.0400 Mpps, 42.24 Mbit/s (48.64 Mbit/s with framing)
[0;34m[Device: id=1] TX[0m: 0.0400 Mpps, 44.80 Mbit/s (51.20 Mbit/s with framing)
[1;36m[Device: id=0] RX[0m: 0.0400 Mpps, 42.24 Mbit/s (48.64 Mbit/s with framing)
[0;34m[Device: id=1] TX[0m: 0.0400 Mpps, 44.80 Mbit/s (51.20 Mbit/s with framing)
[1;36m[Device: id=0] RX[0m: 0.0400 Mpps, 42.24 Mbit/s (48.64 Mbit/s with framing)
[0;34m[Device: id=1] TX[0m: 0.0400 Mpps, 44.80 Mbit/s (51.20 Mbit/s with framing)
[1;36m[Device: id=0] RX[0m: 0.0400 Mpps, 42.24 Mbit/s (48.64 Mbit/s with framing)
[0;34m[Device: id=1] TX[0m: 0.0400 Mpps, 44.80 Mbit/s (51.20 Mbit/s with framing)
[1;36m[Device: id=0] RX[0m: 0.0400 Mpps, 42.24 Mbit/s (48.64 Mbit/s with framing)
[0;34m[Device: id=1] TX[0m: 0.0400 Mpps, 44.80 Mbit/s (51.20 Mbit/s with framing)
[1;36m[Device: id=0] RX[0m: 0.0400 Mpps, 42.24 Mbit/s (48.64 Mbit/s with framing)
[0;34m[Device: id=1] TX[0m: 0.0400 Mpps, 44.80 Mbit/s (51.20 Mbit/s with framing)
[1;36m[Device: id=0] RX[0m: 0.0400 Mpps, 42.24 Mbit/s (48.64 Mbit/s with framing)
[0;34m[Device: id=1] TX[0m: 0.0400 Mpps, 44.80 Mbit/s (51.20 Mbit/s with framing)
[1;36m[Device: id=0] RX[0m: 0.0400 Mpps, 42.23 Mbit/s (48.63 Mbit/s with framing)
[0;34m[Device: id=1] TX[0m: 0.0400 Mpps, 44.80 Mbit/s (51.20 Mbit/s with framing)
[1;36m[Device: id=0] RX[0m: 0.0400 Mpps, 42.24 Mbit/s (48.65 Mbit/s with framing)
[0;34m[Device: id=1] TX[0m: 0.0400 Mpps, 44.80 Mbit/s (51.20 Mbit/s with framing)
[1;36m[Device: id=0] RX[0m: 0.0400 Mpps, 42.25 Mbit/s (48.65 Mbit/s with framing)
[0;34m[Device: id=1] TX[0m: 0.0400 Mpps, 44.80 Mbit/s (51.20 Mbit/s with framing)
[1;36m[Device: id=0] RX[0m: 0.0400 Mpps, 42.24 Mbit/s (48.64 Mbit/s with framing)
[0;34m[Device: id=1] TX[0m: 0.0400 Mpps, 44.80 Mbit/s (51.20 Mbit/s with framing)
[1;36m[Device: id=0] RX[0m: 0.0400 Mpps, 42.24 Mbit/s (48.63 Mbit/s with framing)
[0;34m[Device: id=1] TX[0m: 0.0400 Mpps, 44.80 Mbit/s (51.20 Mbit/s with framing)
[1;36m[Device: id=0] RX[0m: 0.0400 Mpps, 42.23 Mbit/s (48.63 Mbit/s with framing)
[0;34m[Device: id=1] TX[0m: 0.0400 Mpps, 44.80 Mbit/s (51.20 Mbit/s with framing)
[1;36m[Device: id=0] RX[0m: 0.0400 Mpps, 42.25 Mbit/s (48.65 Mbit/s with framing)
[0;34m[Device: id=1] TX[0m: 0.0400 Mpps, 44.80 Mbit/s (51.20 Mbit/s with framing)
[1;36m[Device: id=0] RX[0m: 0.0399 Mpps, 42.15 Mbit/s (48.54 Mbit/s with framing)
[0;34m[Device: id=1] TX[0m: 0.0400 Mpps, 44.80 Mbit/s (51.20 Mbit/s with framing)
[1;36m[Device: id=0] RX[0m: 0.0401 Mpps, 42.31 Mbit/s (48.72 Mbit/s with framing)
[0;34m[Device: id=1] TX[0m: 0.0400 Mpps, 44.80 Mbit/s (51.20 Mbit/s with framing)
[1;36m[Device: id=0] RX[0m: 0.0400 Mpps, 42.24 Mbit/s (48.64 Mbit/s with framing)
39
[0;34m[Device: id=1] TX[0m: 0.0376 Mpps, 42.12 Mbit/s (48.14 Mbit/s with framing)
[1;36m[Device: id=0] RX[0m: 0.0009 Mpps, 0.98 Mbit/s (1.13 Mbit/s with framing)
[0;34m[Device: id=1] TX[0m: 0.0000 Mpps, 0.00 Mbit/s (0.00 Mbit/s with framing)
1200000
[1;36m[Device: id=0] RX[0m: 0.0387 (StdDev 0.0071) Mpps, 40.87 (StdDev 8) Mbit/s (47.06 Mbit/s with framing), total 1199838 packets with 158378616 bytes (incl. CRC)
[0;34m[Device: id=1] TX[0m: 0.0386 (StdDev 0.0073) Mpps, 43.22 (StdDev 8) Mbit/s (49.39 Mbit/s with framing), total 1200000 packets with 168000000 bytes (incl. CRC)
