[1;37m[INFO]  Initializing DPDK. This will take a few seconds...[0m
EAL: Probing VFIO support...
EAL: WARNING: cpu flags constant_tsc=yes nonstop_tsc=no -> using unreliable clock cycles !
EAL: PCI device 0000:00:03.0 on NUMA socket -1
EAL:   Invalid NUMA socket, default to 0
EAL:   probe driver: 1af4:1000 net_virtio
EAL: PCI device 0000:00:04.0 on NUMA socket -1
EAL:   Invalid NUMA socket, default to 0
EAL:   probe driver: 1af4:1000 net_virtio
EAL: PCI device 0000:00:05.0 on NUMA socket -1
EAL:   Invalid NUMA socket, default to 0
EAL:   probe driver: 1af4:1000 net_virtio
[1;37m[INFO]  Found 2 usable devices:[0m
   Device 0: 52:54:00:C9:E4:6A ([0;32mRed Hat, Inc Virtio network device[0m)
   Device 1: 52:54:00:47:12:15 ([0;32mRed Hat, Inc Virtio network device[0m)
[1;37m[INFO]  Waiting for devices to come up...[0m
[1;37m[INFO]  Device 1 (52:54:00:47:12:15) is up: 10000 MBit/s[0m
[1;37m[INFO]  Device 0 (52:54:00:C9:E4:6A) is up: 10000 MBit/s[0m
[1;37m[INFO]  [0;32m2 devices are up.[0m[0m
[1;37m[INFO]  Trying to enable rx timestamping of all packets, this isn't supported by most nics[0m
[1;36m[Device: id=0] RX[0m: 0.0379 Mpps, 78.81 Mbit/s (84.87 Mbit/s with framing)
[0;34m[Device: id=1] TX[0m: 0.1779 Mpps, 381.34 Mbit/s (409.80 Mbit/s with framing)
[1;36m[Device: id=0] RX[0m: 0.0434 Mpps, 90.37 Mbit/s (97.32 Mbit/s with framing)
[0;34m[Device: id=1] TX[0m: 0.1792 Mpps, 384.18 Mbit/s (412.85 Mbit/s with framing)
[1;36m[Device: id=0] RX[0m: 0.0444 Mpps, 92.36 Mbit/s (99.46 Mbit/s with framing)
[0;34m[Device: id=1] TX[0m: 0.1789 Mpps, 383.54 Mbit/s (412.16 Mbit/s with framing)
[1;36m[Device: id=0] RX[0m: 0.0396 Mpps, 82.39 Mbit/s (88.72 Mbit/s with framing)
[0;34m[Device: id=1] TX[0m: 0.1846 Mpps, 395.83 Mbit/s (425.37 Mbit/s with framing)
[1;36m[Device: id=0] RX[0m: 0.0465 Mpps, 96.75 Mbit/s (104.19 Mbit/s with framing)
[0;34m[Device: id=1] TX[0m: 0.1785 Mpps, 382.78 Mbit/s (411.35 Mbit/s with framing)
[1;36m[Device: id=0] RX[0m: 0.0513 Mpps, 106.62 Mbit/s (114.82 Mbit/s with framing)
[0;34m[Device: id=1] TX[0m: 0.1179 Mpps, 252.70 Mbit/s (271.56 Mbit/s with framing)
[1;36m[Device: id=0] RX[0m: 0.0470 Mpps, 97.73 Mbit/s (105.25 Mbit/s with framing)
[0;34m[Device: id=1] TX[0m: 0.2189 Mpps, 469.38 Mbit/s (504.41 Mbit/s with framing)
[1;36m[Device: id=0] RX[0m: 0.0530 Mpps, 110.21 Mbit/s (118.69 Mbit/s with framing)
[0;34m[Device: id=1] TX[0m: 0.1852 Mpps, 396.97 Mbit/s (426.59 Mbit/s with framing)
[1;36m[Device: id=0] RX[0m: 0.0407 Mpps, 84.69 Mbit/s (91.20 Mbit/s with framing)
[0;34m[Device: id=1] TX[0m: 0.1902 Mpps, 407.88 Mbit/s (438.32 Mbit/s with framing)
[1;36m[Device: id=0] RX[0m: 0.0401 Mpps, 83.36 Mbit/s (89.78 Mbit/s with framing)
[0;34m[Device: id=1] TX[0m: 0.1822 Mpps, 390.57 Mbit/s (419.72 Mbit/s with framing)
[1;36m[Device: id=0] RX[0m: 0.0394 Mpps, 81.93 Mbit/s (88.23 Mbit/s with framing)
[0;34m[Device: id=1] TX[0m: 0.1818 Mpps, 389.86 Mbit/s (418.95 Mbit/s with framing)
[1;36m[Device: id=0] RX[0m: 0.0462 Mpps, 96.18 Mbit/s (103.58 Mbit/s with framing)
[0;34m[Device: id=1] TX[0m: 0.1291 Mpps, 276.90 Mbit/s (297.56 Mbit/s with framing)
[1;36m[Device: id=0] RX[0m: 0.0434 Mpps, 90.28 Mbit/s (97.23 Mbit/s with framing)
[0;34m[Device: id=1] TX[0m: 0.2194 Mpps, 470.43 Mbit/s (505.54 Mbit/s with framing)
[1;36m[Device: id=0] RX[0m: 0.0957 Mpps, 199.13 Mbit/s (214.45 Mbit/s with framing)
[0;34m[Device: id=1] TX[0m: 0.1840 Mpps, 394.60 Mbit/s (424.05 Mbit/s with framing)
[1;36m[Device: id=0] RX[0m: 0.0777 Mpps, 161.61 Mbit/s (174.05 Mbit/s with framing)
[0;34m[Device: id=1] TX[0m: 0.1737 Mpps, 372.47 Mbit/s (400.27 Mbit/s with framing)
[1;36m[Device: id=0] RX[0m: 0.0784 Mpps, 163.03 Mbit/s (175.57 Mbit/s with framing)
[0;34m[Device: id=1] TX[0m: 0.1247 Mpps, 267.27 Mbit/s (287.22 Mbit/s with framing)
[1;36m[Device: id=0] RX[0m: 0.0387 Mpps, 80.50 Mbit/s (86.69 Mbit/s with framing)
[0;34m[Device: id=1] TX[0m: 0.2540 Mpps, 544.58 Mbit/s (585.22 Mbit/s with framing)
[1;36m[Device: id=0] RX[0m: 0.0562 Mpps, 116.90 Mbit/s (125.90 Mbit/s with framing)
[0;34m[Device: id=1] TX[0m: 0.0987 Mpps, 211.53 Mbit/s (227.32 Mbit/s with framing)
[1;36m[Device: id=0] RX[0m: 0.0398 Mpps, 82.69 Mbit/s (89.05 Mbit/s with framing)
[0;34m[Device: id=1] TX[0m: 0.1894 Mpps, 406.00 Mbit/s (436.30 Mbit/s with framing)
[1;36m[Device: id=0] RX[0m: 0.0397 Mpps, 82.55 Mbit/s (88.90 Mbit/s with framing)
[0;34m[Device: id=1] TX[0m: 0.1766 Mpps, 378.72 Mbit/s (406.98 Mbit/s with framing)
[1;36m[Device: id=0] RX[0m: 0.0804 Mpps, 167.17 Mbit/s (180.03 Mbit/s with framing)
[0;34m[Device: id=1] TX[0m: 0.2377 Mpps, 509.62 Mbit/s (547.65 Mbit/s with framing)
[1;36m[Device: id=0] RX[0m: 0.0396 Mpps, 82.47 Mbit/s (88.81 Mbit/s with framing)
[0;34m[Device: id=1] TX[0m: 0.1114 Mpps, 238.78 Mbit/s (256.60 Mbit/s with framing)
[1;36m[Device: id=0] RX[0m: 0.0441 Mpps, 91.65 Mbit/s (98.70 Mbit/s with framing)
[0;34m[Device: id=1] TX[0m: 0.2672 Mpps, 572.90 Mbit/s (615.66 Mbit/s with framing)
[1;36m[Device: id=0] RX[0m: 0.0410 Mpps, 85.38 Mbit/s (91.95 Mbit/s with framing)
[0;34m[Device: id=1] TX[0m: 0.1760 Mpps, 377.30 Mbit/s (405.46 Mbit/s with framing)
[1;36m[Device: id=0] RX[0m: 0.0429 Mpps, 89.24 Mbit/s (96.10 Mbit/s with framing)
[0;34m[Device: id=1] TX[0m: 0.1760 Mpps, 377.40 Mbit/s (405.57 Mbit/s with framing)
[1;36m[Device: id=0] RX[0m: 0.0485 Mpps, 100.94 Mbit/s (108.70 Mbit/s with framing)
[0;34m[Device: id=1] TX[0m: 0.1877 Mpps, 402.37 Mbit/s (432.40 Mbit/s with framing)
[1;36m[Device: id=0] RX[0m: 0.0402 Mpps, 83.71 Mbit/s (90.15 Mbit/s with framing)
[0;34m[Device: id=1] TX[0m: 0.1791 Mpps, 383.95 Mbit/s (412.60 Mbit/s with framing)
[1;36m[Device: id=0] RX[0m: 0.0403 Mpps, 83.84 Mbit/s (90.29 Mbit/s with framing)
[0;34m[Device: id=1] TX[0m: 0.1811 Mpps, 388.35 Mbit/s (417.34 Mbit/s with framing)
[1;36m[Device: id=0] RX[0m: 0.0520 Mpps, 108.16 Mbit/s (116.48 Mbit/s with framing)
[0;34m[Device: id=1] TX[0m: 0.1802 Mpps, 386.41 Mbit/s (415.25 Mbit/s with framing)
18
[1;36m[Device: id=0] RX[0m: 0.0533 Mpps, 110.80 Mbit/s (119.33 Mbit/s with framing)
[0;34m[Device: id=1] TX[0m: 0.1398 Mpps, 299.72 Mbit/s (322.08 Mbit/s with framing)
[1;36m[Device: id=0] RX[0m: 0.0007 Mpps, 1.52 Mbit/s (1.64 Mbit/s with framing)
[0;34m[Device: id=1] TX[0m: 0.0000 Mpps, 0.00 Mbit/s (0.00 Mbit/s with framing)
5400000
[1;36m[Device: id=0] RX[0m: 0.0481 (StdDev 0.0170) Mpps, 100.14 (StdDev 35) Mbit/s (107.84 Mbit/s with framing), total 1482221 packets with 385377460 bytes (incl. CRC)
[0;34m[Device: id=1] TX[0m: 0.1728 (StdDev 0.0502) Mpps, 370.43 (StdDev 108) Mbit/s (398.08 Mbit/s with framing), total 5400000 packets with 1447200000 bytes (incl. CRC)
