[1;37m[INFO]  Initializing DPDK. This will take a few seconds...[0m
EAL: Probing VFIO support...
EAL: WARNING: cpu flags constant_tsc=yes nonstop_tsc=no -> using unreliable clock cycles !
EAL: PCI device 0000:00:03.0 on NUMA socket -1
EAL:   Invalid NUMA socket, default to 0
EAL:   probe driver: 1af4:1000 net_virtio
EAL: PCI device 0000:00:04.0 on NUMA socket -1
EAL:   Invalid NUMA socket, default to 0
EAL:   probe driver: 1af4:1000 net_virtio
EAL: PCI device 0000:00:05.0 on NUMA socket -1
EAL:   Invalid NUMA socket, default to 0
EAL:   probe driver: 1af4:1000 net_virtio
[1;37m[INFO]  Found 2 usable devices:[0m
   Device 0: 52:54:00:C9:E4:6A ([0;32mRed Hat, Inc Virtio network device[0m)
   Device 1: 52:54:00:47:12:15 ([0;32mRed Hat, Inc Virtio network device[0m)
[1;37m[INFO]  Waiting for devices to come up...[0m
[1;37m[INFO]  Device 1 (52:54:00:47:12:15) is up: 10000 MBit/s[0m
[1;37m[INFO]  Device 0 (52:54:00:C9:E4:6A) is up: 10000 MBit/s[0m
[1;37m[INFO]  [0;32m2 devices are up.[0m[0m
[1;37m[INFO]  Trying to enable rx timestamping of all packets, this isn't supported by most nics[0m
[0;34m[Device: id=1] TX[0m: 0.0599 Mpps, 496.41 Mbit/s (506.00 Mbit/s with framing)
[1;36m[Device: id=0] RX[0m: 0.0307 Mpps, 252.32 Mbit/s (257.23 Mbit/s with framing)
[0;34m[Device: id=1] TX[0m: 0.0600 Mpps, 497.24 Mbit/s (506.84 Mbit/s with framing)
[1;36m[Device: id=0] RX[0m: 0.0418 Mpps, 343.54 Mbit/s (350.22 Mbit/s with framing)
[0;34m[Device: id=1] TX[0m: 0.0600 Mpps, 497.28 Mbit/s (506.88 Mbit/s with framing)
[1;36m[Device: id=0] RX[0m: 0.0412 Mpps, 338.55 Mbit/s (345.13 Mbit/s with framing)
[0;34m[Device: id=1] TX[0m: 0.0600 Mpps, 497.32 Mbit/s (506.92 Mbit/s with framing)
[1;36m[Device: id=0] RX[0m: 0.0398 Mpps, 326.90 Mbit/s (333.26 Mbit/s with framing)
[1;36m[Device: id=0] RX[0m: 0.0391 Mpps, 321.24 Mbit/s (327.49 Mbit/s with framing)
[0;34m[Device: id=1] TX[0m: 0.0600 Mpps, 497.04 Mbit/s (506.64 Mbit/s with framing)
[1;36m[Device: id=0] RX[0m: 0.0391 Mpps, 321.68 Mbit/s (327.94 Mbit/s with framing)
[0;34m[Device: id=1] TX[0m: 0.0600 Mpps, 497.38 Mbit/s (506.98 Mbit/s with framing)
[1;36m[Device: id=0] RX[0m: 0.0400 Mpps, 328.87 Mbit/s (335.27 Mbit/s with framing)
[0;34m[Device: id=1] TX[0m: 0.0600 Mpps, 497.33 Mbit/s (506.94 Mbit/s with framing)
[1;36m[Device: id=0] RX[0m: 0.0400 Mpps, 329.27 Mbit/s (335.68 Mbit/s with framing)
[0;34m[Device: id=1] TX[0m: 0.0599 Mpps, 496.09 Mbit/s (505.67 Mbit/s with framing)
[1;36m[Device: id=0] RX[0m: 0.0404 Mpps, 332.05 Mbit/s (338.51 Mbit/s with framing)
[0;34m[Device: id=1] TX[0m: 0.0601 Mpps, 497.79 Mbit/s (507.40 Mbit/s with framing)
[1;36m[Device: id=0] RX[0m: 0.0394 Mpps, 324.16 Mbit/s (330.47 Mbit/s with framing)
[0;34m[Device: id=1] TX[0m: 0.0600 Mpps, 496.87 Mbit/s (506.47 Mbit/s with framing)
[1;36m[Device: id=0] RX[0m: 0.0404 Mpps, 332.59 Mbit/s (339.06 Mbit/s with framing)
[0;34m[Device: id=1] TX[0m: 0.0601 Mpps, 498.19 Mbit/s (507.81 Mbit/s with framing)
[1;36m[Device: id=0] RX[0m: 0.0403 Mpps, 331.12 Mbit/s (337.56 Mbit/s with framing)
[0;34m[Device: id=1] TX[0m: 0.0600 Mpps, 497.06 Mbit/s (506.65 Mbit/s with framing)
[1;36m[Device: id=0] RX[0m: 0.0404 Mpps, 332.02 Mbit/s (338.48 Mbit/s with framing)
[0;34m[Device: id=1] TX[0m: 0.0600 Mpps, 497.64 Mbit/s (507.24 Mbit/s with framing)
[1;36m[Device: id=0] RX[0m: 0.0395 Mpps, 324.77 Mbit/s (331.09 Mbit/s with framing)
[0;34m[Device: id=1] TX[0m: 0.0600 Mpps, 497.40 Mbit/s (507.00 Mbit/s with framing)
[1;36m[Device: id=0] RX[0m: 0.0406 Mpps, 334.21 Mbit/s (340.71 Mbit/s with framing)
[0;34m[Device: id=1] TX[0m: 0.0599 Mpps, 496.50 Mbit/s (506.09 Mbit/s with framing)
[1;36m[Device: id=0] RX[0m: 0.0401 Mpps, 330.19 Mbit/s (336.61 Mbit/s with framing)
[0;34m[Device: id=1] TX[0m: 0.0601 Mpps, 497.99 Mbit/s (507.60 Mbit/s with framing)
[1;36m[Device: id=0] RX[0m: 0.0411 Mpps, 338.33 Mbit/s (344.91 Mbit/s with framing)
[0;34m[Device: id=1] TX[0m: 0.0598 Mpps, 495.99 Mbit/s (505.57 Mbit/s with framing)
[1;36m[Device: id=0] RX[0m: 0.0393 Mpps, 323.21 Mbit/s (329.50 Mbit/s with framing)
[0;34m[Device: id=1] TX[0m: 0.0601 Mpps, 498.36 Mbit/s (507.98 Mbit/s with framing)
[1;36m[Device: id=0] RX[0m: 0.0412 Mpps, 338.88 Mbit/s (345.48 Mbit/s with framing)
[0;34m[Device: id=1] TX[0m: 0.0600 Mpps, 497.43 Mbit/s (507.03 Mbit/s with framing)
[1;36m[Device: id=0] RX[0m: 0.0401 Mpps, 329.87 Mbit/s (336.29 Mbit/s with framing)
[0;34m[Device: id=1] TX[0m: 0.0600 Mpps, 497.54 Mbit/s (507.15 Mbit/s with framing)
[1;36m[Device: id=0] RX[0m: 0.0401 Mpps, 329.54 Mbit/s (335.95 Mbit/s with framing)
[0;34m[Device: id=1] TX[0m: 0.0599 Mpps, 496.81 Mbit/s (506.40 Mbit/s with framing)
[1;36m[Device: id=0] RX[0m: 0.0393 Mpps, 323.01 Mbit/s (329.29 Mbit/s with framing)
[0;34m[Device: id=1] TX[0m: 0.0600 Mpps, 497.47 Mbit/s (507.07 Mbit/s with framing)
[1;36m[Device: id=0] RX[0m: 0.0392 Mpps, 322.33 Mbit/s (328.60 Mbit/s with framing)
[0;34m[Device: id=1] TX[0m: 0.0599 Mpps, 496.66 Mbit/s (506.24 Mbit/s with framing)
[1;36m[Device: id=0] RX[0m: 0.0402 Mpps, 330.49 Mbit/s (336.92 Mbit/s with framing)
[0;34m[Device: id=1] TX[0m: 0.0600 Mpps, 497.55 Mbit/s (507.16 Mbit/s with framing)
[1;36m[Device: id=0] RX[0m: 0.0392 Mpps, 322.46 Mbit/s (328.73 Mbit/s with framing)
[0;34m[Device: id=1] TX[0m: 0.0598 Mpps, 495.72 Mbit/s (505.29 Mbit/s with framing)
[1;36m[Device: id=0] RX[0m: 0.0392 Mpps, 321.99 Mbit/s (328.25 Mbit/s with framing)
[0;34m[Device: id=1] TX[0m: 0.0602 Mpps, 499.15 Mbit/s (508.79 Mbit/s with framing)
[1;36m[Device: id=0] RX[0m: 0.0402 Mpps, 330.41 Mbit/s (336.84 Mbit/s with framing)
[0;34m[Device: id=1] TX[0m: 0.0599 Mpps, 496.64 Mbit/s (506.23 Mbit/s with framing)
[1;36m[Device: id=0] RX[0m: 0.0392 Mpps, 322.29 Mbit/s (328.56 Mbit/s with framing)
[0;34m[Device: id=1] TX[0m: 0.0601 Mpps, 498.19 Mbit/s (507.80 Mbit/s with framing)
[1;36m[Device: id=0] RX[0m: 0.0393 Mpps, 323.02 Mbit/s (329.30 Mbit/s with framing)
[0;34m[Device: id=1] TX[0m: 0.0600 Mpps, 496.94 Mbit/s (506.53 Mbit/s with framing)
27
[1;36m[Device: id=0] RX[0m: 0.0392 Mpps, 322.61 Mbit/s (328.89 Mbit/s with framing)
[0;34m[Device: id=1] TX[0m: 0.0537 Mpps, 445.42 Mbit/s (454.02 Mbit/s with framing)
[1;36m[Device: id=0] RX[0m: 0.0003 Mpps, 2.66 Mbit/s (2.71 Mbit/s with framing)
[0;34m[Device: id=1] TX[0m: 0.0000 Mpps, 0.00 Mbit/s (0.00 Mbit/s with framing)
1800000
[1;36m[Device: id=0] RX[0m: 0.0386 (StdDev 0.0073) Mpps, 317.74 (StdDev 60) Mbit/s (323.92 Mbit/s with framing), total 1189773 packets with 1223086644 bytes (incl. CRC)
[0;34m[Device: id=1] TX[0m: 0.0578 (StdDev 0.0110) Mpps, 478.97 (StdDev 91) Mbit/s (488.21 Mbit/s with framing), total 1800000 packets with 1864800000 bytes (incl. CRC)
