[1;37m[INFO]  Initializing DPDK. This will take a few seconds...[0m
EAL: Probing VFIO support...
EAL: WARNING: cpu flags constant_tsc=yes nonstop_tsc=no -> using unreliable clock cycles !
EAL: PCI device 0000:00:03.0 on NUMA socket -1
EAL:   Invalid NUMA socket, default to 0
EAL:   probe driver: 1af4:1000 net_virtio
EAL: PCI device 0000:00:04.0 on NUMA socket -1
EAL:   Invalid NUMA socket, default to 0
EAL:   probe driver: 1af4:1000 net_virtio
EAL: PCI device 0000:00:05.0 on NUMA socket -1
EAL:   Invalid NUMA socket, default to 0
EAL:   probe driver: 1af4:1000 net_virtio
[1;37m[INFO]  Found 2 usable devices:[0m
   Device 0: 52:54:00:C9:E4:6A ([0;32mRed Hat, Inc Virtio network device[0m)
   Device 1: 52:54:00:47:12:15 ([0;32mRed Hat, Inc Virtio network device[0m)
[1;37m[INFO]  Waiting for devices to come up...[0m
[1;37m[INFO]  Device 1 (52:54:00:47:12:15) is up: 10000 MBit/s[0m
[1;37m[INFO]  Device 0 (52:54:00:C9:E4:6A) is up: 10000 MBit/s[0m
[1;37m[INFO]  [0;32m2 devices are up.[0m[0m
[1;37m[INFO]  Trying to enable rx timestamping of all packets, this isn't supported by most nics[0m
[1;36m[Device: id=0] RX[0m: 0.0385 Mpps, 80.01 Mbit/s (86.17 Mbit/s with framing)
[0;34m[Device: id=1] TX[0m: 0.0403 Mpps, 86.35 Mbit/s (92.80 Mbit/s with framing)
[0;34m[Device: id=1] TX[0m: 0.0400 Mpps, 85.75 Mbit/s (92.15 Mbit/s with framing)
[1;36m[Device: id=0] RX[0m: 0.0395 Mpps, 82.08 Mbit/s (88.40 Mbit/s with framing)
[0;34m[Device: id=1] TX[0m: 0.0400 Mpps, 85.76 Mbit/s (92.16 Mbit/s with framing)
[1;36m[Device: id=0] RX[0m: 0.0398 Mpps, 82.88 Mbit/s (89.25 Mbit/s with framing)
[0;34m[Device: id=1] TX[0m: 0.0400 Mpps, 85.76 Mbit/s (92.16 Mbit/s with framing)
[1;36m[Device: id=0] RX[0m: 0.0401 Mpps, 83.44 Mbit/s (89.86 Mbit/s with framing)
[0;34m[Device: id=1] TX[0m: 0.0400 Mpps, 85.76 Mbit/s (92.16 Mbit/s with framing)
[1;36m[Device: id=0] RX[0m: 0.0401 Mpps, 83.31 Mbit/s (89.72 Mbit/s with framing)
[1;36m[Device: id=0] RX[0m: 0.0396 Mpps, 82.44 Mbit/s (88.78 Mbit/s with framing)
[0;34m[Device: id=1] TX[0m: 0.0400 Mpps, 85.76 Mbit/s (92.16 Mbit/s with framing)
[1;36m[Device: id=0] RX[0m: 0.0394 Mpps, 82.05 Mbit/s (88.36 Mbit/s with framing)
[0;34m[Device: id=1] TX[0m: 0.0400 Mpps, 85.76 Mbit/s (92.16 Mbit/s with framing)
[1;36m[Device: id=0] RX[0m: 0.0407 Mpps, 84.59 Mbit/s (91.09 Mbit/s with framing)
[0;34m[Device: id=1] TX[0m: 0.0400 Mpps, 85.76 Mbit/s (92.16 Mbit/s with framing)
[1;36m[Device: id=0] RX[0m: 0.0398 Mpps, 82.79 Mbit/s (89.16 Mbit/s with framing)
[0;34m[Device: id=1] TX[0m: 0.0400 Mpps, 85.76 Mbit/s (92.16 Mbit/s with framing)
[1;36m[Device: id=0] RX[0m: 0.0403 Mpps, 83.93 Mbit/s (90.38 Mbit/s with framing)
[0;34m[Device: id=1] TX[0m: 0.0400 Mpps, 85.76 Mbit/s (92.16 Mbit/s with framing)
[1;36m[Device: id=0] RX[0m: 0.0393 Mpps, 81.84 Mbit/s (88.13 Mbit/s with framing)
[0;34m[Device: id=1] TX[0m: 0.0400 Mpps, 85.76 Mbit/s (92.16 Mbit/s with framing)
[1;36m[Device: id=0] RX[0m: 0.0398 Mpps, 82.74 Mbit/s (89.11 Mbit/s with framing)
[0;34m[Device: id=1] TX[0m: 0.0400 Mpps, 85.76 Mbit/s (92.16 Mbit/s with framing)
[1;36m[Device: id=0] RX[0m: 0.0403 Mpps, 83.87 Mbit/s (90.32 Mbit/s with framing)
[0;34m[Device: id=1] TX[0m: 0.0400 Mpps, 85.76 Mbit/s (92.16 Mbit/s with framing)
[1;36m[Device: id=0] RX[0m: 0.0399 Mpps, 82.97 Mbit/s (89.35 Mbit/s with framing)
[0;34m[Device: id=1] TX[0m: 0.0400 Mpps, 85.76 Mbit/s (92.16 Mbit/s with framing)
[1;36m[Device: id=0] RX[0m: 0.0386 Mpps, 80.35 Mbit/s (86.54 Mbit/s with framing)
[0;34m[Device: id=1] TX[0m: 0.0400 Mpps, 85.76 Mbit/s (92.16 Mbit/s with framing)
[1;36m[Device: id=0] RX[0m: 0.0384 Mpps, 79.89 Mbit/s (86.03 Mbit/s with framing)
[0;34m[Device: id=1] TX[0m: 0.0400 Mpps, 85.76 Mbit/s (92.16 Mbit/s with framing)
[1;36m[Device: id=0] RX[0m: 0.0402 Mpps, 83.68 Mbit/s (90.11 Mbit/s with framing)
[0;34m[Device: id=1] TX[0m: 0.0400 Mpps, 85.76 Mbit/s (92.16 Mbit/s with framing)
[1;36m[Device: id=0] RX[0m: 0.0400 Mpps, 83.12 Mbit/s (89.52 Mbit/s with framing)
[0;34m[Device: id=1] TX[0m: 0.0400 Mpps, 85.76 Mbit/s (92.16 Mbit/s with framing)
[1;36m[Device: id=0] RX[0m: 0.0398 Mpps, 82.84 Mbit/s (89.22 Mbit/s with framing)
[0;34m[Device: id=1] TX[0m: 0.0400 Mpps, 85.76 Mbit/s (92.16 Mbit/s with framing)
[1;36m[Device: id=0] RX[0m: 0.0396 Mpps, 82.31 Mbit/s (88.64 Mbit/s with framing)
[0;34m[Device: id=1] TX[0m: 0.0400 Mpps, 85.76 Mbit/s (92.16 Mbit/s with framing)
[1;36m[Device: id=0] RX[0m: 0.0405 Mpps, 84.20 Mbit/s (90.68 Mbit/s with framing)
[0;34m[Device: id=1] TX[0m: 0.0400 Mpps, 85.76 Mbit/s (92.16 Mbit/s with framing)
[1;36m[Device: id=0] RX[0m: 0.0398 Mpps, 82.83 Mbit/s (89.20 Mbit/s with framing)
[0;34m[Device: id=1] TX[0m: 0.0400 Mpps, 85.76 Mbit/s (92.16 Mbit/s with framing)
[1;36m[Device: id=0] RX[0m: 0.0403 Mpps, 83.90 Mbit/s (90.35 Mbit/s with framing)
[0;34m[Device: id=1] TX[0m: 0.0400 Mpps, 85.76 Mbit/s (92.16 Mbit/s with framing)
[1;36m[Device: id=0] RX[0m: 0.0397 Mpps, 82.52 Mbit/s (88.87 Mbit/s with framing)
[0;34m[Device: id=1] TX[0m: 0.0400 Mpps, 85.76 Mbit/s (92.16 Mbit/s with framing)
[1;36m[Device: id=0] RX[0m: 0.0400 Mpps, 83.20 Mbit/s (89.60 Mbit/s with framing)
[0;34m[Device: id=1] TX[0m: 0.0400 Mpps, 85.76 Mbit/s (92.16 Mbit/s with framing)
[1;36m[Device: id=0] RX[0m: 0.0397 Mpps, 82.60 Mbit/s (88.95 Mbit/s with framing)
[0;34m[Device: id=1] TX[0m: 0.0400 Mpps, 85.76 Mbit/s (92.16 Mbit/s with framing)
[1;36m[Device: id=0] RX[0m: 0.0404 Mpps, 84.08 Mbit/s (90.55 Mbit/s with framing)
[0;34m[Device: id=1] TX[0m: 0.0400 Mpps, 85.76 Mbit/s (92.16 Mbit/s with framing)
[1;36m[Device: id=0] RX[0m: 0.0399 Mpps, 83.02 Mbit/s (89.41 Mbit/s with framing)
[0;34m[Device: id=1] TX[0m: 0.0400 Mpps, 85.76 Mbit/s (92.16 Mbit/s with framing)
[1;36m[Device: id=0] RX[0m: 0.0400 Mpps, 83.27 Mbit/s (89.67 Mbit/s with framing)
[0;34m[Device: id=1] TX[0m: 0.0400 Mpps, 85.76 Mbit/s (92.16 Mbit/s with framing)
39
[1;36m[Device: id=0] RX[0m: 0.0393 Mpps, 81.74 Mbit/s (88.03 Mbit/s with framing)
[0;34m[Device: id=1] TX[0m: 0.0359 Mpps, 77.01 Mbit/s (82.75 Mbit/s with framing)
[1;36m[Device: id=0] RX[0m: 0.0000 Mpps, 0.00 Mbit/s (0.00 Mbit/s with framing)
[0;34m[Device: id=1] TX[0m: 0.0000 Mpps, 0.00 Mbit/s (0.00 Mbit/s with framing)
1200000
[1;36m[Device: id=0] RX[0m: 0.0385 (StdDev 0.0073) Mpps, 80.08 (StdDev 15) Mbit/s (86.24 Mbit/s with framing), total 1193515 packets with 310313900 bytes (incl. CRC)
[0;34m[Device: id=1] TX[0m: 0.0385 (StdDev 0.0073) Mpps, 82.61 (StdDev 16) Mbit/s (88.77 Mbit/s with framing), total 1200000 packets with 321600000 bytes (incl. CRC)
