[1;37m[INFO]  Initializing DPDK. This will take a few seconds...[0m
EAL: Probing VFIO support...
EAL: WARNING: cpu flags constant_tsc=yes nonstop_tsc=no -> using unreliable clock cycles !
EAL: PCI device 0000:00:03.0 on NUMA socket -1
EAL:   Invalid NUMA socket, default to 0
EAL:   probe driver: 1af4:1000 net_virtio
EAL: PCI device 0000:00:04.0 on NUMA socket -1
EAL:   Invalid NUMA socket, default to 0
EAL:   probe driver: 1af4:1000 net_virtio
EAL: PCI device 0000:00:05.0 on NUMA socket -1
EAL:   Invalid NUMA socket, default to 0
EAL:   probe driver: 1af4:1000 net_virtio
[1;37m[INFO]  Found 2 usable devices:[0m
   Device 0: 52:54:00:C9:E4:6A ([0;32mRed Hat, Inc Virtio network device[0m)
   Device 1: 52:54:00:47:12:15 ([0;32mRed Hat, Inc Virtio network device[0m)
[1;37m[INFO]  Waiting for devices to come up...[0m
[1;37m[INFO]  Device 1 (52:54:00:47:12:15) is up: 10000 MBit/s[0m
[1;37m[INFO]  Device 0 (52:54:00:C9:E4:6A) is up: 10000 MBit/s[0m
[1;37m[INFO]  [0;32m2 devices are up.[0m[0m
[1;37m[INFO]  Trying to enable rx timestamping of all packets, this isn't supported by most nics[0m
[1;36m[Device: id=0] RX[0m: 0.0954 Mpps, 980.40 Mbit/s (995.67 Mbit/s with framing)
[0;34m[Device: id=1] TX[0m: 0.2859 Mpps, 2954.61 Mbit/s (3000.34 Mbit/s with framing)
[0;34m[Device: id=1] TX[0m: 0.3011 Mpps, 3111.99 Mbit/s (3160.16 Mbit/s with framing)
[1;36m[Device: id=0] RX[0m: 0.1193 Mpps, 1225.78 Mbit/s (1244.87 Mbit/s with framing)
[0;34m[Device: id=1] TX[0m: 0.2969 Mpps, 3068.42 Mbit/s (3115.91 Mbit/s with framing)
[1;36m[Device: id=0] RX[0m: 0.1568 Mpps, 1610.86 Mbit/s (1635.95 Mbit/s with framing)
[1;36m[Device: id=0] RX[0m: 0.0879 Mpps, 903.37 Mbit/s (917.44 Mbit/s with framing)
[0;34m[Device: id=1] TX[0m: 0.3056 Mpps, 3158.74 Mbit/s (3207.64 Mbit/s with framing)
[1;36m[Device: id=0] RX[0m: 0.1282 Mpps, 1317.16 Mbit/s (1337.68 Mbit/s with framing)
[0;34m[Device: id=1] TX[0m: 0.2873 Mpps, 2969.14 Mbit/s (3015.10 Mbit/s with framing)
[1;36m[Device: id=0] RX[0m: 0.1142 Mpps, 1173.49 Mbit/s (1191.77 Mbit/s with framing)
[0;34m[Device: id=1] TX[0m: 0.3178 Mpps, 3284.44 Mbit/s (3335.29 Mbit/s with framing)
[1;36m[Device: id=0] RX[0m: 0.0956 Mpps, 982.30 Mbit/s (997.60 Mbit/s with framing)
[0;34m[Device: id=1] TX[0m: 0.2957 Mpps, 3056.83 Mbit/s (3104.15 Mbit/s with framing)
[1;36m[Device: id=0] RX[0m: 0.1419 Mpps, 1457.82 Mbit/s (1480.53 Mbit/s with framing)
[0;34m[Device: id=1] TX[0m: 0.3023 Mpps, 3124.51 Mbit/s (3172.88 Mbit/s with framing)
[1;36m[Device: id=0] RX[0m: 0.1716 Mpps, 1762.18 Mbit/s (1789.63 Mbit/s with framing)
[0;34m[Device: id=1] TX[0m: 0.2913 Mpps, 3011.32 Mbit/s (3057.93 Mbit/s with framing)
[1;36m[Device: id=0] RX[0m: 0.1452 Mpps, 1491.85 Mbit/s (1515.09 Mbit/s with framing)
[0;34m[Device: id=1] TX[0m: 0.2837 Mpps, 2932.58 Mbit/s (2977.97 Mbit/s with framing)
[1;36m[Device: id=0] RX[0m: 0.1880 Mpps, 1931.63 Mbit/s (1961.72 Mbit/s with framing)
[0;34m[Device: id=1] TX[0m: 0.3245 Mpps, 3354.15 Mbit/s (3406.07 Mbit/s with framing)
[1;36m[Device: id=0] RX[0m: 0.1942 Mpps, 1994.82 Mbit/s (2025.89 Mbit/s with framing)
[0;34m[Device: id=1] TX[0m: 0.2769 Mpps, 2862.23 Mbit/s (2906.53 Mbit/s with framing)
[1;36m[Device: id=0] RX[0m: 0.1791 Mpps, 1839.59 Mbit/s (1868.24 Mbit/s with framing)
[0;34m[Device: id=1] TX[0m: 0.3259 Mpps, 3368.43 Mbit/s (3420.58 Mbit/s with framing)
[1;36m[Device: id=0] RX[0m: 0.1778 Mpps, 1826.26 Mbit/s (1854.70 Mbit/s with framing)
[0;34m[Device: id=1] TX[0m: 0.2905 Mpps, 3002.36 Mbit/s (3048.84 Mbit/s with framing)
[1;36m[Device: id=0] RX[0m: 0.1295 Mpps, 1329.90 Mbit/s (1350.61 Mbit/s with framing)
[0;34m[Device: id=1] TX[0m: 0.3045 Mpps, 3147.50 Mbit/s (3196.22 Mbit/s with framing)
[1;36m[Device: id=0] RX[0m: 0.1520 Mpps, 1561.41 Mbit/s (1585.74 Mbit/s with framing)
[0;34m[Device: id=1] TX[0m: 0.3030 Mpps, 3131.58 Mbit/s (3180.06 Mbit/s with framing)
[1;36m[Device: id=0] RX[0m: 0.1933 Mpps, 1985.70 Mbit/s (2016.63 Mbit/s with framing)
[0;34m[Device: id=1] TX[0m: 0.3008 Mpps, 3108.73 Mbit/s (3156.85 Mbit/s with framing)
[1;36m[Device: id=0] RX[0m: 0.1301 Mpps, 1336.10 Mbit/s (1356.91 Mbit/s with framing)
[0;34m[Device: id=1] TX[0m: 0.2981 Mpps, 3081.51 Mbit/s (3129.21 Mbit/s with framing)
[1;36m[Device: id=0] RX[0m: 0.1646 Mpps, 1690.62 Mbit/s (1716.95 Mbit/s with framing)
[0;34m[Device: id=1] TX[0m: 0.3025 Mpps, 3126.40 Mbit/s (3174.80 Mbit/s with framing)
[1;36m[Device: id=0] RX[0m: 0.2048 Mpps, 2103.97 Mbit/s (2136.75 Mbit/s with framing)
[0;34m[Device: id=1] TX[0m: 0.2989 Mpps, 3089.06 Mbit/s (3136.88 Mbit/s with framing)
[1;36m[Device: id=0] RX[0m: 0.1772 Mpps, 1820.18 Mbit/s (1848.53 Mbit/s with framing)
[0;34m[Device: id=1] TX[0m: 0.2842 Mpps, 2937.58 Mbit/s (2983.06 Mbit/s with framing)
[1;36m[Device: id=0] RX[0m: 0.1604 Mpps, 1647.96 Mbit/s (1673.62 Mbit/s with framing)
[0;34m[Device: id=1] TX[0m: 0.3165 Mpps, 3270.95 Mbit/s (3321.59 Mbit/s with framing)
[1;36m[Device: id=0] RX[0m: 0.1407 Mpps, 1445.59 Mbit/s (1468.10 Mbit/s with framing)
[0;34m[Device: id=1] TX[0m: 0.3006 Mpps, 3107.31 Mbit/s (3155.41 Mbit/s with framing)
[1;36m[Device: id=0] RX[0m: 0.1368 Mpps, 1405.03 Mbit/s (1426.91 Mbit/s with framing)
[0;34m[Device: id=1] TX[0m: 0.2993 Mpps, 3093.61 Mbit/s (3141.50 Mbit/s with framing)
[1;36m[Device: id=0] RX[0m: 0.1059 Mpps, 1088.19 Mbit/s (1105.14 Mbit/s with framing)
[0;34m[Device: id=1] TX[0m: 0.2941 Mpps, 3039.91 Mbit/s (3086.96 Mbit/s with framing)
[1;36m[Device: id=0] RX[0m: 0.0814 Mpps, 836.32 Mbit/s (849.35 Mbit/s with framing)
[0;34m[Device: id=1] TX[0m: 0.3071 Mpps, 3174.37 Mbit/s (3223.51 Mbit/s with framing)
[1;36m[Device: id=0] RX[0m: 0.0747 Mpps, 767.29 Mbit/s (779.24 Mbit/s with framing)
[0;34m[Device: id=1] TX[0m: 0.2751 Mpps, 2843.13 Mbit/s (2887.14 Mbit/s with framing)
[1;36m[Device: id=0] RX[0m: 0.0950 Mpps, 975.34 Mbit/s (990.53 Mbit/s with framing)
[0;34m[Device: id=1] TX[0m: 0.3206 Mpps, 3313.51 Mbit/s (3364.81 Mbit/s with framing)
[1;36m[Device: id=0] RX[0m: 0.1076 Mpps, 1105.49 Mbit/s (1122.71 Mbit/s with framing)
[0;34m[Device: id=1] TX[0m: 0.3044 Mpps, 3145.90 Mbit/s (3194.60 Mbit/s with framing)
[1;36m[Device: id=0] RX[0m: 0.0717 Mpps, 736.13 Mbit/s (747.60 Mbit/s with framing)
9
[0;34m[Device: id=1] TX[0m: 0.2523 Mpps, 2607.77 Mbit/s (2648.14 Mbit/s with framing)
[1;36m[Device: id=0] RX[0m: 0.0019 Mpps, 19.30 Mbit/s (19.60 Mbit/s with framing)
[0;34m[Device: id=1] TX[0m: 0.0000 Mpps, 0.00 Mbit/s (0.00 Mbit/s with framing)
9000000
[1;36m[Device: id=0] RX[0m: 0.1343 (StdDev 0.0455) Mpps, 1379.05 (StdDev 467) Mbit/s (1400.53 Mbit/s with framing), total 4123090 packets with 5294047560 bytes (incl. CRC)
[0;34m[Device: id=1] TX[0m: 0.2887 (StdDev 0.0566) Mpps, 2984.13 (StdDev 585) Mbit/s (3030.33 Mbit/s with framing), total 9000000 packets with 11628000000 bytes (incl. CRC)
