[1;37m[INFO]  Initializing DPDK. This will take a few seconds...[0m
EAL: Probing VFIO support...
EAL: WARNING: cpu flags constant_tsc=yes nonstop_tsc=no -> using unreliable clock cycles !
EAL: PCI device 0000:00:03.0 on NUMA socket -1
EAL:   Invalid NUMA socket, default to 0
EAL:   probe driver: 1af4:1000 net_virtio
EAL: PCI device 0000:00:04.0 on NUMA socket -1
EAL:   Invalid NUMA socket, default to 0
EAL:   probe driver: 1af4:1000 net_virtio
EAL: PCI device 0000:00:05.0 on NUMA socket -1
EAL:   Invalid NUMA socket, default to 0
EAL:   probe driver: 1af4:1000 net_virtio
[1;37m[INFO]  Found 2 usable devices:[0m
   Device 0: 52:54:00:C9:E4:6A ([0;32mRed Hat, Inc Virtio network device[0m)
   Device 1: 52:54:00:47:12:15 ([0;32mRed Hat, Inc Virtio network device[0m)
[1;37m[INFO]  Waiting for devices to come up...[0m
[1;37m[INFO]  Device 1 (52:54:00:47:12:15) is up: 10000 MBit/s[0m
[1;37m[INFO]  Device 0 (52:54:00:C9:E4:6A) is up: 10000 MBit/s[0m
[1;37m[INFO]  [0;32m2 devices are up.[0m[0m
[1;37m[INFO]  Trying to enable rx timestamping of all packets, this isn't supported by most nics[0m
[0;34m[Device: id=1] TX[0m: 0.2387 Mpps, 145.15 Mbit/s (183.35 Mbit/s with framing)
[1;36m[Device: id=0] RX[0m: 0.0353 Mpps, 19.22 Mbit/s (24.87 Mbit/s with framing)
[0;34m[Device: id=1] TX[0m: 0.2893 Mpps, 175.92 Mbit/s (222.22 Mbit/s with framing)
[1;36m[Device: id=0] RX[0m: 0.0600 Mpps, 32.64 Mbit/s (42.25 Mbit/s with framing)
[0;34m[Device: id=1] TX[0m: 0.2510 Mpps, 152.61 Mbit/s (192.76 Mbit/s with framing)
[1;36m[Device: id=0] RX[0m: 0.0421 Mpps, 22.91 Mbit/s (29.64 Mbit/s with framing)
[0;34m[Device: id=1] TX[0m: 0.2852 Mpps, 173.42 Mbit/s (219.05 Mbit/s with framing)
[1;36m[Device: id=0] RX[0m: 0.0735 Mpps, 39.96 Mbit/s (51.72 Mbit/s with framing)
[1;36m[Device: id=0] RX[0m: 0.0395 Mpps, 21.50 Mbit/s (27.82 Mbit/s with framing)
[0;34m[Device: id=1] TX[0m: 0.2603 Mpps, 158.25 Mbit/s (199.89 Mbit/s with framing)
[1;36m[Device: id=0] RX[0m: 0.0564 Mpps, 30.70 Mbit/s (39.74 Mbit/s with framing)
[0;34m[Device: id=1] TX[0m: 0.2232 Mpps, 135.68 Mbit/s (171.39 Mbit/s with framing)
[1;36m[Device: id=0] RX[0m: 0.0398 Mpps, 21.63 Mbit/s (27.99 Mbit/s with framing)
[0;34m[Device: id=1] TX[0m: 0.2434 Mpps, 147.98 Mbit/s (186.92 Mbit/s with framing)
[1;36m[Device: id=0] RX[0m: 0.0735 Mpps, 39.98 Mbit/s (51.74 Mbit/s with framing)
[0;34m[Device: id=1] TX[0m: 0.3518 Mpps, 213.88 Mbit/s (270.16 Mbit/s with framing)
[1;36m[Device: id=0] RX[0m: 0.0397 Mpps, 21.61 Mbit/s (27.96 Mbit/s with framing)
[0;34m[Device: id=1] TX[0m: 0.2013 Mpps, 122.42 Mbit/s (154.63 Mbit/s with framing)
[1;36m[Device: id=0] RX[0m: 0.0399 Mpps, 21.71 Mbit/s (28.10 Mbit/s with framing)
[0;34m[Device: id=1] TX[0m: 0.2936 Mpps, 178.53 Mbit/s (225.51 Mbit/s with framing)
[1;36m[Device: id=0] RX[0m: 0.0399 Mpps, 21.72 Mbit/s (28.11 Mbit/s with framing)
[0;34m[Device: id=1] TX[0m: 0.3200 Mpps, 194.55 Mbit/s (245.75 Mbit/s with framing)
[1;36m[Device: id=0] RX[0m: 0.0428 Mpps, 23.27 Mbit/s (30.11 Mbit/s with framing)
[0;34m[Device: id=1] TX[0m: 0.2059 Mpps, 125.18 Mbit/s (158.12 Mbit/s with framing)
[1;36m[Device: id=0] RX[0m: 0.0398 Mpps, 21.63 Mbit/s (27.99 Mbit/s with framing)
[0;34m[Device: id=1] TX[0m: 0.2548 Mpps, 154.94 Mbit/s (195.72 Mbit/s with framing)
[1;36m[Device: id=0] RX[0m: 0.0427 Mpps, 23.24 Mbit/s (30.08 Mbit/s with framing)
[0;34m[Device: id=1] TX[0m: 0.3494 Mpps, 212.42 Mbit/s (268.32 Mbit/s with framing)
[1;36m[Device: id=0] RX[0m: 0.0515 Mpps, 27.99 Mbit/s (36.23 Mbit/s with framing)
[0;34m[Device: id=1] TX[0m: 0.2482 Mpps, 150.91 Mbit/s (190.62 Mbit/s with framing)
[1;36m[Device: id=0] RX[0m: 0.0399 Mpps, 21.73 Mbit/s (28.12 Mbit/s with framing)
[0;34m[Device: id=1] TX[0m: 0.2378 Mpps, 144.56 Mbit/s (182.61 Mbit/s with framing)
[1;36m[Device: id=0] RX[0m: 0.0396 Mpps, 21.55 Mbit/s (27.89 Mbit/s with framing)
[0;34m[Device: id=1] TX[0m: 0.2873 Mpps, 174.67 Mbit/s (220.63 Mbit/s with framing)
[1;36m[Device: id=0] RX[0m: 0.0396 Mpps, 21.54 Mbit/s (27.88 Mbit/s with framing)
[0;34m[Device: id=1] TX[0m: 0.2965 Mpps, 180.27 Mbit/s (227.71 Mbit/s with framing)
[1;36m[Device: id=0] RX[0m: 0.0552 Mpps, 30.05 Mbit/s (38.89 Mbit/s with framing)
[0;34m[Device: id=1] TX[0m: 0.2411 Mpps, 146.58 Mbit/s (185.15 Mbit/s with framing)
[1;36m[Device: id=0] RX[0m: 0.0495 Mpps, 26.94 Mbit/s (34.86 Mbit/s with framing)
[0;34m[Device: id=1] TX[0m: 0.3067 Mpps, 186.48 Mbit/s (235.55 Mbit/s with framing)
[1;36m[Device: id=0] RX[0m: 0.0397 Mpps, 21.59 Mbit/s (27.95 Mbit/s with framing)
[0;34m[Device: id=1] TX[0m: 0.1924 Mpps, 116.97 Mbit/s (147.75 Mbit/s with framing)
[1;36m[Device: id=0] RX[0m: 0.1139 Mpps, 61.94 Mbit/s (80.16 Mbit/s with framing)
[0;34m[Device: id=1] TX[0m: 0.2417 Mpps, 146.95 Mbit/s (185.62 Mbit/s with framing)
[1;36m[Device: id=0] RX[0m: 0.0555 Mpps, 30.17 Mbit/s (39.05 Mbit/s with framing)
[0;34m[Device: id=1] TX[0m: 0.3518 Mpps, 213.90 Mbit/s (270.19 Mbit/s with framing)
[1;36m[Device: id=0] RX[0m: 0.0394 Mpps, 21.44 Mbit/s (27.75 Mbit/s with framing)
[0;34m[Device: id=1] TX[0m: 0.0599 Mpps, 36.43 Mbit/s (46.02 Mbit/s with framing)
[1;36m[Device: id=0] RX[0m: 0.0627 Mpps, 34.09 Mbit/s (44.12 Mbit/s with framing)
[0;34m[Device: id=1] TX[0m: 0.3691 Mpps, 224.44 Mbit/s (283.50 Mbit/s with framing)
[1;36m[Device: id=0] RX[0m: 0.0395 Mpps, 21.48 Mbit/s (27.80 Mbit/s with framing)
[0;34m[Device: id=1] TX[0m: 0.0502 Mpps, 30.50 Mbit/s (38.52 Mbit/s with framing)
[1;36m[Device: id=0] RX[0m: 0.0400 Mpps, 21.73 Mbit/s (28.13 Mbit/s with framing)
[0;34m[Device: id=1] TX[0m: 0.5989 Mpps, 364.12 Mbit/s (459.94 Mbit/s with framing)
[1;36m[Device: id=0] RX[0m: 0.0635 Mpps, 34.55 Mbit/s (44.72 Mbit/s with framing)
[0;34m[Device: id=1] TX[0m: 0.2928 Mpps, 178.03 Mbit/s (224.87 Mbit/s with framing)
[1;36m[Device: id=0] RX[0m: 0.0392 Mpps, 21.32 Mbit/s (27.59 Mbit/s with framing)
[0;34m[Device: id=1] TX[0m: 0.2060 Mpps, 125.28 Mbit/s (158.24 Mbit/s with framing)
[1;36m[Device: id=0] RX[0m: 0.0393 Mpps, 21.35 Mbit/s (27.63 Mbit/s with framing)
27
[0;34m[Device: id=1] TX[0m: 0.3033 Mpps, 184.41 Mbit/s (232.93 Mbit/s with framing)
[1;36m[Device: id=0] RX[0m: 0.0030 Mpps, 1.62 Mbit/s (2.10 Mbit/s with framing)
[0;34m[Device: id=1] TX[0m: 0.0000 Mpps, 0.00 Mbit/s (0.00 Mbit/s with framing)
8100000
[1;36m[Device: id=0] RX[0m: 0.0480 (StdDev 0.0182) Mpps, 26.12 (StdDev 10) Mbit/s (33.80 Mbit/s with framing), total 1475808 packets with 100354944 bytes (incl. CRC)
[0;34m[Device: id=1] TX[0m: 0.2604 (StdDev 0.1073) Mpps, 158.34 (StdDev 65) Mbit/s (200.01 Mbit/s with framing), total 8100000 packets with 615600000 bytes (incl. CRC)
