[1;37m[INFO]  Initializing DPDK. This will take a few seconds...[0m
EAL: Probing VFIO support...
EAL: WARNING: cpu flags constant_tsc=yes nonstop_tsc=no -> using unreliable clock cycles !
EAL: PCI device 0000:00:03.0 on NUMA socket -1
EAL:   Invalid NUMA socket, default to 0
EAL:   probe driver: 1af4:1000 net_virtio
EAL: PCI device 0000:00:04.0 on NUMA socket -1
EAL:   Invalid NUMA socket, default to 0
EAL:   probe driver: 1af4:1000 net_virtio
EAL: PCI device 0000:00:05.0 on NUMA socket -1
EAL:   Invalid NUMA socket, default to 0
EAL:   probe driver: 1af4:1000 net_virtio
[1;37m[INFO]  Found 2 usable devices:[0m
   Device 0: 52:54:00:C9:E4:6A ([0;32mRed Hat, Inc Virtio network device[0m)
   Device 1: 52:54:00:47:12:15 ([0;32mRed Hat, Inc Virtio network device[0m)
[1;37m[INFO]  Waiting for devices to come up...[0m
[1;37m[INFO]  Device 1 (52:54:00:47:12:15) is up: 10000 MBit/s[0m
[1;37m[INFO]  Device 0 (52:54:00:C9:E4:6A) is up: 10000 MBit/s[0m
[1;37m[INFO]  [0;32m2 devices are up.[0m[0m
[1;37m[INFO]  Trying to enable rx timestamping of all packets, this isn't supported by most nics[0m
[1;36m[Device: id=0] RX[0m: 0.0650 Mpps, 35.38 Mbit/s (45.79 Mbit/s with framing)
[0;34m[Device: id=1] TX[0m: 0.2550 Mpps, 155.02 Mbit/s (195.82 Mbit/s with framing)
[0;34m[Device: id=1] TX[0m: 0.2559 Mpps, 155.57 Mbit/s (196.51 Mbit/s with framing)
[1;36m[Device: id=0] RX[0m: 0.0463 Mpps, 25.21 Mbit/s (32.62 Mbit/s with framing)
[0;34m[Device: id=1] TX[0m: 0.2652 Mpps, 161.21 Mbit/s (203.64 Mbit/s with framing)
[1;36m[Device: id=0] RX[0m: 0.0448 Mpps, 24.37 Mbit/s (31.54 Mbit/s with framing)
[1;36m[Device: id=0] RX[0m: 0.0440 Mpps, 23.96 Mbit/s (31.00 Mbit/s with framing)
[0;34m[Device: id=1] TX[0m: 0.2612 Mpps, 158.80 Mbit/s (200.60 Mbit/s with framing)
[1;36m[Device: id=0] RX[0m: 0.0413 Mpps, 22.46 Mbit/s (29.07 Mbit/s with framing)
[0;34m[Device: id=1] TX[0m: 0.2604 Mpps, 158.31 Mbit/s (199.97 Mbit/s with framing)
[1;36m[Device: id=0] RX[0m: 0.0432 Mpps, 23.53 Mbit/s (30.45 Mbit/s with framing)
[0;34m[Device: id=1] TX[0m: 0.2594 Mpps, 157.74 Mbit/s (199.25 Mbit/s with framing)
[1;36m[Device: id=0] RX[0m: 0.0436 Mpps, 23.70 Mbit/s (30.67 Mbit/s with framing)
[0;34m[Device: id=1] TX[0m: 0.2598 Mpps, 157.93 Mbit/s (199.49 Mbit/s with framing)
[1;36m[Device: id=0] RX[0m: 0.0417 Mpps, 22.67 Mbit/s (29.33 Mbit/s with framing)
[0;34m[Device: id=1] TX[0m: 0.2590 Mpps, 157.49 Mbit/s (198.94 Mbit/s with framing)
[1;36m[Device: id=0] RX[0m: 0.0434 Mpps, 23.64 Mbit/s (30.59 Mbit/s with framing)
[0;34m[Device: id=1] TX[0m: 0.2545 Mpps, 154.71 Mbit/s (195.43 Mbit/s with framing)
[1;36m[Device: id=0] RX[0m: 0.0503 Mpps, 27.35 Mbit/s (35.40 Mbit/s with framing)
[0;34m[Device: id=1] TX[0m: 0.2675 Mpps, 162.63 Mbit/s (205.42 Mbit/s with framing)
[1;36m[Device: id=0] RX[0m: 0.0477 Mpps, 25.92 Mbit/s (33.55 Mbit/s with framing)
[0;34m[Device: id=1] TX[0m: 0.2536 Mpps, 154.16 Mbit/s (194.73 Mbit/s with framing)
[1;36m[Device: id=0] RX[0m: 0.0484 Mpps, 26.31 Mbit/s (34.04 Mbit/s with framing)
[0;34m[Device: id=1] TX[0m: 0.2661 Mpps, 161.81 Mbit/s (204.39 Mbit/s with framing)
[1;36m[Device: id=0] RX[0m: 0.0459 Mpps, 24.98 Mbit/s (32.32 Mbit/s with framing)
[0;34m[Device: id=1] TX[0m: 0.2548 Mpps, 154.90 Mbit/s (195.66 Mbit/s with framing)
[1;36m[Device: id=0] RX[0m: 0.0553 Mpps, 30.09 Mbit/s (38.94 Mbit/s with framing)
[0;34m[Device: id=1] TX[0m: 0.2623 Mpps, 159.48 Mbit/s (201.44 Mbit/s with framing)
[1;36m[Device: id=0] RX[0m: 0.0445 Mpps, 24.20 Mbit/s (31.32 Mbit/s with framing)
[0;34m[Device: id=1] TX[0m: 0.2598 Mpps, 157.98 Mbit/s (199.56 Mbit/s with framing)
[1;36m[Device: id=0] RX[0m: 0.0397 Mpps, 21.58 Mbit/s (27.93 Mbit/s with framing)
[0;34m[Device: id=1] TX[0m: 0.2580 Mpps, 156.85 Mbit/s (198.13 Mbit/s with framing)
[1;36m[Device: id=0] RX[0m: 0.0433 Mpps, 23.53 Mbit/s (30.46 Mbit/s with framing)
[0;34m[Device: id=1] TX[0m: 0.2583 Mpps, 157.07 Mbit/s (198.40 Mbit/s with framing)
[1;36m[Device: id=0] RX[0m: 0.0809 Mpps, 44.01 Mbit/s (56.96 Mbit/s with framing)
[0;34m[Device: id=1] TX[0m: 0.2667 Mpps, 162.17 Mbit/s (204.85 Mbit/s with framing)
[1;36m[Device: id=0] RX[0m: 0.0787 Mpps, 42.83 Mbit/s (55.43 Mbit/s with framing)
[0;34m[Device: id=1] TX[0m: 0.2591 Mpps, 157.52 Mbit/s (198.98 Mbit/s with framing)
[1;36m[Device: id=0] RX[0m: 0.0517 Mpps, 28.14 Mbit/s (36.41 Mbit/s with framing)
[0;34m[Device: id=1] TX[0m: 0.2612 Mpps, 158.78 Mbit/s (200.57 Mbit/s with framing)
[1;36m[Device: id=0] RX[0m: 0.0624 Mpps, 33.93 Mbit/s (43.92 Mbit/s with framing)
[0;34m[Device: id=1] TX[0m: 0.2594 Mpps, 157.71 Mbit/s (199.22 Mbit/s with framing)
[1;36m[Device: id=0] RX[0m: 0.1112 Mpps, 60.49 Mbit/s (78.28 Mbit/s with framing)
[0;34m[Device: id=1] TX[0m: 0.2505 Mpps, 152.31 Mbit/s (192.39 Mbit/s with framing)
[1;36m[Device: id=0] RX[0m: 0.0478 Mpps, 25.99 Mbit/s (33.64 Mbit/s with framing)
[0;34m[Device: id=1] TX[0m: 0.2696 Mpps, 163.91 Mbit/s (207.05 Mbit/s with framing)
[1;36m[Device: id=0] RX[0m: 0.0557 Mpps, 30.29 Mbit/s (39.20 Mbit/s with framing)
[0;34m[Device: id=1] TX[0m: 0.2605 Mpps, 158.40 Mbit/s (200.09 Mbit/s with framing)
[1;36m[Device: id=0] RX[0m: 0.0860 Mpps, 46.77 Mbit/s (60.52 Mbit/s with framing)
[0;34m[Device: id=1] TX[0m: 0.2607 Mpps, 158.50 Mbit/s (200.20 Mbit/s with framing)
[1;36m[Device: id=0] RX[0m: 0.0826 Mpps, 44.94 Mbit/s (58.16 Mbit/s with framing)
[0;34m[Device: id=1] TX[0m: 0.2599 Mpps, 158.05 Mbit/s (199.64 Mbit/s with framing)
[1;36m[Device: id=0] RX[0m: 0.0520 Mpps, 28.27 Mbit/s (36.59 Mbit/s with framing)
[0;34m[Device: id=1] TX[0m: 0.2565 Mpps, 155.97 Mbit/s (197.02 Mbit/s with framing)
[1;36m[Device: id=0] RX[0m: 0.0476 Mpps, 25.90 Mbit/s (33.52 Mbit/s with framing)
[0;34m[Device: id=1] TX[0m: 0.1862 Mpps, 113.21 Mbit/s (143.00 Mbit/s with framing)
[1;36m[Device: id=0] RX[0m: 0.0391 Mpps, 21.28 Mbit/s (27.54 Mbit/s with framing)
[0;34m[Device: id=1] TX[0m: 0.0474 Mpps, 28.82 Mbit/s (36.41 Mbit/s with framing)
[1;36m[Device: id=0] RX[0m: 0.0905 Mpps, 49.23 Mbit/s (63.71 Mbit/s with framing)
[0;34m[Device: id=1] TX[0m: 0.5154 Mpps, 313.34 Mbit/s (395.80 Mbit/s with framing)
33
[1;36m[Device: id=0] RX[0m: 0.0042 Mpps, 2.30 Mbit/s (2.97 Mbit/s with framing)
[0;34m[Device: id=1] TX[0m: 0.0180 Mpps, 10.96 Mbit/s (13.84 Mbit/s with framing)
7800000
[1;36m[Device: id=0] RX[0m: 0.0538 (StdDev 0.0204) Mpps, 29.26 (StdDev 11) Mbit/s (37.87 Mbit/s with framing), total 1678775 packets with 114156700 bytes (incl. CRC)
[0;34m[Device: id=1] TX[0m: 0.2509 (StdDev 0.0771) Mpps, 152.54 (StdDev 47) Mbit/s (192.69 Mbit/s with framing), total 7800000 packets with 592800000 bytes (incl. CRC)
