[1;37m[INFO]  Initializing DPDK. This will take a few seconds...[0m
EAL: Probing VFIO support...
EAL: WARNING: cpu flags constant_tsc=yes nonstop_tsc=no -> using unreliable clock cycles !
EAL: PCI device 0000:00:03.0 on NUMA socket -1
EAL:   Invalid NUMA socket, default to 0
EAL:   probe driver: 1af4:1000 net_virtio
EAL: PCI device 0000:00:04.0 on NUMA socket -1
EAL:   Invalid NUMA socket, default to 0
EAL:   probe driver: 1af4:1000 net_virtio
EAL: PCI device 0000:00:05.0 on NUMA socket -1
EAL:   Invalid NUMA socket, default to 0
EAL:   probe driver: 1af4:1000 net_virtio
[1;37m[INFO]  Found 2 usable devices:[0m
   Device 0: 52:54:00:C9:E4:6A ([0;32mRed Hat, Inc Virtio network device[0m)
   Device 1: 52:54:00:47:12:15 ([0;32mRed Hat, Inc Virtio network device[0m)
[1;37m[INFO]  Waiting for devices to come up...[0m
[1;37m[INFO]  Device 1 (52:54:00:47:12:15) is up: 10000 MBit/s[0m
[1;37m[INFO]  Device 0 (52:54:00:C9:E4:6A) is up: 10000 MBit/s[0m
[1;37m[INFO]  [0;32m2 devices are up.[0m[0m
[1;37m[INFO]  Trying to enable rx timestamping of all packets, this isn't supported by most nics[0m
[1;36m[Device: id=0] RX[0m: 0.0424 Mpps, 23.08 Mbit/s (29.86 Mbit/s with framing)
[0;34m[Device: id=1] TX[0m: 0.0500 Mpps, 30.38 Mbit/s (38.38 Mbit/s with framing)
[0;34m[Device: id=1] TX[0m: 0.0500 Mpps, 30.41 Mbit/s (38.41 Mbit/s with framing)
[1;36m[Device: id=0] RX[0m: 0.0428 Mpps, 23.29 Mbit/s (30.14 Mbit/s with framing)
[0;34m[Device: id=1] TX[0m: 0.0500 Mpps, 30.39 Mbit/s (38.38 Mbit/s with framing)
[1;36m[Device: id=0] RX[0m: 0.0403 Mpps, 21.91 Mbit/s (28.36 Mbit/s with framing)
[1;36m[Device: id=0] RX[0m: 0.0417 Mpps, 22.67 Mbit/s (29.34 Mbit/s with framing)
[0;34m[Device: id=1] TX[0m: 0.0499 Mpps, 30.34 Mbit/s (38.33 Mbit/s with framing)
[1;36m[Device: id=0] RX[0m: 0.0404 Mpps, 21.96 Mbit/s (28.42 Mbit/s with framing)
[0;34m[Device: id=1] TX[0m: 0.0501 Mpps, 30.46 Mbit/s (38.47 Mbit/s with framing)
[1;36m[Device: id=0] RX[0m: 0.0394 Mpps, 21.45 Mbit/s (27.75 Mbit/s with framing)
[0;34m[Device: id=1] TX[0m: 0.0499 Mpps, 30.37 Mbit/s (38.36 Mbit/s with framing)
[1;36m[Device: id=0] RX[0m: 0.0416 Mpps, 22.62 Mbit/s (29.27 Mbit/s with framing)
[0;34m[Device: id=1] TX[0m: 0.0501 Mpps, 30.44 Mbit/s (38.45 Mbit/s with framing)
[1;36m[Device: id=0] RX[0m: 0.0407 Mpps, 22.13 Mbit/s (28.64 Mbit/s with framing)
[0;34m[Device: id=1] TX[0m: 0.0499 Mpps, 30.36 Mbit/s (38.35 Mbit/s with framing)
[1;36m[Device: id=0] RX[0m: 0.0394 Mpps, 21.46 Mbit/s (27.77 Mbit/s with framing)
[0;34m[Device: id=1] TX[0m: 0.0500 Mpps, 30.42 Mbit/s (38.43 Mbit/s with framing)
[1;36m[Device: id=0] RX[0m: 0.0396 Mpps, 21.52 Mbit/s (27.84 Mbit/s with framing)
[0;34m[Device: id=1] TX[0m: 0.0500 Mpps, 30.42 Mbit/s (38.43 Mbit/s with framing)
[1;36m[Device: id=0] RX[0m: 0.0396 Mpps, 21.56 Mbit/s (27.90 Mbit/s with framing)
[0;34m[Device: id=1] TX[0m: 0.0500 Mpps, 30.39 Mbit/s (38.39 Mbit/s with framing)
[1;36m[Device: id=0] RX[0m: 0.0420 Mpps, 22.85 Mbit/s (29.57 Mbit/s with framing)
[0;34m[Device: id=1] TX[0m: 0.0500 Mpps, 30.41 Mbit/s (38.41 Mbit/s with framing)
[1;36m[Device: id=0] RX[0m: 0.0406 Mpps, 22.08 Mbit/s (28.58 Mbit/s with framing)
[0;34m[Device: id=1] TX[0m: 0.0499 Mpps, 30.37 Mbit/s (38.36 Mbit/s with framing)
[1;36m[Device: id=0] RX[0m: 0.0396 Mpps, 21.53 Mbit/s (27.87 Mbit/s with framing)
[0;34m[Device: id=1] TX[0m: 0.0500 Mpps, 30.39 Mbit/s (38.39 Mbit/s with framing)
[1;36m[Device: id=0] RX[0m: 0.0425 Mpps, 23.13 Mbit/s (29.93 Mbit/s with framing)
[0;34m[Device: id=1] TX[0m: 0.0500 Mpps, 30.42 Mbit/s (38.43 Mbit/s with framing)
[1;36m[Device: id=0] RX[0m: 0.0396 Mpps, 21.53 Mbit/s (27.87 Mbit/s with framing)
[0;34m[Device: id=1] TX[0m: 0.0500 Mpps, 30.41 Mbit/s (38.41 Mbit/s with framing)
[1;36m[Device: id=0] RX[0m: 0.0395 Mpps, 21.48 Mbit/s (27.80 Mbit/s with framing)
[0;34m[Device: id=1] TX[0m: 0.0500 Mpps, 30.41 Mbit/s (38.41 Mbit/s with framing)
[1;36m[Device: id=0] RX[0m: 0.0393 Mpps, 21.40 Mbit/s (27.69 Mbit/s with framing)
[0;34m[Device: id=1] TX[0m: 0.0500 Mpps, 30.40 Mbit/s (38.40 Mbit/s with framing)
[1;36m[Device: id=0] RX[0m: 0.0408 Mpps, 22.18 Mbit/s (28.70 Mbit/s with framing)
[0;34m[Device: id=1] TX[0m: 0.0499 Mpps, 30.36 Mbit/s (38.34 Mbit/s with framing)
[1;36m[Device: id=0] RX[0m: 0.0406 Mpps, 22.10 Mbit/s (28.60 Mbit/s with framing)
[0;34m[Device: id=1] TX[0m: 0.0500 Mpps, 30.39 Mbit/s (38.38 Mbit/s with framing)
[1;36m[Device: id=0] RX[0m: 0.0395 Mpps, 21.51 Mbit/s (27.84 Mbit/s with framing)
[0;34m[Device: id=1] TX[0m: 0.0501 Mpps, 30.43 Mbit/s (38.44 Mbit/s with framing)
[1;36m[Device: id=0] RX[0m: 0.0394 Mpps, 21.46 Mbit/s (27.77 Mbit/s with framing)
[0;34m[Device: id=1] TX[0m: 0.0500 Mpps, 30.41 Mbit/s (38.41 Mbit/s with framing)
[1;36m[Device: id=0] RX[0m: 0.0407 Mpps, 22.16 Mbit/s (28.68 Mbit/s with framing)
[0;34m[Device: id=1] TX[0m: 0.0500 Mpps, 30.40 Mbit/s (38.40 Mbit/s with framing)
[1;36m[Device: id=0] RX[0m: 0.0419 Mpps, 22.81 Mbit/s (29.52 Mbit/s with framing)
[0;34m[Device: id=1] TX[0m: 0.0500 Mpps, 30.41 Mbit/s (38.41 Mbit/s with framing)
[1;36m[Device: id=0] RX[0m: 0.0398 Mpps, 21.63 Mbit/s (27.99 Mbit/s with framing)
[0;34m[Device: id=1] TX[0m: 0.0500 Mpps, 30.37 Mbit/s (38.36 Mbit/s with framing)
[1;36m[Device: id=0] RX[0m: 0.0416 Mpps, 22.63 Mbit/s (29.29 Mbit/s with framing)
[0;34m[Device: id=1] TX[0m: 0.0500 Mpps, 30.38 Mbit/s (38.38 Mbit/s with framing)
[1;36m[Device: id=0] RX[0m: 0.0396 Mpps, 21.54 Mbit/s (27.87 Mbit/s with framing)
[0;34m[Device: id=1] TX[0m: 0.0501 Mpps, 30.46 Mbit/s (38.47 Mbit/s with framing)
[1;36m[Device: id=0] RX[0m: 0.0397 Mpps, 21.57 Mbit/s (27.92 Mbit/s with framing)
[0;34m[Device: id=1] TX[0m: 0.0500 Mpps, 30.38 Mbit/s (38.37 Mbit/s with framing)
[1;36m[Device: id=0] RX[0m: 0.0406 Mpps, 22.11 Mbit/s (28.61 Mbit/s with framing)
[0;34m[Device: id=1] TX[0m: 0.0500 Mpps, 30.41 Mbit/s (38.41 Mbit/s with framing)
33
[1;36m[Device: id=0] RX[0m: 0.0400 Mpps, 21.74 Mbit/s (28.14 Mbit/s with framing)
[0;34m[Device: id=1] TX[0m: 0.0415 Mpps, 25.26 Mbit/s (31.91 Mbit/s with framing)
[1;36m[Device: id=0] RX[0m: 0.0000 Mpps, 0.00 Mbit/s (0.00 Mbit/s with framing)
[0;34m[Device: id=1] TX[0m: 0.0000 Mpps, 0.00 Mbit/s (0.00 Mbit/s with framing)
1500000
[1;36m[Device: id=0] RX[0m: 0.0391 (StdDev 0.0075) Mpps, 21.27 (StdDev 4) Mbit/s (27.52 Mbit/s with framing), total 1215243 packets with 82636524 bytes (incl. CRC)
[0;34m[Device: id=1] TX[0m: 0.0481 (StdDev 0.0092) Mpps, 29.22 (StdDev 6) Mbit/s (36.90 Mbit/s with framing), total 1500000 packets with 114000000 bytes (incl. CRC)
