[1;37m[INFO]  Initializing DPDK. This will take a few seconds...[0m
EAL: Probing VFIO support...
EAL: WARNING: cpu flags constant_tsc=yes nonstop_tsc=no -> using unreliable clock cycles !
EAL: PCI device 0000:00:03.0 on NUMA socket -1
EAL:   Invalid NUMA socket, default to 0
EAL:   probe driver: 1af4:1000 net_virtio
EAL: PCI device 0000:00:04.0 on NUMA socket -1
EAL:   Invalid NUMA socket, default to 0
EAL:   probe driver: 1af4:1000 net_virtio
EAL: PCI device 0000:00:05.0 on NUMA socket -1
EAL:   Invalid NUMA socket, default to 0
EAL:   probe driver: 1af4:1000 net_virtio
[1;37m[INFO]  Found 2 usable devices:[0m
   Device 0: 52:54:00:C9:E4:6A ([0;32mRed Hat, Inc Virtio network device[0m)
   Device 1: 52:54:00:47:12:15 ([0;32mRed Hat, Inc Virtio network device[0m)
[1;37m[INFO]  Waiting for devices to come up...[0m
[1;37m[INFO]  Device 1 (52:54:00:47:12:15) is up: 10000 MBit/s[0m
[1;37m[INFO]  Device 0 (52:54:00:C9:E4:6A) is up: 10000 MBit/s[0m
[1;37m[INFO]  [0;32m2 devices are up.[0m[0m
[1;37m[INFO]  Trying to enable rx timestamping of all packets, this isn't supported by most nics[0m
[0;34m[Device: id=1] TX[0m: 0.1465 Mpps, 164.05 Mbit/s (187.48 Mbit/s with framing)
[1;36m[Device: id=0] RX[0m: 0.0405 Mpps, 42.79 Mbit/s (49.27 Mbit/s with framing)
[0;34m[Device: id=1] TX[0m: 0.1508 Mpps, 168.88 Mbit/s (193.01 Mbit/s with framing)
[1;36m[Device: id=0] RX[0m: 0.0428 Mpps, 45.15 Mbit/s (51.99 Mbit/s with framing)
[0;34m[Device: id=1] TX[0m: 0.1482 Mpps, 166.01 Mbit/s (189.73 Mbit/s with framing)
[1;36m[Device: id=0] RX[0m: 0.0417 Mpps, 44.06 Mbit/s (50.74 Mbit/s with framing)
[1;36m[Device: id=0] RX[0m: 0.0457 Mpps, 48.24 Mbit/s (55.55 Mbit/s with framing)
[0;34m[Device: id=1] TX[0m: 0.1516 Mpps, 169.75 Mbit/s (194.01 Mbit/s with framing)
[1;36m[Device: id=0] RX[0m: 0.0411 Mpps, 43.42 Mbit/s (50.00 Mbit/s with framing)
[0;34m[Device: id=1] TX[0m: 0.1500 Mpps, 168.02 Mbit/s (192.02 Mbit/s with framing)
[1;36m[Device: id=0] RX[0m: 0.0439 Mpps, 46.38 Mbit/s (53.40 Mbit/s with framing)
[0;34m[Device: id=1] TX[0m: 0.1499 Mpps, 167.91 Mbit/s (191.90 Mbit/s with framing)
[1;36m[Device: id=0] RX[0m: 0.0435 Mpps, 45.94 Mbit/s (52.90 Mbit/s with framing)
[0;34m[Device: id=1] TX[0m: 0.1503 Mpps, 168.35 Mbit/s (192.40 Mbit/s with framing)
[1;36m[Device: id=0] RX[0m: 0.0424 Mpps, 44.78 Mbit/s (51.57 Mbit/s with framing)
[0;34m[Device: id=1] TX[0m: 0.1496 Mpps, 167.56 Mbit/s (191.50 Mbit/s with framing)
[1;36m[Device: id=0] RX[0m: 0.0429 Mpps, 45.28 Mbit/s (52.14 Mbit/s with framing)
[0;34m[Device: id=1] TX[0m: 0.1486 Mpps, 166.49 Mbit/s (190.27 Mbit/s with framing)
[1;36m[Device: id=0] RX[0m: 0.0437 Mpps, 46.17 Mbit/s (53.16 Mbit/s with framing)
[0;34m[Device: id=1] TX[0m: 0.1514 Mpps, 169.60 Mbit/s (193.83 Mbit/s with framing)
[1;36m[Device: id=0] RX[0m: 0.0426 Mpps, 44.98 Mbit/s (51.80 Mbit/s with framing)
[0;34m[Device: id=1] TX[0m: 0.1501 Mpps, 168.10 Mbit/s (192.11 Mbit/s with framing)
[1;36m[Device: id=0] RX[0m: 0.0415 Mpps, 43.80 Mbit/s (50.43 Mbit/s with framing)
[0;34m[Device: id=1] TX[0m: 0.1489 Mpps, 166.74 Mbit/s (190.56 Mbit/s with framing)
[1;36m[Device: id=0] RX[0m: 0.0446 Mpps, 47.07 Mbit/s (54.20 Mbit/s with framing)
[0;34m[Device: id=1] TX[0m: 0.1506 Mpps, 168.63 Mbit/s (192.72 Mbit/s with framing)
[1;36m[Device: id=0] RX[0m: 0.0408 Mpps, 43.14 Mbit/s (49.67 Mbit/s with framing)
[0;34m[Device: id=1] TX[0m: 0.1497 Mpps, 167.63 Mbit/s (191.58 Mbit/s with framing)
[1;36m[Device: id=0] RX[0m: 0.0411 Mpps, 43.37 Mbit/s (49.94 Mbit/s with framing)
[0;34m[Device: id=1] TX[0m: 0.1511 Mpps, 169.23 Mbit/s (193.40 Mbit/s with framing)
[1;36m[Device: id=0] RX[0m: 0.0466 Mpps, 49.18 Mbit/s (56.64 Mbit/s with framing)
[0;34m[Device: id=1] TX[0m: 0.1491 Mpps, 167.05 Mbit/s (190.91 Mbit/s with framing)
[1;36m[Device: id=0] RX[0m: 0.0422 Mpps, 44.57 Mbit/s (51.32 Mbit/s with framing)
[0;34m[Device: id=1] TX[0m: 0.1508 Mpps, 168.94 Mbit/s (193.07 Mbit/s with framing)
[1;36m[Device: id=0] RX[0m: 0.0420 Mpps, 44.35 Mbit/s (51.07 Mbit/s with framing)
[0;34m[Device: id=1] TX[0m: 0.1498 Mpps, 167.79 Mbit/s (191.76 Mbit/s with framing)
[1;36m[Device: id=0] RX[0m: 0.0437 Mpps, 46.15 Mbit/s (53.14 Mbit/s with framing)
[0;34m[Device: id=1] TX[0m: 0.1500 Mpps, 168.00 Mbit/s (192.01 Mbit/s with framing)
[1;36m[Device: id=0] RX[0m: 0.0424 Mpps, 44.73 Mbit/s (51.50 Mbit/s with framing)
[0;34m[Device: id=1] TX[0m: 0.1472 Mpps, 164.88 Mbit/s (188.43 Mbit/s with framing)
[1;36m[Device: id=0] RX[0m: 0.0444 Mpps, 46.90 Mbit/s (54.01 Mbit/s with framing)
[0;34m[Device: id=1] TX[0m: 0.1527 Mpps, 171.03 Mbit/s (195.46 Mbit/s with framing)
[1;36m[Device: id=0] RX[0m: 0.0427 Mpps, 45.04 Mbit/s (51.87 Mbit/s with framing)
[0;34m[Device: id=1] TX[0m: 0.1501 Mpps, 168.10 Mbit/s (192.11 Mbit/s with framing)
[1;36m[Device: id=0] RX[0m: 0.0426 Mpps, 44.95 Mbit/s (51.76 Mbit/s with framing)
[0;34m[Device: id=1] TX[0m: 0.1497 Mpps, 167.62 Mbit/s (191.57 Mbit/s with framing)
[1;36m[Device: id=0] RX[0m: 0.0424 Mpps, 44.79 Mbit/s (51.57 Mbit/s with framing)
[0;34m[Device: id=1] TX[0m: 0.1494 Mpps, 167.32 Mbit/s (191.22 Mbit/s with framing)
[1;36m[Device: id=0] RX[0m: 0.0409 Mpps, 43.15 Mbit/s (49.69 Mbit/s with framing)
[0;34m[Device: id=1] TX[0m: 0.1510 Mpps, 169.09 Mbit/s (193.25 Mbit/s with framing)
[1;36m[Device: id=0] RX[0m: 0.0416 Mpps, 43.89 Mbit/s (50.54 Mbit/s with framing)
[0;34m[Device: id=1] TX[0m: 0.1499 Mpps, 167.86 Mbit/s (191.84 Mbit/s with framing)
[1;36m[Device: id=0] RX[0m: 0.0416 Mpps, 43.95 Mbit/s (50.61 Mbit/s with framing)
[0;34m[Device: id=1] TX[0m: 0.1488 Mpps, 166.71 Mbit/s (190.53 Mbit/s with framing)
[1;36m[Device: id=0] RX[0m: 0.0464 Mpps, 49.02 Mbit/s (56.44 Mbit/s with framing)
[0;34m[Device: id=1] TX[0m: 0.1509 Mpps, 169.01 Mbit/s (193.16 Mbit/s with framing)
[1;36m[Device: id=0] RX[0m: 0.0417 Mpps, 44.07 Mbit/s (50.75 Mbit/s with framing)
[0;34m[Device: id=1] TX[0m: 0.1503 Mpps, 168.35 Mbit/s (192.40 Mbit/s with framing)
36
[1;36m[Device: id=0] RX[0m: 0.0415 Mpps, 43.82 Mbit/s (50.45 Mbit/s with framing)
[0;34m[Device: id=1] TX[0m: 0.1273 Mpps, 142.55 Mbit/s (162.92 Mbit/s with framing)
[1;36m[Device: id=0] RX[0m: 0.0009 Mpps, 0.93 Mbit/s (1.07 Mbit/s with framing)
[0;34m[Device: id=1] TX[0m: 0.0000 Mpps, 0.00 Mbit/s (0.00 Mbit/s with framing)
4500000
[1;36m[Device: id=0] RX[0m: 0.0414 (StdDev 0.0078) Mpps, 43.71 (StdDev 8) Mbit/s (50.33 Mbit/s with framing), total 1282268 packets with 169259318 bytes (incl. CRC)
[0;34m[Device: id=1] TX[0m: 0.1443 (StdDev 0.0276) Mpps, 161.57 (StdDev 31) Mbit/s (184.66 Mbit/s with framing), total 4500000 packets with 630000000 bytes (incl. CRC)
