[1;37m[INFO]  Initializing DPDK. This will take a few seconds...[0m
EAL: Probing VFIO support...
EAL: WARNING: cpu flags constant_tsc=yes nonstop_tsc=no -> using unreliable clock cycles !
EAL: PCI device 0000:00:03.0 on NUMA socket -1
EAL:   Invalid NUMA socket, default to 0
EAL:   probe driver: 1af4:1000 net_virtio
EAL: PCI device 0000:00:04.0 on NUMA socket -1
EAL:   Invalid NUMA socket, default to 0
EAL:   probe driver: 1af4:1000 net_virtio
EAL: PCI device 0000:00:05.0 on NUMA socket -1
EAL:   Invalid NUMA socket, default to 0
EAL:   probe driver: 1af4:1000 net_virtio
[1;37m[INFO]  Found 2 usable devices:[0m
   Device 0: 52:54:00:C9:E4:6A ([0;32mRed Hat, Inc Virtio network device[0m)
   Device 1: 52:54:00:47:12:15 ([0;32mRed Hat, Inc Virtio network device[0m)
[1;37m[INFO]  Waiting for devices to come up...[0m
[1;37m[INFO]  Device 1 (52:54:00:47:12:15) is up: 10000 MBit/s[0m
[1;37m[INFO]  Device 0 (52:54:00:C9:E4:6A) is up: 10000 MBit/s[0m
[1;37m[INFO]  [0;32m2 devices are up.[0m[0m
[1;37m[INFO]  Trying to enable rx timestamping of all packets, this isn't supported by most nics[0m
[0;34m[Device: id=1] TX[0m: 0.2804 Mpps, 2324.01 Mbit/s (2368.88 Mbit/s with framing)
[1;36m[Device: id=0] RX[0m: 0.0767 Mpps, 630.49 Mbit/s (642.76 Mbit/s with framing)
[0;34m[Device: id=1] TX[0m: 0.2927 Mpps, 2426.12 Mbit/s (2472.95 Mbit/s with framing)
[1;36m[Device: id=0] RX[0m: 0.0699 Mpps, 575.03 Mbit/s (586.22 Mbit/s with framing)
[0;34m[Device: id=1] TX[0m: 0.2543 Mpps, 2108.03 Mbit/s (2148.73 Mbit/s with framing)
[1;36m[Device: id=0] RX[0m: 0.0552 Mpps, 453.98 Mbit/s (462.82 Mbit/s with framing)
[0;34m[Device: id=1] TX[0m: 0.3073 Mpps, 2546.69 Mbit/s (2595.86 Mbit/s with framing)
[1;36m[Device: id=0] RX[0m: 0.0784 Mpps, 644.61 Mbit/s (657.15 Mbit/s with framing)
[0;34m[Device: id=1] TX[0m: 0.3074 Mpps, 2547.88 Mbit/s (2597.06 Mbit/s with framing)
[1;36m[Device: id=0] RX[0m: 0.1302 Mpps, 1070.56 Mbit/s (1091.38 Mbit/s with framing)
[0;34m[Device: id=1] TX[0m: 0.2723 Mpps, 2256.72 Mbit/s (2300.29 Mbit/s with framing)
[1;36m[Device: id=0] RX[0m: 0.0377 Mpps, 310.06 Mbit/s (316.09 Mbit/s with framing)
[0;34m[Device: id=1] TX[0m: 0.0933 Mpps, 773.35 Mbit/s (788.28 Mbit/s with framing)
[1;36m[Device: id=0] RX[0m: 0.0378 Mpps, 310.54 Mbit/s (316.58 Mbit/s with framing)
[1;36m[Device: id=0] RX[0m: 0.1262 Mpps, 1037.73 Mbit/s (1057.92 Mbit/s with framing)
[0;34m[Device: id=1] TX[0m: 0.3508 Mpps, 2907.55 Mbit/s (2963.68 Mbit/s with framing)
[1;36m[Device: id=0] RX[0m: 0.0520 Mpps, 427.43 Mbit/s (435.75 Mbit/s with framing)
[0;34m[Device: id=1] TX[0m: 0.2690 Mpps, 2229.83 Mbit/s (2272.87 Mbit/s with framing)
[1;36m[Device: id=0] RX[0m: 0.0378 Mpps, 310.69 Mbit/s (316.73 Mbit/s with framing)
[0;34m[Device: id=1] TX[0m: 0.4522 Mpps, 3748.04 Mbit/s (3820.40 Mbit/s with framing)
[1;36m[Device: id=0] RX[0m: 0.0380 Mpps, 312.29 Mbit/s (318.37 Mbit/s with framing)
[0;34m[Device: id=1] TX[0m: 0.2758 Mpps, 2285.78 Mbit/s (2329.90 Mbit/s with framing)
[1;36m[Device: id=0] RX[0m: 0.0399 Mpps, 328.31 Mbit/s (334.70 Mbit/s with framing)
[0;34m[Device: id=1] TX[0m: 0.1908 Mpps, 1581.33 Mbit/s (1611.85 Mbit/s with framing)
[1;36m[Device: id=0] RX[0m: 0.1618 Mpps, 1330.37 Mbit/s (1356.25 Mbit/s with framing)
[0;34m[Device: id=1] TX[0m: 0.2802 Mpps, 2321.95 Mbit/s (2366.77 Mbit/s with framing)
[1;36m[Device: id=0] RX[0m: 0.0501 Mpps, 412.06 Mbit/s (420.08 Mbit/s with framing)
[0;34m[Device: id=1] TX[0m: 0.3977 Mpps, 3296.25 Mbit/s (3359.89 Mbit/s with framing)
[1;36m[Device: id=0] RX[0m: 0.1212 Mpps, 996.77 Mbit/s (1016.16 Mbit/s with framing)
[0;34m[Device: id=1] TX[0m: 0.2958 Mpps, 2451.64 Mbit/s (2498.97 Mbit/s with framing)
[1;36m[Device: id=0] RX[0m: 0.1116 Mpps, 917.87 Mbit/s (935.73 Mbit/s with framing)
[0;34m[Device: id=1] TX[0m: 0.3108 Mpps, 2575.53 Mbit/s (2625.25 Mbit/s with framing)
[1;36m[Device: id=0] RX[0m: 0.1235 Mpps, 1015.43 Mbit/s (1035.19 Mbit/s with framing)
[0;34m[Device: id=1] TX[0m: 0.2840 Mpps, 2354.06 Mbit/s (2399.51 Mbit/s with framing)
[1;36m[Device: id=0] RX[0m: 0.0776 Mpps, 638.32 Mbit/s (650.73 Mbit/s with framing)
[0;34m[Device: id=1] TX[0m: 0.2971 Mpps, 2462.45 Mbit/s (2509.99 Mbit/s with framing)
[1;36m[Device: id=0] RX[0m: 0.1209 Mpps, 994.66 Mbit/s (1014.01 Mbit/s with framing)
[0;34m[Device: id=1] TX[0m: 0.2779 Mpps, 2302.92 Mbit/s (2347.37 Mbit/s with framing)
[1;36m[Device: id=0] RX[0m: 0.0952 Mpps, 783.00 Mbit/s (798.23 Mbit/s with framing)
[0;34m[Device: id=1] TX[0m: 0.2521 Mpps, 2089.78 Mbit/s (2130.12 Mbit/s with framing)
[1;36m[Device: id=0] RX[0m: 0.0407 Mpps, 334.97 Mbit/s (341.48 Mbit/s with framing)
[0;34m[Device: id=1] TX[0m: 0.3138 Mpps, 2600.63 Mbit/s (2650.84 Mbit/s with framing)
[1;36m[Device: id=0] RX[0m: 0.0435 Mpps, 357.80 Mbit/s (364.76 Mbit/s with framing)
[0;34m[Device: id=1] TX[0m: 0.3122 Mpps, 2587.63 Mbit/s (2637.59 Mbit/s with framing)
[1;36m[Device: id=0] RX[0m: 0.0404 Mpps, 332.22 Mbit/s (338.68 Mbit/s with framing)
[0;34m[Device: id=1] TX[0m: 0.1285 Mpps, 1065.17 Mbit/s (1085.73 Mbit/s with framing)
[1;36m[Device: id=0] RX[0m: 0.0398 Mpps, 327.26 Mbit/s (333.62 Mbit/s with framing)
[0;34m[Device: id=1] TX[0m: 0.3821 Mpps, 3167.09 Mbit/s (3228.23 Mbit/s with framing)
[1;36m[Device: id=0] RX[0m: 0.0402 Mpps, 330.98 Mbit/s (337.42 Mbit/s with framing)
[0;34m[Device: id=1] TX[0m: 0.2632 Mpps, 2181.26 Mbit/s (2223.37 Mbit/s with framing)
[1;36m[Device: id=0] RX[0m: 0.0395 Mpps, 325.22 Mbit/s (331.55 Mbit/s with framing)
[0;34m[Device: id=1] TX[0m: 0.3831 Mpps, 3174.75 Mbit/s (3236.04 Mbit/s with framing)
[1;36m[Device: id=0] RX[0m: 0.0383 Mpps, 315.18 Mbit/s (321.32 Mbit/s with framing)
[0;34m[Device: id=1] TX[0m: 0.2680 Mpps, 2221.31 Mbit/s (2264.20 Mbit/s with framing)
[1;36m[Device: id=0] RX[0m: 0.0441 Mpps, 362.87 Mbit/s (369.93 Mbit/s with framing)
[0;34m[Device: id=1] TX[0m: 0.1196 Mpps, 991.43 Mbit/s (1010.57 Mbit/s with framing)
[1;36m[Device: id=0] RX[0m: 0.0425 Mpps, 349.72 Mbit/s (356.52 Mbit/s with framing)
[0;34m[Device: id=1] TX[0m: 0.4912 Mpps, 4071.17 Mbit/s (4149.76 Mbit/s with framing)
[1;36m[Device: id=0] RX[0m: 0.0608 Mpps, 500.34 Mbit/s (510.07 Mbit/s with framing)
15
[0;34m[Device: id=1] TX[0m: 0.2481 Mpps, 2056.26 Mbit/s (2095.95 Mbit/s with framing)
[1;36m[Device: id=0] RX[0m: 0.0049 Mpps, 40.51 Mbit/s (41.30 Mbit/s with framing)
[0;34m[Device: id=1] TX[0m: 0.0000 Mpps, 0.00 Mbit/s (0.00 Mbit/s with framing)
8700000
[1;36m[Device: id=0] RX[0m: 0.0667 (StdDev 0.0387) Mpps, 548.23 (StdDev 318) Mbit/s (558.89 Mbit/s with framing), total 2076548 packets with 2134691344 bytes (incl. CRC)
[0;34m[Device: id=1] TX[0m: 0.2790 (StdDev 0.1004) Mpps, 2312.75 (StdDev 832) Mbit/s (2357.40 Mbit/s with framing), total 8700000 packets with 9013200000 bytes (incl. CRC)
