[1;37m[INFO]  Initializing DPDK. This will take a few seconds...[0m
EAL: Probing VFIO support...
EAL: WARNING: cpu flags constant_tsc=yes nonstop_tsc=no -> using unreliable clock cycles !
EAL: PCI device 0000:00:03.0 on NUMA socket -1
EAL:   Invalid NUMA socket, default to 0
EAL:   probe driver: 1af4:1000 net_virtio
EAL: PCI device 0000:00:04.0 on NUMA socket -1
EAL:   Invalid NUMA socket, default to 0
EAL:   probe driver: 1af4:1000 net_virtio
EAL: PCI device 0000:00:05.0 on NUMA socket -1
EAL:   Invalid NUMA socket, default to 0
EAL:   probe driver: 1af4:1000 net_virtio
[1;37m[INFO]  Found 2 usable devices:[0m
   Device 0: 52:54:00:C9:E4:6A ([0;32mRed Hat, Inc Virtio network device[0m)
   Device 1: 52:54:00:47:12:15 ([0;32mRed Hat, Inc Virtio network device[0m)
[1;37m[INFO]  Waiting for devices to come up...[0m
[1;37m[INFO]  Device 1 (52:54:00:47:12:15) is up: 10000 MBit/s[0m
[1;37m[INFO]  Device 0 (52:54:00:C9:E4:6A) is up: 10000 MBit/s[0m
[1;37m[INFO]  [0;32m2 devices are up.[0m[0m
[1;37m[INFO]  Trying to enable rx timestamping of all packets, this isn't supported by most nics[0m
[0;34m[Device: id=1] TX[0m: 0.2323 Mpps, 2401.02 Mbit/s (2438.19 Mbit/s with framing)
[1;36m[Device: id=0] RX[0m: 0.1088 Mpps, 1117.23 Mbit/s (1134.63 Mbit/s with framing)
[0;34m[Device: id=1] TX[0m: 0.2395 Mpps, 2475.40 Mbit/s (2513.72 Mbit/s with framing)
[1;36m[Device: id=0] RX[0m: 0.1359 Mpps, 1395.51 Mbit/s (1417.24 Mbit/s with framing)
[0;34m[Device: id=1] TX[0m: 0.2354 Mpps, 2433.33 Mbit/s (2471.00 Mbit/s with framing)
[1;36m[Device: id=0] RX[0m: 0.1290 Mpps, 1325.36 Mbit/s (1346.01 Mbit/s with framing)
[0;34m[Device: id=1] TX[0m: 0.2394 Mpps, 2474.44 Mbit/s (2512.75 Mbit/s with framing)
[1;36m[Device: id=0] RX[0m: 0.1115 Mpps, 1145.57 Mbit/s (1163.42 Mbit/s with framing)
[0;34m[Device: id=1] TX[0m: 0.2360 Mpps, 2438.98 Mbit/s (2476.73 Mbit/s with framing)
[1;36m[Device: id=0] RX[0m: 0.1319 Mpps, 1354.46 Mbit/s (1375.56 Mbit/s with framing)
[0;34m[Device: id=1] TX[0m: 0.2457 Mpps, 2539.63 Mbit/s (2578.94 Mbit/s with framing)
[1;36m[Device: id=0] RX[0m: 0.1093 Mpps, 1122.92 Mbit/s (1140.41 Mbit/s with framing)
[0;34m[Device: id=1] TX[0m: 0.2381 Mpps, 2460.52 Mbit/s (2498.61 Mbit/s with framing)
[1;36m[Device: id=0] RX[0m: 0.1023 Mpps, 1050.95 Mbit/s (1067.32 Mbit/s with framing)
[0;34m[Device: id=1] TX[0m: 0.2463 Mpps, 2545.89 Mbit/s (2585.30 Mbit/s with framing)
[1;36m[Device: id=0] RX[0m: 0.1250 Mpps, 1284.39 Mbit/s (1304.39 Mbit/s with framing)
[0;34m[Device: id=1] TX[0m: 0.2384 Mpps, 2463.83 Mbit/s (2501.97 Mbit/s with framing)
[1;36m[Device: id=0] RX[0m: 0.0905 Mpps, 929.44 Mbit/s (943.91 Mbit/s with framing)
[0;34m[Device: id=1] TX[0m: 0.2429 Mpps, 2510.58 Mbit/s (2549.45 Mbit/s with framing)
[1;36m[Device: id=0] RX[0m: 0.0918 Mpps, 942.80 Mbit/s (957.48 Mbit/s with framing)
[0;34m[Device: id=1] TX[0m: 0.2369 Mpps, 2448.73 Mbit/s (2486.63 Mbit/s with framing)
[1;36m[Device: id=0] RX[0m: 0.0818 Mpps, 839.76 Mbit/s (852.84 Mbit/s with framing)
[0;34m[Device: id=1] TX[0m: 0.2350 Mpps, 2429.27 Mbit/s (2466.87 Mbit/s with framing)
[1;36m[Device: id=0] RX[0m: 0.1064 Mpps, 1093.24 Mbit/s (1110.27 Mbit/s with framing)
[0;34m[Device: id=1] TX[0m: 0.2458 Mpps, 2540.45 Mbit/s (2579.78 Mbit/s with framing)
[1;36m[Device: id=0] RX[0m: 0.0973 Mpps, 999.28 Mbit/s (1014.85 Mbit/s with framing)
[0;34m[Device: id=1] TX[0m: 0.2321 Mpps, 2398.88 Mbit/s (2436.02 Mbit/s with framing)
[1;36m[Device: id=0] RX[0m: 0.0915 Mpps, 939.83 Mbit/s (954.47 Mbit/s with framing)
[0;34m[Device: id=1] TX[0m: 0.2484 Mpps, 2567.84 Mbit/s (2607.59 Mbit/s with framing)
[1;36m[Device: id=0] RX[0m: 0.0651 Mpps, 668.27 Mbit/s (678.68 Mbit/s with framing)
[0;34m[Device: id=1] TX[0m: 0.2429 Mpps, 2510.20 Mbit/s (2549.06 Mbit/s with framing)
[1;36m[Device: id=0] RX[0m: 0.0822 Mpps, 844.85 Mbit/s (858.01 Mbit/s with framing)
[0;34m[Device: id=1] TX[0m: 0.2382 Mpps, 2462.13 Mbit/s (2500.24 Mbit/s with framing)
[1;36m[Device: id=0] RX[0m: 0.0943 Mpps, 968.15 Mbit/s (983.24 Mbit/s with framing)
[0;34m[Device: id=1] TX[0m: 0.2305 Mpps, 2382.64 Mbit/s (2419.52 Mbit/s with framing)
[1;36m[Device: id=0] RX[0m: 0.1051 Mpps, 1080.03 Mbit/s (1096.85 Mbit/s with framing)
[0;34m[Device: id=1] TX[0m: 0.2490 Mpps, 2573.80 Mbit/s (2613.64 Mbit/s with framing)
[1;36m[Device: id=0] RX[0m: 0.0897 Mpps, 921.19 Mbit/s (935.54 Mbit/s with framing)
[0;34m[Device: id=1] TX[0m: 0.2393 Mpps, 2473.44 Mbit/s (2511.72 Mbit/s with framing)
[1;36m[Device: id=0] RX[0m: 0.1371 Mpps, 1408.00 Mbit/s (1429.93 Mbit/s with framing)
[0;34m[Device: id=1] TX[0m: 0.2429 Mpps, 2510.95 Mbit/s (2549.82 Mbit/s with framing)
[1;36m[Device: id=0] RX[0m: 0.0945 Mpps, 970.56 Mbit/s (985.68 Mbit/s with framing)
[0;34m[Device: id=1] TX[0m: 0.2394 Mpps, 2474.36 Mbit/s (2512.67 Mbit/s with framing)
[1;36m[Device: id=0] RX[0m: 0.1023 Mpps, 1051.31 Mbit/s (1067.68 Mbit/s with framing)
[0;34m[Device: id=1] TX[0m: 0.2364 Mpps, 2443.12 Mbit/s (2480.94 Mbit/s with framing)
[1;36m[Device: id=0] RX[0m: 0.0866 Mpps, 889.48 Mbit/s (903.33 Mbit/s with framing)
[0;34m[Device: id=1] TX[0m: 0.2306 Mpps, 2383.55 Mbit/s (2420.45 Mbit/s with framing)
[1;36m[Device: id=0] RX[0m: 0.1061 Mpps, 1090.11 Mbit/s (1107.09 Mbit/s with framing)
[0;34m[Device: id=1] TX[0m: 0.2521 Mpps, 2605.21 Mbit/s (2645.54 Mbit/s with framing)
[1;36m[Device: id=0] RX[0m: 0.0836 Mpps, 858.75 Mbit/s (872.12 Mbit/s with framing)
[0;34m[Device: id=1] TX[0m: 0.2415 Mpps, 2496.51 Mbit/s (2535.16 Mbit/s with framing)
[1;36m[Device: id=0] RX[0m: 0.0876 Mpps, 899.57 Mbit/s (913.58 Mbit/s with framing)
[0;34m[Device: id=1] TX[0m: 0.2385 Mpps, 2465.31 Mbit/s (2503.47 Mbit/s with framing)
[1;36m[Device: id=0] RX[0m: 0.0771 Mpps, 791.82 Mbit/s (804.16 Mbit/s with framing)
[0;34m[Device: id=1] TX[0m: 0.2361 Mpps, 2439.88 Mbit/s (2477.65 Mbit/s with framing)
[1;36m[Device: id=0] RX[0m: 0.0941 Mpps, 966.83 Mbit/s (981.89 Mbit/s with framing)
[0;34m[Device: id=1] TX[0m: 0.2441 Mpps, 2522.75 Mbit/s (2561.80 Mbit/s with framing)
[1;36m[Device: id=0] RX[0m: 0.0982 Mpps, 1009.04 Mbit/s (1024.76 Mbit/s with framing)
[0;34m[Device: id=1] TX[0m: 0.2320 Mpps, 2397.44 Mbit/s (2434.55 Mbit/s with framing)
[1;36m[Device: id=0] RX[0m: 0.0871 Mpps, 894.31 Mbit/s (908.24 Mbit/s with framing)
45
[0;34m[Device: id=1] TX[0m: 0.0101 Mpps, 104.54 Mbit/s (106.16 Mbit/s with framing)
[1;36m[Device: id=0] RX[0m: 0.0077 Mpps, 78.65 Mbit/s (79.88 Mbit/s with framing)
7200000
[1;36m[Device: id=0] RX[0m: 0.0967 (StdDev 0.0244) Mpps, 993.81 (StdDev 251) Mbit/s (1009.29 Mbit/s with framing), total 3011313 packets with 3866525892 bytes (incl. CRC)
[0;34m[Device: id=1] TX[0m: 0.2321 (StdDev 0.0423) Mpps, 2399.12 (StdDev 437) Mbit/s (2436.26 Mbit/s with framing), total 7200000 packets with 9302400000 bytes (incl. CRC)
