[1;37m[INFO]  Initializing DPDK. This will take a few seconds...[0m
EAL: Probing VFIO support...
EAL: WARNING: cpu flags constant_tsc=yes nonstop_tsc=no -> using unreliable clock cycles !
EAL: PCI device 0000:00:03.0 on NUMA socket -1
EAL:   Invalid NUMA socket, default to 0
EAL:   probe driver: 1af4:1000 net_virtio
EAL: PCI device 0000:00:04.0 on NUMA socket -1
EAL:   Invalid NUMA socket, default to 0
EAL:   probe driver: 1af4:1000 net_virtio
EAL: PCI device 0000:00:05.0 on NUMA socket -1
EAL:   Invalid NUMA socket, default to 0
EAL:   probe driver: 1af4:1000 net_virtio
[1;37m[INFO]  Found 2 usable devices:[0m
   Device 0: 52:54:00:C9:E4:6A ([0;32mRed Hat, Inc Virtio network device[0m)
   Device 1: 52:54:00:47:12:15 ([0;32mRed Hat, Inc Virtio network device[0m)
[1;37m[INFO]  Waiting for devices to come up...[0m
[1;37m[INFO]  Device 1 (52:54:00:47:12:15) is up: 10000 MBit/s[0m
[1;37m[INFO]  Device 0 (52:54:00:C9:E4:6A) is up: 10000 MBit/s[0m
[1;37m[INFO]  [0;32m2 devices are up.[0m[0m
[1;37m[INFO]  Trying to enable rx timestamping of all packets, this isn't supported by most nics[0m
[0;34m[Device: id=1] TX[0m: 0.1648 Mpps, 353.44 Mbit/s (379.81 Mbit/s with framing)
[1;36m[Device: id=0] RX[0m: 0.0506 Mpps, 105.24 Mbit/s (113.34 Mbit/s with framing)
[0;34m[Device: id=1] TX[0m: 0.1712 Mpps, 367.07 Mbit/s (394.47 Mbit/s with framing)
[1;36m[Device: id=0] RX[0m: 0.0577 Mpps, 119.94 Mbit/s (129.17 Mbit/s with framing)
[0;34m[Device: id=1] TX[0m: 0.1689 Mpps, 362.06 Mbit/s (389.08 Mbit/s with framing)
[1;36m[Device: id=0] RX[0m: 0.0392 Mpps, 81.62 Mbit/s (87.90 Mbit/s with framing)
[0;34m[Device: id=1] TX[0m: 0.1645 Mpps, 352.59 Mbit/s (378.90 Mbit/s with framing)
[1;36m[Device: id=0] RX[0m: 0.0490 Mpps, 101.89 Mbit/s (109.72 Mbit/s with framing)
[0;34m[Device: id=1] TX[0m: 0.1740 Mpps, 373.08 Mbit/s (400.92 Mbit/s with framing)
[1;36m[Device: id=0] RX[0m: 0.0436 Mpps, 90.59 Mbit/s (97.56 Mbit/s with framing)
[1;36m[Device: id=0] RX[0m: 0.0426 Mpps, 88.70 Mbit/s (95.52 Mbit/s with framing)
[0;34m[Device: id=1] TX[0m: 0.1700 Mpps, 364.41 Mbit/s (391.61 Mbit/s with framing)
[1;36m[Device: id=0] RX[0m: 0.0424 Mpps, 88.21 Mbit/s (95.00 Mbit/s with framing)
[0;34m[Device: id=1] TX[0m: 0.1729 Mpps, 370.63 Mbit/s (398.29 Mbit/s with framing)
[1;36m[Device: id=0] RX[0m: 0.0395 Mpps, 82.10 Mbit/s (88.42 Mbit/s with framing)
[0;34m[Device: id=1] TX[0m: 0.1682 Mpps, 360.60 Mbit/s (387.51 Mbit/s with framing)
[1;36m[Device: id=0] RX[0m: 0.0395 Mpps, 82.21 Mbit/s (88.54 Mbit/s with framing)
[0;34m[Device: id=1] TX[0m: 0.1697 Mpps, 363.75 Mbit/s (390.90 Mbit/s with framing)
[1;36m[Device: id=0] RX[0m: 0.0414 Mpps, 86.05 Mbit/s (92.67 Mbit/s with framing)
[0;34m[Device: id=1] TX[0m: 0.1718 Mpps, 368.30 Mbit/s (395.79 Mbit/s with framing)
[1;36m[Device: id=0] RX[0m: 0.0459 Mpps, 95.47 Mbit/s (102.81 Mbit/s with framing)
[0;34m[Device: id=1] TX[0m: 0.1689 Mpps, 362.03 Mbit/s (389.05 Mbit/s with framing)
[1;36m[Device: id=0] RX[0m: 0.0414 Mpps, 86.18 Mbit/s (92.81 Mbit/s with framing)
[0;34m[Device: id=1] TX[0m: 0.1712 Mpps, 367.04 Mbit/s (394.44 Mbit/s with framing)
[1;36m[Device: id=0] RX[0m: 0.0394 Mpps, 82.00 Mbit/s (88.30 Mbit/s with framing)
[0;34m[Device: id=1] TX[0m: 0.1692 Mpps, 362.66 Mbit/s (389.73 Mbit/s with framing)
[1;36m[Device: id=0] RX[0m: 0.0392 Mpps, 81.52 Mbit/s (87.79 Mbit/s with framing)
[0;34m[Device: id=1] TX[0m: 0.1713 Mpps, 367.19 Mbit/s (394.59 Mbit/s with framing)
[1;36m[Device: id=0] RX[0m: 0.0418 Mpps, 86.85 Mbit/s (93.53 Mbit/s with framing)
[0;34m[Device: id=1] TX[0m: 0.1646 Mpps, 352.96 Mbit/s (379.30 Mbit/s with framing)
[1;36m[Device: id=0] RX[0m: 0.0409 Mpps, 85.13 Mbit/s (91.68 Mbit/s with framing)
[0;34m[Device: id=1] TX[0m: 0.1758 Mpps, 377.01 Mbit/s (405.15 Mbit/s with framing)
[1;36m[Device: id=0] RX[0m: 0.0424 Mpps, 88.19 Mbit/s (94.97 Mbit/s with framing)
[0;34m[Device: id=1] TX[0m: 0.1695 Mpps, 363.47 Mbit/s (390.60 Mbit/s with framing)
[1;36m[Device: id=0] RX[0m: 0.0410 Mpps, 85.20 Mbit/s (91.76 Mbit/s with framing)
[0;34m[Device: id=1] TX[0m: 0.1664 Mpps, 356.83 Mbit/s (383.45 Mbit/s with framing)
[1;36m[Device: id=0] RX[0m: 0.0407 Mpps, 84.58 Mbit/s (91.08 Mbit/s with framing)
[0;34m[Device: id=1] TX[0m: 0.1738 Mpps, 372.55 Mbit/s (400.36 Mbit/s with framing)
[1;36m[Device: id=0] RX[0m: 0.0392 Mpps, 81.49 Mbit/s (87.76 Mbit/s with framing)
[0;34m[Device: id=1] TX[0m: 0.1667 Mpps, 357.31 Mbit/s (383.98 Mbit/s with framing)
[1;36m[Device: id=0] RX[0m: 0.0405 Mpps, 84.16 Mbit/s (90.64 Mbit/s with framing)
[0;34m[Device: id=1] TX[0m: 0.1694 Mpps, 363.26 Mbit/s (390.37 Mbit/s with framing)
[1;36m[Device: id=0] RX[0m: 0.0405 Mpps, 84.21 Mbit/s (90.68 Mbit/s with framing)
[0;34m[Device: id=1] TX[0m: 0.1742 Mpps, 373.58 Mbit/s (401.46 Mbit/s with framing)
[1;36m[Device: id=0] RX[0m: 0.0510 Mpps, 106.13 Mbit/s (114.29 Mbit/s with framing)
[0;34m[Device: id=1] TX[0m: 0.1702 Mpps, 364.83 Mbit/s (392.06 Mbit/s with framing)
[1;36m[Device: id=0] RX[0m: 0.0443 Mpps, 92.21 Mbit/s (99.30 Mbit/s with framing)
[0;34m[Device: id=1] TX[0m: 0.1680 Mpps, 360.10 Mbit/s (386.97 Mbit/s with framing)
[1;36m[Device: id=0] RX[0m: 0.0434 Mpps, 90.21 Mbit/s (97.15 Mbit/s with framing)
[0;34m[Device: id=1] TX[0m: 0.1692 Mpps, 362.73 Mbit/s (389.80 Mbit/s with framing)
[1;36m[Device: id=0] RX[0m: 0.0394 Mpps, 81.88 Mbit/s (88.18 Mbit/s with framing)
[0;34m[Device: id=1] TX[0m: 0.1726 Mpps, 369.96 Mbit/s (397.57 Mbit/s with framing)
[1;36m[Device: id=0] RX[0m: 0.0393 Mpps, 81.77 Mbit/s (88.06 Mbit/s with framing)
[0;34m[Device: id=1] TX[0m: 0.1703 Mpps, 365.10 Mbit/s (392.35 Mbit/s with framing)
[1;36m[Device: id=0] RX[0m: 0.0416 Mpps, 86.47 Mbit/s (93.12 Mbit/s with framing)
[0;34m[Device: id=1] TX[0m: 0.1700 Mpps, 364.45 Mbit/s (391.64 Mbit/s with framing)
[1;36m[Device: id=0] RX[0m: 0.0449 Mpps, 93.30 Mbit/s (100.47 Mbit/s with framing)
[0;34m[Device: id=1] TX[0m: 0.1690 Mpps, 362.36 Mbit/s (389.40 Mbit/s with framing)
[1;36m[Device: id=0] RX[0m: 0.0436 Mpps, 90.60 Mbit/s (97.57 Mbit/s with framing)
24
[0;34m[Device: id=1] TX[0m: 0.1498 Mpps, 321.19 Mbit/s (345.16 Mbit/s with framing)
[1;36m[Device: id=0] RX[0m: 0.0014 Mpps, 2.81 Mbit/s (3.03 Mbit/s with framing)
[0;34m[Device: id=1] TX[0m: 0.0000 Mpps, 0.00 Mbit/s (0.00 Mbit/s with framing)
5100000
[1;36m[Device: id=0] RX[0m: 0.0412 (StdDev 0.0085) Mpps, 85.72 (StdDev 18) Mbit/s (92.32 Mbit/s with framing), total 1287002 packets with 334620520 bytes (incl. CRC)
[0;34m[Device: id=1] TX[0m: 0.1637 (StdDev 0.0312) Mpps, 350.97 (StdDev 67) Mbit/s (377.16 Mbit/s with framing), total 5100000 packets with 1366800000 bytes (incl. CRC)
