[1;37m[INFO]  Initializing DPDK. This will take a few seconds...[0m
EAL: Probing VFIO support...
EAL: WARNING: cpu flags constant_tsc=yes nonstop_tsc=no -> using unreliable clock cycles !
EAL: PCI device 0000:00:03.0 on NUMA socket -1
EAL:   Invalid NUMA socket, default to 0
EAL:   probe driver: 1af4:1000 net_virtio
EAL: PCI device 0000:00:04.0 on NUMA socket -1
EAL:   Invalid NUMA socket, default to 0
EAL:   probe driver: 1af4:1000 net_virtio
EAL: PCI device 0000:00:05.0 on NUMA socket -1
EAL:   Invalid NUMA socket, default to 0
EAL:   probe driver: 1af4:1000 net_virtio
[1;37m[INFO]  Found 2 usable devices:[0m
   Device 0: 52:54:00:C9:E4:6A ([0;32mRed Hat, Inc Virtio network device[0m)
   Device 1: 52:54:00:47:12:15 ([0;32mRed Hat, Inc Virtio network device[0m)
[1;37m[INFO]  Waiting for devices to come up...[0m
[1;37m[INFO]  Device 1 (52:54:00:47:12:15) is up: 10000 MBit/s[0m
[1;37m[INFO]  Device 0 (52:54:00:C9:E4:6A) is up: 10000 MBit/s[0m
[1;37m[INFO]  [0;32m2 devices are up.[0m[0m
[1;37m[INFO]  Trying to enable rx timestamping of all packets, this isn't supported by most nics[0m
[0;34m[Device: id=1] TX[0m: 0.2517 Mpps, 2086.32 Mbit/s (2126.60 Mbit/s with framing)
[1;36m[Device: id=0] RX[0m: 0.1247 Mpps, 1025.85 Mbit/s (1045.81 Mbit/s with framing)
[0;34m[Device: id=1] TX[0m: 0.2627 Mpps, 2176.89 Mbit/s (2218.92 Mbit/s with framing)
[1;36m[Device: id=0] RX[0m: 0.1414 Mpps, 1163.03 Mbit/s (1185.66 Mbit/s with framing)
[1;36m[Device: id=0] RX[0m: 0.1108 Mpps, 911.21 Mbit/s (928.94 Mbit/s with framing)
[0;34m[Device: id=1] TX[0m: 0.2600 Mpps, 2155.23 Mbit/s (2196.83 Mbit/s with framing)
[1;36m[Device: id=0] RX[0m: 0.0875 Mpps, 719.60 Mbit/s (733.60 Mbit/s with framing)
[0;34m[Device: id=1] TX[0m: 0.2601 Mpps, 2156.09 Mbit/s (2197.71 Mbit/s with framing)
[1;36m[Device: id=0] RX[0m: 0.1020 Mpps, 838.50 Mbit/s (854.81 Mbit/s with framing)
[0;34m[Device: id=1] TX[0m: 0.2600 Mpps, 2155.16 Mbit/s (2196.76 Mbit/s with framing)
[1;36m[Device: id=0] RX[0m: 0.0860 Mpps, 707.25 Mbit/s (721.00 Mbit/s with framing)
[0;34m[Device: id=1] TX[0m: 0.2598 Mpps, 2153.58 Mbit/s (2195.16 Mbit/s with framing)
[1;36m[Device: id=0] RX[0m: 0.1051 Mpps, 864.37 Mbit/s (881.19 Mbit/s with framing)
[0;34m[Device: id=1] TX[0m: 0.2602 Mpps, 2156.34 Mbit/s (2197.96 Mbit/s with framing)
[1;36m[Device: id=0] RX[0m: 0.0796 Mpps, 654.34 Mbit/s (667.07 Mbit/s with framing)
[0;34m[Device: id=1] TX[0m: 0.2599 Mpps, 2154.05 Mbit/s (2195.63 Mbit/s with framing)
[1;36m[Device: id=0] RX[0m: 0.0578 Mpps, 475.76 Mbit/s (485.01 Mbit/s with framing)
[0;34m[Device: id=1] TX[0m: 0.2595 Mpps, 2150.98 Mbit/s (2192.51 Mbit/s with framing)
[1;36m[Device: id=0] RX[0m: 0.0393 Mpps, 323.43 Mbit/s (329.72 Mbit/s with framing)
[0;34m[Device: id=1] TX[0m: 0.2607 Mpps, 2160.75 Mbit/s (2202.46 Mbit/s with framing)
[1;36m[Device: id=0] RX[0m: 0.0393 Mpps, 323.32 Mbit/s (329.61 Mbit/s with framing)
[0;34m[Device: id=1] TX[0m: 0.2599 Mpps, 2154.38 Mbit/s (2195.98 Mbit/s with framing)
[1;36m[Device: id=0] RX[0m: 0.0393 Mpps, 323.17 Mbit/s (329.46 Mbit/s with framing)
[0;34m[Device: id=1] TX[0m: 0.2599 Mpps, 2153.92 Mbit/s (2195.50 Mbit/s with framing)
[1;36m[Device: id=0] RX[0m: 0.0445 Mpps, 366.28 Mbit/s (373.41 Mbit/s with framing)
[0;34m[Device: id=1] TX[0m: 0.2602 Mpps, 2156.16 Mbit/s (2197.78 Mbit/s with framing)
[1;36m[Device: id=0] RX[0m: 0.0393 Mpps, 323.35 Mbit/s (329.64 Mbit/s with framing)
[0;34m[Device: id=1] TX[0m: 0.2599 Mpps, 2153.79 Mbit/s (2195.37 Mbit/s with framing)
[1;36m[Device: id=0] RX[0m: 0.0407 Mpps, 334.90 Mbit/s (341.42 Mbit/s with framing)
[0;34m[Device: id=1] TX[0m: 0.2605 Mpps, 2158.92 Mbit/s (2200.60 Mbit/s with framing)
[1;36m[Device: id=0] RX[0m: 0.0393 Mpps, 323.46 Mbit/s (329.76 Mbit/s with framing)
[0;34m[Device: id=1] TX[0m: 0.2601 Mpps, 2155.70 Mbit/s (2197.31 Mbit/s with framing)
[1;36m[Device: id=0] RX[0m: 0.0431 Mpps, 354.61 Mbit/s (361.51 Mbit/s with framing)
[0;34m[Device: id=1] TX[0m: 0.2597 Mpps, 2152.79 Mbit/s (2194.35 Mbit/s with framing)
[1;36m[Device: id=0] RX[0m: 0.0394 Mpps, 323.79 Mbit/s (330.09 Mbit/s with framing)
[0;34m[Device: id=1] TX[0m: 0.2603 Mpps, 2157.29 Mbit/s (2198.94 Mbit/s with framing)
[1;36m[Device: id=0] RX[0m: 0.0444 Mpps, 365.11 Mbit/s (372.22 Mbit/s with framing)
[0;34m[Device: id=1] TX[0m: 0.2598 Mpps, 2153.12 Mbit/s (2194.69 Mbit/s with framing)
[1;36m[Device: id=0] RX[0m: 0.0394 Mpps, 324.13 Mbit/s (330.44 Mbit/s with framing)
[0;34m[Device: id=1] TX[0m: 0.2597 Mpps, 2152.02 Mbit/s (2193.56 Mbit/s with framing)
[1;36m[Device: id=0] RX[0m: 0.0393 Mpps, 323.28 Mbit/s (329.57 Mbit/s with framing)
[0;34m[Device: id=1] TX[0m: 0.2608 Mpps, 2161.53 Mbit/s (2203.26 Mbit/s with framing)
[1;36m[Device: id=0] RX[0m: 0.0393 Mpps, 323.43 Mbit/s (329.72 Mbit/s with framing)
[0;34m[Device: id=1] TX[0m: 0.2600 Mpps, 2155.12 Mbit/s (2196.72 Mbit/s with framing)
[1;36m[Device: id=0] RX[0m: 0.0407 Mpps, 334.49 Mbit/s (340.99 Mbit/s with framing)
[0;34m[Device: id=1] TX[0m: 0.2600 Mpps, 2154.58 Mbit/s (2196.18 Mbit/s with framing)
[1;36m[Device: id=0] RX[0m: 0.0392 Mpps, 322.57 Mbit/s (328.84 Mbit/s with framing)
[0;34m[Device: id=1] TX[0m: 0.2602 Mpps, 2156.15 Mbit/s (2197.77 Mbit/s with framing)
[1;36m[Device: id=0] RX[0m: 0.0412 Mpps, 338.54 Mbit/s (345.13 Mbit/s with framing)
[0;34m[Device: id=1] TX[0m: 0.2600 Mpps, 2154.85 Mbit/s (2196.45 Mbit/s with framing)
[1;36m[Device: id=0] RX[0m: 0.0393 Mpps, 323.44 Mbit/s (329.74 Mbit/s with framing)
[0;34m[Device: id=1] TX[0m: 0.2601 Mpps, 2155.38 Mbit/s (2196.99 Mbit/s with framing)
[1;36m[Device: id=0] RX[0m: 0.0422 Mpps, 346.98 Mbit/s (353.73 Mbit/s with framing)
[0;34m[Device: id=1] TX[0m: 0.2598 Mpps, 2152.94 Mbit/s (2194.51 Mbit/s with framing)
[1;36m[Device: id=0] RX[0m: 0.0394 Mpps, 323.77 Mbit/s (330.07 Mbit/s with framing)
[0;34m[Device: id=1] TX[0m: 0.2603 Mpps, 2157.27 Mbit/s (2198.92 Mbit/s with framing)
[1;36m[Device: id=0] RX[0m: 0.0405 Mpps, 333.30 Mbit/s (339.78 Mbit/s with framing)
[0;34m[Device: id=1] TX[0m: 0.2599 Mpps, 2153.94 Mbit/s (2195.52 Mbit/s with framing)
33
[1;36m[Device: id=0] RX[0m: 0.0392 Mpps, 322.08 Mbit/s (328.35 Mbit/s with framing)
[0;34m[Device: id=1] TX[0m: 0.2266 Mpps, 1877.92 Mbit/s (1914.17 Mbit/s with framing)
[1;36m[Device: id=0] RX[0m: 0.0009 Mpps, 7.48 Mbit/s (7.62 Mbit/s with framing)
[0;34m[Device: id=1] TX[0m: 0.0000 Mpps, 0.00 Mbit/s (0.00 Mbit/s with framing)
7800000
[1;36m[Device: id=0] RX[0m: 0.0540 (StdDev 0.0296) Mpps, 443.97 (StdDev 243) Mbit/s (452.60 Mbit/s with framing), total 1744286 packets with 1793126008 bytes (incl. CRC)
[0;34m[Device: id=1] TX[0m: 0.2503 (StdDev 0.0477) Mpps, 2074.89 (StdDev 395) Mbit/s (2114.95 Mbit/s with framing), total 7800000 packets with 8080800000 bytes (incl. CRC)
