[1;37m[INFO]  Initializing DPDK. This will take a few seconds...[0m
EAL: Probing VFIO support...
EAL: WARNING: cpu flags constant_tsc=yes nonstop_tsc=no -> using unreliable clock cycles !
EAL: PCI device 0000:00:03.0 on NUMA socket -1
EAL:   Invalid NUMA socket, default to 0
EAL:   probe driver: 1af4:1000 net_virtio
EAL: PCI device 0000:00:04.0 on NUMA socket -1
EAL:   Invalid NUMA socket, default to 0
EAL:   probe driver: 1af4:1000 net_virtio
EAL: PCI device 0000:00:05.0 on NUMA socket -1
EAL:   Invalid NUMA socket, default to 0
EAL:   probe driver: 1af4:1000 net_virtio
[1;37m[INFO]  Found 2 usable devices:[0m
   Device 0: 52:54:00:C9:E4:6A ([0;32mRed Hat, Inc Virtio network device[0m)
   Device 1: 52:54:00:47:12:15 ([0;32mRed Hat, Inc Virtio network device[0m)
[1;37m[INFO]  Waiting for devices to come up...[0m
[1;37m[INFO]  Device 1 (52:54:00:47:12:15) is up: 10000 MBit/s[0m
[1;37m[INFO]  Device 0 (52:54:00:C9:E4:6A) is up: 10000 MBit/s[0m
[1;37m[INFO]  [0;32m2 devices are up.[0m[0m
[1;37m[INFO]  Trying to enable rx timestamping of all packets, this isn't supported by most nics[0m
[0;34m[Device: id=1] TX[0m: 0.0880 Mpps, 98.57 Mbit/s (112.66 Mbit/s with framing)
[1;36m[Device: id=0] RX[0m: 0.0656 Mpps, 69.24 Mbit/s (79.74 Mbit/s with framing)
[0;34m[Device: id=1] TX[0m: 0.0900 Mpps, 100.75 Mbit/s (115.15 Mbit/s with framing)
[1;36m[Device: id=0] RX[0m: 0.0635 Mpps, 67.11 Mbit/s (77.27 Mbit/s with framing)
[0;34m[Device: id=1] TX[0m: 0.0900 Mpps, 100.80 Mbit/s (115.20 Mbit/s with framing)
[1;36m[Device: id=0] RX[0m: 0.0622 Mpps, 65.69 Mbit/s (75.64 Mbit/s with framing)
[0;34m[Device: id=1] TX[0m: 0.0901 Mpps, 100.87 Mbit/s (115.28 Mbit/s with framing)
[1;36m[Device: id=0] RX[0m: 0.0645 Mpps, 68.11 Mbit/s (78.42 Mbit/s with framing)
[0;34m[Device: id=1] TX[0m: 0.0900 Mpps, 100.76 Mbit/s (115.16 Mbit/s with framing)
[1;36m[Device: id=0] RX[0m: 0.0556 Mpps, 58.71 Mbit/s (67.60 Mbit/s with framing)
[0;34m[Device: id=1] TX[0m: 0.0898 Mpps, 100.55 Mbit/s (114.91 Mbit/s with framing)
[1;36m[Device: id=0] RX[0m: 0.0527 Mpps, 55.66 Mbit/s (64.09 Mbit/s with framing)
[0;34m[Device: id=1] TX[0m: 0.0903 Mpps, 101.16 Mbit/s (115.61 Mbit/s with framing)
[1;36m[Device: id=0] RX[0m: 0.0599 Mpps, 63.28 Mbit/s (72.87 Mbit/s with framing)
[0;34m[Device: id=1] TX[0m: 0.0899 Mpps, 100.74 Mbit/s (115.13 Mbit/s with framing)
[1;36m[Device: id=0] RX[0m: 0.0645 Mpps, 68.11 Mbit/s (78.43 Mbit/s with framing)
[0;34m[Device: id=1] TX[0m: 0.0901 Mpps, 100.88 Mbit/s (115.29 Mbit/s with framing)
[1;36m[Device: id=0] RX[0m: 0.0646 Mpps, 68.25 Mbit/s (78.59 Mbit/s with framing)
[0;34m[Device: id=1] TX[0m: 0.0878 Mpps, 98.32 Mbit/s (112.36 Mbit/s with framing)
[1;36m[Device: id=0] RX[0m: 0.0687 Mpps, 72.59 Mbit/s (83.59 Mbit/s with framing)
[0;34m[Device: id=1] TX[0m: 0.0895 Mpps, 100.28 Mbit/s (114.60 Mbit/s with framing)
[1;36m[Device: id=0] RX[0m: 0.0640 Mpps, 67.59 Mbit/s (77.83 Mbit/s with framing)
[0;34m[Device: id=1] TX[0m: 0.0896 Mpps, 100.33 Mbit/s (114.67 Mbit/s with framing)
[1;36m[Device: id=0] RX[0m: 0.0624 Mpps, 65.90 Mbit/s (75.88 Mbit/s with framing)
[0;34m[Device: id=1] TX[0m: 0.0913 Mpps, 102.31 Mbit/s (116.92 Mbit/s with framing)
[1;36m[Device: id=0] RX[0m: 0.0535 Mpps, 56.49 Mbit/s (65.04 Mbit/s with framing)
[0;34m[Device: id=1] TX[0m: 0.0905 Mpps, 101.37 Mbit/s (115.85 Mbit/s with framing)
[1;36m[Device: id=0] RX[0m: 0.0531 Mpps, 56.08 Mbit/s (64.57 Mbit/s with framing)
[0;34m[Device: id=1] TX[0m: 0.0723 Mpps, 80.96 Mbit/s (92.53 Mbit/s with framing)
[1;36m[Device: id=0] RX[0m: 0.0462 Mpps, 48.80 Mbit/s (56.19 Mbit/s with framing)
[1;36m[Device: id=0] RX[0m: 0.0678 Mpps, 71.58 Mbit/s (82.43 Mbit/s with framing)
[0;34m[Device: id=1] TX[0m: 0.1052 Mpps, 117.79 Mbit/s (134.62 Mbit/s with framing)
[1;36m[Device: id=0] RX[0m: 0.0507 Mpps, 53.59 Mbit/s (61.71 Mbit/s with framing)
[0;34m[Device: id=1] TX[0m: 0.0860 Mpps, 96.28 Mbit/s (110.03 Mbit/s with framing)
[1;36m[Device: id=0] RX[0m: 0.0619 Mpps, 65.39 Mbit/s (75.30 Mbit/s with framing)
[0;34m[Device: id=1] TX[0m: 0.0924 Mpps, 103.49 Mbit/s (118.27 Mbit/s with framing)
[1;36m[Device: id=0] RX[0m: 0.0584 Mpps, 61.65 Mbit/s (70.99 Mbit/s with framing)
[0;34m[Device: id=1] TX[0m: 0.0888 Mpps, 99.45 Mbit/s (113.66 Mbit/s with framing)
[1;36m[Device: id=0] RX[0m: 0.0631 Mpps, 66.61 Mbit/s (76.71 Mbit/s with framing)
[0;34m[Device: id=1] TX[0m: 0.0966 Mpps, 108.15 Mbit/s (123.60 Mbit/s with framing)
[1;36m[Device: id=0] RX[0m: 0.0609 Mpps, 64.32 Mbit/s (74.07 Mbit/s with framing)
[0;34m[Device: id=1] TX[0m: 0.0900 Mpps, 100.79 Mbit/s (115.18 Mbit/s with framing)
[1;36m[Device: id=0] RX[0m: 0.0626 Mpps, 66.10 Mbit/s (76.11 Mbit/s with framing)
[0;34m[Device: id=1] TX[0m: 0.0901 Mpps, 100.91 Mbit/s (115.32 Mbit/s with framing)
[1;36m[Device: id=0] RX[0m: 0.0581 Mpps, 61.38 Mbit/s (70.68 Mbit/s with framing)
[0;34m[Device: id=1] TX[0m: 0.0899 Mpps, 100.70 Mbit/s (115.08 Mbit/s with framing)
[1;36m[Device: id=0] RX[0m: 0.0470 Mpps, 49.63 Mbit/s (57.15 Mbit/s with framing)
[0;34m[Device: id=1] TX[0m: 0.0838 Mpps, 93.84 Mbit/s (107.24 Mbit/s with framing)
[1;36m[Device: id=0] RX[0m: 0.0699 Mpps, 73.85 Mbit/s (85.03 Mbit/s with framing)
[0;34m[Device: id=1] TX[0m: 0.0746 Mpps, 83.50 Mbit/s (95.43 Mbit/s with framing)
[1;36m[Device: id=0] RX[0m: 0.0635 Mpps, 67.04 Mbit/s (77.20 Mbit/s with framing)
[0;34m[Device: id=1] TX[0m: 0.1023 Mpps, 114.53 Mbit/s (130.89 Mbit/s with framing)
[1;36m[Device: id=0] RX[0m: 0.0396 Mpps, 41.78 Mbit/s (48.10 Mbit/s with framing)
[0;34m[Device: id=1] TX[0m: 0.0740 Mpps, 82.87 Mbit/s (94.70 Mbit/s with framing)
[1;36m[Device: id=0] RX[0m: 0.0396 Mpps, 41.83 Mbit/s (48.17 Mbit/s with framing)
[0;34m[Device: id=1] TX[0m: 0.1012 Mpps, 113.35 Mbit/s (129.54 Mbit/s with framing)
[1;36m[Device: id=0] RX[0m: 0.0462 Mpps, 48.76 Mbit/s (56.15 Mbit/s with framing)
[0;34m[Device: id=1] TX[0m: 0.0646 Mpps, 72.30 Mbit/s (82.63 Mbit/s with framing)
[1;36m[Device: id=0] RX[0m: 0.0503 Mpps, 53.09 Mbit/s (61.14 Mbit/s with framing)
9
[0;34m[Device: id=1] TX[0m: 0.1175 Mpps, 131.55 Mbit/s (150.34 Mbit/s with framing)
[1;36m[Device: id=0] RX[0m: 0.0022 Mpps, 2.36 Mbit/s (2.72 Mbit/s with framing)
[0;34m[Device: id=1] TX[0m: 0.0000 Mpps, 0.00 Mbit/s (0.00 Mbit/s with framing)
2700000
[1;36m[Device: id=0] RX[0m: 0.0559 (StdDev 0.0130) Mpps, 59.04 (StdDev 14) Mbit/s (67.99 Mbit/s with framing), total 1742975 packets with 230072700 bytes (incl. CRC)
[0;34m[Device: id=1] TX[0m: 0.0866 (StdDev 0.0191) Mpps, 96.98 (StdDev 21) Mbit/s (110.84 Mbit/s with framing), total 2700000 packets with 378000000 bytes (incl. CRC)
