[1;37m[INFO]  Initializing DPDK. This will take a few seconds...[0m
EAL: Probing VFIO support...
EAL: WARNING: cpu flags constant_tsc=yes nonstop_tsc=no -> using unreliable clock cycles !
EAL: PCI device 0000:00:03.0 on NUMA socket -1
EAL:   Invalid NUMA socket, default to 0
EAL:   probe driver: 1af4:1000 net_virtio
EAL: PCI device 0000:00:04.0 on NUMA socket -1
EAL:   Invalid NUMA socket, default to 0
EAL:   probe driver: 1af4:1000 net_virtio
EAL: PCI device 0000:00:05.0 on NUMA socket -1
EAL:   Invalid NUMA socket, default to 0
EAL:   probe driver: 1af4:1000 net_virtio
[1;37m[INFO]  Found 2 usable devices:[0m
   Device 0: 52:54:00:C9:E4:6A ([0;32mRed Hat, Inc Virtio network device[0m)
   Device 1: 52:54:00:47:12:15 ([0;32mRed Hat, Inc Virtio network device[0m)
[1;37m[INFO]  Waiting for devices to come up...[0m
[1;37m[INFO]  Device 1 (52:54:00:47:12:15) is up: 10000 MBit/s[0m
[1;37m[INFO]  Device 0 (52:54:00:C9:E4:6A) is up: 10000 MBit/s[0m
[1;37m[INFO]  [0;32m2 devices are up.[0m[0m
[1;37m[INFO]  Trying to enable rx timestamping of all packets, this isn't supported by most nics[0m
[1;36m[Device: id=0] RX[0m: 0.0618 Mpps, 65.30 Mbit/s (75.19 Mbit/s with framing)
[0;34m[Device: id=1] TX[0m: 0.1855 Mpps, 207.73 Mbit/s (237.41 Mbit/s with framing)
[0;34m[Device: id=1] TX[0m: 0.1869 Mpps, 209.31 Mbit/s (239.21 Mbit/s with framing)
[1;36m[Device: id=0] RX[0m: 0.0580 Mpps, 61.23 Mbit/s (70.51 Mbit/s with framing)
[0;34m[Device: id=1] TX[0m: 0.1908 Mpps, 213.75 Mbit/s (244.29 Mbit/s with framing)
[1;36m[Device: id=0] RX[0m: 0.0415 Mpps, 43.82 Mbit/s (50.46 Mbit/s with framing)
[0;34m[Device: id=1] TX[0m: 0.1917 Mpps, 214.74 Mbit/s (245.42 Mbit/s with framing)
[1;36m[Device: id=0] RX[0m: 0.0462 Mpps, 48.74 Mbit/s (56.13 Mbit/s with framing)
[0;34m[Device: id=1] TX[0m: 0.1917 Mpps, 214.68 Mbit/s (245.35 Mbit/s with framing)
[1;36m[Device: id=0] RX[0m: 0.0453 Mpps, 47.83 Mbit/s (55.08 Mbit/s with framing)
[0;34m[Device: id=1] TX[0m: 0.1899 Mpps, 212.69 Mbit/s (243.07 Mbit/s with framing)
[1;36m[Device: id=0] RX[0m: 0.0437 Mpps, 46.14 Mbit/s (53.13 Mbit/s with framing)
[1;36m[Device: id=0] RX[0m: 0.0497 Mpps, 52.53 Mbit/s (60.49 Mbit/s with framing)
[0;34m[Device: id=1] TX[0m: 0.1896 Mpps, 212.32 Mbit/s (242.65 Mbit/s with framing)
[1;36m[Device: id=0] RX[0m: 0.0482 Mpps, 50.91 Mbit/s (58.62 Mbit/s with framing)
[0;34m[Device: id=1] TX[0m: 0.1907 Mpps, 213.55 Mbit/s (244.06 Mbit/s with framing)
[1;36m[Device: id=0] RX[0m: 0.0456 Mpps, 48.19 Mbit/s (55.49 Mbit/s with framing)
[0;34m[Device: id=1] TX[0m: 0.1878 Mpps, 210.38 Mbit/s (240.43 Mbit/s with framing)
[1;36m[Device: id=0] RX[0m: 0.0462 Mpps, 48.75 Mbit/s (56.14 Mbit/s with framing)
[0;34m[Device: id=1] TX[0m: 0.1908 Mpps, 213.73 Mbit/s (244.27 Mbit/s with framing)
[1;36m[Device: id=0] RX[0m: 0.0435 Mpps, 45.93 Mbit/s (52.89 Mbit/s with framing)
[0;34m[Device: id=1] TX[0m: 0.1915 Mpps, 214.48 Mbit/s (245.12 Mbit/s with framing)
[1;36m[Device: id=0] RX[0m: 0.0485 Mpps, 51.20 Mbit/s (58.96 Mbit/s with framing)
[0;34m[Device: id=1] TX[0m: 0.1880 Mpps, 210.51 Mbit/s (240.59 Mbit/s with framing)
[1;36m[Device: id=0] RX[0m: 0.0472 Mpps, 49.86 Mbit/s (57.42 Mbit/s with framing)
[0;34m[Device: id=1] TX[0m: 0.1891 Mpps, 211.83 Mbit/s (242.09 Mbit/s with framing)
[1;36m[Device: id=0] RX[0m: 0.0438 Mpps, 46.26 Mbit/s (53.27 Mbit/s with framing)
[0;34m[Device: id=1] TX[0m: 0.1918 Mpps, 214.83 Mbit/s (245.52 Mbit/s with framing)
[1;36m[Device: id=0] RX[0m: 0.0431 Mpps, 45.55 Mbit/s (52.45 Mbit/s with framing)
[0;34m[Device: id=1] TX[0m: 0.1880 Mpps, 210.55 Mbit/s (240.63 Mbit/s with framing)
[1;36m[Device: id=0] RX[0m: 0.0487 Mpps, 51.41 Mbit/s (59.20 Mbit/s with framing)
[0;34m[Device: id=1] TX[0m: 0.1909 Mpps, 213.85 Mbit/s (244.40 Mbit/s with framing)
[1;36m[Device: id=0] RX[0m: 0.0464 Mpps, 48.96 Mbit/s (56.37 Mbit/s with framing)
[0;34m[Device: id=1] TX[0m: 0.1914 Mpps, 214.41 Mbit/s (245.04 Mbit/s with framing)
[1;36m[Device: id=0] RX[0m: 0.0449 Mpps, 47.45 Mbit/s (54.64 Mbit/s with framing)
[0;34m[Device: id=1] TX[0m: 0.1905 Mpps, 213.39 Mbit/s (243.87 Mbit/s with framing)
[1;36m[Device: id=0] RX[0m: 0.0465 Mpps, 49.09 Mbit/s (56.52 Mbit/s with framing)
[0;34m[Device: id=1] TX[0m: 0.1902 Mpps, 213.01 Mbit/s (243.44 Mbit/s with framing)
[1;36m[Device: id=0] RX[0m: 0.0451 Mpps, 47.58 Mbit/s (54.79 Mbit/s with framing)
[0;34m[Device: id=1] TX[0m: 0.1861 Mpps, 208.48 Mbit/s (238.26 Mbit/s with framing)
[1;36m[Device: id=0] RX[0m: 0.0468 Mpps, 49.39 Mbit/s (56.87 Mbit/s with framing)
[0;34m[Device: id=1] TX[0m: 0.1934 Mpps, 216.55 Mbit/s (247.49 Mbit/s with framing)
[1;36m[Device: id=0] RX[0m: 0.0452 Mpps, 47.77 Mbit/s (55.01 Mbit/s with framing)
[0;34m[Device: id=1] TX[0m: 0.1899 Mpps, 212.73 Mbit/s (243.12 Mbit/s with framing)
[1;36m[Device: id=0] RX[0m: 0.0431 Mpps, 45.56 Mbit/s (52.47 Mbit/s with framing)
[0;34m[Device: id=1] TX[0m: 0.1845 Mpps, 206.61 Mbit/s (236.13 Mbit/s with framing)
[1;36m[Device: id=0] RX[0m: 0.0435 Mpps, 45.98 Mbit/s (52.94 Mbit/s with framing)
[0;34m[Device: id=1] TX[0m: 0.1965 Mpps, 220.05 Mbit/s (251.49 Mbit/s with framing)
[1;36m[Device: id=0] RX[0m: 0.0431 Mpps, 45.52 Mbit/s (52.41 Mbit/s with framing)
[0;34m[Device: id=1] TX[0m: 0.1875 Mpps, 209.97 Mbit/s (239.97 Mbit/s with framing)
[1;36m[Device: id=0] RX[0m: 0.0442 Mpps, 46.70 Mbit/s (53.77 Mbit/s with framing)
[0;34m[Device: id=1] TX[0m: 0.1911 Mpps, 214.07 Mbit/s (244.66 Mbit/s with framing)
[1;36m[Device: id=0] RX[0m: 0.0417 Mpps, 44.08 Mbit/s (50.76 Mbit/s with framing)
[0;34m[Device: id=1] TX[0m: 0.1865 Mpps, 208.92 Mbit/s (238.76 Mbit/s with framing)
[1;36m[Device: id=0] RX[0m: 0.0493 Mpps, 52.10 Mbit/s (60.00 Mbit/s with framing)
[0;34m[Device: id=1] TX[0m: 0.1947 Mpps, 218.05 Mbit/s (249.20 Mbit/s with framing)
[1;36m[Device: id=0] RX[0m: 0.0411 Mpps, 43.36 Mbit/s (49.93 Mbit/s with framing)
[0;34m[Device: id=1] TX[0m: 0.1889 Mpps, 211.58 Mbit/s (241.80 Mbit/s with framing)
[1;36m[Device: id=0] RX[0m: 0.0414 Mpps, 43.72 Mbit/s (50.34 Mbit/s with framing)
12
[0;34m[Device: id=1] TX[0m: 0.1791 Mpps, 200.54 Mbit/s (229.19 Mbit/s with framing)
[1;36m[Device: id=0] RX[0m: 0.0016 Mpps, 1.68 Mbit/s (1.93 Mbit/s with framing)
[0;34m[Device: id=1] TX[0m: 0.0000 Mpps, 0.00 Mbit/s (0.00 Mbit/s with framing)
5700000
[1;36m[Device: id=0] RX[0m: 0.0441 (StdDev 0.0087) Mpps, 46.58 (StdDev 9) Mbit/s (53.63 Mbit/s with framing), total 1385039 packets with 182825148 bytes (incl. CRC)
[0;34m[Device: id=1] TX[0m: 0.1833 (StdDev 0.0348) Mpps, 205.32 (StdDev 39) Mbit/s (234.65 Mbit/s with framing), total 5700000 packets with 798000000 bytes (incl. CRC)
