[1;37m[INFO]  Initializing DPDK. This will take a few seconds...[0m
EAL: Probing VFIO support...
EAL: WARNING: cpu flags constant_tsc=yes nonstop_tsc=no -> using unreliable clock cycles !
EAL: PCI device 0000:00:03.0 on NUMA socket -1
EAL:   Invalid NUMA socket, default to 0
EAL:   probe driver: 1af4:1000 net_virtio
EAL: PCI device 0000:00:04.0 on NUMA socket -1
EAL:   Invalid NUMA socket, default to 0
EAL:   probe driver: 1af4:1000 net_virtio
EAL: PCI device 0000:00:05.0 on NUMA socket -1
EAL:   Invalid NUMA socket, default to 0
EAL:   probe driver: 1af4:1000 net_virtio
[1;37m[INFO]  Found 2 usable devices:[0m
   Device 0: 52:54:00:C9:E4:6A ([0;32mRed Hat, Inc Virtio network device[0m)
   Device 1: 52:54:00:47:12:15 ([0;32mRed Hat, Inc Virtio network device[0m)
[1;37m[INFO]  Waiting for devices to come up...[0m
[1;37m[INFO]  Device 1 (52:54:00:47:12:15) is up: 10000 MBit/s[0m
[1;37m[INFO]  Device 0 (52:54:00:C9:E4:6A) is up: 10000 MBit/s[0m
[1;37m[INFO]  [0;32m2 devices are up.[0m[0m
[1;37m[INFO]  Trying to enable rx timestamping of all packets, this isn't supported by most nics[0m
[0;34m[Device: id=1] TX[0m: 0.1560 Mpps, 653.91 Mbit/s (678.87 Mbit/s with framing)
[1;36m[Device: id=0] RX[0m: 0.0549 Mpps, 226.65 Mbit/s (235.44 Mbit/s with framing)
[0;34m[Device: id=1] TX[0m: 0.1609 Mpps, 674.69 Mbit/s (700.44 Mbit/s with framing)
[1;36m[Device: id=0] RX[0m: 0.0596 Mpps, 246.09 Mbit/s (255.62 Mbit/s with framing)
[0;34m[Device: id=1] TX[0m: 0.1066 Mpps, 447.07 Mbit/s (464.14 Mbit/s with framing)
[1;36m[Device: id=0] RX[0m: 0.0610 Mpps, 251.74 Mbit/s (261.50 Mbit/s with framing)
[0;34m[Device: id=1] TX[0m: 0.1651 Mpps, 692.08 Mbit/s (718.50 Mbit/s with framing)
[1;36m[Device: id=0] RX[0m: 0.0893 Mpps, 368.81 Mbit/s (383.10 Mbit/s with framing)
[0;34m[Device: id=1] TX[0m: 0.1474 Mpps, 617.95 Mbit/s (641.53 Mbit/s with framing)
[1;36m[Device: id=0] RX[0m: 0.0600 Mpps, 247.65 Mbit/s (257.25 Mbit/s with framing)
[0;34m[Device: id=1] TX[0m: 0.0472 Mpps, 197.80 Mbit/s (205.35 Mbit/s with framing)
[1;36m[Device: id=0] RX[0m: 0.0392 Mpps, 161.61 Mbit/s (167.88 Mbit/s with framing)
[0;34m[Device: id=1] TX[0m: 0.3162 Mpps, 1325.33 Mbit/s (1375.91 Mbit/s with framing)
[1;36m[Device: id=0] RX[0m: 0.1197 Mpps, 494.07 Mbit/s (513.22 Mbit/s with framing)
[0;34m[Device: id=1] TX[0m: 0.1233 Mpps, 517.00 Mbit/s (536.73 Mbit/s with framing)
[1;36m[Device: id=0] RX[0m: 0.0460 Mpps, 189.94 Mbit/s (197.30 Mbit/s with framing)
[0;34m[Device: id=1] TX[0m: 0.0472 Mpps, 197.73 Mbit/s (205.28 Mbit/s with framing)
[1;36m[Device: id=0] RX[0m: 0.0390 Mpps, 160.95 Mbit/s (167.19 Mbit/s with framing)
[0;34m[Device: id=1] TX[0m: 0.3256 Mpps, 1364.91 Mbit/s (1417.01 Mbit/s with framing)
[1;36m[Device: id=0] RX[0m: 0.0593 Mpps, 244.96 Mbit/s (254.45 Mbit/s with framing)
[0;34m[Device: id=1] TX[0m: 0.0658 Mpps, 275.78 Mbit/s (286.30 Mbit/s with framing)
[1;36m[Device: id=0] RX[0m: 0.0387 Mpps, 159.73 Mbit/s (165.93 Mbit/s with framing)
[0;34m[Device: id=1] TX[0m: 0.1843 Mpps, 772.70 Mbit/s (802.19 Mbit/s with framing)
[1;36m[Device: id=0] RX[0m: 0.0672 Mpps, 277.43 Mbit/s (288.18 Mbit/s with framing)
[0;34m[Device: id=1] TX[0m: 0.1680 Mpps, 704.18 Mbit/s (731.05 Mbit/s with framing)
[1;36m[Device: id=0] RX[0m: 0.0457 Mpps, 188.45 Mbit/s (195.76 Mbit/s with framing)
[0;34m[Device: id=1] TX[0m: 0.1901 Mpps, 796.77 Mbit/s (827.18 Mbit/s with framing)
[1;36m[Device: id=0] RX[0m: 0.0399 Mpps, 164.91 Mbit/s (171.30 Mbit/s with framing)
[0;34m[Device: id=1] TX[0m: 0.1494 Mpps, 626.20 Mbit/s (650.10 Mbit/s with framing)
[1;36m[Device: id=0] RX[0m: 0.0558 Mpps, 230.49 Mbit/s (239.43 Mbit/s with framing)
[0;34m[Device: id=1] TX[0m: 0.1903 Mpps, 797.80 Mbit/s (828.25 Mbit/s with framing)
[1;36m[Device: id=0] RX[0m: 0.0892 Mpps, 368.07 Mbit/s (382.33 Mbit/s with framing)
[0;34m[Device: id=1] TX[0m: 0.1595 Mpps, 668.74 Mbit/s (694.26 Mbit/s with framing)
[1;36m[Device: id=0] RX[0m: 0.0388 Mpps, 160.20 Mbit/s (166.41 Mbit/s with framing)
[0;34m[Device: id=1] TX[0m: 0.0769 Mpps, 322.17 Mbit/s (334.47 Mbit/s with framing)
[1;36m[Device: id=0] RX[0m: 0.0387 Mpps, 159.76 Mbit/s (165.95 Mbit/s with framing)
[0;34m[Device: id=1] TX[0m: 0.1030 Mpps, 431.80 Mbit/s (448.28 Mbit/s with framing)
[1;36m[Device: id=0] RX[0m: 0.0387 Mpps, 159.79 Mbit/s (165.98 Mbit/s with framing)
[0;34m[Device: id=1] TX[0m: 0.2660 Mpps, 1114.94 Mbit/s (1157.50 Mbit/s with framing)
[1;36m[Device: id=0] RX[0m: 0.0878 Mpps, 362.51 Mbit/s (376.56 Mbit/s with framing)
[0;34m[Device: id=1] TX[0m: 0.0472 Mpps, 197.88 Mbit/s (205.44 Mbit/s with framing)
[1;36m[Device: id=0] RX[0m: 0.0388 Mpps, 160.32 Mbit/s (166.54 Mbit/s with framing)
[0;34m[Device: id=1] TX[0m: 0.0473 Mpps, 198.45 Mbit/s (206.03 Mbit/s with framing)
[1;36m[Device: id=0] RX[0m: 0.0388 Mpps, 160.18 Mbit/s (166.38 Mbit/s with framing)
[0;34m[Device: id=1] TX[0m: 0.3472 Mpps, 1455.57 Mbit/s (1511.13 Mbit/s with framing)
[1;36m[Device: id=0] RX[0m: 0.0658 Mpps, 271.77 Mbit/s (282.31 Mbit/s with framing)
[0;34m[Device: id=1] TX[0m: 0.1960 Mpps, 821.45 Mbit/s (852.81 Mbit/s with framing)
[1;36m[Device: id=0] RX[0m: 0.0583 Mpps, 240.87 Mbit/s (250.20 Mbit/s with framing)
[0;34m[Device: id=1] TX[0m: 0.1173 Mpps, 491.62 Mbit/s (510.39 Mbit/s with framing)
[1;36m[Device: id=0] RX[0m: 0.0410 Mpps, 169.39 Mbit/s (175.95 Mbit/s with framing)
[0;34m[Device: id=1] TX[0m: 0.1764 Mpps, 739.35 Mbit/s (767.57 Mbit/s with framing)
[1;36m[Device: id=0] RX[0m: 0.0546 Mpps, 225.54 Mbit/s (234.28 Mbit/s with framing)
[0;34m[Device: id=1] TX[0m: 0.1878 Mpps, 787.45 Mbit/s (817.51 Mbit/s with framing)
[1;36m[Device: id=0] RX[0m: 0.0649 Mpps, 267.91 Mbit/s (278.30 Mbit/s with framing)
[0;34m[Device: id=1] TX[0m: 0.1730 Mpps, 725.21 Mbit/s (752.89 Mbit/s with framing)
[1;36m[Device: id=0] RX[0m: 0.0997 Mpps, 411.48 Mbit/s (427.43 Mbit/s with framing)
[0;34m[Device: id=1] TX[0m: 0.0476 Mpps, 199.36 Mbit/s (206.97 Mbit/s with framing)
[1;36m[Device: id=0] RX[0m: 0.0389 Mpps, 160.75 Mbit/s (166.98 Mbit/s with framing)
[0;34m[Device: id=1] TX[0m: 0.2868 Mpps, 1202.30 Mbit/s (1248.19 Mbit/s with framing)
[1;36m[Device: id=0] RX[0m: 0.0778 Mpps, 320.97 Mbit/s (333.41 Mbit/s with framing)
30
[1;36m[Device: id=0] RX[0m: 0.0063 Mpps, 25.93 Mbit/s (26.93 Mbit/s with framing)
[0;34m[Device: id=1] TX[0m: 0.0222 Mpps, 93.07 Mbit/s (96.63 Mbit/s with framing)
4800000
[1;36m[Device: id=0] RX[0m: 0.0566 (StdDev 0.0234) Mpps, 233.74 (StdDev 96) Mbit/s (242.80 Mbit/s with framing), total 1753635 packets with 904875660 bytes (incl. CRC)
[0;34m[Device: id=1] TX[0m: 0.1547 (StdDev 0.0883) Mpps, 648.58 (StdDev 370) Mbit/s (673.33 Mbit/s with framing), total 4800000 packets with 2515200000 bytes (incl. CRC)
