[1;37m[INFO]  Initializing DPDK. This will take a few seconds...[0m
EAL: Probing VFIO support...
EAL: WARNING: cpu flags constant_tsc=yes nonstop_tsc=no -> using unreliable clock cycles !
EAL: PCI device 0000:00:03.0 on NUMA socket -1
EAL:   Invalid NUMA socket, default to 0
EAL:   probe driver: 1af4:1000 net_virtio
EAL: PCI device 0000:00:04.0 on NUMA socket -1
EAL:   Invalid NUMA socket, default to 0
EAL:   probe driver: 1af4:1000 net_virtio
EAL: PCI device 0000:00:05.0 on NUMA socket -1
EAL:   Invalid NUMA socket, default to 0
EAL:   probe driver: 1af4:1000 net_virtio
[1;37m[INFO]  Found 2 usable devices:[0m
   Device 0: 52:54:00:C9:E4:6A ([0;32mRed Hat, Inc Virtio network device[0m)
   Device 1: 52:54:00:47:12:15 ([0;32mRed Hat, Inc Virtio network device[0m)
[1;37m[INFO]  Waiting for devices to come up...[0m
[1;37m[INFO]  Device 1 (52:54:00:47:12:15) is up: 10000 MBit/s[0m
[1;37m[INFO]  Device 0 (52:54:00:C9:E4:6A) is up: 10000 MBit/s[0m
[1;37m[INFO]  [0;32m2 devices are up.[0m[0m
[1;37m[INFO]  Trying to enable rx timestamping of all packets, this isn't supported by most nics[0m
[0;34m[Device: id=1] TX[0m: 0.0703 Mpps, 78.72 Mbit/s (89.97 Mbit/s with framing)
[1;36m[Device: id=0] RX[0m: 0.0378 Mpps, 39.94 Mbit/s (45.99 Mbit/s with framing)
[0;34m[Device: id=1] TX[0m: 0.1261 Mpps, 141.25 Mbit/s (161.43 Mbit/s with framing)
[1;36m[Device: id=0] RX[0m: 0.0426 Mpps, 44.95 Mbit/s (51.76 Mbit/s with framing)
[0;34m[Device: id=1] TX[0m: 0.1006 Mpps, 112.72 Mbit/s (128.83 Mbit/s with framing)
[1;36m[Device: id=0] RX[0m: 0.0406 Mpps, 42.90 Mbit/s (49.40 Mbit/s with framing)
[0;34m[Device: id=1] TX[0m: 0.0959 Mpps, 107.42 Mbit/s (122.77 Mbit/s with framing)
[1;36m[Device: id=0] RX[0m: 0.0393 Mpps, 41.55 Mbit/s (47.84 Mbit/s with framing)
[1;36m[Device: id=0] RX[0m: 0.0407 Mpps, 42.95 Mbit/s (49.45 Mbit/s with framing)
[0;34m[Device: id=1] TX[0m: 0.0575 Mpps, 64.37 Mbit/s (73.56 Mbit/s with framing)
[1;36m[Device: id=0] RX[0m: 0.0403 Mpps, 42.52 Mbit/s (48.97 Mbit/s with framing)
[0;34m[Device: id=1] TX[0m: 0.1145 Mpps, 128.19 Mbit/s (146.50 Mbit/s with framing)
[1;36m[Device: id=0] RX[0m: 0.0397 Mpps, 41.90 Mbit/s (48.25 Mbit/s with framing)
[0;34m[Device: id=1] TX[0m: 0.1203 Mpps, 134.72 Mbit/s (153.97 Mbit/s with framing)
[1;36m[Device: id=0] RX[0m: 0.0398 Mpps, 42.05 Mbit/s (48.42 Mbit/s with framing)
[0;34m[Device: id=1] TX[0m: 0.0829 Mpps, 92.86 Mbit/s (106.12 Mbit/s with framing)
[1;36m[Device: id=0] RX[0m: 0.0391 Mpps, 41.24 Mbit/s (47.49 Mbit/s with framing)
[0;34m[Device: id=1] TX[0m: 0.1198 Mpps, 134.14 Mbit/s (153.30 Mbit/s with framing)
[1;36m[Device: id=0] RX[0m: 0.0395 Mpps, 41.74 Mbit/s (48.06 Mbit/s with framing)
[0;34m[Device: id=1] TX[0m: 0.0764 Mpps, 85.58 Mbit/s (97.81 Mbit/s with framing)
[1;36m[Device: id=0] RX[0m: 0.0398 Mpps, 41.99 Mbit/s (48.35 Mbit/s with framing)
[0;34m[Device: id=1] TX[0m: 0.0975 Mpps, 109.17 Mbit/s (124.77 Mbit/s with framing)
[1;36m[Device: id=0] RX[0m: 0.0531 Mpps, 56.04 Mbit/s (64.53 Mbit/s with framing)
[0;34m[Device: id=1] TX[0m: 0.1181 Mpps, 132.28 Mbit/s (151.17 Mbit/s with framing)
[1;36m[Device: id=0] RX[0m: 0.0410 Mpps, 43.27 Mbit/s (49.82 Mbit/s with framing)
[0;34m[Device: id=1] TX[0m: 0.1139 Mpps, 127.54 Mbit/s (145.76 Mbit/s with framing)
[1;36m[Device: id=0] RX[0m: 0.0403 Mpps, 42.51 Mbit/s (48.95 Mbit/s with framing)
[0;34m[Device: id=1] TX[0m: 0.0921 Mpps, 103.17 Mbit/s (117.91 Mbit/s with framing)
[1;36m[Device: id=0] RX[0m: 0.0399 Mpps, 42.18 Mbit/s (48.57 Mbit/s with framing)
[0;34m[Device: id=1] TX[0m: 0.1104 Mpps, 123.66 Mbit/s (141.32 Mbit/s with framing)
[1;36m[Device: id=0] RX[0m: 0.0421 Mpps, 44.43 Mbit/s (51.17 Mbit/s with framing)
[0;34m[Device: id=1] TX[0m: 0.0899 Mpps, 100.69 Mbit/s (115.07 Mbit/s with framing)
[1;36m[Device: id=0] RX[0m: 0.0399 Mpps, 42.12 Mbit/s (48.51 Mbit/s with framing)
[0;34m[Device: id=1] TX[0m: 0.1105 Mpps, 123.79 Mbit/s (141.47 Mbit/s with framing)
[1;36m[Device: id=0] RX[0m: 0.0418 Mpps, 44.11 Mbit/s (50.79 Mbit/s with framing)
[0;34m[Device: id=1] TX[0m: 0.0967 Mpps, 108.27 Mbit/s (123.74 Mbit/s with framing)
[1;36m[Device: id=0] RX[0m: 0.0439 Mpps, 46.40 Mbit/s (53.44 Mbit/s with framing)
[0;34m[Device: id=1] TX[0m: 0.0815 Mpps, 91.32 Mbit/s (104.36 Mbit/s with framing)
[1;36m[Device: id=0] RX[0m: 0.0440 Mpps, 46.48 Mbit/s (53.52 Mbit/s with framing)
[0;34m[Device: id=1] TX[0m: 0.1076 Mpps, 120.51 Mbit/s (137.73 Mbit/s with framing)
[1;36m[Device: id=0] RX[0m: 0.0575 Mpps, 60.77 Mbit/s (69.98 Mbit/s with framing)
[0;34m[Device: id=1] TX[0m: 0.1125 Mpps, 126.01 Mbit/s (144.01 Mbit/s with framing)
[1;36m[Device: id=0] RX[0m: 0.0408 Mpps, 43.03 Mbit/s (49.55 Mbit/s with framing)
[0;34m[Device: id=1] TX[0m: 0.1029 Mpps, 115.24 Mbit/s (131.71 Mbit/s with framing)
[1;36m[Device: id=0] RX[0m: 0.0400 Mpps, 42.25 Mbit/s (48.66 Mbit/s with framing)
[0;34m[Device: id=1] TX[0m: 0.0688 Mpps, 77.01 Mbit/s (88.01 Mbit/s with framing)
[1;36m[Device: id=0] RX[0m: 0.0353 Mpps, 37.31 Mbit/s (42.97 Mbit/s with framing)
[0;34m[Device: id=1] TX[0m: 0.1311 Mpps, 146.80 Mbit/s (167.77 Mbit/s with framing)
[1;36m[Device: id=0] RX[0m: 0.0424 Mpps, 44.78 Mbit/s (51.56 Mbit/s with framing)
[0;34m[Device: id=1] TX[0m: 0.1000 Mpps, 112.05 Mbit/s (128.05 Mbit/s with framing)
[1;36m[Device: id=0] RX[0m: 0.0429 Mpps, 45.34 Mbit/s (52.21 Mbit/s with framing)
[0;34m[Device: id=1] TX[0m: 0.0998 Mpps, 111.81 Mbit/s (127.78 Mbit/s with framing)
[1;36m[Device: id=0] RX[0m: 0.0420 Mpps, 44.37 Mbit/s (51.09 Mbit/s with framing)
[0;34m[Device: id=1] TX[0m: 0.1001 Mpps, 112.15 Mbit/s (128.18 Mbit/s with framing)
[1;36m[Device: id=0] RX[0m: 0.0410 Mpps, 43.31 Mbit/s (49.87 Mbit/s with framing)
[0;34m[Device: id=1] TX[0m: 0.0999 Mpps, 111.87 Mbit/s (127.85 Mbit/s with framing)
[1;36m[Device: id=0] RX[0m: 0.0419 Mpps, 44.28 Mbit/s (50.99 Mbit/s with framing)
[0;34m[Device: id=1] TX[0m: 0.1004 Mpps, 112.45 Mbit/s (128.52 Mbit/s with framing)
3
[1;36m[Device: id=0] RX[0m: 0.0429 Mpps, 45.32 Mbit/s (52.19 Mbit/s with framing)
[0;34m[Device: id=1] TX[0m: 0.0833 Mpps, 93.34 Mbit/s (106.67 Mbit/s with framing)
[1;36m[Device: id=0] RX[0m: 0.0006 Mpps, 0.66 Mbit/s (0.76 Mbit/s with framing)
[0;34m[Device: id=1] TX[0m: 0.0000 Mpps, 0.00 Mbit/s (0.00 Mbit/s with framing)
3000000
[1;36m[Device: id=0] RX[0m: 0.0405 (StdDev 0.0086) Mpps, 42.76 (StdDev 9) Mbit/s (49.24 Mbit/s with framing), total 1252585 packets with 165341220 bytes (incl. CRC)
[0;34m[Device: id=1] TX[0m: 0.0970 (StdDev 0.0248) Mpps, 108.68 (StdDev 28) Mbit/s (124.20 Mbit/s with framing), total 3000000 packets with 420000000 bytes (incl. CRC)
