[1;37m[INFO]  Initializing DPDK. This will take a few seconds...[0m
EAL: Probing VFIO support...
EAL: WARNING: cpu flags constant_tsc=yes nonstop_tsc=no -> using unreliable clock cycles !
EAL: PCI device 0000:00:03.0 on NUMA socket -1
EAL:   Invalid NUMA socket, default to 0
EAL:   probe driver: 1af4:1000 net_virtio
EAL: PCI device 0000:00:04.0 on NUMA socket -1
EAL:   Invalid NUMA socket, default to 0
EAL:   probe driver: 1af4:1000 net_virtio
EAL: PCI device 0000:00:05.0 on NUMA socket -1
EAL:   Invalid NUMA socket, default to 0
EAL:   probe driver: 1af4:1000 net_virtio
[1;37m[INFO]  Found 2 usable devices:[0m
   Device 0: 52:54:00:C9:E4:6A ([0;32mRed Hat, Inc Virtio network device[0m)
   Device 1: 52:54:00:47:12:15 ([0;32mRed Hat, Inc Virtio network device[0m)
[1;37m[INFO]  Waiting for devices to come up...[0m
[1;37m[INFO]  Device 1 (52:54:00:47:12:15) is up: 10000 MBit/s[0m
[1;37m[INFO]  Device 0 (52:54:00:C9:E4:6A) is up: 10000 MBit/s[0m
[1;37m[INFO]  [0;32m2 devices are up.[0m[0m
[1;37m[INFO]  Trying to enable rx timestamping of all packets, this isn't supported by most nics[0m
[1;36m[Device: id=0] RX[0m: 0.0502 Mpps, 515.82 Mbit/s (523.86 Mbit/s with framing)
[0;34m[Device: id=1] TX[0m: 0.1090 Mpps, 1126.59 Mbit/s (1144.02 Mbit/s with framing)
[0;34m[Device: id=1] TX[0m: 0.1104 Mpps, 1141.32 Mbit/s (1158.99 Mbit/s with framing)
[1;36m[Device: id=0] RX[0m: 0.0461 Mpps, 473.49 Mbit/s (480.86 Mbit/s with framing)
[0;34m[Device: id=1] TX[0m: 0.1090 Mpps, 1126.84 Mbit/s (1144.28 Mbit/s with framing)
[1;36m[Device: id=0] RX[0m: 0.0439 Mpps, 450.69 Mbit/s (457.71 Mbit/s with framing)
[0;34m[Device: id=1] TX[0m: 0.1110 Mpps, 1147.45 Mbit/s (1165.21 Mbit/s with framing)
[1;36m[Device: id=0] RX[0m: 0.0424 Mpps, 435.72 Mbit/s (442.50 Mbit/s with framing)
[0;34m[Device: id=1] TX[0m: 0.1100 Mpps, 1136.88 Mbit/s (1154.47 Mbit/s with framing)
[1;36m[Device: id=0] RX[0m: 0.0471 Mpps, 484.09 Mbit/s (491.63 Mbit/s with framing)
[0;34m[Device: id=1] TX[0m: 0.1094 Mpps, 1130.32 Mbit/s (1147.82 Mbit/s with framing)
[1;36m[Device: id=0] RX[0m: 0.0507 Mpps, 520.95 Mbit/s (529.06 Mbit/s with framing)
[0;34m[Device: id=1] TX[0m: 0.1101 Mpps, 1138.05 Mbit/s (1155.66 Mbit/s with framing)
[1;36m[Device: id=0] RX[0m: 0.0449 Mpps, 460.91 Mbit/s (468.09 Mbit/s with framing)
[1;36m[Device: id=0] RX[0m: 0.0442 Mpps, 453.56 Mbit/s (460.63 Mbit/s with framing)
[0;34m[Device: id=1] TX[0m: 0.1100 Mpps, 1137.43 Mbit/s (1155.03 Mbit/s with framing)
[1;36m[Device: id=0] RX[0m: 0.0451 Mpps, 462.87 Mbit/s (470.08 Mbit/s with framing)
[0;34m[Device: id=1] TX[0m: 0.1106 Mpps, 1142.73 Mbit/s (1160.42 Mbit/s with framing)
[1;36m[Device: id=0] RX[0m: 0.0419 Mpps, 430.59 Mbit/s (437.29 Mbit/s with framing)
[0;34m[Device: id=1] TX[0m: 0.1099 Mpps, 1136.39 Mbit/s (1153.98 Mbit/s with framing)
[1;36m[Device: id=0] RX[0m: 0.0433 Mpps, 444.29 Mbit/s (451.21 Mbit/s with framing)
[0;34m[Device: id=1] TX[0m: 0.1095 Mpps, 1131.77 Mbit/s (1149.29 Mbit/s with framing)
[1;36m[Device: id=0] RX[0m: 0.0420 Mpps, 431.60 Mbit/s (438.32 Mbit/s with framing)
[0;34m[Device: id=1] TX[0m: 0.1097 Mpps, 1133.78 Mbit/s (1151.33 Mbit/s with framing)
[1;36m[Device: id=0] RX[0m: 0.0441 Mpps, 453.09 Mbit/s (460.15 Mbit/s with framing)
[0;34m[Device: id=1] TX[0m: 0.1105 Mpps, 1142.18 Mbit/s (1159.87 Mbit/s with framing)
[1;36m[Device: id=0] RX[0m: 0.0444 Mpps, 456.44 Mbit/s (463.55 Mbit/s with framing)
[0;34m[Device: id=1] TX[0m: 0.1102 Mpps, 1139.39 Mbit/s (1157.03 Mbit/s with framing)
[1;36m[Device: id=0] RX[0m: 0.0477 Mpps, 489.78 Mbit/s (497.41 Mbit/s with framing)
[0;34m[Device: id=1] TX[0m: 0.1102 Mpps, 1139.26 Mbit/s (1156.90 Mbit/s with framing)
[1;36m[Device: id=0] RX[0m: 0.0432 Mpps, 444.03 Mbit/s (450.95 Mbit/s with framing)
[0;34m[Device: id=1] TX[0m: 0.1095 Mpps, 1132.16 Mbit/s (1149.68 Mbit/s with framing)
[1;36m[Device: id=0] RX[0m: 0.0432 Mpps, 443.40 Mbit/s (450.31 Mbit/s with framing)
[0;34m[Device: id=1] TX[0m: 0.1096 Mpps, 1132.54 Mbit/s (1150.07 Mbit/s with framing)
[1;36m[Device: id=0] RX[0m: 0.0422 Mpps, 433.63 Mbit/s (440.39 Mbit/s with framing)
[0;34m[Device: id=1] TX[0m: 0.1107 Mpps, 1143.88 Mbit/s (1161.59 Mbit/s with framing)
[1;36m[Device: id=0] RX[0m: 0.0403 Mpps, 414.17 Mbit/s (420.62 Mbit/s with framing)
[0;34m[Device: id=1] TX[0m: 0.1101 Mpps, 1138.19 Mbit/s (1155.80 Mbit/s with framing)
[1;36m[Device: id=0] RX[0m: 0.0441 Mpps, 453.28 Mbit/s (460.34 Mbit/s with framing)
[0;34m[Device: id=1] TX[0m: 0.1094 Mpps, 1130.46 Mbit/s (1147.96 Mbit/s with framing)
[1;36m[Device: id=0] RX[0m: 0.0412 Mpps, 422.77 Mbit/s (429.35 Mbit/s with framing)
[0;34m[Device: id=1] TX[0m: 0.1104 Mpps, 1141.07 Mbit/s (1158.74 Mbit/s with framing)
[1;36m[Device: id=0] RX[0m: 0.0413 Mpps, 424.47 Mbit/s (431.09 Mbit/s with framing)
[0;34m[Device: id=1] TX[0m: 0.1103 Mpps, 1139.61 Mbit/s (1157.25 Mbit/s with framing)
[1;36m[Device: id=0] RX[0m: 0.0414 Mpps, 425.19 Mbit/s (431.82 Mbit/s with framing)
[0;34m[Device: id=1] TX[0m: 0.1097 Mpps, 1133.71 Mbit/s (1151.26 Mbit/s with framing)
[1;36m[Device: id=0] RX[0m: 0.0412 Mpps, 423.65 Mbit/s (430.25 Mbit/s with framing)
[0;34m[Device: id=1] TX[0m: 0.1102 Mpps, 1139.06 Mbit/s (1156.69 Mbit/s with framing)
[1;36m[Device: id=0] RX[0m: 0.0426 Mpps, 437.55 Mbit/s (444.37 Mbit/s with framing)
[0;34m[Device: id=1] TX[0m: 0.1102 Mpps, 1139.09 Mbit/s (1156.73 Mbit/s with framing)
[1;36m[Device: id=0] RX[0m: 0.0423 Mpps, 434.53 Mbit/s (441.30 Mbit/s with framing)
[0;34m[Device: id=1] TX[0m: 0.1098 Mpps, 1134.80 Mbit/s (1152.37 Mbit/s with framing)
[1;36m[Device: id=0] RX[0m: 0.0413 Mpps, 424.38 Mbit/s (430.99 Mbit/s with framing)
[0;34m[Device: id=1] TX[0m: 0.1099 Mpps, 1135.76 Mbit/s (1153.34 Mbit/s with framing)
[1;36m[Device: id=0] RX[0m: 0.0416 Mpps, 427.33 Mbit/s (433.99 Mbit/s with framing)
[0;34m[Device: id=1] TX[0m: 0.1103 Mpps, 1139.64 Mbit/s (1157.28 Mbit/s with framing)
[1;36m[Device: id=0] RX[0m: 0.0411 Mpps, 421.87 Mbit/s (428.44 Mbit/s with framing)
[0;34m[Device: id=1] TX[0m: 0.1101 Mpps, 1138.03 Mbit/s (1155.64 Mbit/s with framing)
60
[1;36m[Device: id=0] RX[0m: 0.0430 Mpps, 442.08 Mbit/s (448.97 Mbit/s with framing)
[0;34m[Device: id=1] TX[0m: 0.0975 Mpps, 1007.39 Mbit/s (1022.99 Mbit/s with framing)
[1;36m[Device: id=0] RX[0m: 0.0008 Mpps, 7.98 Mbit/s (8.11 Mbit/s with framing)
[0;34m[Device: id=1] TX[0m: 0.0000 Mpps, 0.00 Mbit/s (0.00 Mbit/s with framing)
3300000
[1;36m[Device: id=0] RX[0m: 0.0420 (StdDev 0.0081) Mpps, 430.95 (StdDev 83) Mbit/s (437.66 Mbit/s with framing), total 1308839 packets with 1680549276 bytes (incl. CRC)
[0;34m[Device: id=1] TX[0m: 0.1059 (StdDev 0.0201) Mpps, 1094.97 (StdDev 208) Mbit/s (1111.92 Mbit/s with framing), total 3300000 packets with 4263600000 bytes (incl. CRC)
