[1;37m[INFO]  Initializing DPDK. This will take a few seconds...[0m
EAL: Probing VFIO support...
EAL: WARNING: cpu flags constant_tsc=yes nonstop_tsc=no -> using unreliable clock cycles !
EAL: PCI device 0000:00:03.0 on NUMA socket -1
EAL:   Invalid NUMA socket, default to 0
EAL:   probe driver: 1af4:1000 net_virtio
EAL: PCI device 0000:00:04.0 on NUMA socket -1
EAL:   Invalid NUMA socket, default to 0
EAL:   probe driver: 1af4:1000 net_virtio
EAL: PCI device 0000:00:05.0 on NUMA socket -1
EAL:   Invalid NUMA socket, default to 0
EAL:   probe driver: 1af4:1000 net_virtio
[1;37m[INFO]  Found 2 usable devices:[0m
   Device 0: 52:54:00:C9:E4:6A ([0;32mRed Hat, Inc Virtio network device[0m)
   Device 1: 52:54:00:47:12:15 ([0;32mRed Hat, Inc Virtio network device[0m)
[1;37m[INFO]  Waiting for devices to come up...[0m
[1;37m[INFO]  Device 1 (52:54:00:47:12:15) is up: 10000 MBit/s[0m
[1;37m[INFO]  Device 0 (52:54:00:C9:E4:6A) is up: 10000 MBit/s[0m
[1;37m[INFO]  [0;32m2 devices are up.[0m[0m
[1;37m[INFO]  Trying to enable rx timestamping of all packets, this isn't supported by most nics[0m
[0;34m[Device: id=1] TX[0m: 0.0404 Mpps, 24.54 Mbit/s (31.00 Mbit/s with framing)
[1;36m[Device: id=0] RX[0m: 0.0345 Mpps, 18.79 Mbit/s (24.31 Mbit/s with framing)
[0;34m[Device: id=1] TX[0m: 0.0400 Mpps, 24.32 Mbit/s (30.72 Mbit/s with framing)
[1;36m[Device: id=0] RX[0m: 0.0399 Mpps, 21.73 Mbit/s (28.12 Mbit/s with framing)
[0;34m[Device: id=1] TX[0m: 0.0400 Mpps, 24.32 Mbit/s (30.72 Mbit/s with framing)
[1;36m[Device: id=0] RX[0m: 0.0401 Mpps, 21.82 Mbit/s (28.24 Mbit/s with framing)
[0;34m[Device: id=1] TX[0m: 0.0400 Mpps, 24.32 Mbit/s (30.72 Mbit/s with framing)
[1;36m[Device: id=0] RX[0m: 0.0396 Mpps, 21.56 Mbit/s (27.90 Mbit/s with framing)
[0;34m[Device: id=1] TX[0m: 0.0400 Mpps, 24.32 Mbit/s (30.72 Mbit/s with framing)
[1;36m[Device: id=0] RX[0m: 0.0400 Mpps, 21.76 Mbit/s (28.16 Mbit/s with framing)
[0;34m[Device: id=1] TX[0m: 0.0400 Mpps, 24.32 Mbit/s (30.72 Mbit/s with framing)
[1;36m[Device: id=0] RX[0m: 0.0403 Mpps, 21.93 Mbit/s (28.38 Mbit/s with framing)
[0;34m[Device: id=1] TX[0m: 0.0400 Mpps, 24.32 Mbit/s (30.72 Mbit/s with framing)
[1;36m[Device: id=0] RX[0m: 0.0392 Mpps, 21.30 Mbit/s (27.57 Mbit/s with framing)
[0;34m[Device: id=1] TX[0m: 0.0400 Mpps, 24.32 Mbit/s (30.72 Mbit/s with framing)
[1;36m[Device: id=0] RX[0m: 0.0407 Mpps, 22.17 Mbit/s (28.68 Mbit/s with framing)
[0;34m[Device: id=1] TX[0m: 0.0400 Mpps, 24.32 Mbit/s (30.72 Mbit/s with framing)
[1;36m[Device: id=0] RX[0m: 0.0394 Mpps, 21.43 Mbit/s (27.74 Mbit/s with framing)
[0;34m[Device: id=1] TX[0m: 0.0400 Mpps, 24.32 Mbit/s (30.72 Mbit/s with framing)
[1;36m[Device: id=0] RX[0m: 0.0394 Mpps, 21.46 Mbit/s (27.77 Mbit/s with framing)
[0;34m[Device: id=1] TX[0m: 0.0400 Mpps, 24.32 Mbit/s (30.72 Mbit/s with framing)
[1;36m[Device: id=0] RX[0m: 0.0407 Mpps, 22.14 Mbit/s (28.66 Mbit/s with framing)
[0;34m[Device: id=1] TX[0m: 0.0400 Mpps, 24.32 Mbit/s (30.72 Mbit/s with framing)
[1;36m[Device: id=0] RX[0m: 0.0394 Mpps, 21.44 Mbit/s (27.75 Mbit/s with framing)
[0;34m[Device: id=1] TX[0m: 0.0400 Mpps, 24.32 Mbit/s (30.72 Mbit/s with framing)
[1;36m[Device: id=0] RX[0m: 0.0405 Mpps, 22.06 Mbit/s (28.54 Mbit/s with framing)
[0;34m[Device: id=1] TX[0m: 0.0400 Mpps, 24.32 Mbit/s (30.72 Mbit/s with framing)
[1;36m[Device: id=0] RX[0m: 0.0397 Mpps, 21.57 Mbit/s (27.92 Mbit/s with framing)
[0;34m[Device: id=1] TX[0m: 0.0400 Mpps, 24.32 Mbit/s (30.72 Mbit/s with framing)
[1;36m[Device: id=0] RX[0m: 0.0394 Mpps, 21.42 Mbit/s (27.71 Mbit/s with framing)
[0;34m[Device: id=1] TX[0m: 0.0400 Mpps, 24.32 Mbit/s (30.72 Mbit/s with framing)
[1;36m[Device: id=0] RX[0m: 0.0393 Mpps, 21.40 Mbit/s (27.69 Mbit/s with framing)
[0;34m[Device: id=1] TX[0m: 0.0400 Mpps, 24.32 Mbit/s (30.72 Mbit/s with framing)
[1;36m[Device: id=0] RX[0m: 0.0404 Mpps, 21.97 Mbit/s (28.43 Mbit/s with framing)
[0;34m[Device: id=1] TX[0m: 0.0400 Mpps, 24.32 Mbit/s (30.72 Mbit/s with framing)
[1;36m[Device: id=0] RX[0m: 0.0393 Mpps, 21.40 Mbit/s (27.69 Mbit/s with framing)
[0;34m[Device: id=1] TX[0m: 0.0400 Mpps, 24.32 Mbit/s (30.72 Mbit/s with framing)
[1;36m[Device: id=0] RX[0m: 0.0407 Mpps, 22.13 Mbit/s (28.63 Mbit/s with framing)
[0;34m[Device: id=1] TX[0m: 0.0400 Mpps, 24.32 Mbit/s (30.72 Mbit/s with framing)
[1;36m[Device: id=0] RX[0m: 0.0401 Mpps, 21.81 Mbit/s (28.23 Mbit/s with framing)
[0;34m[Device: id=1] TX[0m: 0.0400 Mpps, 24.32 Mbit/s (30.72 Mbit/s with framing)
[1;36m[Device: id=0] RX[0m: 0.0400 Mpps, 21.78 Mbit/s (28.18 Mbit/s with framing)
[0;34m[Device: id=1] TX[0m: 0.0400 Mpps, 24.32 Mbit/s (30.72 Mbit/s with framing)
[1;36m[Device: id=0] RX[0m: 0.0394 Mpps, 21.43 Mbit/s (27.73 Mbit/s with framing)
[0;34m[Device: id=1] TX[0m: 0.0400 Mpps, 24.32 Mbit/s (30.72 Mbit/s with framing)
[1;36m[Device: id=0] RX[0m: 0.0394 Mpps, 21.41 Mbit/s (27.71 Mbit/s with framing)
[0;34m[Device: id=1] TX[0m: 0.0400 Mpps, 24.32 Mbit/s (30.72 Mbit/s with framing)
[1;36m[Device: id=0] RX[0m: 0.0405 Mpps, 22.05 Mbit/s (28.53 Mbit/s with framing)
[0;34m[Device: id=1] TX[0m: 0.0400 Mpps, 24.32 Mbit/s (30.72 Mbit/s with framing)
[1;36m[Device: id=0] RX[0m: 0.0399 Mpps, 21.72 Mbit/s (28.11 Mbit/s with framing)
[0;34m[Device: id=1] TX[0m: 0.0400 Mpps, 24.32 Mbit/s (30.72 Mbit/s with framing)
[1;36m[Device: id=0] RX[0m: 0.0401 Mpps, 21.83 Mbit/s (28.25 Mbit/s with framing)
[0;34m[Device: id=1] TX[0m: 0.0400 Mpps, 24.32 Mbit/s (30.72 Mbit/s with framing)
[1;36m[Device: id=0] RX[0m: 0.0394 Mpps, 21.45 Mbit/s (27.76 Mbit/s with framing)
[0;34m[Device: id=1] TX[0m: 0.0400 Mpps, 24.32 Mbit/s (30.72 Mbit/s with framing)
[1;36m[Device: id=0] RX[0m: 0.0404 Mpps, 21.96 Mbit/s (28.42 Mbit/s with framing)
[0;34m[Device: id=1] TX[0m: 0.0400 Mpps, 24.32 Mbit/s (30.72 Mbit/s with framing)
[1;36m[Device: id=0] RX[0m: 0.0398 Mpps, 21.67 Mbit/s (28.04 Mbit/s with framing)
39
[0;34m[Device: id=1] TX[0m: 0.0390 Mpps, 23.70 Mbit/s (29.94 Mbit/s with framing)
[1;36m[Device: id=0] RX[0m: 0.0391 Mpps, 21.26 Mbit/s (27.52 Mbit/s with framing)
[0;34m[Device: id=1] TX[0m: 0.0000 Mpps, 0.00 Mbit/s (0.00 Mbit/s with framing)
[1;36m[Device: id=0] RX[0m: 0.0000 Mpps, 0.00 Mbit/s (0.00 Mbit/s with framing)
1200000
[1;36m[Device: id=0] RX[0m: 0.0385 (StdDev 0.0073) Mpps, 20.97 (StdDev 4) Mbit/s (27.14 Mbit/s with framing), total 1190891 packets with 80980588 bytes (incl. CRC)
[0;34m[Device: id=1] TX[0m: 0.0386 (StdDev 0.0073) Mpps, 23.49 (StdDev 4) Mbit/s (29.67 Mbit/s with framing), total 1200000 packets with 91200000 bytes (incl. CRC)
