[1;37m[INFO]  Initializing DPDK. This will take a few seconds...[0m
EAL: Probing VFIO support...
EAL: WARNING: cpu flags constant_tsc=yes nonstop_tsc=no -> using unreliable clock cycles !
EAL: PCI device 0000:00:03.0 on NUMA socket -1
EAL:   Invalid NUMA socket, default to 0
EAL:   probe driver: 1af4:1000 net_virtio
EAL: PCI device 0000:00:04.0 on NUMA socket -1
EAL:   Invalid NUMA socket, default to 0
EAL:   probe driver: 1af4:1000 net_virtio
EAL: PCI device 0000:00:05.0 on NUMA socket -1
EAL:   Invalid NUMA socket, default to 0
EAL:   probe driver: 1af4:1000 net_virtio
[1;37m[INFO]  Found 2 usable devices:[0m
   Device 0: 52:54:00:C9:E4:6A ([0;32mRed Hat, Inc Virtio network device[0m)
   Device 1: 52:54:00:47:12:15 ([0;32mRed Hat, Inc Virtio network device[0m)
[1;37m[INFO]  Waiting for devices to come up...[0m
[1;37m[INFO]  Device 1 (52:54:00:47:12:15) is up: 10000 MBit/s[0m
[1;37m[INFO]  Device 0 (52:54:00:C9:E4:6A) is up: 10000 MBit/s[0m
[1;37m[INFO]  [0;32m2 devices are up.[0m[0m
[1;37m[INFO]  Trying to enable rx timestamping of all packets, this isn't supported by most nics[0m
[1;36m[Device: id=0] RX[0m: 0.0452 Mpps, 464.28 Mbit/s (471.51 Mbit/s with framing)
[0;34m[Device: id=1] TX[0m: 0.0603 Mpps, 623.54 Mbit/s (633.19 Mbit/s with framing)
[0;34m[Device: id=1] TX[0m: 0.0600 Mpps, 620.03 Mbit/s (629.63 Mbit/s with framing)
[1;36m[Device: id=0] RX[0m: 0.0467 Mpps, 479.99 Mbit/s (487.47 Mbit/s with framing)
[1;36m[Device: id=0] RX[0m: 0.0458 Mpps, 470.16 Mbit/s (477.48 Mbit/s with framing)
[0;34m[Device: id=1] TX[0m: 0.0599 Mpps, 619.61 Mbit/s (629.21 Mbit/s with framing)
[1;36m[Device: id=0] RX[0m: 0.0457 Mpps, 469.23 Mbit/s (476.54 Mbit/s with framing)
[0;34m[Device: id=1] TX[0m: 0.0600 Mpps, 620.17 Mbit/s (629.77 Mbit/s with framing)
[1;36m[Device: id=0] RX[0m: 0.0455 Mpps, 466.92 Mbit/s (474.20 Mbit/s with framing)
[0;34m[Device: id=1] TX[0m: 0.0601 Mpps, 620.80 Mbit/s (630.41 Mbit/s with framing)
[1;36m[Device: id=0] RX[0m: 0.0454 Mpps, 466.51 Mbit/s (473.78 Mbit/s with framing)
[0;34m[Device: id=1] TX[0m: 0.0600 Mpps, 619.92 Mbit/s (629.52 Mbit/s with framing)
[1;36m[Device: id=0] RX[0m: 0.0422 Mpps, 433.95 Mbit/s (440.71 Mbit/s with framing)
[0;34m[Device: id=1] TX[0m: 0.0600 Mpps, 620.49 Mbit/s (630.09 Mbit/s with framing)
[1;36m[Device: id=0] RX[0m: 0.0442 Mpps, 453.63 Mbit/s (460.70 Mbit/s with framing)
[0;34m[Device: id=1] TX[0m: 0.0600 Mpps, 619.67 Mbit/s (629.26 Mbit/s with framing)
[1;36m[Device: id=0] RX[0m: 0.0442 Mpps, 454.20 Mbit/s (461.27 Mbit/s with framing)
[0;34m[Device: id=1] TX[0m: 0.0600 Mpps, 620.58 Mbit/s (630.19 Mbit/s with framing)
[1;36m[Device: id=0] RX[0m: 0.0453 Mpps, 464.84 Mbit/s (472.08 Mbit/s with framing)
[0;34m[Device: id=1] TX[0m: 0.0600 Mpps, 620.16 Mbit/s (629.76 Mbit/s with framing)
[1;36m[Device: id=0] RX[0m: 0.0438 Mpps, 450.06 Mbit/s (457.07 Mbit/s with framing)
[0;34m[Device: id=1] TX[0m: 0.0600 Mpps, 620.06 Mbit/s (629.66 Mbit/s with framing)
[1;36m[Device: id=0] RX[0m: 0.0442 Mpps, 454.12 Mbit/s (461.19 Mbit/s with framing)
[0;34m[Device: id=1] TX[0m: 0.0600 Mpps, 620.42 Mbit/s (630.03 Mbit/s with framing)
[1;36m[Device: id=0] RX[0m: 0.0443 Mpps, 455.05 Mbit/s (462.14 Mbit/s with framing)
[0;34m[Device: id=1] TX[0m: 0.0599 Mpps, 619.61 Mbit/s (629.20 Mbit/s with framing)
[1;36m[Device: id=0] RX[0m: 0.0429 Mpps, 441.04 Mbit/s (447.91 Mbit/s with framing)
[0;34m[Device: id=1] TX[0m: 0.0600 Mpps, 620.24 Mbit/s (629.84 Mbit/s with framing)
[1;36m[Device: id=0] RX[0m: 0.0426 Mpps, 437.45 Mbit/s (444.26 Mbit/s with framing)
[0;34m[Device: id=1] TX[0m: 0.0600 Mpps, 620.26 Mbit/s (629.86 Mbit/s with framing)
[1;36m[Device: id=0] RX[0m: 0.0440 Mpps, 452.21 Mbit/s (459.25 Mbit/s with framing)
[0;34m[Device: id=1] TX[0m: 0.0600 Mpps, 619.85 Mbit/s (629.44 Mbit/s with framing)
[1;36m[Device: id=0] RX[0m: 0.0432 Mpps, 444.24 Mbit/s (451.16 Mbit/s with framing)
[0;34m[Device: id=1] TX[0m: 0.0599 Mpps, 618.71 Mbit/s (628.29 Mbit/s with framing)
[1;36m[Device: id=0] RX[0m: 0.0412 Mpps, 423.25 Mbit/s (429.85 Mbit/s with framing)
[0;34m[Device: id=1] TX[0m: 0.0601 Mpps, 621.62 Mbit/s (631.25 Mbit/s with framing)
[1;36m[Device: id=0] RX[0m: 0.0422 Mpps, 433.90 Mbit/s (440.66 Mbit/s with framing)
[0;34m[Device: id=1] TX[0m: 0.0600 Mpps, 619.68 Mbit/s (629.27 Mbit/s with framing)
[1;36m[Device: id=0] RX[0m: 0.0438 Mpps, 449.96 Mbit/s (456.97 Mbit/s with framing)
[0;34m[Device: id=1] TX[0m: 0.0600 Mpps, 620.43 Mbit/s (630.03 Mbit/s with framing)
[1;36m[Device: id=0] RX[0m: 0.0452 Mpps, 464.22 Mbit/s (471.45 Mbit/s with framing)
[0;34m[Device: id=1] TX[0m: 0.0601 Mpps, 620.79 Mbit/s (630.40 Mbit/s with framing)
[1;36m[Device: id=0] RX[0m: 0.0415 Mpps, 425.88 Mbit/s (432.52 Mbit/s with framing)
[0;34m[Device: id=1] TX[0m: 0.0598 Mpps, 618.39 Mbit/s (627.96 Mbit/s with framing)
[1;36m[Device: id=0] RX[0m: 0.0405 Mpps, 415.82 Mbit/s (422.30 Mbit/s with framing)
[0;34m[Device: id=1] TX[0m: 0.0602 Mpps, 621.90 Mbit/s (631.53 Mbit/s with framing)
[1;36m[Device: id=0] RX[0m: 0.0413 Mpps, 424.49 Mbit/s (431.10 Mbit/s with framing)
[0;34m[Device: id=1] TX[0m: 0.0599 Mpps, 619.30 Mbit/s (628.89 Mbit/s with framing)
[1;36m[Device: id=0] RX[0m: 0.0412 Mpps, 423.71 Mbit/s (430.31 Mbit/s with framing)
[0;34m[Device: id=1] TX[0m: 0.0601 Mpps, 620.77 Mbit/s (630.38 Mbit/s with framing)
[1;36m[Device: id=0] RX[0m: 0.0427 Mpps, 438.32 Mbit/s (445.15 Mbit/s with framing)
[0;34m[Device: id=1] TX[0m: 0.0601 Mpps, 620.84 Mbit/s (630.45 Mbit/s with framing)
[1;36m[Device: id=0] RX[0m: 0.0395 Mpps, 405.44 Mbit/s (411.76 Mbit/s with framing)
[0;34m[Device: id=1] TX[0m: 0.0599 Mpps, 618.85 Mbit/s (628.43 Mbit/s with framing)
[1;36m[Device: id=0] RX[0m: 0.0411 Mpps, 422.24 Mbit/s (428.82 Mbit/s with framing)
[0;34m[Device: id=1] TX[0m: 0.0601 Mpps, 621.06 Mbit/s (630.67 Mbit/s with framing)
[1;36m[Device: id=0] RX[0m: 0.0425 Mpps, 437.05 Mbit/s (443.86 Mbit/s with framing)
[0;34m[Device: id=1] TX[0m: 0.0599 Mpps, 619.44 Mbit/s (629.02 Mbit/s with framing)
27
[1;36m[Device: id=0] RX[0m: 0.0420 Mpps, 431.18 Mbit/s (437.90 Mbit/s with framing)
[0;34m[Device: id=1] TX[0m: 0.0507 Mpps, 524.42 Mbit/s (532.53 Mbit/s with framing)
[1;36m[Device: id=0] RX[0m: 0.0000 Mpps, 0.00 Mbit/s (0.00 Mbit/s with framing)
[0;34m[Device: id=1] TX[0m: 0.0000 Mpps, 0.00 Mbit/s (0.00 Mbit/s with framing)
1800000
[1;36m[Device: id=0] RX[0m: 0.0418 (StdDev 0.0081) Mpps, 429.64 (StdDev 83) Mbit/s (436.33 Mbit/s with framing), total 1299999 packets with 1669198716 bytes (incl. CRC)
[0;34m[Device: id=1] TX[0m: 0.0577 (StdDev 0.0110) Mpps, 596.27 (StdDev 114) Mbit/s (605.50 Mbit/s with framing), total 1800000 packets with 2325600000 bytes (incl. CRC)
