[1;37m[INFO]  Initializing DPDK. This will take a few seconds...[0m
EAL: Probing VFIO support...
EAL: WARNING: cpu flags constant_tsc=yes nonstop_tsc=no -> using unreliable clock cycles !
EAL: PCI device 0000:00:03.0 on NUMA socket -1
EAL:   Invalid NUMA socket, default to 0
EAL:   probe driver: 1af4:1000 net_virtio
EAL: PCI device 0000:00:04.0 on NUMA socket -1
EAL:   Invalid NUMA socket, default to 0
EAL:   probe driver: 1af4:1000 net_virtio
EAL: PCI device 0000:00:05.0 on NUMA socket -1
EAL:   Invalid NUMA socket, default to 0
EAL:   probe driver: 1af4:1000 net_virtio
[1;37m[INFO]  Found 2 usable devices:[0m
   Device 0: 52:54:00:C9:E4:6A ([0;32mRed Hat, Inc Virtio network device[0m)
   Device 1: 52:54:00:47:12:15 ([0;32mRed Hat, Inc Virtio network device[0m)
[1;37m[INFO]  Waiting for devices to come up...[0m
[1;37m[INFO]  Device 1 (52:54:00:47:12:15) is up: 10000 MBit/s[0m
[1;37m[INFO]  Device 0 (52:54:00:C9:E4:6A) is up: 10000 MBit/s[0m
[1;37m[INFO]  [0;32m2 devices are up.[0m[0m
[1;37m[INFO]  Trying to enable rx timestamping of all packets, this isn't supported by most nics[0m
[0;34m[Device: id=1] TX[0m: 0.0394 Mpps, 476.98 Mbit/s (483.29 Mbit/s with framing)
[1;36m[Device: id=0] RX[0m: 0.0390 Mpps, 469.72 Mbit/s (475.96 Mbit/s with framing)
[0;34m[Device: id=1] TX[0m: 0.0400 Mpps, 483.81 Mbit/s (490.21 Mbit/s with framing)
[1;36m[Device: id=0] RX[0m: 0.0397 Mpps, 477.78 Mbit/s (484.13 Mbit/s with framing)
[1;36m[Device: id=0] RX[0m: 0.0401 Mpps, 482.90 Mbit/s (489.32 Mbit/s with framing)
[0;34m[Device: id=1] TX[0m: 0.0400 Mpps, 483.88 Mbit/s (490.28 Mbit/s with framing)
[1;36m[Device: id=0] RX[0m: 0.0402 Mpps, 483.29 Mbit/s (489.72 Mbit/s with framing)
[0;34m[Device: id=1] TX[0m: 0.0400 Mpps, 483.80 Mbit/s (490.20 Mbit/s with framing)
[1;36m[Device: id=0] RX[0m: 0.0402 Mpps, 483.49 Mbit/s (489.92 Mbit/s with framing)
[0;34m[Device: id=1] TX[0m: 0.0400 Mpps, 483.85 Mbit/s (490.25 Mbit/s with framing)
[1;36m[Device: id=0] RX[0m: 0.0397 Mpps, 477.24 Mbit/s (483.59 Mbit/s with framing)
[0;34m[Device: id=1] TX[0m: 0.0400 Mpps, 483.84 Mbit/s (490.24 Mbit/s with framing)
[1;36m[Device: id=0] RX[0m: 0.0403 Mpps, 485.34 Mbit/s (491.79 Mbit/s with framing)
[0;34m[Device: id=1] TX[0m: 0.0400 Mpps, 483.83 Mbit/s (490.23 Mbit/s with framing)
[1;36m[Device: id=0] RX[0m: 0.0399 Mpps, 480.38 Mbit/s (486.77 Mbit/s with framing)
[0;34m[Device: id=1] TX[0m: 0.0400 Mpps, 483.85 Mbit/s (490.25 Mbit/s with framing)
[1;36m[Device: id=0] RX[0m: 0.0395 Mpps, 475.18 Mbit/s (481.49 Mbit/s with framing)
[0;34m[Device: id=1] TX[0m: 0.0400 Mpps, 483.84 Mbit/s (490.24 Mbit/s with framing)
[1;36m[Device: id=0] RX[0m: 0.0394 Mpps, 474.65 Mbit/s (480.96 Mbit/s with framing)
[0;34m[Device: id=1] TX[0m: 0.0400 Mpps, 483.84 Mbit/s (490.24 Mbit/s with framing)
[1;36m[Device: id=0] RX[0m: 0.0408 Mpps, 491.01 Mbit/s (497.54 Mbit/s with framing)
[0;34m[Device: id=1] TX[0m: 0.0400 Mpps, 483.85 Mbit/s (490.25 Mbit/s with framing)
[1;36m[Device: id=0] RX[0m: 0.0393 Mpps, 472.38 Mbit/s (478.66 Mbit/s with framing)
[0;34m[Device: id=1] TX[0m: 0.0400 Mpps, 483.82 Mbit/s (490.22 Mbit/s with framing)
[1;36m[Device: id=0] RX[0m: 0.0407 Mpps, 490.26 Mbit/s (496.77 Mbit/s with framing)
[0;34m[Device: id=1] TX[0m: 0.0400 Mpps, 483.84 Mbit/s (490.24 Mbit/s with framing)
[1;36m[Device: id=0] RX[0m: 0.0393 Mpps, 473.25 Mbit/s (479.54 Mbit/s with framing)
[0;34m[Device: id=1] TX[0m: 0.0400 Mpps, 483.84 Mbit/s (490.24 Mbit/s with framing)
[1;36m[Device: id=0] RX[0m: 0.0404 Mpps, 486.58 Mbit/s (493.05 Mbit/s with framing)
[0;34m[Device: id=1] TX[0m: 0.0400 Mpps, 483.84 Mbit/s (490.24 Mbit/s with framing)
[1;36m[Device: id=0] RX[0m: 0.0393 Mpps, 473.20 Mbit/s (479.50 Mbit/s with framing)
[0;34m[Device: id=1] TX[0m: 0.0400 Mpps, 483.85 Mbit/s (490.25 Mbit/s with framing)
[1;36m[Device: id=0] RX[0m: 0.0393 Mpps, 472.39 Mbit/s (478.67 Mbit/s with framing)
[0;34m[Device: id=1] TX[0m: 0.0400 Mpps, 483.84 Mbit/s (490.24 Mbit/s with framing)
[1;36m[Device: id=0] RX[0m: 0.0402 Mpps, 483.33 Mbit/s (489.76 Mbit/s with framing)
[0;34m[Device: id=1] TX[0m: 0.0400 Mpps, 483.84 Mbit/s (490.24 Mbit/s with framing)
[1;36m[Device: id=0] RX[0m: 0.0400 Mpps, 481.40 Mbit/s (487.80 Mbit/s with framing)
[0;34m[Device: id=1] TX[0m: 0.0400 Mpps, 483.83 Mbit/s (490.23 Mbit/s with framing)
[1;36m[Device: id=0] RX[0m: 0.0393 Mpps, 472.38 Mbit/s (478.66 Mbit/s with framing)
[0;34m[Device: id=1] TX[0m: 0.0400 Mpps, 483.85 Mbit/s (490.25 Mbit/s with framing)
[1;36m[Device: id=0] RX[0m: 0.0403 Mpps, 484.63 Mbit/s (491.07 Mbit/s with framing)
[0;34m[Device: id=1] TX[0m: 0.0400 Mpps, 483.84 Mbit/s (490.24 Mbit/s with framing)
[1;36m[Device: id=0] RX[0m: 0.0402 Mpps, 483.17 Mbit/s (489.59 Mbit/s with framing)
[0;34m[Device: id=1] TX[0m: 0.0400 Mpps, 483.83 Mbit/s (490.23 Mbit/s with framing)
[1;36m[Device: id=0] RX[0m: 0.0399 Mpps, 479.52 Mbit/s (485.90 Mbit/s with framing)
[0;34m[Device: id=1] TX[0m: 0.0400 Mpps, 483.83 Mbit/s (490.23 Mbit/s with framing)
[1;36m[Device: id=0] RX[0m: 0.0398 Mpps, 478.28 Mbit/s (484.64 Mbit/s with framing)
[0;34m[Device: id=1] TX[0m: 0.0400 Mpps, 483.85 Mbit/s (490.25 Mbit/s with framing)
[1;36m[Device: id=0] RX[0m: 0.0405 Mpps, 487.60 Mbit/s (494.08 Mbit/s with framing)
[0;34m[Device: id=1] TX[0m: 0.0400 Mpps, 483.85 Mbit/s (490.25 Mbit/s with framing)
[1;36m[Device: id=0] RX[0m: 0.0400 Mpps, 481.60 Mbit/s (488.00 Mbit/s with framing)
[0;34m[Device: id=1] TX[0m: 0.0400 Mpps, 483.84 Mbit/s (490.24 Mbit/s with framing)
[1;36m[Device: id=0] RX[0m: 0.0396 Mpps, 476.16 Mbit/s (482.49 Mbit/s with framing)
[0;34m[Device: id=1] TX[0m: 0.0400 Mpps, 483.84 Mbit/s (490.24 Mbit/s with framing)
[1;36m[Device: id=0] RX[0m: 0.0393 Mpps, 472.51 Mbit/s (478.79 Mbit/s with framing)
[0;34m[Device: id=1] TX[0m: 0.0400 Mpps, 483.85 Mbit/s (490.25 Mbit/s with framing)
[1;36m[Device: id=0] RX[0m: 0.0401 Mpps, 482.68 Mbit/s (489.10 Mbit/s with framing)
[0;34m[Device: id=1] TX[0m: 0.0400 Mpps, 483.84 Mbit/s (490.24 Mbit/s with framing)
39
[1;36m[Device: id=0] RX[0m: 0.0403 Mpps, 484.79 Mbit/s (491.24 Mbit/s with framing)
[0;34m[Device: id=1] TX[0m: 0.0338 Mpps, 408.97 Mbit/s (414.38 Mbit/s with framing)
[1;36m[Device: id=0] RX[0m: 0.0000 Mpps, 0.00 Mbit/s (0.00 Mbit/s with framing)
[0;34m[Device: id=1] TX[0m: 0.0000 Mpps, 0.00 Mbit/s (0.00 Mbit/s with framing)
1200000
[1;36m[Device: id=0] RX[0m: 0.0386 (StdDev 0.0073) Mpps, 464.24 (StdDev 88) Mbit/s (470.42 Mbit/s with framing), total 1196583 packets with 1799660832 bytes (incl. CRC)
[0;34m[Device: id=1] TX[0m: 0.0385 (StdDev 0.0074) Mpps, 465.22 (StdDev 89) Mbit/s (471.37 Mbit/s with framing), total 1200000 packets with 1814400000 bytes (incl. CRC)
