[1;37m[INFO]  Initializing DPDK. This will take a few seconds...[0m
EAL: Probing VFIO support...
EAL: WARNING: cpu flags constant_tsc=yes nonstop_tsc=no -> using unreliable clock cycles !
EAL: PCI device 0000:00:03.0 on NUMA socket -1
EAL:   Invalid NUMA socket, default to 0
EAL:   probe driver: 1af4:1000 net_virtio
EAL: PCI device 0000:00:04.0 on NUMA socket -1
EAL:   Invalid NUMA socket, default to 0
EAL:   probe driver: 1af4:1000 net_virtio
EAL: PCI device 0000:00:05.0 on NUMA socket -1
EAL:   Invalid NUMA socket, default to 0
EAL:   probe driver: 1af4:1000 net_virtio
[1;37m[INFO]  Found 2 usable devices:[0m
   Device 0: 52:54:00:C9:E4:6A ([0;32mRed Hat, Inc Virtio network device[0m)
   Device 1: 52:54:00:47:12:15 ([0;32mRed Hat, Inc Virtio network device[0m)
[1;37m[INFO]  Waiting for devices to come up...[0m
[1;37m[INFO]  Device 1 (52:54:00:47:12:15) is up: 10000 MBit/s[0m
[1;37m[INFO]  Device 0 (52:54:00:C9:E4:6A) is up: 10000 MBit/s[0m
[1;37m[INFO]  [0;32m2 devices are up.[0m[0m
[1;37m[INFO]  Trying to enable rx timestamping of all packets, this isn't supported by most nics[0m
[0;34m[Device: id=1] TX[0m: 0.2729 Mpps, 2262.17 Mbit/s (2305.85 Mbit/s with framing)
[1;36m[Device: id=0] RX[0m: 0.0419 Mpps, 344.30 Mbit/s (351.00 Mbit/s with framing)
[0;34m[Device: id=1] TX[0m: 0.2010 Mpps, 1666.03 Mbit/s (1698.19 Mbit/s with framing)
[1;36m[Device: id=0] RX[0m: 0.0514 Mpps, 422.60 Mbit/s (430.83 Mbit/s with framing)
[0;34m[Device: id=1] TX[0m: 0.2772 Mpps, 2297.28 Mbit/s (2341.62 Mbit/s with framing)
[1;36m[Device: id=0] RX[0m: 0.0391 Mpps, 321.46 Mbit/s (327.72 Mbit/s with framing)
[0;34m[Device: id=1] TX[0m: 0.3464 Mpps, 2870.90 Mbit/s (2926.32 Mbit/s with framing)
[1;36m[Device: id=0] RX[0m: 0.0541 Mpps, 444.91 Mbit/s (453.56 Mbit/s with framing)
[0;34m[Device: id=1] TX[0m: 0.2933 Mpps, 2430.55 Mbit/s (2477.47 Mbit/s with framing)
[1;36m[Device: id=0] RX[0m: 0.1291 Mpps, 1061.90 Mbit/s (1082.55 Mbit/s with framing)
[0;34m[Device: id=1] TX[0m: 0.2383 Mpps, 1974.94 Mbit/s (2013.07 Mbit/s with framing)
[1;36m[Device: id=0] RX[0m: 0.1126 Mpps, 925.69 Mbit/s (943.70 Mbit/s with framing)
[0;34m[Device: id=1] TX[0m: 0.3080 Mpps, 2552.33 Mbit/s (2601.60 Mbit/s with framing)
[1;36m[Device: id=0] RX[0m: 0.0582 Mpps, 478.79 Mbit/s (488.10 Mbit/s with framing)
[1;36m[Device: id=0] RX[0m: 0.0421 Mpps, 346.59 Mbit/s (353.33 Mbit/s with framing)
[0;34m[Device: id=1] TX[0m: 0.2992 Mpps, 2479.71 Mbit/s (2527.58 Mbit/s with framing)
[1;36m[Device: id=0] RX[0m: 0.0610 Mpps, 501.52 Mbit/s (511.28 Mbit/s with framing)
[0;34m[Device: id=1] TX[0m: 0.2690 Mpps, 2229.40 Mbit/s (2272.44 Mbit/s with framing)
[1;36m[Device: id=0] RX[0m: 0.0877 Mpps, 721.45 Mbit/s (735.48 Mbit/s with framing)
[0;34m[Device: id=1] TX[0m: 0.2911 Mpps, 2412.67 Mbit/s (2459.25 Mbit/s with framing)
[1;36m[Device: id=0] RX[0m: 0.0834 Mpps, 685.77 Mbit/s (699.11 Mbit/s with framing)
[0;34m[Device: id=1] TX[0m: 0.2630 Mpps, 2180.02 Mbit/s (2222.11 Mbit/s with framing)
[1;36m[Device: id=0] RX[0m: 0.0832 Mpps, 684.17 Mbit/s (697.48 Mbit/s with framing)
[0;34m[Device: id=1] TX[0m: 0.2714 Mpps, 2249.26 Mbit/s (2292.68 Mbit/s with framing)
[1;36m[Device: id=0] RX[0m: 0.0764 Mpps, 628.32 Mbit/s (640.54 Mbit/s with framing)
[0;34m[Device: id=1] TX[0m: 0.3058 Mpps, 2534.41 Mbit/s (2583.34 Mbit/s with framing)
[1;36m[Device: id=0] RX[0m: 0.0451 Mpps, 371.23 Mbit/s (378.45 Mbit/s with framing)
[0;34m[Device: id=1] TX[0m: 0.2107 Mpps, 1746.58 Mbit/s (1780.30 Mbit/s with framing)
[1;36m[Device: id=0] RX[0m: 0.1292 Mpps, 1062.70 Mbit/s (1083.37 Mbit/s with framing)
[0;34m[Device: id=1] TX[0m: 0.2991 Mpps, 2479.08 Mbit/s (2526.94 Mbit/s with framing)
[1;36m[Device: id=0] RX[0m: 0.0374 Mpps, 307.65 Mbit/s (313.63 Mbit/s with framing)
[0;34m[Device: id=1] TX[0m: 0.0599 Mpps, 496.58 Mbit/s (506.17 Mbit/s with framing)
[1;36m[Device: id=0] RX[0m: 0.0781 Mpps, 642.62 Mbit/s (655.12 Mbit/s with framing)
[0;34m[Device: id=1] TX[0m: 0.5533 Mpps, 4586.10 Mbit/s (4674.64 Mbit/s with framing)
[1;36m[Device: id=0] RX[0m: 0.0709 Mpps, 583.14 Mbit/s (594.49 Mbit/s with framing)
[0;34m[Device: id=1] TX[0m: 0.2645 Mpps, 2191.94 Mbit/s (2234.26 Mbit/s with framing)
[1;36m[Device: id=0] RX[0m: 0.0787 Mpps, 647.15 Mbit/s (659.74 Mbit/s with framing)
[0;34m[Device: id=1] TX[0m: 0.2913 Mpps, 2414.58 Mbit/s (2461.19 Mbit/s with framing)
[1;36m[Device: id=0] RX[0m: 0.0556 Mpps, 457.30 Mbit/s (466.20 Mbit/s with framing)
[0;34m[Device: id=1] TX[0m: 0.2644 Mpps, 2191.64 Mbit/s (2233.95 Mbit/s with framing)
[1;36m[Device: id=0] RX[0m: 0.0977 Mpps, 803.18 Mbit/s (818.81 Mbit/s with framing)
[0;34m[Device: id=1] TX[0m: 0.2817 Mpps, 2334.79 Mbit/s (2379.86 Mbit/s with framing)
[1;36m[Device: id=0] RX[0m: 0.0870 Mpps, 715.13 Mbit/s (729.05 Mbit/s with framing)
[0;34m[Device: id=1] TX[0m: 0.2929 Mpps, 2427.76 Mbit/s (2474.63 Mbit/s with framing)
[1;36m[Device: id=0] RX[0m: 0.0977 Mpps, 803.77 Mbit/s (819.41 Mbit/s with framing)
[0;34m[Device: id=1] TX[0m: 0.2849 Mpps, 2360.86 Mbit/s (2406.44 Mbit/s with framing)
[1;36m[Device: id=0] RX[0m: 0.0432 Mpps, 355.25 Mbit/s (362.16 Mbit/s with framing)
[0;34m[Device: id=1] TX[0m: 0.2365 Mpps, 1960.10 Mbit/s (1997.94 Mbit/s with framing)
[1;36m[Device: id=0] RX[0m: 0.0669 Mpps, 550.05 Mbit/s (560.75 Mbit/s with framing)
[0;34m[Device: id=1] TX[0m: 0.3002 Mpps, 2487.74 Mbit/s (2535.77 Mbit/s with framing)
[1;36m[Device: id=0] RX[0m: 0.0592 Mpps, 487.08 Mbit/s (496.55 Mbit/s with framing)
[0;34m[Device: id=1] TX[0m: 0.3032 Mpps, 2512.63 Mbit/s (2561.14 Mbit/s with framing)
[1;36m[Device: id=0] RX[0m: 0.0786 Mpps, 646.70 Mbit/s (659.28 Mbit/s with framing)
[0;34m[Device: id=1] TX[0m: 0.2718 Mpps, 2253.03 Mbit/s (2296.52 Mbit/s with framing)
[1;36m[Device: id=0] RX[0m: 0.0485 Mpps, 398.99 Mbit/s (406.76 Mbit/s with framing)
[0;34m[Device: id=1] TX[0m: 0.2571 Mpps, 2130.46 Mbit/s (2171.59 Mbit/s with framing)
[1;36m[Device: id=0] RX[0m: 0.1105 Mpps, 908.79 Mbit/s (926.47 Mbit/s with framing)
[0;34m[Device: id=1] TX[0m: 0.2879 Mpps, 2386.50 Mbit/s (2432.57 Mbit/s with framing)
21
[1;36m[Device: id=0] RX[0m: 0.0888 Mpps, 730.15 Mbit/s (744.36 Mbit/s with framing)
[0;34m[Device: id=1] TX[0m: 0.2499 Mpps, 2071.19 Mbit/s (2111.17 Mbit/s with framing)
[1;36m[Device: id=0] RX[0m: 0.0005 Mpps, 4.06 Mbit/s (4.14 Mbit/s with framing)
[0;34m[Device: id=1] TX[0m: 0.0000 Mpps, 0.00 Mbit/s (0.00 Mbit/s with framing)
8400000
[1;36m[Device: id=0] RX[0m: 0.0717 (StdDev 0.0288) Mpps, 589.94 (StdDev 237) Mbit/s (601.41 Mbit/s with framing), total 2193905 packets with 2255334340 bytes (incl. CRC)
[0;34m[Device: id=1] TX[0m: 0.2691 (StdDev 0.0878) Mpps, 2230.30 (StdDev 727) Mbit/s (2273.36 Mbit/s with framing), total 8400000 packets with 8702400000 bytes (incl. CRC)
