[1;37m[INFO]  Initializing DPDK. This will take a few seconds...[0m
EAL: Probing VFIO support...
EAL: WARNING: cpu flags constant_tsc=yes nonstop_tsc=no -> using unreliable clock cycles !
EAL: PCI device 0000:00:03.0 on NUMA socket -1
EAL:   Invalid NUMA socket, default to 0
EAL:   probe driver: 1af4:1000 net_virtio
EAL: PCI device 0000:00:04.0 on NUMA socket -1
EAL:   Invalid NUMA socket, default to 0
EAL:   probe driver: 1af4:1000 net_virtio
EAL: PCI device 0000:00:05.0 on NUMA socket -1
EAL:   Invalid NUMA socket, default to 0
EAL:   probe driver: 1af4:1000 net_virtio
[1;37m[INFO]  Found 2 usable devices:[0m
   Device 0: 52:54:00:C9:E4:6A ([0;32mRed Hat, Inc Virtio network device[0m)
   Device 1: 52:54:00:47:12:15 ([0;32mRed Hat, Inc Virtio network device[0m)
[1;37m[INFO]  Waiting for devices to come up...[0m
[1;37m[INFO]  Device 1 (52:54:00:47:12:15) is up: 10000 MBit/s[0m
[1;37m[INFO]  Device 0 (52:54:00:C9:E4:6A) is up: 10000 MBit/s[0m
[1;37m[INFO]  [0;32m2 devices are up.[0m[0m
[1;37m[INFO]  Trying to enable rx timestamping of all packets, this isn't supported by most nics[0m
[1;36m[Device: id=0] RX[0m: 0.0332 Mpps, 18.05 Mbit/s (23.35 Mbit/s with framing)
[0;34m[Device: id=1] TX[0m: 0.0602 Mpps, 36.60 Mbit/s (46.23 Mbit/s with framing)
[0;34m[Device: id=1] TX[0m: 0.0599 Mpps, 36.42 Mbit/s (46.01 Mbit/s with framing)
[1;36m[Device: id=0] RX[0m: 0.0437 Mpps, 23.77 Mbit/s (30.76 Mbit/s with framing)
[0;34m[Device: id=1] TX[0m: 0.0603 Mpps, 36.64 Mbit/s (46.29 Mbit/s with framing)
[1;36m[Device: id=0] RX[0m: 0.0387 Mpps, 21.07 Mbit/s (27.27 Mbit/s with framing)
[0;34m[Device: id=1] TX[0m: 0.0599 Mpps, 36.44 Mbit/s (46.03 Mbit/s with framing)
[1;36m[Device: id=0] RX[0m: 0.0399 Mpps, 21.69 Mbit/s (28.07 Mbit/s with framing)
[0;34m[Device: id=1] TX[0m: 0.0596 Mpps, 36.21 Mbit/s (45.74 Mbit/s with framing)
[1;36m[Device: id=0] RX[0m: 0.0387 Mpps, 21.06 Mbit/s (27.26 Mbit/s with framing)
[0;34m[Device: id=1] TX[0m: 0.0605 Mpps, 36.77 Mbit/s (46.45 Mbit/s with framing)
[1;36m[Device: id=0] RX[0m: 0.0417 Mpps, 22.69 Mbit/s (29.36 Mbit/s with framing)
[1;36m[Device: id=0] RX[0m: 0.0417 Mpps, 22.67 Mbit/s (29.34 Mbit/s with framing)
[0;34m[Device: id=1] TX[0m: 0.0600 Mpps, 36.46 Mbit/s (46.05 Mbit/s with framing)
[1;36m[Device: id=0] RX[0m: 0.0413 Mpps, 22.45 Mbit/s (29.06 Mbit/s with framing)
[0;34m[Device: id=1] TX[0m: 0.0598 Mpps, 36.37 Mbit/s (45.95 Mbit/s with framing)
[1;36m[Device: id=0] RX[0m: 0.0405 Mpps, 22.04 Mbit/s (28.53 Mbit/s with framing)
[0;34m[Device: id=1] TX[0m: 0.0602 Mpps, 36.61 Mbit/s (46.24 Mbit/s with framing)
[1;36m[Device: id=0] RX[0m: 0.0398 Mpps, 21.64 Mbit/s (28.01 Mbit/s with framing)
[0;34m[Device: id=1] TX[0m: 0.0601 Mpps, 36.53 Mbit/s (46.15 Mbit/s with framing)
[1;36m[Device: id=0] RX[0m: 0.0388 Mpps, 21.10 Mbit/s (27.31 Mbit/s with framing)
[0;34m[Device: id=1] TX[0m: 0.0599 Mpps, 36.44 Mbit/s (46.03 Mbit/s with framing)
[1;36m[Device: id=0] RX[0m: 0.0388 Mpps, 21.12 Mbit/s (27.33 Mbit/s with framing)
[0;34m[Device: id=1] TX[0m: 0.0598 Mpps, 36.34 Mbit/s (45.91 Mbit/s with framing)
[1;36m[Device: id=0] RX[0m: 0.0388 Mpps, 21.08 Mbit/s (27.28 Mbit/s with framing)
[0;34m[Device: id=1] TX[0m: 0.0594 Mpps, 36.14 Mbit/s (45.65 Mbit/s with framing)
[1;36m[Device: id=0] RX[0m: 0.0401 Mpps, 21.82 Mbit/s (28.24 Mbit/s with framing)
[0;34m[Device: id=1] TX[0m: 0.0608 Mpps, 36.94 Mbit/s (46.67 Mbit/s with framing)
[1;36m[Device: id=0] RX[0m: 0.0412 Mpps, 22.40 Mbit/s (28.98 Mbit/s with framing)
[0;34m[Device: id=1] TX[0m: 0.0599 Mpps, 36.44 Mbit/s (46.03 Mbit/s with framing)
[1;36m[Device: id=0] RX[0m: 0.0387 Mpps, 21.04 Mbit/s (27.23 Mbit/s with framing)
[0;34m[Device: id=1] TX[0m: 0.0588 Mpps, 35.74 Mbit/s (45.14 Mbit/s with framing)
[1;36m[Device: id=0] RX[0m: 0.0388 Mpps, 21.11 Mbit/s (27.32 Mbit/s with framing)
[0;34m[Device: id=1] TX[0m: 0.0614 Mpps, 37.31 Mbit/s (47.12 Mbit/s with framing)
[1;36m[Device: id=0] RX[0m: 0.0388 Mpps, 21.12 Mbit/s (27.33 Mbit/s with framing)
[0;34m[Device: id=1] TX[0m: 0.0600 Mpps, 36.48 Mbit/s (46.08 Mbit/s with framing)
[1;36m[Device: id=0] RX[0m: 0.0388 Mpps, 21.12 Mbit/s (27.33 Mbit/s with framing)
[0;34m[Device: id=1] TX[0m: 0.0596 Mpps, 36.26 Mbit/s (45.80 Mbit/s with framing)
[1;36m[Device: id=0] RX[0m: 0.0415 Mpps, 22.56 Mbit/s (29.20 Mbit/s with framing)
[0;34m[Device: id=1] TX[0m: 0.0601 Mpps, 36.53 Mbit/s (46.15 Mbit/s with framing)
[1;36m[Device: id=0] RX[0m: 0.0389 Mpps, 21.18 Mbit/s (27.41 Mbit/s with framing)
[0;34m[Device: id=1] TX[0m: 0.0597 Mpps, 36.32 Mbit/s (45.88 Mbit/s with framing)
[1;36m[Device: id=0] RX[0m: 0.0427 Mpps, 23.25 Mbit/s (30.08 Mbit/s with framing)
[0;34m[Device: id=1] TX[0m: 0.0605 Mpps, 36.78 Mbit/s (46.46 Mbit/s with framing)
[1;36m[Device: id=0] RX[0m: 0.0388 Mpps, 21.12 Mbit/s (27.33 Mbit/s with framing)
[0;34m[Device: id=1] TX[0m: 0.0598 Mpps, 36.36 Mbit/s (45.93 Mbit/s with framing)
[1;36m[Device: id=0] RX[0m: 0.0389 Mpps, 21.14 Mbit/s (27.36 Mbit/s with framing)
[0;34m[Device: id=1] TX[0m: 0.0602 Mpps, 36.62 Mbit/s (46.26 Mbit/s with framing)
[1;36m[Device: id=0] RX[0m: 0.0414 Mpps, 22.50 Mbit/s (29.12 Mbit/s with framing)
[0;34m[Device: id=1] TX[0m: 0.0594 Mpps, 36.10 Mbit/s (45.61 Mbit/s with framing)
[1;36m[Device: id=0] RX[0m: 0.0401 Mpps, 21.79 Mbit/s (28.20 Mbit/s with framing)
[0;34m[Device: id=1] TX[0m: 0.0607 Mpps, 36.89 Mbit/s (46.60 Mbit/s with framing)
[1;36m[Device: id=0] RX[0m: 0.0388 Mpps, 21.13 Mbit/s (27.35 Mbit/s with framing)
[0;34m[Device: id=1] TX[0m: 0.0599 Mpps, 36.40 Mbit/s (45.98 Mbit/s with framing)
[1;36m[Device: id=0] RX[0m: 0.0387 Mpps, 21.07 Mbit/s (27.27 Mbit/s with framing)
[0;34m[Device: id=1] TX[0m: 0.0601 Mpps, 36.57 Mbit/s (46.19 Mbit/s with framing)
[1;36m[Device: id=0] RX[0m: 0.0387 Mpps, 21.06 Mbit/s (27.26 Mbit/s with framing)
[0;34m[Device: id=1] TX[0m: 0.0597 Mpps, 36.29 Mbit/s (45.84 Mbit/s with framing)
27
[1;36m[Device: id=0] RX[0m: 0.0402 Mpps, 21.88 Mbit/s (28.31 Mbit/s with framing)
[0;34m[Device: id=1] TX[0m: 0.0547 Mpps, 33.26 Mbit/s (42.01 Mbit/s with framing)
[1;36m[Device: id=0] RX[0m: 0.0004 Mpps, 0.20 Mbit/s (0.25 Mbit/s with framing)
[0;34m[Device: id=1] TX[0m: 0.0000 Mpps, 0.00 Mbit/s (0.00 Mbit/s with framing)
1800000
[1;36m[Device: id=0] RX[0m: 0.0386 (StdDev 0.0074) Mpps, 21.00 (StdDev 4) Mbit/s (27.17 Mbit/s with framing), total 1191117 packets with 80995956 bytes (incl. CRC)
[0;34m[Device: id=1] TX[0m: 0.0578 (StdDev 0.0110) Mpps, 35.16 (StdDev 7) Mbit/s (44.41 Mbit/s with framing), total 1800000 packets with 136800000 bytes (incl. CRC)
