[1;37m[INFO]  Initializing DPDK. This will take a few seconds...[0m
EAL: Probing VFIO support...
EAL: WARNING: cpu flags constant_tsc=yes nonstop_tsc=no -> using unreliable clock cycles !
EAL: PCI device 0000:00:03.0 on NUMA socket -1
EAL:   Invalid NUMA socket, default to 0
EAL:   probe driver: 1af4:1000 net_virtio
EAL: PCI device 0000:00:04.0 on NUMA socket -1
EAL:   Invalid NUMA socket, default to 0
EAL:   probe driver: 1af4:1000 net_virtio
EAL: PCI device 0000:00:05.0 on NUMA socket -1
EAL:   Invalid NUMA socket, default to 0
EAL:   probe driver: 1af4:1000 net_virtio
[1;37m[INFO]  Found 2 usable devices:[0m
   Device 0: 52:54:00:C9:E4:6A ([0;32mRed Hat, Inc Virtio network device[0m)
   Device 1: 52:54:00:47:12:15 ([0;32mRed Hat, Inc Virtio network device[0m)
[1;37m[INFO]  Waiting for devices to come up...[0m
[1;37m[INFO]  Device 1 (52:54:00:47:12:15) is up: 10000 MBit/s[0m
[1;37m[INFO]  Device 0 (52:54:00:C9:E4:6A) is up: 10000 MBit/s[0m
[1;37m[INFO]  [0;32m2 devices are up.[0m[0m
[1;37m[INFO]  Trying to enable rx timestamping of all packets, this isn't supported by most nics[0m
[1;36m[Device: id=0] RX[0m: 0.0558 Mpps, 230.49 Mbit/s (239.42 Mbit/s with framing)
[0;34m[Device: id=1] TX[0m: 0.0655 Mpps, 274.49 Mbit/s (284.96 Mbit/s with framing)
[0;34m[Device: id=1] TX[0m: 0.0740 Mpps, 310.23 Mbit/s (322.07 Mbit/s with framing)
[1;36m[Device: id=0] RX[0m: 0.0680 Mpps, 280.73 Mbit/s (291.61 Mbit/s with framing)
[0;34m[Device: id=1] TX[0m: 0.0684 Mpps, 286.54 Mbit/s (297.48 Mbit/s with framing)
[1;36m[Device: id=0] RX[0m: 0.0537 Mpps, 221.49 Mbit/s (230.07 Mbit/s with framing)
[0;34m[Device: id=1] TX[0m: 0.0718 Mpps, 300.79 Mbit/s (312.27 Mbit/s with framing)
[1;36m[Device: id=0] RX[0m: 0.0554 Mpps, 228.56 Mbit/s (237.42 Mbit/s with framing)
[0;34m[Device: id=1] TX[0m: 0.0701 Mpps, 293.68 Mbit/s (304.88 Mbit/s with framing)
[1;36m[Device: id=0] RX[0m: 0.0614 Mpps, 253.45 Mbit/s (263.28 Mbit/s with framing)
[0;34m[Device: id=1] TX[0m: 0.0662 Mpps, 277.45 Mbit/s (288.04 Mbit/s with framing)
[1;36m[Device: id=0] RX[0m: 0.0572 Mpps, 236.32 Mbit/s (245.48 Mbit/s with framing)
[0;34m[Device: id=1] TX[0m: 0.0708 Mpps, 296.74 Mbit/s (308.06 Mbit/s with framing)
[1;36m[Device: id=0] RX[0m: 0.0593 Mpps, 244.62 Mbit/s (254.10 Mbit/s with framing)
[0;34m[Device: id=1] TX[0m: 0.0725 Mpps, 304.01 Mbit/s (315.61 Mbit/s with framing)
[1;36m[Device: id=0] RX[0m: 0.0585 Mpps, 241.58 Mbit/s (250.95 Mbit/s with framing)
[0;34m[Device: id=1] TX[0m: 0.0676 Mpps, 283.20 Mbit/s (294.01 Mbit/s with framing)
[1;36m[Device: id=0] RX[0m: 0.0546 Mpps, 225.30 Mbit/s (234.03 Mbit/s with framing)
[0;34m[Device: id=1] TX[0m: 0.0729 Mpps, 305.44 Mbit/s (317.10 Mbit/s with framing)
[1;36m[Device: id=0] RX[0m: 0.0586 Mpps, 242.08 Mbit/s (251.46 Mbit/s with framing)
[0;34m[Device: id=1] TX[0m: 0.0700 Mpps, 293.57 Mbit/s (304.77 Mbit/s with framing)
[1;36m[Device: id=0] RX[0m: 0.0610 Mpps, 251.70 Mbit/s (261.46 Mbit/s with framing)
[0;34m[Device: id=1] TX[0m: 0.0700 Mpps, 293.53 Mbit/s (304.74 Mbit/s with framing)
[1;36m[Device: id=0] RX[0m: 0.0436 Mpps, 179.81 Mbit/s (186.78 Mbit/s with framing)
[0;34m[Device: id=1] TX[0m: 0.0698 Mpps, 292.57 Mbit/s (303.74 Mbit/s with framing)
[1;36m[Device: id=0] RX[0m: 0.0411 Mpps, 169.76 Mbit/s (176.34 Mbit/s with framing)
[0;34m[Device: id=1] TX[0m: 0.0702 Mpps, 294.40 Mbit/s (305.64 Mbit/s with framing)
[1;36m[Device: id=0] RX[0m: 0.0403 Mpps, 166.43 Mbit/s (172.88 Mbit/s with framing)
[1;36m[Device: id=0] RX[0m: 0.0414 Mpps, 170.88 Mbit/s (177.51 Mbit/s with framing)
[0;34m[Device: id=1] TX[0m: 0.0700 Mpps, 293.52 Mbit/s (304.72 Mbit/s with framing)
[1;36m[Device: id=0] RX[0m: 0.0405 Mpps, 167.35 Mbit/s (173.84 Mbit/s with framing)
[0;34m[Device: id=1] TX[0m: 0.0700 Mpps, 293.28 Mbit/s (304.48 Mbit/s with framing)
[1;36m[Device: id=0] RX[0m: 0.0394 Mpps, 162.77 Mbit/s (169.08 Mbit/s with framing)
[0;34m[Device: id=1] TX[0m: 0.0701 Mpps, 293.72 Mbit/s (304.93 Mbit/s with framing)
[1;36m[Device: id=0] RX[0m: 0.0394 Mpps, 162.83 Mbit/s (169.14 Mbit/s with framing)
[0;34m[Device: id=1] TX[0m: 0.0699 Mpps, 293.16 Mbit/s (304.35 Mbit/s with framing)
[1;36m[Device: id=0] RX[0m: 0.0414 Mpps, 171.06 Mbit/s (177.69 Mbit/s with framing)
[0;34m[Device: id=1] TX[0m: 0.0695 Mpps, 291.41 Mbit/s (302.54 Mbit/s with framing)
[1;36m[Device: id=0] RX[0m: 0.0402 Mpps, 166.07 Mbit/s (172.51 Mbit/s with framing)
[0;34m[Device: id=1] TX[0m: 0.0705 Mpps, 295.61 Mbit/s (306.89 Mbit/s with framing)
[1;36m[Device: id=0] RX[0m: 0.0427 Mpps, 176.47 Mbit/s (183.31 Mbit/s with framing)
[0;34m[Device: id=1] TX[0m: 0.0700 Mpps, 293.44 Mbit/s (304.64 Mbit/s with framing)
[1;36m[Device: id=0] RX[0m: 0.0405 Mpps, 167.23 Mbit/s (173.72 Mbit/s with framing)
[0;34m[Device: id=1] TX[0m: 0.0699 Mpps, 293.19 Mbit/s (304.38 Mbit/s with framing)
[1;36m[Device: id=0] RX[0m: 0.0392 Mpps, 161.88 Mbit/s (168.15 Mbit/s with framing)
[0;34m[Device: id=1] TX[0m: 0.0701 Mpps, 293.78 Mbit/s (304.99 Mbit/s with framing)
[1;36m[Device: id=0] RX[0m: 0.0392 Mpps, 161.94 Mbit/s (168.22 Mbit/s with framing)
[0;34m[Device: id=1] TX[0m: 0.0697 Mpps, 292.39 Mbit/s (303.55 Mbit/s with framing)
[1;36m[Device: id=0] RX[0m: 0.0419 Mpps, 172.89 Mbit/s (179.59 Mbit/s with framing)
[0;34m[Device: id=1] TX[0m: 0.0700 Mpps, 293.56 Mbit/s (304.76 Mbit/s with framing)
[1;36m[Device: id=0] RX[0m: 0.0403 Mpps, 166.54 Mbit/s (173.00 Mbit/s with framing)
[0;34m[Device: id=1] TX[0m: 0.0697 Mpps, 292.32 Mbit/s (303.47 Mbit/s with framing)
[1;36m[Device: id=0] RX[0m: 0.0401 Mpps, 165.42 Mbit/s (171.83 Mbit/s with framing)
[0;34m[Device: id=1] TX[0m: 0.0701 Mpps, 294.03 Mbit/s (305.25 Mbit/s with framing)
[1;36m[Device: id=0] RX[0m: 0.0392 Mpps, 161.72 Mbit/s (167.99 Mbit/s with framing)
[0;34m[Device: id=1] TX[0m: 0.0701 Mpps, 293.72 Mbit/s (304.93 Mbit/s with framing)
[1;36m[Device: id=0] RX[0m: 0.0417 Mpps, 172.26 Mbit/s (178.93 Mbit/s with framing)
[0;34m[Device: id=1] TX[0m: 0.0703 Mpps, 294.58 Mbit/s (305.82 Mbit/s with framing)
21
[1;36m[Device: id=0] RX[0m: 0.0439 Mpps, 181.41 Mbit/s (188.44 Mbit/s with framing)
[0;34m[Device: id=1] TX[0m: 0.0638 Mpps, 267.51 Mbit/s (277.72 Mbit/s with framing)
[1;36m[Device: id=0] RX[0m: 0.0003 Mpps, 1.06 Mbit/s (1.10 Mbit/s with framing)
[0;34m[Device: id=1] TX[0m: 0.0000 Mpps, 0.00 Mbit/s (0.00 Mbit/s with framing)
2100000
[1;36m[Device: id=0] RX[0m: 0.0455 (StdDev 0.0123) Mpps, 187.72 (StdDev 51) Mbit/s (195.00 Mbit/s with framing), total 1420106 packets with 732774696 bytes (incl. CRC)
[0;34m[Device: id=1] TX[0m: 0.0676 (StdDev 0.0129) Mpps, 283.38 (StdDev 54) Mbit/s (294.19 Mbit/s with framing), total 2100000 packets with 1100400000 bytes (incl. CRC)
