[1;37m[INFO]  Initializing DPDK. This will take a few seconds...[0m
EAL: Probing VFIO support...
EAL: PCI device 0000:18:00.0 on NUMA socket 0
EAL:   probe driver: 8086:10fb net_ixgbe
EAL: PCI device 0000:18:00.1 on NUMA socket 0
EAL:   probe driver: 8086:10fb net_ixgbe
EAL: PCI device 0000:62:00.0 on NUMA socket 0
EAL:   probe driver: 8086:37d2 net_i40e
EAL: PCI device 0000:62:00.1 on NUMA socket 0
EAL:   probe driver: 8086:37d2 net_i40e
[1;37m[INFO]  Found 3 usable devices:[0m
   Device 0: 00:1B:21:BE:39:14 ([0;32mIntel Corporation 82599ES 10-Gigabit SFI/SFP+ Network Connection[0m)
   Device 1: 00:1B:21:BE:39:16 ([0;32mIntel Corporation 82599ES 10-Gigabit SFI/SFP+ Network Connection[0m)
   Device 2: AC:1F:6B:B9:35:91 ([0;32mIntel Corporation Ethernet Connection X722 for 10GBASE-T[0m)
PMD: ixgbe_dev_link_status_print():  Port 0: Link Down
PMD: ixgbe_dev_link_status_print():  Port 1: Link Down
[1;37m[INFO]  Waiting for devices to come up...[0m
[1;37m[INFO]  Device 0 (00:1B:21:BE:39:14) is up: 10000 MBit/s[0m
[1;37m[INFO]  Device 1 (00:1B:21:BE:39:16) is up: 10000 MBit/s[0m
[1;37m[INFO]  [0;32m2 devices are up.[0m[0m
[1;37m[INFO]  Trying to enable rx timestamping of all packets, this isn't supported by most nics[0m
[0;34m[Device: id=0] TX[0m: 0.9814 Mpps, 533.86 Mbit/s (690.88 Mbit/s with framing)
[1;36m[Device: id=1] RX[0m: 0.9708 Mpps, 528.14 Mbit/s (683.47 Mbit/s with framing)
[0;34m[Device: id=0] TX[0m: 0.9999 Mpps, 543.97 Mbit/s (703.96 Mbit/s with framing)
[1;36m[Device: id=1] RX[0m: 0.9837 Mpps, 535.12 Mbit/s (692.51 Mbit/s with framing)
[0;34m[Device: id=0] TX[0m: 1.0000 Mpps, 543.97 Mbit/s (703.97 Mbit/s with framing)
[1;36m[Device: id=1] RX[0m: 1.0000 Mpps, 544.00 Mbit/s (704.00 Mbit/s with framing)
[0;34m[Device: id=0] TX[0m: 1.0001 Mpps, 544.03 Mbit/s (704.04 Mbit/s with framing)
[1;36m[Device: id=1] RX[0m: 1.0000 Mpps, 543.99 Mbit/s (703.99 Mbit/s with framing)
[0;34m[Device: id=0] TX[0m: 0.9999 Mpps, 543.97 Mbit/s (703.96 Mbit/s with framing)
[1;36m[Device: id=1] RX[0m: 1.0000 Mpps, 543.99 Mbit/s (703.99 Mbit/s with framing)
[1;36m[Device: id=1] RX[0m: 1.0000 Mpps, 544.00 Mbit/s (704.01 Mbit/s with framing)
[0;34m[Device: id=0] TX[0m: 1.0001 Mpps, 544.04 Mbit/s (704.04 Mbit/s with framing)
[1;36m[Device: id=1] RX[0m: 1.0000 Mpps, 544.01 Mbit/s (704.01 Mbit/s with framing)
[0;34m[Device: id=0] TX[0m: 1.0000 Mpps, 544.00 Mbit/s (704.00 Mbit/s with framing)
[1;36m[Device: id=1] RX[0m: 1.0000 Mpps, 544.00 Mbit/s (704.00 Mbit/s with framing)
[0;34m[Device: id=0] TX[0m: 0.9999 Mpps, 543.98 Mbit/s (703.97 Mbit/s with framing)
[1;36m[Device: id=1] RX[0m: 1.0000 Mpps, 543.99 Mbit/s (703.98 Mbit/s with framing)
[0;34m[Device: id=0] TX[0m: 1.0000 Mpps, 543.99 Mbit/s (703.99 Mbit/s with framing)
[1;36m[Device: id=1] RX[0m: 1.0000 Mpps, 544.01 Mbit/s (704.01 Mbit/s with framing)
[0;34m[Device: id=0] TX[0m: 1.0001 Mpps, 544.03 Mbit/s (704.04 Mbit/s with framing)
[1;36m[Device: id=1] RX[0m: 1.0000 Mpps, 544.01 Mbit/s (704.02 Mbit/s with framing)
[0;34m[Device: id=0] TX[0m: 1.0000 Mpps, 544.02 Mbit/s (704.03 Mbit/s with framing)
[1;36m[Device: id=1] RX[0m: 1.0000 Mpps, 544.00 Mbit/s (704.00 Mbit/s with framing)
[0;34m[Device: id=0] TX[0m: 0.9999 Mpps, 543.95 Mbit/s (703.94 Mbit/s with framing)
[1;36m[Device: id=1] RX[0m: 1.0000 Mpps, 543.98 Mbit/s (703.98 Mbit/s with framing)
[0;34m[Device: id=0] TX[0m: 1.0000 Mpps, 544.02 Mbit/s (704.03 Mbit/s with framing)
[1;36m[Device: id=1] RX[0m: 1.0000 Mpps, 544.00 Mbit/s (704.00 Mbit/s with framing)
[0;34m[Device: id=0] TX[0m: 1.0000 Mpps, 543.99 Mbit/s (703.98 Mbit/s with framing)
[1;36m[Device: id=1] RX[0m: 1.0000 Mpps, 544.00 Mbit/s (704.00 Mbit/s with framing)
[0;34m[Device: id=0] TX[0m: 1.0000 Mpps, 543.99 Mbit/s (703.99 Mbit/s with framing)
[1;36m[Device: id=1] RX[0m: 1.0000 Mpps, 544.00 Mbit/s (704.00 Mbit/s with framing)
[0;34m[Device: id=0] TX[0m: 1.0000 Mpps, 544.02 Mbit/s (704.03 Mbit/s with framing)
[1;36m[Device: id=1] RX[0m: 1.0000 Mpps, 544.01 Mbit/s (704.02 Mbit/s with framing)
[0;34m[Device: id=0] TX[0m: 1.0000 Mpps, 543.99 Mbit/s (703.99 Mbit/s with framing)
[1;36m[Device: id=1] RX[0m: 1.0000 Mpps, 544.01 Mbit/s (704.01 Mbit/s with framing)
[0;34m[Device: id=0] TX[0m: 1.0000 Mpps, 543.99 Mbit/s (703.99 Mbit/s with framing)
[1;36m[Device: id=1] RX[0m: 1.0000 Mpps, 543.99 Mbit/s (703.99 Mbit/s with framing)
[0;34m[Device: id=0] TX[0m: 1.0000 Mpps, 544.02 Mbit/s (704.03 Mbit/s with framing)
[1;36m[Device: id=1] RX[0m: 1.0000 Mpps, 544.00 Mbit/s (704.00 Mbit/s with framing)
[0;34m[Device: id=0] TX[0m: 1.0000 Mpps, 543.98 Mbit/s (703.97 Mbit/s with framing)
[1;36m[Device: id=1] RX[0m: 1.0000 Mpps, 543.99 Mbit/s (703.99 Mbit/s with framing)
[0;34m[Device: id=0] TX[0m: 1.0000 Mpps, 544.00 Mbit/s (704.00 Mbit/s with framing)
[1;36m[Device: id=1] RX[0m: 1.0000 Mpps, 544.01 Mbit/s (704.01 Mbit/s with framing)
[0;34m[Device: id=0] TX[0m: 1.0000 Mpps, 544.00 Mbit/s (704.00 Mbit/s with framing)
[1;36m[Device: id=1] RX[0m: 1.0000 Mpps, 544.00 Mbit/s (704.00 Mbit/s with framing)
[0;34m[Device: id=0] TX[0m: 1.0000 Mpps, 544.00 Mbit/s (704.00 Mbit/s with framing)
[1;36m[Device: id=1] RX[0m: 1.0000 Mpps, 544.00 Mbit/s (704.00 Mbit/s with framing)
[0;34m[Device: id=0] TX[0m: 1.0000 Mpps, 544.00 Mbit/s (704.00 Mbit/s with framing)
[1;36m[Device: id=1] RX[0m: 1.0000 Mpps, 544.01 Mbit/s (704.02 Mbit/s with framing)
[0;34m[Device: id=0] TX[0m: 1.0000 Mpps, 544.00 Mbit/s (704.00 Mbit/s with framing)
[1;36m[Device: id=1] RX[0m: 1.0000 Mpps, 544.00 Mbit/s (704.00 Mbit/s with framing)
[0;34m[Device: id=0] TX[0m: 1.0000 Mpps, 544.02 Mbit/s (704.03 Mbit/s with framing)
[1;36m[Device: id=1] RX[0m: 1.0000 Mpps, 544.01 Mbit/s (704.01 Mbit/s with framing)
[0;34m[Device: id=0] TX[0m: 1.0000 Mpps, 543.98 Mbit/s (703.98 Mbit/s with framing)
[1;36m[Device: id=1] RX[0m: 1.0000 Mpps, 543.99 Mbit/s (703.98 Mbit/s with framing)
[0;34m[Device: id=0] TX[0m: 1.0000 Mpps, 544.00 Mbit/s (704.00 Mbit/s with framing)
[1;36m[Device: id=1] RX[0m: 1.0000 Mpps, 544.01 Mbit/s (704.02 Mbit/s with framing)
[0;34m[Device: id=0] TX[0m: 1.0000 Mpps, 544.00 Mbit/s (704.00 Mbit/s with framing)
30
[1;36m[Device: id=1] RX[0m: 0.9912 Mpps, 539.23 Mbit/s (697.83 Mbit/s with framing)
[0;34m[Device: id=0] TX[0m: 0.8425 Mpps, 458.33 Mbit/s (593.14 Mbit/s with framing)
[1;36m[Device: id=1] RX[0m: 0.0000 Mpps, 0.00 Mbit/s (0.00 Mbit/s with framing)
[0;34m[Device: id=0] TX[0m: 0.0000 Mpps, 0.00 Mbit/s (0.00 Mbit/s with framing)
30000000
[1;36m[Device: id=1] RX[0m: 0.9658 (StdDev 0.1824) Mpps, 525.41 (StdDev 99) Mbit/s (679.95 Mbit/s with framing), total 29946072 packets with 2036333052 bytes (incl. CRC)
[0;34m[Device: id=0] TX[0m: 0.9614 (StdDev 0.1838) Mpps, 523.01 (StdDev 100) Mbit/s (676.84 Mbit/s with framing), total 30000000 packets with 2040000000 bytes (incl. CRC)
