[1;37m[INFO]  Initializing DPDK. This will take a few seconds...[0m
EAL: Probing VFIO support...
EAL: PCI device 0000:18:00.0 on NUMA socket 0
EAL:   probe driver: 8086:10fb net_ixgbe
EAL: PCI device 0000:18:00.1 on NUMA socket 0
EAL:   probe driver: 8086:10fb net_ixgbe
EAL: PCI device 0000:62:00.0 on NUMA socket 0
EAL:   probe driver: 8086:37d2 net_i40e
EAL: PCI device 0000:62:00.1 on NUMA socket 0
EAL:   probe driver: 8086:37d2 net_i40e
[1;37m[INFO]  Found 3 usable devices:[0m
   Device 0: 00:1B:21:BE:39:14 ([0;32mIntel Corporation 82599ES 10-Gigabit SFI/SFP+ Network Connection[0m)
   Device 1: 00:1B:21:BE:39:16 ([0;32mIntel Corporation 82599ES 10-Gigabit SFI/SFP+ Network Connection[0m)
   Device 2: AC:1F:6B:B9:35:91 ([0;32mIntel Corporation Ethernet Connection X722 for 10GBASE-T[0m)
PMD: ixgbe_dev_link_status_print():  Port 0: Link Down
PMD: ixgbe_dev_link_status_print():  Port 1: Link Down
[1;37m[INFO]  Waiting for devices to come up...[0m
[1;37m[INFO]  Device 1 (00:1B:21:BE:39:16) is up: 10000 MBit/s[0m
[1;37m[INFO]  Device 0 (00:1B:21:BE:39:14) is up: 10000 MBit/s[0m
[1;37m[INFO]  [0;32m2 devices are up.[0m[0m
[1;37m[INFO]  Trying to enable rx timestamping of all packets, this isn't supported by most nics[0m
[0;34m[Device: id=0] TX[0m: 0.2944 Mpps, 310.86 Mbit/s (357.95 Mbit/s with framing)
[1;36m[Device: id=1] RX[0m: 0.0813 Mpps, 85.83 Mbit/s (98.83 Mbit/s with framing)
[0;34m[Device: id=0] TX[0m: 0.3001 Mpps, 316.86 Mbit/s (364.87 Mbit/s with framing)
[1;36m[Device: id=1] RX[0m: 0.2955 Mpps, 312.00 Mbit/s (359.27 Mbit/s with framing)
[0;34m[Device: id=0] TX[0m: 0.3001 Mpps, 316.89 Mbit/s (364.90 Mbit/s with framing)
[1;36m[Device: id=1] RX[0m: 0.3001 Mpps, 316.89 Mbit/s (364.90 Mbit/s with framing)
[0;34m[Device: id=0] TX[0m: 0.3001 Mpps, 316.89 Mbit/s (364.90 Mbit/s with framing)
[1;36m[Device: id=1] RX[0m: 0.3001 Mpps, 316.89 Mbit/s (364.91 Mbit/s with framing)
[1;36m[Device: id=1] RX[0m: 0.3001 Mpps, 316.91 Mbit/s (364.93 Mbit/s with framing)
[0;34m[Device: id=0] TX[0m: 0.3001 Mpps, 316.92 Mbit/s (364.94 Mbit/s with framing)
[1;36m[Device: id=1] RX[0m: 0.3001 Mpps, 316.87 Mbit/s (364.89 Mbit/s with framing)
[0;34m[Device: id=0] TX[0m: 0.3001 Mpps, 316.86 Mbit/s (364.87 Mbit/s with framing)
[1;36m[Device: id=1] RX[0m: 0.3001 Mpps, 316.89 Mbit/s (364.91 Mbit/s with framing)
[0;34m[Device: id=0] TX[0m: 0.3001 Mpps, 316.92 Mbit/s (364.94 Mbit/s with framing)
[1;36m[Device: id=1] RX[0m: 0.3001 Mpps, 316.89 Mbit/s (364.91 Mbit/s with framing)
[0;34m[Device: id=0] TX[0m: 0.3001 Mpps, 316.86 Mbit/s (364.87 Mbit/s with framing)
[1;36m[Device: id=1] RX[0m: 0.3001 Mpps, 316.88 Mbit/s (364.90 Mbit/s with framing)
[0;34m[Device: id=0] TX[0m: 0.3001 Mpps, 316.89 Mbit/s (364.91 Mbit/s with framing)
[1;36m[Device: id=1] RX[0m: 0.3001 Mpps, 316.89 Mbit/s (364.91 Mbit/s with framing)
[0;34m[Device: id=0] TX[0m: 0.3001 Mpps, 316.89 Mbit/s (364.90 Mbit/s with framing)
[1;36m[Device: id=1] RX[0m: 0.3001 Mpps, 316.89 Mbit/s (364.90 Mbit/s with framing)
[0;34m[Device: id=0] TX[0m: 0.3001 Mpps, 316.92 Mbit/s (364.94 Mbit/s with framing)
[1;36m[Device: id=1] RX[0m: 0.3001 Mpps, 316.89 Mbit/s (364.90 Mbit/s with framing)
[0;34m[Device: id=0] TX[0m: 0.3001 Mpps, 316.86 Mbit/s (364.87 Mbit/s with framing)
[1;36m[Device: id=1] RX[0m: 0.3001 Mpps, 316.91 Mbit/s (364.93 Mbit/s with framing)
[0;34m[Device: id=0] TX[0m: 0.3001 Mpps, 316.89 Mbit/s (364.91 Mbit/s with framing)
[1;36m[Device: id=1] RX[0m: 0.3001 Mpps, 316.87 Mbit/s (364.88 Mbit/s with framing)
[0;34m[Device: id=0] TX[0m: 0.3001 Mpps, 316.89 Mbit/s (364.90 Mbit/s with framing)
[1;36m[Device: id=1] RX[0m: 0.3001 Mpps, 316.90 Mbit/s (364.91 Mbit/s with framing)
[0;34m[Device: id=0] TX[0m: 0.3001 Mpps, 316.90 Mbit/s (364.92 Mbit/s with framing)
[1;36m[Device: id=1] RX[0m: 0.3001 Mpps, 316.90 Mbit/s (364.92 Mbit/s with framing)
[0;34m[Device: id=0] TX[0m: 0.3001 Mpps, 316.88 Mbit/s (364.89 Mbit/s with framing)
[1;36m[Device: id=1] RX[0m: 0.3001 Mpps, 316.88 Mbit/s (364.89 Mbit/s with framing)
[0;34m[Device: id=0] TX[0m: 0.3001 Mpps, 316.89 Mbit/s (364.91 Mbit/s with framing)
[1;36m[Device: id=1] RX[0m: 0.3001 Mpps, 316.89 Mbit/s (364.90 Mbit/s with framing)
[0;34m[Device: id=0] TX[0m: 0.3001 Mpps, 316.89 Mbit/s (364.91 Mbit/s with framing)
[1;36m[Device: id=1] RX[0m: 0.3001 Mpps, 316.89 Mbit/s (364.90 Mbit/s with framing)
[0;34m[Device: id=0] TX[0m: 0.3001 Mpps, 316.89 Mbit/s (364.90 Mbit/s with framing)
[1;36m[Device: id=1] RX[0m: 0.3001 Mpps, 316.89 Mbit/s (364.91 Mbit/s with framing)
[0;34m[Device: id=0] TX[0m: 0.3001 Mpps, 316.89 Mbit/s (364.90 Mbit/s with framing)
[1;36m[Device: id=1] RX[0m: 0.3001 Mpps, 316.89 Mbit/s (364.90 Mbit/s with framing)
[0;34m[Device: id=0] TX[0m: 0.3001 Mpps, 316.89 Mbit/s (364.91 Mbit/s with framing)
[1;36m[Device: id=1] RX[0m: 0.3001 Mpps, 316.89 Mbit/s (364.91 Mbit/s with framing)
[0;34m[Device: id=0] TX[0m: 0.3001 Mpps, 316.89 Mbit/s (364.90 Mbit/s with framing)
[1;36m[Device: id=1] RX[0m: 0.3001 Mpps, 316.90 Mbit/s (364.91 Mbit/s with framing)
[0;34m[Device: id=0] TX[0m: 0.3001 Mpps, 316.89 Mbit/s (364.91 Mbit/s with framing)
[1;36m[Device: id=1] RX[0m: 0.3001 Mpps, 316.89 Mbit/s (364.91 Mbit/s with framing)
[0;34m[Device: id=0] TX[0m: 0.3001 Mpps, 316.89 Mbit/s (364.90 Mbit/s with framing)
[1;36m[Device: id=1] RX[0m: 0.3001 Mpps, 316.89 Mbit/s (364.90 Mbit/s with framing)
[0;34m[Device: id=0] TX[0m: 0.3001 Mpps, 316.89 Mbit/s (364.91 Mbit/s with framing)
[1;36m[Device: id=1] RX[0m: 0.3001 Mpps, 316.90 Mbit/s (364.91 Mbit/s with framing)
[0;34m[Device: id=0] TX[0m: 0.3001 Mpps, 316.89 Mbit/s (364.90 Mbit/s with framing)
[1;36m[Device: id=1] RX[0m: 0.3001 Mpps, 316.88 Mbit/s (364.89 Mbit/s with framing)
[0;34m[Device: id=0] TX[0m: 0.3001 Mpps, 316.89 Mbit/s (364.90 Mbit/s with framing)
[1;36m[Device: id=1] RX[0m: 0.3001 Mpps, 316.89 Mbit/s (364.90 Mbit/s with framing)
[0;34m[Device: id=0] TX[0m: 0.3001 Mpps, 316.89 Mbit/s (364.91 Mbit/s with framing)
[1;36m[Device: id=1] RX[0m: 0.3001 Mpps, 316.90 Mbit/s (364.92 Mbit/s with framing)
[0;34m[Device: id=0] TX[0m: 0.3001 Mpps, 316.89 Mbit/s (364.91 Mbit/s with framing)
9
[1;36m[Device: id=1] RX[0m: 0.2955 Mpps, 312.10 Mbit/s (359.39 Mbit/s with framing)
[0;34m[Device: id=0] TX[0m: 0.2503 Mpps, 264.37 Mbit/s (304.42 Mbit/s with framing)
[1;36m[Device: id=1] RX[0m: 0.0000 Mpps, 0.00 Mbit/s (0.00 Mbit/s with framing)
[0;34m[Device: id=0] TX[0m: 0.0000 Mpps, 0.00 Mbit/s (0.00 Mbit/s with framing)
9000000
[1;36m[Device: id=1] RX[0m: 0.2898 (StdDev 0.0547) Mpps, 306.01 (StdDev 58) Mbit/s (352.37 Mbit/s with framing), total 8774851 packets with 1158279848 bytes (incl. CRC)
[0;34m[Device: id=0] TX[0m: 0.2884 (StdDev 0.0552) Mpps, 304.58 (StdDev 58) Mbit/s (350.72 Mbit/s with framing), total 9000000 packets with 1188000000 bytes (incl. CRC)
