[1;37m[INFO]  Initializing DPDK. This will take a few seconds...[0m
EAL: Probing VFIO support...
EAL: PCI device 0000:18:00.0 on NUMA socket 0
EAL:   probe driver: 8086:10fb net_ixgbe
EAL: PCI device 0000:18:00.1 on NUMA socket 0
EAL:   probe driver: 8086:10fb net_ixgbe
EAL: PCI device 0000:62:00.0 on NUMA socket 0
EAL:   probe driver: 8086:37d2 net_i40e
EAL: PCI device 0000:62:00.1 on NUMA socket 0
EAL:   probe driver: 8086:37d2 net_i40e
[1;37m[INFO]  Found 3 usable devices:[0m
   Device 0: 00:1B:21:BE:39:14 ([0;32mIntel Corporation 82599ES 10-Gigabit SFI/SFP+ Network Connection[0m)
   Device 1: 00:1B:21:BE:39:16 ([0;32mIntel Corporation 82599ES 10-Gigabit SFI/SFP+ Network Connection[0m)
   Device 2: AC:1F:6B:B9:35:91 ([0;32mIntel Corporation Ethernet Connection X722 for 10GBASE-T[0m)
PMD: ixgbe_dev_link_status_print():  Port 0: Link Down
PMD: ixgbe_dev_link_status_print():  Port 1: Link Down
[1;37m[INFO]  Waiting for devices to come up...[0m
[1;37m[INFO]  Device 0 (00:1B:21:BE:39:14) is up: 10000 MBit/s[0m
[1;37m[INFO]  Device 1 (00:1B:21:BE:39:16) is up: 10000 MBit/s[0m
[1;37m[INFO]  [0;32m2 devices are up.[0m[0m
[1;37m[INFO]  Trying to enable rx timestamping of all packets, this isn't supported by most nics[0m
[0;34m[Device: id=0] TX[0m: 0.7698 Mpps, 9262.81 Mbit/s (9385.99 Mbit/s with framing)
[1;36m[Device: id=1] RX[0m: 0.4054 Mpps, 4877.86 Mbit/s (4942.72 Mbit/s with framing)
[0;34m[Device: id=0] TX[0m: 0.8201 Mpps, 9867.00 Mbit/s (9998.21 Mbit/s with framing)
[1;36m[Device: id=1] RX[0m: 0.8065 Mpps, 9703.33 Mbit/s (9832.37 Mbit/s with framing)
[0;34m[Device: id=0] TX[0m: 0.8201 Mpps, 9867.92 Mbit/s (9999.14 Mbit/s with framing)
[1;36m[Device: id=1] RX[0m: 0.8200 Mpps, 9866.63 Mbit/s (9997.84 Mbit/s with framing)
[0;34m[Device: id=0] TX[0m: 0.8202 Mpps, 9869.08 Mbit/s (10000.31 Mbit/s with framing)
[1;36m[Device: id=1] RX[0m: 0.8199 Mpps, 9865.06 Mbit/s (9996.24 Mbit/s with framing)
[1;36m[Device: id=1] RX[0m: 0.8201 Mpps, 9867.90 Mbit/s (9999.13 Mbit/s with framing)
[0;34m[Device: id=0] TX[0m: 0.8201 Mpps, 9866.86 Mbit/s (9998.07 Mbit/s with framing)
[1;36m[Device: id=1] RX[0m: 0.8200 Mpps, 9866.48 Mbit/s (9997.68 Mbit/s with framing)
[0;34m[Device: id=0] TX[0m: 0.8202 Mpps, 9869.05 Mbit/s (10000.29 Mbit/s with framing)
[1;36m[Device: id=1] RX[0m: 0.8200 Mpps, 9866.18 Mbit/s (9997.37 Mbit/s with framing)
[0;34m[Device: id=0] TX[0m: 0.8201 Mpps, 9867.95 Mbit/s (9999.17 Mbit/s with framing)
[1;36m[Device: id=1] RX[0m: 0.8201 Mpps, 9867.97 Mbit/s (9999.19 Mbit/s with framing)
[0;34m[Device: id=0] TX[0m: 0.8201 Mpps, 9866.93 Mbit/s (9998.14 Mbit/s with framing)
[1;36m[Device: id=1] RX[0m: 0.8201 Mpps, 9867.80 Mbit/s (9999.02 Mbit/s with framing)
[0;34m[Device: id=0] TX[0m: 0.8202 Mpps, 9869.00 Mbit/s (10000.23 Mbit/s with framing)
[1;36m[Device: id=1] RX[0m: 0.8201 Mpps, 9866.85 Mbit/s (9998.06 Mbit/s with framing)
[0;34m[Device: id=0] TX[0m: 0.8201 Mpps, 9866.93 Mbit/s (9998.14 Mbit/s with framing)
[1;36m[Device: id=1] RX[0m: 0.8201 Mpps, 9867.97 Mbit/s (9999.19 Mbit/s with framing)
[0;34m[Device: id=0] TX[0m: 0.8202 Mpps, 9868.89 Mbit/s (10000.12 Mbit/s with framing)
[1;36m[Device: id=1] RX[0m: 0.8200 Mpps, 9866.25 Mbit/s (9997.45 Mbit/s with framing)
[0;34m[Device: id=0] TX[0m: 0.8201 Mpps, 9867.38 Mbit/s (9998.59 Mbit/s with framing)
[1;36m[Device: id=1] RX[0m: 0.8201 Mpps, 9867.97 Mbit/s (9999.19 Mbit/s with framing)
[0;34m[Device: id=0] TX[0m: 0.8201 Mpps, 9867.58 Mbit/s (9998.80 Mbit/s with framing)
[1;36m[Device: id=1] RX[0m: 0.8201 Mpps, 9867.96 Mbit/s (9999.18 Mbit/s with framing)
[0;34m[Device: id=0] TX[0m: 0.8201 Mpps, 9868.01 Mbit/s (9999.23 Mbit/s with framing)
[1;36m[Device: id=1] RX[0m: 0.8201 Mpps, 9867.96 Mbit/s (9999.18 Mbit/s with framing)
[0;34m[Device: id=0] TX[0m: 0.8201 Mpps, 9867.93 Mbit/s (9999.15 Mbit/s with framing)
[1;36m[Device: id=1] RX[0m: 0.8200 Mpps, 9866.36 Mbit/s (9997.56 Mbit/s with framing)
[0;34m[Device: id=0] TX[0m: 0.8202 Mpps, 9868.40 Mbit/s (9999.63 Mbit/s with framing)
[1;36m[Device: id=1] RX[0m: 0.8201 Mpps, 9867.95 Mbit/s (9999.17 Mbit/s with framing)
[0;34m[Device: id=0] TX[0m: 0.8201 Mpps, 9867.54 Mbit/s (9998.76 Mbit/s with framing)
[1;36m[Device: id=1] RX[0m: 0.8201 Mpps, 9867.97 Mbit/s (9999.19 Mbit/s with framing)
[0;34m[Device: id=0] TX[0m: 0.8201 Mpps, 9867.96 Mbit/s (9999.19 Mbit/s with framing)
[1;36m[Device: id=1] RX[0m: 0.8201 Mpps, 9867.95 Mbit/s (9999.17 Mbit/s with framing)
[0;34m[Device: id=0] TX[0m: 0.8202 Mpps, 9868.40 Mbit/s (9999.62 Mbit/s with framing)
[1;36m[Device: id=1] RX[0m: 0.8201 Mpps, 9867.97 Mbit/s (9999.19 Mbit/s with framing)
[0;34m[Device: id=0] TX[0m: 0.8201 Mpps, 9867.55 Mbit/s (9998.77 Mbit/s with framing)
[1;36m[Device: id=1] RX[0m: 0.8201 Mpps, 9867.95 Mbit/s (9999.17 Mbit/s with framing)
[0;34m[Device: id=0] TX[0m: 0.8201 Mpps, 9867.97 Mbit/s (9999.19 Mbit/s with framing)
[1;36m[Device: id=1] RX[0m: 0.8201 Mpps, 9867.96 Mbit/s (9999.19 Mbit/s with framing)
[0;34m[Device: id=0] TX[0m: 0.8201 Mpps, 9867.97 Mbit/s (9999.20 Mbit/s with framing)
[1;36m[Device: id=1] RX[0m: 0.8201 Mpps, 9867.96 Mbit/s (9999.18 Mbit/s with framing)
[0;34m[Device: id=0] TX[0m: 0.8201 Mpps, 9867.97 Mbit/s (9999.20 Mbit/s with framing)
[1;36m[Device: id=1] RX[0m: 0.8201 Mpps, 9867.96 Mbit/s (9999.18 Mbit/s with framing)
[0;34m[Device: id=0] TX[0m: 0.8201 Mpps, 9867.96 Mbit/s (9999.19 Mbit/s with framing)
[1;36m[Device: id=1] RX[0m: 0.8200 Mpps, 9866.07 Mbit/s (9997.26 Mbit/s with framing)
[0;34m[Device: id=0] TX[0m: 0.8202 Mpps, 9868.51 Mbit/s (9999.74 Mbit/s with framing)
[1;36m[Device: id=1] RX[0m: 0.8201 Mpps, 9867.95 Mbit/s (9999.17 Mbit/s with framing)
[0;34m[Device: id=0] TX[0m: 0.8201 Mpps, 9867.43 Mbit/s (9998.65 Mbit/s with framing)
[1;36m[Device: id=1] RX[0m: 0.8201 Mpps, 9867.97 Mbit/s (9999.19 Mbit/s with framing)
[0;34m[Device: id=0] TX[0m: 0.8201 Mpps, 9867.96 Mbit/s (9999.19 Mbit/s with framing)
[1;36m[Device: id=1] RX[0m: 0.8201 Mpps, 9867.96 Mbit/s (9999.18 Mbit/s with framing)
[0;34m[Device: id=0] TX[0m: 0.8201 Mpps, 9867.98 Mbit/s (9999.20 Mbit/s with framing)
[1;36m[Device: id=1] RX[0m: 0.8201 Mpps, 9867.95 Mbit/s (9999.17 Mbit/s with framing)
[0;34m[Device: id=0] TX[0m: 0.8201 Mpps, 9867.97 Mbit/s (9999.19 Mbit/s with framing)
[1;36m[Device: id=1] RX[0m: 0.8201 Mpps, 9867.96 Mbit/s (9999.18 Mbit/s with framing)
[0;34m[Device: id=0] TX[0m: 0.8201 Mpps, 9867.97 Mbit/s (9999.19 Mbit/s with framing)
[1;36m[Device: id=1] RX[0m: 0.8200 Mpps, 9865.85 Mbit/s (9997.05 Mbit/s with framing)
[0;34m[Device: id=0] TX[0m: 0.8202 Mpps, 9868.38 Mbit/s (9999.61 Mbit/s with framing)
[1;36m[Device: id=1] RX[0m: 0.8201 Mpps, 9867.95 Mbit/s (9999.17 Mbit/s with framing)
[0;34m[Device: id=0] TX[0m: 0.8201 Mpps, 9867.57 Mbit/s (9998.79 Mbit/s with framing)
[1;36m[Device: id=1] RX[0m: 0.8201 Mpps, 9867.95 Mbit/s (9999.17 Mbit/s with framing)
[0;34m[Device: id=0] TX[0m: 0.8201 Mpps, 9867.98 Mbit/s (9999.20 Mbit/s with framing)
[1;36m[Device: id=1] RX[0m: 0.8201 Mpps, 9867.97 Mbit/s (9999.19 Mbit/s with framing)
[0;34m[Device: id=0] TX[0m: 0.8201 Mpps, 9867.97 Mbit/s (9999.19 Mbit/s with framing)
[1;36m[Device: id=1] RX[0m: 0.8201 Mpps, 9867.96 Mbit/s (9999.18 Mbit/s with framing)
[0;34m[Device: id=0] TX[0m: 0.8201 Mpps, 9867.96 Mbit/s (9999.19 Mbit/s with framing)
[1;36m[Device: id=1] RX[0m: 0.8201 Mpps, 9867.95 Mbit/s (9999.17 Mbit/s with framing)
[0;34m[Device: id=0] TX[0m: 0.8201 Mpps, 9867.97 Mbit/s (9999.20 Mbit/s with framing)
[1;36m[Device: id=1] RX[0m: 0.8201 Mpps, 9867.96 Mbit/s (9999.19 Mbit/s with framing)
[0;34m[Device: id=0] TX[0m: 0.8201 Mpps, 9867.98 Mbit/s (9999.20 Mbit/s with framing)
[1;36m[Device: id=1] RX[0m: 0.8201 Mpps, 9867.96 Mbit/s (9999.18 Mbit/s with framing)
[0;34m[Device: id=0] TX[0m: 0.8202 Mpps, 9868.55 Mbit/s (9999.78 Mbit/s with framing)
[1;36m[Device: id=1] RX[0m: 0.8201 Mpps, 9867.96 Mbit/s (9999.18 Mbit/s with framing)
[0;34m[Device: id=0] TX[0m: 0.8201 Mpps, 9867.38 Mbit/s (9998.60 Mbit/s with framing)
[1;36m[Device: id=1] RX[0m: 0.8201 Mpps, 9867.96 Mbit/s (9999.18 Mbit/s with framing)
[0;34m[Device: id=0] TX[0m: 0.8201 Mpps, 9867.97 Mbit/s (9999.20 Mbit/s with framing)
[1;36m[Device: id=1] RX[0m: 0.8201 Mpps, 9867.96 Mbit/s (9999.18 Mbit/s with framing)
[0;34m[Device: id=0] TX[0m: 0.8201 Mpps, 9867.97 Mbit/s (9999.19 Mbit/s with framing)
[1;36m[Device: id=1] RX[0m: 0.8201 Mpps, 9867.96 Mbit/s (9999.18 Mbit/s with framing)
[0;34m[Device: id=0] TX[0m: 0.8201 Mpps, 9867.98 Mbit/s (9999.20 Mbit/s with framing)
[1;36m[Device: id=1] RX[0m: 0.8201 Mpps, 9867.96 Mbit/s (9999.18 Mbit/s with framing)
[0;34m[Device: id=0] TX[0m: 0.8201 Mpps, 9867.97 Mbit/s (9999.19 Mbit/s with framing)
[1;36m[Device: id=1] RX[0m: 0.8201 Mpps, 9867.96 Mbit/s (9999.18 Mbit/s with framing)
[0;34m[Device: id=0] TX[0m: 0.8201 Mpps, 9867.98 Mbit/s (9999.20 Mbit/s with framing)
[1;36m[Device: id=1] RX[0m: 0.8201 Mpps, 9867.96 Mbit/s (9999.18 Mbit/s with framing)
[0;34m[Device: id=0] TX[0m: 0.8202 Mpps, 9868.37 Mbit/s (9999.59 Mbit/s with framing)
[1;36m[Device: id=1] RX[0m: 0.8201 Mpps, 9867.96 Mbit/s (9999.18 Mbit/s with framing)
[0;34m[Device: id=0] TX[0m: 0.8201 Mpps, 9867.58 Mbit/s (9998.80 Mbit/s with framing)
[1;36m[Device: id=1] RX[0m: 0.8201 Mpps, 9867.96 Mbit/s (9999.18 Mbit/s with framing)
[0;34m[Device: id=0] TX[0m: 0.8201 Mpps, 9867.97 Mbit/s (9999.20 Mbit/s with framing)
[1;36m[Device: id=1] RX[0m: 0.8201 Mpps, 9867.95 Mbit/s (9999.17 Mbit/s with framing)
[0;34m[Device: id=0] TX[0m: 0.8201 Mpps, 9867.97 Mbit/s (9999.19 Mbit/s with framing)
[1;36m[Device: id=1] RX[0m: 0.8201 Mpps, 9867.97 Mbit/s (9999.19 Mbit/s with framing)
[0;34m[Device: id=0] TX[0m: 0.8201 Mpps, 9868.04 Mbit/s (9999.26 Mbit/s with framing)
[1;36m[Device: id=1] RX[0m: 0.8201 Mpps, 9867.96 Mbit/s (9999.18 Mbit/s with framing)
[0;34m[Device: id=0] TX[0m: 0.8201 Mpps, 9867.90 Mbit/s (9999.12 Mbit/s with framing)
[1;36m[Device: id=1] RX[0m: 0.8201 Mpps, 9867.96 Mbit/s (9999.18 Mbit/s with framing)
[0;34m[Device: id=0] TX[0m: 0.8201 Mpps, 9867.96 Mbit/s (9999.19 Mbit/s with framing)
[1;36m[Device: id=1] RX[0m: 0.8201 Mpps, 9867.95 Mbit/s (9999.18 Mbit/s with framing)
[0;34m[Device: id=0] TX[0m: 0.8201 Mpps, 9867.98 Mbit/s (9999.21 Mbit/s with framing)
[1;36m[Device: id=1] RX[0m: 0.8201 Mpps, 9867.96 Mbit/s (9999.18 Mbit/s with framing)
[0;34m[Device: id=0] TX[0m: 0.8202 Mpps, 9868.42 Mbit/s (9999.65 Mbit/s with framing)
[1;36m[Device: id=1] RX[0m: 0.8201 Mpps, 9867.96 Mbit/s (9999.18 Mbit/s with framing)
[0;34m[Device: id=0] TX[0m: 0.8201 Mpps, 9867.51 Mbit/s (9998.73 Mbit/s with framing)
[1;36m[Device: id=1] RX[0m: 0.8201 Mpps, 9867.95 Mbit/s (9999.17 Mbit/s with framing)
[0;34m[Device: id=0] TX[0m: 0.8201 Mpps, 9867.98 Mbit/s (9999.20 Mbit/s with framing)
[1;36m[Device: id=1] RX[0m: 0.8201 Mpps, 9867.96 Mbit/s (9999.18 Mbit/s with framing)
[0;34m[Device: id=0] TX[0m: 0.8201 Mpps, 9867.97 Mbit/s (9999.19 Mbit/s with framing)
[1;36m[Device: id=1] RX[0m: 0.8201 Mpps, 9867.96 Mbit/s (9999.18 Mbit/s with framing)
[0;34m[Device: id=0] TX[0m: 0.8201 Mpps, 9867.97 Mbit/s (9999.19 Mbit/s with framing)
[1;36m[Device: id=1] RX[0m: 0.8201 Mpps, 9867.96 Mbit/s (9999.19 Mbit/s with framing)
[0;34m[Device: id=0] TX[0m: 0.8201 Mpps, 9867.97 Mbit/s (9999.20 Mbit/s with framing)
48
[1;36m[Device: id=1] RX[0m: 0.4589 Mpps, 5521.67 Mbit/s (5595.10 Mbit/s with framing)
[0;34m[Device: id=0] TX[0m: 0.1963 Mpps, 2361.65 Mbit/s (2393.05 Mbit/s with framing)
[1;36m[Device: id=1] RX[0m: 0.0000 Mpps, 0.00 Mbit/s (0.00 Mbit/s with framing)
48000000
[1;36m[Device: id=1] RX[0m: 0.7999 (StdDev 0.1159) Mpps, 9623.97 (StdDev 1394) Mbit/s (9751.95 Mbit/s with framing), total 47597517 packets with 71586651364 bytes (incl. CRC)
[0;34m[Device: id=0] TX[0m: 0.8094 (StdDev 0.0819) Mpps, 9738.53 (StdDev 986) Mbit/s (9868.03 Mbit/s with framing), total 48000000 packets with 72192000000 bytes (incl. CRC)
