[1;37m[INFO]  Initializing DPDK. This will take a few seconds...[0m
EAL: Probing VFIO support...
EAL: PCI device 0000:18:00.0 on NUMA socket 0
EAL:   probe driver: 8086:10fb net_ixgbe
EAL: PCI device 0000:18:00.1 on NUMA socket 0
EAL:   probe driver: 8086:10fb net_ixgbe
EAL: PCI device 0000:62:00.0 on NUMA socket 0
EAL:   probe driver: 8086:37d2 net_i40e
EAL: PCI device 0000:62:00.1 on NUMA socket 0
EAL:   probe driver: 8086:37d2 net_i40e
[1;37m[INFO]  Found 3 usable devices:[0m
   Device 0: 00:1B:21:BE:39:14 ([0;32mIntel Corporation 82599ES 10-Gigabit SFI/SFP+ Network Connection[0m)
   Device 1: 00:1B:21:BE:39:16 ([0;32mIntel Corporation 82599ES 10-Gigabit SFI/SFP+ Network Connection[0m)
   Device 2: AC:1F:6B:B9:35:91 ([0;32mIntel Corporation Ethernet Connection X722 for 10GBASE-T[0m)
PMD: ixgbe_dev_link_status_print():  Port 0: Link Down
PMD: ixgbe_dev_link_status_print():  Port 1: Link Down
[1;37m[INFO]  Waiting for devices to come up...[0m
[1;37m[INFO]  Device 0 (00:1B:21:BE:39:14) is up: 10000 MBit/s[0m
[1;37m[INFO]  Device 1 (00:1B:21:BE:39:16) is up: 10000 MBit/s[0m
[1;37m[INFO]  [0;32m2 devices are up.[0m[0m
[1;37m[INFO]  Trying to enable rx timestamping of all packets, this isn't supported by most nics[0m
[0;34m[Device: id=0] TX[0m: 0.0980 Mpps, 1179.29 Mbit/s (1194.97 Mbit/s with framing)
[1;36m[Device: id=1] RX[0m: 0.0570 Mpps, 686.01 Mbit/s (695.14 Mbit/s with framing)
[0;34m[Device: id=0] TX[0m: 0.1000 Mpps, 1203.13 Mbit/s (1219.13 Mbit/s with framing)
[1;36m[Device: id=1] RX[0m: 0.0988 Mpps, 1188.39 Mbit/s (1204.20 Mbit/s with framing)
[0;34m[Device: id=0] TX[0m: 0.1000 Mpps, 1203.13 Mbit/s (1219.13 Mbit/s with framing)
[1;36m[Device: id=1] RX[0m: 0.1000 Mpps, 1203.21 Mbit/s (1219.21 Mbit/s with framing)
[0;34m[Device: id=0] TX[0m: 0.1000 Mpps, 1203.27 Mbit/s (1219.28 Mbit/s with framing)
[1;36m[Device: id=1] RX[0m: 0.1000 Mpps, 1203.20 Mbit/s (1219.20 Mbit/s with framing)
[0;34m[Device: id=0] TX[0m: 0.1000 Mpps, 1203.14 Mbit/s (1219.14 Mbit/s with framing)
[1;36m[Device: id=1] RX[0m: 0.1000 Mpps, 1203.21 Mbit/s (1219.21 Mbit/s with framing)
[0;34m[Device: id=0] TX[0m: 0.1000 Mpps, 1203.28 Mbit/s (1219.28 Mbit/s with framing)
[1;36m[Device: id=1] RX[0m: 0.1000 Mpps, 1203.21 Mbit/s (1219.21 Mbit/s with framing)
[1;36m[Device: id=1] RX[0m: 0.1000 Mpps, 1203.18 Mbit/s (1219.18 Mbit/s with framing)
[0;34m[Device: id=0] TX[0m: 0.1000 Mpps, 1203.19 Mbit/s (1219.19 Mbit/s with framing)
[1;36m[Device: id=1] RX[0m: 0.1000 Mpps, 1203.21 Mbit/s (1219.21 Mbit/s with framing)
[0;34m[Device: id=0] TX[0m: 0.1000 Mpps, 1203.13 Mbit/s (1219.13 Mbit/s with framing)
[1;36m[Device: id=1] RX[0m: 0.1000 Mpps, 1203.20 Mbit/s (1219.21 Mbit/s with framing)
[0;34m[Device: id=0] TX[0m: 0.1000 Mpps, 1203.21 Mbit/s (1219.21 Mbit/s with framing)
[1;36m[Device: id=1] RX[0m: 0.1000 Mpps, 1203.21 Mbit/s (1219.21 Mbit/s with framing)
[0;34m[Device: id=0] TX[0m: 0.1000 Mpps, 1203.28 Mbit/s (1219.28 Mbit/s with framing)
[1;36m[Device: id=1] RX[0m: 0.1000 Mpps, 1203.20 Mbit/s (1219.20 Mbit/s with framing)
[0;34m[Device: id=0] TX[0m: 0.1000 Mpps, 1203.25 Mbit/s (1219.25 Mbit/s with framing)
[1;36m[Device: id=1] RX[0m: 0.1000 Mpps, 1203.20 Mbit/s (1219.20 Mbit/s with framing)
[0;34m[Device: id=0] TX[0m: 0.1000 Mpps, 1203.12 Mbit/s (1219.12 Mbit/s with framing)
[1;36m[Device: id=1] RX[0m: 0.1000 Mpps, 1203.20 Mbit/s (1219.20 Mbit/s with framing)
[0;34m[Device: id=0] TX[0m: 0.1000 Mpps, 1203.16 Mbit/s (1219.16 Mbit/s with framing)
[1;36m[Device: id=1] RX[0m: 0.1000 Mpps, 1203.20 Mbit/s (1219.20 Mbit/s with framing)
[0;34m[Device: id=0] TX[0m: 0.1000 Mpps, 1203.20 Mbit/s (1219.20 Mbit/s with framing)
[1;36m[Device: id=1] RX[0m: 0.1000 Mpps, 1203.21 Mbit/s (1219.21 Mbit/s with framing)
[0;34m[Device: id=0] TX[0m: 0.1000 Mpps, 1203.21 Mbit/s (1219.21 Mbit/s with framing)
[1;36m[Device: id=1] RX[0m: 0.1000 Mpps, 1203.20 Mbit/s (1219.20 Mbit/s with framing)
[0;34m[Device: id=0] TX[0m: 0.1000 Mpps, 1203.25 Mbit/s (1219.25 Mbit/s with framing)
[1;36m[Device: id=1] RX[0m: 0.1000 Mpps, 1203.20 Mbit/s (1219.20 Mbit/s with framing)
[0;34m[Device: id=0] TX[0m: 0.1000 Mpps, 1203.16 Mbit/s (1219.16 Mbit/s with framing)
[1;36m[Device: id=1] RX[0m: 0.1000 Mpps, 1203.20 Mbit/s (1219.20 Mbit/s with framing)
[0;34m[Device: id=0] TX[0m: 0.1000 Mpps, 1203.20 Mbit/s (1219.20 Mbit/s with framing)
[1;36m[Device: id=1] RX[0m: 0.1000 Mpps, 1203.20 Mbit/s (1219.20 Mbit/s with framing)
[0;34m[Device: id=0] TX[0m: 0.1000 Mpps, 1203.19 Mbit/s (1219.19 Mbit/s with framing)
[1;36m[Device: id=1] RX[0m: 0.1000 Mpps, 1203.20 Mbit/s (1219.20 Mbit/s with framing)
[0;34m[Device: id=0] TX[0m: 0.1000 Mpps, 1203.26 Mbit/s (1219.26 Mbit/s with framing)
[1;36m[Device: id=1] RX[0m: 0.1000 Mpps, 1203.22 Mbit/s (1219.22 Mbit/s with framing)
[0;34m[Device: id=0] TX[0m: 0.1000 Mpps, 1203.15 Mbit/s (1219.15 Mbit/s with framing)
[1;36m[Device: id=1] RX[0m: 0.1000 Mpps, 1203.18 Mbit/s (1219.18 Mbit/s with framing)
[0;34m[Device: id=0] TX[0m: 0.1000 Mpps, 1203.20 Mbit/s (1219.20 Mbit/s with framing)
[1;36m[Device: id=1] RX[0m: 0.1000 Mpps, 1203.22 Mbit/s (1219.22 Mbit/s with framing)
[0;34m[Device: id=0] TX[0m: 0.1000 Mpps, 1203.22 Mbit/s (1219.22 Mbit/s with framing)
[1;36m[Device: id=1] RX[0m: 0.1000 Mpps, 1203.18 Mbit/s (1219.18 Mbit/s with framing)
[0;34m[Device: id=0] TX[0m: 0.1000 Mpps, 1203.19 Mbit/s (1219.19 Mbit/s with framing)
[1;36m[Device: id=1] RX[0m: 0.1000 Mpps, 1203.21 Mbit/s (1219.21 Mbit/s with framing)
[0;34m[Device: id=0] TX[0m: 0.1000 Mpps, 1203.20 Mbit/s (1219.20 Mbit/s with framing)
[1;36m[Device: id=1] RX[0m: 0.1000 Mpps, 1203.20 Mbit/s (1219.20 Mbit/s with framing)
[0;34m[Device: id=0] TX[0m: 0.1000 Mpps, 1203.20 Mbit/s (1219.20 Mbit/s with framing)
[1;36m[Device: id=1] RX[0m: 0.1000 Mpps, 1203.20 Mbit/s (1219.20 Mbit/s with framing)
[0;34m[Device: id=0] TX[0m: 0.1000 Mpps, 1203.26 Mbit/s (1219.26 Mbit/s with framing)
[1;36m[Device: id=1] RX[0m: 0.1000 Mpps, 1203.20 Mbit/s (1219.20 Mbit/s with framing)
[0;34m[Device: id=0] TX[0m: 0.1000 Mpps, 1203.16 Mbit/s (1219.16 Mbit/s with framing)
[1;36m[Device: id=1] RX[0m: 0.1000 Mpps, 1203.20 Mbit/s (1219.20 Mbit/s with framing)
[0;34m[Device: id=0] TX[0m: 0.1000 Mpps, 1203.19 Mbit/s (1219.19 Mbit/s with framing)
3
[1;36m[Device: id=1] RX[0m: 0.0985 Mpps, 1185.68 Mbit/s (1201.45 Mbit/s with framing)
[0;34m[Device: id=0] TX[0m: 0.0846 Mpps, 1017.39 Mbit/s (1030.92 Mbit/s with framing)
[1;36m[Device: id=1] RX[0m: 0.0000 Mpps, 0.00 Mbit/s (0.00 Mbit/s with framing)
[0;34m[Device: id=0] TX[0m: 0.0000 Mpps, 0.00 Mbit/s (0.00 Mbit/s with framing)
3000000
[1;36m[Device: id=1] RX[0m: 0.0966 (StdDev 0.0182) Mpps, 1162.02 (StdDev 220) Mbit/s (1177.47 Mbit/s with framing), total 2954403 packets with 4443407908 bytes (incl. CRC)
[0;34m[Device: id=0] TX[0m: 0.0962 (StdDev 0.0184) Mpps, 1156.90 (StdDev 221) Mbit/s (1172.28 Mbit/s with framing), total 3000000 packets with 4512000000 bytes (incl. CRC)
