[1;37m[INFO]  Initializing DPDK. This will take a few seconds...[0m
EAL: Probing VFIO support...
EAL: PCI device 0000:18:00.0 on NUMA socket 0
EAL:   probe driver: 8086:10fb net_ixgbe
EAL: PCI device 0000:18:00.1 on NUMA socket 0
EAL:   probe driver: 8086:10fb net_ixgbe
EAL: PCI device 0000:62:00.0 on NUMA socket 0
EAL:   probe driver: 8086:37d2 net_i40e
EAL: PCI device 0000:62:00.1 on NUMA socket 0
EAL:   probe driver: 8086:37d2 net_i40e
[1;37m[INFO]  Found 3 usable devices:[0m
   Device 0: 00:1B:21:BE:39:14 ([0;32mIntel Corporation 82599ES 10-Gigabit SFI/SFP+ Network Connection[0m)
   Device 1: 00:1B:21:BE:39:16 ([0;32mIntel Corporation 82599ES 10-Gigabit SFI/SFP+ Network Connection[0m)
   Device 2: AC:1F:6B:B9:35:91 ([0;32mIntel Corporation Ethernet Connection X722 for 10GBASE-T[0m)
PMD: ixgbe_dev_link_status_print():  Port 0: Link Down
PMD: ixgbe_dev_link_status_print():  Port 1: Link Down
[1;37m[INFO]  Waiting for devices to come up...[0m
[1;37m[INFO]  Device 1 (00:1B:21:BE:39:16) is up: 10000 MBit/s[0m
[1;37m[INFO]  Device 0 (00:1B:21:BE:39:14) is up: 10000 MBit/s[0m
[1;37m[INFO]  [0;32m2 devices are up.[0m[0m
[1;37m[INFO]  Trying to enable rx timestamping of all packets, this isn't supported by most nics[0m
[0;34m[Device: id=0] TX[0m: 0.7681 Mpps, 9241.84 Mbit/s (9364.73 Mbit/s with framing)
[1;36m[Device: id=1] RX[0m: 0.6799 Mpps, 8180.66 Mbit/s (8289.45 Mbit/s with framing)
[0;34m[Device: id=0] TX[0m: 0.8201 Mpps, 9866.94 Mbit/s (9998.15 Mbit/s with framing)
[1;36m[Device: id=1] RX[0m: 0.8065 Mpps, 9704.22 Mbit/s (9833.27 Mbit/s with framing)
[0;34m[Device: id=0] TX[0m: 0.8201 Mpps, 9867.94 Mbit/s (9999.16 Mbit/s with framing)
[1;36m[Device: id=1] RX[0m: 0.8201 Mpps, 9867.74 Mbit/s (9998.96 Mbit/s with framing)
[0;34m[Device: id=0] TX[0m: 0.8202 Mpps, 9869.03 Mbit/s (10000.26 Mbit/s with framing)
[1;36m[Device: id=1] RX[0m: 0.8199 Mpps, 9864.98 Mbit/s (9996.16 Mbit/s with framing)
[1;36m[Device: id=1] RX[0m: 0.8201 Mpps, 9867.95 Mbit/s (9999.17 Mbit/s with framing)
[0;34m[Device: id=0] TX[0m: 0.8201 Mpps, 9866.90 Mbit/s (9998.11 Mbit/s with framing)
[1;36m[Device: id=1] RX[0m: 0.8200 Mpps, 9866.09 Mbit/s (9997.29 Mbit/s with framing)
[0;34m[Device: id=0] TX[0m: 0.8202 Mpps, 9869.01 Mbit/s (10000.24 Mbit/s with framing)
[1;36m[Device: id=1] RX[0m: 0.8200 Mpps, 9866.20 Mbit/s (9997.40 Mbit/s with framing)
[0;34m[Device: id=0] TX[0m: 0.8201 Mpps, 9867.94 Mbit/s (9999.16 Mbit/s with framing)
[1;36m[Device: id=1] RX[0m: 0.8201 Mpps, 9867.95 Mbit/s (9999.17 Mbit/s with framing)
[0;34m[Device: id=0] TX[0m: 0.8201 Mpps, 9866.96 Mbit/s (9998.17 Mbit/s with framing)
[1;36m[Device: id=1] RX[0m: 0.8201 Mpps, 9867.96 Mbit/s (9999.18 Mbit/s with framing)
[0;34m[Device: id=0] TX[0m: 0.8202 Mpps, 9869.03 Mbit/s (10000.26 Mbit/s with framing)
[1;36m[Device: id=1] RX[0m: 0.8201 Mpps, 9867.95 Mbit/s (9999.18 Mbit/s with framing)
[0;34m[Device: id=0] TX[0m: 0.8201 Mpps, 9866.91 Mbit/s (9998.12 Mbit/s with framing)
[1;36m[Device: id=1] RX[0m: 0.8201 Mpps, 9867.95 Mbit/s (9999.17 Mbit/s with framing)
[0;34m[Device: id=0] TX[0m: 0.8202 Mpps, 9868.81 Mbit/s (10000.04 Mbit/s with framing)
[1;36m[Device: id=1] RX[0m: 0.8201 Mpps, 9866.92 Mbit/s (9998.13 Mbit/s with framing)
[0;34m[Device: id=0] TX[0m: 0.8201 Mpps, 9867.49 Mbit/s (9998.71 Mbit/s with framing)
[1;36m[Device: id=1] RX[0m: 0.8201 Mpps, 9867.96 Mbit/s (9999.19 Mbit/s with framing)
[0;34m[Device: id=0] TX[0m: 0.8201 Mpps, 9867.55 Mbit/s (9998.76 Mbit/s with framing)
[1;36m[Device: id=1] RX[0m: 0.8201 Mpps, 9867.96 Mbit/s (9999.18 Mbit/s with framing)
[0;34m[Device: id=0] TX[0m: 0.8201 Mpps, 9867.97 Mbit/s (9999.19 Mbit/s with framing)
[1;36m[Device: id=1] RX[0m: 0.8200 Mpps, 9866.68 Mbit/s (9997.89 Mbit/s with framing)
[0;34m[Device: id=0] TX[0m: 0.8202 Mpps, 9868.36 Mbit/s (9999.59 Mbit/s with framing)
[1;36m[Device: id=1] RX[0m: 0.8201 Mpps, 9867.95 Mbit/s (9999.17 Mbit/s with framing)
[0;34m[Device: id=0] TX[0m: 0.8201 Mpps, 9867.70 Mbit/s (9998.92 Mbit/s with framing)
[1;36m[Device: id=1] RX[0m: 0.8201 Mpps, 9867.96 Mbit/s (9999.19 Mbit/s with framing)
[0;34m[Device: id=0] TX[0m: 0.8201 Mpps, 9867.85 Mbit/s (9999.08 Mbit/s with framing)
[1;36m[Device: id=1] RX[0m: 0.8201 Mpps, 9867.95 Mbit/s (9999.18 Mbit/s with framing)
[0;34m[Device: id=0] TX[0m: 0.8201 Mpps, 9867.96 Mbit/s (9999.19 Mbit/s with framing)
[1;36m[Device: id=1] RX[0m: 0.8200 Mpps, 9866.01 Mbit/s (9997.21 Mbit/s with framing)
[0;34m[Device: id=0] TX[0m: 0.8202 Mpps, 9868.40 Mbit/s (9999.63 Mbit/s with framing)
[1;36m[Device: id=1] RX[0m: 0.8201 Mpps, 9867.95 Mbit/s (9999.18 Mbit/s with framing)
[0;34m[Device: id=0] TX[0m: 0.8201 Mpps, 9867.55 Mbit/s (9998.77 Mbit/s with framing)
[1;36m[Device: id=1] RX[0m: 0.8201 Mpps, 9867.96 Mbit/s (9999.18 Mbit/s with framing)
[0;34m[Device: id=0] TX[0m: 0.8201 Mpps, 9867.97 Mbit/s (9999.19 Mbit/s with framing)
[1;36m[Device: id=1] RX[0m: 0.8201 Mpps, 9867.95 Mbit/s (9999.18 Mbit/s with framing)
[0;34m[Device: id=0] TX[0m: 0.8201 Mpps, 9867.97 Mbit/s (9999.19 Mbit/s with framing)
[1;36m[Device: id=1] RX[0m: 0.8201 Mpps, 9867.96 Mbit/s (9999.18 Mbit/s with framing)
[0;34m[Device: id=0] TX[0m: 0.8201 Mpps, 9867.97 Mbit/s (9999.19 Mbit/s with framing)
[1;36m[Device: id=1] RX[0m: 0.8201 Mpps, 9867.95 Mbit/s (9999.18 Mbit/s with framing)
[0;34m[Device: id=0] TX[0m: 0.8202 Mpps, 9868.35 Mbit/s (9999.57 Mbit/s with framing)
[1;36m[Device: id=1] RX[0m: 0.8201 Mpps, 9867.96 Mbit/s (9999.18 Mbit/s with framing)
[0;34m[Device: id=0] TX[0m: 0.8201 Mpps, 9867.60 Mbit/s (9998.82 Mbit/s with framing)
[1;36m[Device: id=1] RX[0m: 0.8201 Mpps, 9867.96 Mbit/s (9999.18 Mbit/s with framing)
[0;34m[Device: id=0] TX[0m: 0.8201 Mpps, 9867.96 Mbit/s (9999.19 Mbit/s with framing)
[1;36m[Device: id=1] RX[0m: 0.8201 Mpps, 9867.94 Mbit/s (9999.17 Mbit/s with framing)
[0;34m[Device: id=0] TX[0m: 0.8201 Mpps, 9867.96 Mbit/s (9999.19 Mbit/s with framing)
[1;36m[Device: id=1] RX[0m: 0.8201 Mpps, 9867.97 Mbit/s (9999.19 Mbit/s with framing)
[0;34m[Device: id=0] TX[0m: 0.8201 Mpps, 9867.98 Mbit/s (9999.20 Mbit/s with framing)
[1;36m[Device: id=1] RX[0m: 0.8201 Mpps, 9867.95 Mbit/s (9999.17 Mbit/s with framing)
[0;34m[Device: id=0] TX[0m: 0.8201 Mpps, 9867.97 Mbit/s (9999.19 Mbit/s with framing)
[1;36m[Device: id=1] RX[0m: 0.8201 Mpps, 9867.95 Mbit/s (9999.18 Mbit/s with framing)
[0;34m[Device: id=0] TX[0m: 0.8201 Mpps, 9867.97 Mbit/s (9999.20 Mbit/s with framing)
[1;36m[Device: id=1] RX[0m: 0.8201 Mpps, 9867.96 Mbit/s (9999.19 Mbit/s with framing)
[0;34m[Device: id=0] TX[0m: 0.8202 Mpps, 9868.39 Mbit/s (9999.62 Mbit/s with framing)
[1;36m[Device: id=1] RX[0m: 0.8201 Mpps, 9867.96 Mbit/s (9999.18 Mbit/s with framing)
[0;34m[Device: id=0] TX[0m: 0.8201 Mpps, 9867.67 Mbit/s (9998.89 Mbit/s with framing)
[1;36m[Device: id=1] RX[0m: 0.8201 Mpps, 9867.96 Mbit/s (9999.18 Mbit/s with framing)
[0;34m[Device: id=0] TX[0m: 0.8201 Mpps, 9867.84 Mbit/s (9999.07 Mbit/s with framing)
[1;36m[Device: id=1] RX[0m: 0.8201 Mpps, 9867.95 Mbit/s (9999.18 Mbit/s with framing)
[0;34m[Device: id=0] TX[0m: 0.8201 Mpps, 9867.98 Mbit/s (9999.20 Mbit/s with framing)
[1;36m[Device: id=1] RX[0m: 0.8201 Mpps, 9867.96 Mbit/s (9999.18 Mbit/s with framing)
[0;34m[Device: id=0] TX[0m: 0.8201 Mpps, 9867.96 Mbit/s (9999.18 Mbit/s with framing)
[1;36m[Device: id=1] RX[0m: 0.8201 Mpps, 9867.96 Mbit/s (9999.18 Mbit/s with framing)
[0;34m[Device: id=0] TX[0m: 0.8202 Mpps, 9868.42 Mbit/s (9999.65 Mbit/s with framing)
[1;36m[Device: id=1] RX[0m: 0.8201 Mpps, 9867.95 Mbit/s (9999.18 Mbit/s with framing)
[0;34m[Device: id=0] TX[0m: 0.8201 Mpps, 9867.52 Mbit/s (9998.74 Mbit/s with framing)
[1;36m[Device: id=1] RX[0m: 0.8201 Mpps, 9867.95 Mbit/s (9999.17 Mbit/s with framing)
[0;34m[Device: id=0] TX[0m: 0.8201 Mpps, 9867.97 Mbit/s (9999.19 Mbit/s with framing)
[1;36m[Device: id=1] RX[0m: 0.8201 Mpps, 9867.96 Mbit/s (9999.19 Mbit/s with framing)
[0;34m[Device: id=0] TX[0m: 0.8201 Mpps, 9867.97 Mbit/s (9999.19 Mbit/s with framing)
[1;36m[Device: id=1] RX[0m: 0.8201 Mpps, 9867.95 Mbit/s (9999.17 Mbit/s with framing)
[0;34m[Device: id=0] TX[0m: 0.8201 Mpps, 9867.97 Mbit/s (9999.20 Mbit/s with framing)
[1;36m[Device: id=1] RX[0m: 0.8201 Mpps, 9867.97 Mbit/s (9999.19 Mbit/s with framing)
[0;34m[Device: id=0] TX[0m: 0.8201 Mpps, 9867.96 Mbit/s (9999.19 Mbit/s with framing)
[1;36m[Device: id=1] RX[0m: 0.8201 Mpps, 9867.96 Mbit/s (9999.18 Mbit/s with framing)
[0;34m[Device: id=0] TX[0m: 0.8201 Mpps, 9867.97 Mbit/s (9999.19 Mbit/s with framing)
[1;36m[Device: id=1] RX[0m: 0.8201 Mpps, 9867.94 Mbit/s (9999.17 Mbit/s with framing)
[0;34m[Device: id=0] TX[0m: 0.8202 Mpps, 9868.54 Mbit/s (9999.76 Mbit/s with framing)
[1;36m[Device: id=1] RX[0m: 0.8201 Mpps, 9867.96 Mbit/s (9999.18 Mbit/s with framing)
[0;34m[Device: id=0] TX[0m: 0.8201 Mpps, 9867.41 Mbit/s (9998.63 Mbit/s with framing)
[1;36m[Device: id=1] RX[0m: 0.8201 Mpps, 9867.95 Mbit/s (9999.17 Mbit/s with framing)
[0;34m[Device: id=0] TX[0m: 0.8201 Mpps, 9867.97 Mbit/s (9999.19 Mbit/s with framing)
[1;36m[Device: id=1] RX[0m: 0.8201 Mpps, 9867.97 Mbit/s (9999.19 Mbit/s with framing)
[0;34m[Device: id=0] TX[0m: 0.8201 Mpps, 9867.97 Mbit/s (9999.19 Mbit/s with framing)
[1;36m[Device: id=1] RX[0m: 0.8201 Mpps, 9867.95 Mbit/s (9999.18 Mbit/s with framing)
[0;34m[Device: id=0] TX[0m: 0.8201 Mpps, 9867.97 Mbit/s (9999.19 Mbit/s with framing)
[1;36m[Device: id=1] RX[0m: 0.8201 Mpps, 9867.96 Mbit/s (9999.18 Mbit/s with framing)
[0;34m[Device: id=0] TX[0m: 0.8201 Mpps, 9867.98 Mbit/s (9999.21 Mbit/s with framing)
[1;36m[Device: id=1] RX[0m: 0.8201 Mpps, 9867.95 Mbit/s (9999.18 Mbit/s with framing)
[0;34m[Device: id=0] TX[0m: 0.8201 Mpps, 9867.95 Mbit/s (9999.17 Mbit/s with framing)
[1;36m[Device: id=1] RX[0m: 0.8201 Mpps, 9867.95 Mbit/s (9999.17 Mbit/s with framing)
[0;34m[Device: id=0] TX[0m: 0.8201 Mpps, 9867.98 Mbit/s (9999.20 Mbit/s with framing)
[1;36m[Device: id=1] RX[0m: 0.8201 Mpps, 9867.96 Mbit/s (9999.18 Mbit/s with framing)
[0;34m[Device: id=0] TX[0m: 0.8201 Mpps, 9867.96 Mbit/s (9999.18 Mbit/s with framing)
[1;36m[Device: id=1] RX[0m: 0.8201 Mpps, 9867.95 Mbit/s (9999.17 Mbit/s with framing)
[0;34m[Device: id=0] TX[0m: 0.8202 Mpps, 9868.36 Mbit/s (9999.59 Mbit/s with framing)
[1;36m[Device: id=1] RX[0m: 0.8201 Mpps, 9867.97 Mbit/s (9999.19 Mbit/s with framing)
[0;34m[Device: id=0] TX[0m: 0.8201 Mpps, 9867.59 Mbit/s (9998.81 Mbit/s with framing)
[1;36m[Device: id=1] RX[0m: 0.8201 Mpps, 9867.95 Mbit/s (9999.17 Mbit/s with framing)
[0;34m[Device: id=0] TX[0m: 0.8201 Mpps, 9867.97 Mbit/s (9999.20 Mbit/s with framing)
[1;36m[Device: id=1] RX[0m: 0.8201 Mpps, 9867.96 Mbit/s (9999.18 Mbit/s with framing)
[0;34m[Device: id=0] TX[0m: 0.8201 Mpps, 9867.96 Mbit/s (9999.18 Mbit/s with framing)
[1;36m[Device: id=1] RX[0m: 0.8201 Mpps, 9867.95 Mbit/s (9999.17 Mbit/s with framing)
[0;34m[Device: id=0] TX[0m: 0.8201 Mpps, 9867.98 Mbit/s (9999.20 Mbit/s with framing)
[1;36m[Device: id=1] RX[0m: 0.8201 Mpps, 9867.96 Mbit/s (9999.18 Mbit/s with framing)
[0;34m[Device: id=0] TX[0m: 0.8201 Mpps, 9867.96 Mbit/s (9999.19 Mbit/s with framing)
[1;36m[Device: id=1] RX[0m: 0.8201 Mpps, 9867.96 Mbit/s (9999.18 Mbit/s with framing)
[0;34m[Device: id=0] TX[0m: 0.8201 Mpps, 9867.97 Mbit/s (9999.20 Mbit/s with framing)
[1;36m[Device: id=1] RX[0m: 0.8201 Mpps, 9867.95 Mbit/s (9999.18 Mbit/s with framing)
[0;34m[Device: id=0] TX[0m: 0.8201 Mpps, 9867.97 Mbit/s (9999.20 Mbit/s with framing)
[1;36m[Device: id=1] RX[0m: 0.8201 Mpps, 9867.95 Mbit/s (9999.18 Mbit/s with framing)
[0;34m[Device: id=0] TX[0m: 0.8201 Mpps, 9867.97 Mbit/s (9999.19 Mbit/s with framing)
[1;36m[Device: id=1] RX[0m: 0.8201 Mpps, 9867.96 Mbit/s (9999.18 Mbit/s with framing)
[0;34m[Device: id=0] TX[0m: 0.8201 Mpps, 9867.97 Mbit/s (9999.19 Mbit/s with framing)
[1;36m[Device: id=1] RX[0m: 0.8201 Mpps, 9867.96 Mbit/s (9999.18 Mbit/s with framing)
[0;34m[Device: id=0] TX[0m: 0.8201 Mpps, 9867.97 Mbit/s (9999.20 Mbit/s with framing)
[1;36m[Device: id=1] RX[0m: 0.8201 Mpps, 9867.95 Mbit/s (9999.18 Mbit/s with framing)
[0;34m[Device: id=0] TX[0m: 0.8201 Mpps, 9867.97 Mbit/s (9999.19 Mbit/s with framing)
[1;36m[Device: id=1] RX[0m: 0.8201 Mpps, 9867.95 Mbit/s (9999.17 Mbit/s with framing)
[0;34m[Device: id=0] TX[0m: 0.8202 Mpps, 9868.35 Mbit/s (9999.58 Mbit/s with framing)
[1;36m[Device: id=1] RX[0m: 0.8201 Mpps, 9867.97 Mbit/s (9999.19 Mbit/s with framing)
[0;34m[Device: id=0] TX[0m: 0.8201 Mpps, 9867.59 Mbit/s (9998.81 Mbit/s with framing)
54
[1;36m[Device: id=1] RX[0m: 0.7197 Mpps, 8658.96 Mbit/s (8774.11 Mbit/s with framing)
[0;34m[Device: id=0] TX[0m: 0.4223 Mpps, 5081.01 Mbit/s (5148.57 Mbit/s with framing)
[1;36m[Device: id=1] RX[0m: 0.0000 Mpps, 0.00 Mbit/s (0.00 Mbit/s with framing)
[0;34m[Device: id=0] TX[0m: 0.0000 Mpps, 0.00 Mbit/s (0.00 Mbit/s with framing)
54000000
[1;36m[Device: id=1] RX[0m: 0.8060 (StdDev 0.1015) Mpps, 9697.47 (StdDev 1221) Mbit/s (9826.43 Mbit/s with framing), total 53874297 packets with 81026928484 bytes (incl. CRC)
[0;34m[Device: id=0] TX[0m: 0.8017 (StdDev 0.1115) Mpps, 9645.91 (StdDev 1342) Mbit/s (9774.18 Mbit/s with framing), total 54000000 packets with 81216000000 bytes (incl. CRC)
