[1;37m[INFO]  Initializing DPDK. This will take a few seconds...[0m
EAL: Probing VFIO support...
EAL: PCI device 0000:18:00.0 on NUMA socket 0
EAL:   probe driver: 8086:10fb net_ixgbe
EAL: PCI device 0000:18:00.1 on NUMA socket 0
EAL:   probe driver: 8086:10fb net_ixgbe
EAL: PCI device 0000:62:00.0 on NUMA socket 0
EAL:   probe driver: 8086:37d2 net_i40e
EAL: PCI device 0000:62:00.1 on NUMA socket 0
EAL:   probe driver: 8086:37d2 net_i40e
[1;37m[INFO]  Found 3 usable devices:[0m
   Device 0: 00:1B:21:BE:39:14 ([0;32mIntel Corporation 82599ES 10-Gigabit SFI/SFP+ Network Connection[0m)
   Device 1: 00:1B:21:BE:39:16 ([0;32mIntel Corporation 82599ES 10-Gigabit SFI/SFP+ Network Connection[0m)
   Device 2: AC:1F:6B:B9:35:91 ([0;32mIntel Corporation Ethernet Connection X722 for 10GBASE-T[0m)
PMD: ixgbe_dev_link_status_print():  Port 0: Link Down
PMD: ixgbe_dev_link_status_print():  Port 1: Link Down
[1;37m[INFO]  Waiting for devices to come up...[0m
[1;37m[INFO]  Device 0 (00:1B:21:BE:39:14) is up: 10000 MBit/s[0m
[1;37m[INFO]  Device 1 (00:1B:21:BE:39:16) is up: 10000 MBit/s[0m
[1;37m[INFO]  [0;32m2 devices are up.[0m[0m
[1;37m[INFO]  Trying to enable rx timestamping of all packets, this isn't supported by most nics[0m
[0;34m[Device: id=0] TX[0m: 0.3923 Mpps, 1619.47 Mbit/s (1682.24 Mbit/s with framing)
[1;36m[Device: id=1] RX[0m: 0.0895 Mpps, 369.61 Mbit/s (383.93 Mbit/s with framing)
[0;34m[Device: id=0] TX[0m: 0.4000 Mpps, 1651.01 Mbit/s (1715.01 Mbit/s with framing)
[1;36m[Device: id=1] RX[0m: 0.3937 Mpps, 1625.36 Mbit/s (1688.36 Mbit/s with framing)
[0;34m[Device: id=0] TX[0m: 0.4000 Mpps, 1651.20 Mbit/s (1715.20 Mbit/s with framing)
[1;36m[Device: id=1] RX[0m: 0.4000 Mpps, 1651.03 Mbit/s (1715.02 Mbit/s with framing)
[0;34m[Device: id=0] TX[0m: 0.4000 Mpps, 1651.39 Mbit/s (1715.40 Mbit/s with framing)
[1;36m[Device: id=1] RX[0m: 0.4000 Mpps, 1651.30 Mbit/s (1715.30 Mbit/s with framing)
[0;34m[Device: id=0] TX[0m: 0.4000 Mpps, 1651.01 Mbit/s (1715.01 Mbit/s with framing)
[1;36m[Device: id=1] RX[0m: 0.4000 Mpps, 1651.10 Mbit/s (1715.10 Mbit/s with framing)
[1;36m[Device: id=1] RX[0m: 0.4000 Mpps, 1651.27 Mbit/s (1715.27 Mbit/s with framing)
[0;34m[Device: id=0] TX[0m: 0.4000 Mpps, 1651.39 Mbit/s (1715.40 Mbit/s with framing)
[1;36m[Device: id=1] RX[0m: 0.4000 Mpps, 1651.25 Mbit/s (1715.25 Mbit/s with framing)
[0;34m[Device: id=0] TX[0m: 0.4000 Mpps, 1651.21 Mbit/s (1715.21 Mbit/s with framing)
[1;36m[Device: id=1] RX[0m: 0.4000 Mpps, 1651.24 Mbit/s (1715.24 Mbit/s with framing)
[0;34m[Device: id=0] TX[0m: 0.4000 Mpps, 1651.02 Mbit/s (1715.01 Mbit/s with framing)
[1;36m[Device: id=1] RX[0m: 0.4000 Mpps, 1651.12 Mbit/s (1715.11 Mbit/s with framing)
[0;34m[Device: id=0] TX[0m: 0.4000 Mpps, 1651.39 Mbit/s (1715.40 Mbit/s with framing)
[1;36m[Device: id=1] RX[0m: 0.4000 Mpps, 1651.26 Mbit/s (1715.26 Mbit/s with framing)
[0;34m[Device: id=0] TX[0m: 0.4000 Mpps, 1651.02 Mbit/s (1715.01 Mbit/s with framing)
[1;36m[Device: id=1] RX[0m: 0.4000 Mpps, 1651.14 Mbit/s (1715.13 Mbit/s with framing)
[0;34m[Device: id=0] TX[0m: 0.4001 Mpps, 1651.55 Mbit/s (1715.56 Mbit/s with framing)
[1;36m[Device: id=1] RX[0m: 0.4000 Mpps, 1651.22 Mbit/s (1715.22 Mbit/s with framing)
[0;34m[Device: id=0] TX[0m: 0.3999 Mpps, 1650.85 Mbit/s (1714.83 Mbit/s with framing)
[1;36m[Device: id=1] RX[0m: 0.4000 Mpps, 1651.25 Mbit/s (1715.25 Mbit/s with framing)
[0;34m[Device: id=0] TX[0m: 0.4000 Mpps, 1651.21 Mbit/s (1715.21 Mbit/s with framing)
[1;36m[Device: id=1] RX[0m: 0.4000 Mpps, 1651.16 Mbit/s (1715.16 Mbit/s with framing)
[0;34m[Device: id=0] TX[0m: 0.4000 Mpps, 1651.26 Mbit/s (1715.26 Mbit/s with framing)
[1;36m[Device: id=1] RX[0m: 0.4000 Mpps, 1651.25 Mbit/s (1715.25 Mbit/s with framing)
[0;34m[Device: id=0] TX[0m: 0.4000 Mpps, 1651.14 Mbit/s (1715.14 Mbit/s with framing)
[1;36m[Device: id=1] RX[0m: 0.4000 Mpps, 1651.15 Mbit/s (1715.15 Mbit/s with framing)
[0;34m[Device: id=0] TX[0m: 0.4000 Mpps, 1651.21 Mbit/s (1715.21 Mbit/s with framing)
[1;36m[Device: id=1] RX[0m: 0.4000 Mpps, 1651.21 Mbit/s (1715.21 Mbit/s with framing)
[0;34m[Device: id=0] TX[0m: 0.4000 Mpps, 1651.30 Mbit/s (1715.30 Mbit/s with framing)
[1;36m[Device: id=1] RX[0m: 0.4000 Mpps, 1651.17 Mbit/s (1715.17 Mbit/s with framing)
[0;34m[Device: id=0] TX[0m: 0.4000 Mpps, 1651.10 Mbit/s (1715.10 Mbit/s with framing)
[1;36m[Device: id=1] RX[0m: 0.4000 Mpps, 1651.19 Mbit/s (1715.19 Mbit/s with framing)
[0;34m[Device: id=0] TX[0m: 0.4000 Mpps, 1651.20 Mbit/s (1715.20 Mbit/s with framing)
[1;36m[Device: id=1] RX[0m: 0.4000 Mpps, 1651.26 Mbit/s (1715.26 Mbit/s with framing)
[0;34m[Device: id=0] TX[0m: 0.4000 Mpps, 1651.21 Mbit/s (1715.21 Mbit/s with framing)
[1;36m[Device: id=1] RX[0m: 0.4000 Mpps, 1651.15 Mbit/s (1715.15 Mbit/s with framing)
[0;34m[Device: id=0] TX[0m: 0.4000 Mpps, 1651.26 Mbit/s (1715.26 Mbit/s with framing)
[1;36m[Device: id=1] RX[0m: 0.4000 Mpps, 1651.33 Mbit/s (1715.34 Mbit/s with framing)
[0;34m[Device: id=0] TX[0m: 0.4000 Mpps, 1651.18 Mbit/s (1715.17 Mbit/s with framing)
[1;36m[Device: id=1] RX[0m: 0.4000 Mpps, 1651.17 Mbit/s (1715.17 Mbit/s with framing)
[0;34m[Device: id=0] TX[0m: 0.4000 Mpps, 1651.17 Mbit/s (1715.17 Mbit/s with framing)
[1;36m[Device: id=1] RX[0m: 0.4000 Mpps, 1651.16 Mbit/s (1715.15 Mbit/s with framing)
[0;34m[Device: id=0] TX[0m: 0.4000 Mpps, 1651.20 Mbit/s (1715.20 Mbit/s with framing)
[1;36m[Device: id=1] RX[0m: 0.4000 Mpps, 1651.29 Mbit/s (1715.29 Mbit/s with framing)
[0;34m[Device: id=0] TX[0m: 0.4000 Mpps, 1651.20 Mbit/s (1715.20 Mbit/s with framing)
[1;36m[Device: id=1] RX[0m: 0.4000 Mpps, 1651.21 Mbit/s (1715.21 Mbit/s with framing)
[0;34m[Device: id=0] TX[0m: 0.4000 Mpps, 1651.26 Mbit/s (1715.26 Mbit/s with framing)
[1;36m[Device: id=1] RX[0m: 0.4000 Mpps, 1651.17 Mbit/s (1715.17 Mbit/s with framing)
[0;34m[Device: id=0] TX[0m: 0.4000 Mpps, 1651.17 Mbit/s (1715.17 Mbit/s with framing)
[1;36m[Device: id=1] RX[0m: 0.4000 Mpps, 1651.19 Mbit/s (1715.19 Mbit/s with framing)
[0;34m[Device: id=0] TX[0m: 0.4000 Mpps, 1651.18 Mbit/s (1715.18 Mbit/s with framing)
[1;36m[Device: id=1] RX[0m: 0.4000 Mpps, 1651.18 Mbit/s (1715.18 Mbit/s with framing)
[0;34m[Device: id=0] TX[0m: 0.4000 Mpps, 1651.21 Mbit/s (1715.21 Mbit/s with framing)
12
[1;36m[Device: id=1] RX[0m: 0.3966 Mpps, 1637.00 Mbit/s (1700.45 Mbit/s with framing)
[0;34m[Device: id=0] TX[0m: 0.3377 Mpps, 1394.02 Mbit/s (1448.05 Mbit/s with framing)
[1;36m[Device: id=1] RX[0m: 0.0000 Mpps, 0.00 Mbit/s (0.00 Mbit/s with framing)
[0;34m[Device: id=0] TX[0m: 0.0000 Mpps, 0.00 Mbit/s (0.00 Mbit/s with framing)
12000000
[1;36m[Device: id=1] RX[0m: 0.3863 (StdDev 0.0730) Mpps, 1594.83 (StdDev 301) Mbit/s (1656.64 Mbit/s with framing), total 11680165 packets with 6026960816 bytes (incl. CRC)
[0;34m[Device: id=0] TX[0m: 0.3846 (StdDev 0.0735) Mpps, 1587.58 (StdDev 303) Mbit/s (1649.12 Mbit/s with framing), total 12000000 packets with 6192000000 bytes (incl. CRC)
