[1;37m[INFO]  Initializing DPDK. This will take a few seconds...[0m
EAL: Probing VFIO support...
EAL: PCI device 0000:18:00.0 on NUMA socket 0
EAL:   probe driver: 8086:10fb net_ixgbe
EAL: PCI device 0000:18:00.1 on NUMA socket 0
EAL:   probe driver: 8086:10fb net_ixgbe
EAL: PCI device 0000:62:00.0 on NUMA socket 0
EAL:   probe driver: 8086:37d2 net_i40e
EAL: PCI device 0000:62:00.1 on NUMA socket 0
EAL:   probe driver: 8086:37d2 net_i40e
[1;37m[INFO]  Found 3 usable devices:[0m
   Device 0: 00:1B:21:BE:39:14 ([0;32mIntel Corporation 82599ES 10-Gigabit SFI/SFP+ Network Connection[0m)
   Device 1: 00:1B:21:BE:39:16 ([0;32mIntel Corporation 82599ES 10-Gigabit SFI/SFP+ Network Connection[0m)
   Device 2: AC:1F:6B:B9:35:91 ([0;32mIntel Corporation Ethernet Connection X722 for 10GBASE-T[0m)
PMD: ixgbe_dev_link_status_print():  Port 0: Link Down
PMD: ixgbe_dev_link_status_print():  Port 1: Link Down
[1;37m[INFO]  Waiting for devices to come up...[0m
[1;37m[INFO]  Device 0 (00:1B:21:BE:39:14) is up: 10000 MBit/s[0m
[1;37m[INFO]  Device 1 (00:1B:21:BE:39:16) is up: 10000 MBit/s[0m
[1;37m[INFO]  [0;32m2 devices are up.[0m[0m
[1;37m[INFO]  Trying to enable rx timestamping of all packets, this isn't supported by most nics[0m
[0;34m[Device: id=0] TX[0m: 1.5698 Mpps, 1657.69 Mbit/s (1908.85 Mbit/s with framing)
[1;36m[Device: id=1] RX[0m: 1.4815 Mpps, 1564.43 Mbit/s (1801.46 Mbit/s with framing)
[0;34m[Device: id=0] TX[0m: 1.5994 Mpps, 1689.00 Mbit/s (1944.91 Mbit/s with framing)
[1;36m[Device: id=1] RX[0m: 1.5737 Mpps, 1661.81 Mbit/s (1913.59 Mbit/s with framing)
[0;34m[Device: id=0] TX[0m: 1.6006 Mpps, 1690.24 Mbit/s (1946.34 Mbit/s with framing)
[1;36m[Device: id=1] RX[0m: 1.6006 Mpps, 1690.25 Mbit/s (1946.35 Mbit/s with framing)
[0;34m[Device: id=0] TX[0m: 1.6008 Mpps, 1690.43 Mbit/s (1946.56 Mbit/s with framing)
[1;36m[Device: id=1] RX[0m: 1.6006 Mpps, 1690.26 Mbit/s (1946.36 Mbit/s with framing)
[1;36m[Device: id=1] RX[0m: 1.6006 Mpps, 1690.25 Mbit/s (1946.35 Mbit/s with framing)
[0;34m[Device: id=0] TX[0m: 1.6005 Mpps, 1690.06 Mbit/s (1946.14 Mbit/s with framing)
[1;36m[Device: id=1] RX[0m: 1.6006 Mpps, 1690.25 Mbit/s (1946.35 Mbit/s with framing)
[0;34m[Device: id=0] TX[0m: 1.6008 Mpps, 1690.43 Mbit/s (1946.55 Mbit/s with framing)
[1;36m[Device: id=1] RX[0m: 1.6006 Mpps, 1690.25 Mbit/s (1946.35 Mbit/s with framing)
[0;34m[Device: id=0] TX[0m: 1.6006 Mpps, 1690.25 Mbit/s (1946.35 Mbit/s with framing)
[1;36m[Device: id=1] RX[0m: 1.6006 Mpps, 1690.25 Mbit/s (1946.35 Mbit/s with framing)
[0;34m[Device: id=0] TX[0m: 1.6005 Mpps, 1690.07 Mbit/s (1946.15 Mbit/s with framing)
[1;36m[Device: id=1] RX[0m: 1.6006 Mpps, 1690.22 Mbit/s (1946.32 Mbit/s with framing)
[0;34m[Device: id=0] TX[0m: 1.6006 Mpps, 1690.24 Mbit/s (1946.34 Mbit/s with framing)
[1;36m[Device: id=1] RX[0m: 1.6006 Mpps, 1690.27 Mbit/s (1946.38 Mbit/s with framing)
[0;34m[Device: id=0] TX[0m: 1.6008 Mpps, 1690.44 Mbit/s (1946.56 Mbit/s with framing)
[1;36m[Device: id=1] RX[0m: 1.6006 Mpps, 1690.23 Mbit/s (1946.32 Mbit/s with framing)
[0;34m[Device: id=0] TX[0m: 1.6006 Mpps, 1690.21 Mbit/s (1946.30 Mbit/s with framing)
[1;36m[Device: id=1] RX[0m: 1.6006 Mpps, 1690.25 Mbit/s (1946.35 Mbit/s with framing)
[0;34m[Device: id=0] TX[0m: 1.6005 Mpps, 1690.09 Mbit/s (1946.17 Mbit/s with framing)
[1;36m[Device: id=1] RX[0m: 1.6006 Mpps, 1690.26 Mbit/s (1946.36 Mbit/s with framing)
[0;34m[Device: id=0] TX[0m: 1.6006 Mpps, 1690.32 Mbit/s (1946.42 Mbit/s with framing)
[1;36m[Device: id=1] RX[0m: 1.6006 Mpps, 1690.26 Mbit/s (1946.36 Mbit/s with framing)
[0;34m[Device: id=0] TX[0m: 1.6006 Mpps, 1690.18 Mbit/s (1946.28 Mbit/s with framing)
[1;36m[Device: id=1] RX[0m: 1.6006 Mpps, 1690.24 Mbit/s (1946.34 Mbit/s with framing)
[0;34m[Device: id=0] TX[0m: 1.6006 Mpps, 1690.25 Mbit/s (1946.35 Mbit/s with framing)
[1;36m[Device: id=1] RX[0m: 1.5997 Mpps, 1689.30 Mbit/s (1945.26 Mbit/s with framing)
[0;34m[Device: id=0] TX[0m: 1.6007 Mpps, 1690.32 Mbit/s (1946.43 Mbit/s with framing)
[1;36m[Device: id=1] RX[0m: 1.6007 Mpps, 1690.30 Mbit/s (1946.40 Mbit/s with framing)
[0;34m[Device: id=0] TX[0m: 1.6006 Mpps, 1690.18 Mbit/s (1946.27 Mbit/s with framing)
[1;36m[Device: id=1] RX[0m: 1.6006 Mpps, 1690.26 Mbit/s (1946.36 Mbit/s with framing)
[0;34m[Device: id=0] TX[0m: 1.6006 Mpps, 1690.25 Mbit/s (1946.35 Mbit/s with framing)
[1;36m[Device: id=1] RX[0m: 1.6006 Mpps, 1690.24 Mbit/s (1946.34 Mbit/s with framing)
[0;34m[Device: id=0] TX[0m: 1.6006 Mpps, 1690.25 Mbit/s (1946.35 Mbit/s with framing)
[1;36m[Device: id=1] RX[0m: 1.6006 Mpps, 1690.25 Mbit/s (1946.35 Mbit/s with framing)
[0;34m[Device: id=0] TX[0m: 1.6007 Mpps, 1690.32 Mbit/s (1946.42 Mbit/s with framing)
[1;36m[Device: id=1] RX[0m: 1.6006 Mpps, 1690.25 Mbit/s (1946.35 Mbit/s with framing)
[0;34m[Device: id=0] TX[0m: 1.6006 Mpps, 1690.18 Mbit/s (1946.27 Mbit/s with framing)
[1;36m[Device: id=1] RX[0m: 1.6006 Mpps, 1690.25 Mbit/s (1946.35 Mbit/s with framing)
[0;34m[Device: id=0] TX[0m: 1.6006 Mpps, 1690.25 Mbit/s (1946.35 Mbit/s with framing)
[1;36m[Device: id=1] RX[0m: 1.6006 Mpps, 1690.25 Mbit/s (1946.35 Mbit/s with framing)
[0;34m[Device: id=0] TX[0m: 1.6006 Mpps, 1690.25 Mbit/s (1946.35 Mbit/s with framing)
[1;36m[Device: id=1] RX[0m: 1.6006 Mpps, 1690.21 Mbit/s (1946.30 Mbit/s with framing)
[0;34m[Device: id=0] TX[0m: 1.6007 Mpps, 1690.32 Mbit/s (1946.43 Mbit/s with framing)
[1;36m[Device: id=1] RX[0m: 1.6007 Mpps, 1690.29 Mbit/s (1946.40 Mbit/s with framing)
[0;34m[Device: id=0] TX[0m: 1.6006 Mpps, 1690.21 Mbit/s (1946.30 Mbit/s with framing)
[1;36m[Device: id=1] RX[0m: 1.6006 Mpps, 1690.25 Mbit/s (1946.35 Mbit/s with framing)
[0;34m[Device: id=0] TX[0m: 1.6006 Mpps, 1690.22 Mbit/s (1946.32 Mbit/s with framing)
[1;36m[Device: id=1] RX[0m: 1.6006 Mpps, 1690.24 Mbit/s (1946.34 Mbit/s with framing)
[0;34m[Device: id=0] TX[0m: 1.6006 Mpps, 1690.25 Mbit/s (1946.35 Mbit/s with framing)
[1;36m[Device: id=1] RX[0m: 1.6006 Mpps, 1690.25 Mbit/s (1946.35 Mbit/s with framing)
[0;34m[Device: id=0] TX[0m: 1.6006 Mpps, 1690.25 Mbit/s (1946.35 Mbit/s with framing)
[1;36m[Device: id=1] RX[0m: 1.6006 Mpps, 1690.25 Mbit/s (1946.35 Mbit/s with framing)
[0;34m[Device: id=0] TX[0m: 1.6007 Mpps, 1690.31 Mbit/s (1946.42 Mbit/s with framing)
48
[1;36m[Device: id=1] RX[0m: 1.5739 Mpps, 1662.04 Mbit/s (1913.87 Mbit/s with framing)
[0;34m[Device: id=0] TX[0m: 1.3303 Mpps, 1404.80 Mbit/s (1617.65 Mbit/s with framing)
[1;36m[Device: id=1] RX[0m: 0.0000 Mpps, 0.00 Mbit/s (0.00 Mbit/s with framing)
[0;34m[Device: id=0] TX[0m: 0.0000 Mpps, 0.00 Mbit/s (0.00 Mbit/s with framing)
48000000
[1;36m[Device: id=1] RX[0m: 1.5454 (StdDev 0.2920) Mpps, 1631.99 (StdDev 308) Mbit/s (1879.26 Mbit/s with framing), total 47844895 packets with 6315526104 bytes (incl. CRC)
[0;34m[Device: id=0] TX[0m: 1.5382 (StdDev 0.2947) Mpps, 1624.35 (StdDev 311) Mbit/s (1870.47 Mbit/s with framing), total 48000000 packets with 6336000000 bytes (incl. CRC)
