[1;37m[INFO]  Initializing DPDK. This will take a few seconds...[0m
EAL: Probing VFIO support...
EAL: PCI device 0000:18:00.0 on NUMA socket 0
EAL:   probe driver: 8086:10fb net_ixgbe
EAL: PCI device 0000:18:00.1 on NUMA socket 0
EAL:   probe driver: 8086:10fb net_ixgbe
EAL: PCI device 0000:62:00.0 on NUMA socket 0
EAL:   probe driver: 8086:37d2 net_i40e
EAL: PCI device 0000:62:00.1 on NUMA socket 0
EAL:   probe driver: 8086:37d2 net_i40e
[1;37m[INFO]  Found 3 usable devices:[0m
   Device 0: 00:1B:21:BE:39:14 ([0;32mIntel Corporation 82599ES 10-Gigabit SFI/SFP+ Network Connection[0m)
   Device 1: 00:1B:21:BE:39:16 ([0;32mIntel Corporation 82599ES 10-Gigabit SFI/SFP+ Network Connection[0m)
   Device 2: AC:1F:6B:B9:35:91 ([0;32mIntel Corporation Ethernet Connection X722 for 10GBASE-T[0m)
PMD: ixgbe_dev_link_status_print():  Port 0: Link Down
PMD: ixgbe_dev_link_status_print():  Port 1: Link Down
[1;37m[INFO]  Waiting for devices to come up...[0m
[1;37m[INFO]  Device 0 (00:1B:21:BE:39:14) is up: 10000 MBit/s[0m
[1;37m[INFO]  Device 1 (00:1B:21:BE:39:16) is up: 10000 MBit/s[0m
[1;37m[INFO]  [0;32m2 devices are up.[0m[0m
[1;37m[INFO]  Trying to enable rx timestamping of all packets, this isn't supported by most nics[0m
[0;34m[Device: id=0] TX[0m: 1.1597 Mpps, 1224.62 Mbit/s (1410.16 Mbit/s with framing)
[1;36m[Device: id=1] RX[0m: 1.1484 Mpps, 1212.69 Mbit/s (1396.44 Mbit/s with framing)
[0;34m[Device: id=0] TX[0m: 1.2012 Mpps, 1268.52 Mbit/s (1460.72 Mbit/s with framing)
[1;36m[Device: id=1] RX[0m: 1.1815 Mpps, 1247.62 Mbit/s (1436.65 Mbit/s with framing)
[0;34m[Device: id=0] TX[0m: 1.2014 Mpps, 1268.64 Mbit/s (1460.86 Mbit/s with framing)
[1;36m[Device: id=1] RX[0m: 1.2014 Mpps, 1268.68 Mbit/s (1460.90 Mbit/s with framing)
[0;34m[Device: id=0] TX[0m: 1.2015 Mpps, 1268.80 Mbit/s (1461.04 Mbit/s with framing)
[1;36m[Device: id=1] RX[0m: 1.2014 Mpps, 1268.67 Mbit/s (1460.89 Mbit/s with framing)
[0;34m[Device: id=0] TX[0m: 1.2012 Mpps, 1268.51 Mbit/s (1460.70 Mbit/s with framing)
[1;36m[Device: id=1] RX[0m: 1.2014 Mpps, 1268.64 Mbit/s (1460.86 Mbit/s with framing)
[0;34m[Device: id=0] TX[0m: 1.2015 Mpps, 1268.80 Mbit/s (1461.04 Mbit/s with framing)
[1;36m[Device: id=1] RX[0m: 1.2014 Mpps, 1268.66 Mbit/s (1460.88 Mbit/s with framing)
[1;36m[Device: id=1] RX[0m: 1.2014 Mpps, 1268.66 Mbit/s (1460.88 Mbit/s with framing)
[0;34m[Device: id=0] TX[0m: 1.2014 Mpps, 1268.65 Mbit/s (1460.87 Mbit/s with framing)
[1;36m[Device: id=1] RX[0m: 1.2014 Mpps, 1268.64 Mbit/s (1460.86 Mbit/s with framing)
[0;34m[Device: id=0] TX[0m: 1.2012 Mpps, 1268.51 Mbit/s (1460.71 Mbit/s with framing)
[1;36m[Device: id=1] RX[0m: 1.2014 Mpps, 1268.66 Mbit/s (1460.88 Mbit/s with framing)
[0;34m[Device: id=0] TX[0m: 1.2014 Mpps, 1268.65 Mbit/s (1460.87 Mbit/s with framing)
[1;36m[Device: id=1] RX[0m: 1.2014 Mpps, 1268.66 Mbit/s (1460.88 Mbit/s with framing)
[0;34m[Device: id=0] TX[0m: 1.2015 Mpps, 1268.79 Mbit/s (1461.03 Mbit/s with framing)
[1;36m[Device: id=1] RX[0m: 1.2014 Mpps, 1268.67 Mbit/s (1460.89 Mbit/s with framing)
[0;34m[Device: id=0] TX[0m: 1.2013 Mpps, 1268.61 Mbit/s (1460.82 Mbit/s with framing)
[1;36m[Device: id=1] RX[0m: 1.2014 Mpps, 1268.65 Mbit/s (1460.87 Mbit/s with framing)
[0;34m[Device: id=0] TX[0m: 1.2013 Mpps, 1268.55 Mbit/s (1460.76 Mbit/s with framing)
[1;36m[Device: id=1] RX[0m: 1.2014 Mpps, 1268.65 Mbit/s (1460.87 Mbit/s with framing)
[0;34m[Device: id=0] TX[0m: 1.2014 Mpps, 1268.70 Mbit/s (1460.93 Mbit/s with framing)
[1;36m[Device: id=1] RX[0m: 1.2014 Mpps, 1268.66 Mbit/s (1460.88 Mbit/s with framing)
[0;34m[Device: id=0] TX[0m: 1.2013 Mpps, 1268.61 Mbit/s (1460.82 Mbit/s with framing)
[1;36m[Device: id=1] RX[0m: 1.2014 Mpps, 1268.65 Mbit/s (1460.87 Mbit/s with framing)
[0;34m[Device: id=0] TX[0m: 1.2014 Mpps, 1268.65 Mbit/s (1460.87 Mbit/s with framing)
[1;36m[Device: id=1] RX[0m: 1.2014 Mpps, 1268.65 Mbit/s (1460.87 Mbit/s with framing)
[0;34m[Device: id=0] TX[0m: 1.2014 Mpps, 1268.70 Mbit/s (1460.93 Mbit/s with framing)
[1;36m[Device: id=1] RX[0m: 1.2014 Mpps, 1268.65 Mbit/s (1460.86 Mbit/s with framing)
[0;34m[Device: id=0] TX[0m: 1.2013 Mpps, 1268.61 Mbit/s (1460.82 Mbit/s with framing)
[1;36m[Device: id=1] RX[0m: 1.2014 Mpps, 1268.66 Mbit/s (1460.88 Mbit/s with framing)
[0;34m[Device: id=0] TX[0m: 1.2014 Mpps, 1268.71 Mbit/s (1460.94 Mbit/s with framing)
[1;36m[Device: id=1] RX[0m: 1.2009 Mpps, 1268.11 Mbit/s (1460.25 Mbit/s with framing)
[0;34m[Device: id=0] TX[0m: 1.2013 Mpps, 1268.62 Mbit/s (1460.83 Mbit/s with framing)
[1;36m[Device: id=1] RX[0m: 1.2014 Mpps, 1268.65 Mbit/s (1460.87 Mbit/s with framing)
[0;34m[Device: id=0] TX[0m: 1.2014 Mpps, 1268.63 Mbit/s (1460.85 Mbit/s with framing)
[1;36m[Device: id=1] RX[0m: 1.2014 Mpps, 1268.66 Mbit/s (1460.88 Mbit/s with framing)
[0;34m[Device: id=0] TX[0m: 1.2014 Mpps, 1268.65 Mbit/s (1460.87 Mbit/s with framing)
[1;36m[Device: id=1] RX[0m: 1.2014 Mpps, 1268.66 Mbit/s (1460.88 Mbit/s with framing)
[0;34m[Device: id=0] TX[0m: 1.2014 Mpps, 1268.65 Mbit/s (1460.87 Mbit/s with framing)
[1;36m[Device: id=1] RX[0m: 1.2013 Mpps, 1268.62 Mbit/s (1460.84 Mbit/s with framing)
[0;34m[Device: id=0] TX[0m: 1.2014 Mpps, 1268.65 Mbit/s (1460.87 Mbit/s with framing)
[1;36m[Device: id=1] RX[0m: 1.2014 Mpps, 1268.66 Mbit/s (1460.88 Mbit/s with framing)
[0;34m[Device: id=0] TX[0m: 1.2014 Mpps, 1268.66 Mbit/s (1460.88 Mbit/s with framing)
[1;36m[Device: id=1] RX[0m: 1.2014 Mpps, 1268.66 Mbit/s (1460.88 Mbit/s with framing)
[0;34m[Device: id=0] TX[0m: 1.2014 Mpps, 1268.64 Mbit/s (1460.86 Mbit/s with framing)
[1;36m[Device: id=1] RX[0m: 1.2008 Mpps, 1268.08 Mbit/s (1460.22 Mbit/s with framing)
[0;34m[Device: id=0] TX[0m: 1.2014 Mpps, 1268.70 Mbit/s (1460.92 Mbit/s with framing)
[1;36m[Device: id=1] RX[0m: 1.2014 Mpps, 1268.65 Mbit/s (1460.88 Mbit/s with framing)
[0;34m[Device: id=0] TX[0m: 1.2013 Mpps, 1268.61 Mbit/s (1460.82 Mbit/s with framing)
[1;36m[Device: id=1] RX[0m: 1.2014 Mpps, 1268.63 Mbit/s (1460.85 Mbit/s with framing)
[0;34m[Device: id=0] TX[0m: 1.2014 Mpps, 1268.65 Mbit/s (1460.87 Mbit/s with framing)
[1;36m[Device: id=1] RX[0m: 1.2014 Mpps, 1268.68 Mbit/s (1460.90 Mbit/s with framing)
[0;34m[Device: id=0] TX[0m: 1.2014 Mpps, 1268.65 Mbit/s (1460.87 Mbit/s with framing)
36
[1;36m[Device: id=1] RX[0m: 1.1562 Mpps, 1220.95 Mbit/s (1405.95 Mbit/s with framing)
[0;34m[Device: id=0] TX[0m: 0.9915 Mpps, 1047.02 Mbit/s (1205.66 Mbit/s with framing)
[1;36m[Device: id=1] RX[0m: 0.0000 Mpps, 0.00 Mbit/s (0.00 Mbit/s with framing)
[0;34m[Device: id=0] TX[0m: 0.0000 Mpps, 0.00 Mbit/s (0.00 Mbit/s with framing)
36000000
[1;36m[Device: id=1] RX[0m: 1.1591 (StdDev 0.2191) Mpps, 1224.04 (StdDev 231) Mbit/s (1409.50 Mbit/s with framing), total 35922334 packets with 4741747604 bytes (incl. CRC)
[0;34m[Device: id=0] TX[0m: 1.1543 (StdDev 0.2214) Mpps, 1218.97 (StdDev 234) Mbit/s (1403.66 Mbit/s with framing), total 36000000 packets with 4752000000 bytes (incl. CRC)
