[1;37m[INFO]  Initializing DPDK. This will take a few seconds...[0m
EAL: Probing VFIO support...
EAL: PCI device 0000:18:00.0 on NUMA socket 0
EAL:   probe driver: 8086:10fb net_ixgbe
EAL: PCI device 0000:18:00.1 on NUMA socket 0
EAL:   probe driver: 8086:10fb net_ixgbe
EAL: PCI device 0000:62:00.0 on NUMA socket 0
EAL:   probe driver: 8086:37d2 net_i40e
EAL: PCI device 0000:62:00.1 on NUMA socket 0
EAL:   probe driver: 8086:37d2 net_i40e
[1;37m[INFO]  Found 3 usable devices:[0m
   Device 0: 00:1B:21:BE:39:14 ([0;32mIntel Corporation 82599ES 10-Gigabit SFI/SFP+ Network Connection[0m)
   Device 1: 00:1B:21:BE:39:16 ([0;32mIntel Corporation 82599ES 10-Gigabit SFI/SFP+ Network Connection[0m)
   Device 2: AC:1F:6B:B9:35:91 ([0;32mIntel Corporation Ethernet Connection X722 for 10GBASE-T[0m)
PMD: ixgbe_dev_link_status_print():  Port 0: Link Down
PMD: ixgbe_dev_link_status_print():  Port 1: Link Down
[1;37m[INFO]  Waiting for devices to come up...[0m
[1;37m[INFO]  Device 1 (00:1B:21:BE:39:16) is up: 10000 MBit/s[0m
[1;37m[INFO]  Device 0 (00:1B:21:BE:39:14) is up: 10000 MBit/s[0m
[1;37m[INFO]  [0;32m2 devices are up.[0m[0m
[1;37m[INFO]  Trying to enable rx timestamping of all packets, this isn't supported by most nics[0m
[0;34m[Device: id=0] TX[0m: 1.6650 Mpps, 3463.17 Mbit/s (3729.57 Mbit/s with framing)
[1;36m[Device: id=1] RX[0m: 0.6852 Mpps, 1425.25 Mbit/s (1534.89 Mbit/s with framing)
[0;34m[Device: id=0] TX[0m: 1.7006 Mpps, 3537.24 Mbit/s (3809.33 Mbit/s with framing)
[1;36m[Device: id=1] RX[0m: 1.6737 Mpps, 3481.26 Mbit/s (3749.05 Mbit/s with framing)
[0;34m[Device: id=0] TX[0m: 1.7017 Mpps, 3539.52 Mbit/s (3811.80 Mbit/s with framing)
[1;36m[Device: id=1] RX[0m: 1.7018 Mpps, 3539.73 Mbit/s (3812.02 Mbit/s with framing)
[0;34m[Device: id=0] TX[0m: 1.7019 Mpps, 3539.94 Mbit/s (3812.24 Mbit/s with framing)
[1;36m[Device: id=1] RX[0m: 1.7014 Mpps, 3538.82 Mbit/s (3811.04 Mbit/s with framing)
[0;34m[Device: id=0] TX[0m: 1.7017 Mpps, 3539.50 Mbit/s (3811.77 Mbit/s with framing)
[1;36m[Device: id=1] RX[0m: 1.7022 Mpps, 3540.59 Mbit/s (3812.94 Mbit/s with framing)
[0;34m[Device: id=0] TX[0m: 1.7019 Mpps, 3539.93 Mbit/s (3812.23 Mbit/s with framing)
[1;36m[Device: id=1] RX[0m: 1.7018 Mpps, 3539.73 Mbit/s (3812.02 Mbit/s with framing)
[1;36m[Device: id=1] RX[0m: 1.7015 Mpps, 3539.20 Mbit/s (3811.44 Mbit/s with framing)
[0;34m[Device: id=0] TX[0m: 1.7018 Mpps, 3539.73 Mbit/s (3812.02 Mbit/s with framing)
[1;36m[Device: id=1] RX[0m: 1.7020 Mpps, 3540.25 Mbit/s (3812.57 Mbit/s with framing)
[0;34m[Device: id=0] TX[0m: 1.7017 Mpps, 3539.49 Mbit/s (3811.76 Mbit/s with framing)
[1;36m[Device: id=1] RX[0m: 1.7010 Mpps, 3538.01 Mbit/s (3810.16 Mbit/s with framing)
[0;34m[Device: id=0] TX[0m: 1.7019 Mpps, 3539.94 Mbit/s (3812.25 Mbit/s with framing)
[1;36m[Device: id=1] RX[0m: 1.7026 Mpps, 3541.42 Mbit/s (3813.84 Mbit/s with framing)
[0;34m[Device: id=0] TX[0m: 1.7017 Mpps, 3539.49 Mbit/s (3811.76 Mbit/s with framing)
[1;36m[Device: id=1] RX[0m: 1.7018 Mpps, 3539.73 Mbit/s (3812.01 Mbit/s with framing)
[0;34m[Device: id=0] TX[0m: 1.7019 Mpps, 3540.08 Mbit/s (3812.39 Mbit/s with framing)
[1;36m[Device: id=1] RX[0m: 1.7018 Mpps, 3539.71 Mbit/s (3812.00 Mbit/s with framing)
[0;34m[Device: id=0] TX[0m: 1.7016 Mpps, 3539.34 Mbit/s (3811.61 Mbit/s with framing)
[1;36m[Device: id=1] RX[0m: 1.7018 Mpps, 3539.71 Mbit/s (3812.00 Mbit/s with framing)
[0;34m[Device: id=0] TX[0m: 1.7018 Mpps, 3539.83 Mbit/s (3812.13 Mbit/s with framing)
[1;36m[Device: id=1] RX[0m: 1.7018 Mpps, 3539.72 Mbit/s (3812.00 Mbit/s with framing)
[0;34m[Device: id=0] TX[0m: 1.7017 Mpps, 3539.60 Mbit/s (3811.88 Mbit/s with framing)
[1;36m[Device: id=1] RX[0m: 1.7018 Mpps, 3539.71 Mbit/s (3812.00 Mbit/s with framing)
[0;34m[Device: id=0] TX[0m: 1.7018 Mpps, 3539.72 Mbit/s (3812.00 Mbit/s with framing)
[1;36m[Device: id=1] RX[0m: 1.7018 Mpps, 3539.72 Mbit/s (3812.01 Mbit/s with framing)
[0;34m[Device: id=0] TX[0m: 1.7018 Mpps, 3539.72 Mbit/s (3812.00 Mbit/s with framing)
[1;36m[Device: id=1] RX[0m: 1.7018 Mpps, 3539.72 Mbit/s (3812.01 Mbit/s with framing)
[0;34m[Device: id=0] TX[0m: 1.7018 Mpps, 3539.84 Mbit/s (3812.14 Mbit/s with framing)
[1;36m[Device: id=1] RX[0m: 1.7018 Mpps, 3539.72 Mbit/s (3812.01 Mbit/s with framing)
[0;34m[Device: id=0] TX[0m: 1.7017 Mpps, 3539.59 Mbit/s (3811.87 Mbit/s with framing)
[1;36m[Device: id=1] RX[0m: 1.7018 Mpps, 3539.71 Mbit/s (3811.99 Mbit/s with framing)
[0;34m[Device: id=0] TX[0m: 1.7018 Mpps, 3539.84 Mbit/s (3812.13 Mbit/s with framing)
[1;36m[Device: id=1] RX[0m: 1.7018 Mpps, 3539.73 Mbit/s (3812.02 Mbit/s with framing)
[0;34m[Device: id=0] TX[0m: 1.7017 Mpps, 3539.59 Mbit/s (3811.87 Mbit/s with framing)
[1;36m[Device: id=1] RX[0m: 1.7018 Mpps, 3539.71 Mbit/s (3812.00 Mbit/s with framing)
[0;34m[Device: id=0] TX[0m: 1.7018 Mpps, 3539.72 Mbit/s (3812.00 Mbit/s with framing)
[1;36m[Device: id=1] RX[0m: 1.7018 Mpps, 3539.70 Mbit/s (3811.99 Mbit/s with framing)
[0;34m[Device: id=0] TX[0m: 1.7018 Mpps, 3539.72 Mbit/s (3812.00 Mbit/s with framing)
[1;36m[Device: id=1] RX[0m: 1.7017 Mpps, 3539.51 Mbit/s (3811.78 Mbit/s with framing)
[0;34m[Device: id=0] TX[0m: 1.7018 Mpps, 3539.86 Mbit/s (3812.15 Mbit/s with framing)
[1;36m[Device: id=1] RX[0m: 1.7019 Mpps, 3539.94 Mbit/s (3812.24 Mbit/s with framing)
[0;34m[Device: id=0] TX[0m: 1.7017 Mpps, 3539.58 Mbit/s (3811.86 Mbit/s with framing)
[1;36m[Device: id=1] RX[0m: 1.7018 Mpps, 3539.71 Mbit/s (3811.99 Mbit/s with framing)
[0;34m[Device: id=0] TX[0m: 1.7018 Mpps, 3539.72 Mbit/s (3812.00 Mbit/s with framing)
[1;36m[Device: id=1] RX[0m: 1.7018 Mpps, 3539.72 Mbit/s (3812.01 Mbit/s with framing)
[0;34m[Device: id=0] TX[0m: 1.7018 Mpps, 3539.75 Mbit/s (3812.03 Mbit/s with framing)
[1;36m[Device: id=1] RX[0m: 1.7018 Mpps, 3539.71 Mbit/s (3812.00 Mbit/s with framing)
[0;34m[Device: id=0] TX[0m: 1.7018 Mpps, 3539.81 Mbit/s (3812.11 Mbit/s with framing)
[1;36m[Device: id=1] RX[0m: 1.7018 Mpps, 3539.73 Mbit/s (3812.01 Mbit/s with framing)
[0;34m[Device: id=0] TX[0m: 1.7017 Mpps, 3539.59 Mbit/s (3811.87 Mbit/s with framing)
[1;36m[Device: id=1] RX[0m: 1.7018 Mpps, 3539.72 Mbit/s (3812.01 Mbit/s with framing)
[0;34m[Device: id=0] TX[0m: 1.7018 Mpps, 3539.72 Mbit/s (3812.00 Mbit/s with framing)
51
[1;36m[Device: id=1] RX[0m: 1.6259 Mpps, 3381.91 Mbit/s (3642.06 Mbit/s with framing)
[0;34m[Device: id=0] TX[0m: 1.3890 Mpps, 2889.07 Mbit/s (3111.31 Mbit/s with framing)
[1;36m[Device: id=1] RX[0m: 0.0000 Mpps, 0.00 Mbit/s (0.00 Mbit/s with framing)
[0;34m[Device: id=0] TX[0m: 0.0000 Mpps, 0.00 Mbit/s (0.00 Mbit/s with framing)
51000000
[1;36m[Device: id=1] RX[0m: 1.6416 (StdDev 0.3104) Mpps, 3414.52 (StdDev 646) Mbit/s (3677.17 Mbit/s with framing), total 49933134 packets with 12982613076 bytes (incl. CRC)
[0;34m[Device: id=0] TX[0m: 1.6346 (StdDev 0.3140) Mpps, 3399.95 (StdDev 653) Mbit/s (3661.48 Mbit/s with framing), total 51000000 packets with 13260000000 bytes (incl. CRC)
