[1;37m[INFO]  Initializing DPDK. This will take a few seconds...[0m
EAL: Probing VFIO support...
EAL: PCI device 0000:18:00.0 on NUMA socket 0
EAL:   probe driver: 8086:10fb net_ixgbe
EAL: PCI device 0000:18:00.1 on NUMA socket 0
EAL:   probe driver: 8086:10fb net_ixgbe
EAL: PCI device 0000:62:00.0 on NUMA socket 0
EAL:   probe driver: 8086:37d2 net_i40e
EAL: PCI device 0000:62:00.1 on NUMA socket 0
EAL:   probe driver: 8086:37d2 net_i40e
[1;37m[INFO]  Found 3 usable devices:[0m
   Device 0: 00:1B:21:BE:39:14 ([0;32mIntel Corporation 82599ES 10-Gigabit SFI/SFP+ Network Connection[0m)
   Device 1: 00:1B:21:BE:39:16 ([0;32mIntel Corporation 82599ES 10-Gigabit SFI/SFP+ Network Connection[0m)
   Device 2: AC:1F:6B:B9:35:91 ([0;32mIntel Corporation Ethernet Connection X722 for 10GBASE-T[0m)
PMD: ixgbe_dev_link_status_print():  Port 0: Link Down
PMD: ixgbe_dev_link_status_print():  Port 1: Link Down
[1;37m[INFO]  Waiting for devices to come up...[0m
[1;37m[INFO]  Device 0 (00:1B:21:BE:39:14) is up: 10000 MBit/s[0m
[1;37m[INFO]  Device 1 (00:1B:21:BE:39:16) is up: 10000 MBit/s[0m
[1;37m[INFO]  [0;32m2 devices are up.[0m[0m
[1;37m[INFO]  Trying to enable rx timestamping of all packets, this isn't supported by most nics[0m
[0;34m[Device: id=0] TX[0m: 0.0980 Mpps, 404.70 Mbit/s (420.39 Mbit/s with framing)
[1;36m[Device: id=1] RX[0m: 0.0984 Mpps, 406.35 Mbit/s (422.10 Mbit/s with framing)
[0;34m[Device: id=0] TX[0m: 0.1000 Mpps, 412.76 Mbit/s (428.76 Mbit/s with framing)
[1;36m[Device: id=1] RX[0m: 0.0988 Mpps, 407.93 Mbit/s (423.74 Mbit/s with framing)
[0;34m[Device: id=0] TX[0m: 0.1000 Mpps, 412.80 Mbit/s (428.80 Mbit/s with framing)
[1;36m[Device: id=1] RX[0m: 0.1000 Mpps, 412.80 Mbit/s (428.80 Mbit/s with framing)
[0;34m[Device: id=0] TX[0m: 0.1000 Mpps, 412.80 Mbit/s (428.80 Mbit/s with framing)
[1;36m[Device: id=1] RX[0m: 0.1000 Mpps, 412.80 Mbit/s (428.80 Mbit/s with framing)
[1;36m[Device: id=1] RX[0m: 0.1000 Mpps, 412.80 Mbit/s (428.80 Mbit/s with framing)
[0;34m[Device: id=0] TX[0m: 0.1000 Mpps, 412.85 Mbit/s (428.85 Mbit/s with framing)
[1;36m[Device: id=1] RX[0m: 0.1000 Mpps, 412.80 Mbit/s (428.80 Mbit/s with framing)
[0;34m[Device: id=0] TX[0m: 0.1000 Mpps, 412.76 Mbit/s (428.76 Mbit/s with framing)
[1;36m[Device: id=1] RX[0m: 0.1000 Mpps, 412.80 Mbit/s (428.80 Mbit/s with framing)
[0;34m[Device: id=0] TX[0m: 0.1000 Mpps, 412.84 Mbit/s (428.85 Mbit/s with framing)
[1;36m[Device: id=1] RX[0m: 0.1000 Mpps, 412.80 Mbit/s (428.80 Mbit/s with framing)
[0;34m[Device: id=0] TX[0m: 0.1000 Mpps, 412.76 Mbit/s (428.76 Mbit/s with framing)
[1;36m[Device: id=1] RX[0m: 0.1000 Mpps, 412.80 Mbit/s (428.80 Mbit/s with framing)
[0;34m[Device: id=0] TX[0m: 0.1000 Mpps, 412.80 Mbit/s (428.80 Mbit/s with framing)
[1;36m[Device: id=1] RX[0m: 0.1000 Mpps, 412.80 Mbit/s (428.80 Mbit/s with framing)
[0;34m[Device: id=0] TX[0m: 0.1000 Mpps, 412.80 Mbit/s (428.80 Mbit/s with framing)
[1;36m[Device: id=1] RX[0m: 0.1000 Mpps, 412.80 Mbit/s (428.80 Mbit/s with framing)
[0;34m[Device: id=0] TX[0m: 0.1000 Mpps, 412.83 Mbit/s (428.83 Mbit/s with framing)
[1;36m[Device: id=1] RX[0m: 0.1000 Mpps, 412.80 Mbit/s (428.80 Mbit/s with framing)
[0;34m[Device: id=0] TX[0m: 0.1000 Mpps, 412.77 Mbit/s (428.77 Mbit/s with framing)
[1;36m[Device: id=1] RX[0m: 0.1000 Mpps, 412.80 Mbit/s (428.80 Mbit/s with framing)
[0;34m[Device: id=0] TX[0m: 0.1000 Mpps, 412.80 Mbit/s (428.80 Mbit/s with framing)
[1;36m[Device: id=1] RX[0m: 0.1000 Mpps, 412.80 Mbit/s (428.80 Mbit/s with framing)
[0;34m[Device: id=0] TX[0m: 0.1000 Mpps, 412.80 Mbit/s (428.80 Mbit/s with framing)
[1;36m[Device: id=1] RX[0m: 0.1000 Mpps, 412.80 Mbit/s (428.80 Mbit/s with framing)
[0;34m[Device: id=0] TX[0m: 0.1000 Mpps, 412.80 Mbit/s (428.80 Mbit/s with framing)
[1;36m[Device: id=1] RX[0m: 0.1000 Mpps, 412.80 Mbit/s (428.80 Mbit/s with framing)
[0;34m[Device: id=0] TX[0m: 0.1000 Mpps, 412.80 Mbit/s (428.80 Mbit/s with framing)
[1;36m[Device: id=1] RX[0m: 0.1000 Mpps, 412.80 Mbit/s (428.80 Mbit/s with framing)
[0;34m[Device: id=0] TX[0m: 0.1000 Mpps, 412.81 Mbit/s (428.82 Mbit/s with framing)
[1;36m[Device: id=1] RX[0m: 0.1000 Mpps, 412.80 Mbit/s (428.80 Mbit/s with framing)
[0;34m[Device: id=0] TX[0m: 0.1000 Mpps, 412.79 Mbit/s (428.79 Mbit/s with framing)
[1;36m[Device: id=1] RX[0m: 0.1000 Mpps, 412.80 Mbit/s (428.80 Mbit/s with framing)
[0;34m[Device: id=0] TX[0m: 0.1000 Mpps, 412.80 Mbit/s (428.80 Mbit/s with framing)
[1;36m[Device: id=1] RX[0m: 0.1000 Mpps, 412.80 Mbit/s (428.80 Mbit/s with framing)
[0;34m[Device: id=0] TX[0m: 0.1000 Mpps, 412.80 Mbit/s (428.80 Mbit/s with framing)
[1;36m[Device: id=1] RX[0m: 0.1000 Mpps, 412.80 Mbit/s (428.80 Mbit/s with framing)
[0;34m[Device: id=0] TX[0m: 0.1000 Mpps, 412.80 Mbit/s (428.80 Mbit/s with framing)
[1;36m[Device: id=1] RX[0m: 0.1000 Mpps, 412.80 Mbit/s (428.80 Mbit/s with framing)
[0;34m[Device: id=0] TX[0m: 0.1000 Mpps, 412.80 Mbit/s (428.80 Mbit/s with framing)
[1;36m[Device: id=1] RX[0m: 0.1000 Mpps, 412.81 Mbit/s (428.81 Mbit/s with framing)
[0;34m[Device: id=0] TX[0m: 0.1000 Mpps, 412.80 Mbit/s (428.80 Mbit/s with framing)
[1;36m[Device: id=1] RX[0m: 0.1000 Mpps, 412.79 Mbit/s (428.79 Mbit/s with framing)
[0;34m[Device: id=0] TX[0m: 0.1000 Mpps, 412.80 Mbit/s (428.80 Mbit/s with framing)
[1;36m[Device: id=1] RX[0m: 0.1000 Mpps, 412.80 Mbit/s (428.80 Mbit/s with framing)
[0;34m[Device: id=0] TX[0m: 0.1000 Mpps, 412.80 Mbit/s (428.80 Mbit/s with framing)
[1;36m[Device: id=1] RX[0m: 0.1000 Mpps, 412.80 Mbit/s (428.80 Mbit/s with framing)
[0;34m[Device: id=0] TX[0m: 0.1000 Mpps, 412.80 Mbit/s (428.80 Mbit/s with framing)
[1;36m[Device: id=1] RX[0m: 0.1000 Mpps, 412.80 Mbit/s (428.80 Mbit/s with framing)
[0;34m[Device: id=0] TX[0m: 0.1000 Mpps, 412.80 Mbit/s (428.80 Mbit/s with framing)
[1;36m[Device: id=1] RX[0m: 0.1000 Mpps, 412.80 Mbit/s (428.80 Mbit/s with framing)
[0;34m[Device: id=0] TX[0m: 0.1000 Mpps, 412.80 Mbit/s (428.80 Mbit/s with framing)
[1;36m[Device: id=1] RX[0m: 0.1000 Mpps, 412.80 Mbit/s (428.80 Mbit/s with framing)
[0;34m[Device: id=0] TX[0m: 0.1000 Mpps, 412.80 Mbit/s (428.80 Mbit/s with framing)
3
[1;36m[Device: id=1] RX[0m: 0.0994 Mpps, 410.17 Mbit/s (426.07 Mbit/s with framing)
[0;34m[Device: id=0] TX[0m: 0.0844 Mpps, 348.44 Mbit/s (361.94 Mbit/s with framing)
[1;36m[Device: id=1] RX[0m: 0.0000 Mpps, 0.00 Mbit/s (0.00 Mbit/s with framing)
[0;34m[Device: id=0] TX[0m: 0.0000 Mpps, 0.00 Mbit/s (0.00 Mbit/s with framing)
3000000
[1;36m[Device: id=1] RX[0m: 0.0966 (StdDev 0.0182) Mpps, 398.79 (StdDev 75) Mbit/s (414.25 Mbit/s with framing), total 2996704 packets with 1546294940 bytes (incl. CRC)
[0;34m[Device: id=0] TX[0m: 0.0961 (StdDev 0.0184) Mpps, 396.89 (StdDev 76) Mbit/s (412.28 Mbit/s with framing), total 3000000 packets with 1548000000 bytes (incl. CRC)
