[1;37m[INFO]  Initializing DPDK. This will take a few seconds...[0m
EAL: Probing VFIO support...
EAL: PCI device 0000:18:00.0 on NUMA socket 0
EAL:   probe driver: 8086:10fb net_ixgbe
EAL: PCI device 0000:18:00.1 on NUMA socket 0
EAL:   probe driver: 8086:10fb net_ixgbe
EAL: PCI device 0000:62:00.0 on NUMA socket 0
EAL:   probe driver: 8086:37d2 net_i40e
EAL: PCI device 0000:62:00.1 on NUMA socket 0
EAL:   probe driver: 8086:37d2 net_i40e
[1;37m[INFO]  Found 3 usable devices:[0m
   Device 0: 00:1B:21:BE:39:14 ([0;32mIntel Corporation 82599ES 10-Gigabit SFI/SFP+ Network Connection[0m)
   Device 1: 00:1B:21:BE:39:16 ([0;32mIntel Corporation 82599ES 10-Gigabit SFI/SFP+ Network Connection[0m)
   Device 2: AC:1F:6B:B9:35:91 ([0;32mIntel Corporation Ethernet Connection X722 for 10GBASE-T[0m)
PMD: ixgbe_dev_link_status_print():  Port 0: Link Down
PMD: ixgbe_dev_link_status_print():  Port 1: Link Down
[1;37m[INFO]  Waiting for devices to come up...[0m
[1;37m[INFO]  Device 0 (00:1B:21:BE:39:14) is up: 10000 MBit/s[0m
[1;37m[INFO]  Device 1 (00:1B:21:BE:39:16) is up: 10000 MBit/s[0m
[1;37m[INFO]  [0;32m2 devices are up.[0m[0m
[1;37m[INFO]  Trying to enable rx timestamping of all packets, this isn't supported by most nics[0m
[0;34m[Device: id=0] TX[0m: 0.7689 Mpps, 9251.02 Mbit/s (9374.04 Mbit/s with framing)
[1;36m[Device: id=1] RX[0m: 0.7931 Mpps, 9542.21 Mbit/s (9669.10 Mbit/s with framing)
[0;34m[Device: id=0] TX[0m: 0.8201 Mpps, 9866.85 Mbit/s (9998.06 Mbit/s with framing)
[1;36m[Device: id=1] RX[0m: 0.8063 Mpps, 9701.51 Mbit/s (9830.52 Mbit/s with framing)
[0;34m[Device: id=0] TX[0m: 0.8201 Mpps, 9867.95 Mbit/s (9999.17 Mbit/s with framing)
[1;36m[Device: id=1] RX[0m: 0.8201 Mpps, 9867.96 Mbit/s (9999.18 Mbit/s with framing)
[0;34m[Device: id=0] TX[0m: 0.8201 Mpps, 9867.96 Mbit/s (9999.18 Mbit/s with framing)
[1;36m[Device: id=1] RX[0m: 0.8201 Mpps, 9867.95 Mbit/s (9999.18 Mbit/s with framing)
[0;34m[Device: id=0] TX[0m: 0.8202 Mpps, 9869.02 Mbit/s (10000.26 Mbit/s with framing)
[1;36m[Device: id=1] RX[0m: 0.8199 Mpps, 9864.55 Mbit/s (9995.73 Mbit/s with framing)
[1;36m[Device: id=1] RX[0m: 0.8201 Mpps, 9867.97 Mbit/s (9999.19 Mbit/s with framing)
[0;34m[Device: id=0] TX[0m: 0.8201 Mpps, 9866.90 Mbit/s (9998.11 Mbit/s with framing)
[1;36m[Device: id=1] RX[0m: 0.8200 Mpps, 9865.80 Mbit/s (9996.99 Mbit/s with framing)
[0;34m[Device: id=0] TX[0m: 0.8202 Mpps, 9869.04 Mbit/s (10000.28 Mbit/s with framing)
[1;36m[Device: id=1] RX[0m: 0.8201 Mpps, 9867.95 Mbit/s (9999.17 Mbit/s with framing)
[0;34m[Device: id=0] TX[0m: 0.8201 Mpps, 9867.95 Mbit/s (9999.17 Mbit/s with framing)
[1;36m[Device: id=1] RX[0m: 0.8201 Mpps, 9867.96 Mbit/s (9999.18 Mbit/s with framing)
[0;34m[Device: id=0] TX[0m: 0.8201 Mpps, 9866.92 Mbit/s (9998.13 Mbit/s with framing)
[1;36m[Device: id=1] RX[0m: 0.8201 Mpps, 9867.96 Mbit/s (9999.18 Mbit/s with framing)
[0;34m[Device: id=0] TX[0m: 0.8202 Mpps, 9869.08 Mbit/s (10000.31 Mbit/s with framing)
[1;36m[Device: id=1] RX[0m: 0.8200 Mpps, 9866.54 Mbit/s (9997.74 Mbit/s with framing)
[0;34m[Device: id=0] TX[0m: 0.8201 Mpps, 9867.90 Mbit/s (9999.12 Mbit/s with framing)
[1;36m[Device: id=1] RX[0m: 0.8201 Mpps, 9867.95 Mbit/s (9999.18 Mbit/s with framing)
[0;34m[Device: id=0] TX[0m: 0.8201 Mpps, 9866.87 Mbit/s (9998.08 Mbit/s with framing)
[1;36m[Device: id=1] RX[0m: 0.8200 Mpps, 9866.48 Mbit/s (9997.68 Mbit/s with framing)
[0;34m[Device: id=0] TX[0m: 0.8202 Mpps, 9868.36 Mbit/s (9999.59 Mbit/s with framing)
[1;36m[Device: id=1] RX[0m: 0.8201 Mpps, 9867.96 Mbit/s (9999.19 Mbit/s with framing)
[0;34m[Device: id=0] TX[0m: 0.8201 Mpps, 9867.63 Mbit/s (9998.85 Mbit/s with framing)
[1;36m[Device: id=1] RX[0m: 0.8201 Mpps, 9867.96 Mbit/s (9999.18 Mbit/s with framing)
[0;34m[Device: id=0] TX[0m: 0.8201 Mpps, 9867.92 Mbit/s (9999.14 Mbit/s with framing)
[1;36m[Device: id=1] RX[0m: 0.8201 Mpps, 9867.95 Mbit/s (9999.17 Mbit/s with framing)
[0;34m[Device: id=0] TX[0m: 0.8201 Mpps, 9867.97 Mbit/s (9999.20 Mbit/s with framing)
[1;36m[Device: id=1] RX[0m: 0.8200 Mpps, 9865.79 Mbit/s (9996.98 Mbit/s with framing)
[0;34m[Device: id=0] TX[0m: 0.8202 Mpps, 9868.41 Mbit/s (9999.63 Mbit/s with framing)
[1;36m[Device: id=1] RX[0m: 0.8201 Mpps, 9867.95 Mbit/s (9999.18 Mbit/s with framing)
[0;34m[Device: id=0] TX[0m: 0.8201 Mpps, 9867.53 Mbit/s (9998.75 Mbit/s with framing)
[1;36m[Device: id=1] RX[0m: 0.8201 Mpps, 9867.95 Mbit/s (9999.18 Mbit/s with framing)
[0;34m[Device: id=0] TX[0m: 0.8201 Mpps, 9867.97 Mbit/s (9999.20 Mbit/s with framing)
[1;36m[Device: id=1] RX[0m: 0.8201 Mpps, 9867.96 Mbit/s (9999.18 Mbit/s with framing)
[0;34m[Device: id=0] TX[0m: 0.8202 Mpps, 9868.39 Mbit/s (9999.62 Mbit/s with framing)
[1;36m[Device: id=1] RX[0m: 0.8201 Mpps, 9867.95 Mbit/s (9999.18 Mbit/s with framing)
[0;34m[Device: id=0] TX[0m: 0.8201 Mpps, 9867.55 Mbit/s (9998.77 Mbit/s with framing)
[1;36m[Device: id=1] RX[0m: 0.8201 Mpps, 9867.96 Mbit/s (9999.18 Mbit/s with framing)
[0;34m[Device: id=0] TX[0m: 0.8201 Mpps, 9867.97 Mbit/s (9999.19 Mbit/s with framing)
[1;36m[Device: id=1] RX[0m: 0.8201 Mpps, 9867.95 Mbit/s (9999.17 Mbit/s with framing)
[0;34m[Device: id=0] TX[0m: 0.8201 Mpps, 9867.96 Mbit/s (9999.19 Mbit/s with framing)
[1;36m[Device: id=1] RX[0m: 0.8201 Mpps, 9867.96 Mbit/s (9999.18 Mbit/s with framing)
[0;34m[Device: id=0] TX[0m: 0.8201 Mpps, 9867.97 Mbit/s (9999.20 Mbit/s with framing)
[1;36m[Device: id=1] RX[0m: 0.8201 Mpps, 9867.95 Mbit/s (9999.17 Mbit/s with framing)
[0;34m[Device: id=0] TX[0m: 0.8201 Mpps, 9868.01 Mbit/s (9999.23 Mbit/s with framing)
[1;36m[Device: id=1] RX[0m: 0.8201 Mpps, 9867.95 Mbit/s (9999.17 Mbit/s with framing)
[0;34m[Device: id=0] TX[0m: 0.8202 Mpps, 9868.32 Mbit/s (9999.55 Mbit/s with framing)
[1;36m[Device: id=1] RX[0m: 0.8201 Mpps, 9867.96 Mbit/s (9999.19 Mbit/s with framing)
[0;34m[Device: id=0] TX[0m: 0.8201 Mpps, 9867.57 Mbit/s (9998.79 Mbit/s with framing)
[1;36m[Device: id=1] RX[0m: 0.8201 Mpps, 9867.96 Mbit/s (9999.18 Mbit/s with framing)
[0;34m[Device: id=0] TX[0m: 0.8201 Mpps, 9867.97 Mbit/s (9999.19 Mbit/s with framing)
[1;36m[Device: id=1] RX[0m: 0.8201 Mpps, 9867.95 Mbit/s (9999.18 Mbit/s with framing)
[0;34m[Device: id=0] TX[0m: 0.8201 Mpps, 9867.97 Mbit/s (9999.19 Mbit/s with framing)
[1;36m[Device: id=1] RX[0m: 0.8201 Mpps, 9867.95 Mbit/s (9999.18 Mbit/s with framing)
[0;34m[Device: id=0] TX[0m: 0.8201 Mpps, 9867.97 Mbit/s (9999.19 Mbit/s with framing)
[1;36m[Device: id=1] RX[0m: 0.8201 Mpps, 9867.96 Mbit/s (9999.18 Mbit/s with framing)
[0;34m[Device: id=0] TX[0m: 0.8201 Mpps, 9867.96 Mbit/s (9999.18 Mbit/s with framing)
[1;36m[Device: id=1] RX[0m: 0.8201 Mpps, 9867.95 Mbit/s (9999.18 Mbit/s with framing)
[0;34m[Device: id=0] TX[0m: 0.8201 Mpps, 9867.98 Mbit/s (9999.20 Mbit/s with framing)
27
[1;36m[Device: id=1] RX[0m: 0.7794 Mpps, 9378.07 Mbit/s (9502.78 Mbit/s with framing)
[0;34m[Device: id=0] TX[0m: 0.6432 Mpps, 7739.22 Mbit/s (7842.14 Mbit/s with framing)
[1;36m[Device: id=1] RX[0m: 0.0000 Mpps, 0.00 Mbit/s (0.00 Mbit/s with framing)
[0;34m[Device: id=0] TX[0m: 0.0000 Mpps, 0.00 Mbit/s (0.00 Mbit/s with framing)
27000000
[1;36m[Device: id=1] RX[0m: 0.7936 (StdDev 0.1427) Mpps, 9548.72 (StdDev 1716) Mbit/s (9675.69 Mbit/s with framing), total 26982272 packets with 40581322884 bytes (incl. CRC)
[0;34m[Device: id=0] TX[0m: 0.7899 (StdDev 0.1451) Mpps, 9504.40 (StdDev 1746) Mbit/s (9630.78 Mbit/s with framing), total 27000000 packets with 40608000000 bytes (incl. CRC)
