[1;37m[INFO]  Initializing DPDK. This will take a few seconds...[0m
EAL: Probing VFIO support...
EAL: PCI device 0000:18:00.0 on NUMA socket 0
EAL:   probe driver: 8086:10fb net_ixgbe
EAL: PCI device 0000:18:00.1 on NUMA socket 0
EAL:   probe driver: 8086:10fb net_ixgbe
EAL: PCI device 0000:62:00.0 on NUMA socket 0
EAL:   probe driver: 8086:37d2 net_i40e
EAL: PCI device 0000:62:00.1 on NUMA socket 0
EAL:   probe driver: 8086:37d2 net_i40e
[1;37m[INFO]  Found 3 usable devices:[0m
   Device 0: 00:1B:21:BE:39:14 ([0;32mIntel Corporation 82599ES 10-Gigabit SFI/SFP+ Network Connection[0m)
   Device 1: 00:1B:21:BE:39:16 ([0;32mIntel Corporation 82599ES 10-Gigabit SFI/SFP+ Network Connection[0m)
   Device 2: AC:1F:6B:B9:35:91 ([0;32mIntel Corporation Ethernet Connection X722 for 10GBASE-T[0m)
PMD: ixgbe_dev_link_status_print():  Port 0: Link Down
PMD: ixgbe_dev_link_status_print():  Port 1: Link Down
[1;37m[INFO]  Waiting for devices to come up...[0m
[1;37m[INFO]  Device 0 (00:1B:21:BE:39:14) is up: 10000 MBit/s[0m
[1;37m[INFO]  Device 1 (00:1B:21:BE:39:16) is up: 10000 MBit/s[0m
[1;37m[INFO]  [0;32m2 devices are up.[0m[0m
[1;37m[INFO]  Trying to enable rx timestamping of all packets, this isn't supported by most nics[0m
[0;34m[Device: id=0] TX[0m: 1.1758 Mpps, 639.65 Mbit/s (827.78 Mbit/s with framing)
[1;36m[Device: id=1] RX[0m: 1.1484 Mpps, 624.74 Mbit/s (808.48 Mbit/s with framing)
[0;34m[Device: id=0] TX[0m: 1.2013 Mpps, 653.51 Mbit/s (845.71 Mbit/s with framing)
[1;36m[Device: id=1] RX[0m: 1.1815 Mpps, 642.71 Mbit/s (831.74 Mbit/s with framing)
[0;34m[Device: id=0] TX[0m: 1.2013 Mpps, 653.51 Mbit/s (845.73 Mbit/s with framing)
[1;36m[Device: id=1] RX[0m: 1.2014 Mpps, 653.55 Mbit/s (845.77 Mbit/s with framing)
[0;34m[Device: id=0] TX[0m: 1.2014 Mpps, 653.55 Mbit/s (845.77 Mbit/s with framing)
[1;36m[Device: id=1] RX[0m: 1.2014 Mpps, 653.55 Mbit/s (845.77 Mbit/s with framing)
[1;36m[Device: id=1] RX[0m: 1.2014 Mpps, 653.55 Mbit/s (845.77 Mbit/s with framing)
[0;34m[Device: id=0] TX[0m: 1.2014 Mpps, 653.59 Mbit/s (845.82 Mbit/s with framing)
[1;36m[Device: id=1] RX[0m: 1.2014 Mpps, 653.55 Mbit/s (845.77 Mbit/s with framing)
[0;34m[Device: id=0] TX[0m: 1.2013 Mpps, 653.51 Mbit/s (845.72 Mbit/s with framing)
[1;36m[Device: id=1] RX[0m: 1.2014 Mpps, 653.54 Mbit/s (845.76 Mbit/s with framing)
[0;34m[Device: id=0] TX[0m: 1.2014 Mpps, 653.55 Mbit/s (845.77 Mbit/s with framing)
[1;36m[Device: id=1] RX[0m: 1.2010 Mpps, 653.34 Mbit/s (845.50 Mbit/s with framing)
[0;34m[Device: id=0] TX[0m: 1.2014 Mpps, 653.59 Mbit/s (845.82 Mbit/s with framing)
[1;36m[Device: id=1] RX[0m: 1.2014 Mpps, 653.55 Mbit/s (845.78 Mbit/s with framing)
[0;34m[Device: id=0] TX[0m: 1.2013 Mpps, 653.51 Mbit/s (845.73 Mbit/s with framing)
[1;36m[Device: id=1] RX[0m: 1.2009 Mpps, 653.31 Mbit/s (845.46 Mbit/s with framing)
[0;34m[Device: id=0] TX[0m: 1.2014 Mpps, 653.59 Mbit/s (845.82 Mbit/s with framing)
[1;36m[Device: id=1] RX[0m: 1.2014 Mpps, 653.55 Mbit/s (845.77 Mbit/s with framing)
[0;34m[Device: id=0] TX[0m: 1.2015 Mpps, 653.63 Mbit/s (845.87 Mbit/s with framing)
[1;36m[Device: id=1] RX[0m: 1.2014 Mpps, 653.54 Mbit/s (845.76 Mbit/s with framing)
[0;34m[Device: id=0] TX[0m: 1.2012 Mpps, 653.42 Mbit/s (845.61 Mbit/s with framing)
[1;36m[Device: id=1] RX[0m: 1.2014 Mpps, 653.56 Mbit/s (845.79 Mbit/s with framing)
[0;34m[Device: id=0] TX[0m: 1.2014 Mpps, 653.55 Mbit/s (845.77 Mbit/s with framing)
[1;36m[Device: id=1] RX[0m: 1.2014 Mpps, 653.55 Mbit/s (845.76 Mbit/s with framing)
[0;34m[Device: id=0] TX[0m: 1.2014 Mpps, 653.57 Mbit/s (845.79 Mbit/s with framing)
[1;36m[Device: id=1] RX[0m: 1.2009 Mpps, 653.30 Mbit/s (845.45 Mbit/s with framing)
[0;34m[Device: id=0] TX[0m: 1.2013 Mpps, 653.53 Mbit/s (845.74 Mbit/s with framing)
[1;36m[Device: id=1] RX[0m: 1.2014 Mpps, 653.54 Mbit/s (845.76 Mbit/s with framing)
[0;34m[Device: id=0] TX[0m: 1.2014 Mpps, 653.55 Mbit/s (845.77 Mbit/s with framing)
[1;36m[Device: id=1] RX[0m: 1.2014 Mpps, 653.55 Mbit/s (845.77 Mbit/s with framing)
[0;34m[Device: id=0] TX[0m: 1.2014 Mpps, 653.55 Mbit/s (845.77 Mbit/s with framing)
[1;36m[Device: id=1] RX[0m: 1.2009 Mpps, 653.31 Mbit/s (845.46 Mbit/s with framing)
[0;34m[Device: id=0] TX[0m: 1.2014 Mpps, 653.58 Mbit/s (845.80 Mbit/s with framing)
[1;36m[Device: id=1] RX[0m: 1.2014 Mpps, 653.55 Mbit/s (845.77 Mbit/s with framing)
[0;34m[Device: id=0] TX[0m: 1.2013 Mpps, 653.52 Mbit/s (845.73 Mbit/s with framing)
[1;36m[Device: id=1] RX[0m: 1.2014 Mpps, 653.56 Mbit/s (845.78 Mbit/s with framing)
[0;34m[Device: id=0] TX[0m: 1.2014 Mpps, 653.55 Mbit/s (845.77 Mbit/s with framing)
[1;36m[Device: id=1] RX[0m: 1.2014 Mpps, 653.55 Mbit/s (845.77 Mbit/s with framing)
[0;34m[Device: id=0] TX[0m: 1.2014 Mpps, 653.55 Mbit/s (845.77 Mbit/s with framing)
[1;36m[Device: id=1] RX[0m: 1.2009 Mpps, 653.31 Mbit/s (845.47 Mbit/s with framing)
[0;34m[Device: id=0] TX[0m: 1.2014 Mpps, 653.57 Mbit/s (845.80 Mbit/s with framing)
[1;36m[Device: id=1] RX[0m: 1.2014 Mpps, 653.54 Mbit/s (845.76 Mbit/s with framing)
[0;34m[Device: id=0] TX[0m: 1.2013 Mpps, 653.52 Mbit/s (845.74 Mbit/s with framing)
[1;36m[Device: id=1] RX[0m: 1.2014 Mpps, 653.55 Mbit/s (845.77 Mbit/s with framing)
[0;34m[Device: id=0] TX[0m: 1.2014 Mpps, 653.55 Mbit/s (845.77 Mbit/s with framing)
[1;36m[Device: id=1] RX[0m: 1.2014 Mpps, 653.55 Mbit/s (845.77 Mbit/s with framing)
[0;34m[Device: id=0] TX[0m: 1.2014 Mpps, 653.55 Mbit/s (845.77 Mbit/s with framing)
[1;36m[Device: id=1] RX[0m: 1.2014 Mpps, 653.54 Mbit/s (845.76 Mbit/s with framing)
[0;34m[Device: id=0] TX[0m: 1.2014 Mpps, 653.54 Mbit/s (845.76 Mbit/s with framing)
[1;36m[Device: id=1] RX[0m: 1.2010 Mpps, 653.32 Mbit/s (845.47 Mbit/s with framing)
[0;34m[Device: id=0] TX[0m: 1.2014 Mpps, 653.57 Mbit/s (845.80 Mbit/s with framing)
[1;36m[Device: id=1] RX[0m: 1.2014 Mpps, 653.54 Mbit/s (845.75 Mbit/s with framing)
[0;34m[Device: id=0] TX[0m: 1.2013 Mpps, 653.55 Mbit/s (845.76 Mbit/s with framing)
[1;36m[Device: id=1] RX[0m: 1.2014 Mpps, 653.56 Mbit/s (845.79 Mbit/s with framing)
[0;34m[Device: id=0] TX[0m: 1.2014 Mpps, 653.53 Mbit/s (845.75 Mbit/s with framing)
36
[1;36m[Device: id=1] RX[0m: 1.1500 Mpps, 625.60 Mbit/s (809.60 Mbit/s with framing)
[0;34m[Device: id=0] TX[0m: 0.9660 Mpps, 525.50 Mbit/s (680.07 Mbit/s with framing)
[1;36m[Device: id=1] RX[0m: 0.0000 Mpps, 0.00 Mbit/s (0.00 Mbit/s with framing)
[0;34m[Device: id=0] TX[0m: 0.0000 Mpps, 0.00 Mbit/s (0.00 Mbit/s with framing)
36000000
[1;36m[Device: id=1] RX[0m: 1.1589 (StdDev 0.2191) Mpps, 630.42 (StdDev 119) Mbit/s (815.84 Mbit/s with framing), total 35914672 packets with 2442197852 bytes (incl. CRC)
[0;34m[Device: id=0] TX[0m: 1.1535 (StdDev 0.2221) Mpps, 627.49 (StdDev 121) Mbit/s (812.05 Mbit/s with framing), total 36000000 packets with 2448000000 bytes (incl. CRC)
