[1;37m[INFO]  Initializing DPDK. This will take a few seconds...[0m
EAL: Probing VFIO support...
EAL: PCI device 0000:18:00.0 on NUMA socket 0
EAL:   probe driver: 8086:10fb net_ixgbe
EAL: PCI device 0000:18:00.1 on NUMA socket 0
EAL:   probe driver: 8086:10fb net_ixgbe
EAL: PCI device 0000:62:00.0 on NUMA socket 0
EAL:   probe driver: 8086:37d2 net_i40e
EAL: PCI device 0000:62:00.1 on NUMA socket 0
EAL:   probe driver: 8086:37d2 net_i40e
[1;37m[INFO]  Found 3 usable devices:[0m
   Device 0: 00:1B:21:BE:39:14 ([0;32mIntel Corporation 82599ES 10-Gigabit SFI/SFP+ Network Connection[0m)
   Device 1: 00:1B:21:BE:39:16 ([0;32mIntel Corporation 82599ES 10-Gigabit SFI/SFP+ Network Connection[0m)
   Device 2: AC:1F:6B:B9:35:91 ([0;32mIntel Corporation Ethernet Connection X722 for 10GBASE-T[0m)
PMD: ixgbe_dev_link_status_print():  Port 0: Link Down
PMD: ixgbe_dev_link_status_print():  Port 1: Link Down
[1;37m[INFO]  Waiting for devices to come up...[0m
[1;37m[INFO]  Device 0 (00:1B:21:BE:39:14) is up: 10000 MBit/s[0m
[1;37m[INFO]  Device 1 (00:1B:21:BE:39:16) is up: 10000 MBit/s[0m
[1;37m[INFO]  [0;32m2 devices are up.[0m[0m
[1;37m[INFO]  Trying to enable rx timestamping of all packets, this isn't supported by most nics[0m
[0;34m[Device: id=0] TX[0m: 1.4725 Mpps, 6078.42 Mbit/s (6314.02 Mbit/s with framing)
[1;36m[Device: id=1] RX[0m: 1.0838 Mpps, 4473.75 Mbit/s (4647.16 Mbit/s with framing)
[0;34m[Device: id=0] TX[0m: 1.5010 Mpps, 6196.10 Mbit/s (6436.25 Mbit/s with framing)
[1;36m[Device: id=1] RX[0m: 1.4759 Mpps, 6092.46 Mbit/s (6328.60 Mbit/s with framing)
[0;34m[Device: id=0] TX[0m: 1.5010 Mpps, 6196.15 Mbit/s (6436.32 Mbit/s with framing)
[1;36m[Device: id=1] RX[0m: 1.5011 Mpps, 6196.44 Mbit/s (6436.61 Mbit/s with framing)
[0;34m[Device: id=0] TX[0m: 1.5012 Mpps, 6196.80 Mbit/s (6436.98 Mbit/s with framing)
[1;36m[Device: id=1] RX[0m: 1.5011 Mpps, 6196.42 Mbit/s (6436.59 Mbit/s with framing)
[1;36m[Device: id=1] RX[0m: 1.5010 Mpps, 6196.27 Mbit/s (6436.43 Mbit/s with framing)
[0;34m[Device: id=0] TX[0m: 1.5010 Mpps, 6196.08 Mbit/s (6436.24 Mbit/s with framing)
[1;36m[Device: id=1] RX[0m: 1.5011 Mpps, 6196.38 Mbit/s (6436.55 Mbit/s with framing)
[0;34m[Device: id=0] TX[0m: 1.5012 Mpps, 6196.80 Mbit/s (6436.99 Mbit/s with framing)
[1;36m[Device: id=1] RX[0m: 1.5011 Mpps, 6196.71 Mbit/s (6436.89 Mbit/s with framing)
[0;34m[Device: id=0] TX[0m: 1.5011 Mpps, 6196.44 Mbit/s (6436.61 Mbit/s with framing)
[1;36m[Device: id=1] RX[0m: 1.5010 Mpps, 6196.13 Mbit/s (6436.29 Mbit/s with framing)
[0;34m[Device: id=0] TX[0m: 1.5010 Mpps, 6196.09 Mbit/s (6436.25 Mbit/s with framing)
[1;36m[Device: id=1] RX[0m: 1.5012 Mpps, 6196.77 Mbit/s (6436.95 Mbit/s with framing)
[0;34m[Device: id=0] TX[0m: 1.5011 Mpps, 6196.44 Mbit/s (6436.61 Mbit/s with framing)
[1;36m[Device: id=1] RX[0m: 1.5011 Mpps, 6196.41 Mbit/s (6436.58 Mbit/s with framing)
[0;34m[Device: id=0] TX[0m: 1.5012 Mpps, 6196.81 Mbit/s (6436.99 Mbit/s with framing)
[1;36m[Device: id=1] RX[0m: 1.5010 Mpps, 6196.25 Mbit/s (6436.42 Mbit/s with framing)
[0;34m[Device: id=0] TX[0m: 1.5011 Mpps, 6196.75 Mbit/s (6436.93 Mbit/s with framing)
[1;36m[Device: id=1] RX[0m: 1.5011 Mpps, 6196.46 Mbit/s (6436.64 Mbit/s with framing)
[0;34m[Device: id=0] TX[0m: 1.5009 Mpps, 6195.76 Mbit/s (6435.92 Mbit/s with framing)
[1;36m[Device: id=1] RX[0m: 1.5011 Mpps, 6196.35 Mbit/s (6436.51 Mbit/s with framing)
[0;34m[Device: id=0] TX[0m: 1.5011 Mpps, 6196.44 Mbit/s (6436.61 Mbit/s with framing)
[1;36m[Device: id=1] RX[0m: 1.5011 Mpps, 6196.48 Mbit/s (6436.66 Mbit/s with framing)
[0;34m[Device: id=0] TX[0m: 1.5011 Mpps, 6196.59 Mbit/s (6436.77 Mbit/s with framing)
[1;36m[Device: id=1] RX[0m: 1.5011 Mpps, 6196.51 Mbit/s (6436.68 Mbit/s with framing)
[0;34m[Device: id=0] TX[0m: 1.5011 Mpps, 6196.29 Mbit/s (6436.46 Mbit/s with framing)
[1;36m[Device: id=1] RX[0m: 1.5011 Mpps, 6196.54 Mbit/s (6436.72 Mbit/s with framing)
[0;34m[Device: id=0] TX[0m: 1.5011 Mpps, 6196.67 Mbit/s (6436.85 Mbit/s with framing)
[1;36m[Device: id=1] RX[0m: 1.5010 Mpps, 6196.30 Mbit/s (6436.47 Mbit/s with framing)
[0;34m[Device: id=0] TX[0m: 1.5010 Mpps, 6196.22 Mbit/s (6436.38 Mbit/s with framing)
[1;36m[Device: id=1] RX[0m: 1.5011 Mpps, 6196.49 Mbit/s (6436.66 Mbit/s with framing)
[0;34m[Device: id=0] TX[0m: 1.5011 Mpps, 6196.44 Mbit/s (6436.61 Mbit/s with framing)
[1;36m[Device: id=1] RX[0m: 1.5011 Mpps, 6196.42 Mbit/s (6436.59 Mbit/s with framing)
[0;34m[Device: id=0] TX[0m: 1.5011 Mpps, 6196.44 Mbit/s (6436.61 Mbit/s with framing)
[1;36m[Device: id=1] RX[0m: 1.5011 Mpps, 6196.58 Mbit/s (6436.76 Mbit/s with framing)
[0;34m[Device: id=0] TX[0m: 1.5011 Mpps, 6196.66 Mbit/s (6436.84 Mbit/s with framing)
[1;36m[Device: id=1] RX[0m: 1.5010 Mpps, 6196.18 Mbit/s (6436.34 Mbit/s with framing)
[0;34m[Device: id=0] TX[0m: 1.5010 Mpps, 6196.22 Mbit/s (6436.39 Mbit/s with framing)
[1;36m[Device: id=1] RX[0m: 1.5011 Mpps, 6196.45 Mbit/s (6436.63 Mbit/s with framing)
[0;34m[Device: id=0] TX[0m: 1.5011 Mpps, 6196.44 Mbit/s (6436.61 Mbit/s with framing)
[1;36m[Device: id=1] RX[0m: 1.5011 Mpps, 6196.52 Mbit/s (6436.69 Mbit/s with framing)
[0;34m[Device: id=0] TX[0m: 1.5011 Mpps, 6196.44 Mbit/s (6436.61 Mbit/s with framing)
[1;36m[Device: id=1] RX[0m: 1.5011 Mpps, 6196.54 Mbit/s (6436.72 Mbit/s with framing)
[0;34m[Device: id=0] TX[0m: 1.5011 Mpps, 6196.70 Mbit/s (6436.88 Mbit/s with framing)
[1;36m[Device: id=1] RX[0m: 1.5005 Mpps, 6193.99 Mbit/s (6434.07 Mbit/s with framing)
[0;34m[Device: id=0] TX[0m: 1.5010 Mpps, 6196.19 Mbit/s (6436.35 Mbit/s with framing)
[1;36m[Device: id=1] RX[0m: 1.5011 Mpps, 6196.43 Mbit/s (6436.60 Mbit/s with framing)
[0;34m[Device: id=0] TX[0m: 1.5011 Mpps, 6196.44 Mbit/s (6436.61 Mbit/s with framing)
[1;36m[Device: id=1] RX[0m: 1.5011 Mpps, 6196.55 Mbit/s (6436.73 Mbit/s with framing)
[0;34m[Device: id=0] TX[0m: 1.5011 Mpps, 6196.44 Mbit/s (6436.61 Mbit/s with framing)
[1;36m[Device: id=1] RX[0m: 1.5010 Mpps, 6196.19 Mbit/s (6436.35 Mbit/s with framing)
[0;34m[Device: id=0] TX[0m: 1.5011 Mpps, 6196.44 Mbit/s (6436.61 Mbit/s with framing)
[1;36m[Device: id=1] RX[0m: 1.5011 Mpps, 6196.49 Mbit/s (6436.66 Mbit/s with framing)
[0;34m[Device: id=0] TX[0m: 1.5011 Mpps, 6196.44 Mbit/s (6436.62 Mbit/s with framing)
45
[1;36m[Device: id=1] RX[0m: 1.4613 Mpps, 6032.21 Mbit/s (6266.02 Mbit/s with framing)
[0;34m[Device: id=0] TX[0m: 1.2332 Mpps, 5090.82 Mbit/s (5288.13 Mbit/s with framing)
[1;36m[Device: id=1] RX[0m: 0.0000 Mpps, 0.00 Mbit/s (0.00 Mbit/s with framing)
[0;34m[Device: id=0] TX[0m: 0.0000 Mpps, 0.00 Mbit/s (0.00 Mbit/s with framing)
45000000
[1;36m[Device: id=1] RX[0m: 1.4489 (StdDev 0.2738) Mpps, 5980.86 (StdDev 1130) Mbit/s (6212.68 Mbit/s with framing), total 44549435 packets with 22987504588 bytes (incl. CRC)
[0;34m[Device: id=0] TX[0m: 1.4421 (StdDev 0.2767) Mpps, 5953.02 (StdDev 1142) Mbit/s (6183.75 Mbit/s with framing), total 45000000 packets with 23220000000 bytes (incl. CRC)
