[1;37m[INFO]  Initializing DPDK. This will take a few seconds...[0m
EAL: Probing VFIO support...
EAL: PCI device 0000:18:00.0 on NUMA socket 0
EAL:   probe driver: 8086:10fb net_ixgbe
EAL: PCI device 0000:18:00.1 on NUMA socket 0
EAL:   probe driver: 8086:10fb net_ixgbe
EAL: PCI device 0000:62:00.0 on NUMA socket 0
EAL:   probe driver: 8086:37d2 net_i40e
EAL: PCI device 0000:62:00.1 on NUMA socket 0
EAL:   probe driver: 8086:37d2 net_i40e
[1;37m[INFO]  Found 3 usable devices:[0m
   Device 0: 00:1B:21:BE:39:14 ([0;32mIntel Corporation 82599ES 10-Gigabit SFI/SFP+ Network Connection[0m)
   Device 1: 00:1B:21:BE:39:16 ([0;32mIntel Corporation 82599ES 10-Gigabit SFI/SFP+ Network Connection[0m)
   Device 2: AC:1F:6B:B9:35:91 ([0;32mIntel Corporation Ethernet Connection X722 for 10GBASE-T[0m)
PMD: ixgbe_dev_link_status_print():  Port 0: Link Down
PMD: ixgbe_dev_link_status_print():  Port 1: Link Down
[1;37m[INFO]  Waiting for devices to come up...[0m
[1;37m[INFO]  Device 0 (00:1B:21:BE:39:14) is up: 10000 MBit/s[0m
[1;37m[INFO]  Device 1 (00:1B:21:BE:39:16) is up: 10000 MBit/s[0m
[1;37m[INFO]  [0;32m2 devices are up.[0m[0m
[1;37m[INFO]  Trying to enable rx timestamping of all packets, this isn't supported by most nics[0m
[0;34m[Device: id=0] TX[0m: 0.1960 Mpps, 206.95 Mbit/s (238.31 Mbit/s with framing)
[1;36m[Device: id=1] RX[0m: 0.1971 Mpps, 208.10 Mbit/s (239.63 Mbit/s with framing)
[0;34m[Device: id=0] TX[0m: 0.2000 Mpps, 211.19 Mbit/s (243.18 Mbit/s with framing)
[1;36m[Device: id=1] RX[0m: 0.1971 Mpps, 208.17 Mbit/s (239.71 Mbit/s with framing)
[0;34m[Device: id=0] TX[0m: 0.2000 Mpps, 211.19 Mbit/s (243.19 Mbit/s with framing)
[1;36m[Device: id=1] RX[0m: 0.2000 Mpps, 211.20 Mbit/s (243.20 Mbit/s with framing)
[0;34m[Device: id=0] TX[0m: 0.2000 Mpps, 211.21 Mbit/s (243.22 Mbit/s with framing)
[1;36m[Device: id=1] RX[0m: 0.2000 Mpps, 211.20 Mbit/s (243.20 Mbit/s with framing)
[0;34m[Device: id=0] TX[0m: 0.2000 Mpps, 211.19 Mbit/s (243.19 Mbit/s with framing)
[1;36m[Device: id=1] RX[0m: 0.2000 Mpps, 211.20 Mbit/s (243.20 Mbit/s with framing)
[0;34m[Device: id=0] TX[0m: 0.2000 Mpps, 211.21 Mbit/s (243.22 Mbit/s with framing)
[1;36m[Device: id=1] RX[0m: 0.2000 Mpps, 211.20 Mbit/s (243.20 Mbit/s with framing)
[1;36m[Device: id=1] RX[0m: 0.2000 Mpps, 211.20 Mbit/s (243.20 Mbit/s with framing)
[0;34m[Device: id=0] TX[0m: 0.2000 Mpps, 211.20 Mbit/s (243.20 Mbit/s with framing)
[1;36m[Device: id=1] RX[0m: 0.2000 Mpps, 211.20 Mbit/s (243.20 Mbit/s with framing)
[0;34m[Device: id=0] TX[0m: 0.2000 Mpps, 211.19 Mbit/s (243.19 Mbit/s with framing)
[1;36m[Device: id=1] RX[0m: 0.2000 Mpps, 211.20 Mbit/s (243.20 Mbit/s with framing)
[0;34m[Device: id=0] TX[0m: 0.2000 Mpps, 211.21 Mbit/s (243.21 Mbit/s with framing)
[1;36m[Device: id=1] RX[0m: 0.2000 Mpps, 211.20 Mbit/s (243.20 Mbit/s with framing)
[0;34m[Device: id=0] TX[0m: 0.2000 Mpps, 211.19 Mbit/s (243.19 Mbit/s with framing)
[1;36m[Device: id=1] RX[0m: 0.2000 Mpps, 211.20 Mbit/s (243.20 Mbit/s with framing)
[0;34m[Device: id=0] TX[0m: 0.2000 Mpps, 211.22 Mbit/s (243.22 Mbit/s with framing)
[1;36m[Device: id=1] RX[0m: 0.2000 Mpps, 211.20 Mbit/s (243.20 Mbit/s with framing)
[0;34m[Device: id=0] TX[0m: 0.2000 Mpps, 211.19 Mbit/s (243.19 Mbit/s with framing)
[1;36m[Device: id=1] RX[0m: 0.2000 Mpps, 211.20 Mbit/s (243.20 Mbit/s with framing)
[0;34m[Device: id=0] TX[0m: 0.2000 Mpps, 211.19 Mbit/s (243.19 Mbit/s with framing)
[1;36m[Device: id=1] RX[0m: 0.2000 Mpps, 211.20 Mbit/s (243.20 Mbit/s with framing)
[0;34m[Device: id=0] TX[0m: 0.2000 Mpps, 211.20 Mbit/s (243.20 Mbit/s with framing)
[1;36m[Device: id=1] RX[0m: 0.2000 Mpps, 211.19 Mbit/s (243.19 Mbit/s with framing)
[0;34m[Device: id=0] TX[0m: 0.2000 Mpps, 211.20 Mbit/s (243.20 Mbit/s with framing)
[1;36m[Device: id=1] RX[0m: 0.2000 Mpps, 211.20 Mbit/s (243.20 Mbit/s with framing)
[0;34m[Device: id=0] TX[0m: 0.2000 Mpps, 211.20 Mbit/s (243.20 Mbit/s with framing)
[1;36m[Device: id=1] RX[0m: 0.2000 Mpps, 211.20 Mbit/s (243.20 Mbit/s with framing)
[0;34m[Device: id=0] TX[0m: 0.2000 Mpps, 211.19 Mbit/s (243.19 Mbit/s with framing)
[1;36m[Device: id=1] RX[0m: 0.2000 Mpps, 211.20 Mbit/s (243.20 Mbit/s with framing)
[0;34m[Device: id=0] TX[0m: 0.2000 Mpps, 211.20 Mbit/s (243.20 Mbit/s with framing)
[1;36m[Device: id=1] RX[0m: 0.2000 Mpps, 211.20 Mbit/s (243.20 Mbit/s with framing)
[0;34m[Device: id=0] TX[0m: 0.2000 Mpps, 211.20 Mbit/s (243.20 Mbit/s with framing)
[1;36m[Device: id=1] RX[0m: 0.2000 Mpps, 211.20 Mbit/s (243.20 Mbit/s with framing)
[0;34m[Device: id=0] TX[0m: 0.2000 Mpps, 211.20 Mbit/s (243.20 Mbit/s with framing)
[1;36m[Device: id=1] RX[0m: 0.2000 Mpps, 211.20 Mbit/s (243.20 Mbit/s with framing)
[0;34m[Device: id=0] TX[0m: 0.2000 Mpps, 211.21 Mbit/s (243.21 Mbit/s with framing)
[1;36m[Device: id=1] RX[0m: 0.2000 Mpps, 211.20 Mbit/s (243.20 Mbit/s with framing)
[0;34m[Device: id=0] TX[0m: 0.2000 Mpps, 211.19 Mbit/s (243.19 Mbit/s with framing)
[1;36m[Device: id=1] RX[0m: 0.2000 Mpps, 211.20 Mbit/s (243.20 Mbit/s with framing)
[0;34m[Device: id=0] TX[0m: 0.2000 Mpps, 211.20 Mbit/s (243.20 Mbit/s with framing)
[1;36m[Device: id=1] RX[0m: 0.2000 Mpps, 211.20 Mbit/s (243.20 Mbit/s with framing)
[0;34m[Device: id=0] TX[0m: 0.2000 Mpps, 211.20 Mbit/s (243.20 Mbit/s with framing)
[1;36m[Device: id=1] RX[0m: 0.2000 Mpps, 211.20 Mbit/s (243.20 Mbit/s with framing)
[0;34m[Device: id=0] TX[0m: 0.2000 Mpps, 211.20 Mbit/s (243.20 Mbit/s with framing)
[1;36m[Device: id=1] RX[0m: 0.2000 Mpps, 211.20 Mbit/s (243.20 Mbit/s with framing)
[0;34m[Device: id=0] TX[0m: 0.2000 Mpps, 211.21 Mbit/s (243.21 Mbit/s with framing)
[1;36m[Device: id=1] RX[0m: 0.2000 Mpps, 211.20 Mbit/s (243.20 Mbit/s with framing)
[0;34m[Device: id=0] TX[0m: 0.2000 Mpps, 211.19 Mbit/s (243.19 Mbit/s with framing)
[1;36m[Device: id=1] RX[0m: 0.2000 Mpps, 211.20 Mbit/s (243.20 Mbit/s with framing)
[0;34m[Device: id=0] TX[0m: 0.2000 Mpps, 211.20 Mbit/s (243.20 Mbit/s with framing)
[1;36m[Device: id=1] RX[0m: 0.2000 Mpps, 211.20 Mbit/s (243.20 Mbit/s with framing)
[0;34m[Device: id=0] TX[0m: 0.2000 Mpps, 211.20 Mbit/s (243.20 Mbit/s with framing)
6
[1;36m[Device: id=1] RX[0m: 0.1967 Mpps, 207.69 Mbit/s (239.16 Mbit/s with framing)
[0;34m[Device: id=0] TX[0m: 0.1688 Mpps, 178.30 Mbit/s (205.32 Mbit/s with framing)
[1;36m[Device: id=1] RX[0m: 0.0000 Mpps, 0.00 Mbit/s (0.00 Mbit/s with framing)
[0;34m[Device: id=0] TX[0m: 0.0000 Mpps, 0.00 Mbit/s (0.00 Mbit/s with framing)
6000000
[1;36m[Device: id=1] RX[0m: 0.1931 (StdDev 0.0365) Mpps, 203.94 (StdDev 39) Mbit/s (234.84 Mbit/s with framing), total 5991024 packets with 790814684 bytes (incl. CRC)
[0;34m[Device: id=0] TX[0m: 0.1923 (StdDev 0.0368) Mpps, 203.06 (StdDev 39) Mbit/s (233.83 Mbit/s with framing), total 6000000 packets with 792000000 bytes (incl. CRC)
