[1;37m[INFO]  Initializing DPDK. This will take a few seconds...[0m
EAL: Probing VFIO support...
EAL: PCI device 0000:18:00.0 on NUMA socket 0
EAL:   probe driver: 8086:10fb net_ixgbe
EAL: PCI device 0000:18:00.1 on NUMA socket 0
EAL:   probe driver: 8086:10fb net_ixgbe
EAL: PCI device 0000:62:00.0 on NUMA socket 0
EAL:   probe driver: 8086:37d2 net_i40e
EAL: PCI device 0000:62:00.1 on NUMA socket 0
EAL:   probe driver: 8086:37d2 net_i40e
[1;37m[INFO]  Found 3 usable devices:[0m
   Device 0: 00:1B:21:BE:39:14 ([0;32mIntel Corporation 82599ES 10-Gigabit SFI/SFP+ Network Connection[0m)
   Device 1: 00:1B:21:BE:39:16 ([0;32mIntel Corporation 82599ES 10-Gigabit SFI/SFP+ Network Connection[0m)
   Device 2: AC:1F:6B:B9:35:91 ([0;32mIntel Corporation Ethernet Connection X722 for 10GBASE-T[0m)
PMD: ixgbe_dev_link_status_print():  Port 0: Link Down
PMD: ixgbe_dev_link_status_print():  Port 1: Link Down
[1;37m[INFO]  Waiting for devices to come up...[0m
[1;37m[INFO]  Device 1 (00:1B:21:BE:39:16) is up: 10000 MBit/s[0m
[1;37m[INFO]  Device 0 (00:1B:21:BE:39:14) is up: 10000 MBit/s[0m
[1;37m[INFO]  [0;32m2 devices are up.[0m[0m
[1;37m[INFO]  Trying to enable rx timestamping of all packets, this isn't supported by most nics[0m
[0;34m[Device: id=0] TX[0m: 0.9777 Mpps, 8040.95 Mbit/s (8197.39 Mbit/s with framing)
[1;36m[Device: id=1] RX[0m: 1.0010 Mpps, 8232.45 Mbit/s (8392.62 Mbit/s with framing)
[0;34m[Device: id=0] TX[0m: 0.9999 Mpps, 8223.17 Mbit/s (8383.15 Mbit/s with framing)
[1;36m[Device: id=1] RX[0m: 0.9832 Mpps, 8086.09 Mbit/s (8243.41 Mbit/s with framing)
[0;34m[Device: id=0] TX[0m: 1.0000 Mpps, 8223.94 Mbit/s (8383.94 Mbit/s with framing)
[1;36m[Device: id=1] RX[0m: 1.0000 Mpps, 8224.04 Mbit/s (8384.04 Mbit/s with framing)
[0;34m[Device: id=0] TX[0m: 1.0001 Mpps, 8224.88 Mbit/s (8384.90 Mbit/s with framing)
[1;36m[Device: id=1] RX[0m: 0.9996 Mpps, 8220.39 Mbit/s (8380.32 Mbit/s with framing)
[0;34m[Device: id=0] TX[0m: 0.9999 Mpps, 8223.15 Mbit/s (8383.14 Mbit/s with framing)
[1;36m[Device: id=1] RX[0m: 1.0000 Mpps, 8224.02 Mbit/s (8384.02 Mbit/s with framing)
[0;34m[Device: id=0] TX[0m: 1.0001 Mpps, 8224.87 Mbit/s (8384.89 Mbit/s with framing)
[1;36m[Device: id=1] RX[0m: 0.9997 Mpps, 8221.39 Mbit/s (8381.34 Mbit/s with framing)
[1;36m[Device: id=1] RX[0m: 0.9997 Mpps, 8221.72 Mbit/s (8381.67 Mbit/s with framing)
[0;34m[Device: id=0] TX[0m: 1.0000 Mpps, 8224.15 Mbit/s (8384.15 Mbit/s with framing)
[1;36m[Device: id=1] RX[0m: 1.0000 Mpps, 8224.00 Mbit/s (8384.00 Mbit/s with framing)
[0;34m[Device: id=0] TX[0m: 0.9999 Mpps, 8223.03 Mbit/s (8383.02 Mbit/s with framing)
[1;36m[Device: id=1] RX[0m: 1.0000 Mpps, 8224.17 Mbit/s (8384.18 Mbit/s with framing)
[0;34m[Device: id=0] TX[0m: 1.0000 Mpps, 8224.02 Mbit/s (8384.02 Mbit/s with framing)
[1;36m[Device: id=1] RX[0m: 0.9998 Mpps, 8222.21 Mbit/s (8382.18 Mbit/s with framing)
[0;34m[Device: id=0] TX[0m: 1.0001 Mpps, 8224.90 Mbit/s (8384.91 Mbit/s with framing)
[1;36m[Device: id=1] RX[0m: 1.0000 Mpps, 8224.05 Mbit/s (8384.05 Mbit/s with framing)
[0;34m[Device: id=0] TX[0m: 1.0000 Mpps, 8223.81 Mbit/s (8383.80 Mbit/s with framing)
[1;36m[Device: id=1] RX[0m: 0.9997 Mpps, 8221.70 Mbit/s (8381.66 Mbit/s with framing)
[0;34m[Device: id=0] TX[0m: 1.0000 Mpps, 8223.66 Mbit/s (8383.66 Mbit/s with framing)
[1;36m[Device: id=1] RX[0m: 1.0000 Mpps, 8223.94 Mbit/s (8383.93 Mbit/s with framing)
[0;34m[Device: id=0] TX[0m: 1.0000 Mpps, 8223.67 Mbit/s (8383.66 Mbit/s with framing)
[1;36m[Device: id=1] RX[0m: 1.0000 Mpps, 8224.10 Mbit/s (8384.10 Mbit/s with framing)
[0;34m[Device: id=0] TX[0m: 1.0000 Mpps, 8224.01 Mbit/s (8384.01 Mbit/s with framing)
[1;36m[Device: id=1] RX[0m: 1.0000 Mpps, 8224.09 Mbit/s (8384.09 Mbit/s with framing)
[0;34m[Device: id=0] TX[0m: 1.0000 Mpps, 8224.02 Mbit/s (8384.02 Mbit/s with framing)
[1;36m[Device: id=1] RX[0m: 0.9997 Mpps, 8221.73 Mbit/s (8381.68 Mbit/s with framing)
[0;34m[Device: id=0] TX[0m: 1.0000 Mpps, 8224.34 Mbit/s (8384.34 Mbit/s with framing)
[1;36m[Device: id=1] RX[0m: 1.0000 Mpps, 8224.04 Mbit/s (8384.04 Mbit/s with framing)
[0;34m[Device: id=0] TX[0m: 1.0000 Mpps, 8223.70 Mbit/s (8383.69 Mbit/s with framing)
[1;36m[Device: id=1] RX[0m: 1.0000 Mpps, 8223.97 Mbit/s (8383.97 Mbit/s with framing)
[0;34m[Device: id=0] TX[0m: 1.0000 Mpps, 8224.02 Mbit/s (8384.02 Mbit/s with framing)
[1;36m[Device: id=1] RX[0m: 1.0000 Mpps, 8223.90 Mbit/s (8383.90 Mbit/s with framing)
[0;34m[Device: id=0] TX[0m: 1.0000 Mpps, 8224.36 Mbit/s (8384.36 Mbit/s with framing)
[1;36m[Device: id=1] RX[0m: 1.0000 Mpps, 8224.20 Mbit/s (8384.20 Mbit/s with framing)
[0;34m[Device: id=0] TX[0m: 1.0000 Mpps, 8223.68 Mbit/s (8383.68 Mbit/s with framing)
[1;36m[Device: id=1] RX[0m: 1.0000 Mpps, 8223.89 Mbit/s (8383.89 Mbit/s with framing)
[0;34m[Device: id=0] TX[0m: 1.0000 Mpps, 8224.03 Mbit/s (8384.03 Mbit/s with framing)
[1;36m[Device: id=1] RX[0m: 1.0000 Mpps, 8224.01 Mbit/s (8384.01 Mbit/s with framing)
[0;34m[Device: id=0] TX[0m: 1.0000 Mpps, 8224.01 Mbit/s (8384.01 Mbit/s with framing)
[1;36m[Device: id=1] RX[0m: 1.0000 Mpps, 8224.05 Mbit/s (8384.05 Mbit/s with framing)
[0;34m[Device: id=0] TX[0m: 1.0000 Mpps, 8224.02 Mbit/s (8384.02 Mbit/s with framing)
[1;36m[Device: id=1] RX[0m: 1.0000 Mpps, 8224.06 Mbit/s (8384.06 Mbit/s with framing)
[0;34m[Device: id=0] TX[0m: 1.0000 Mpps, 8224.15 Mbit/s (8384.15 Mbit/s with framing)
[1;36m[Device: id=1] RX[0m: 1.0000 Mpps, 8224.00 Mbit/s (8384.00 Mbit/s with framing)
[0;34m[Device: id=0] TX[0m: 1.0000 Mpps, 8224.20 Mbit/s (8384.21 Mbit/s with framing)
[1;36m[Device: id=1] RX[0m: 0.9997 Mpps, 8221.34 Mbit/s (8381.28 Mbit/s with framing)
[0;34m[Device: id=0] TX[0m: 1.0000 Mpps, 8223.71 Mbit/s (8383.70 Mbit/s with framing)
[1;36m[Device: id=1] RX[0m: 1.0000 Mpps, 8224.12 Mbit/s (8384.12 Mbit/s with framing)
[0;34m[Device: id=0] TX[0m: 1.0000 Mpps, 8224.01 Mbit/s (8384.01 Mbit/s with framing)
[1;36m[Device: id=1] RX[0m: 1.0000 Mpps, 8223.98 Mbit/s (8383.98 Mbit/s with framing)
[0;34m[Device: id=0] TX[0m: 1.0000 Mpps, 8224.02 Mbit/s (8384.02 Mbit/s with framing)
[1;36m[Device: id=1] RX[0m: 1.0000 Mpps, 8223.94 Mbit/s (8383.94 Mbit/s with framing)
[0;34m[Device: id=0] TX[0m: 1.0000 Mpps, 8224.02 Mbit/s (8384.02 Mbit/s with framing)
30
[1;36m[Device: id=1] RX[0m: 0.9890 Mpps, 8133.59 Mbit/s (8291.84 Mbit/s with framing)
[0;34m[Device: id=0] TX[0m: 0.8476 Mpps, 6970.29 Mbit/s (7105.90 Mbit/s with framing)
[1;36m[Device: id=1] RX[0m: 0.0000 Mpps, 0.00 Mbit/s (0.00 Mbit/s with framing)
[0;34m[Device: id=0] TX[0m: 0.0000 Mpps, 0.00 Mbit/s (0.00 Mbit/s with framing)
30000000
[1;36m[Device: id=1] RX[0m: 0.9657 (StdDev 0.1824) Mpps, 7941.69 (StdDev 1500) Mbit/s (8096.20 Mbit/s with framing), total 29971291 packets with 30810477704 bytes (incl. CRC)
[0;34m[Device: id=0] TX[0m: 0.9616 (StdDev 0.1837) Mpps, 7908.06 (StdDev 1511) Mbit/s (8061.91 Mbit/s with framing), total 30000000 packets with 30840000000 bytes (incl. CRC)
