[1;37m[INFO]  Initializing DPDK. This will take a few seconds...[0m
EAL: Probing VFIO support...
EAL: PCI device 0000:18:00.0 on NUMA socket 0
EAL:   probe driver: 8086:10fb net_ixgbe
EAL: PCI device 0000:18:00.1 on NUMA socket 0
EAL:   probe driver: 8086:10fb net_ixgbe
EAL: PCI device 0000:62:00.0 on NUMA socket 0
EAL:   probe driver: 8086:37d2 net_i40e
EAL: PCI device 0000:62:00.1 on NUMA socket 0
EAL:   probe driver: 8086:37d2 net_i40e
[1;37m[INFO]  Found 3 usable devices:[0m
   Device 0: 00:1B:21:BE:39:14 ([0;32mIntel Corporation 82599ES 10-Gigabit SFI/SFP+ Network Connection[0m)
   Device 1: 00:1B:21:BE:39:16 ([0;32mIntel Corporation 82599ES 10-Gigabit SFI/SFP+ Network Connection[0m)
   Device 2: AC:1F:6B:B9:35:91 ([0;32mIntel Corporation Ethernet Connection X722 for 10GBASE-T[0m)
PMD: ixgbe_dev_link_status_print():  Port 0: Link Down
PMD: ixgbe_dev_link_status_print(): Port 1: Link Up - speed 0 Mbps - half-duplex
[1;37m[INFO]  Waiting for devices to come up...[0m
[1;37m[INFO]  Device 1 (00:1B:21:BE:39:16) is up: 10000 MBit/s[0m
[1;37m[INFO]  Device 0 (00:1B:21:BE:39:14) is up: 10000 MBit/s[0m
[1;37m[INFO]  [0;32m2 devices are up.[0m[0m
[1;37m[INFO]  Trying to enable rx timestamping of all packets, this isn't supported by most nics[0m
[0;34m[Device: id=0] TX[0m: 0.8988 Mpps, 9232.86 Mbit/s (9376.68 Mbit/s with framing)
[1;36m[Device: id=1] RX[0m: 0.9173 Mpps, 9422.38 Mbit/s (9569.15 Mbit/s with framing)
[0;34m[Device: id=0] TX[0m: 0.9578 Mpps, 9838.47 Mbit/s (9991.71 Mbit/s with framing)
[1;36m[Device: id=1] RX[0m: 0.9425 Mpps, 9681.27 Mbit/s (9832.07 Mbit/s with framing)
[0;34m[Device: id=0] TX[0m: 0.9585 Mpps, 9845.82 Mbit/s (9999.19 Mbit/s with framing)
[1;36m[Device: id=1] RX[0m: 0.9585 Mpps, 9845.82 Mbit/s (9999.19 Mbit/s with framing)
[0;34m[Device: id=0] TX[0m: 0.9586 Mpps, 9846.92 Mbit/s (10000.30 Mbit/s with framing)
[1;36m[Device: id=1] RX[0m: 0.9585 Mpps, 9845.83 Mbit/s (9999.19 Mbit/s with framing)
[1;36m[Device: id=1] RX[0m: 0.9585 Mpps, 9845.83 Mbit/s (9999.20 Mbit/s with framing)
[0;34m[Device: id=0] TX[0m: 0.9584 Mpps, 9844.76 Mbit/s (9998.10 Mbit/s with framing)
[1;36m[Device: id=1] RX[0m: 0.9585 Mpps, 9845.83 Mbit/s (9999.20 Mbit/s with framing)
[0;34m[Device: id=0] TX[0m: 0.9586 Mpps, 9847.00 Mbit/s (10000.38 Mbit/s with framing)
[1;36m[Device: id=1] RX[0m: 0.9585 Mpps, 9845.83 Mbit/s (9999.19 Mbit/s with framing)
[0;34m[Device: id=0] TX[0m: 0.9585 Mpps, 9845.76 Mbit/s (9999.12 Mbit/s with framing)
[1;36m[Device: id=1] RX[0m: 0.9585 Mpps, 9845.82 Mbit/s (9999.19 Mbit/s with framing)
[0;34m[Device: id=0] TX[0m: 0.9584 Mpps, 9844.76 Mbit/s (9998.11 Mbit/s with framing)
[1;36m[Device: id=1] RX[0m: 0.9585 Mpps, 9845.83 Mbit/s (9999.20 Mbit/s with framing)
[0;34m[Device: id=0] TX[0m: 0.9585 Mpps, 9845.83 Mbit/s (9999.20 Mbit/s with framing)
[1;36m[Device: id=1] RX[0m: 0.9585 Mpps, 9845.83 Mbit/s (9999.19 Mbit/s with framing)
[0;34m[Device: id=0] TX[0m: 0.9586 Mpps, 9846.96 Mbit/s (10000.34 Mbit/s with framing)
[1;36m[Device: id=1] RX[0m: 0.9585 Mpps, 9845.83 Mbit/s (9999.19 Mbit/s with framing)
[0;34m[Device: id=0] TX[0m: 0.9585 Mpps, 9845.53 Mbit/s (9998.89 Mbit/s with framing)
[1;36m[Device: id=1] RX[0m: 0.9585 Mpps, 9845.83 Mbit/s (9999.20 Mbit/s with framing)
[0;34m[Device: id=0] TX[0m: 0.9585 Mpps, 9844.98 Mbit/s (9998.33 Mbit/s with framing)
[1;36m[Device: id=1] RX[0m: 0.9585 Mpps, 9845.83 Mbit/s (9999.19 Mbit/s with framing)
[0;34m[Device: id=0] TX[0m: 0.9585 Mpps, 9846.27 Mbit/s (9999.64 Mbit/s with framing)
[1;36m[Device: id=1] RX[0m: 0.9585 Mpps, 9845.83 Mbit/s (9999.19 Mbit/s with framing)
[0;34m[Device: id=0] TX[0m: 0.9585 Mpps, 9845.41 Mbit/s (9998.77 Mbit/s with framing)
[1;36m[Device: id=1] RX[0m: 0.9585 Mpps, 9845.83 Mbit/s (9999.19 Mbit/s with framing)
[0;34m[Device: id=0] TX[0m: 0.9585 Mpps, 9845.84 Mbit/s (9999.21 Mbit/s with framing)
[1;36m[Device: id=1] RX[0m: 0.9585 Mpps, 9845.83 Mbit/s (9999.19 Mbit/s with framing)
[0;34m[Device: id=0] TX[0m: 0.9585 Mpps, 9846.25 Mbit/s (9999.62 Mbit/s with framing)
[1;36m[Device: id=1] RX[0m: 0.9585 Mpps, 9845.83 Mbit/s (9999.19 Mbit/s with framing)
[0;34m[Device: id=0] TX[0m: 0.9585 Mpps, 9845.44 Mbit/s (9998.79 Mbit/s with framing)
[1;36m[Device: id=1] RX[0m: 0.9585 Mpps, 9845.83 Mbit/s (9999.19 Mbit/s with framing)
[0;34m[Device: id=0] TX[0m: 0.9585 Mpps, 9845.85 Mbit/s (9999.21 Mbit/s with framing)
[1;36m[Device: id=1] RX[0m: 0.9585 Mpps, 9845.83 Mbit/s (9999.19 Mbit/s with framing)
[0;34m[Device: id=0] TX[0m: 0.9585 Mpps, 9846.23 Mbit/s (9999.60 Mbit/s with framing)
[1;36m[Device: id=1] RX[0m: 0.9585 Mpps, 9845.83 Mbit/s (9999.19 Mbit/s with framing)
[0;34m[Device: id=0] TX[0m: 0.9585 Mpps, 9845.45 Mbit/s (9998.81 Mbit/s with framing)
[1;36m[Device: id=1] RX[0m: 0.9585 Mpps, 9845.83 Mbit/s (9999.19 Mbit/s with framing)
[0;34m[Device: id=0] TX[0m: 0.9585 Mpps, 9845.86 Mbit/s (9999.22 Mbit/s with framing)
[1;36m[Device: id=1] RX[0m: 0.9585 Mpps, 9845.83 Mbit/s (9999.19 Mbit/s with framing)
[0;34m[Device: id=0] TX[0m: 0.9585 Mpps, 9845.84 Mbit/s (9999.20 Mbit/s with framing)
[1;36m[Device: id=1] RX[0m: 0.9585 Mpps, 9845.82 Mbit/s (9999.18 Mbit/s with framing)
[0;34m[Device: id=0] TX[0m: 0.9585 Mpps, 9845.84 Mbit/s (9999.20 Mbit/s with framing)
[1;36m[Device: id=1] RX[0m: 0.9585 Mpps, 9845.83 Mbit/s (9999.20 Mbit/s with framing)
[0;34m[Device: id=0] TX[0m: 0.9585 Mpps, 9846.36 Mbit/s (9999.72 Mbit/s with framing)
[1;36m[Device: id=1] RX[0m: 0.9585 Mpps, 9845.82 Mbit/s (9999.19 Mbit/s with framing)
[0;34m[Device: id=0] TX[0m: 0.9585 Mpps, 9845.34 Mbit/s (9998.70 Mbit/s with framing)
[1;36m[Device: id=1] RX[0m: 0.9585 Mpps, 9845.83 Mbit/s (9999.20 Mbit/s with framing)
[0;34m[Device: id=0] TX[0m: 0.9585 Mpps, 9845.84 Mbit/s (9999.21 Mbit/s with framing)
[1;36m[Device: id=1] RX[0m: 0.9585 Mpps, 9845.82 Mbit/s (9999.19 Mbit/s with framing)
[0;34m[Device: id=0] TX[0m: 0.9585 Mpps, 9845.84 Mbit/s (9999.20 Mbit/s with framing)
[1;36m[Device: id=1] RX[0m: 0.9585 Mpps, 9845.84 Mbit/s (9999.20 Mbit/s with framing)
[0;34m[Device: id=0] TX[0m: 0.9585 Mpps, 9845.85 Mbit/s (9999.21 Mbit/s with framing)
[1;36m[Device: id=1] RX[0m: 0.9585 Mpps, 9845.82 Mbit/s (9999.19 Mbit/s with framing)
[0;34m[Device: id=0] TX[0m: 0.9585 Mpps, 9846.37 Mbit/s (9999.74 Mbit/s with framing)
[1;36m[Device: id=1] RX[0m: 0.9585 Mpps, 9845.83 Mbit/s (9999.19 Mbit/s with framing)
[0;34m[Device: id=0] TX[0m: 0.9585 Mpps, 9845.31 Mbit/s (9998.67 Mbit/s with framing)
[1;36m[Device: id=1] RX[0m: 0.9585 Mpps, 9845.83 Mbit/s (9999.19 Mbit/s with framing)
[0;34m[Device: id=0] TX[0m: 0.9585 Mpps, 9845.86 Mbit/s (9999.22 Mbit/s with framing)
[1;36m[Device: id=1] RX[0m: 0.9585 Mpps, 9845.82 Mbit/s (9999.19 Mbit/s with framing)
[0;34m[Device: id=0] TX[0m: 0.9585 Mpps, 9845.84 Mbit/s (9999.20 Mbit/s with framing)
[1;36m[Device: id=1] RX[0m: 0.9585 Mpps, 9845.83 Mbit/s (9999.20 Mbit/s with framing)
[0;34m[Device: id=0] TX[0m: 0.9585 Mpps, 9845.84 Mbit/s (9999.20 Mbit/s with framing)
[1;36m[Device: id=1] RX[0m: 0.9585 Mpps, 9845.82 Mbit/s (9999.19 Mbit/s with framing)
[0;34m[Device: id=0] TX[0m: 0.9585 Mpps, 9845.85 Mbit/s (9999.21 Mbit/s with framing)
[1;36m[Device: id=1] RX[0m: 0.9585 Mpps, 9845.83 Mbit/s (9999.19 Mbit/s with framing)
[0;34m[Device: id=0] TX[0m: 0.9585 Mpps, 9845.84 Mbit/s (9999.20 Mbit/s with framing)
[1;36m[Device: id=1] RX[0m: 0.9585 Mpps, 9845.83 Mbit/s (9999.19 Mbit/s with framing)
[0;34m[Device: id=0] TX[0m: 0.9585 Mpps, 9845.84 Mbit/s (9999.20 Mbit/s with framing)
[1;36m[Device: id=1] RX[0m: 0.9585 Mpps, 9845.83 Mbit/s (9999.20 Mbit/s with framing)
[0;34m[Device: id=0] TX[0m: 0.9585 Mpps, 9846.21 Mbit/s (9999.58 Mbit/s with framing)
[1;36m[Device: id=1] RX[0m: 0.9585 Mpps, 9845.82 Mbit/s (9999.19 Mbit/s with framing)
[0;34m[Device: id=0] TX[0m: 0.9585 Mpps, 9845.48 Mbit/s (9998.84 Mbit/s with framing)
[1;36m[Device: id=1] RX[0m: 0.9585 Mpps, 9845.83 Mbit/s (9999.19 Mbit/s with framing)
[0;34m[Device: id=0] TX[0m: 0.9585 Mpps, 9845.84 Mbit/s (9999.20 Mbit/s with framing)
[1;36m[Device: id=1] RX[0m: 0.9585 Mpps, 9845.84 Mbit/s (9999.20 Mbit/s with framing)
[0;34m[Device: id=0] TX[0m: 0.9585 Mpps, 9845.85 Mbit/s (9999.22 Mbit/s with framing)
[1;36m[Device: id=1] RX[0m: 0.9585 Mpps, 9845.82 Mbit/s (9999.19 Mbit/s with framing)
[0;34m[Device: id=0] TX[0m: 0.9585 Mpps, 9845.84 Mbit/s (9999.20 Mbit/s with framing)
[1;36m[Device: id=1] RX[0m: 0.9585 Mpps, 9845.83 Mbit/s (9999.19 Mbit/s with framing)
[0;34m[Device: id=0] TX[0m: 0.9585 Mpps, 9845.85 Mbit/s (9999.21 Mbit/s with framing)
[1;36m[Device: id=1] RX[0m: 0.9585 Mpps, 9845.83 Mbit/s (9999.19 Mbit/s with framing)
[0;34m[Device: id=0] TX[0m: 0.9585 Mpps, 9845.85 Mbit/s (9999.21 Mbit/s with framing)
[1;36m[Device: id=1] RX[0m: 0.9585 Mpps, 9845.83 Mbit/s (9999.19 Mbit/s with framing)
[0;34m[Device: id=0] TX[0m: 0.9585 Mpps, 9845.85 Mbit/s (9999.21 Mbit/s with framing)
[1;36m[Device: id=1] RX[0m: 0.9585 Mpps, 9845.82 Mbit/s (9999.18 Mbit/s with framing)
[0;34m[Device: id=0] TX[0m: 0.9585 Mpps, 9845.84 Mbit/s (9999.20 Mbit/s with framing)
[1;36m[Device: id=1] RX[0m: 0.9583 Mpps, 9843.80 Mbit/s (9997.13 Mbit/s with framing)
[0;34m[Device: id=0] TX[0m: 0.9585 Mpps, 9846.17 Mbit/s (9999.54 Mbit/s with framing)
[1;36m[Device: id=1] RX[0m: 0.9585 Mpps, 9845.83 Mbit/s (9999.20 Mbit/s with framing)
[0;34m[Device: id=0] TX[0m: 0.9585 Mpps, 9845.69 Mbit/s (9999.05 Mbit/s with framing)
[1;36m[Device: id=1] RX[0m: 0.9585 Mpps, 9845.82 Mbit/s (9999.19 Mbit/s with framing)
[0;34m[Device: id=0] TX[0m: 0.9585 Mpps, 9845.67 Mbit/s (9999.03 Mbit/s with framing)
[1;36m[Device: id=1] RX[0m: 0.9585 Mpps, 9845.84 Mbit/s (9999.20 Mbit/s with framing)
[0;34m[Device: id=0] TX[0m: 0.9585 Mpps, 9845.84 Mbit/s (9999.21 Mbit/s with framing)
[1;36m[Device: id=1] RX[0m: 0.9585 Mpps, 9845.83 Mbit/s (9999.19 Mbit/s with framing)
[0;34m[Device: id=0] TX[0m: 0.9585 Mpps, 9845.85 Mbit/s (9999.21 Mbit/s with framing)
[1;36m[Device: id=1] RX[0m: 0.9585 Mpps, 9845.83 Mbit/s (9999.19 Mbit/s with framing)
[0;34m[Device: id=0] TX[0m: 0.9585 Mpps, 9845.85 Mbit/s (9999.21 Mbit/s with framing)
[1;36m[Device: id=1] RX[0m: 0.9585 Mpps, 9845.83 Mbit/s (9999.19 Mbit/s with framing)
[0;34m[Device: id=0] TX[0m: 0.9585 Mpps, 9845.91 Mbit/s (9999.27 Mbit/s with framing)
[1;36m[Device: id=1] RX[0m: 0.9585 Mpps, 9845.83 Mbit/s (9999.19 Mbit/s with framing)
[0;34m[Device: id=0] TX[0m: 0.9585 Mpps, 9845.77 Mbit/s (9999.13 Mbit/s with framing)
[1;36m[Device: id=1] RX[0m: 0.9585 Mpps, 9845.84 Mbit/s (9999.20 Mbit/s with framing)
[0;34m[Device: id=0] TX[0m: 0.9585 Mpps, 9845.85 Mbit/s (9999.21 Mbit/s with framing)
[1;36m[Device: id=1] RX[0m: 0.9585 Mpps, 9845.83 Mbit/s (9999.19 Mbit/s with framing)
[0;34m[Device: id=0] TX[0m: 0.9585 Mpps, 9845.85 Mbit/s (9999.22 Mbit/s with framing)
[1;36m[Device: id=1] RX[0m: 0.9585 Mpps, 9845.82 Mbit/s (9999.19 Mbit/s with framing)
[0;34m[Device: id=0] TX[0m: 0.9585 Mpps, 9845.83 Mbit/s (9999.20 Mbit/s with framing)
54
[1;36m[Device: id=1] RX[0m: 0.3603 Mpps, 3700.81 Mbit/s (3758.45 Mbit/s with framing)
[0;34m[Device: id=0] TX[0m: 0.0671 Mpps, 689.48 Mbit/s (700.22 Mbit/s with framing)
54000000
[1;36m[Device: id=1] RX[0m: 0.9475 (StdDev 0.0799) Mpps, 9733.12 (StdDev 821) Mbit/s (9884.73 Mbit/s with framing), total 53979539 packets with 69309725736 bytes (incl. CRC)
[0;34m[Device: id=0] TX[0m: 0.9426 (StdDev 0.1191) Mpps, 9682.20 (StdDev 1224) Mbit/s (9833.02 Mbit/s with framing), total 54000000 packets with 69336000000 bytes (incl. CRC)
