[1;37m[INFO]  Initializing DPDK. This will take a few seconds...[0m
EAL: Probing VFIO support...
EAL: PCI device 0000:18:00.0 on NUMA socket 0
EAL:   probe driver: 8086:10fb net_ixgbe
EAL: PCI device 0000:18:00.1 on NUMA socket 0
EAL:   probe driver: 8086:10fb net_ixgbe
EAL: PCI device 0000:62:00.0 on NUMA socket 0
EAL:   probe driver: 8086:37d2 net_i40e
EAL: PCI device 0000:62:00.1 on NUMA socket 0
EAL:   probe driver: 8086:37d2 net_i40e
[1;37m[INFO]  Found 3 usable devices:[0m
   Device 0: 00:1B:21:BE:39:14 ([0;32mIntel Corporation 82599ES 10-Gigabit SFI/SFP+ Network Connection[0m)
   Device 1: 00:1B:21:BE:39:16 ([0;32mIntel Corporation 82599ES 10-Gigabit SFI/SFP+ Network Connection[0m)
   Device 2: AC:1F:6B:B9:35:91 ([0;32mIntel Corporation Ethernet Connection X722 for 10GBASE-T[0m)
PMD: ixgbe_dev_link_status_print():  Port 0: Link Down
PMD: ixgbe_dev_link_status_print():  Port 1: Link Down
[1;37m[INFO]  Waiting for devices to come up...[0m
[1;37m[INFO]  Device 0 (00:1B:21:BE:39:14) is up: 10000 MBit/s[0m
[1;37m[INFO]  Device 1 (00:1B:21:BE:39:16) is up: 10000 MBit/s[0m
[1;37m[INFO]  [0;32m2 devices are up.[0m[0m
[1;37m[INFO]  Trying to enable rx timestamping of all packets, this isn't supported by most nics[0m
[0;34m[Device: id=0] TX[0m: 1.0769 Mpps, 4445.38 Mbit/s (4617.68 Mbit/s with framing)
[1;36m[Device: id=1] RX[0m: 1.0535 Mpps, 4348.99 Mbit/s (4517.56 Mbit/s with framing)
[0;34m[Device: id=0] TX[0m: 1.1005 Mpps, 4543.08 Mbit/s (4719.17 Mbit/s with framing)
[1;36m[Device: id=1] RX[0m: 1.0820 Mpps, 4466.41 Mbit/s (4639.53 Mbit/s with framing)
[0;34m[Device: id=0] TX[0m: 1.1006 Mpps, 4543.19 Mbit/s (4719.29 Mbit/s with framing)
[1;36m[Device: id=1] RX[0m: 1.1006 Mpps, 4543.36 Mbit/s (4719.46 Mbit/s with framing)
[0;34m[Device: id=0] TX[0m: 1.1007 Mpps, 4543.69 Mbit/s (4719.80 Mbit/s with framing)
[1;36m[Device: id=1] RX[0m: 1.1006 Mpps, 4543.46 Mbit/s (4719.56 Mbit/s with framing)
[1;36m[Device: id=1] RX[0m: 1.1006 Mpps, 4543.42 Mbit/s (4719.52 Mbit/s with framing)
[0;34m[Device: id=0] TX[0m: 1.1006 Mpps, 4543.12 Mbit/s (4719.21 Mbit/s with framing)
[1;36m[Device: id=1] RX[0m: 1.1006 Mpps, 4543.37 Mbit/s (4719.47 Mbit/s with framing)
[0;34m[Device: id=0] TX[0m: 1.1007 Mpps, 4543.69 Mbit/s (4719.80 Mbit/s with framing)
[1;36m[Device: id=1] RX[0m: 1.1006 Mpps, 4543.40 Mbit/s (4719.51 Mbit/s with framing)
[0;34m[Device: id=0] TX[0m: 1.1006 Mpps, 4543.41 Mbit/s (4719.51 Mbit/s with framing)
[1;36m[Device: id=1] RX[0m: 1.1006 Mpps, 4543.45 Mbit/s (4719.55 Mbit/s with framing)
[0;34m[Device: id=0] TX[0m: 1.1006 Mpps, 4543.13 Mbit/s (4719.22 Mbit/s with framing)
[1;36m[Device: id=1] RX[0m: 1.1006 Mpps, 4543.33 Mbit/s (4719.43 Mbit/s with framing)
[0;34m[Device: id=0] TX[0m: 1.1006 Mpps, 4543.40 Mbit/s (4719.51 Mbit/s with framing)
[1;36m[Device: id=1] RX[0m: 1.1006 Mpps, 4543.47 Mbit/s (4719.58 Mbit/s with framing)
[0;34m[Device: id=0] TX[0m: 1.1007 Mpps, 4543.68 Mbit/s (4719.79 Mbit/s with framing)
[1;36m[Device: id=1] RX[0m: 1.1006 Mpps, 4543.43 Mbit/s (4719.53 Mbit/s with framing)
[0;34m[Device: id=0] TX[0m: 1.1007 Mpps, 4543.56 Mbit/s (4719.67 Mbit/s with framing)
[1;36m[Device: id=1] RX[0m: 1.1006 Mpps, 4543.27 Mbit/s (4719.36 Mbit/s with framing)
[0;34m[Device: id=0] TX[0m: 1.1006 Mpps, 4543.15 Mbit/s (4719.25 Mbit/s with framing)
[1;36m[Device: id=1] RX[0m: 1.1007 Mpps, 4543.54 Mbit/s (4719.64 Mbit/s with framing)
[0;34m[Device: id=0] TX[0m: 1.1006 Mpps, 4543.23 Mbit/s (4719.32 Mbit/s with framing)
[1;36m[Device: id=1] RX[0m: 1.1006 Mpps, 4543.27 Mbit/s (4719.37 Mbit/s with framing)
[0;34m[Device: id=0] TX[0m: 1.1006 Mpps, 4543.41 Mbit/s (4719.51 Mbit/s with framing)
[1;36m[Device: id=1] RX[0m: 1.1006 Mpps, 4543.42 Mbit/s (4719.52 Mbit/s with framing)
[0;34m[Device: id=0] TX[0m: 1.1007 Mpps, 4543.60 Mbit/s (4719.70 Mbit/s with framing)
[1;36m[Device: id=1] RX[0m: 1.1006 Mpps, 4543.37 Mbit/s (4719.47 Mbit/s with framing)
[0;34m[Device: id=0] TX[0m: 1.1006 Mpps, 4543.22 Mbit/s (4719.31 Mbit/s with framing)
[1;36m[Device: id=1] RX[0m: 1.1007 Mpps, 4543.57 Mbit/s (4719.68 Mbit/s with framing)
[0;34m[Device: id=0] TX[0m: 1.1006 Mpps, 4543.41 Mbit/s (4719.51 Mbit/s with framing)
[1;36m[Device: id=1] RX[0m: 1.1006 Mpps, 4543.41 Mbit/s (4719.51 Mbit/s with framing)
[0;34m[Device: id=0] TX[0m: 1.1007 Mpps, 4543.58 Mbit/s (4719.69 Mbit/s with framing)
[1;36m[Device: id=1] RX[0m: 1.1006 Mpps, 4543.35 Mbit/s (4719.45 Mbit/s with framing)
[0;34m[Device: id=0] TX[0m: 1.1006 Mpps, 4543.24 Mbit/s (4719.33 Mbit/s with framing)
[1;36m[Device: id=1] RX[0m: 1.1006 Mpps, 4543.39 Mbit/s (4719.49 Mbit/s with framing)
[0;34m[Device: id=0] TX[0m: 1.1006 Mpps, 4543.41 Mbit/s (4719.51 Mbit/s with framing)
[1;36m[Device: id=1] RX[0m: 1.1006 Mpps, 4543.40 Mbit/s (4719.50 Mbit/s with framing)
[0;34m[Device: id=0] TX[0m: 1.1006 Mpps, 4543.41 Mbit/s (4719.51 Mbit/s with framing)
[1;36m[Device: id=1] RX[0m: 1.1007 Mpps, 4543.49 Mbit/s (4719.59 Mbit/s with framing)
[0;34m[Device: id=0] TX[0m: 1.1007 Mpps, 4543.68 Mbit/s (4719.78 Mbit/s with framing)
[1;36m[Device: id=1] RX[0m: 1.1006 Mpps, 4543.38 Mbit/s (4719.48 Mbit/s with framing)
[0;34m[Device: id=0] TX[0m: 1.1006 Mpps, 4543.14 Mbit/s (4719.24 Mbit/s with framing)
[1;36m[Device: id=1] RX[0m: 1.1006 Mpps, 4543.42 Mbit/s (4719.52 Mbit/s with framing)
[0;34m[Device: id=0] TX[0m: 1.1006 Mpps, 4543.41 Mbit/s (4719.51 Mbit/s with framing)
[1;36m[Device: id=1] RX[0m: 1.1006 Mpps, 4543.42 Mbit/s (4719.52 Mbit/s with framing)
[0;34m[Device: id=0] TX[0m: 1.1006 Mpps, 4543.41 Mbit/s (4719.51 Mbit/s with framing)
[1;36m[Device: id=1] RX[0m: 1.1006 Mpps, 4543.39 Mbit/s (4719.49 Mbit/s with framing)
[0;34m[Device: id=0] TX[0m: 1.1007 Mpps, 4543.55 Mbit/s (4719.66 Mbit/s with framing)
[1;36m[Device: id=1] RX[0m: 1.1006 Mpps, 4543.40 Mbit/s (4719.50 Mbit/s with framing)
[0;34m[Device: id=0] TX[0m: 1.1006 Mpps, 4543.27 Mbit/s (4719.36 Mbit/s with framing)
[1;36m[Device: id=1] RX[0m: 1.1006 Mpps, 4543.39 Mbit/s (4719.49 Mbit/s with framing)
[0;34m[Device: id=0] TX[0m: 1.1006 Mpps, 4543.44 Mbit/s (4719.54 Mbit/s with framing)
[1;36m[Device: id=1] RX[0m: 1.1006 Mpps, 4543.39 Mbit/s (4719.49 Mbit/s with framing)
[0;34m[Device: id=0] TX[0m: 1.1006 Mpps, 4543.38 Mbit/s (4719.48 Mbit/s with framing)
33
[1;36m[Device: id=1] RX[0m: 1.0772 Mpps, 4446.53 Mbit/s (4618.88 Mbit/s with framing)
[0;34m[Device: id=0] TX[0m: 0.9095 Mpps, 3754.43 Mbit/s (3899.95 Mbit/s with framing)
[1;36m[Device: id=1] RX[0m: 0.0000 Mpps, 0.00 Mbit/s (0.00 Mbit/s with framing)
[0;34m[Device: id=0] TX[0m: 0.0000 Mpps, 0.00 Mbit/s (0.00 Mbit/s with framing)
33000000
[1;36m[Device: id=1] RX[0m: 1.0625 (StdDev 0.2008) Mpps, 4386.16 (StdDev 829) Mbit/s (4556.17 Mbit/s with framing), total 32929928 packets with 16991838524 bytes (incl. CRC)
[0;34m[Device: id=0] TX[0m: 1.0576 (StdDev 0.2028) Mpps, 4365.64 (StdDev 837) Mbit/s (4534.85 Mbit/s with framing), total 33000000 packets with 17028000000 bytes (incl. CRC)
