[1;37m[INFO]  Initializing DPDK. This will take a few seconds...[0m
EAL: Probing VFIO support...
EAL: PCI device 0000:18:00.0 on NUMA socket 0
EAL:   probe driver: 8086:10fb net_ixgbe
EAL: PCI device 0000:18:00.1 on NUMA socket 0
EAL:   probe driver: 8086:10fb net_ixgbe
EAL: PCI device 0000:62:00.0 on NUMA socket 0
EAL:   probe driver: 8086:37d2 net_i40e
EAL: PCI device 0000:62:00.1 on NUMA socket 0
EAL:   probe driver: 8086:37d2 net_i40e
[1;37m[INFO]  Found 3 usable devices:[0m
   Device 0: 00:1B:21:BE:39:14 ([0;32mIntel Corporation 82599ES 10-Gigabit SFI/SFP+ Network Connection[0m)
   Device 1: 00:1B:21:BE:39:16 ([0;32mIntel Corporation 82599ES 10-Gigabit SFI/SFP+ Network Connection[0m)
   Device 2: AC:1F:6B:B9:35:91 ([0;32mIntel Corporation Ethernet Connection X722 for 10GBASE-T[0m)
PMD: ixgbe_dev_link_status_print():  Port 0: Link Down
PMD: ixgbe_dev_link_status_print():  Port 1: Link Down
[1;37m[INFO]  Waiting for devices to come up...[0m
[1;37m[INFO]  Device 1 (00:1B:21:BE:39:16) is up: 10000 MBit/s[0m
[1;37m[INFO]  Device 0 (00:1B:21:BE:39:14) is up: 10000 MBit/s[0m
[1;37m[INFO]  [0;32m2 devices are up.[0m[0m
[1;37m[INFO]  Trying to enable rx timestamping of all packets, this isn't supported by most nics[0m
[0;34m[Device: id=0] TX[0m: 0.7680 Mpps, 9240.13 Mbit/s (9363.00 Mbit/s with framing)
[1;36m[Device: id=1] RX[0m: 0.7848 Mpps, 9442.83 Mbit/s (9568.40 Mbit/s with framing)
[0;34m[Device: id=0] TX[0m: 0.8201 Mpps, 9867.29 Mbit/s (9998.50 Mbit/s with framing)
[1;36m[Device: id=1] RX[0m: 0.8065 Mpps, 9703.47 Mbit/s (9832.51 Mbit/s with framing)
[0;34m[Device: id=0] TX[0m: 0.8201 Mpps, 9867.49 Mbit/s (9998.71 Mbit/s with framing)
[1;36m[Device: id=1] RX[0m: 0.8201 Mpps, 9867.95 Mbit/s (9999.17 Mbit/s with framing)
[0;34m[Device: id=0] TX[0m: 0.8202 Mpps, 9868.59 Mbit/s (9999.82 Mbit/s with framing)
[1;36m[Device: id=1] RX[0m: 0.8201 Mpps, 9867.97 Mbit/s (9999.19 Mbit/s with framing)
[1;36m[Device: id=1] RX[0m: 0.8201 Mpps, 9867.96 Mbit/s (9999.18 Mbit/s with framing)
[0;34m[Device: id=0] TX[0m: 0.8201 Mpps, 9867.36 Mbit/s (9998.57 Mbit/s with framing)
[1;36m[Device: id=1] RX[0m: 0.8201 Mpps, 9867.95 Mbit/s (9999.18 Mbit/s with framing)
[0;34m[Device: id=0] TX[0m: 0.8202 Mpps, 9868.63 Mbit/s (9999.86 Mbit/s with framing)
[1;36m[Device: id=1] RX[0m: 0.8201 Mpps, 9867.96 Mbit/s (9999.18 Mbit/s with framing)
[0;34m[Device: id=0] TX[0m: 0.8201 Mpps, 9867.92 Mbit/s (9999.15 Mbit/s with framing)
[1;36m[Device: id=1] RX[0m: 0.8201 Mpps, 9867.97 Mbit/s (9999.19 Mbit/s with framing)
[0;34m[Device: id=0] TX[0m: 0.8201 Mpps, 9867.37 Mbit/s (9998.59 Mbit/s with framing)
[1;36m[Device: id=1] RX[0m: 0.8201 Mpps, 9867.96 Mbit/s (9999.18 Mbit/s with framing)
[0;34m[Device: id=0] TX[0m: 0.8201 Mpps, 9867.97 Mbit/s (9999.20 Mbit/s with framing)
[1;36m[Device: id=1] RX[0m: 0.8201 Mpps, 9867.96 Mbit/s (9999.18 Mbit/s with framing)
[0;34m[Device: id=0] TX[0m: 0.8202 Mpps, 9868.56 Mbit/s (9999.79 Mbit/s with framing)
[1;36m[Device: id=1] RX[0m: 0.8201 Mpps, 9867.95 Mbit/s (9999.17 Mbit/s with framing)
[0;34m[Device: id=0] TX[0m: 0.8202 Mpps, 9868.44 Mbit/s (9999.67 Mbit/s with framing)
[1;36m[Device: id=1] RX[0m: 0.8200 Mpps, 9866.64 Mbit/s (9997.84 Mbit/s with framing)
[0;34m[Device: id=0] TX[0m: 0.8201 Mpps, 9867.29 Mbit/s (9998.50 Mbit/s with framing)
[1;36m[Device: id=1] RX[0m: 0.8201 Mpps, 9867.96 Mbit/s (9999.18 Mbit/s with framing)
[0;34m[Device: id=0] TX[0m: 0.8201 Mpps, 9867.60 Mbit/s (9998.82 Mbit/s with framing)
[1;36m[Device: id=1] RX[0m: 0.8201 Mpps, 9867.96 Mbit/s (9999.19 Mbit/s with framing)
[0;34m[Device: id=0] TX[0m: 0.8201 Mpps, 9867.97 Mbit/s (9999.19 Mbit/s with framing)
[1;36m[Device: id=1] RX[0m: 0.8201 Mpps, 9867.96 Mbit/s (9999.18 Mbit/s with framing)
[0;34m[Device: id=0] TX[0m: 0.8201 Mpps, 9867.98 Mbit/s (9999.20 Mbit/s with framing)
[1;36m[Device: id=1] RX[0m: 0.8201 Mpps, 9867.96 Mbit/s (9999.18 Mbit/s with framing)
[0;34m[Device: id=0] TX[0m: 0.8202 Mpps, 9868.37 Mbit/s (9999.60 Mbit/s with framing)
[1;36m[Device: id=1] RX[0m: 0.8201 Mpps, 9867.96 Mbit/s (9999.19 Mbit/s with framing)
[0;34m[Device: id=0] TX[0m: 0.8201 Mpps, 9867.57 Mbit/s (9998.79 Mbit/s with framing)
[1;36m[Device: id=1] RX[0m: 0.8201 Mpps, 9867.96 Mbit/s (9999.18 Mbit/s with framing)
[0;34m[Device: id=0] TX[0m: 0.8201 Mpps, 9867.97 Mbit/s (9999.19 Mbit/s with framing)
[1;36m[Device: id=1] RX[0m: 0.8201 Mpps, 9867.95 Mbit/s (9999.17 Mbit/s with framing)
[0;34m[Device: id=0] TX[0m: 0.8201 Mpps, 9867.98 Mbit/s (9999.20 Mbit/s with framing)
[1;36m[Device: id=1] RX[0m: 0.8201 Mpps, 9867.97 Mbit/s (9999.20 Mbit/s with framing)
[0;34m[Device: id=0] TX[0m: 0.8201 Mpps, 9867.98 Mbit/s (9999.20 Mbit/s with framing)
[1;36m[Device: id=1] RX[0m: 0.8201 Mpps, 9867.96 Mbit/s (9999.18 Mbit/s with framing)
[0;34m[Device: id=0] TX[0m: 0.8201 Mpps, 9867.97 Mbit/s (9999.19 Mbit/s with framing)
[1;36m[Device: id=1] RX[0m: 0.8201 Mpps, 9867.96 Mbit/s (9999.18 Mbit/s with framing)
[0;34m[Device: id=0] TX[0m: 0.8202 Mpps, 9868.54 Mbit/s (9999.77 Mbit/s with framing)
[1;36m[Device: id=1] RX[0m: 0.8201 Mpps, 9867.96 Mbit/s (9999.19 Mbit/s with framing)
[0;34m[Device: id=0] TX[0m: 0.8201 Mpps, 9867.41 Mbit/s (9998.63 Mbit/s with framing)
[1;36m[Device: id=1] RX[0m: 0.8201 Mpps, 9867.96 Mbit/s (9999.18 Mbit/s with framing)
[0;34m[Device: id=0] TX[0m: 0.8201 Mpps, 9867.98 Mbit/s (9999.21 Mbit/s with framing)
[1;36m[Device: id=1] RX[0m: 0.8201 Mpps, 9867.96 Mbit/s (9999.19 Mbit/s with framing)
[0;34m[Device: id=0] TX[0m: 0.8201 Mpps, 9867.97 Mbit/s (9999.20 Mbit/s with framing)
[1;36m[Device: id=1] RX[0m: 0.8201 Mpps, 9867.96 Mbit/s (9999.18 Mbit/s with framing)
[0;34m[Device: id=0] TX[0m: 0.8202 Mpps, 9868.34 Mbit/s (9999.56 Mbit/s with framing)
[1;36m[Device: id=1] RX[0m: 0.8201 Mpps, 9867.96 Mbit/s (9999.18 Mbit/s with framing)
[0;34m[Device: id=0] TX[0m: 0.8201 Mpps, 9867.62 Mbit/s (9998.84 Mbit/s with framing)
[1;36m[Device: id=1] RX[0m: 0.8201 Mpps, 9867.96 Mbit/s (9999.18 Mbit/s with framing)
[0;34m[Device: id=0] TX[0m: 0.8201 Mpps, 9867.99 Mbit/s (9999.21 Mbit/s with framing)
[1;36m[Device: id=1] RX[0m: 0.8201 Mpps, 9867.97 Mbit/s (9999.19 Mbit/s with framing)
[0;34m[Device: id=0] TX[0m: 0.8201 Mpps, 9868.03 Mbit/s (9999.25 Mbit/s with framing)
[1;36m[Device: id=1] RX[0m: 0.8201 Mpps, 9867.96 Mbit/s (9999.18 Mbit/s with framing)
[0;34m[Device: id=0] TX[0m: 0.8202 Mpps, 9868.26 Mbit/s (9999.49 Mbit/s with framing)
[1;36m[Device: id=1] RX[0m: 0.8201 Mpps, 9867.96 Mbit/s (9999.18 Mbit/s with framing)
[0;34m[Device: id=0] TX[0m: 0.8201 Mpps, 9867.62 Mbit/s (9998.84 Mbit/s with framing)
[1;36m[Device: id=1] RX[0m: 0.8201 Mpps, 9867.96 Mbit/s (9999.18 Mbit/s with framing)
[0;34m[Device: id=0] TX[0m: 0.8201 Mpps, 9867.97 Mbit/s (9999.19 Mbit/s with framing)
[1;36m[Device: id=1] RX[0m: 0.8201 Mpps, 9867.95 Mbit/s (9999.18 Mbit/s with framing)
[0;34m[Device: id=0] TX[0m: 0.8201 Mpps, 9867.98 Mbit/s (9999.20 Mbit/s with framing)
[1;36m[Device: id=1] RX[0m: 0.8201 Mpps, 9867.97 Mbit/s (9999.19 Mbit/s with framing)
[0;34m[Device: id=0] TX[0m: 0.8201 Mpps, 9867.98 Mbit/s (9999.21 Mbit/s with framing)
[1;36m[Device: id=1] RX[0m: 0.8201 Mpps, 9867.96 Mbit/s (9999.19 Mbit/s with framing)
[0;34m[Device: id=0] TX[0m: 0.8201 Mpps, 9867.96 Mbit/s (9999.19 Mbit/s with framing)
[1;36m[Device: id=1] RX[0m: 0.8201 Mpps, 9867.96 Mbit/s (9999.18 Mbit/s with framing)
[0;34m[Device: id=0] TX[0m: 0.8201 Mpps, 9867.98 Mbit/s (9999.21 Mbit/s with framing)
[1;36m[Device: id=1] RX[0m: 0.8201 Mpps, 9867.96 Mbit/s (9999.18 Mbit/s with framing)
[0;34m[Device: id=0] TX[0m: 0.8201 Mpps, 9867.98 Mbit/s (9999.20 Mbit/s with framing)
[1;36m[Device: id=1] RX[0m: 0.8201 Mpps, 9867.96 Mbit/s (9999.19 Mbit/s with framing)
[0;34m[Device: id=0] TX[0m: 0.8201 Mpps, 9867.98 Mbit/s (9999.20 Mbit/s with framing)
[1;36m[Device: id=1] RX[0m: 0.8201 Mpps, 9867.96 Mbit/s (9999.18 Mbit/s with framing)
[0;34m[Device: id=0] TX[0m: 0.8202 Mpps, 9868.34 Mbit/s (9999.57 Mbit/s with framing)
[1;36m[Device: id=1] RX[0m: 0.8201 Mpps, 9867.96 Mbit/s (9999.19 Mbit/s with framing)
[0;34m[Device: id=0] TX[0m: 0.8201 Mpps, 9867.61 Mbit/s (9998.83 Mbit/s with framing)
[1;36m[Device: id=1] RX[0m: 0.8201 Mpps, 9867.95 Mbit/s (9999.17 Mbit/s with framing)
[0;34m[Device: id=0] TX[0m: 0.8201 Mpps, 9867.98 Mbit/s (9999.21 Mbit/s with framing)
[1;36m[Device: id=1] RX[0m: 0.8201 Mpps, 9867.97 Mbit/s (9999.19 Mbit/s with framing)
[0;34m[Device: id=0] TX[0m: 0.8201 Mpps, 9867.98 Mbit/s (9999.20 Mbit/s with framing)
[1;36m[Device: id=1] RX[0m: 0.8201 Mpps, 9867.96 Mbit/s (9999.18 Mbit/s with framing)
[0;34m[Device: id=0] TX[0m: 0.8201 Mpps, 9867.97 Mbit/s (9999.19 Mbit/s with framing)
[1;36m[Device: id=1] RX[0m: 0.8201 Mpps, 9867.96 Mbit/s (9999.18 Mbit/s with framing)
[0;34m[Device: id=0] TX[0m: 0.8202 Mpps, 9868.36 Mbit/s (9999.58 Mbit/s with framing)
[1;36m[Device: id=1] RX[0m: 0.8201 Mpps, 9867.96 Mbit/s (9999.18 Mbit/s with framing)
[0;34m[Device: id=0] TX[0m: 0.8201 Mpps, 9867.60 Mbit/s (9998.82 Mbit/s with framing)
[1;36m[Device: id=1] RX[0m: 0.8201 Mpps, 9867.95 Mbit/s (9999.18 Mbit/s with framing)
[0;34m[Device: id=0] TX[0m: 0.8201 Mpps, 9867.98 Mbit/s (9999.20 Mbit/s with framing)
[1;36m[Device: id=1] RX[0m: 0.8201 Mpps, 9867.96 Mbit/s (9999.18 Mbit/s with framing)
[0;34m[Device: id=0] TX[0m: 0.8201 Mpps, 9868.03 Mbit/s (9999.25 Mbit/s with framing)
[1;36m[Device: id=1] RX[0m: 0.8201 Mpps, 9867.96 Mbit/s (9999.19 Mbit/s with framing)
[0;34m[Device: id=0] TX[0m: 0.8201 Mpps, 9867.93 Mbit/s (9999.15 Mbit/s with framing)
[1;36m[Device: id=1] RX[0m: 0.8201 Mpps, 9867.97 Mbit/s (9999.19 Mbit/s with framing)
[0;34m[Device: id=0] TX[0m: 0.8201 Mpps, 9867.98 Mbit/s (9999.20 Mbit/s with framing)
[1;36m[Device: id=1] RX[0m: 0.8201 Mpps, 9867.96 Mbit/s (9999.18 Mbit/s with framing)
[0;34m[Device: id=0] TX[0m: 0.8201 Mpps, 9867.97 Mbit/s (9999.20 Mbit/s with framing)
[1;36m[Device: id=1] RX[0m: 0.8201 Mpps, 9867.96 Mbit/s (9999.18 Mbit/s with framing)
[0;34m[Device: id=0] TX[0m: 0.8202 Mpps, 9868.33 Mbit/s (9999.56 Mbit/s with framing)
[1;36m[Device: id=1] RX[0m: 0.8201 Mpps, 9867.96 Mbit/s (9999.18 Mbit/s with framing)
[0;34m[Device: id=0] TX[0m: 0.8201 Mpps, 9867.79 Mbit/s (9999.01 Mbit/s with framing)
[1;36m[Device: id=1] RX[0m: 0.8201 Mpps, 9867.96 Mbit/s (9999.18 Mbit/s with framing)
[0;34m[Device: id=0] TX[0m: 0.8201 Mpps, 9867.80 Mbit/s (9999.02 Mbit/s with framing)
[1;36m[Device: id=1] RX[0m: 0.8201 Mpps, 9867.96 Mbit/s (9999.18 Mbit/s with framing)
[0;34m[Device: id=0] TX[0m: 0.8201 Mpps, 9867.98 Mbit/s (9999.20 Mbit/s with framing)
[1;36m[Device: id=1] RX[0m: 0.8201 Mpps, 9867.96 Mbit/s (9999.18 Mbit/s with framing)
[0;34m[Device: id=0] TX[0m: 0.8201 Mpps, 9867.97 Mbit/s (9999.19 Mbit/s with framing)
[1;36m[Device: id=1] RX[0m: 0.8201 Mpps, 9867.96 Mbit/s (9999.18 Mbit/s with framing)
[0;34m[Device: id=0] TX[0m: 0.8201 Mpps, 9867.98 Mbit/s (9999.21 Mbit/s with framing)
[1;36m[Device: id=1] RX[0m: 0.8201 Mpps, 9867.95 Mbit/s (9999.18 Mbit/s with framing)
[0;34m[Device: id=0] TX[0m: 0.8201 Mpps, 9867.98 Mbit/s (9999.20 Mbit/s with framing)
[1;36m[Device: id=1] RX[0m: 0.8201 Mpps, 9867.96 Mbit/s (9999.18 Mbit/s with framing)
[0;34m[Device: id=0] TX[0m: 0.8201 Mpps, 9867.97 Mbit/s (9999.20 Mbit/s with framing)
[1;36m[Device: id=1] RX[0m: 0.8201 Mpps, 9867.97 Mbit/s (9999.19 Mbit/s with framing)
[0;34m[Device: id=0] TX[0m: 0.8201 Mpps, 9867.97 Mbit/s (9999.20 Mbit/s with framing)
[1;36m[Device: id=1] RX[0m: 0.8200 Mpps, 9866.19 Mbit/s (9997.39 Mbit/s with framing)
[0;34m[Device: id=0] TX[0m: 0.8202 Mpps, 9868.35 Mbit/s (9999.57 Mbit/s with framing)
[1;36m[Device: id=1] RX[0m: 0.8201 Mpps, 9867.96 Mbit/s (9999.18 Mbit/s with framing)
[0;34m[Device: id=0] TX[0m: 0.8201 Mpps, 9867.61 Mbit/s (9998.83 Mbit/s with framing)
[1;36m[Device: id=1] RX[0m: 0.8201 Mpps, 9867.96 Mbit/s (9999.18 Mbit/s with framing)
[0;34m[Device: id=0] TX[0m: 0.8201 Mpps, 9867.98 Mbit/s (9999.20 Mbit/s with framing)
[1;36m[Device: id=1] RX[0m: 0.8201 Mpps, 9867.96 Mbit/s (9999.18 Mbit/s with framing)
[0;34m[Device: id=0] TX[0m: 0.8201 Mpps, 9867.97 Mbit/s (9999.19 Mbit/s with framing)
[1;36m[Device: id=1] RX[0m: 0.8201 Mpps, 9867.96 Mbit/s (9999.19 Mbit/s with framing)
[0;34m[Device: id=0] TX[0m: 0.8201 Mpps, 9868.04 Mbit/s (9999.26 Mbit/s with framing)
[1;36m[Device: id=1] RX[0m: 0.8201 Mpps, 9867.96 Mbit/s (9999.18 Mbit/s with framing)
[0;34m[Device: id=0] TX[0m: 0.8201 Mpps, 9867.92 Mbit/s (9999.14 Mbit/s with framing)
[1;36m[Device: id=1] RX[0m: 0.8201 Mpps, 9867.96 Mbit/s (9999.19 Mbit/s with framing)
[0;34m[Device: id=0] TX[0m: 0.8201 Mpps, 9867.97 Mbit/s (9999.20 Mbit/s with framing)
[1;36m[Device: id=1] RX[0m: 0.8201 Mpps, 9867.95 Mbit/s (9999.17 Mbit/s with framing)
[0;34m[Device: id=0] TX[0m: 0.8201 Mpps, 9867.98 Mbit/s (9999.21 Mbit/s with framing)
[1;36m[Device: id=1] RX[0m: 0.8201 Mpps, 9867.97 Mbit/s (9999.19 Mbit/s with framing)
[0;34m[Device: id=0] TX[0m: 0.8201 Mpps, 9867.98 Mbit/s (9999.20 Mbit/s with framing)
[1;36m[Device: id=1] RX[0m: 0.8201 Mpps, 9867.96 Mbit/s (9999.19 Mbit/s with framing)
[0;34m[Device: id=0] TX[0m: 0.8201 Mpps, 9867.97 Mbit/s (9999.20 Mbit/s with framing)
[1;36m[Device: id=1] RX[0m: 0.8201 Mpps, 9867.95 Mbit/s (9999.17 Mbit/s with framing)
[0;34m[Device: id=0] TX[0m: 0.8201 Mpps, 9867.97 Mbit/s (9999.20 Mbit/s with framing)
[1;36m[Device: id=1] RX[0m: 0.8201 Mpps, 9867.97 Mbit/s (9999.19 Mbit/s with framing)
[0;34m[Device: id=0] TX[0m: 0.8201 Mpps, 9867.98 Mbit/s (9999.20 Mbit/s with framing)
[1;36m[Device: id=1] RX[0m: 0.8201 Mpps, 9867.96 Mbit/s (9999.18 Mbit/s with framing)
[0;34m[Device: id=0] TX[0m: 0.8201 Mpps, 9867.98 Mbit/s (9999.20 Mbit/s with framing)
[1;36m[Device: id=1] RX[0m: 0.8201 Mpps, 9867.97 Mbit/s (9999.19 Mbit/s with framing)
60
[0;34m[Device: id=0] TX[0m: 0.6474 Mpps, 7789.31 Mbit/s (7892.89 Mbit/s with framing)
[1;36m[Device: id=1] RX[0m: 0.1618 Mpps, 1946.23 Mbit/s (1972.11 Mbit/s with framing)
[0;34m[Device: id=0] TX[0m: 0.0000 Mpps, 0.00 Mbit/s (0.00 Mbit/s with framing)
60000000
[1;36m[Device: id=1] RX[0m: 0.8109 (StdDev 0.0771) Mpps, 9757.15 (StdDev 927) Mbit/s (9886.90 Mbit/s with framing), total 59983015 packets with 90214440356 bytes (incl. CRC)
[0;34m[Device: id=0] TX[0m: 0.8065 (StdDev 0.0978) Mpps, 9704.31 (StdDev 1177) Mbit/s (9833.35 Mbit/s with framing), total 60000000 packets with 90240000000 bytes (incl. CRC)
