[1;37m[INFO]  Initializing DPDK. This will take a few seconds...[0m
EAL: Probing VFIO support...
EAL: PCI device 0000:18:00.0 on NUMA socket 0
EAL:   probe driver: 8086:10fb net_ixgbe
EAL: PCI device 0000:18:00.1 on NUMA socket 0
EAL:   probe driver: 8086:10fb net_ixgbe
EAL: PCI device 0000:62:00.0 on NUMA socket 0
EAL:   probe driver: 8086:37d2 net_i40e
EAL: PCI device 0000:62:00.1 on NUMA socket 0
EAL:   probe driver: 8086:37d2 net_i40e
[1;37m[INFO]  Found 3 usable devices:[0m
   Device 0: 00:1B:21:BE:39:14 ([0;32mIntel Corporation 82599ES 10-Gigabit SFI/SFP+ Network Connection[0m)
   Device 1: 00:1B:21:BE:39:16 ([0;32mIntel Corporation 82599ES 10-Gigabit SFI/SFP+ Network Connection[0m)
   Device 2: AC:1F:6B:B9:35:91 ([0;32mIntel Corporation Ethernet Connection X722 for 10GBASE-T[0m)
PMD: ixgbe_dev_link_status_print():  Port 0: Link Down
PMD: ixgbe_dev_link_status_print():  Port 1: Link Down
[1;37m[INFO]  Waiting for devices to come up...[0m
[1;37m[INFO]  Device 1 (00:1B:21:BE:39:16) is up: 10000 MBit/s[0m
[1;37m[INFO]  Device 0 (00:1B:21:BE:39:14) is up: 10000 MBit/s[0m
[1;37m[INFO]  [0;32m2 devices are up.[0m[0m
[1;37m[INFO]  Trying to enable rx timestamping of all packets, this isn't supported by most nics[0m
[0;34m[Device: id=0] TX[0m: 1.0779 Mpps, 1138.31 Mbit/s (1310.78 Mbit/s with framing)
[1;36m[Device: id=1] RX[0m: 0.3353 Mpps, 354.05 Mbit/s (407.69 Mbit/s with framing)
[0;34m[Device: id=0] TX[0m: 1.1005 Mpps, 1162.16 Mbit/s (1338.25 Mbit/s with framing)
[1;36m[Device: id=1] RX[0m: 1.0824 Mpps, 1142.98 Mbit/s (1316.16 Mbit/s with framing)
[0;34m[Device: id=0] TX[0m: 1.1006 Mpps, 1162.25 Mbit/s (1338.35 Mbit/s with framing)
[1;36m[Device: id=1] RX[0m: 1.1007 Mpps, 1162.29 Mbit/s (1338.39 Mbit/s with framing)
[0;34m[Device: id=0] TX[0m: 1.1007 Mpps, 1162.39 Mbit/s (1338.51 Mbit/s with framing)
[1;36m[Device: id=1] RX[0m: 1.1002 Mpps, 1161.86 Mbit/s (1337.89 Mbit/s with framing)
[0;34m[Device: id=0] TX[0m: 1.1005 Mpps, 1162.14 Mbit/s (1338.23 Mbit/s with framing)
[1;36m[Device: id=1] RX[0m: 1.1006 Mpps, 1162.27 Mbit/s (1338.37 Mbit/s with framing)
[0;34m[Device: id=0] TX[0m: 1.1006 Mpps, 1162.27 Mbit/s (1338.37 Mbit/s with framing)
[1;36m[Device: id=1] RX[0m: 1.1006 Mpps, 1162.27 Mbit/s (1338.37 Mbit/s with framing)
[1;36m[Device: id=1] RX[0m: 1.1006 Mpps, 1162.27 Mbit/s (1338.37 Mbit/s with framing)
[0;34m[Device: id=0] TX[0m: 1.1007 Mpps, 1162.38 Mbit/s (1338.50 Mbit/s with framing)
[1;36m[Device: id=1] RX[0m: 1.1006 Mpps, 1162.26 Mbit/s (1338.36 Mbit/s with framing)
[0;34m[Device: id=0] TX[0m: 1.1005 Mpps, 1162.15 Mbit/s (1338.23 Mbit/s with framing)
[1;36m[Device: id=1] RX[0m: 1.1006 Mpps, 1162.26 Mbit/s (1338.36 Mbit/s with framing)
[0;34m[Device: id=0] TX[0m: 1.1006 Mpps, 1162.27 Mbit/s (1338.37 Mbit/s with framing)
[1;36m[Device: id=1] RX[0m: 1.1006 Mpps, 1162.27 Mbit/s (1338.37 Mbit/s with framing)
[0;34m[Device: id=0] TX[0m: 1.1006 Mpps, 1162.27 Mbit/s (1338.37 Mbit/s with framing)
[1;36m[Device: id=1] RX[0m: 1.1006 Mpps, 1162.25 Mbit/s (1338.35 Mbit/s with framing)
[0;34m[Device: id=0] TX[0m: 1.1007 Mpps, 1162.36 Mbit/s (1338.47 Mbit/s with framing)
[1;36m[Device: id=1] RX[0m: 1.1007 Mpps, 1162.29 Mbit/s (1338.39 Mbit/s with framing)
[0;34m[Device: id=0] TX[0m: 1.1006 Mpps, 1162.21 Mbit/s (1338.31 Mbit/s with framing)
[1;36m[Device: id=1] RX[0m: 1.1006 Mpps, 1162.27 Mbit/s (1338.37 Mbit/s with framing)
[0;34m[Device: id=0] TX[0m: 1.1006 Mpps, 1162.22 Mbit/s (1338.32 Mbit/s with framing)
[1;36m[Device: id=1] RX[0m: 1.1006 Mpps, 1162.26 Mbit/s (1338.36 Mbit/s with framing)
[0;34m[Device: id=0] TX[0m: 1.1006 Mpps, 1162.27 Mbit/s (1338.37 Mbit/s with framing)
[1;36m[Device: id=1] RX[0m: 1.1006 Mpps, 1162.24 Mbit/s (1338.33 Mbit/s with framing)
[0;34m[Device: id=0] TX[0m: 1.1006 Mpps, 1162.27 Mbit/s (1338.37 Mbit/s with framing)
[1;36m[Device: id=1] RX[0m: 1.1007 Mpps, 1162.30 Mbit/s (1338.40 Mbit/s with framing)
[0;34m[Device: id=0] TX[0m: 1.1006 Mpps, 1162.27 Mbit/s (1338.37 Mbit/s with framing)
[1;36m[Device: id=1] RX[0m: 1.1006 Mpps, 1162.26 Mbit/s (1338.35 Mbit/s with framing)
[0;34m[Device: id=0] TX[0m: 1.1006 Mpps, 1162.27 Mbit/s (1338.37 Mbit/s with framing)
[1;36m[Device: id=1] RX[0m: 1.1006 Mpps, 1162.28 Mbit/s (1338.38 Mbit/s with framing)
[0;34m[Device: id=0] TX[0m: 1.1006 Mpps, 1162.27 Mbit/s (1338.37 Mbit/s with framing)
[1;36m[Device: id=1] RX[0m: 1.1006 Mpps, 1162.24 Mbit/s (1338.34 Mbit/s with framing)
[0;34m[Device: id=0] TX[0m: 1.1006 Mpps, 1162.27 Mbit/s (1338.37 Mbit/s with framing)
[1;36m[Device: id=1] RX[0m: 1.1006 Mpps, 1162.27 Mbit/s (1338.37 Mbit/s with framing)
[0;34m[Device: id=0] TX[0m: 1.1006 Mpps, 1162.27 Mbit/s (1338.37 Mbit/s with framing)
[1;36m[Device: id=1] RX[0m: 1.1007 Mpps, 1162.29 Mbit/s (1338.40 Mbit/s with framing)
[0;34m[Device: id=0] TX[0m: 1.1006 Mpps, 1162.28 Mbit/s (1338.38 Mbit/s with framing)
[1;36m[Device: id=1] RX[0m: 1.1006 Mpps, 1162.26 Mbit/s (1338.36 Mbit/s with framing)
[0;34m[Device: id=0] TX[0m: 1.1006 Mpps, 1162.26 Mbit/s (1338.36 Mbit/s with framing)
[1;36m[Device: id=1] RX[0m: 1.1006 Mpps, 1162.27 Mbit/s (1338.37 Mbit/s with framing)
[0;34m[Device: id=0] TX[0m: 1.1006 Mpps, 1162.27 Mbit/s (1338.37 Mbit/s with framing)
[1;36m[Device: id=1] RX[0m: 1.1006 Mpps, 1162.25 Mbit/s (1338.35 Mbit/s with framing)
[0;34m[Device: id=0] TX[0m: 1.1007 Mpps, 1162.29 Mbit/s (1338.40 Mbit/s with framing)
[1;36m[Device: id=1] RX[0m: 1.1006 Mpps, 1162.26 Mbit/s (1338.36 Mbit/s with framing)
[0;34m[Device: id=0] TX[0m: 1.1006 Mpps, 1162.24 Mbit/s (1338.34 Mbit/s with framing)
[1;36m[Device: id=1] RX[0m: 1.1007 Mpps, 1162.29 Mbit/s (1338.39 Mbit/s with framing)
[0;34m[Device: id=0] TX[0m: 1.1006 Mpps, 1162.27 Mbit/s (1338.37 Mbit/s with framing)
[1;36m[Device: id=1] RX[0m: 1.1006 Mpps, 1162.26 Mbit/s (1338.36 Mbit/s with framing)
[0;34m[Device: id=0] TX[0m: 1.1006 Mpps, 1162.29 Mbit/s (1338.39 Mbit/s with framing)
[1;36m[Device: id=1] RX[0m: 1.1006 Mpps, 1162.27 Mbit/s (1338.37 Mbit/s with framing)
[0;34m[Device: id=0] TX[0m: 1.1006 Mpps, 1162.25 Mbit/s (1338.35 Mbit/s with framing)
[1;36m[Device: id=1] RX[0m: 1.1006 Mpps, 1162.27 Mbit/s (1338.37 Mbit/s with framing)
[0;34m[Device: id=0] TX[0m: 1.1006 Mpps, 1162.27 Mbit/s (1338.37 Mbit/s with framing)
33
[1;36m[Device: id=1] RX[0m: 1.0666 Mpps, 1126.30 Mbit/s (1296.95 Mbit/s with framing)
[0;34m[Device: id=0] TX[0m: 0.9106 Mpps, 961.63 Mbit/s (1107.34 Mbit/s with framing)
[1;36m[Device: id=1] RX[0m: 0.0000 Mpps, 0.00 Mbit/s (0.00 Mbit/s with framing)
[0;34m[Device: id=0] TX[0m: 0.0000 Mpps, 0.00 Mbit/s (0.00 Mbit/s with framing)
33000000
[1;36m[Device: id=1] RX[0m: 1.0622 (StdDev 0.2007) Mpps, 1121.67 (StdDev 212) Mbit/s (1291.62 Mbit/s with framing), total 32201116 packets with 4250546828 bytes (incl. CRC)
[0;34m[Device: id=0] TX[0m: 1.0576 (StdDev 0.2027) Mpps, 1116.83 (StdDev 214) Mbit/s (1286.05 Mbit/s with framing), total 33000000 packets with 4356000000 bytes (incl. CRC)
