[1;37m[INFO]  Initializing DPDK. This will take a few seconds...[0m
EAL: Probing VFIO support...
EAL: PCI device 0000:18:00.0 on NUMA socket 0
EAL:   probe driver: 8086:10fb net_ixgbe
EAL: PCI device 0000:18:00.1 on NUMA socket 0
EAL:   probe driver: 8086:10fb net_ixgbe
EAL: PCI device 0000:62:00.0 on NUMA socket 0
EAL:   probe driver: 8086:37d2 net_i40e
EAL: PCI device 0000:62:00.1 on NUMA socket 0
EAL:   probe driver: 8086:37d2 net_i40e
[1;37m[INFO]  Found 3 usable devices:[0m
   Device 0: 00:1B:21:BE:39:14 ([0;32mIntel Corporation 82599ES 10-Gigabit SFI/SFP+ Network Connection[0m)
   Device 1: 00:1B:21:BE:39:16 ([0;32mIntel Corporation 82599ES 10-Gigabit SFI/SFP+ Network Connection[0m)
   Device 2: AC:1F:6B:B9:35:91 ([0;32mIntel Corporation Ethernet Connection X722 for 10GBASE-T[0m)
PMD: ixgbe_dev_link_status_print():  Port 0: Link Down
PMD: ixgbe_dev_link_status_print():  Port 1: Link Down
[1;37m[INFO]  Waiting for devices to come up...[0m
[1;37m[INFO]  Device 0 (00:1B:21:BE:39:14) is up: 10000 MBit/s[0m
[1;37m[INFO]  Device 1 (00:1B:21:BE:39:16) is up: 10000 MBit/s[0m
[1;37m[INFO]  [0;32m2 devices are up.[0m[0m
[1;37m[INFO]  Trying to enable rx timestamping of all packets, this isn't supported by most nics[0m
[0;34m[Device: id=0] TX[0m: 1.5700 Mpps, 6481.17 Mbit/s (6732.37 Mbit/s with framing)
[1;36m[Device: id=1] RX[0m: 1.4734 Mpps, 6082.03 Mbit/s (6317.76 Mbit/s with framing)
[0;34m[Device: id=0] TX[0m: 1.6005 Mpps, 6606.75 Mbit/s (6862.83 Mbit/s with framing)
[1;36m[Device: id=1] RX[0m: 1.5736 Mpps, 6495.96 Mbit/s (6747.74 Mbit/s with framing)
[0;34m[Device: id=0] TX[0m: 1.6006 Mpps, 6607.26 Mbit/s (6863.36 Mbit/s with framing)
[1;36m[Device: id=1] RX[0m: 1.6006 Mpps, 6607.28 Mbit/s (6863.38 Mbit/s with framing)
[0;34m[Device: id=0] TX[0m: 1.6007 Mpps, 6607.86 Mbit/s (6863.98 Mbit/s with framing)
[1;36m[Device: id=1] RX[0m: 1.6006 Mpps, 6607.20 Mbit/s (6863.30 Mbit/s with framing)
[0;34m[Device: id=0] TX[0m: 1.6005 Mpps, 6606.73 Mbit/s (6862.81 Mbit/s with framing)
[1;36m[Device: id=1] RX[0m: 1.6006 Mpps, 6607.30 Mbit/s (6863.39 Mbit/s with framing)
[1;36m[Device: id=1] RX[0m: 1.6006 Mpps, 6607.30 Mbit/s (6863.40 Mbit/s with framing)
[0;34m[Device: id=0] TX[0m: 1.6007 Mpps, 6607.87 Mbit/s (6863.99 Mbit/s with framing)
[1;36m[Device: id=1] RX[0m: 1.6006 Mpps, 6607.30 Mbit/s (6863.40 Mbit/s with framing)
[0;34m[Device: id=0] TX[0m: 1.6006 Mpps, 6607.45 Mbit/s (6863.55 Mbit/s with framing)
[1;36m[Device: id=1] RX[0m: 1.6006 Mpps, 6607.30 Mbit/s (6863.39 Mbit/s with framing)
[0;34m[Device: id=0] TX[0m: 1.6005 Mpps, 6606.64 Mbit/s (6862.71 Mbit/s with framing)
[1;36m[Device: id=1] RX[0m: 1.6006 Mpps, 6607.27 Mbit/s (6863.37 Mbit/s with framing)
[0;34m[Device: id=0] TX[0m: 1.6006 Mpps, 6607.24 Mbit/s (6863.34 Mbit/s with framing)
[1;36m[Device: id=1] RX[0m: 1.6006 Mpps, 6607.33 Mbit/s (6863.42 Mbit/s with framing)
[0;34m[Device: id=0] TX[0m: 1.6007 Mpps, 6607.88 Mbit/s (6864.00 Mbit/s with framing)
[1;36m[Device: id=1] RX[0m: 1.6006 Mpps, 6607.30 Mbit/s (6863.39 Mbit/s with framing)
[0;34m[Device: id=0] TX[0m: 1.6006 Mpps, 6607.31 Mbit/s (6863.40 Mbit/s with framing)
[1;36m[Device: id=1] RX[0m: 1.6006 Mpps, 6607.27 Mbit/s (6863.37 Mbit/s with framing)
[0;34m[Device: id=0] TX[0m: 1.6005 Mpps, 6606.70 Mbit/s (6862.78 Mbit/s with framing)
[1;36m[Device: id=1] RX[0m: 1.6006 Mpps, 6607.33 Mbit/s (6863.43 Mbit/s with framing)
[0;34m[Device: id=0] TX[0m: 1.6006 Mpps, 6607.45 Mbit/s (6863.55 Mbit/s with framing)
[1;36m[Device: id=1] RX[0m: 1.6006 Mpps, 6607.29 Mbit/s (6863.39 Mbit/s with framing)
[0;34m[Device: id=0] TX[0m: 1.6006 Mpps, 6607.19 Mbit/s (6863.28 Mbit/s with framing)
[1;36m[Device: id=1] RX[0m: 1.6006 Mpps, 6607.19 Mbit/s (6863.28 Mbit/s with framing)
[0;34m[Device: id=0] TX[0m: 1.6006 Mpps, 6607.26 Mbit/s (6863.36 Mbit/s with framing)
[1;36m[Device: id=1] RX[0m: 1.5998 Mpps, 6603.88 Mbit/s (6859.85 Mbit/s with framing)
[0;34m[Device: id=0] TX[0m: 1.6007 Mpps, 6607.54 Mbit/s (6863.64 Mbit/s with framing)
[1;36m[Device: id=1] RX[0m: 1.6006 Mpps, 6607.30 Mbit/s (6863.40 Mbit/s with framing)
[0;34m[Device: id=0] TX[0m: 1.6006 Mpps, 6607.06 Mbit/s (6863.14 Mbit/s with framing)
[1;36m[Device: id=1] RX[0m: 1.6006 Mpps, 6607.29 Mbit/s (6863.39 Mbit/s with framing)
[0;34m[Device: id=0] TX[0m: 1.6006 Mpps, 6607.30 Mbit/s (6863.40 Mbit/s with framing)
[1;36m[Device: id=1] RX[0m: 1.6006 Mpps, 6607.30 Mbit/s (6863.40 Mbit/s with framing)
[0;34m[Device: id=0] TX[0m: 1.6006 Mpps, 6607.30 Mbit/s (6863.40 Mbit/s with framing)
[1;36m[Device: id=1] RX[0m: 1.6006 Mpps, 6607.27 Mbit/s (6863.36 Mbit/s with framing)
[0;34m[Device: id=0] TX[0m: 1.6007 Mpps, 6607.57 Mbit/s (6863.67 Mbit/s with framing)
[1;36m[Device: id=1] RX[0m: 1.6006 Mpps, 6607.30 Mbit/s (6863.40 Mbit/s with framing)
[0;34m[Device: id=0] TX[0m: 1.6006 Mpps, 6607.03 Mbit/s (6863.12 Mbit/s with framing)
[1;36m[Device: id=1] RX[0m: 1.6006 Mpps, 6607.32 Mbit/s (6863.41 Mbit/s with framing)
[0;34m[Device: id=0] TX[0m: 1.6006 Mpps, 6607.34 Mbit/s (6863.44 Mbit/s with framing)
[1;36m[Device: id=1] RX[0m: 1.6006 Mpps, 6607.29 Mbit/s (6863.39 Mbit/s with framing)
[0;34m[Device: id=0] TX[0m: 1.6006 Mpps, 6607.26 Mbit/s (6863.35 Mbit/s with framing)
[1;36m[Device: id=1] RX[0m: 1.6006 Mpps, 6607.29 Mbit/s (6863.38 Mbit/s with framing)
[0;34m[Device: id=0] TX[0m: 1.6007 Mpps, 6607.67 Mbit/s (6863.77 Mbit/s with framing)
[1;36m[Device: id=1] RX[0m: 1.6006 Mpps, 6607.33 Mbit/s (6863.43 Mbit/s with framing)
[0;34m[Device: id=0] TX[0m: 1.6006 Mpps, 6606.93 Mbit/s (6863.02 Mbit/s with framing)
[1;36m[Device: id=1] RX[0m: 1.6006 Mpps, 6607.26 Mbit/s (6863.36 Mbit/s with framing)
[0;34m[Device: id=0] TX[0m: 1.6006 Mpps, 6607.30 Mbit/s (6863.39 Mbit/s with framing)
[1;36m[Device: id=1] RX[0m: 1.6006 Mpps, 6607.33 Mbit/s (6863.43 Mbit/s with framing)
[0;34m[Device: id=0] TX[0m: 1.6006 Mpps, 6607.30 Mbit/s (6863.40 Mbit/s with framing)
[1;36m[Device: id=1] RX[0m: 1.6006 Mpps, 6607.29 Mbit/s (6863.39 Mbit/s with framing)
[0;34m[Device: id=0] TX[0m: 1.6006 Mpps, 6607.33 Mbit/s (6863.43 Mbit/s with framing)
[1;36m[Device: id=1] RX[0m: 1.6006 Mpps, 6607.29 Mbit/s (6863.39 Mbit/s with framing)
[0;34m[Device: id=0] TX[0m: 1.6006 Mpps, 6607.27 Mbit/s (6863.36 Mbit/s with framing)
48
[1;36m[Device: id=1] RX[0m: 1.5577 Mpps, 6430.06 Mbit/s (6679.29 Mbit/s with framing)
[0;34m[Device: id=0] TX[0m: 1.3190 Mpps, 5444.67 Mbit/s (5655.70 Mbit/s with framing)
[1;36m[Device: id=1] RX[0m: 0.0000 Mpps, 0.00 Mbit/s (0.00 Mbit/s with framing)
[0;34m[Device: id=0] TX[0m: 0.0000 Mpps, 0.00 Mbit/s (0.00 Mbit/s with framing)
48000000
[1;36m[Device: id=1] RX[0m: 1.5449 (StdDev 0.2919) Mpps, 6377.31 (StdDev 1205) Mbit/s (6624.50 Mbit/s with framing), total 47820312 packets with 24675276668 bytes (incl. CRC)
[0;34m[Device: id=0] TX[0m: 1.5379 (StdDev 0.2950) Mpps, 6348.28 (StdDev 1218) Mbit/s (6594.34 Mbit/s with framing), total 48000000 packets with 24768000000 bytes (incl. CRC)
