[1;37m[INFO]  Initializing DPDK. This will take a few seconds...[0m
EAL: Probing VFIO support...
EAL: PCI device 0000:18:00.0 on NUMA socket 0
EAL:   probe driver: 8086:10fb net_ixgbe
EAL: PCI device 0000:18:00.1 on NUMA socket 0
EAL:   probe driver: 8086:10fb net_ixgbe
EAL: PCI device 0000:62:00.0 on NUMA socket 0
EAL:   probe driver: 8086:37d2 net_i40e
EAL: PCI device 0000:62:00.1 on NUMA socket 0
EAL:   probe driver: 8086:37d2 net_i40e
[1;37m[INFO]  Found 3 usable devices:[0m
   Device 0: 00:1B:21:BE:39:14 ([0;32mIntel Corporation 82599ES 10-Gigabit SFI/SFP+ Network Connection[0m)
   Device 1: 00:1B:21:BE:39:16 ([0;32mIntel Corporation 82599ES 10-Gigabit SFI/SFP+ Network Connection[0m)
   Device 2: AC:1F:6B:B9:35:91 ([0;32mIntel Corporation Ethernet Connection X722 for 10GBASE-T[0m)
PMD: ixgbe_dev_link_status_print():  Port 0: Link Down
PMD: ixgbe_dev_link_status_print():  Port 1: Link Down
[1;37m[INFO]  Waiting for devices to come up...[0m
[1;37m[INFO]  Device 0 (00:1B:21:BE:39:14) is up: 10000 MBit/s[0m
[1;37m[INFO]  Device 1 (00:1B:21:BE:39:16) is up: 10000 MBit/s[0m
[1;37m[INFO]  [0;32m2 devices are up.[0m[0m
[1;37m[INFO]  Trying to enable rx timestamping of all packets, this isn't supported by most nics[0m
[0;34m[Device: id=0] TX[0m: 1.0820 Mpps, 2250.67 Mbit/s (2423.80 Mbit/s with framing)
[1;36m[Device: id=1] RX[0m: 0.3470 Mpps, 721.72 Mbit/s (777.23 Mbit/s with framing)
[0;34m[Device: id=0] TX[0m: 1.1005 Mpps, 2289.08 Mbit/s (2465.17 Mbit/s with framing)
[1;36m[Device: id=1] RX[0m: 1.0823 Mpps, 2251.24 Mbit/s (2424.42 Mbit/s with framing)
[0;34m[Device: id=0] TX[0m: 1.1006 Mpps, 2289.30 Mbit/s (2465.41 Mbit/s with framing)
[1;36m[Device: id=1] RX[0m: 1.1006 Mpps, 2289.31 Mbit/s (2465.41 Mbit/s with framing)
[0;34m[Device: id=0] TX[0m: 1.1007 Mpps, 2289.57 Mbit/s (2465.69 Mbit/s with framing)
[1;36m[Device: id=1] RX[0m: 1.1006 Mpps, 2289.27 Mbit/s (2465.37 Mbit/s with framing)
[1;36m[Device: id=1] RX[0m: 1.1006 Mpps, 2289.33 Mbit/s (2465.43 Mbit/s with framing)
[0;34m[Device: id=0] TX[0m: 1.1005 Mpps, 2289.07 Mbit/s (2465.15 Mbit/s with framing)
[1;36m[Device: id=1] RX[0m: 1.1006 Mpps, 2289.34 Mbit/s (2465.44 Mbit/s with framing)
[0;34m[Device: id=0] TX[0m: 1.1007 Mpps, 2289.55 Mbit/s (2465.66 Mbit/s with framing)
[1;36m[Device: id=1] RX[0m: 1.1006 Mpps, 2289.31 Mbit/s (2465.41 Mbit/s with framing)
[0;34m[Device: id=0] TX[0m: 1.1006 Mpps, 2289.32 Mbit/s (2465.42 Mbit/s with framing)
[1;36m[Device: id=1] RX[0m: 1.1006 Mpps, 2289.31 Mbit/s (2465.41 Mbit/s with framing)
[0;34m[Device: id=0] TX[0m: 1.1005 Mpps, 2289.07 Mbit/s (2465.16 Mbit/s with framing)
[1;36m[Device: id=1] RX[0m: 1.1006 Mpps, 2289.29 Mbit/s (2465.39 Mbit/s with framing)
[0;34m[Device: id=0] TX[0m: 1.1006 Mpps, 2289.31 Mbit/s (2465.41 Mbit/s with framing)
[1;36m[Device: id=1] RX[0m: 1.1007 Mpps, 2289.36 Mbit/s (2465.46 Mbit/s with framing)
[0;34m[Device: id=0] TX[0m: 1.1007 Mpps, 2289.55 Mbit/s (2465.67 Mbit/s with framing)
[1;36m[Device: id=1] RX[0m: 1.1006 Mpps, 2289.27 Mbit/s (2465.37 Mbit/s with framing)
[0;34m[Device: id=0] TX[0m: 1.1006 Mpps, 2289.31 Mbit/s (2465.41 Mbit/s with framing)
[1;36m[Device: id=1] RX[0m: 1.1006 Mpps, 2289.30 Mbit/s (2465.40 Mbit/s with framing)
[0;34m[Device: id=0] TX[0m: 1.1006 Mpps, 2289.17 Mbit/s (2465.26 Mbit/s with framing)
[1;36m[Device: id=1] RX[0m: 1.1002 Mpps, 2288.46 Mbit/s (2464.49 Mbit/s with framing)
[0;34m[Device: id=0] TX[0m: 1.1006 Mpps, 2289.21 Mbit/s (2465.31 Mbit/s with framing)
[1;36m[Device: id=1] RX[0m: 1.1007 Mpps, 2289.36 Mbit/s (2465.46 Mbit/s with framing)
[0;34m[Device: id=0] TX[0m: 1.1006 Mpps, 2289.32 Mbit/s (2465.42 Mbit/s with framing)
[1;36m[Device: id=1] RX[0m: 1.1006 Mpps, 2289.29 Mbit/s (2465.39 Mbit/s with framing)
[0;34m[Device: id=0] TX[0m: 1.1006 Mpps, 2289.31 Mbit/s (2465.41 Mbit/s with framing)
[1;36m[Device: id=1] RX[0m: 1.1006 Mpps, 2289.28 Mbit/s (2465.37 Mbit/s with framing)
[0;34m[Device: id=0] TX[0m: 1.1007 Mpps, 2289.41 Mbit/s (2465.52 Mbit/s with framing)
[1;36m[Device: id=1] RX[0m: 1.1006 Mpps, 2289.32 Mbit/s (2465.42 Mbit/s with framing)
[0;34m[Device: id=0] TX[0m: 1.1006 Mpps, 2289.22 Mbit/s (2465.32 Mbit/s with framing)
[1;36m[Device: id=1] RX[0m: 1.1006 Mpps, 2289.33 Mbit/s (2465.43 Mbit/s with framing)
[0;34m[Device: id=0] TX[0m: 1.1006 Mpps, 2289.31 Mbit/s (2465.41 Mbit/s with framing)
[1;36m[Device: id=1] RX[0m: 1.1006 Mpps, 2289.35 Mbit/s (2465.45 Mbit/s with framing)
[0;34m[Device: id=0] TX[0m: 1.1007 Mpps, 2289.41 Mbit/s (2465.52 Mbit/s with framing)
[1;36m[Device: id=1] RX[0m: 1.1006 Mpps, 2289.25 Mbit/s (2465.34 Mbit/s with framing)
[0;34m[Device: id=0] TX[0m: 1.1006 Mpps, 2289.22 Mbit/s (2465.31 Mbit/s with framing)
[1;36m[Device: id=1] RX[0m: 1.1006 Mpps, 2289.35 Mbit/s (2465.45 Mbit/s with framing)
[0;34m[Device: id=0] TX[0m: 1.1006 Mpps, 2289.32 Mbit/s (2465.42 Mbit/s with framing)
[1;36m[Device: id=1] RX[0m: 1.1006 Mpps, 2289.34 Mbit/s (2465.44 Mbit/s with framing)
[0;34m[Device: id=0] TX[0m: 1.1007 Mpps, 2289.42 Mbit/s (2465.53 Mbit/s with framing)
[1;36m[Device: id=1] RX[0m: 1.1006 Mpps, 2289.29 Mbit/s (2465.39 Mbit/s with framing)
[0;34m[Device: id=0] TX[0m: 1.1006 Mpps, 2289.21 Mbit/s (2465.30 Mbit/s with framing)
[1;36m[Device: id=1] RX[0m: 1.1006 Mpps, 2289.29 Mbit/s (2465.39 Mbit/s with framing)
[0;34m[Device: id=0] TX[0m: 1.1006 Mpps, 2289.31 Mbit/s (2465.41 Mbit/s with framing)
[1;36m[Device: id=1] RX[0m: 1.1007 Mpps, 2289.37 Mbit/s (2465.47 Mbit/s with framing)
[0;34m[Device: id=0] TX[0m: 1.1007 Mpps, 2289.41 Mbit/s (2465.52 Mbit/s with framing)
[1;36m[Device: id=1] RX[0m: 1.1006 Mpps, 2289.29 Mbit/s (2465.38 Mbit/s with framing)
[0;34m[Device: id=0] TX[0m: 1.1006 Mpps, 2289.22 Mbit/s (2465.32 Mbit/s with framing)
[1;36m[Device: id=1] RX[0m: 1.1007 Mpps, 2289.35 Mbit/s (2465.46 Mbit/s with framing)
[0;34m[Device: id=0] TX[0m: 1.1006 Mpps, 2289.31 Mbit/s (2465.42 Mbit/s with framing)
[1;36m[Device: id=1] RX[0m: 1.1006 Mpps, 2289.26 Mbit/s (2465.36 Mbit/s with framing)
[0;34m[Device: id=0] TX[0m: 1.1006 Mpps, 2289.32 Mbit/s (2465.42 Mbit/s with framing)
[1;36m[Device: id=1] RX[0m: 1.1007 Mpps, 2289.35 Mbit/s (2465.46 Mbit/s with framing)
[0;34m[Device: id=0] TX[0m: 1.1006 Mpps, 2289.33 Mbit/s (2465.43 Mbit/s with framing)
33
[1;36m[Device: id=1] RX[0m: 1.0743 Mpps, 2234.45 Mbit/s (2406.33 Mbit/s with framing)
[0;34m[Device: id=0] TX[0m: 0.9057 Mpps, 1883.87 Mbit/s (2028.79 Mbit/s with framing)
[1;36m[Device: id=1] RX[0m: 0.0000 Mpps, 0.00 Mbit/s (0.00 Mbit/s with framing)
[0;34m[Device: id=0] TX[0m: 0.0000 Mpps, 0.00 Mbit/s (0.00 Mbit/s with framing)
33000000
[1;36m[Device: id=1] RX[0m: 1.0624 (StdDev 0.2007) Mpps, 2209.88 (StdDev 418) Mbit/s (2379.87 Mbit/s with framing), total 32220367 packets with 8377293656 bytes (incl. CRC)
[0;34m[Device: id=0] TX[0m: 1.0574 (StdDev 0.2029) Mpps, 2199.48 (StdDev 422) Mbit/s (2368.67 Mbit/s with framing), total 33000000 packets with 8580000000 bytes (incl. CRC)
