[1;37m[INFO]  Initializing DPDK. This will take a few seconds...[0m
EAL: Probing VFIO support...
EAL: PCI device 0000:18:00.0 on NUMA socket 0
EAL:   probe driver: 8086:10fb net_ixgbe
EAL: PCI device 0000:18:00.1 on NUMA socket 0
EAL:   probe driver: 8086:10fb net_ixgbe
EAL: PCI device 0000:62:00.0 on NUMA socket 0
EAL:   probe driver: 8086:37d2 net_i40e
EAL: PCI device 0000:62:00.1 on NUMA socket 0
EAL:   probe driver: 8086:37d2 net_i40e
[1;37m[INFO]  Found 3 usable devices:[0m
   Device 0: 00:1B:21:BE:39:14 ([0;32mIntel Corporation 82599ES 10-Gigabit SFI/SFP+ Network Connection[0m)
   Device 1: 00:1B:21:BE:39:16 ([0;32mIntel Corporation 82599ES 10-Gigabit SFI/SFP+ Network Connection[0m)
   Device 2: AC:1F:6B:B9:35:91 ([0;32mIntel Corporation Ethernet Connection X722 for 10GBASE-T[0m)
PMD: ixgbe_dev_link_status_print():  Port 0: Link Down
PMD: ixgbe_dev_link_status_print():  Port 1: Link Down
[1;37m[INFO]  Waiting for devices to come up...[0m
[1;37m[INFO]  Device 0 (00:1B:21:BE:39:14) is up: 10000 MBit/s[0m
[1;37m[INFO]  Device 1 (00:1B:21:BE:39:16) is up: 10000 MBit/s[0m
[1;37m[INFO]  [0;32m2 devices are up.[0m[0m
[1;37m[INFO]  Trying to enable rx timestamping of all packets, this isn't supported by most nics[0m
[0;34m[Device: id=0] TX[0m: 1.4705 Mpps, 3058.73 Mbit/s (3294.01 Mbit/s with framing)
[1;36m[Device: id=1] RX[0m: 0.4672 Mpps, 971.70 Mbit/s (1046.45 Mbit/s with framing)
[0;34m[Device: id=0] TX[0m: 1.5009 Mpps, 3121.91 Mbit/s (3362.05 Mbit/s with framing)
[1;36m[Device: id=1] RX[0m: 1.4760 Mpps, 3070.16 Mbit/s (3306.32 Mbit/s with framing)
[0;34m[Device: id=0] TX[0m: 1.5011 Mpps, 3122.21 Mbit/s (3362.38 Mbit/s with framing)
[1;36m[Device: id=1] RX[0m: 1.5011 Mpps, 3122.31 Mbit/s (3362.49 Mbit/s with framing)
[0;34m[Device: id=0] TX[0m: 1.5012 Mpps, 3122.56 Mbit/s (3362.76 Mbit/s with framing)
[1;36m[Device: id=1] RX[0m: 1.5003 Mpps, 3120.70 Mbit/s (3360.75 Mbit/s with framing)
[0;34m[Device: id=0] TX[0m: 1.5009 Mpps, 3121.91 Mbit/s (3362.06 Mbit/s with framing)
[1;36m[Device: id=1] RX[0m: 1.5011 Mpps, 3122.24 Mbit/s (3362.41 Mbit/s with framing)
[1;36m[Device: id=1] RX[0m: 1.5005 Mpps, 3121.07 Mbit/s (3361.15 Mbit/s with framing)
[0;34m[Device: id=0] TX[0m: 1.5012 Mpps, 3122.57 Mbit/s (3362.77 Mbit/s with framing)
[1;36m[Device: id=1] RX[0m: 1.5006 Mpps, 3121.19 Mbit/s (3361.29 Mbit/s with framing)
[0;34m[Device: id=0] TX[0m: 1.5011 Mpps, 3122.24 Mbit/s (3362.41 Mbit/s with framing)
[1;36m[Device: id=1] RX[0m: 1.5011 Mpps, 3122.30 Mbit/s (3362.48 Mbit/s with framing)
[0;34m[Device: id=0] TX[0m: 1.5009 Mpps, 3121.91 Mbit/s (3362.06 Mbit/s with framing)
[1;36m[Device: id=1] RX[0m: 1.5011 Mpps, 3122.24 Mbit/s (3362.41 Mbit/s with framing)
[0;34m[Device: id=0] TX[0m: 1.5012 Mpps, 3122.57 Mbit/s (3362.76 Mbit/s with framing)
[1;36m[Device: id=1] RX[0m: 1.5011 Mpps, 3122.24 Mbit/s (3362.41 Mbit/s with framing)
[0;34m[Device: id=0] TX[0m: 1.5009 Mpps, 3121.91 Mbit/s (3362.05 Mbit/s with framing)
[1;36m[Device: id=1] RX[0m: 1.5010 Mpps, 3122.17 Mbit/s (3362.34 Mbit/s with framing)
[0;34m[Device: id=0] TX[0m: 1.5012 Mpps, 3122.52 Mbit/s (3362.71 Mbit/s with framing)
[1;36m[Device: id=1] RX[0m: 1.5004 Mpps, 3120.82 Mbit/s (3360.88 Mbit/s with framing)
[0;34m[Device: id=0] TX[0m: 1.5010 Mpps, 3122.06 Mbit/s (3362.22 Mbit/s with framing)
[1;36m[Device: id=1] RX[0m: 1.5011 Mpps, 3122.24 Mbit/s (3362.41 Mbit/s with framing)
[0;34m[Device: id=0] TX[0m: 1.5010 Mpps, 3122.11 Mbit/s (3362.28 Mbit/s with framing)
[1;36m[Device: id=1] RX[0m: 1.5011 Mpps, 3122.23 Mbit/s (3362.40 Mbit/s with framing)
[0;34m[Device: id=0] TX[0m: 1.5011 Mpps, 3122.24 Mbit/s (3362.41 Mbit/s with framing)
[1;36m[Device: id=1] RX[0m: 1.5011 Mpps, 3122.25 Mbit/s (3362.42 Mbit/s with framing)
[0;34m[Device: id=0] TX[0m: 1.5011 Mpps, 3122.36 Mbit/s (3362.54 Mbit/s with framing)
[1;36m[Device: id=1] RX[0m: 1.5006 Mpps, 3121.17 Mbit/s (3361.26 Mbit/s with framing)
[0;34m[Device: id=0] TX[0m: 1.5010 Mpps, 3122.11 Mbit/s (3362.28 Mbit/s with framing)
[1;36m[Device: id=1] RX[0m: 1.5011 Mpps, 3122.24 Mbit/s (3362.42 Mbit/s with framing)
[0;34m[Device: id=0] TX[0m: 1.5011 Mpps, 3122.24 Mbit/s (3362.41 Mbit/s with framing)
[1;36m[Device: id=1] RX[0m: 1.5011 Mpps, 3122.24 Mbit/s (3362.41 Mbit/s with framing)
[0;34m[Device: id=0] TX[0m: 1.5011 Mpps, 3122.24 Mbit/s (3362.41 Mbit/s with framing)
[1;36m[Device: id=1] RX[0m: 1.5011 Mpps, 3122.22 Mbit/s (3362.39 Mbit/s with framing)
[0;34m[Device: id=0] TX[0m: 1.5011 Mpps, 3122.24 Mbit/s (3362.41 Mbit/s with framing)
[1;36m[Device: id=1] RX[0m: 1.5004 Mpps, 3120.90 Mbit/s (3360.97 Mbit/s with framing)
[0;34m[Device: id=0] TX[0m: 1.5011 Mpps, 3122.35 Mbit/s (3362.53 Mbit/s with framing)
[1;36m[Device: id=1] RX[0m: 1.5011 Mpps, 3122.26 Mbit/s (3362.43 Mbit/s with framing)
[0;34m[Device: id=0] TX[0m: 1.5010 Mpps, 3122.12 Mbit/s (3362.29 Mbit/s with framing)
[1;36m[Device: id=1] RX[0m: 1.5011 Mpps, 3122.22 Mbit/s (3362.39 Mbit/s with framing)
[0;34m[Device: id=0] TX[0m: 1.5011 Mpps, 3122.24 Mbit/s (3362.41 Mbit/s with framing)
[1;36m[Device: id=1] RX[0m: 1.5011 Mpps, 3122.24 Mbit/s (3362.41 Mbit/s with framing)
[0;34m[Device: id=0] TX[0m: 1.5011 Mpps, 3122.24 Mbit/s (3362.41 Mbit/s with framing)
[1;36m[Device: id=1] RX[0m: 1.5011 Mpps, 3122.25 Mbit/s (3362.42 Mbit/s with framing)
[0;34m[Device: id=0] TX[0m: 1.5011 Mpps, 3122.24 Mbit/s (3362.41 Mbit/s with framing)
[1;36m[Device: id=1] RX[0m: 1.5005 Mpps, 3120.99 Mbit/s (3361.06 Mbit/s with framing)
[0;34m[Device: id=0] TX[0m: 1.5011 Mpps, 3122.34 Mbit/s (3362.52 Mbit/s with framing)
[1;36m[Device: id=1] RX[0m: 1.5011 Mpps, 3122.24 Mbit/s (3362.41 Mbit/s with framing)
[0;34m[Device: id=0] TX[0m: 1.5010 Mpps, 3122.20 Mbit/s (3362.37 Mbit/s with framing)
[1;36m[Device: id=1] RX[0m: 1.5011 Mpps, 3122.24 Mbit/s (3362.41 Mbit/s with framing)
[0;34m[Device: id=0] TX[0m: 1.5011 Mpps, 3122.17 Mbit/s (3362.34 Mbit/s with framing)
[1;36m[Device: id=1] RX[0m: 1.5011 Mpps, 3122.19 Mbit/s (3362.36 Mbit/s with framing)
[0;34m[Device: id=0] TX[0m: 1.5011 Mpps, 3122.24 Mbit/s (3362.41 Mbit/s with framing)
[1;36m[Device: id=1] RX[0m: 1.5011 Mpps, 3122.28 Mbit/s (3362.45 Mbit/s with framing)
[0;34m[Device: id=0] TX[0m: 1.5011 Mpps, 3122.24 Mbit/s (3362.41 Mbit/s with framing)
45
[1;36m[Device: id=1] RX[0m: 1.4491 Mpps, 3014.16 Mbit/s (3246.02 Mbit/s with framing)
[0;34m[Device: id=0] TX[0m: 1.2326 Mpps, 2563.75 Mbit/s (2760.96 Mbit/s with framing)
[1;36m[Device: id=1] RX[0m: 0.0000 Mpps, 0.00 Mbit/s (0.00 Mbit/s with framing)
[0;34m[Device: id=0] TX[0m: 0.0000 Mpps, 0.00 Mbit/s (0.00 Mbit/s with framing)
45000000
[1;36m[Device: id=1] RX[0m: 1.4483 (StdDev 0.2737) Mpps, 3012.53 (StdDev 569) Mbit/s (3244.27 Mbit/s with framing), total 43917349 packets with 11418508976 bytes (incl. CRC)
[0;34m[Device: id=0] TX[0m: 1.4421 (StdDev 0.2767) Mpps, 2999.53 (StdDev 576) Mbit/s (3230.27 Mbit/s with framing), total 45000000 packets with 11700000000 bytes (incl. CRC)
