[1;37m[INFO]  Initializing DPDK. This will take a few seconds...[0m
EAL: Probing VFIO support...
EAL: PCI device 0000:18:00.0 on NUMA socket 0
EAL:   probe driver: 8086:10fb net_ixgbe
EAL: PCI device 0000:18:00.1 on NUMA socket 0
EAL:   probe driver: 8086:10fb net_ixgbe
EAL: PCI device 0000:62:00.0 on NUMA socket 0
EAL:   probe driver: 8086:37d2 net_i40e
EAL: PCI device 0000:62:00.1 on NUMA socket 0
EAL:   probe driver: 8086:37d2 net_i40e
[1;37m[INFO]  Found 3 usable devices:[0m
   Device 0: 00:1B:21:BE:39:14 ([0;32mIntel Corporation 82599ES 10-Gigabit SFI/SFP+ Network Connection[0m)
   Device 1: 00:1B:21:BE:39:16 ([0;32mIntel Corporation 82599ES 10-Gigabit SFI/SFP+ Network Connection[0m)
   Device 2: AC:1F:6B:B9:35:91 ([0;32mIntel Corporation Ethernet Connection X722 for 10GBASE-T[0m)
PMD: ixgbe_dev_link_status_print():  Port 0: Link Down
PMD: ixgbe_dev_link_status_print(): Port 1: Link Up - speed 0 Mbps - half-duplex
[1;37m[INFO]  Waiting for devices to come up...[0m
[1;37m[INFO]  Device 1 (00:1B:21:BE:39:16) is up: 10000 MBit/s[0m
[1;37m[INFO]  Device 0 (00:1B:21:BE:39:14) is up: 10000 MBit/s[0m
[1;37m[INFO]  [0;32m2 devices are up.[0m[0m
[1;37m[INFO]  Trying to enable rx timestamping of all packets, this isn't supported by most nics[0m
[0;34m[Device: id=0] TX[0m: 0.9774 Mpps, 2032.98 Mbit/s (2189.36 Mbit/s with framing)
[1;36m[Device: id=1] RX[0m: 0.9592 Mpps, 1995.06 Mbit/s (2148.52 Mbit/s with framing)
[0;34m[Device: id=0] TX[0m: 0.9999 Mpps, 2079.76 Mbit/s (2239.74 Mbit/s with framing)
[1;36m[Device: id=1] RX[0m: 0.9831 Mpps, 2044.81 Mbit/s (2202.10 Mbit/s with framing)
[0;34m[Device: id=0] TX[0m: 1.0000 Mpps, 2080.00 Mbit/s (2240.00 Mbit/s with framing)
[1;36m[Device: id=1] RX[0m: 1.0000 Mpps, 2080.03 Mbit/s (2240.03 Mbit/s with framing)
[0;34m[Device: id=0] TX[0m: 1.0000 Mpps, 2080.00 Mbit/s (2240.00 Mbit/s with framing)
[1;36m[Device: id=1] RX[0m: 1.0000 Mpps, 2080.02 Mbit/s (2240.02 Mbit/s with framing)
[1;36m[Device: id=1] RX[0m: 0.9995 Mpps, 2078.98 Mbit/s (2238.90 Mbit/s with framing)
[0;34m[Device: id=0] TX[0m: 1.0001 Mpps, 2080.25 Mbit/s (2240.27 Mbit/s with framing)
[1;36m[Device: id=1] RX[0m: 1.0000 Mpps, 2080.00 Mbit/s (2240.00 Mbit/s with framing)
[0;34m[Device: id=0] TX[0m: 1.0000 Mpps, 2079.99 Mbit/s (2239.99 Mbit/s with framing)
[1;36m[Device: id=1] RX[0m: 1.0000 Mpps, 2080.06 Mbit/s (2240.06 Mbit/s with framing)
[0;34m[Device: id=0] TX[0m: 0.9999 Mpps, 2079.78 Mbit/s (2239.76 Mbit/s with framing)
[1;36m[Device: id=1] RX[0m: 1.0000 Mpps, 2079.94 Mbit/s (2239.94 Mbit/s with framing)
[0;34m[Device: id=0] TX[0m: 1.0001 Mpps, 2080.23 Mbit/s (2240.25 Mbit/s with framing)
[1;36m[Device: id=1] RX[0m: 1.0000 Mpps, 2080.04 Mbit/s (2240.04 Mbit/s with framing)
[0;34m[Device: id=0] TX[0m: 1.0000 Mpps, 2080.01 Mbit/s (2240.01 Mbit/s with framing)
[1;36m[Device: id=1] RX[0m: 1.0000 Mpps, 2080.03 Mbit/s (2240.03 Mbit/s with framing)
[0;34m[Device: id=0] TX[0m: 0.9999 Mpps, 2079.76 Mbit/s (2239.74 Mbit/s with framing)
[1;36m[Device: id=1] RX[0m: 1.0000 Mpps, 2079.99 Mbit/s (2239.99 Mbit/s with framing)
[0;34m[Device: id=0] TX[0m: 1.0002 Mpps, 2080.42 Mbit/s (2240.45 Mbit/s with framing)
[1;36m[Device: id=1] RX[0m: 1.0000 Mpps, 2080.04 Mbit/s (2240.04 Mbit/s with framing)
[0;34m[Device: id=0] TX[0m: 0.9998 Mpps, 2079.59 Mbit/s (2239.56 Mbit/s with framing)
[1;36m[Device: id=1] RX[0m: 1.0000 Mpps, 2079.94 Mbit/s (2239.94 Mbit/s with framing)
[0;34m[Device: id=0] TX[0m: 1.0000 Mpps, 2080.01 Mbit/s (2240.01 Mbit/s with framing)
[1;36m[Device: id=1] RX[0m: 1.0000 Mpps, 2080.06 Mbit/s (2240.06 Mbit/s with framing)
[0;34m[Device: id=0] TX[0m: 1.0000 Mpps, 2080.11 Mbit/s (2240.12 Mbit/s with framing)
[1;36m[Device: id=1] RX[0m: 1.0000 Mpps, 2080.00 Mbit/s (2240.00 Mbit/s with framing)
[0;34m[Device: id=0] TX[0m: 1.0000 Mpps, 2079.89 Mbit/s (2239.89 Mbit/s with framing)
[1;36m[Device: id=1] RX[0m: 1.0000 Mpps, 2079.98 Mbit/s (2239.98 Mbit/s with framing)
[0;34m[Device: id=0] TX[0m: 1.0000 Mpps, 2080.01 Mbit/s (2240.01 Mbit/s with framing)
[1;36m[Device: id=1] RX[0m: 1.0000 Mpps, 2079.96 Mbit/s (2239.96 Mbit/s with framing)
[0;34m[Device: id=0] TX[0m: 1.0000 Mpps, 2080.01 Mbit/s (2240.01 Mbit/s with framing)
[1;36m[Device: id=1] RX[0m: 1.0000 Mpps, 2080.08 Mbit/s (2240.08 Mbit/s with framing)
[0;34m[Device: id=0] TX[0m: 1.0000 Mpps, 2080.01 Mbit/s (2240.01 Mbit/s with framing)
[1;36m[Device: id=1] RX[0m: 1.0000 Mpps, 2080.00 Mbit/s (2240.00 Mbit/s with framing)
[0;34m[Device: id=0] TX[0m: 1.0000 Mpps, 2080.09 Mbit/s (2240.09 Mbit/s with framing)
[1;36m[Device: id=1] RX[0m: 1.0000 Mpps, 2079.96 Mbit/s (2239.96 Mbit/s with framing)
[0;34m[Device: id=0] TX[0m: 1.0000 Mpps, 2079.92 Mbit/s (2239.92 Mbit/s with framing)
[1;36m[Device: id=1] RX[0m: 1.0000 Mpps, 2080.01 Mbit/s (2240.01 Mbit/s with framing)
[0;34m[Device: id=0] TX[0m: 1.0000 Mpps, 2080.00 Mbit/s (2240.00 Mbit/s with framing)
[1;36m[Device: id=1] RX[0m: 1.0000 Mpps, 2079.97 Mbit/s (2239.97 Mbit/s with framing)
[0;34m[Device: id=0] TX[0m: 1.0000 Mpps, 2080.01 Mbit/s (2240.01 Mbit/s with framing)
[1;36m[Device: id=1] RX[0m: 1.0000 Mpps, 2080.07 Mbit/s (2240.07 Mbit/s with framing)
[0;34m[Device: id=0] TX[0m: 1.0000 Mpps, 2080.01 Mbit/s (2240.01 Mbit/s with framing)
[1;36m[Device: id=1] RX[0m: 1.0000 Mpps, 2080.01 Mbit/s (2240.01 Mbit/s with framing)
[0;34m[Device: id=0] TX[0m: 1.0000 Mpps, 2080.00 Mbit/s (2240.00 Mbit/s with framing)
[1;36m[Device: id=1] RX[0m: 1.0000 Mpps, 2079.96 Mbit/s (2239.96 Mbit/s with framing)
[0;34m[Device: id=0] TX[0m: 1.0000 Mpps, 2080.08 Mbit/s (2240.09 Mbit/s with framing)
[1;36m[Device: id=1] RX[0m: 1.0000 Mpps, 2080.01 Mbit/s (2240.01 Mbit/s with framing)
[0;34m[Device: id=0] TX[0m: 1.0000 Mpps, 2079.95 Mbit/s (2239.94 Mbit/s with framing)
[1;36m[Device: id=1] RX[0m: 1.0000 Mpps, 2079.99 Mbit/s (2239.99 Mbit/s with framing)
[0;34m[Device: id=0] TX[0m: 1.0000 Mpps, 2079.99 Mbit/s (2239.99 Mbit/s with framing)
[1;36m[Device: id=1] RX[0m: 1.0000 Mpps, 2080.03 Mbit/s (2240.03 Mbit/s with framing)
[0;34m[Device: id=0] TX[0m: 1.0000 Mpps, 2080.01 Mbit/s (2240.01 Mbit/s with framing)
[1;36m[Device: id=1] RX[0m: 1.0000 Mpps, 2080.00 Mbit/s (2240.00 Mbit/s with framing)
[0;34m[Device: id=0] TX[0m: 1.0000 Mpps, 2080.05 Mbit/s (2240.05 Mbit/s with framing)
30
[1;36m[Device: id=1] RX[0m: 0.9963 Mpps, 2072.34 Mbit/s (2231.75 Mbit/s with framing)
[0;34m[Device: id=0] TX[0m: 0.8468 Mpps, 1761.32 Mbit/s (1896.81 Mbit/s with framing)
[1;36m[Device: id=1] RX[0m: 0.0000 Mpps, 0.00 Mbit/s (0.00 Mbit/s with framing)
[0;34m[Device: id=0] TX[0m: 0.0000 Mpps, 0.00 Mbit/s (0.00 Mbit/s with framing)
30000000
[1;36m[Device: id=1] RX[0m: 0.9660 (StdDev 0.1825) Mpps, 2009.21 (StdDev 380) Mbit/s (2163.76 Mbit/s with framing), total 29938341 packets with 7783968368 bytes (incl. CRC)
[0;34m[Device: id=0] TX[0m: 0.9616 (StdDev 0.1837) Mpps, 2000.04 (StdDev 382) Mbit/s (2153.89 Mbit/s with framing), total 30000000 packets with 7800000000 bytes (incl. CRC)
