[1;37m[INFO]  Initializing DPDK. This will take a few seconds...[0m
EAL: Probing VFIO support...
EAL: PCI device 0000:18:00.0 on NUMA socket 0
EAL:   probe driver: 8086:10fb net_ixgbe
EAL: PCI device 0000:18:00.1 on NUMA socket 0
EAL:   probe driver: 8086:10fb net_ixgbe
EAL: PCI device 0000:62:00.0 on NUMA socket 0
EAL:   probe driver: 8086:37d2 net_i40e
EAL: PCI device 0000:62:00.1 on NUMA socket 0
EAL:   probe driver: 8086:37d2 net_i40e
[1;37m[INFO]  Found 3 usable devices:[0m
   Device 0: 00:1B:21:BE:39:14 ([0;32mIntel Corporation 82599ES 10-Gigabit SFI/SFP+ Network Connection[0m)
   Device 1: 00:1B:21:BE:39:16 ([0;32mIntel Corporation 82599ES 10-Gigabit SFI/SFP+ Network Connection[0m)
   Device 2: AC:1F:6B:B9:35:91 ([0;32mIntel Corporation Ethernet Connection X722 for 10GBASE-T[0m)
PMD: ixgbe_dev_link_status_print():  Port 0: Link Down
PMD: ixgbe_dev_link_status_print():  Port 1: Link Down
[1;37m[INFO]  Waiting for devices to come up...[0m
[1;37m[INFO]  Device 0 (00:1B:21:BE:39:14) is up: 10000 MBit/s[0m
[1;37m[INFO]  Device 1 (00:1B:21:BE:39:16) is up: 10000 MBit/s[0m
[1;37m[INFO]  [0;32m2 devices are up.[0m[0m
[1;37m[INFO]  Trying to enable rx timestamping of all packets, this isn't supported by most nics[0m
[0;34m[Device: id=0] TX[0m: 0.7673 Mpps, 9231.72 Mbit/s (9354.48 Mbit/s with framing)
[1;36m[Device: id=1] RX[0m: 0.1961 Mpps, 2359.85 Mbit/s (2391.23 Mbit/s with framing)
[0;34m[Device: id=0] TX[0m: 0.8201 Mpps, 9867.10 Mbit/s (9998.31 Mbit/s with framing)
[1;36m[Device: id=1] RX[0m: 0.8064 Mpps, 9702.25 Mbit/s (9831.27 Mbit/s with framing)
[0;34m[Device: id=0] TX[0m: 0.8201 Mpps, 9867.95 Mbit/s (9999.17 Mbit/s with framing)
[1;36m[Device: id=1] RX[0m: 0.8201 Mpps, 9867.90 Mbit/s (9999.12 Mbit/s with framing)
[0;34m[Device: id=0] TX[0m: 0.8202 Mpps, 9868.81 Mbit/s (10000.04 Mbit/s with framing)
[1;36m[Device: id=1] RX[0m: 0.8200 Mpps, 9866.82 Mbit/s (9998.03 Mbit/s with framing)
[0;34m[Device: id=0] TX[0m: 0.8201 Mpps, 9867.12 Mbit/s (9998.33 Mbit/s with framing)
[1;36m[Device: id=1] RX[0m: 0.8201 Mpps, 9867.90 Mbit/s (9999.12 Mbit/s with framing)
[1;36m[Device: id=1] RX[0m: 0.8201 Mpps, 9867.96 Mbit/s (9999.18 Mbit/s with framing)
[0;34m[Device: id=0] TX[0m: 0.8202 Mpps, 9868.82 Mbit/s (10000.06 Mbit/s with framing)
[1;36m[Device: id=1] RX[0m: 0.8201 Mpps, 9867.95 Mbit/s (9999.18 Mbit/s with framing)
[0;34m[Device: id=0] TX[0m: 0.8201 Mpps, 9867.96 Mbit/s (9999.18 Mbit/s with framing)
[1;36m[Device: id=1] RX[0m: 0.8201 Mpps, 9867.95 Mbit/s (9999.17 Mbit/s with framing)
[0;34m[Device: id=0] TX[0m: 0.8201 Mpps, 9867.11 Mbit/s (9998.32 Mbit/s with framing)
[1;36m[Device: id=1] RX[0m: 0.8201 Mpps, 9867.95 Mbit/s (9999.17 Mbit/s with framing)
[0;34m[Device: id=0] TX[0m: 0.8201 Mpps, 9867.97 Mbit/s (9999.19 Mbit/s with framing)
[1;36m[Device: id=1] RX[0m: 0.8201 Mpps, 9867.95 Mbit/s (9999.18 Mbit/s with framing)
[0;34m[Device: id=0] TX[0m: 0.8202 Mpps, 9868.84 Mbit/s (10000.07 Mbit/s with framing)
[1;36m[Device: id=1] RX[0m: 0.8201 Mpps, 9867.95 Mbit/s (9999.17 Mbit/s with framing)
[0;34m[Device: id=0] TX[0m: 0.8201 Mpps, 9868.02 Mbit/s (9999.24 Mbit/s with framing)
[1;36m[Device: id=1] RX[0m: 0.8201 Mpps, 9867.96 Mbit/s (9999.18 Mbit/s with framing)
[0;34m[Device: id=0] TX[0m: 0.8201 Mpps, 9867.42 Mbit/s (9998.64 Mbit/s with framing)
[1;36m[Device: id=1] RX[0m: 0.8201 Mpps, 9867.95 Mbit/s (9999.18 Mbit/s with framing)
[0;34m[Device: id=0] TX[0m: 0.8201 Mpps, 9867.63 Mbit/s (9998.85 Mbit/s with framing)
[1;36m[Device: id=1] RX[0m: 0.8201 Mpps, 9867.94 Mbit/s (9999.17 Mbit/s with framing)
[0;34m[Device: id=0] TX[0m: 0.8201 Mpps, 9868.11 Mbit/s (9999.33 Mbit/s with framing)
[1;36m[Device: id=1] RX[0m: 0.8201 Mpps, 9867.96 Mbit/s (9999.18 Mbit/s with framing)
[0;34m[Device: id=0] TX[0m: 0.8201 Mpps, 9867.77 Mbit/s (9998.99 Mbit/s with framing)
[1;36m[Device: id=1] RX[0m: 0.8201 Mpps, 9867.95 Mbit/s (9999.18 Mbit/s with framing)
[0;34m[Device: id=0] TX[0m: 0.8202 Mpps, 9868.35 Mbit/s (9999.58 Mbit/s with framing)
[1;36m[Device: id=1] RX[0m: 0.8201 Mpps, 9867.05 Mbit/s (9998.26 Mbit/s with framing)
[0;34m[Device: id=0] TX[0m: 0.8201 Mpps, 9867.58 Mbit/s (9998.80 Mbit/s with framing)
[1;36m[Device: id=1] RX[0m: 0.8201 Mpps, 9867.95 Mbit/s (9999.18 Mbit/s with framing)
[0;34m[Device: id=0] TX[0m: 0.8201 Mpps, 9867.97 Mbit/s (9999.19 Mbit/s with framing)
[1;36m[Device: id=1] RX[0m: 0.8201 Mpps, 9867.95 Mbit/s (9999.18 Mbit/s with framing)
[0;34m[Device: id=0] TX[0m: 0.8201 Mpps, 9867.96 Mbit/s (9999.19 Mbit/s with framing)
[1;36m[Device: id=1] RX[0m: 0.8201 Mpps, 9867.94 Mbit/s (9999.16 Mbit/s with framing)
[0;34m[Device: id=0] TX[0m: 0.8201 Mpps, 9867.96 Mbit/s (9999.19 Mbit/s with framing)
[1;36m[Device: id=1] RX[0m: 0.8201 Mpps, 9867.96 Mbit/s (9999.18 Mbit/s with framing)
[0;34m[Device: id=0] TX[0m: 0.8201 Mpps, 9867.97 Mbit/s (9999.19 Mbit/s with framing)
[1;36m[Device: id=1] RX[0m: 0.8201 Mpps, 9867.95 Mbit/s (9999.17 Mbit/s with framing)
[0;34m[Device: id=0] TX[0m: 0.8202 Mpps, 9868.44 Mbit/s (9999.66 Mbit/s with framing)
[1;36m[Device: id=1] RX[0m: 0.8201 Mpps, 9867.96 Mbit/s (9999.18 Mbit/s with framing)
[0;34m[Device: id=0] TX[0m: 0.8201 Mpps, 9867.50 Mbit/s (9998.71 Mbit/s with framing)
[1;36m[Device: id=1] RX[0m: 0.8201 Mpps, 9867.94 Mbit/s (9999.17 Mbit/s with framing)
[0;34m[Device: id=0] TX[0m: 0.8201 Mpps, 9867.97 Mbit/s (9999.20 Mbit/s with framing)
[1;36m[Device: id=1] RX[0m: 0.8201 Mpps, 9867.96 Mbit/s (9999.18 Mbit/s with framing)
[0;34m[Device: id=0] TX[0m: 0.8201 Mpps, 9867.96 Mbit/s (9999.18 Mbit/s with framing)
[1;36m[Device: id=1] RX[0m: 0.8201 Mpps, 9867.95 Mbit/s (9999.17 Mbit/s with framing)
[0;34m[Device: id=0] TX[0m: 0.8201 Mpps, 9868.03 Mbit/s (9999.26 Mbit/s with framing)
[1;36m[Device: id=1] RX[0m: 0.8201 Mpps, 9867.95 Mbit/s (9999.18 Mbit/s with framing)
[0;34m[Device: id=0] TX[0m: 0.8202 Mpps, 9868.28 Mbit/s (9999.51 Mbit/s with framing)
[1;36m[Device: id=1] RX[0m: 0.8201 Mpps, 9867.95 Mbit/s (9999.17 Mbit/s with framing)
[0;34m[Device: id=0] TX[0m: 0.8201 Mpps, 9867.58 Mbit/s (9998.80 Mbit/s with framing)
[1;36m[Device: id=1] RX[0m: 0.8201 Mpps, 9867.96 Mbit/s (9999.18 Mbit/s with framing)
[0;34m[Device: id=0] TX[0m: 0.8201 Mpps, 9867.97 Mbit/s (9999.20 Mbit/s with framing)
[1;36m[Device: id=1] RX[0m: 0.8201 Mpps, 9867.95 Mbit/s (9999.18 Mbit/s with framing)
[0;34m[Device: id=0] TX[0m: 0.8201 Mpps, 9867.97 Mbit/s (9999.19 Mbit/s with framing)
[1;36m[Device: id=1] RX[0m: 0.8201 Mpps, 9867.08 Mbit/s (9998.30 Mbit/s with framing)
[0;34m[Device: id=0] TX[0m: 0.8202 Mpps, 9868.35 Mbit/s (9999.58 Mbit/s with framing)
[1;36m[Device: id=1] RX[0m: 0.8201 Mpps, 9867.95 Mbit/s (9999.18 Mbit/s with framing)
[0;34m[Device: id=0] TX[0m: 0.8201 Mpps, 9867.73 Mbit/s (9998.95 Mbit/s with framing)
[1;36m[Device: id=1] RX[0m: 0.8201 Mpps, 9867.95 Mbit/s (9999.17 Mbit/s with framing)
[0;34m[Device: id=0] TX[0m: 0.8201 Mpps, 9867.81 Mbit/s (9999.03 Mbit/s with framing)
[1;36m[Device: id=1] RX[0m: 0.8201 Mpps, 9867.95 Mbit/s (9999.18 Mbit/s with framing)
[0;34m[Device: id=0] TX[0m: 0.8201 Mpps, 9867.97 Mbit/s (9999.19 Mbit/s with framing)
[1;36m[Device: id=1] RX[0m: 0.8201 Mpps, 9867.95 Mbit/s (9999.18 Mbit/s with framing)
[0;34m[Device: id=0] TX[0m: 0.8201 Mpps, 9867.97 Mbit/s (9999.19 Mbit/s with framing)
[1;36m[Device: id=1] RX[0m: 0.8201 Mpps, 9867.94 Mbit/s (9999.17 Mbit/s with framing)
[0;34m[Device: id=0] TX[0m: 0.8201 Mpps, 9867.96 Mbit/s (9999.19 Mbit/s with framing)
30
[1;36m[Device: id=1] RX[0m: 0.5056 Mpps, 6083.55 Mbit/s (6164.45 Mbit/s with framing)
[0;34m[Device: id=0] TX[0m: 0.3516 Mpps, 4230.03 Mbit/s (4286.28 Mbit/s with framing)
[1;36m[Device: id=1] RX[0m: 0.0000 Mpps, 0.00 Mbit/s (0.00 Mbit/s with framing)
30000000
[1;36m[Device: id=1] RX[0m: 0.7891 (StdDev 0.1430) Mpps, 9494.41 (StdDev 1720) Mbit/s (9620.67 Mbit/s with framing), total 29392804 packets with 44206763012 bytes (incl. CRC)
[0;34m[Device: id=0] TX[0m: 0.0000 Mpps, 0.00 Mbit/s (0.00 Mbit/s with framing)
[0;34m[Device: id=0] TX[0m: 0.7853 (StdDev 0.1534) Mpps, 9448.86 (StdDev 1846) Mbit/s (9574.51 Mbit/s with framing), total 30000000 packets with 45120000000 bytes (incl. CRC)
