[1;37m[INFO]  Initializing DPDK. This will take a few seconds...[0m
EAL: Probing VFIO support...
EAL: PCI device 0000:18:00.0 on NUMA socket 0
EAL:   probe driver: 8086:10fb net_ixgbe
EAL: PCI device 0000:18:00.1 on NUMA socket 0
EAL:   probe driver: 8086:10fb net_ixgbe
EAL: PCI device 0000:62:00.0 on NUMA socket 0
EAL:   probe driver: 8086:37d2 net_i40e
EAL: PCI device 0000:62:00.1 on NUMA socket 0
EAL:   probe driver: 8086:37d2 net_i40e
[1;37m[INFO]  Found 3 usable devices:[0m
   Device 0: 00:1B:21:BE:39:14 ([0;32mIntel Corporation 82599ES 10-Gigabit SFI/SFP+ Network Connection[0m)
   Device 1: 00:1B:21:BE:39:16 ([0;32mIntel Corporation 82599ES 10-Gigabit SFI/SFP+ Network Connection[0m)
   Device 2: AC:1F:6B:B9:35:91 ([0;32mIntel Corporation Ethernet Connection X722 for 10GBASE-T[0m)
PMD: ixgbe_dev_link_status_print():  Port 0: Link Down
PMD: ixgbe_dev_link_status_print():  Port 1: Link Down
[1;37m[INFO]  Waiting for devices to come up...[0m
[1;37m[INFO]  Device 0 (00:1B:21:BE:39:14) is up: 10000 MBit/s[0m
[1;37m[INFO]  Device 1 (00:1B:21:BE:39:16) is up: 10000 MBit/s[0m
[1;37m[INFO]  [0;32m2 devices are up.[0m[0m
[1;37m[INFO]  Trying to enable rx timestamping of all packets, this isn't supported by most nics[0m
[0;34m[Device: id=0] TX[0m: 0.5884 Mpps, 320.10 Mbit/s (414.25 Mbit/s with framing)
[1;36m[Device: id=1] RX[0m: 0.1717 Mpps, 93.38 Mbit/s (120.85 Mbit/s with framing)
[0;34m[Device: id=0] TX[0m: 0.6001 Mpps, 326.46 Mbit/s (422.48 Mbit/s with framing)
[1;36m[Device: id=1] RX[0m: 0.5905 Mpps, 321.24 Mbit/s (415.72 Mbit/s with framing)
[0;34m[Device: id=0] TX[0m: 0.6002 Mpps, 326.49 Mbit/s (422.52 Mbit/s with framing)
[1;36m[Device: id=1] RX[0m: 0.6002 Mpps, 326.49 Mbit/s (422.52 Mbit/s with framing)
[0;34m[Device: id=0] TX[0m: 0.6002 Mpps, 326.53 Mbit/s (422.57 Mbit/s with framing)
[1;36m[Device: id=1] RX[0m: 0.6002 Mpps, 326.49 Mbit/s (422.51 Mbit/s with framing)
[1;36m[Device: id=1] RX[0m: 0.6002 Mpps, 326.51 Mbit/s (422.54 Mbit/s with framing)
[0;34m[Device: id=0] TX[0m: 0.6001 Mpps, 326.46 Mbit/s (422.48 Mbit/s with framing)
[1;36m[Device: id=1] RX[0m: 0.6001 Mpps, 326.48 Mbit/s (422.50 Mbit/s with framing)
[0;34m[Device: id=0] TX[0m: 0.6002 Mpps, 326.53 Mbit/s (422.57 Mbit/s with framing)
[1;36m[Device: id=1] RX[0m: 0.6002 Mpps, 326.50 Mbit/s (422.53 Mbit/s with framing)
[0;34m[Device: id=0] TX[0m: 0.6002 Mpps, 326.49 Mbit/s (422.52 Mbit/s with framing)
[1;36m[Device: id=1] RX[0m: 0.6002 Mpps, 326.50 Mbit/s (422.53 Mbit/s with framing)
[0;34m[Device: id=0] TX[0m: 0.6001 Mpps, 326.46 Mbit/s (422.48 Mbit/s with framing)
[1;36m[Device: id=1] RX[0m: 0.6002 Mpps, 326.49 Mbit/s (422.51 Mbit/s with framing)
[0;34m[Device: id=0] TX[0m: 0.6002 Mpps, 326.49 Mbit/s (422.52 Mbit/s with framing)
[1;36m[Device: id=1] RX[0m: 0.6002 Mpps, 326.50 Mbit/s (422.53 Mbit/s with framing)
[0;34m[Device: id=0] TX[0m: 0.6002 Mpps, 326.53 Mbit/s (422.57 Mbit/s with framing)
[1;36m[Device: id=1] RX[0m: 0.6002 Mpps, 326.49 Mbit/s (422.52 Mbit/s with framing)
[0;34m[Device: id=0] TX[0m: 0.6001 Mpps, 326.49 Mbit/s (422.51 Mbit/s with framing)
[1;36m[Device: id=1] RX[0m: 0.6002 Mpps, 326.50 Mbit/s (422.53 Mbit/s with framing)
[0;34m[Device: id=0] TX[0m: 0.6001 Mpps, 326.46 Mbit/s (422.49 Mbit/s with framing)
[1;36m[Device: id=1] RX[0m: 0.6002 Mpps, 326.49 Mbit/s (422.51 Mbit/s with framing)
[0;34m[Device: id=0] TX[0m: 0.6002 Mpps, 326.51 Mbit/s (422.54 Mbit/s with framing)
[1;36m[Device: id=1] RX[0m: 0.6002 Mpps, 326.50 Mbit/s (422.53 Mbit/s with framing)
[0;34m[Device: id=0] TX[0m: 0.6002 Mpps, 326.48 Mbit/s (422.50 Mbit/s with framing)
[1;36m[Device: id=1] RX[0m: 0.6002 Mpps, 326.50 Mbit/s (422.53 Mbit/s with framing)
[0;34m[Device: id=0] TX[0m: 0.6002 Mpps, 326.49 Mbit/s (422.52 Mbit/s with framing)
[1;36m[Device: id=1] RX[0m: 0.6002 Mpps, 326.49 Mbit/s (422.52 Mbit/s with framing)
[0;34m[Device: id=0] TX[0m: 0.6002 Mpps, 326.49 Mbit/s (422.52 Mbit/s with framing)
[1;36m[Device: id=1] RX[0m: 0.6002 Mpps, 326.50 Mbit/s (422.52 Mbit/s with framing)
[0;34m[Device: id=0] TX[0m: 0.6002 Mpps, 326.51 Mbit/s (422.54 Mbit/s with framing)
[1;36m[Device: id=1] RX[0m: 0.6002 Mpps, 326.50 Mbit/s (422.53 Mbit/s with framing)
[0;34m[Device: id=0] TX[0m: 0.6002 Mpps, 326.48 Mbit/s (422.51 Mbit/s with framing)
[1;36m[Device: id=1] RX[0m: 0.6002 Mpps, 326.49 Mbit/s (422.52 Mbit/s with framing)
[0;34m[Device: id=0] TX[0m: 0.6002 Mpps, 326.49 Mbit/s (422.52 Mbit/s with framing)
[1;36m[Device: id=1] RX[0m: 0.6002 Mpps, 326.49 Mbit/s (422.51 Mbit/s with framing)
[0;34m[Device: id=0] TX[0m: 0.6002 Mpps, 326.49 Mbit/s (422.52 Mbit/s with framing)
[1;36m[Device: id=1] RX[0m: 0.6002 Mpps, 326.50 Mbit/s (422.53 Mbit/s with framing)
[0;34m[Device: id=0] TX[0m: 0.6002 Mpps, 326.49 Mbit/s (422.52 Mbit/s with framing)
[1;36m[Device: id=1] RX[0m: 0.6002 Mpps, 326.48 Mbit/s (422.51 Mbit/s with framing)
[0;34m[Device: id=0] TX[0m: 0.6002 Mpps, 326.51 Mbit/s (422.54 Mbit/s with framing)
[1;36m[Device: id=1] RX[0m: 0.6001 Mpps, 326.48 Mbit/s (422.50 Mbit/s with framing)
[0;34m[Device: id=0] TX[0m: 0.6002 Mpps, 326.48 Mbit/s (422.51 Mbit/s with framing)
[1;36m[Device: id=1] RX[0m: 0.6002 Mpps, 326.50 Mbit/s (422.53 Mbit/s with framing)
[0;34m[Device: id=0] TX[0m: 0.6002 Mpps, 326.51 Mbit/s (422.53 Mbit/s with framing)
[1;36m[Device: id=1] RX[0m: 0.6002 Mpps, 326.51 Mbit/s (422.55 Mbit/s with framing)
[0;34m[Device: id=0] TX[0m: 0.6002 Mpps, 326.48 Mbit/s (422.51 Mbit/s with framing)
[1;36m[Device: id=1] RX[0m: 0.6002 Mpps, 326.49 Mbit/s (422.52 Mbit/s with framing)
[0;34m[Device: id=0] TX[0m: 0.6002 Mpps, 326.51 Mbit/s (422.54 Mbit/s with framing)
[1;36m[Device: id=1] RX[0m: 0.6002 Mpps, 326.49 Mbit/s (422.51 Mbit/s with framing)
[0;34m[Device: id=0] TX[0m: 0.6002 Mpps, 326.49 Mbit/s (422.51 Mbit/s with framing)
[1;36m[Device: id=1] RX[0m: 0.6002 Mpps, 326.49 Mbit/s (422.52 Mbit/s with framing)
[0;34m[Device: id=0] TX[0m: 0.6002 Mpps, 326.49 Mbit/s (422.51 Mbit/s with framing)
[1;36m[Device: id=1] RX[0m: 0.6002 Mpps, 326.49 Mbit/s (422.52 Mbit/s with framing)
[0;34m[Device: id=0] TX[0m: 0.6002 Mpps, 326.49 Mbit/s (422.52 Mbit/s with framing)
18
[1;36m[Device: id=1] RX[0m: 0.5873 Mpps, 319.47 Mbit/s (413.43 Mbit/s with framing)
[0;34m[Device: id=0] TX[0m: 0.4970 Mpps, 270.35 Mbit/s (349.87 Mbit/s with framing)
[1;36m[Device: id=1] RX[0m: 0.0000 Mpps, 0.00 Mbit/s (0.00 Mbit/s with framing)
[0;34m[Device: id=0] TX[0m: 0.0000 Mpps, 0.00 Mbit/s (0.00 Mbit/s with framing)
18000000
[1;36m[Device: id=1] RX[0m: 0.5794 (StdDev 0.1095) Mpps, 315.20 (StdDev 60) Mbit/s (407.91 Mbit/s with framing), total 17554351 packets with 1193696024 bytes (incl. CRC)
[0;34m[Device: id=0] TX[0m: 0.5767 (StdDev 0.1105) Mpps, 313.74 (StdDev 60) Mbit/s (406.01 Mbit/s with framing), total 18000000 packets with 1224000000 bytes (incl. CRC)
