[1;37m[INFO]  Initializing DPDK. This will take a few seconds...[0m
EAL: Probing VFIO support...
EAL: PCI device 0000:18:00.0 on NUMA socket 0
EAL:   probe driver: 8086:10fb net_ixgbe
EAL: PCI device 0000:18:00.1 on NUMA socket 0
EAL:   probe driver: 8086:10fb net_ixgbe
EAL: PCI device 0000:62:00.0 on NUMA socket 0
EAL:   probe driver: 8086:37d2 net_i40e
EAL: PCI device 0000:62:00.1 on NUMA socket 0
EAL:   probe driver: 8086:37d2 net_i40e
[1;37m[INFO]  Found 3 usable devices:[0m
   Device 0: 00:1B:21:BE:39:14 ([0;32mIntel Corporation 82599ES 10-Gigabit SFI/SFP+ Network Connection[0m)
   Device 1: 00:1B:21:BE:39:16 ([0;32mIntel Corporation 82599ES 10-Gigabit SFI/SFP+ Network Connection[0m)
   Device 2: AC:1F:6B:B9:35:91 ([0;32mIntel Corporation Ethernet Connection X722 for 10GBASE-T[0m)
PMD: ixgbe_dev_link_status_print():  Port 0: Link Down
PMD: ixgbe_dev_link_status_print():  Port 1: Link Down
[1;37m[INFO]  Waiting for devices to come up...[0m
[1;37m[INFO]  Device 0 (00:1B:21:BE:39:14) is up: 10000 MBit/s[0m
[1;37m[INFO]  Device 1 (00:1B:21:BE:39:16) is up: 10000 MBit/s[0m
[1;37m[INFO]  [0;32m2 devices are up.[0m[0m
[1;37m[INFO]  Trying to enable rx timestamping of all packets, this isn't supported by most nics[0m
[0;34m[Device: id=0] TX[0m: 0.5878 Mpps, 7072.72 Mbit/s (7166.77 Mbit/s with framing)
[1;36m[Device: id=1] RX[0m: 0.1413 Mpps, 1700.04 Mbit/s (1722.64 Mbit/s with framing)
[0;34m[Device: id=0] TX[0m: 0.6001 Mpps, 7220.50 Mbit/s (7316.52 Mbit/s with framing)
[1;36m[Device: id=1] RX[0m: 0.5903 Mpps, 7102.91 Mbit/s (7197.37 Mbit/s with framing)
[0;34m[Device: id=0] TX[0m: 0.6002 Mpps, 7221.20 Mbit/s (7317.23 Mbit/s with framing)
[1;36m[Device: id=1] RX[0m: 0.6001 Mpps, 7220.96 Mbit/s (7316.98 Mbit/s with framing)
[0;34m[Device: id=0] TX[0m: 0.6002 Mpps, 7222.05 Mbit/s (7318.09 Mbit/s with framing)
[1;36m[Device: id=1] RX[0m: 0.6001 Mpps, 7220.59 Mbit/s (7316.61 Mbit/s with framing)
[1;36m[Device: id=1] RX[0m: 0.6002 Mpps, 7221.45 Mbit/s (7317.48 Mbit/s with framing)
[0;34m[Device: id=0] TX[0m: 0.6001 Mpps, 7220.50 Mbit/s (7316.52 Mbit/s with framing)
[1;36m[Device: id=1] RX[0m: 0.6002 Mpps, 7221.24 Mbit/s (7317.26 Mbit/s with framing)
[0;34m[Device: id=0] TX[0m: 0.6002 Mpps, 7222.11 Mbit/s (7318.15 Mbit/s with framing)
[1;36m[Device: id=1] RX[0m: 0.6002 Mpps, 7221.13 Mbit/s (7317.16 Mbit/s with framing)
[0;34m[Device: id=0] TX[0m: 0.6002 Mpps, 7221.23 Mbit/s (7317.26 Mbit/s with framing)
[1;36m[Device: id=1] RX[0m: 0.6002 Mpps, 7221.52 Mbit/s (7317.55 Mbit/s with framing)
[0;34m[Device: id=0] TX[0m: 0.6001 Mpps, 7220.52 Mbit/s (7316.53 Mbit/s with framing)
[1;36m[Device: id=1] RX[0m: 0.6001 Mpps, 7220.98 Mbit/s (7317.00 Mbit/s with framing)
[0;34m[Device: id=0] TX[0m: 0.6002 Mpps, 7222.06 Mbit/s (7318.09 Mbit/s with framing)
[1;36m[Device: id=1] RX[0m: 0.6002 Mpps, 7221.06 Mbit/s (7317.09 Mbit/s with framing)
[0;34m[Device: id=0] TX[0m: 0.6001 Mpps, 7220.49 Mbit/s (7316.51 Mbit/s with framing)
[1;36m[Device: id=1] RX[0m: 0.6002 Mpps, 7221.06 Mbit/s (7317.09 Mbit/s with framing)
[0;34m[Device: id=0] TX[0m: 0.6002 Mpps, 7221.82 Mbit/s (7317.85 Mbit/s with framing)
[1;36m[Device: id=1] RX[0m: 0.6002 Mpps, 7221.47 Mbit/s (7317.50 Mbit/s with framing)
[0;34m[Device: id=0] TX[0m: 0.6002 Mpps, 7221.01 Mbit/s (7317.04 Mbit/s with framing)
[1;36m[Device: id=1] RX[0m: 0.6002 Mpps, 7221.22 Mbit/s (7317.25 Mbit/s with framing)
[0;34m[Device: id=0] TX[0m: 0.6002 Mpps, 7220.97 Mbit/s (7316.99 Mbit/s with framing)
[1;36m[Device: id=1] RX[0m: 0.6002 Mpps, 7221.29 Mbit/s (7317.32 Mbit/s with framing)
[0;34m[Device: id=0] TX[0m: 0.6002 Mpps, 7221.28 Mbit/s (7317.31 Mbit/s with framing)
[1;36m[Device: id=1] RX[0m: 0.6002 Mpps, 7221.55 Mbit/s (7317.59 Mbit/s with framing)
[0;34m[Device: id=0] TX[0m: 0.6002 Mpps, 7221.27 Mbit/s (7317.30 Mbit/s with framing)
[1;36m[Device: id=1] RX[0m: 0.6002 Mpps, 7221.14 Mbit/s (7317.17 Mbit/s with framing)
[0;34m[Device: id=0] TX[0m: 0.6002 Mpps, 7221.62 Mbit/s (7317.65 Mbit/s with framing)
[1;36m[Device: id=1] RX[0m: 0.6002 Mpps, 7221.30 Mbit/s (7317.33 Mbit/s with framing)
[0;34m[Device: id=0] TX[0m: 0.6001 Mpps, 7220.99 Mbit/s (7317.01 Mbit/s with framing)
[1;36m[Device: id=1] RX[0m: 0.6002 Mpps, 7221.30 Mbit/s (7317.33 Mbit/s with framing)
[0;34m[Device: id=0] TX[0m: 0.6002 Mpps, 7221.25 Mbit/s (7317.28 Mbit/s with framing)
[1;36m[Device: id=1] RX[0m: 0.6002 Mpps, 7221.29 Mbit/s (7317.32 Mbit/s with framing)
[0;34m[Device: id=0] TX[0m: 0.6002 Mpps, 7221.27 Mbit/s (7317.30 Mbit/s with framing)
[1;36m[Device: id=1] RX[0m: 0.6001 Mpps, 7221.00 Mbit/s (7317.02 Mbit/s with framing)
[0;34m[Device: id=0] TX[0m: 0.6002 Mpps, 7221.57 Mbit/s (7317.60 Mbit/s with framing)
[1;36m[Device: id=1] RX[0m: 0.6002 Mpps, 7221.30 Mbit/s (7317.33 Mbit/s with framing)
[0;34m[Device: id=0] TX[0m: 0.6002 Mpps, 7221.09 Mbit/s (7317.11 Mbit/s with framing)
[1;36m[Device: id=1] RX[0m: 0.6002 Mpps, 7221.58 Mbit/s (7317.61 Mbit/s with framing)
[0;34m[Device: id=0] TX[0m: 0.6002 Mpps, 7221.19 Mbit/s (7317.21 Mbit/s with framing)
[1;36m[Device: id=1] RX[0m: 0.6002 Mpps, 7221.12 Mbit/s (7317.14 Mbit/s with framing)
[0;34m[Device: id=0] TX[0m: 0.6002 Mpps, 7221.28 Mbit/s (7317.31 Mbit/s with framing)
[1;36m[Device: id=1] RX[0m: 0.6002 Mpps, 7221.34 Mbit/s (7317.37 Mbit/s with framing)
[0;34m[Device: id=0] TX[0m: 0.6002 Mpps, 7221.29 Mbit/s (7317.31 Mbit/s with framing)
[1;36m[Device: id=1] RX[0m: 0.6001 Mpps, 7220.87 Mbit/s (7316.89 Mbit/s with framing)
[0;34m[Device: id=0] TX[0m: 0.6002 Mpps, 7221.59 Mbit/s (7317.62 Mbit/s with framing)
[1;36m[Device: id=1] RX[0m: 0.6002 Mpps, 7221.05 Mbit/s (7317.08 Mbit/s with framing)
[0;34m[Device: id=0] TX[0m: 0.6002 Mpps, 7220.97 Mbit/s (7317.00 Mbit/s with framing)
[1;36m[Device: id=1] RX[0m: 0.6002 Mpps, 7221.47 Mbit/s (7317.50 Mbit/s with framing)
[0;34m[Device: id=0] TX[0m: 0.6002 Mpps, 7221.27 Mbit/s (7317.30 Mbit/s with framing)
[1;36m[Device: id=1] RX[0m: 0.6002 Mpps, 7221.40 Mbit/s (7317.43 Mbit/s with framing)
[0;34m[Device: id=0] TX[0m: 0.6002 Mpps, 7221.28 Mbit/s (7317.31 Mbit/s with framing)
[1;36m[Device: id=1] RX[0m: 0.6002 Mpps, 7221.08 Mbit/s (7317.10 Mbit/s with framing)
[0;34m[Device: id=0] TX[0m: 0.6002 Mpps, 7221.28 Mbit/s (7317.31 Mbit/s with framing)
18
[1;36m[Device: id=1] RX[0m: 0.5875 Mpps, 7069.17 Mbit/s (7163.17 Mbit/s with framing)
[0;34m[Device: id=0] TX[0m: 0.4971 Mpps, 5981.26 Mbit/s (6060.80 Mbit/s with framing)
[1;36m[Device: id=1] RX[0m: 0.0000 Mpps, 0.00 Mbit/s (0.00 Mbit/s with framing)
[0;34m[Device: id=0] TX[0m: 0.0000 Mpps, 0.00 Mbit/s (0.00 Mbit/s with framing)
18000000
[1;36m[Device: id=1] RX[0m: 0.5794 (StdDev 0.1095) Mpps, 6971.50 (StdDev 1317) Mbit/s (7064.20 Mbit/s with framing), total 17523830 packets with 26355826116 bytes (incl. CRC)
[0;34m[Device: id=0] TX[0m: 0.5767 (StdDev 0.1105) Mpps, 6939.21 (StdDev 1330) Mbit/s (7031.48 Mbit/s with framing), total 18000000 packets with 27072000000 bytes (incl. CRC)
