[1;37m[INFO]  Initializing DPDK. This will take a few seconds...[0m
EAL: Probing VFIO support...
EAL: PCI device 0000:18:00.0 on NUMA socket 0
EAL:   probe driver: 8086:10fb net_ixgbe
EAL: PCI device 0000:18:00.1 on NUMA socket 0
EAL:   probe driver: 8086:10fb net_ixgbe
EAL: PCI device 0000:62:00.0 on NUMA socket 0
EAL:   probe driver: 8086:37d2 net_i40e
EAL: PCI device 0000:62:00.1 on NUMA socket 0
EAL:   probe driver: 8086:37d2 net_i40e
[1;37m[INFO]  Found 3 usable devices:[0m
   Device 0: 00:1B:21:BE:39:14 ([0;32mIntel Corporation 82599ES 10-Gigabit SFI/SFP+ Network Connection[0m)
   Device 1: 00:1B:21:BE:39:16 ([0;32mIntel Corporation 82599ES 10-Gigabit SFI/SFP+ Network Connection[0m)
   Device 2: AC:1F:6B:B9:35:91 ([0;32mIntel Corporation Ethernet Connection X722 for 10GBASE-T[0m)
PMD: ixgbe_dev_link_status_print():  Port 0: Link Down
PMD: ixgbe_dev_link_status_print():  Port 1: Link Down
[1;37m[INFO]  Waiting for devices to come up...[0m
[1;37m[INFO]  Device 0 (00:1B:21:BE:39:14) is up: 10000 MBit/s[0m
[1;37m[INFO]  Device 1 (00:1B:21:BE:39:16) is up: 10000 MBit/s[0m
[1;37m[INFO]  [0;32m2 devices are up.[0m[0m
[1;37m[INFO]  Trying to enable rx timestamping of all packets, this isn't supported by most nics[0m
[0;34m[Device: id=0] TX[0m: 0.6870 Mpps, 2835.96 Mbit/s (2945.88 Mbit/s with framing)
[1;36m[Device: id=1] RX[0m: 0.6793 Mpps, 2804.01 Mbit/s (2912.69 Mbit/s with framing)
[0;34m[Device: id=0] TX[0m: 0.7004 Mpps, 2891.20 Mbit/s (3003.27 Mbit/s with framing)
[1;36m[Device: id=1] RX[0m: 0.6890 Mpps, 2843.99 Mbit/s (2954.22 Mbit/s with framing)
[0;34m[Device: id=0] TX[0m: 0.7005 Mpps, 2891.53 Mbit/s (3003.60 Mbit/s with framing)
[1;36m[Device: id=1] RX[0m: 0.7005 Mpps, 2891.53 Mbit/s (3003.61 Mbit/s with framing)
[0;34m[Device: id=0] TX[0m: 0.7005 Mpps, 2891.53 Mbit/s (3003.61 Mbit/s with framing)
[1;36m[Device: id=1] RX[0m: 0.7005 Mpps, 2891.51 Mbit/s (3003.59 Mbit/s with framing)
[0;34m[Device: id=0] TX[0m: 0.7005 Mpps, 2891.85 Mbit/s (3003.94 Mbit/s with framing)
[1;36m[Device: id=1] RX[0m: 0.7005 Mpps, 2891.51 Mbit/s (3003.58 Mbit/s with framing)
[1;36m[Device: id=1] RX[0m: 0.7004 Mpps, 2891.39 Mbit/s (3003.46 Mbit/s with framing)
[0;34m[Device: id=0] TX[0m: 0.7004 Mpps, 2891.22 Mbit/s (3003.28 Mbit/s with framing)
[1;36m[Device: id=1] RX[0m: 0.7005 Mpps, 2891.76 Mbit/s (3003.85 Mbit/s with framing)
[0;34m[Device: id=0] TX[0m: 0.7005 Mpps, 2891.53 Mbit/s (3003.61 Mbit/s with framing)
[1;36m[Device: id=1] RX[0m: 0.7005 Mpps, 2891.48 Mbit/s (3003.55 Mbit/s with framing)
[0;34m[Device: id=0] TX[0m: 0.7005 Mpps, 2891.86 Mbit/s (3003.95 Mbit/s with framing)
[1;36m[Device: id=1] RX[0m: 0.7005 Mpps, 2891.58 Mbit/s (3003.66 Mbit/s with framing)
[0;34m[Device: id=0] TX[0m: 0.7004 Mpps, 2891.20 Mbit/s (3003.27 Mbit/s with framing)
[1;36m[Device: id=1] RX[0m: 0.7005 Mpps, 2891.48 Mbit/s (3003.55 Mbit/s with framing)
[0;34m[Device: id=0] TX[0m: 0.7005 Mpps, 2891.53 Mbit/s (3003.61 Mbit/s with framing)
[1;36m[Device: id=1] RX[0m: 0.7005 Mpps, 2891.54 Mbit/s (3003.62 Mbit/s with framing)
[0;34m[Device: id=0] TX[0m: 0.7006 Mpps, 2892.08 Mbit/s (3004.17 Mbit/s with framing)
[1;36m[Device: id=1] RX[0m: 0.7005 Mpps, 2891.47 Mbit/s (3003.54 Mbit/s with framing)
[0;34m[Device: id=0] TX[0m: 0.7004 Mpps, 2890.98 Mbit/s (3003.03 Mbit/s with framing)
[1;36m[Device: id=1] RX[0m: 0.7005 Mpps, 2891.61 Mbit/s (3003.69 Mbit/s with framing)
[0;34m[Device: id=0] TX[0m: 0.7005 Mpps, 2891.71 Mbit/s (3003.79 Mbit/s with framing)
[1;36m[Device: id=1] RX[0m: 0.7005 Mpps, 2891.58 Mbit/s (3003.66 Mbit/s with framing)
[0;34m[Device: id=0] TX[0m: 0.7004 Mpps, 2891.36 Mbit/s (3003.43 Mbit/s with framing)
[1;36m[Device: id=1] RX[0m: 0.7004 Mpps, 2891.43 Mbit/s (3003.50 Mbit/s with framing)
[0;34m[Device: id=0] TX[0m: 0.7005 Mpps, 2891.53 Mbit/s (3003.61 Mbit/s with framing)
[1;36m[Device: id=1] RX[0m: 0.7005 Mpps, 2891.57 Mbit/s (3003.64 Mbit/s with framing)
[0;34m[Device: id=0] TX[0m: 0.7005 Mpps, 2891.54 Mbit/s (3003.61 Mbit/s with framing)
[1;36m[Device: id=1] RX[0m: 0.7005 Mpps, 2891.61 Mbit/s (3003.69 Mbit/s with framing)
[0;34m[Device: id=0] TX[0m: 0.7005 Mpps, 2891.65 Mbit/s (3003.73 Mbit/s with framing)
[1;36m[Device: id=1] RX[0m: 0.7005 Mpps, 2891.46 Mbit/s (3003.53 Mbit/s with framing)
[0;34m[Device: id=0] TX[0m: 0.7004 Mpps, 2891.42 Mbit/s (3003.49 Mbit/s with framing)
[1;36m[Device: id=1] RX[0m: 0.7005 Mpps, 2891.61 Mbit/s (3003.69 Mbit/s with framing)
[0;34m[Device: id=0] TX[0m: 0.7005 Mpps, 2891.53 Mbit/s (3003.61 Mbit/s with framing)
[1;36m[Device: id=1] RX[0m: 0.7004 Mpps, 2891.41 Mbit/s (3003.48 Mbit/s with framing)
[0;34m[Device: id=0] TX[0m: 0.7005 Mpps, 2891.53 Mbit/s (3003.61 Mbit/s with framing)
[1;36m[Device: id=1] RX[0m: 0.7005 Mpps, 2891.67 Mbit/s (3003.75 Mbit/s with framing)
[0;34m[Device: id=0] TX[0m: 0.7005 Mpps, 2891.66 Mbit/s (3003.73 Mbit/s with framing)
[1;36m[Device: id=1] RX[0m: 0.7005 Mpps, 2891.46 Mbit/s (3003.53 Mbit/s with framing)
[0;34m[Device: id=0] TX[0m: 0.7004 Mpps, 2891.42 Mbit/s (3003.49 Mbit/s with framing)
[1;36m[Device: id=1] RX[0m: 0.7005 Mpps, 2891.54 Mbit/s (3003.61 Mbit/s with framing)
[0;34m[Device: id=0] TX[0m: 0.7005 Mpps, 2891.61 Mbit/s (3003.68 Mbit/s with framing)
[1;36m[Device: id=1] RX[0m: 0.7005 Mpps, 2891.56 Mbit/s (3003.63 Mbit/s with framing)
[0;34m[Device: id=0] TX[0m: 0.7005 Mpps, 2891.46 Mbit/s (3003.53 Mbit/s with framing)
[1;36m[Device: id=1] RX[0m: 0.7005 Mpps, 2891.51 Mbit/s (3003.58 Mbit/s with framing)
[0;34m[Device: id=0] TX[0m: 0.7005 Mpps, 2891.54 Mbit/s (3003.61 Mbit/s with framing)
[1;36m[Device: id=1] RX[0m: 0.7005 Mpps, 2891.56 Mbit/s (3003.63 Mbit/s with framing)
[0;34m[Device: id=0] TX[0m: 0.7005 Mpps, 2891.54 Mbit/s (3003.61 Mbit/s with framing)
[1;36m[Device: id=1] RX[0m: 0.7005 Mpps, 2891.56 Mbit/s (3003.64 Mbit/s with framing)
[0;34m[Device: id=0] TX[0m: 0.7005 Mpps, 2891.64 Mbit/s (3003.72 Mbit/s with framing)
[1;36m[Device: id=1] RX[0m: 0.7004 Mpps, 2891.39 Mbit/s (3003.46 Mbit/s with framing)
[0;34m[Device: id=0] TX[0m: 0.7004 Mpps, 2891.43 Mbit/s (3003.50 Mbit/s with framing)
[1;36m[Device: id=1] RX[0m: 0.7005 Mpps, 2891.65 Mbit/s (3003.73 Mbit/s with framing)
[0;34m[Device: id=0] TX[0m: 0.7005 Mpps, 2891.55 Mbit/s (3003.63 Mbit/s with framing)
21
[1;36m[Device: id=1] RX[0m: 0.6793 Mpps, 2804.25 Mbit/s (2912.94 Mbit/s with framing)
[0;34m[Device: id=0] TX[0m: 0.5765 Mpps, 2379.92 Mbit/s (2472.17 Mbit/s with framing)
[1;36m[Device: id=1] RX[0m: 0.0000 Mpps, 0.00 Mbit/s (0.00 Mbit/s with framing)
[0;34m[Device: id=0] TX[0m: 0.0000 Mpps, 0.00 Mbit/s (0.00 Mbit/s with framing)
21000000
[1;36m[Device: id=1] RX[0m: 0.6760 (StdDev 0.1278) Mpps, 2790.66 (StdDev 527) Mbit/s (2898.82 Mbit/s with framing), total 20960590 packets with 10815660116 bytes (incl. CRC)
[0;34m[Device: id=0] TX[0m: 0.6730 (StdDev 0.1291) Mpps, 2778.08 (StdDev 533) Mbit/s (2885.76 Mbit/s with framing), total 21000000 packets with 10836000000 bytes (incl. CRC)
