[1;37m[INFO]  Initializing DPDK. This will take a few seconds...[0m
EAL: Probing VFIO support...
EAL: PCI device 0000:18:00.0 on NUMA socket 0
EAL:   probe driver: 8086:10fb net_ixgbe
EAL: PCI device 0000:18:00.1 on NUMA socket 0
EAL:   probe driver: 8086:10fb net_ixgbe
EAL: PCI device 0000:62:00.0 on NUMA socket 0
EAL:   probe driver: 8086:37d2 net_i40e
EAL: PCI device 0000:62:00.1 on NUMA socket 0
EAL:   probe driver: 8086:37d2 net_i40e
[1;37m[INFO]  Found 3 usable devices:[0m
   Device 0: 00:1B:21:BE:39:14 ([0;32mIntel Corporation 82599ES 10-Gigabit SFI/SFP+ Network Connection[0m)
   Device 1: 00:1B:21:BE:39:16 ([0;32mIntel Corporation 82599ES 10-Gigabit SFI/SFP+ Network Connection[0m)
   Device 2: AC:1F:6B:B9:35:91 ([0;32mIntel Corporation Ethernet Connection X722 for 10GBASE-T[0m)
PMD: ixgbe_dev_link_status_print():  Port 0: Link Down
PMD: ixgbe_dev_link_status_print():  Port 1: Link Down
[1;37m[INFO]  Waiting for devices to come up...[0m
[1;37m[INFO]  Device 0 (00:1B:21:BE:39:14) is up: 10000 MBit/s[0m
[1;37m[INFO]  Device 1 (00:1B:21:BE:39:16) is up: 10000 MBit/s[0m
[1;37m[INFO]  [0;32m2 devices are up.[0m[0m
[1;37m[INFO]  Trying to enable rx timestamping of all packets, this isn't supported by most nics[0m
[0;34m[Device: id=0] TX[0m: 0.3915 Mpps, 413.42 Mbit/s (476.06 Mbit/s with framing)
[1;36m[Device: id=1] RX[0m: 0.1945 Mpps, 205.39 Mbit/s (236.51 Mbit/s with framing)
[0;34m[Device: id=0] TX[0m: 0.4000 Mpps, 422.36 Mbit/s (486.35 Mbit/s with framing)
[1;36m[Device: id=1] RX[0m: 0.3937 Mpps, 415.75 Mbit/s (478.74 Mbit/s with framing)
[0;34m[Device: id=0] TX[0m: 0.4000 Mpps, 422.40 Mbit/s (486.40 Mbit/s with framing)
[1;36m[Device: id=1] RX[0m: 0.4000 Mpps, 422.42 Mbit/s (486.43 Mbit/s with framing)
[0;34m[Device: id=0] TX[0m: 0.4000 Mpps, 422.45 Mbit/s (486.45 Mbit/s with framing)
[1;36m[Device: id=1] RX[0m: 0.4000 Mpps, 422.38 Mbit/s (486.38 Mbit/s with framing)
[0;34m[Device: id=0] TX[0m: 0.4000 Mpps, 422.36 Mbit/s (486.35 Mbit/s with framing)
[1;36m[Device: id=1] RX[0m: 0.4000 Mpps, 422.41 Mbit/s (486.41 Mbit/s with framing)
[0;34m[Device: id=0] TX[0m: 0.4000 Mpps, 422.45 Mbit/s (486.46 Mbit/s with framing)
[1;36m[Device: id=1] RX[0m: 0.4000 Mpps, 422.40 Mbit/s (486.40 Mbit/s with framing)
[1;36m[Device: id=1] RX[0m: 0.4000 Mpps, 422.39 Mbit/s (486.39 Mbit/s with framing)
[0;34m[Device: id=0] TX[0m: 0.4000 Mpps, 422.40 Mbit/s (486.40 Mbit/s with framing)
[1;36m[Device: id=1] RX[0m: 0.4000 Mpps, 422.43 Mbit/s (486.43 Mbit/s with framing)
[0;34m[Device: id=0] TX[0m: 0.4000 Mpps, 422.35 Mbit/s (486.35 Mbit/s with framing)
[1;36m[Device: id=1] RX[0m: 0.4000 Mpps, 422.41 Mbit/s (486.41 Mbit/s with framing)
[0;34m[Device: id=0] TX[0m: 0.4001 Mpps, 422.48 Mbit/s (486.49 Mbit/s with framing)
[1;36m[Device: id=1] RX[0m: 0.4000 Mpps, 422.39 Mbit/s (486.39 Mbit/s with framing)
[0;34m[Device: id=0] TX[0m: 0.3999 Mpps, 422.33 Mbit/s (486.32 Mbit/s with framing)
[1;36m[Device: id=1] RX[0m: 0.4000 Mpps, 422.38 Mbit/s (486.38 Mbit/s with framing)
[0;34m[Device: id=0] TX[0m: 0.4000 Mpps, 422.42 Mbit/s (486.42 Mbit/s with framing)
[1;36m[Device: id=1] RX[0m: 0.4000 Mpps, 422.41 Mbit/s (486.42 Mbit/s with framing)
[0;34m[Device: id=0] TX[0m: 0.4000 Mpps, 422.38 Mbit/s (486.38 Mbit/s with framing)
[1;36m[Device: id=1] RX[0m: 0.4000 Mpps, 422.39 Mbit/s (486.39 Mbit/s with framing)
[0;34m[Device: id=0] TX[0m: 0.4000 Mpps, 422.42 Mbit/s (486.42 Mbit/s with framing)
[1;36m[Device: id=1] RX[0m: 0.4000 Mpps, 422.40 Mbit/s (486.40 Mbit/s with framing)
[0;34m[Device: id=0] TX[0m: 0.4000 Mpps, 422.38 Mbit/s (486.38 Mbit/s with framing)
[1;36m[Device: id=1] RX[0m: 0.4000 Mpps, 422.41 Mbit/s (486.41 Mbit/s with framing)
[0;34m[Device: id=0] TX[0m: 0.4000 Mpps, 422.40 Mbit/s (486.40 Mbit/s with framing)
[1;36m[Device: id=1] RX[0m: 0.4000 Mpps, 422.38 Mbit/s (486.38 Mbit/s with framing)
[0;34m[Device: id=0] TX[0m: 0.4000 Mpps, 422.40 Mbit/s (486.40 Mbit/s with framing)
[1;36m[Device: id=1] RX[0m: 0.4000 Mpps, 422.41 Mbit/s (486.41 Mbit/s with framing)
[0;34m[Device: id=0] TX[0m: 0.4000 Mpps, 422.42 Mbit/s (486.42 Mbit/s with framing)
[1;36m[Device: id=1] RX[0m: 0.4000 Mpps, 422.42 Mbit/s (486.43 Mbit/s with framing)
[0;34m[Device: id=0] TX[0m: 0.4000 Mpps, 422.39 Mbit/s (486.38 Mbit/s with framing)
[1;36m[Device: id=1] RX[0m: 0.4000 Mpps, 422.39 Mbit/s (486.39 Mbit/s with framing)
[0;34m[Device: id=0] TX[0m: 0.4000 Mpps, 422.40 Mbit/s (486.40 Mbit/s with framing)
[1;36m[Device: id=1] RX[0m: 0.4000 Mpps, 422.43 Mbit/s (486.44 Mbit/s with framing)
[0;34m[Device: id=0] TX[0m: 0.4000 Mpps, 422.40 Mbit/s (486.40 Mbit/s with framing)
[1;36m[Device: id=1] RX[0m: 0.4000 Mpps, 422.36 Mbit/s (486.35 Mbit/s with framing)
[0;34m[Device: id=0] TX[0m: 0.4000 Mpps, 422.40 Mbit/s (486.40 Mbit/s with framing)
[1;36m[Device: id=1] RX[0m: 0.4000 Mpps, 422.43 Mbit/s (486.44 Mbit/s with framing)
[0;34m[Device: id=0] TX[0m: 0.4000 Mpps, 422.42 Mbit/s (486.42 Mbit/s with framing)
[1;36m[Device: id=1] RX[0m: 0.4000 Mpps, 422.38 Mbit/s (486.38 Mbit/s with framing)
[0;34m[Device: id=0] TX[0m: 0.4000 Mpps, 422.38 Mbit/s (486.38 Mbit/s with framing)
[1;36m[Device: id=1] RX[0m: 0.4000 Mpps, 422.41 Mbit/s (486.41 Mbit/s with framing)
[0;34m[Device: id=0] TX[0m: 0.4000 Mpps, 422.40 Mbit/s (486.40 Mbit/s with framing)
[1;36m[Device: id=1] RX[0m: 0.4000 Mpps, 422.41 Mbit/s (486.41 Mbit/s with framing)
[0;34m[Device: id=0] TX[0m: 0.4000 Mpps, 422.40 Mbit/s (486.40 Mbit/s with framing)
[1;36m[Device: id=1] RX[0m: 0.4000 Mpps, 422.38 Mbit/s (486.38 Mbit/s with framing)
[0;34m[Device: id=0] TX[0m: 0.4000 Mpps, 422.42 Mbit/s (486.42 Mbit/s with framing)
[1;36m[Device: id=1] RX[0m: 0.4000 Mpps, 422.44 Mbit/s (486.45 Mbit/s with framing)
[0;34m[Device: id=0] TX[0m: 0.4000 Mpps, 422.39 Mbit/s (486.38 Mbit/s with framing)
[1;36m[Device: id=1] RX[0m: 0.4000 Mpps, 422.39 Mbit/s (486.39 Mbit/s with framing)
[0;34m[Device: id=0] TX[0m: 0.4000 Mpps, 422.40 Mbit/s (486.40 Mbit/s with framing)
[1;36m[Device: id=1] RX[0m: 0.4000 Mpps, 422.40 Mbit/s (486.39 Mbit/s with framing)
[0;34m[Device: id=0] TX[0m: 0.4000 Mpps, 422.41 Mbit/s (486.41 Mbit/s with framing)
12
[1;36m[Device: id=1] RX[0m: 0.3934 Mpps, 415.42 Mbit/s (478.36 Mbit/s with framing)
[0;34m[Device: id=0] TX[0m: 0.3385 Mpps, 357.40 Mbit/s (411.56 Mbit/s with framing)
[1;36m[Device: id=1] RX[0m: 0.0000 Mpps, 0.00 Mbit/s (0.00 Mbit/s with framing)
[0;34m[Device: id=0] TX[0m: 0.0000 Mpps, 0.00 Mbit/s (0.00 Mbit/s with framing)
12000000
[1;36m[Device: id=1] RX[0m: 0.3862 (StdDev 0.0730) Mpps, 407.87 (StdDev 77) Mbit/s (469.67 Mbit/s with framing), total 11781984 packets with 1555221404 bytes (incl. CRC)
[0;34m[Device: id=0] TX[0m: 0.3846 (StdDev 0.0735) Mpps, 406.15 (StdDev 78) Mbit/s (467.69 Mbit/s with framing), total 12000000 packets with 1584000000 bytes (incl. CRC)
