[1;37m[INFO]  Initializing DPDK. This will take a few seconds...[0m
EAL: Probing VFIO support...
EAL: PCI device 0000:18:00.0 on NUMA socket 0
EAL:   probe driver: 8086:10fb net_ixgbe
EAL: PCI device 0000:18:00.1 on NUMA socket 0
EAL:   probe driver: 8086:10fb net_ixgbe
EAL: PCI device 0000:62:00.0 on NUMA socket 0
EAL:   probe driver: 8086:37d2 net_i40e
EAL: PCI device 0000:62:00.1 on NUMA socket 0
EAL:   probe driver: 8086:37d2 net_i40e
[1;37m[INFO]  Found 3 usable devices:[0m
   Device 0: 00:1B:21:BE:39:14 ([0;32mIntel Corporation 82599ES 10-Gigabit SFI/SFP+ Network Connection[0m)
   Device 1: 00:1B:21:BE:39:16 ([0;32mIntel Corporation 82599ES 10-Gigabit SFI/SFP+ Network Connection[0m)
   Device 2: AC:1F:6B:B9:35:91 ([0;32mIntel Corporation Ethernet Connection X722 for 10GBASE-T[0m)
PMD: ixgbe_dev_link_status_print():  Port 0: Link Down
PMD: ixgbe_dev_link_status_print():  Port 1: Link Down
[1;37m[INFO]  Waiting for devices to come up...[0m
[1;37m[INFO]  Device 0 (00:1B:21:BE:39:14) is up: 10000 MBit/s[0m
[1;37m[INFO]  Device 1 (00:1B:21:BE:39:16) is up: 10000 MBit/s[0m
[1;37m[INFO]  [0;32m2 devices are up.[0m[0m
[1;37m[INFO]  Trying to enable rx timestamping of all packets, this isn't supported by most nics[0m
[0;34m[Device: id=0] TX[0m: 1.6693 Mpps, 6890.84 Mbit/s (7157.92 Mbit/s with framing)
[1;36m[Device: id=1] RX[0m: 1.5633 Mpps, 6453.21 Mbit/s (6703.33 Mbit/s with framing)
[0;34m[Device: id=0] TX[0m: 1.7016 Mpps, 7024.31 Mbit/s (7296.57 Mbit/s with framing)
[1;36m[Device: id=1] RX[0m: 1.6736 Mpps, 6908.73 Mbit/s (7176.51 Mbit/s with framing)
[0;34m[Device: id=0] TX[0m: 1.7018 Mpps, 7024.90 Mbit/s (7297.19 Mbit/s with framing)
[1;36m[Device: id=1] RX[0m: 1.7018 Mpps, 7025.00 Mbit/s (7297.28 Mbit/s with framing)
[0;34m[Device: id=0] TX[0m: 1.7018 Mpps, 7024.98 Mbit/s (7297.26 Mbit/s with framing)
[1;36m[Device: id=1] RX[0m: 1.7018 Mpps, 7024.96 Mbit/s (7297.25 Mbit/s with framing)
[0;34m[Device: id=0] TX[0m: 1.7020 Mpps, 7025.71 Mbit/s (7298.02 Mbit/s with framing)
[1;36m[Device: id=1] RX[0m: 1.7012 Mpps, 7022.52 Mbit/s (7294.71 Mbit/s with framing)
[1;36m[Device: id=1] RX[0m: 1.7021 Mpps, 7026.11 Mbit/s (7298.44 Mbit/s with framing)
[0;34m[Device: id=0] TX[0m: 1.7016 Mpps, 7024.25 Mbit/s (7296.51 Mbit/s with framing)
[1;36m[Device: id=1] RX[0m: 1.7018 Mpps, 7025.12 Mbit/s (7297.41 Mbit/s with framing)
[0;34m[Device: id=0] TX[0m: 1.7018 Mpps, 7025.04 Mbit/s (7297.33 Mbit/s with framing)
[1;36m[Device: id=1] RX[0m: 1.7018 Mpps, 7025.12 Mbit/s (7297.41 Mbit/s with framing)
[0;34m[Device: id=0] TX[0m: 1.7018 Mpps, 7024.91 Mbit/s (7297.20 Mbit/s with framing)
[1;36m[Device: id=1] RX[0m: 1.7017 Mpps, 7024.78 Mbit/s (7297.06 Mbit/s with framing)
[0;34m[Device: id=0] TX[0m: 1.7018 Mpps, 7024.98 Mbit/s (7297.26 Mbit/s with framing)
[1;36m[Device: id=1] RX[0m: 1.7019 Mpps, 7025.26 Mbit/s (7297.55 Mbit/s with framing)
[0;34m[Device: id=0] TX[0m: 1.7018 Mpps, 7024.98 Mbit/s (7297.26 Mbit/s with framing)
[1;36m[Device: id=1] RX[0m: 1.7017 Mpps, 7024.64 Mbit/s (7296.92 Mbit/s with framing)
[0;34m[Device: id=0] TX[0m: 1.7021 Mpps, 7026.41 Mbit/s (7298.74 Mbit/s with framing)
[1;36m[Device: id=1] RX[0m: 1.7017 Mpps, 7024.76 Mbit/s (7297.03 Mbit/s with framing)
[0;34m[Device: id=0] TX[0m: 1.7015 Mpps, 7023.51 Mbit/s (7295.75 Mbit/s with framing)
[1;36m[Device: id=1] RX[0m: 1.7018 Mpps, 7025.20 Mbit/s (7297.49 Mbit/s with framing)
[0;34m[Device: id=0] TX[0m: 1.7018 Mpps, 7024.97 Mbit/s (7297.26 Mbit/s with framing)
[1;36m[Device: id=1] RX[0m: 1.7018 Mpps, 7024.99 Mbit/s (7297.28 Mbit/s with framing)
[0;34m[Device: id=0] TX[0m: 1.7018 Mpps, 7024.98 Mbit/s (7297.26 Mbit/s with framing)
[1;36m[Device: id=1] RX[0m: 1.7017 Mpps, 7024.77 Mbit/s (7297.05 Mbit/s with framing)
[0;34m[Device: id=0] TX[0m: 1.7018 Mpps, 7024.98 Mbit/s (7297.26 Mbit/s with framing)
[1;36m[Device: id=1] RX[0m: 1.7018 Mpps, 7024.97 Mbit/s (7297.26 Mbit/s with framing)
[0;34m[Device: id=0] TX[0m: 1.7018 Mpps, 7025.03 Mbit/s (7297.32 Mbit/s with framing)
[1;36m[Device: id=1] RX[0m: 1.7017 Mpps, 7024.67 Mbit/s (7296.94 Mbit/s with framing)
[0;34m[Device: id=0] TX[0m: 1.7018 Mpps, 7024.92 Mbit/s (7297.21 Mbit/s with framing)
[1;36m[Device: id=1] RX[0m: 1.7019 Mpps, 7025.31 Mbit/s (7297.60 Mbit/s with framing)
[0;34m[Device: id=0] TX[0m: 1.7018 Mpps, 7024.98 Mbit/s (7297.26 Mbit/s with framing)
[1;36m[Device: id=1] RX[0m: 1.7018 Mpps, 7024.86 Mbit/s (7297.14 Mbit/s with framing)
[0;34m[Device: id=0] TX[0m: 1.7018 Mpps, 7024.98 Mbit/s (7297.26 Mbit/s with framing)
[1;36m[Device: id=1] RX[0m: 1.7018 Mpps, 7024.89 Mbit/s (7297.18 Mbit/s with framing)
[0;34m[Device: id=0] TX[0m: 1.7018 Mpps, 7024.98 Mbit/s (7297.26 Mbit/s with framing)
[1;36m[Device: id=1] RX[0m: 1.7018 Mpps, 7024.84 Mbit/s (7297.12 Mbit/s with framing)
[0;34m[Device: id=0] TX[0m: 1.7018 Mpps, 7025.21 Mbit/s (7297.50 Mbit/s with framing)
[1;36m[Device: id=1] RX[0m: 1.7018 Mpps, 7025.11 Mbit/s (7297.41 Mbit/s with framing)
[0;34m[Device: id=0] TX[0m: 1.7017 Mpps, 7024.74 Mbit/s (7297.02 Mbit/s with framing)
[1;36m[Device: id=1] RX[0m: 1.7018 Mpps, 7025.03 Mbit/s (7297.32 Mbit/s with framing)
[0;34m[Device: id=0] TX[0m: 1.7018 Mpps, 7024.98 Mbit/s (7297.26 Mbit/s with framing)
[1;36m[Device: id=1] RX[0m: 1.7018 Mpps, 7024.98 Mbit/s (7297.27 Mbit/s with framing)
[0;34m[Device: id=0] TX[0m: 1.7018 Mpps, 7024.98 Mbit/s (7297.26 Mbit/s with framing)
[1;36m[Device: id=1] RX[0m: 1.7018 Mpps, 7024.97 Mbit/s (7297.26 Mbit/s with framing)
[0;34m[Device: id=0] TX[0m: 1.7018 Mpps, 7025.03 Mbit/s (7297.32 Mbit/s with framing)
[1;36m[Device: id=1] RX[0m: 1.7018 Mpps, 7024.98 Mbit/s (7297.26 Mbit/s with framing)
[0;34m[Device: id=0] TX[0m: 1.7018 Mpps, 7024.92 Mbit/s (7297.21 Mbit/s with framing)
[1;36m[Device: id=1] RX[0m: 1.7018 Mpps, 7024.97 Mbit/s (7297.25 Mbit/s with framing)
[0;34m[Device: id=0] TX[0m: 1.7018 Mpps, 7024.98 Mbit/s (7297.27 Mbit/s with framing)
[1;36m[Device: id=1] RX[0m: 1.7018 Mpps, 7024.97 Mbit/s (7297.26 Mbit/s with framing)
[0;34m[Device: id=0] TX[0m: 1.7018 Mpps, 7024.98 Mbit/s (7297.26 Mbit/s with framing)
[1;36m[Device: id=1] RX[0m: 1.7018 Mpps, 7024.98 Mbit/s (7297.27 Mbit/s with framing)
[0;34m[Device: id=0] TX[0m: 1.7018 Mpps, 7024.98 Mbit/s (7297.26 Mbit/s with framing)
51
[1;36m[Device: id=1] RX[0m: 1.6233 Mpps, 6700.84 Mbit/s (6960.57 Mbit/s with framing)
[0;34m[Device: id=0] TX[0m: 1.3725 Mpps, 5665.77 Mbit/s (5885.37 Mbit/s with framing)
[1;36m[Device: id=1] RX[0m: 0.0000 Mpps, 0.00 Mbit/s (0.00 Mbit/s with framing)
[0;34m[Device: id=0] TX[0m: 0.0000 Mpps, 0.00 Mbit/s (0.00 Mbit/s with framing)
51000000
[1;36m[Device: id=1] RX[0m: 1.6415 (StdDev 0.3104) Mpps, 6776.08 (StdDev 1281) Mbit/s (7038.72 Mbit/s with framing), total 50808130 packets with 26216994276 bytes (incl. CRC)
[0;34m[Device: id=0] TX[0m: 1.6341 (StdDev 0.3144) Mpps, 6745.48 (StdDev 1298) Mbit/s (7006.93 Mbit/s with framing), total 51000000 packets with 26316000000 bytes (incl. CRC)
