[1;37m[INFO]  Initializing DPDK. This will take a few seconds...[0m
EAL: Probing VFIO support...
EAL: PCI device 0000:18:00.0 on NUMA socket 0
EAL:   probe driver: 8086:10fb net_ixgbe
EAL: PCI device 0000:18:00.1 on NUMA socket 0
EAL:   probe driver: 8086:10fb net_ixgbe
EAL: PCI device 0000:62:00.0 on NUMA socket 0
EAL:   probe driver: 8086:37d2 net_i40e
EAL: PCI device 0000:62:00.1 on NUMA socket 0
EAL:   probe driver: 8086:37d2 net_i40e
[1;37m[INFO]  Found 3 usable devices:[0m
   Device 0: 00:1B:21:BE:39:14 ([0;32mIntel Corporation 82599ES 10-Gigabit SFI/SFP+ Network Connection[0m)
   Device 1: 00:1B:21:BE:39:16 ([0;32mIntel Corporation 82599ES 10-Gigabit SFI/SFP+ Network Connection[0m)
   Device 2: AC:1F:6B:B9:35:91 ([0;32mIntel Corporation Ethernet Connection X722 for 10GBASE-T[0m)
PMD: ixgbe_dev_link_status_print():  Port 0: Link Down
PMD: ixgbe_dev_link_status_print():  Port 1: Link Down
[1;37m[INFO]  Waiting for devices to come up...[0m
[1;37m[INFO]  Device 0 (00:1B:21:BE:39:14) is up: 10000 MBit/s[0m
[1;37m[INFO]  Device 1 (00:1B:21:BE:39:16) is up: 10000 MBit/s[0m
[1;37m[INFO]  [0;32m2 devices are up.[0m[0m
[1;37m[INFO]  Trying to enable rx timestamping of all packets, this isn't supported by most nics[0m
[0;34m[Device: id=0] TX[0m: 0.8896 Mpps, 9137.54 Mbit/s (9279.87 Mbit/s with framing)
[1;36m[Device: id=1] RX[0m: 0.4837 Mpps, 4968.60 Mbit/s (5046.00 Mbit/s with framing)
[0;34m[Device: id=0] TX[0m: 0.9584 Mpps, 9844.92 Mbit/s (9998.26 Mbit/s with framing)
[1;36m[Device: id=1] RX[0m: 0.9424 Mpps, 9680.84 Mbit/s (9831.64 Mbit/s with framing)
[0;34m[Device: id=0] TX[0m: 0.9585 Mpps, 9845.75 Mbit/s (9999.11 Mbit/s with framing)
[1;36m[Device: id=1] RX[0m: 0.9585 Mpps, 9845.81 Mbit/s (9999.18 Mbit/s with framing)
[0;34m[Device: id=0] TX[0m: 0.9585 Mpps, 9845.83 Mbit/s (9999.19 Mbit/s with framing)
[1;36m[Device: id=1] RX[0m: 0.9585 Mpps, 9845.81 Mbit/s (9999.18 Mbit/s with framing)
[0;34m[Device: id=0] TX[0m: 0.9586 Mpps, 9846.88 Mbit/s (10000.26 Mbit/s with framing)
[1;36m[Device: id=1] RX[0m: 0.9585 Mpps, 9845.82 Mbit/s (9999.18 Mbit/s with framing)
[0;34m[Device: id=0] TX[0m: 0.9584 Mpps, 9844.79 Mbit/s (9998.13 Mbit/s with framing)
[1;36m[Device: id=1] RX[0m: 0.9585 Mpps, 9845.81 Mbit/s (9999.17 Mbit/s with framing)
[1;36m[Device: id=1] RX[0m: 0.9585 Mpps, 9845.82 Mbit/s (9999.18 Mbit/s with framing)
[0;34m[Device: id=0] TX[0m: 0.9585 Mpps, 9845.82 Mbit/s (9999.18 Mbit/s with framing)
[1;36m[Device: id=1] RX[0m: 0.9585 Mpps, 9845.82 Mbit/s (9999.18 Mbit/s with framing)
[0;34m[Device: id=0] TX[0m: 0.9585 Mpps, 9845.83 Mbit/s (9999.19 Mbit/s with framing)
[1;36m[Device: id=1] RX[0m: 0.9585 Mpps, 9845.82 Mbit/s (9999.18 Mbit/s with framing)
[0;34m[Device: id=0] TX[0m: 0.9585 Mpps, 9845.84 Mbit/s (9999.20 Mbit/s with framing)
[1;36m[Device: id=1] RX[0m: 0.9585 Mpps, 9845.82 Mbit/s (9999.18 Mbit/s with framing)
[0;34m[Device: id=0] TX[0m: 0.9585 Mpps, 9845.83 Mbit/s (9999.20 Mbit/s with framing)
[1;36m[Device: id=1] RX[0m: 0.9585 Mpps, 9845.82 Mbit/s (9999.19 Mbit/s with framing)
[0;34m[Device: id=0] TX[0m: 0.9587 Mpps, 9847.75 Mbit/s (10001.14 Mbit/s with framing)
[1;36m[Device: id=1] RX[0m: 0.9585 Mpps, 9845.82 Mbit/s (9999.18 Mbit/s with framing)
[0;34m[Device: id=0] TX[0m: 0.9583 Mpps, 9843.86 Mbit/s (9997.20 Mbit/s with framing)
[1;36m[Device: id=1] RX[0m: 0.9585 Mpps, 9845.81 Mbit/s (9999.18 Mbit/s with framing)
[0;34m[Device: id=0] TX[0m: 0.9585 Mpps, 9845.83 Mbit/s (9999.20 Mbit/s with framing)
[1;36m[Device: id=1] RX[0m: 0.9585 Mpps, 9845.82 Mbit/s (9999.18 Mbit/s with framing)
[0;34m[Device: id=0] TX[0m: 0.9585 Mpps, 9845.83 Mbit/s (9999.19 Mbit/s with framing)
[1;36m[Device: id=1] RX[0m: 0.9585 Mpps, 9845.82 Mbit/s (9999.18 Mbit/s with framing)
[0;34m[Device: id=0] TX[0m: 0.9585 Mpps, 9845.84 Mbit/s (9999.20 Mbit/s with framing)
[1;36m[Device: id=1] RX[0m: 0.9585 Mpps, 9845.82 Mbit/s (9999.18 Mbit/s with framing)
[0;34m[Device: id=0] TX[0m: 0.9585 Mpps, 9845.82 Mbit/s (9999.19 Mbit/s with framing)
[1;36m[Device: id=1] RX[0m: 0.9585 Mpps, 9845.82 Mbit/s (9999.18 Mbit/s with framing)
[0;34m[Device: id=0] TX[0m: 0.9585 Mpps, 9845.83 Mbit/s (9999.20 Mbit/s with framing)
[1;36m[Device: id=1] RX[0m: 0.9585 Mpps, 9845.81 Mbit/s (9999.18 Mbit/s with framing)
[0;34m[Device: id=0] TX[0m: 0.9585 Mpps, 9845.84 Mbit/s (9999.20 Mbit/s with framing)
[1;36m[Device: id=1] RX[0m: 0.9585 Mpps, 9845.83 Mbit/s (9999.19 Mbit/s with framing)
[0;34m[Device: id=0] TX[0m: 0.9585 Mpps, 9845.84 Mbit/s (9999.20 Mbit/s with framing)
[1;36m[Device: id=1] RX[0m: 0.9585 Mpps, 9845.81 Mbit/s (9999.18 Mbit/s with framing)
[0;34m[Device: id=0] TX[0m: 0.9585 Mpps, 9846.19 Mbit/s (9999.55 Mbit/s with framing)
[1;36m[Device: id=1] RX[0m: 0.9585 Mpps, 9845.82 Mbit/s (9999.18 Mbit/s with framing)
[0;34m[Device: id=0] TX[0m: 0.9585 Mpps, 9845.48 Mbit/s (9998.83 Mbit/s with framing)
[1;36m[Device: id=1] RX[0m: 0.9585 Mpps, 9845.81 Mbit/s (9999.18 Mbit/s with framing)
[0;34m[Device: id=0] TX[0m: 0.9585 Mpps, 9845.83 Mbit/s (9999.19 Mbit/s with framing)
[1;36m[Device: id=1] RX[0m: 0.9585 Mpps, 9845.82 Mbit/s (9999.18 Mbit/s with framing)
[0;34m[Device: id=0] TX[0m: 0.9585 Mpps, 9846.08 Mbit/s (9999.44 Mbit/s with framing)
[1;36m[Device: id=1] RX[0m: 0.9585 Mpps, 9845.82 Mbit/s (9999.18 Mbit/s with framing)
[0;34m[Device: id=0] TX[0m: 0.9585 Mpps, 9845.59 Mbit/s (9998.95 Mbit/s with framing)
[1;36m[Device: id=1] RX[0m: 0.9585 Mpps, 9845.82 Mbit/s (9999.18 Mbit/s with framing)
[0;34m[Device: id=0] TX[0m: 0.9585 Mpps, 9845.83 Mbit/s (9999.20 Mbit/s with framing)
[1;36m[Device: id=1] RX[0m: 0.9585 Mpps, 9845.82 Mbit/s (9999.18 Mbit/s with framing)
[0;34m[Device: id=0] TX[0m: 0.9585 Mpps, 9845.83 Mbit/s (9999.19 Mbit/s with framing)
[1;36m[Device: id=1] RX[0m: 0.9585 Mpps, 9845.82 Mbit/s (9999.18 Mbit/s with framing)
[0;34m[Device: id=0] TX[0m: 0.9585 Mpps, 9845.84 Mbit/s (9999.20 Mbit/s with framing)
[1;36m[Device: id=1] RX[0m: 0.9585 Mpps, 9845.82 Mbit/s (9999.18 Mbit/s with framing)
[0;34m[Device: id=0] TX[0m: 0.9585 Mpps, 9845.93 Mbit/s (9999.29 Mbit/s with framing)
[1;36m[Device: id=1] RX[0m: 0.9585 Mpps, 9845.81 Mbit/s (9999.18 Mbit/s with framing)
[0;34m[Device: id=0] TX[0m: 0.9585 Mpps, 9845.74 Mbit/s (9999.10 Mbit/s with framing)
[1;36m[Device: id=1] RX[0m: 0.9585 Mpps, 9845.82 Mbit/s (9999.19 Mbit/s with framing)
[0;34m[Device: id=0] TX[0m: 0.9585 Mpps, 9845.83 Mbit/s (9999.19 Mbit/s with framing)
[1;36m[Device: id=1] RX[0m: 0.9585 Mpps, 9845.81 Mbit/s (9999.18 Mbit/s with framing)
[0;34m[Device: id=0] TX[0m: 0.9585 Mpps, 9845.84 Mbit/s (9999.20 Mbit/s with framing)
[1;36m[Device: id=1] RX[0m: 0.9585 Mpps, 9845.82 Mbit/s (9999.18 Mbit/s with framing)
[0;34m[Device: id=0] TX[0m: 0.9585 Mpps, 9845.82 Mbit/s (9999.19 Mbit/s with framing)
[1;36m[Device: id=1] RX[0m: 0.9585 Mpps, 9845.82 Mbit/s (9999.18 Mbit/s with framing)
[0;34m[Device: id=0] TX[0m: 0.9585 Mpps, 9845.93 Mbit/s (9999.29 Mbit/s with framing)
[1;36m[Device: id=1] RX[0m: 0.9585 Mpps, 9845.82 Mbit/s (9999.18 Mbit/s with framing)
[0;34m[Device: id=0] TX[0m: 0.9585 Mpps, 9845.74 Mbit/s (9999.10 Mbit/s with framing)
[1;36m[Device: id=1] RX[0m: 0.9585 Mpps, 9845.81 Mbit/s (9999.17 Mbit/s with framing)
[0;34m[Device: id=0] TX[0m: 0.9585 Mpps, 9845.83 Mbit/s (9999.19 Mbit/s with framing)
[1;36m[Device: id=1] RX[0m: 0.9585 Mpps, 9845.82 Mbit/s (9999.18 Mbit/s with framing)
[0;34m[Device: id=0] TX[0m: 0.9585 Mpps, 9845.83 Mbit/s (9999.19 Mbit/s with framing)
[1;36m[Device: id=1] RX[0m: 0.9585 Mpps, 9845.83 Mbit/s (9999.19 Mbit/s with framing)
[0;34m[Device: id=0] TX[0m: 0.9585 Mpps, 9845.84 Mbit/s (9999.20 Mbit/s with framing)
[1;36m[Device: id=1] RX[0m: 0.9585 Mpps, 9845.82 Mbit/s (9999.18 Mbit/s with framing)
[0;34m[Device: id=0] TX[0m: 0.9585 Mpps, 9846.20 Mbit/s (9999.57 Mbit/s with framing)
[1;36m[Device: id=1] RX[0m: 0.9585 Mpps, 9845.82 Mbit/s (9999.18 Mbit/s with framing)
[0;34m[Device: id=0] TX[0m: 0.9585 Mpps, 9845.46 Mbit/s (9998.81 Mbit/s with framing)
[1;36m[Device: id=1] RX[0m: 0.9585 Mpps, 9845.81 Mbit/s (9999.17 Mbit/s with framing)
[0;34m[Device: id=0] TX[0m: 0.9585 Mpps, 9846.19 Mbit/s (9999.55 Mbit/s with framing)
[1;36m[Device: id=1] RX[0m: 0.9585 Mpps, 9845.82 Mbit/s (9999.18 Mbit/s with framing)
[0;34m[Device: id=0] TX[0m: 0.9585 Mpps, 9845.48 Mbit/s (9998.83 Mbit/s with framing)
[1;36m[Device: id=1] RX[0m: 0.9585 Mpps, 9845.82 Mbit/s (9999.19 Mbit/s with framing)
[0;34m[Device: id=0] TX[0m: 0.9585 Mpps, 9845.84 Mbit/s (9999.20 Mbit/s with framing)
[1;36m[Device: id=1] RX[0m: 0.9585 Mpps, 9845.81 Mbit/s (9999.18 Mbit/s with framing)
[0;34m[Device: id=0] TX[0m: 0.9585 Mpps, 9845.83 Mbit/s (9999.19 Mbit/s with framing)
[1;36m[Device: id=1] RX[0m: 0.9585 Mpps, 9845.81 Mbit/s (9999.17 Mbit/s with framing)
[0;34m[Device: id=0] TX[0m: 0.9585 Mpps, 9845.83 Mbit/s (9999.19 Mbit/s with framing)
[1;36m[Device: id=1] RX[0m: 0.9585 Mpps, 9845.82 Mbit/s (9999.19 Mbit/s with framing)
[0;34m[Device: id=0] TX[0m: 0.9585 Mpps, 9845.83 Mbit/s (9999.19 Mbit/s with framing)
[1;36m[Device: id=1] RX[0m: 0.9585 Mpps, 9845.82 Mbit/s (9999.18 Mbit/s with framing)
[0;34m[Device: id=0] TX[0m: 0.9585 Mpps, 9845.83 Mbit/s (9999.19 Mbit/s with framing)
[1;36m[Device: id=1] RX[0m: 0.9585 Mpps, 9845.82 Mbit/s (9999.18 Mbit/s with framing)
[0;34m[Device: id=0] TX[0m: 0.9585 Mpps, 9845.84 Mbit/s (9999.20 Mbit/s with framing)
[1;36m[Device: id=1] RX[0m: 0.9585 Mpps, 9845.82 Mbit/s (9999.18 Mbit/s with framing)
[0;34m[Device: id=0] TX[0m: 0.9585 Mpps, 9845.83 Mbit/s (9999.20 Mbit/s with framing)
[1;36m[Device: id=1] RX[0m: 0.9585 Mpps, 9845.82 Mbit/s (9999.18 Mbit/s with framing)
[0;34m[Device: id=0] TX[0m: 0.9585 Mpps, 9845.83 Mbit/s (9999.19 Mbit/s with framing)
[1;36m[Device: id=1] RX[0m: 0.9585 Mpps, 9845.82 Mbit/s (9999.18 Mbit/s with framing)
[0;34m[Device: id=0] TX[0m: 0.9585 Mpps, 9845.84 Mbit/s (9999.20 Mbit/s with framing)
[1;36m[Device: id=1] RX[0m: 0.9585 Mpps, 9845.82 Mbit/s (9999.18 Mbit/s with framing)
[0;34m[Device: id=0] TX[0m: 0.9585 Mpps, 9845.83 Mbit/s (9999.19 Mbit/s with framing)
[1;36m[Device: id=1] RX[0m: 0.9585 Mpps, 9845.82 Mbit/s (9999.18 Mbit/s with framing)
[0;34m[Device: id=0] TX[0m: 0.9585 Mpps, 9845.84 Mbit/s (9999.20 Mbit/s with framing)
[1;36m[Device: id=1] RX[0m: 0.9585 Mpps, 9845.82 Mbit/s (9999.18 Mbit/s with framing)
51
[0;34m[Device: id=0] TX[0m: 0.9286 Mpps, 9538.39 Mbit/s (9686.96 Mbit/s with framing)
[1;36m[Device: id=1] RX[0m: 0.2317 Mpps, 2379.83 Mbit/s (2416.90 Mbit/s with framing)
[0;34m[Device: id=0] TX[0m: 0.0000 Mpps, 0.00 Mbit/s (0.00 Mbit/s with framing)
51000000
[1;36m[Device: id=1] RX[0m: 0.9445 (StdDev 0.0998) Mpps, 9701.84 (StdDev 1025) Mbit/s (9852.96 Mbit/s with framing), total 50541924 packets with 64895818412 bytes (incl. CRC)
[0;34m[Device: id=0] TX[0m: 0.9399 (StdDev 0.1316) Mpps, 9654.24 (StdDev 1352) Mbit/s (9804.62 Mbit/s with framing), total 51000000 packets with 65484000000 bytes (incl. CRC)
